INFO - 2020-09-07 12:16:45 --> Config Class Initialized
INFO - 2020-09-07 12:16:45 --> Hooks Class Initialized
DEBUG - 2020-09-07 12:16:45 --> UTF-8 Support Enabled
INFO - 2020-09-07 12:16:45 --> Utf8 Class Initialized
INFO - 2020-09-07 12:16:45 --> URI Class Initialized
DEBUG - 2020-09-07 12:16:45 --> No URI present. Default controller set.
INFO - 2020-09-07 12:16:45 --> Router Class Initialized
INFO - 2020-09-07 12:16:45 --> Output Class Initialized
INFO - 2020-09-07 12:16:45 --> Security Class Initialized
DEBUG - 2020-09-07 12:16:45 --> Global POST, GET and COOKIE data sanitized
INFO - 2020-09-07 12:16:45 --> Input Class Initialized
INFO - 2020-09-07 12:16:45 --> Language Class Initialized
INFO - 2020-09-07 12:16:45 --> Loader Class Initialized
INFO - 2020-09-07 12:16:45 --> Helper loaded: url_helper
INFO - 2020-09-07 12:16:45 --> Helper loaded: file_helper
INFO - 2020-09-07 12:16:45 --> Helper loaded: string_helper
INFO - 2020-09-07 12:16:45 --> Helper loaded: noti_helper
INFO - 2020-09-07 12:16:45 --> Database Driver Class Initialized
INFO - 2020-09-07 12:16:45 --> Email Class Initialized
DEBUG - 2020-09-07 12:16:45 --> Session: "sess_save_path" is empty; using "session.save_path" value from php.ini.
INFO - 2020-09-07 12:16:45 --> Session: Class initialized using 'files' driver.
INFO - 2020-09-07 12:16:45 --> Controller Class Initialized
INFO - 2020-09-07 12:16:45 --> Model "M_auth" initialized
INFO - 2020-09-07 12:16:45 --> Helper loaded: form_helper
INFO - 2020-09-07 12:16:45 --> Form Validation Class Initialized
DEBUG - 2020-09-07 12:16:45 --> Sc_check class already loaded. Second attempt ignored.
INFO - 2020-09-07 12:16:45 --> Helper loaded: captcha_helper
INFO - 2020-09-07 12:16:45 --> File loaded: C:\xampp\htdocs\scholarship\payment\views\include/header.php
INFO - 2020-09-07 12:16:45 --> File loaded: C:\xampp\htdocs\scholarship\payment\views\include/footer.php
INFO - 2020-09-07 12:16:45 --> File loaded: C:\xampp\htdocs\scholarship\payment\views\include/msg.php
INFO - 2020-09-07 12:16:45 --> File loaded: C:\xampp\htdocs\scholarship\payment\views\auth/login.php
INFO - 2020-09-07 12:16:45 --> Final output sent to browser
DEBUG - 2020-09-07 12:16:45 --> Total execution time: 0.3047
INFO - 2020-09-07 12:18:00 --> Config Class Initialized
INFO - 2020-09-07 12:18:00 --> Hooks Class Initialized
DEBUG - 2020-09-07 12:18:00 --> UTF-8 Support Enabled
INFO - 2020-09-07 12:18:00 --> Utf8 Class Initialized
INFO - 2020-09-07 12:18:00 --> URI Class Initialized
INFO - 2020-09-07 12:18:00 --> Router Class Initialized
INFO - 2020-09-07 12:18:00 --> Output Class Initialized
INFO - 2020-09-07 12:18:00 --> Security Class Initialized
DEBUG - 2020-09-07 12:18:00 --> Global POST, GET and COOKIE data sanitized
INFO - 2020-09-07 12:18:00 --> Input Class Initialized
INFO - 2020-09-07 12:18:00 --> Language Class Initialized
INFO - 2020-09-07 12:18:00 --> Loader Class Initialized
INFO - 2020-09-07 12:18:00 --> Helper loaded: url_helper
INFO - 2020-09-07 12:18:00 --> Helper loaded: file_helper
INFO - 2020-09-07 12:18:00 --> Helper loaded: string_helper
INFO - 2020-09-07 12:18:00 --> Helper loaded: noti_helper
INFO - 2020-09-07 12:18:00 --> Database Driver Class Initialized
INFO - 2020-09-07 12:18:00 --> Email Class Initialized
DEBUG - 2020-09-07 12:18:00 --> Session: "sess_save_path" is empty; using "session.save_path" value from php.ini.
INFO - 2020-09-07 12:18:00 --> Session: Class initialized using 'files' driver.
INFO - 2020-09-07 12:18:00 --> Controller Class Initialized
INFO - 2020-09-07 12:18:00 --> Model "M_auth" initialized
INFO - 2020-09-07 12:18:00 --> Helper loaded: form_helper
INFO - 2020-09-07 12:18:00 --> Form Validation Class Initialized
DEBUG - 2020-09-07 12:18:00 --> Sc_check class already loaded. Second attempt ignored.
INFO - 2020-09-07 12:18:00 --> Helper loaded: captcha_helper
INFO - 2020-09-07 12:18:00 --> File loaded: C:\xampp\htdocs\scholarship\payment\views\include/header.php
INFO - 2020-09-07 12:18:00 --> File loaded: C:\xampp\htdocs\scholarship\payment\views\include/footer.php
INFO - 2020-09-07 12:18:00 --> File loaded: C:\xampp\htdocs\scholarship\payment\views\include/msg.php
INFO - 2020-09-07 12:18:00 --> File loaded: C:\xampp\htdocs\scholarship\payment\views\auth/register.php
INFO - 2020-09-07 12:18:00 --> Final output sent to browser
DEBUG - 2020-09-07 12:18:00 --> Total execution time: 0.3539
INFO - 2020-09-07 12:18:04 --> Config Class Initialized
INFO - 2020-09-07 12:18:04 --> Hooks Class Initialized
DEBUG - 2020-09-07 12:18:04 --> UTF-8 Support Enabled
INFO - 2020-09-07 12:18:04 --> Utf8 Class Initialized
INFO - 2020-09-07 12:18:04 --> URI Class Initialized
INFO - 2020-09-07 12:18:04 --> Router Class Initialized
INFO - 2020-09-07 12:18:04 --> Output Class Initialized
INFO - 2020-09-07 12:18:04 --> Security Class Initialized
DEBUG - 2020-09-07 12:18:04 --> Global POST, GET and COOKIE data sanitized
INFO - 2020-09-07 12:18:04 --> Input Class Initialized
INFO - 2020-09-07 12:18:04 --> Language Class Initialized
INFO - 2020-09-07 12:18:04 --> Loader Class Initialized
INFO - 2020-09-07 12:18:04 --> Helper loaded: url_helper
INFO - 2020-09-07 12:18:04 --> Helper loaded: file_helper
INFO - 2020-09-07 12:18:04 --> Helper loaded: string_helper
INFO - 2020-09-07 12:18:04 --> Helper loaded: noti_helper
INFO - 2020-09-07 12:18:04 --> Database Driver Class Initialized
INFO - 2020-09-07 12:18:04 --> Email Class Initialized
DEBUG - 2020-09-07 12:18:04 --> Session: "sess_save_path" is empty; using "session.save_path" value from php.ini.
INFO - 2020-09-07 12:18:04 --> Session: Class initialized using 'files' driver.
INFO - 2020-09-07 12:18:04 --> Controller Class Initialized
INFO - 2020-09-07 12:18:04 --> Model "M_auth" initialized
INFO - 2020-09-07 12:18:04 --> Helper loaded: form_helper
INFO - 2020-09-07 12:18:04 --> Form Validation Class Initialized
DEBUG - 2020-09-07 12:18:04 --> Sc_check class already loaded. Second attempt ignored.
INFO - 2020-09-07 12:18:04 --> Helper loaded: captcha_helper
INFO - 2020-09-07 12:18:04 --> File loaded: C:\xampp\htdocs\scholarship\payment\views\include/header.php
INFO - 2020-09-07 12:18:04 --> File loaded: C:\xampp\htdocs\scholarship\payment\views\include/footer.php
INFO - 2020-09-07 12:18:04 --> File loaded: C:\xampp\htdocs\scholarship\payment\views\include/msg.php
INFO - 2020-09-07 12:18:04 --> File loaded: C:\xampp\htdocs\scholarship\payment\views\auth/company-request.php
INFO - 2020-09-07 12:18:04 --> Final output sent to browser
DEBUG - 2020-09-07 12:18:04 --> Total execution time: 0.3319
INFO - 2020-09-07 12:18:06 --> Config Class Initialized
INFO - 2020-09-07 12:18:06 --> Hooks Class Initialized
DEBUG - 2020-09-07 12:18:06 --> UTF-8 Support Enabled
INFO - 2020-09-07 12:18:06 --> Utf8 Class Initialized
INFO - 2020-09-07 12:18:06 --> URI Class Initialized
INFO - 2020-09-07 12:18:06 --> Router Class Initialized
INFO - 2020-09-07 12:18:06 --> Output Class Initialized
INFO - 2020-09-07 12:18:06 --> Security Class Initialized
DEBUG - 2020-09-07 12:18:06 --> Global POST, GET and COOKIE data sanitized
INFO - 2020-09-07 12:18:06 --> Input Class Initialized
INFO - 2020-09-07 12:18:06 --> Language Class Initialized
INFO - 2020-09-07 12:18:06 --> Loader Class Initialized
INFO - 2020-09-07 12:18:06 --> Helper loaded: url_helper
INFO - 2020-09-07 12:18:06 --> Helper loaded: file_helper
INFO - 2020-09-07 12:18:06 --> Helper loaded: string_helper
INFO - 2020-09-07 12:18:06 --> Helper loaded: noti_helper
INFO - 2020-09-07 12:18:06 --> Database Driver Class Initialized
INFO - 2020-09-07 12:18:06 --> Email Class Initialized
DEBUG - 2020-09-07 12:18:06 --> Session: "sess_save_path" is empty; using "session.save_path" value from php.ini.
INFO - 2020-09-07 12:18:06 --> Session: Class initialized using 'files' driver.
INFO - 2020-09-07 12:18:06 --> Controller Class Initialized
INFO - 2020-09-07 12:18:06 --> Model "M_auth" initialized
INFO - 2020-09-07 12:18:06 --> Helper loaded: form_helper
INFO - 2020-09-07 12:18:06 --> Form Validation Class Initialized
DEBUG - 2020-09-07 12:18:06 --> Sc_check class already loaded. Second attempt ignored.
INFO - 2020-09-07 12:18:06 --> Helper loaded: captcha_helper
INFO - 2020-09-07 12:18:06 --> File loaded: C:\xampp\htdocs\scholarship\payment\views\include/header.php
INFO - 2020-09-07 12:18:06 --> File loaded: C:\xampp\htdocs\scholarship\payment\views\include/footer.php
INFO - 2020-09-07 12:18:06 --> File loaded: C:\xampp\htdocs\scholarship\payment\views\include/msg.php
INFO - 2020-09-07 12:18:06 --> File loaded: C:\xampp\htdocs\scholarship\payment\views\auth/login.php
INFO - 2020-09-07 12:18:06 --> Final output sent to browser
DEBUG - 2020-09-07 12:18:06 --> Total execution time: 0.3212
INFO - 2020-09-07 12:18:08 --> Config Class Initialized
INFO - 2020-09-07 12:18:08 --> Hooks Class Initialized
DEBUG - 2020-09-07 12:18:08 --> UTF-8 Support Enabled
INFO - 2020-09-07 12:18:08 --> Utf8 Class Initialized
INFO - 2020-09-07 12:18:08 --> URI Class Initialized
INFO - 2020-09-07 12:18:08 --> Router Class Initialized
INFO - 2020-09-07 12:18:08 --> Output Class Initialized
INFO - 2020-09-07 12:18:08 --> Security Class Initialized
DEBUG - 2020-09-07 12:18:08 --> Global POST, GET and COOKIE data sanitized
INFO - 2020-09-07 12:18:08 --> Input Class Initialized
INFO - 2020-09-07 12:18:08 --> Language Class Initialized
INFO - 2020-09-07 12:18:08 --> Loader Class Initialized
INFO - 2020-09-07 12:18:08 --> Helper loaded: url_helper
INFO - 2020-09-07 12:18:08 --> Helper loaded: file_helper
INFO - 2020-09-07 12:18:08 --> Helper loaded: string_helper
INFO - 2020-09-07 12:18:08 --> Helper loaded: noti_helper
INFO - 2020-09-07 12:18:08 --> Database Driver Class Initialized
INFO - 2020-09-07 12:18:08 --> Email Class Initialized
DEBUG - 2020-09-07 12:18:08 --> Session: "sess_save_path" is empty; using "session.save_path" value from php.ini.
INFO - 2020-09-07 12:18:08 --> Session: Class initialized using 'files' driver.
INFO - 2020-09-07 12:18:08 --> Controller Class Initialized
INFO - 2020-09-07 12:18:08 --> Model "M_auth" initialized
INFO - 2020-09-07 12:18:08 --> Helper loaded: form_helper
INFO - 2020-09-07 12:18:08 --> Form Validation Class Initialized
DEBUG - 2020-09-07 12:18:08 --> Sc_check class already loaded. Second attempt ignored.
INFO - 2020-09-07 12:18:08 --> Helper loaded: captcha_helper
INFO - 2020-09-07 12:18:08 --> File loaded: C:\xampp\htdocs\scholarship\payment\views\include/header.php
INFO - 2020-09-07 12:18:08 --> File loaded: C:\xampp\htdocs\scholarship\payment\views\include/footer.php
INFO - 2020-09-07 12:18:08 --> File loaded: C:\xampp\htdocs\scholarship\payment\views\include/msg.php
INFO - 2020-09-07 12:18:08 --> File loaded: C:\xampp\htdocs\scholarship\payment\views\auth/forgot-password.php
INFO - 2020-09-07 12:18:08 --> Final output sent to browser
DEBUG - 2020-09-07 12:18:08 --> Total execution time: 0.3267
