INFO - 2020-08-21 07:28:41 --> Config Class Initialized
INFO - 2020-08-21 07:28:41 --> Hooks Class Initialized
DEBUG - 2020-08-21 07:28:41 --> UTF-8 Support Enabled
INFO - 2020-08-21 07:28:41 --> Utf8 Class Initialized
INFO - 2020-08-21 07:28:41 --> URI Class Initialized
DEBUG - 2020-08-21 07:28:41 --> No URI present. Default controller set.
INFO - 2020-08-21 07:28:41 --> Router Class Initialized
INFO - 2020-08-21 07:28:41 --> Output Class Initialized
INFO - 2020-08-21 07:28:42 --> Security Class Initialized
DEBUG - 2020-08-21 07:28:42 --> Global POST, GET and COOKIE data sanitized
INFO - 2020-08-21 07:28:42 --> Input Class Initialized
INFO - 2020-08-21 07:28:42 --> Language Class Initialized
INFO - 2020-08-21 07:28:42 --> Loader Class Initialized
INFO - 2020-08-21 07:28:42 --> Helper loaded: url_helper
INFO - 2020-08-21 07:28:42 --> Helper loaded: file_helper
INFO - 2020-08-21 07:28:42 --> Helper loaded: string_helper
INFO - 2020-08-21 07:28:42 --> Helper loaded: noti_helper
INFO - 2020-08-21 07:28:42 --> Database Driver Class Initialized
INFO - 2020-08-21 07:28:42 --> Email Class Initialized
DEBUG - 2020-08-21 07:28:42 --> Session: "sess_save_path" is empty; using "session.save_path" value from php.ini.
INFO - 2020-08-21 07:28:42 --> Session: Class initialized using 'files' driver.
INFO - 2020-08-21 07:28:42 --> Controller Class Initialized
INFO - 2020-08-21 07:28:43 --> Model "M_auth" initialized
INFO - 2020-08-21 07:28:43 --> Helper loaded: form_helper
INFO - 2020-08-21 07:28:43 --> Form Validation Class Initialized
DEBUG - 2020-08-21 07:28:43 --> Sc_check class already loaded. Second attempt ignored.
INFO - 2020-08-21 07:28:43 --> Helper loaded: captcha_helper
INFO - 2020-08-21 07:28:43 --> File loaded: C:\xampp\htdocs\scholarship\payment\views\include/header.php
INFO - 2020-08-21 07:28:43 --> File loaded: C:\xampp\htdocs\scholarship\payment\views\include/footer.php
INFO - 2020-08-21 07:28:43 --> File loaded: C:\xampp\htdocs\scholarship\payment\views\include/msg.php
INFO - 2020-08-21 07:28:43 --> File loaded: C:\xampp\htdocs\scholarship\payment\views\auth/login.php
INFO - 2020-08-21 07:28:43 --> Final output sent to browser
DEBUG - 2020-08-21 07:28:43 --> Total execution time: 1.7960
INFO - 2020-08-21 07:30:43 --> Config Class Initialized
INFO - 2020-08-21 07:30:43 --> Hooks Class Initialized
DEBUG - 2020-08-21 07:30:43 --> UTF-8 Support Enabled
INFO - 2020-08-21 07:30:43 --> Utf8 Class Initialized
INFO - 2020-08-21 07:30:43 --> URI Class Initialized
INFO - 2020-08-21 07:30:43 --> Router Class Initialized
INFO - 2020-08-21 07:30:43 --> Output Class Initialized
INFO - 2020-08-21 07:30:43 --> Security Class Initialized
DEBUG - 2020-08-21 07:30:43 --> Global POST, GET and COOKIE data sanitized
INFO - 2020-08-21 07:30:43 --> Input Class Initialized
INFO - 2020-08-21 07:30:43 --> Language Class Initialized
INFO - 2020-08-21 07:30:43 --> Loader Class Initialized
INFO - 2020-08-21 07:30:43 --> Helper loaded: url_helper
INFO - 2020-08-21 07:30:43 --> Helper loaded: file_helper
INFO - 2020-08-21 07:30:43 --> Helper loaded: string_helper
INFO - 2020-08-21 07:30:43 --> Helper loaded: noti_helper
INFO - 2020-08-21 07:30:43 --> Database Driver Class Initialized
INFO - 2020-08-21 07:30:43 --> Email Class Initialized
DEBUG - 2020-08-21 07:30:43 --> Session: "sess_save_path" is empty; using "session.save_path" value from php.ini.
INFO - 2020-08-21 07:30:43 --> Session: Class initialized using 'files' driver.
INFO - 2020-08-21 07:30:43 --> Controller Class Initialized
INFO - 2020-08-21 07:30:43 --> Model "M_auth" initialized
INFO - 2020-08-21 07:30:43 --> Helper loaded: form_helper
INFO - 2020-08-21 07:30:43 --> Form Validation Class Initialized
DEBUG - 2020-08-21 07:30:43 --> Sc_check class already loaded. Second attempt ignored.
INFO - 2020-08-21 07:30:43 --> Helper loaded: captcha_helper
INFO - 2020-08-21 07:30:43 --> Final output sent to browser
DEBUG - 2020-08-21 07:30:43 --> Total execution time: 0.4559
INFO - 2020-08-21 07:30:52 --> Config Class Initialized
INFO - 2020-08-21 07:30:52 --> Hooks Class Initialized
DEBUG - 2020-08-21 07:30:52 --> UTF-8 Support Enabled
INFO - 2020-08-21 07:30:52 --> Utf8 Class Initialized
INFO - 2020-08-21 07:30:52 --> URI Class Initialized
INFO - 2020-08-21 07:30:52 --> Router Class Initialized
INFO - 2020-08-21 07:30:52 --> Output Class Initialized
INFO - 2020-08-21 07:30:52 --> Security Class Initialized
DEBUG - 2020-08-21 07:30:52 --> Global POST, GET and COOKIE data sanitized
INFO - 2020-08-21 07:30:52 --> Input Class Initialized
INFO - 2020-08-21 07:30:52 --> Language Class Initialized
INFO - 2020-08-21 07:30:52 --> Loader Class Initialized
INFO - 2020-08-21 07:30:52 --> Helper loaded: url_helper
INFO - 2020-08-21 07:30:52 --> Helper loaded: file_helper
INFO - 2020-08-21 07:30:52 --> Helper loaded: string_helper
INFO - 2020-08-21 07:30:52 --> Helper loaded: noti_helper
INFO - 2020-08-21 07:30:52 --> Database Driver Class Initialized
INFO - 2020-08-21 07:30:52 --> Email Class Initialized
DEBUG - 2020-08-21 07:30:52 --> Session: "sess_save_path" is empty; using "session.save_path" value from php.ini.
INFO - 2020-08-21 07:30:52 --> Session: Class initialized using 'files' driver.
INFO - 2020-08-21 07:30:52 --> Controller Class Initialized
INFO - 2020-08-21 07:30:52 --> Model "M_auth" initialized
INFO - 2020-08-21 07:30:52 --> Helper loaded: form_helper
INFO - 2020-08-21 07:30:52 --> Form Validation Class Initialized
DEBUG - 2020-08-21 07:30:52 --> Sc_check class already loaded. Second attempt ignored.
INFO - 2020-08-21 07:30:52 --> Helper loaded: captcha_helper
INFO - 2020-08-21 07:30:52 --> Config Class Initialized
INFO - 2020-08-21 07:30:52 --> Hooks Class Initialized
DEBUG - 2020-08-21 07:30:52 --> UTF-8 Support Enabled
INFO - 2020-08-21 07:30:52 --> Utf8 Class Initialized
INFO - 2020-08-21 07:30:52 --> URI Class Initialized
DEBUG - 2020-08-21 07:30:52 --> No URI present. Default controller set.
INFO - 2020-08-21 07:30:52 --> Router Class Initialized
INFO - 2020-08-21 07:30:52 --> Output Class Initialized
INFO - 2020-08-21 07:30:52 --> Security Class Initialized
DEBUG - 2020-08-21 07:30:52 --> Global POST, GET and COOKIE data sanitized
INFO - 2020-08-21 07:30:52 --> Input Class Initialized
INFO - 2020-08-21 07:30:52 --> Language Class Initialized
INFO - 2020-08-21 07:30:52 --> Loader Class Initialized
INFO - 2020-08-21 07:30:52 --> Helper loaded: url_helper
INFO - 2020-08-21 07:30:52 --> Helper loaded: file_helper
INFO - 2020-08-21 07:30:52 --> Helper loaded: string_helper
INFO - 2020-08-21 07:30:52 --> Helper loaded: noti_helper
INFO - 2020-08-21 07:30:52 --> Database Driver Class Initialized
INFO - 2020-08-21 07:30:52 --> Email Class Initialized
DEBUG - 2020-08-21 07:30:52 --> Session: "sess_save_path" is empty; using "session.save_path" value from php.ini.
INFO - 2020-08-21 07:30:52 --> Session: Class initialized using 'files' driver.
INFO - 2020-08-21 07:30:52 --> Controller Class Initialized
INFO - 2020-08-21 07:30:52 --> Model "M_auth" initialized
INFO - 2020-08-21 07:30:52 --> Helper loaded: form_helper
INFO - 2020-08-21 07:30:52 --> Form Validation Class Initialized
DEBUG - 2020-08-21 07:30:52 --> Sc_check class already loaded. Second attempt ignored.
INFO - 2020-08-21 07:30:52 --> Helper loaded: captcha_helper
INFO - 2020-08-21 07:30:52 --> File loaded: C:\xampp\htdocs\scholarship\payment\views\include/header.php
INFO - 2020-08-21 07:30:52 --> File loaded: C:\xampp\htdocs\scholarship\payment\views\include/footer.php
INFO - 2020-08-21 07:30:52 --> File loaded: C:\xampp\htdocs\scholarship\payment\views\include/msg.php
INFO - 2020-08-21 07:30:52 --> File loaded: C:\xampp\htdocs\scholarship\payment\views\auth/login.php
INFO - 2020-08-21 07:30:52 --> Final output sent to browser
DEBUG - 2020-08-21 07:30:53 --> Total execution time: 0.4146
INFO - 2020-08-21 07:31:00 --> Config Class Initialized
INFO - 2020-08-21 07:31:00 --> Hooks Class Initialized
DEBUG - 2020-08-21 07:31:01 --> UTF-8 Support Enabled
INFO - 2020-08-21 07:31:01 --> Utf8 Class Initialized
INFO - 2020-08-21 07:31:01 --> URI Class Initialized
INFO - 2020-08-21 07:31:01 --> Router Class Initialized
INFO - 2020-08-21 07:31:01 --> Output Class Initialized
INFO - 2020-08-21 07:31:01 --> Security Class Initialized
DEBUG - 2020-08-21 07:31:01 --> Global POST, GET and COOKIE data sanitized
INFO - 2020-08-21 07:31:01 --> Input Class Initialized
INFO - 2020-08-21 07:31:01 --> Language Class Initialized
INFO - 2020-08-21 07:31:01 --> Loader Class Initialized
INFO - 2020-08-21 07:31:01 --> Helper loaded: url_helper
INFO - 2020-08-21 07:31:01 --> Helper loaded: file_helper
INFO - 2020-08-21 07:31:01 --> Helper loaded: string_helper
INFO - 2020-08-21 07:31:01 --> Helper loaded: noti_helper
INFO - 2020-08-21 07:31:01 --> Database Driver Class Initialized
INFO - 2020-08-21 07:31:01 --> Email Class Initialized
DEBUG - 2020-08-21 07:31:01 --> Session: "sess_save_path" is empty; using "session.save_path" value from php.ini.
INFO - 2020-08-21 07:31:01 --> Session: Class initialized using 'files' driver.
INFO - 2020-08-21 07:31:01 --> Controller Class Initialized
INFO - 2020-08-21 07:31:01 --> Model "M_auth" initialized
INFO - 2020-08-21 07:31:01 --> Helper loaded: form_helper
INFO - 2020-08-21 07:31:01 --> Form Validation Class Initialized
DEBUG - 2020-08-21 07:31:01 --> Sc_check class already loaded. Second attempt ignored.
INFO - 2020-08-21 07:31:01 --> Helper loaded: captcha_helper
INFO - 2020-08-21 07:31:01 --> Final output sent to browser
DEBUG - 2020-08-21 07:31:01 --> Total execution time: 0.3279
INFO - 2020-08-21 07:31:07 --> Config Class Initialized
INFO - 2020-08-21 07:31:07 --> Hooks Class Initialized
DEBUG - 2020-08-21 07:31:07 --> UTF-8 Support Enabled
INFO - 2020-08-21 07:31:07 --> Utf8 Class Initialized
INFO - 2020-08-21 07:31:07 --> URI Class Initialized
INFO - 2020-08-21 07:31:07 --> Router Class Initialized
INFO - 2020-08-21 07:31:07 --> Output Class Initialized
INFO - 2020-08-21 07:31:08 --> Security Class Initialized
DEBUG - 2020-08-21 07:31:08 --> Global POST, GET and COOKIE data sanitized
INFO - 2020-08-21 07:31:08 --> Input Class Initialized
INFO - 2020-08-21 07:31:08 --> Language Class Initialized
INFO - 2020-08-21 07:31:08 --> Loader Class Initialized
INFO - 2020-08-21 07:31:08 --> Helper loaded: url_helper
INFO - 2020-08-21 07:31:08 --> Helper loaded: file_helper
INFO - 2020-08-21 07:31:08 --> Helper loaded: string_helper
INFO - 2020-08-21 07:31:08 --> Helper loaded: noti_helper
INFO - 2020-08-21 07:31:08 --> Database Driver Class Initialized
INFO - 2020-08-21 07:31:08 --> Email Class Initialized
DEBUG - 2020-08-21 07:31:08 --> Session: "sess_save_path" is empty; using "session.save_path" value from php.ini.
INFO - 2020-08-21 07:31:08 --> Session: Class initialized using 'files' driver.
INFO - 2020-08-21 07:31:08 --> Controller Class Initialized
INFO - 2020-08-21 07:31:08 --> Model "M_auth" initialized
INFO - 2020-08-21 07:31:08 --> Helper loaded: form_helper
INFO - 2020-08-21 07:31:08 --> Form Validation Class Initialized
DEBUG - 2020-08-21 07:31:08 --> Sc_check class already loaded. Second attempt ignored.
INFO - 2020-08-21 07:31:08 --> Helper loaded: captcha_helper
INFO - 2020-08-21 07:31:08 --> Language file loaded: language/english/form_validation_lang.php
INFO - 2020-08-21 07:31:08 --> ---------------------Success -- Industry Logged in with prathwi@5ine.in and IP aaddress ::1 --------------
INFO - 2020-08-21 07:31:08 --> Config Class Initialized
INFO - 2020-08-21 07:31:08 --> Hooks Class Initialized
DEBUG - 2020-08-21 07:31:08 --> UTF-8 Support Enabled
INFO - 2020-08-21 07:31:08 --> Utf8 Class Initialized
INFO - 2020-08-21 07:31:08 --> URI Class Initialized
INFO - 2020-08-21 07:31:08 --> Router Class Initialized
INFO - 2020-08-21 07:31:08 --> Output Class Initialized
INFO - 2020-08-21 07:31:08 --> Security Class Initialized
DEBUG - 2020-08-21 07:31:08 --> Global POST, GET and COOKIE data sanitized
INFO - 2020-08-21 07:31:08 --> Input Class Initialized
INFO - 2020-08-21 07:31:08 --> Language Class Initialized
INFO - 2020-08-21 07:31:08 --> Loader Class Initialized
INFO - 2020-08-21 07:31:08 --> Helper loaded: url_helper
INFO - 2020-08-21 07:31:08 --> Helper loaded: file_helper
INFO - 2020-08-21 07:31:08 --> Helper loaded: string_helper
INFO - 2020-08-21 07:31:08 --> Helper loaded: noti_helper
INFO - 2020-08-21 07:31:08 --> Database Driver Class Initialized
INFO - 2020-08-21 07:31:08 --> Email Class Initialized
DEBUG - 2020-08-21 07:31:08 --> Session: "sess_save_path" is empty; using "session.save_path" value from php.ini.
INFO - 2020-08-21 07:31:08 --> Session: Class initialized using 'files' driver.
INFO - 2020-08-21 07:31:08 --> Controller Class Initialized
INFO - 2020-08-21 07:31:08 --> Model "M_account" initialized
INFO - 2020-08-21 07:31:08 --> Helper loaded: form_helper
INFO - 2020-08-21 07:31:08 --> Form Validation Class Initialized
DEBUG - 2020-08-21 07:31:08 --> Sc_check class already loaded. Second attempt ignored.
INFO - 2020-08-21 07:31:08 --> Model "M_auth" initialized
INFO - 2020-08-21 07:31:08 --> Model "M_payments" initialized
INFO - 2020-08-21 07:31:08 --> File loaded: C:\xampp\htdocs\scholarship\payment\views\include/header.php
INFO - 2020-08-21 07:31:08 --> File loaded: C:\xampp\htdocs\scholarship\payment\views\include/menu.php
INFO - 2020-08-21 07:31:08 --> File loaded: C:\xampp\htdocs\scholarship\payment\views\include/footer.php
INFO - 2020-08-21 07:31:08 --> File loaded: C:\xampp\htdocs\scholarship\payment\views\include/msg.php
INFO - 2020-08-21 07:31:08 --> File loaded: C:\xampp\htdocs\scholarship\payment\views\account/profile.php
INFO - 2020-08-21 07:31:08 --> Final output sent to browser
DEBUG - 2020-08-21 07:31:08 --> Total execution time: 0.5665
INFO - 2020-08-21 07:31:08 --> Config Class Initialized
INFO - 2020-08-21 07:31:08 --> Hooks Class Initialized
DEBUG - 2020-08-21 07:31:08 --> UTF-8 Support Enabled
INFO - 2020-08-21 07:31:08 --> Utf8 Class Initialized
INFO - 2020-08-21 07:31:08 --> URI Class Initialized
INFO - 2020-08-21 07:31:08 --> Router Class Initialized
INFO - 2020-08-21 07:31:09 --> Output Class Initialized
INFO - 2020-08-21 07:31:09 --> Security Class Initialized
DEBUG - 2020-08-21 07:31:09 --> Global POST, GET and COOKIE data sanitized
INFO - 2020-08-21 07:31:09 --> Input Class Initialized
INFO - 2020-08-21 07:31:09 --> Language Class Initialized
ERROR - 2020-08-21 07:31:09 --> 404 Page Not Found: Assets/css
INFO - 2020-08-21 07:31:09 --> Config Class Initialized
INFO - 2020-08-21 07:31:09 --> Hooks Class Initialized
DEBUG - 2020-08-21 07:31:09 --> UTF-8 Support Enabled
INFO - 2020-08-21 07:31:09 --> Utf8 Class Initialized
INFO - 2020-08-21 07:31:09 --> URI Class Initialized
INFO - 2020-08-21 07:31:09 --> Router Class Initialized
INFO - 2020-08-21 07:31:09 --> Output Class Initialized
INFO - 2020-08-21 07:31:09 --> Security Class Initialized
DEBUG - 2020-08-21 07:31:09 --> Global POST, GET and COOKIE data sanitized
INFO - 2020-08-21 07:31:09 --> Input Class Initialized
INFO - 2020-08-21 07:31:09 --> Language Class Initialized
INFO - 2020-08-21 07:31:09 --> Loader Class Initialized
INFO - 2020-08-21 07:31:09 --> Helper loaded: url_helper
INFO - 2020-08-21 07:31:09 --> Helper loaded: file_helper
INFO - 2020-08-21 07:31:09 --> Helper loaded: string_helper
INFO - 2020-08-21 07:31:09 --> Helper loaded: noti_helper
INFO - 2020-08-21 07:31:09 --> Database Driver Class Initialized
INFO - 2020-08-21 07:31:09 --> Email Class Initialized
DEBUG - 2020-08-21 07:31:09 --> Session: "sess_save_path" is empty; using "session.save_path" value from php.ini.
INFO - 2020-08-21 07:31:09 --> Session: Class initialized using 'files' driver.
INFO - 2020-08-21 07:31:09 --> Controller Class Initialized
INFO - 2020-08-21 07:31:09 --> Model "M_auth" initialized
INFO - 2020-08-21 07:31:09 --> Helper loaded: form_helper
INFO - 2020-08-21 07:31:09 --> Form Validation Class Initialized
DEBUG - 2020-08-21 07:31:09 --> Sc_check class already loaded. Second attempt ignored.
INFO - 2020-08-21 07:31:09 --> Helper loaded: captcha_helper
ERROR - 2020-08-21 07:31:09 --> Severity: Warning --> fopen(reg-doc/9a38a4a7da3ce4953aed36f74bf0b964.png): failed to open stream: No such file or directory C:\xampp\htdocs\scholarship\payment\controllers\Auth.php 690
ERROR - 2020-08-21 07:31:09 --> Severity: Warning --> filesize(): stat failed for reg-doc/9a38a4a7da3ce4953aed36f74bf0b964.png C:\xampp\htdocs\scholarship\payment\controllers\Auth.php 692
ERROR - 2020-08-21 07:31:09 --> Severity: Warning --> fpassthru() expects parameter 1 to be resource, boolean given C:\xampp\htdocs\scholarship\payment\controllers\Auth.php 693
INFO - 2020-08-21 07:31:09 --> Final output sent to browser
DEBUG - 2020-08-21 07:31:09 --> Total execution time: 0.4693
INFO - 2020-08-21 07:33:00 --> Config Class Initialized
INFO - 2020-08-21 07:33:00 --> Hooks Class Initialized
DEBUG - 2020-08-21 07:33:00 --> UTF-8 Support Enabled
INFO - 2020-08-21 07:33:00 --> Utf8 Class Initialized
INFO - 2020-08-21 07:33:00 --> URI Class Initialized
INFO - 2020-08-21 07:33:00 --> Router Class Initialized
INFO - 2020-08-21 07:33:00 --> Output Class Initialized
INFO - 2020-08-21 07:33:00 --> Security Class Initialized
DEBUG - 2020-08-21 07:33:00 --> Global POST, GET and COOKIE data sanitized
INFO - 2020-08-21 07:33:00 --> Input Class Initialized
INFO - 2020-08-21 07:33:00 --> Language Class Initialized
INFO - 2020-08-21 07:33:00 --> Loader Class Initialized
INFO - 2020-08-21 07:33:00 --> Helper loaded: url_helper
INFO - 2020-08-21 07:33:00 --> Helper loaded: file_helper
INFO - 2020-08-21 07:33:00 --> Helper loaded: string_helper
INFO - 2020-08-21 07:33:00 --> Helper loaded: noti_helper
INFO - 2020-08-21 07:33:00 --> Database Driver Class Initialized
INFO - 2020-08-21 07:33:00 --> Email Class Initialized
DEBUG - 2020-08-21 07:33:00 --> Session: "sess_save_path" is empty; using "session.save_path" value from php.ini.
INFO - 2020-08-21 07:33:00 --> Session: Class initialized using 'files' driver.
INFO - 2020-08-21 07:33:00 --> Controller Class Initialized
INFO - 2020-08-21 07:33:00 --> Model "M_payments" initialized
INFO - 2020-08-21 07:33:00 --> Model "M_auth" initialized
INFO - 2020-08-21 07:33:00 --> Model "M_account" initialized
INFO - 2020-08-21 07:33:00 --> Helper loaded: text_helper
INFO - 2020-08-21 07:33:00 --> Helper loaded: form_helper
INFO - 2020-08-21 07:33:00 --> Form Validation Class Initialized
INFO - 2020-08-21 07:33:00 --> File loaded: C:\xampp\htdocs\scholarship\payment\views\include/header.php
INFO - 2020-08-21 07:33:00 --> File loaded: C:\xampp\htdocs\scholarship\payment\views\include/footer.php
INFO - 2020-08-21 07:33:00 --> File loaded: C:\xampp\htdocs\scholarship\payment\views\include/msg.php
INFO - 2020-08-21 07:33:00 --> File loaded: C:\xampp\htdocs\scholarship\payment\views\payment/make-payment.php
INFO - 2020-08-21 07:33:00 --> Final output sent to browser
DEBUG - 2020-08-21 07:33:00 --> Total execution time: 0.4652
INFO - 2020-08-21 07:33:00 --> Config Class Initialized
INFO - 2020-08-21 07:33:00 --> Hooks Class Initialized
DEBUG - 2020-08-21 07:33:00 --> UTF-8 Support Enabled
INFO - 2020-08-21 07:33:00 --> Utf8 Class Initialized
INFO - 2020-08-21 07:33:00 --> URI Class Initialized
INFO - 2020-08-21 07:33:00 --> Router Class Initialized
INFO - 2020-08-21 07:33:00 --> Output Class Initialized
INFO - 2020-08-21 07:33:00 --> Security Class Initialized
DEBUG - 2020-08-21 07:33:00 --> Global POST, GET and COOKIE data sanitized
INFO - 2020-08-21 07:33:00 --> Input Class Initialized
INFO - 2020-08-21 07:33:00 --> Language Class Initialized
ERROR - 2020-08-21 07:33:00 --> 404 Page Not Found: Assets/css
INFO - 2020-08-21 07:33:01 --> Config Class Initialized
INFO - 2020-08-21 07:33:01 --> Hooks Class Initialized
DEBUG - 2020-08-21 07:33:01 --> UTF-8 Support Enabled
INFO - 2020-08-21 07:33:01 --> Utf8 Class Initialized
INFO - 2020-08-21 07:33:01 --> URI Class Initialized
INFO - 2020-08-21 07:33:01 --> Router Class Initialized
INFO - 2020-08-21 07:33:01 --> Output Class Initialized
INFO - 2020-08-21 07:33:01 --> Security Class Initialized
DEBUG - 2020-08-21 07:33:01 --> Global POST, GET and COOKIE data sanitized
INFO - 2020-08-21 07:33:01 --> Input Class Initialized
INFO - 2020-08-21 07:33:01 --> Language Class Initialized
ERROR - 2020-08-21 07:33:01 --> 404 Page Not Found: Assets/image
INFO - 2020-08-21 07:33:03 --> Config Class Initialized
INFO - 2020-08-21 07:33:03 --> Hooks Class Initialized
DEBUG - 2020-08-21 07:33:03 --> UTF-8 Support Enabled
INFO - 2020-08-21 07:33:03 --> Utf8 Class Initialized
INFO - 2020-08-21 07:33:03 --> URI Class Initialized
INFO - 2020-08-21 07:33:03 --> Router Class Initialized
INFO - 2020-08-21 07:33:03 --> Output Class Initialized
INFO - 2020-08-21 07:33:03 --> Security Class Initialized
DEBUG - 2020-08-21 07:33:03 --> Global POST, GET and COOKIE data sanitized
INFO - 2020-08-21 07:33:03 --> Input Class Initialized
INFO - 2020-08-21 07:33:03 --> Language Class Initialized
INFO - 2020-08-21 07:33:03 --> Loader Class Initialized
INFO - 2020-08-21 07:33:03 --> Helper loaded: url_helper
INFO - 2020-08-21 07:33:03 --> Helper loaded: file_helper
INFO - 2020-08-21 07:33:03 --> Helper loaded: string_helper
INFO - 2020-08-21 07:33:03 --> Helper loaded: noti_helper
INFO - 2020-08-21 07:33:03 --> Database Driver Class Initialized
INFO - 2020-08-21 07:33:03 --> Email Class Initialized
DEBUG - 2020-08-21 07:33:03 --> Session: "sess_save_path" is empty; using "session.save_path" value from php.ini.
INFO - 2020-08-21 07:33:03 --> Session: Class initialized using 'files' driver.
INFO - 2020-08-21 07:33:03 --> Controller Class Initialized
INFO - 2020-08-21 07:33:03 --> Model "M_account" initialized
INFO - 2020-08-21 07:33:03 --> Helper loaded: form_helper
INFO - 2020-08-21 07:33:03 --> Form Validation Class Initialized
DEBUG - 2020-08-21 07:33:03 --> Sc_check class already loaded. Second attempt ignored.
INFO - 2020-08-21 07:33:03 --> Model "M_auth" initialized
INFO - 2020-08-21 07:33:03 --> Model "M_payments" initialized
INFO - 2020-08-21 07:33:04 --> File loaded: C:\xampp\htdocs\scholarship\payment\views\include/header.php
INFO - 2020-08-21 07:33:04 --> File loaded: C:\xampp\htdocs\scholarship\payment\views\include/menu.php
INFO - 2020-08-21 07:33:04 --> File loaded: C:\xampp\htdocs\scholarship\payment\views\include/footer.php
INFO - 2020-08-21 07:33:04 --> File loaded: C:\xampp\htdocs\scholarship\payment\views\include/msg.php
INFO - 2020-08-21 07:33:04 --> File loaded: C:\xampp\htdocs\scholarship\payment\views\account/profile.php
INFO - 2020-08-21 07:33:04 --> Final output sent to browser
DEBUG - 2020-08-21 07:33:04 --> Total execution time: 0.3516
INFO - 2020-08-21 07:33:04 --> Config Class Initialized
INFO - 2020-08-21 07:33:04 --> Hooks Class Initialized
DEBUG - 2020-08-21 07:33:04 --> UTF-8 Support Enabled
INFO - 2020-08-21 07:33:04 --> Utf8 Class Initialized
INFO - 2020-08-21 07:33:04 --> URI Class Initialized
INFO - 2020-08-21 07:33:04 --> Router Class Initialized
INFO - 2020-08-21 07:33:04 --> Output Class Initialized
INFO - 2020-08-21 07:33:04 --> Security Class Initialized
DEBUG - 2020-08-21 07:33:04 --> Global POST, GET and COOKIE data sanitized
INFO - 2020-08-21 07:33:04 --> Input Class Initialized
INFO - 2020-08-21 07:33:04 --> Language Class Initialized
INFO - 2020-08-21 07:33:04 --> Loader Class Initialized
INFO - 2020-08-21 07:33:04 --> Helper loaded: url_helper
INFO - 2020-08-21 07:33:04 --> Helper loaded: file_helper
INFO - 2020-08-21 07:33:04 --> Helper loaded: string_helper
INFO - 2020-08-21 07:33:04 --> Helper loaded: noti_helper
INFO - 2020-08-21 07:33:04 --> Database Driver Class Initialized
INFO - 2020-08-21 07:33:04 --> Email Class Initialized
DEBUG - 2020-08-21 07:33:04 --> Session: "sess_save_path" is empty; using "session.save_path" value from php.ini.
INFO - 2020-08-21 07:33:04 --> Session: Class initialized using 'files' driver.
INFO - 2020-08-21 07:33:04 --> Controller Class Initialized
INFO - 2020-08-21 07:33:04 --> Model "M_auth" initialized
INFO - 2020-08-21 07:33:04 --> Helper loaded: form_helper
INFO - 2020-08-21 07:33:04 --> Form Validation Class Initialized
DEBUG - 2020-08-21 07:33:04 --> Sc_check class already loaded. Second attempt ignored.
INFO - 2020-08-21 07:33:04 --> Helper loaded: captcha_helper
ERROR - 2020-08-21 07:33:04 --> Severity: Warning --> fopen(reg-doc/9a38a4a7da3ce4953aed36f74bf0b964.png): failed to open stream: No such file or directory C:\xampp\htdocs\scholarship\payment\controllers\Auth.php 690
ERROR - 2020-08-21 07:33:04 --> Severity: Warning --> filesize(): stat failed for reg-doc/9a38a4a7da3ce4953aed36f74bf0b964.png C:\xampp\htdocs\scholarship\payment\controllers\Auth.php 692
ERROR - 2020-08-21 07:33:04 --> Severity: Warning --> fpassthru() expects parameter 1 to be resource, boolean given C:\xampp\htdocs\scholarship\payment\controllers\Auth.php 693
INFO - 2020-08-21 07:33:04 --> Final output sent to browser
DEBUG - 2020-08-21 07:33:04 --> Total execution time: 0.4941
INFO - 2020-08-21 08:04:39 --> Config Class Initialized
INFO - 2020-08-21 08:04:39 --> Hooks Class Initialized
DEBUG - 2020-08-21 08:04:39 --> UTF-8 Support Enabled
INFO - 2020-08-21 08:04:39 --> Utf8 Class Initialized
INFO - 2020-08-21 08:04:39 --> URI Class Initialized
INFO - 2020-08-21 08:04:39 --> Router Class Initialized
INFO - 2020-08-21 08:04:39 --> Output Class Initialized
INFO - 2020-08-21 08:04:39 --> Security Class Initialized
DEBUG - 2020-08-21 08:04:39 --> Global POST, GET and COOKIE data sanitized
INFO - 2020-08-21 08:04:39 --> Input Class Initialized
INFO - 2020-08-21 08:04:39 --> Language Class Initialized
INFO - 2020-08-21 08:04:39 --> Loader Class Initialized
INFO - 2020-08-21 08:04:39 --> Helper loaded: url_helper
INFO - 2020-08-21 08:04:39 --> Helper loaded: file_helper
INFO - 2020-08-21 08:04:39 --> Helper loaded: string_helper
INFO - 2020-08-21 08:04:39 --> Helper loaded: noti_helper
INFO - 2020-08-21 08:04:39 --> Database Driver Class Initialized
INFO - 2020-08-21 08:04:39 --> Email Class Initialized
DEBUG - 2020-08-21 08:04:39 --> Session: "sess_save_path" is empty; using "session.save_path" value from php.ini.
INFO - 2020-08-21 08:04:39 --> Session: Class initialized using 'files' driver.
INFO - 2020-08-21 08:04:39 --> Controller Class Initialized
INFO - 2020-08-21 08:04:39 --> Model "M_account" initialized
INFO - 2020-08-21 08:04:39 --> Helper loaded: form_helper
INFO - 2020-08-21 08:04:39 --> Form Validation Class Initialized
DEBUG - 2020-08-21 08:04:39 --> Sc_check class already loaded. Second attempt ignored.
INFO - 2020-08-21 08:04:39 --> Model "M_auth" initialized
INFO - 2020-08-21 08:04:39 --> Model "M_payments" initialized
INFO - 2020-08-21 08:04:39 --> File loaded: C:\xampp\htdocs\scholarship\payment\views\include/header.php
INFO - 2020-08-21 08:04:39 --> File loaded: C:\xampp\htdocs\scholarship\payment\views\include/menu.php
INFO - 2020-08-21 08:04:39 --> File loaded: C:\xampp\htdocs\scholarship\payment\views\include/footer.php
INFO - 2020-08-21 08:04:39 --> File loaded: C:\xampp\htdocs\scholarship\payment\views\include/msg.php
INFO - 2020-08-21 08:04:39 --> File loaded: C:\xampp\htdocs\scholarship\payment\views\account/profile.php
INFO - 2020-08-21 08:04:39 --> Final output sent to browser
DEBUG - 2020-08-21 08:04:39 --> Total execution time: 0.4396
INFO - 2020-08-21 08:04:39 --> Config Class Initialized
INFO - 2020-08-21 08:04:39 --> Hooks Class Initialized
DEBUG - 2020-08-21 08:04:39 --> UTF-8 Support Enabled
INFO - 2020-08-21 08:04:39 --> Utf8 Class Initialized
INFO - 2020-08-21 08:04:39 --> URI Class Initialized
INFO - 2020-08-21 08:04:39 --> Router Class Initialized
INFO - 2020-08-21 08:04:39 --> Output Class Initialized
INFO - 2020-08-21 08:04:39 --> Security Class Initialized
DEBUG - 2020-08-21 08:04:39 --> Global POST, GET and COOKIE data sanitized
INFO - 2020-08-21 08:04:39 --> Input Class Initialized
INFO - 2020-08-21 08:04:39 --> Language Class Initialized
INFO - 2020-08-21 08:04:39 --> Loader Class Initialized
INFO - 2020-08-21 08:04:39 --> Helper loaded: url_helper
INFO - 2020-08-21 08:04:40 --> Helper loaded: file_helper
INFO - 2020-08-21 08:04:40 --> Helper loaded: string_helper
INFO - 2020-08-21 08:04:40 --> Helper loaded: noti_helper
INFO - 2020-08-21 08:04:40 --> Database Driver Class Initialized
INFO - 2020-08-21 08:04:40 --> Email Class Initialized
DEBUG - 2020-08-21 08:04:40 --> Session: "sess_save_path" is empty; using "session.save_path" value from php.ini.
INFO - 2020-08-21 08:04:40 --> Session: Class initialized using 'files' driver.
INFO - 2020-08-21 08:04:40 --> Controller Class Initialized
INFO - 2020-08-21 08:04:40 --> Model "M_auth" initialized
INFO - 2020-08-21 08:04:40 --> Helper loaded: form_helper
INFO - 2020-08-21 08:04:40 --> Form Validation Class Initialized
DEBUG - 2020-08-21 08:04:40 --> Sc_check class already loaded. Second attempt ignored.
INFO - 2020-08-21 08:04:40 --> Helper loaded: captcha_helper
ERROR - 2020-08-21 08:04:40 --> Severity: Warning --> fopen(reg-doc/9a38a4a7da3ce4953aed36f74bf0b964.png): failed to open stream: No such file or directory C:\xampp\htdocs\scholarship\payment\controllers\Auth.php 690
ERROR - 2020-08-21 08:04:40 --> Severity: Warning --> filesize(): stat failed for reg-doc/9a38a4a7da3ce4953aed36f74bf0b964.png C:\xampp\htdocs\scholarship\payment\controllers\Auth.php 692
ERROR - 2020-08-21 08:04:40 --> Severity: Warning --> fpassthru() expects parameter 1 to be resource, boolean given C:\xampp\htdocs\scholarship\payment\controllers\Auth.php 693
INFO - 2020-08-21 08:04:40 --> Final output sent to browser
DEBUG - 2020-08-21 08:04:40 --> Total execution time: 0.4195
INFO - 2020-08-21 08:04:42 --> Config Class Initialized
INFO - 2020-08-21 08:04:42 --> Hooks Class Initialized
DEBUG - 2020-08-21 08:04:42 --> UTF-8 Support Enabled
INFO - 2020-08-21 08:04:42 --> Utf8 Class Initialized
INFO - 2020-08-21 08:04:42 --> URI Class Initialized
INFO - 2020-08-21 08:04:42 --> Router Class Initialized
INFO - 2020-08-21 08:04:42 --> Output Class Initialized
INFO - 2020-08-21 08:04:42 --> Security Class Initialized
DEBUG - 2020-08-21 08:04:42 --> Global POST, GET and COOKIE data sanitized
INFO - 2020-08-21 08:04:42 --> Input Class Initialized
INFO - 2020-08-21 08:04:42 --> Language Class Initialized
INFO - 2020-08-21 08:04:42 --> Loader Class Initialized
INFO - 2020-08-21 08:04:42 --> Helper loaded: url_helper
INFO - 2020-08-21 08:04:42 --> Helper loaded: file_helper
INFO - 2020-08-21 08:04:42 --> Helper loaded: string_helper
INFO - 2020-08-21 08:04:42 --> Helper loaded: noti_helper
INFO - 2020-08-21 08:04:42 --> Database Driver Class Initialized
INFO - 2020-08-21 08:04:42 --> Email Class Initialized
DEBUG - 2020-08-21 08:04:42 --> Session: "sess_save_path" is empty; using "session.save_path" value from php.ini.
INFO - 2020-08-21 08:04:42 --> Session: Class initialized using 'files' driver.
INFO - 2020-08-21 08:04:42 --> Controller Class Initialized
INFO - 2020-08-21 08:04:42 --> Model "M_payments" initialized
INFO - 2020-08-21 08:04:42 --> Model "M_auth" initialized
INFO - 2020-08-21 08:04:42 --> Model "M_account" initialized
INFO - 2020-08-21 08:04:42 --> Helper loaded: text_helper
INFO - 2020-08-21 08:04:42 --> Helper loaded: form_helper
INFO - 2020-08-21 08:04:42 --> Form Validation Class Initialized
INFO - 2020-08-21 08:04:42 --> File loaded: C:\xampp\htdocs\scholarship\payment\views\include/header.php
INFO - 2020-08-21 08:04:42 --> File loaded: C:\xampp\htdocs\scholarship\payment\views\include/footer.php
INFO - 2020-08-21 08:04:42 --> File loaded: C:\xampp\htdocs\scholarship\payment\views\include/msg.php
INFO - 2020-08-21 08:04:42 --> File loaded: C:\xampp\htdocs\scholarship\payment\views\payment/make-payment.php
INFO - 2020-08-21 08:04:42 --> Final output sent to browser
DEBUG - 2020-08-21 08:04:42 --> Total execution time: 0.3192
INFO - 2020-08-21 08:04:42 --> Config Class Initialized
INFO - 2020-08-21 08:04:42 --> Hooks Class Initialized
DEBUG - 2020-08-21 08:04:42 --> UTF-8 Support Enabled
INFO - 2020-08-21 08:04:43 --> Utf8 Class Initialized
INFO - 2020-08-21 08:04:43 --> URI Class Initialized
INFO - 2020-08-21 08:04:43 --> Router Class Initialized
INFO - 2020-08-21 08:04:43 --> Output Class Initialized
INFO - 2020-08-21 08:04:43 --> Security Class Initialized
DEBUG - 2020-08-21 08:04:43 --> Global POST, GET and COOKIE data sanitized
INFO - 2020-08-21 08:04:43 --> Input Class Initialized
INFO - 2020-08-21 08:04:43 --> Language Class Initialized
ERROR - 2020-08-21 08:04:43 --> 404 Page Not Found: Assets/image
INFO - 2020-08-21 08:04:52 --> Config Class Initialized
INFO - 2020-08-21 08:04:52 --> Hooks Class Initialized
DEBUG - 2020-08-21 08:04:52 --> UTF-8 Support Enabled
INFO - 2020-08-21 08:04:52 --> Utf8 Class Initialized
INFO - 2020-08-21 08:04:52 --> URI Class Initialized
INFO - 2020-08-21 08:04:52 --> Router Class Initialized
INFO - 2020-08-21 08:04:52 --> Output Class Initialized
INFO - 2020-08-21 08:04:52 --> Security Class Initialized
DEBUG - 2020-08-21 08:04:52 --> Global POST, GET and COOKIE data sanitized
INFO - 2020-08-21 08:04:52 --> Input Class Initialized
INFO - 2020-08-21 08:04:52 --> Language Class Initialized
INFO - 2020-08-21 08:04:52 --> Loader Class Initialized
INFO - 2020-08-21 08:04:52 --> Helper loaded: url_helper
INFO - 2020-08-21 08:04:52 --> Helper loaded: file_helper
INFO - 2020-08-21 08:04:53 --> Helper loaded: string_helper
INFO - 2020-08-21 08:04:53 --> Helper loaded: noti_helper
INFO - 2020-08-21 08:04:53 --> Database Driver Class Initialized
INFO - 2020-08-21 08:04:53 --> Email Class Initialized
DEBUG - 2020-08-21 08:04:53 --> Session: "sess_save_path" is empty; using "session.save_path" value from php.ini.
INFO - 2020-08-21 08:04:53 --> Session: Class initialized using 'files' driver.
INFO - 2020-08-21 08:04:53 --> Controller Class Initialized
INFO - 2020-08-21 08:04:53 --> Model "M_account" initialized
INFO - 2020-08-21 08:04:53 --> Helper loaded: form_helper
INFO - 2020-08-21 08:04:53 --> Form Validation Class Initialized
DEBUG - 2020-08-21 08:04:53 --> Sc_check class already loaded. Second attempt ignored.
INFO - 2020-08-21 08:04:53 --> Model "M_auth" initialized
INFO - 2020-08-21 08:04:53 --> Model "M_payments" initialized
INFO - 2020-08-21 08:04:53 --> File loaded: C:\xampp\htdocs\scholarship\payment\views\include/header.php
INFO - 2020-08-21 08:04:53 --> File loaded: C:\xampp\htdocs\scholarship\payment\views\include/menu.php
INFO - 2020-08-21 08:04:53 --> File loaded: C:\xampp\htdocs\scholarship\payment\views\include/footer.php
INFO - 2020-08-21 08:04:53 --> File loaded: C:\xampp\htdocs\scholarship\payment\views\include/msg.php
INFO - 2020-08-21 08:04:53 --> File loaded: C:\xampp\htdocs\scholarship\payment\views\account/profile.php
INFO - 2020-08-21 08:04:53 --> Final output sent to browser
DEBUG - 2020-08-21 08:04:53 --> Total execution time: 0.3275
INFO - 2020-08-21 08:04:53 --> Config Class Initialized
INFO - 2020-08-21 08:04:53 --> Hooks Class Initialized
DEBUG - 2020-08-21 08:04:53 --> UTF-8 Support Enabled
INFO - 2020-08-21 08:04:53 --> Utf8 Class Initialized
INFO - 2020-08-21 08:04:53 --> URI Class Initialized
INFO - 2020-08-21 08:04:53 --> Router Class Initialized
INFO - 2020-08-21 08:04:53 --> Output Class Initialized
INFO - 2020-08-21 08:04:53 --> Security Class Initialized
DEBUG - 2020-08-21 08:04:53 --> Global POST, GET and COOKIE data sanitized
INFO - 2020-08-21 08:04:53 --> Input Class Initialized
INFO - 2020-08-21 08:04:53 --> Language Class Initialized
INFO - 2020-08-21 08:04:53 --> Loader Class Initialized
INFO - 2020-08-21 08:04:53 --> Helper loaded: url_helper
INFO - 2020-08-21 08:04:53 --> Helper loaded: file_helper
INFO - 2020-08-21 08:04:53 --> Helper loaded: string_helper
INFO - 2020-08-21 08:04:53 --> Helper loaded: noti_helper
INFO - 2020-08-21 08:04:53 --> Database Driver Class Initialized
INFO - 2020-08-21 08:04:53 --> Email Class Initialized
DEBUG - 2020-08-21 08:04:53 --> Session: "sess_save_path" is empty; using "session.save_path" value from php.ini.
INFO - 2020-08-21 08:04:53 --> Session: Class initialized using 'files' driver.
INFO - 2020-08-21 08:04:53 --> Controller Class Initialized
INFO - 2020-08-21 08:04:53 --> Model "M_auth" initialized
INFO - 2020-08-21 08:04:53 --> Helper loaded: form_helper
INFO - 2020-08-21 08:04:53 --> Form Validation Class Initialized
DEBUG - 2020-08-21 08:04:53 --> Sc_check class already loaded. Second attempt ignored.
INFO - 2020-08-21 08:04:53 --> Helper loaded: captcha_helper
ERROR - 2020-08-21 08:04:53 --> Severity: Warning --> fopen(reg-doc/9a38a4a7da3ce4953aed36f74bf0b964.png): failed to open stream: No such file or directory C:\xampp\htdocs\scholarship\payment\controllers\Auth.php 690
ERROR - 2020-08-21 08:04:53 --> Severity: Warning --> filesize(): stat failed for reg-doc/9a38a4a7da3ce4953aed36f74bf0b964.png C:\xampp\htdocs\scholarship\payment\controllers\Auth.php 692
ERROR - 2020-08-21 08:04:53 --> Severity: Warning --> fpassthru() expects parameter 1 to be resource, boolean given C:\xampp\htdocs\scholarship\payment\controllers\Auth.php 693
INFO - 2020-08-21 08:04:53 --> Final output sent to browser
DEBUG - 2020-08-21 08:04:53 --> Total execution time: 0.4795
INFO - 2020-08-21 08:04:57 --> Config Class Initialized
INFO - 2020-08-21 08:04:57 --> Hooks Class Initialized
DEBUG - 2020-08-21 08:04:57 --> UTF-8 Support Enabled
INFO - 2020-08-21 08:04:57 --> Utf8 Class Initialized
INFO - 2020-08-21 08:04:57 --> URI Class Initialized
INFO - 2020-08-21 08:04:57 --> Router Class Initialized
INFO - 2020-08-21 08:04:57 --> Output Class Initialized
INFO - 2020-08-21 08:04:57 --> Security Class Initialized
DEBUG - 2020-08-21 08:04:57 --> Global POST, GET and COOKIE data sanitized
INFO - 2020-08-21 08:04:57 --> Input Class Initialized
INFO - 2020-08-21 08:04:57 --> Language Class Initialized
INFO - 2020-08-21 08:04:57 --> Loader Class Initialized
INFO - 2020-08-21 08:04:57 --> Helper loaded: url_helper
INFO - 2020-08-21 08:04:57 --> Helper loaded: file_helper
INFO - 2020-08-21 08:04:57 --> Helper loaded: string_helper
INFO - 2020-08-21 08:04:57 --> Helper loaded: noti_helper
INFO - 2020-08-21 08:04:57 --> Database Driver Class Initialized
INFO - 2020-08-21 08:04:57 --> Email Class Initialized
DEBUG - 2020-08-21 08:04:57 --> Session: "sess_save_path" is empty; using "session.save_path" value from php.ini.
INFO - 2020-08-21 08:04:57 --> Session: Class initialized using 'files' driver.
INFO - 2020-08-21 08:04:57 --> Controller Class Initialized
INFO - 2020-08-21 08:04:57 --> Model "M_payments" initialized
INFO - 2020-08-21 08:04:57 --> Model "M_auth" initialized
INFO - 2020-08-21 08:04:57 --> Model "M_account" initialized
INFO - 2020-08-21 08:04:57 --> Helper loaded: text_helper
INFO - 2020-08-21 08:04:57 --> Helper loaded: form_helper
INFO - 2020-08-21 08:04:57 --> Form Validation Class Initialized
INFO - 2020-08-21 08:04:57 --> File loaded: C:\xampp\htdocs\scholarship\payment\views\include/header.php
INFO - 2020-08-21 08:04:57 --> File loaded: C:\xampp\htdocs\scholarship\payment\views\include/footer.php
INFO - 2020-08-21 08:04:57 --> File loaded: C:\xampp\htdocs\scholarship\payment\views\include/msg.php
INFO - 2020-08-21 08:04:57 --> File loaded: C:\xampp\htdocs\scholarship\payment\views\payment/make-payment.php
INFO - 2020-08-21 08:04:57 --> Final output sent to browser
DEBUG - 2020-08-21 08:04:57 --> Total execution time: 0.3072
INFO - 2020-08-21 08:04:57 --> Config Class Initialized
INFO - 2020-08-21 08:04:57 --> Hooks Class Initialized
DEBUG - 2020-08-21 08:04:57 --> UTF-8 Support Enabled
INFO - 2020-08-21 08:04:57 --> Utf8 Class Initialized
INFO - 2020-08-21 08:04:57 --> URI Class Initialized
INFO - 2020-08-21 08:04:57 --> Router Class Initialized
INFO - 2020-08-21 08:04:57 --> Output Class Initialized
INFO - 2020-08-21 08:04:57 --> Security Class Initialized
DEBUG - 2020-08-21 08:04:57 --> Global POST, GET and COOKIE data sanitized
INFO - 2020-08-21 08:04:57 --> Input Class Initialized
INFO - 2020-08-21 08:04:57 --> Language Class Initialized
ERROR - 2020-08-21 08:04:58 --> 404 Page Not Found: Assets/image
INFO - 2020-08-21 08:05:02 --> Config Class Initialized
INFO - 2020-08-21 08:05:02 --> Hooks Class Initialized
DEBUG - 2020-08-21 08:05:02 --> UTF-8 Support Enabled
INFO - 2020-08-21 08:05:02 --> Utf8 Class Initialized
INFO - 2020-08-21 08:05:02 --> URI Class Initialized
INFO - 2020-08-21 08:05:02 --> Router Class Initialized
INFO - 2020-08-21 08:05:02 --> Output Class Initialized
INFO - 2020-08-21 08:05:03 --> Security Class Initialized
DEBUG - 2020-08-21 08:05:03 --> Global POST, GET and COOKIE data sanitized
INFO - 2020-08-21 08:05:03 --> Input Class Initialized
INFO - 2020-08-21 08:05:03 --> Language Class Initialized
INFO - 2020-08-21 08:05:03 --> Loader Class Initialized
INFO - 2020-08-21 08:05:03 --> Helper loaded: url_helper
INFO - 2020-08-21 08:05:03 --> Helper loaded: file_helper
INFO - 2020-08-21 08:05:03 --> Helper loaded: string_helper
INFO - 2020-08-21 08:05:03 --> Helper loaded: noti_helper
INFO - 2020-08-21 08:05:03 --> Database Driver Class Initialized
INFO - 2020-08-21 08:05:03 --> Email Class Initialized
DEBUG - 2020-08-21 08:05:03 --> Session: "sess_save_path" is empty; using "session.save_path" value from php.ini.
INFO - 2020-08-21 08:05:03 --> Session: Class initialized using 'files' driver.
INFO - 2020-08-21 08:05:03 --> Controller Class Initialized
INFO - 2020-08-21 08:05:03 --> Model "M_account" initialized
INFO - 2020-08-21 08:05:03 --> Helper loaded: form_helper
INFO - 2020-08-21 08:05:03 --> Form Validation Class Initialized
DEBUG - 2020-08-21 08:05:03 --> Sc_check class already loaded. Second attempt ignored.
INFO - 2020-08-21 08:05:03 --> Model "M_auth" initialized
INFO - 2020-08-21 08:05:03 --> Model "M_payments" initialized
INFO - 2020-08-21 08:05:03 --> File loaded: C:\xampp\htdocs\scholarship\payment\views\include/header.php
INFO - 2020-08-21 08:05:03 --> File loaded: C:\xampp\htdocs\scholarship\payment\views\include/menu.php
INFO - 2020-08-21 08:05:03 --> File loaded: C:\xampp\htdocs\scholarship\payment\views\include/footer.php
INFO - 2020-08-21 08:05:03 --> File loaded: C:\xampp\htdocs\scholarship\payment\views\include/msg.php
INFO - 2020-08-21 08:05:03 --> File loaded: C:\xampp\htdocs\scholarship\payment\views\account/profile.php
INFO - 2020-08-21 08:05:03 --> Final output sent to browser
DEBUG - 2020-08-21 08:05:03 --> Total execution time: 0.3593
INFO - 2020-08-21 08:05:03 --> Config Class Initialized
INFO - 2020-08-21 08:05:03 --> Hooks Class Initialized
DEBUG - 2020-08-21 08:05:03 --> UTF-8 Support Enabled
INFO - 2020-08-21 08:05:03 --> Utf8 Class Initialized
INFO - 2020-08-21 08:05:03 --> URI Class Initialized
INFO - 2020-08-21 08:05:03 --> Router Class Initialized
INFO - 2020-08-21 08:05:03 --> Output Class Initialized
INFO - 2020-08-21 08:05:03 --> Security Class Initialized
DEBUG - 2020-08-21 08:05:03 --> Global POST, GET and COOKIE data sanitized
INFO - 2020-08-21 08:05:03 --> Input Class Initialized
INFO - 2020-08-21 08:05:03 --> Language Class Initialized
INFO - 2020-08-21 08:05:03 --> Loader Class Initialized
INFO - 2020-08-21 08:05:03 --> Helper loaded: url_helper
INFO - 2020-08-21 08:05:03 --> Helper loaded: file_helper
INFO - 2020-08-21 08:05:03 --> Helper loaded: string_helper
INFO - 2020-08-21 08:05:03 --> Helper loaded: noti_helper
INFO - 2020-08-21 08:05:03 --> Database Driver Class Initialized
INFO - 2020-08-21 08:05:03 --> Email Class Initialized
DEBUG - 2020-08-21 08:05:03 --> Session: "sess_save_path" is empty; using "session.save_path" value from php.ini.
INFO - 2020-08-21 08:05:03 --> Session: Class initialized using 'files' driver.
INFO - 2020-08-21 08:05:03 --> Controller Class Initialized
INFO - 2020-08-21 08:05:03 --> Model "M_auth" initialized
INFO - 2020-08-21 08:05:03 --> Helper loaded: form_helper
INFO - 2020-08-21 08:05:03 --> Form Validation Class Initialized
DEBUG - 2020-08-21 08:05:03 --> Sc_check class already loaded. Second attempt ignored.
INFO - 2020-08-21 08:05:03 --> Helper loaded: captcha_helper
ERROR - 2020-08-21 08:05:04 --> Severity: Warning --> fopen(reg-doc/9a38a4a7da3ce4953aed36f74bf0b964.png): failed to open stream: No such file or directory C:\xampp\htdocs\scholarship\payment\controllers\Auth.php 690
ERROR - 2020-08-21 08:05:04 --> Severity: Warning --> filesize(): stat failed for reg-doc/9a38a4a7da3ce4953aed36f74bf0b964.png C:\xampp\htdocs\scholarship\payment\controllers\Auth.php 692
ERROR - 2020-08-21 08:05:04 --> Severity: Warning --> fpassthru() expects parameter 1 to be resource, boolean given C:\xampp\htdocs\scholarship\payment\controllers\Auth.php 693
INFO - 2020-08-21 08:05:04 --> Final output sent to browser
DEBUG - 2020-08-21 08:05:04 --> Total execution time: 0.4631
INFO - 2020-08-21 08:05:04 --> Config Class Initialized
INFO - 2020-08-21 08:05:04 --> Hooks Class Initialized
DEBUG - 2020-08-21 08:05:05 --> UTF-8 Support Enabled
INFO - 2020-08-21 08:05:05 --> Utf8 Class Initialized
INFO - 2020-08-21 08:05:05 --> URI Class Initialized
INFO - 2020-08-21 08:05:05 --> Router Class Initialized
INFO - 2020-08-21 08:05:05 --> Output Class Initialized
INFO - 2020-08-21 08:05:05 --> Security Class Initialized
DEBUG - 2020-08-21 08:05:05 --> Global POST, GET and COOKIE data sanitized
INFO - 2020-08-21 08:05:05 --> Input Class Initialized
INFO - 2020-08-21 08:05:05 --> Language Class Initialized
INFO - 2020-08-21 08:05:05 --> Loader Class Initialized
INFO - 2020-08-21 08:05:05 --> Helper loaded: url_helper
INFO - 2020-08-21 08:05:05 --> Helper loaded: file_helper
INFO - 2020-08-21 08:05:05 --> Helper loaded: string_helper
INFO - 2020-08-21 08:05:05 --> Helper loaded: noti_helper
INFO - 2020-08-21 08:05:05 --> Database Driver Class Initialized
INFO - 2020-08-21 08:05:05 --> Email Class Initialized
DEBUG - 2020-08-21 08:05:05 --> Session: "sess_save_path" is empty; using "session.save_path" value from php.ini.
INFO - 2020-08-21 08:05:05 --> Session: Class initialized using 'files' driver.
INFO - 2020-08-21 08:05:05 --> Controller Class Initialized
INFO - 2020-08-21 08:05:05 --> Model "M_payments" initialized
INFO - 2020-08-21 08:05:05 --> Model "M_auth" initialized
INFO - 2020-08-21 08:05:05 --> Model "M_account" initialized
INFO - 2020-08-21 08:05:05 --> Helper loaded: text_helper
INFO - 2020-08-21 08:05:05 --> Helper loaded: form_helper
INFO - 2020-08-21 08:05:05 --> Form Validation Class Initialized
INFO - 2020-08-21 08:05:05 --> File loaded: C:\xampp\htdocs\scholarship\payment\views\include/header.php
INFO - 2020-08-21 08:05:05 --> File loaded: C:\xampp\htdocs\scholarship\payment\views\include/footer.php
INFO - 2020-08-21 08:05:05 --> File loaded: C:\xampp\htdocs\scholarship\payment\views\include/msg.php
INFO - 2020-08-21 08:05:05 --> File loaded: C:\xampp\htdocs\scholarship\payment\views\payment/make-payment.php
INFO - 2020-08-21 08:05:05 --> Final output sent to browser
DEBUG - 2020-08-21 08:05:05 --> Total execution time: 0.3206
INFO - 2020-08-21 08:05:05 --> Config Class Initialized
INFO - 2020-08-21 08:05:05 --> Hooks Class Initialized
DEBUG - 2020-08-21 08:05:05 --> UTF-8 Support Enabled
INFO - 2020-08-21 08:05:05 --> Utf8 Class Initialized
INFO - 2020-08-21 08:05:05 --> URI Class Initialized
INFO - 2020-08-21 08:05:05 --> Router Class Initialized
INFO - 2020-08-21 08:05:05 --> Output Class Initialized
INFO - 2020-08-21 08:05:05 --> Security Class Initialized
DEBUG - 2020-08-21 08:05:05 --> Global POST, GET and COOKIE data sanitized
INFO - 2020-08-21 08:05:05 --> Input Class Initialized
INFO - 2020-08-21 08:05:05 --> Language Class Initialized
ERROR - 2020-08-21 08:05:05 --> 404 Page Not Found: Assets/image
INFO - 2020-08-21 08:05:07 --> Config Class Initialized
INFO - 2020-08-21 08:05:07 --> Hooks Class Initialized
DEBUG - 2020-08-21 08:05:07 --> UTF-8 Support Enabled
INFO - 2020-08-21 08:05:07 --> Utf8 Class Initialized
INFO - 2020-08-21 08:05:07 --> URI Class Initialized
INFO - 2020-08-21 08:05:07 --> Router Class Initialized
INFO - 2020-08-21 08:05:07 --> Output Class Initialized
INFO - 2020-08-21 08:05:07 --> Security Class Initialized
DEBUG - 2020-08-21 08:05:07 --> Global POST, GET and COOKIE data sanitized
INFO - 2020-08-21 08:05:07 --> Input Class Initialized
INFO - 2020-08-21 08:05:07 --> Language Class Initialized
INFO - 2020-08-21 08:05:07 --> Loader Class Initialized
INFO - 2020-08-21 08:05:07 --> Helper loaded: url_helper
INFO - 2020-08-21 08:05:07 --> Helper loaded: file_helper
INFO - 2020-08-21 08:05:07 --> Helper loaded: string_helper
INFO - 2020-08-21 08:05:07 --> Helper loaded: noti_helper
INFO - 2020-08-21 08:05:07 --> Database Driver Class Initialized
INFO - 2020-08-21 08:05:07 --> Email Class Initialized
DEBUG - 2020-08-21 08:05:07 --> Session: "sess_save_path" is empty; using "session.save_path" value from php.ini.
INFO - 2020-08-21 08:05:07 --> Session: Class initialized using 'files' driver.
INFO - 2020-08-21 08:05:07 --> Controller Class Initialized
INFO - 2020-08-21 08:05:07 --> Model "M_account" initialized
INFO - 2020-08-21 08:05:07 --> Helper loaded: form_helper
INFO - 2020-08-21 08:05:07 --> Form Validation Class Initialized
DEBUG - 2020-08-21 08:05:07 --> Sc_check class already loaded. Second attempt ignored.
INFO - 2020-08-21 08:05:07 --> Model "M_auth" initialized
INFO - 2020-08-21 08:05:07 --> Model "M_payments" initialized
INFO - 2020-08-21 08:05:07 --> File loaded: C:\xampp\htdocs\scholarship\payment\views\include/header.php
INFO - 2020-08-21 08:05:07 --> File loaded: C:\xampp\htdocs\scholarship\payment\views\include/menu.php
INFO - 2020-08-21 08:05:07 --> File loaded: C:\xampp\htdocs\scholarship\payment\views\include/footer.php
INFO - 2020-08-21 08:05:07 --> File loaded: C:\xampp\htdocs\scholarship\payment\views\include/msg.php
INFO - 2020-08-21 08:05:07 --> File loaded: C:\xampp\htdocs\scholarship\payment\views\account/profile.php
INFO - 2020-08-21 08:05:07 --> Final output sent to browser
DEBUG - 2020-08-21 08:05:07 --> Total execution time: 0.3224
INFO - 2020-08-21 08:05:07 --> Config Class Initialized
INFO - 2020-08-21 08:05:07 --> Hooks Class Initialized
DEBUG - 2020-08-21 08:05:07 --> UTF-8 Support Enabled
INFO - 2020-08-21 08:05:07 --> Utf8 Class Initialized
INFO - 2020-08-21 08:05:07 --> URI Class Initialized
INFO - 2020-08-21 08:05:07 --> Router Class Initialized
INFO - 2020-08-21 08:05:07 --> Output Class Initialized
INFO - 2020-08-21 08:05:07 --> Security Class Initialized
DEBUG - 2020-08-21 08:05:07 --> Global POST, GET and COOKIE data sanitized
INFO - 2020-08-21 08:05:07 --> Input Class Initialized
INFO - 2020-08-21 08:05:07 --> Language Class Initialized
INFO - 2020-08-21 08:05:07 --> Loader Class Initialized
INFO - 2020-08-21 08:05:07 --> Helper loaded: url_helper
INFO - 2020-08-21 08:05:07 --> Helper loaded: file_helper
INFO - 2020-08-21 08:05:07 --> Helper loaded: string_helper
INFO - 2020-08-21 08:05:07 --> Helper loaded: noti_helper
INFO - 2020-08-21 08:05:07 --> Database Driver Class Initialized
INFO - 2020-08-21 08:05:07 --> Email Class Initialized
DEBUG - 2020-08-21 08:05:07 --> Session: "sess_save_path" is empty; using "session.save_path" value from php.ini.
INFO - 2020-08-21 08:05:07 --> Session: Class initialized using 'files' driver.
INFO - 2020-08-21 08:05:07 --> Controller Class Initialized
INFO - 2020-08-21 08:05:07 --> Model "M_auth" initialized
INFO - 2020-08-21 08:05:07 --> Helper loaded: form_helper
INFO - 2020-08-21 08:05:08 --> Form Validation Class Initialized
DEBUG - 2020-08-21 08:05:08 --> Sc_check class already loaded. Second attempt ignored.
INFO - 2020-08-21 08:05:08 --> Helper loaded: captcha_helper
ERROR - 2020-08-21 08:05:08 --> Severity: Warning --> fopen(reg-doc/9a38a4a7da3ce4953aed36f74bf0b964.png): failed to open stream: No such file or directory C:\xampp\htdocs\scholarship\payment\controllers\Auth.php 690
ERROR - 2020-08-21 08:05:08 --> Severity: Warning --> filesize(): stat failed for reg-doc/9a38a4a7da3ce4953aed36f74bf0b964.png C:\xampp\htdocs\scholarship\payment\controllers\Auth.php 692
ERROR - 2020-08-21 08:05:08 --> Severity: Warning --> fpassthru() expects parameter 1 to be resource, boolean given C:\xampp\htdocs\scholarship\payment\controllers\Auth.php 693
INFO - 2020-08-21 08:05:08 --> Final output sent to browser
DEBUG - 2020-08-21 08:05:08 --> Total execution time: 0.4551
INFO - 2020-08-21 08:05:08 --> Config Class Initialized
INFO - 2020-08-21 08:05:08 --> Hooks Class Initialized
DEBUG - 2020-08-21 08:05:08 --> UTF-8 Support Enabled
INFO - 2020-08-21 08:05:08 --> Utf8 Class Initialized
INFO - 2020-08-21 08:05:08 --> URI Class Initialized
INFO - 2020-08-21 08:05:08 --> Router Class Initialized
INFO - 2020-08-21 08:05:08 --> Output Class Initialized
INFO - 2020-08-21 08:05:08 --> Security Class Initialized
DEBUG - 2020-08-21 08:05:08 --> Global POST, GET and COOKIE data sanitized
INFO - 2020-08-21 08:05:08 --> Input Class Initialized
INFO - 2020-08-21 08:05:08 --> Language Class Initialized
INFO - 2020-08-21 08:05:09 --> Loader Class Initialized
INFO - 2020-08-21 08:05:09 --> Helper loaded: url_helper
INFO - 2020-08-21 08:05:09 --> Helper loaded: file_helper
INFO - 2020-08-21 08:05:09 --> Helper loaded: string_helper
INFO - 2020-08-21 08:05:09 --> Helper loaded: noti_helper
INFO - 2020-08-21 08:05:09 --> Database Driver Class Initialized
INFO - 2020-08-21 08:05:09 --> Email Class Initialized
DEBUG - 2020-08-21 08:05:09 --> Session: "sess_save_path" is empty; using "session.save_path" value from php.ini.
INFO - 2020-08-21 08:05:09 --> Session: Class initialized using 'files' driver.
INFO - 2020-08-21 08:05:09 --> Controller Class Initialized
INFO - 2020-08-21 08:05:09 --> Model "M_payments" initialized
INFO - 2020-08-21 08:05:09 --> Model "M_auth" initialized
INFO - 2020-08-21 08:05:09 --> Model "M_account" initialized
INFO - 2020-08-21 08:05:09 --> Helper loaded: text_helper
INFO - 2020-08-21 08:05:09 --> Helper loaded: form_helper
INFO - 2020-08-21 08:05:09 --> Form Validation Class Initialized
INFO - 2020-08-21 08:05:09 --> File loaded: C:\xampp\htdocs\scholarship\payment\views\include/header.php
INFO - 2020-08-21 08:05:09 --> File loaded: C:\xampp\htdocs\scholarship\payment\views\include/footer.php
INFO - 2020-08-21 08:05:09 --> File loaded: C:\xampp\htdocs\scholarship\payment\views\include/msg.php
INFO - 2020-08-21 08:05:09 --> File loaded: C:\xampp\htdocs\scholarship\payment\views\payment/make-payment.php
INFO - 2020-08-21 08:05:09 --> Final output sent to browser
DEBUG - 2020-08-21 08:05:09 --> Total execution time: 0.3819
INFO - 2020-08-21 08:05:09 --> Config Class Initialized
INFO - 2020-08-21 08:05:09 --> Hooks Class Initialized
DEBUG - 2020-08-21 08:05:09 --> UTF-8 Support Enabled
INFO - 2020-08-21 08:05:09 --> Utf8 Class Initialized
INFO - 2020-08-21 08:05:09 --> URI Class Initialized
INFO - 2020-08-21 08:05:09 --> Router Class Initialized
INFO - 2020-08-21 08:05:09 --> Output Class Initialized
INFO - 2020-08-21 08:05:09 --> Security Class Initialized
DEBUG - 2020-08-21 08:05:09 --> Global POST, GET and COOKIE data sanitized
INFO - 2020-08-21 08:05:09 --> Input Class Initialized
INFO - 2020-08-21 08:05:09 --> Language Class Initialized
ERROR - 2020-08-21 08:05:09 --> 404 Page Not Found: Assets/image
INFO - 2020-08-21 08:05:34 --> Config Class Initialized
INFO - 2020-08-21 08:05:34 --> Hooks Class Initialized
DEBUG - 2020-08-21 08:05:34 --> UTF-8 Support Enabled
INFO - 2020-08-21 08:05:34 --> Utf8 Class Initialized
INFO - 2020-08-21 08:05:34 --> URI Class Initialized
INFO - 2020-08-21 08:05:34 --> Router Class Initialized
INFO - 2020-08-21 08:05:34 --> Output Class Initialized
INFO - 2020-08-21 08:05:34 --> Security Class Initialized
DEBUG - 2020-08-21 08:05:34 --> Global POST, GET and COOKIE data sanitized
INFO - 2020-08-21 08:05:34 --> Input Class Initialized
INFO - 2020-08-21 08:05:34 --> Language Class Initialized
INFO - 2020-08-21 08:05:34 --> Loader Class Initialized
INFO - 2020-08-21 08:05:34 --> Helper loaded: url_helper
INFO - 2020-08-21 08:05:34 --> Helper loaded: file_helper
INFO - 2020-08-21 08:05:34 --> Helper loaded: string_helper
INFO - 2020-08-21 08:05:34 --> Helper loaded: noti_helper
INFO - 2020-08-21 08:05:34 --> Database Driver Class Initialized
INFO - 2020-08-21 08:05:34 --> Email Class Initialized
DEBUG - 2020-08-21 08:05:34 --> Session: "sess_save_path" is empty; using "session.save_path" value from php.ini.
INFO - 2020-08-21 08:05:34 --> Session: Class initialized using 'files' driver.
INFO - 2020-08-21 08:05:34 --> Controller Class Initialized
INFO - 2020-08-21 08:05:34 --> Model "M_payments" initialized
INFO - 2020-08-21 08:05:34 --> Model "M_auth" initialized
INFO - 2020-08-21 08:05:34 --> Model "M_account" initialized
INFO - 2020-08-21 08:05:34 --> Helper loaded: text_helper
INFO - 2020-08-21 08:05:34 --> Helper loaded: form_helper
INFO - 2020-08-21 08:05:34 --> Form Validation Class Initialized
INFO - 2020-08-21 08:05:34 --> File loaded: C:\xampp\htdocs\scholarship\payment\views\include/header.php
INFO - 2020-08-21 08:05:34 --> File loaded: C:\xampp\htdocs\scholarship\payment\views\include/footer.php
INFO - 2020-08-21 08:05:34 --> File loaded: C:\xampp\htdocs\scholarship\payment\views\include/msg.php
INFO - 2020-08-21 08:05:34 --> File loaded: C:\xampp\htdocs\scholarship\payment\views\payment/make-payment.php
INFO - 2020-08-21 08:05:34 --> Final output sent to browser
DEBUG - 2020-08-21 08:05:34 --> Total execution time: 0.5840
INFO - 2020-08-21 08:05:34 --> Config Class Initialized
INFO - 2020-08-21 08:05:34 --> Hooks Class Initialized
DEBUG - 2020-08-21 08:05:34 --> UTF-8 Support Enabled
INFO - 2020-08-21 08:05:34 --> Utf8 Class Initialized
INFO - 2020-08-21 08:05:34 --> URI Class Initialized
INFO - 2020-08-21 08:05:34 --> Router Class Initialized
INFO - 2020-08-21 08:05:34 --> Output Class Initialized
INFO - 2020-08-21 08:05:34 --> Security Class Initialized
DEBUG - 2020-08-21 08:05:34 --> Global POST, GET and COOKIE data sanitized
INFO - 2020-08-21 08:05:34 --> Input Class Initialized
INFO - 2020-08-21 08:05:34 --> Language Class Initialized
ERROR - 2020-08-21 08:05:34 --> 404 Page Not Found: Assets/image
INFO - 2020-08-21 09:33:03 --> Config Class Initialized
INFO - 2020-08-21 09:33:03 --> Hooks Class Initialized
DEBUG - 2020-08-21 09:33:03 --> UTF-8 Support Enabled
INFO - 2020-08-21 09:33:03 --> Utf8 Class Initialized
INFO - 2020-08-21 09:33:03 --> URI Class Initialized
INFO - 2020-08-21 09:33:03 --> Router Class Initialized
INFO - 2020-08-21 09:33:03 --> Output Class Initialized
INFO - 2020-08-21 09:33:03 --> Security Class Initialized
DEBUG - 2020-08-21 09:33:03 --> Global POST, GET and COOKIE data sanitized
INFO - 2020-08-21 09:33:03 --> Input Class Initialized
INFO - 2020-08-21 09:33:03 --> Language Class Initialized
INFO - 2020-08-21 09:33:03 --> Loader Class Initialized
INFO - 2020-08-21 09:33:03 --> Helper loaded: url_helper
INFO - 2020-08-21 09:33:03 --> Helper loaded: file_helper
INFO - 2020-08-21 09:33:03 --> Helper loaded: string_helper
INFO - 2020-08-21 09:33:03 --> Helper loaded: noti_helper
INFO - 2020-08-21 09:33:03 --> Database Driver Class Initialized
INFO - 2020-08-21 09:33:03 --> Email Class Initialized
DEBUG - 2020-08-21 09:33:03 --> Session: "sess_save_path" is empty; using "session.save_path" value from php.ini.
INFO - 2020-08-21 09:33:03 --> Session: Class initialized using 'files' driver.
INFO - 2020-08-21 09:33:03 --> Controller Class Initialized
INFO - 2020-08-21 09:33:04 --> Model "M_payments" initialized
INFO - 2020-08-21 09:33:04 --> Model "M_auth" initialized
INFO - 2020-08-21 09:33:04 --> Model "M_account" initialized
INFO - 2020-08-21 09:33:04 --> Helper loaded: text_helper
INFO - 2020-08-21 09:33:04 --> Helper loaded: form_helper
INFO - 2020-08-21 09:33:04 --> Form Validation Class Initialized
INFO - 2020-08-21 09:33:04 --> File loaded: C:\xampp\htdocs\scholarship\payment\views\include/header.php
INFO - 2020-08-21 09:33:04 --> File loaded: C:\xampp\htdocs\scholarship\payment\views\include/footer.php
INFO - 2020-08-21 09:33:04 --> File loaded: C:\xampp\htdocs\scholarship\payment\views\include/msg.php
INFO - 2020-08-21 09:33:04 --> File loaded: C:\xampp\htdocs\scholarship\payment\views\payment/make-payment.php
INFO - 2020-08-21 09:33:04 --> Final output sent to browser
DEBUG - 2020-08-21 09:33:04 --> Total execution time: 1.1027
INFO - 2020-08-21 09:33:04 --> Config Class Initialized
INFO - 2020-08-21 09:33:04 --> Hooks Class Initialized
DEBUG - 2020-08-21 09:33:04 --> UTF-8 Support Enabled
INFO - 2020-08-21 09:33:04 --> Utf8 Class Initialized
INFO - 2020-08-21 09:33:04 --> URI Class Initialized
INFO - 2020-08-21 09:33:04 --> Router Class Initialized
INFO - 2020-08-21 09:33:04 --> Output Class Initialized
INFO - 2020-08-21 09:33:04 --> Security Class Initialized
DEBUG - 2020-08-21 09:33:04 --> Global POST, GET and COOKIE data sanitized
INFO - 2020-08-21 09:33:04 --> Input Class Initialized
INFO - 2020-08-21 09:33:04 --> Language Class Initialized
ERROR - 2020-08-21 09:33:04 --> 404 Page Not Found: Assets/image
INFO - 2020-08-21 09:33:04 --> Config Class Initialized
INFO - 2020-08-21 09:33:04 --> Hooks Class Initialized
DEBUG - 2020-08-21 09:33:04 --> UTF-8 Support Enabled
INFO - 2020-08-21 09:33:04 --> Utf8 Class Initialized
INFO - 2020-08-21 09:33:04 --> URI Class Initialized
INFO - 2020-08-21 09:33:04 --> Router Class Initialized
INFO - 2020-08-21 09:33:04 --> Output Class Initialized
INFO - 2020-08-21 09:33:04 --> Security Class Initialized
DEBUG - 2020-08-21 09:33:04 --> Global POST, GET and COOKIE data sanitized
INFO - 2020-08-21 09:33:04 --> Input Class Initialized
INFO - 2020-08-21 09:33:04 --> Language Class Initialized
ERROR - 2020-08-21 09:33:04 --> 404 Page Not Found: Assets/image
INFO - 2020-08-21 09:33:48 --> Config Class Initialized
INFO - 2020-08-21 09:33:48 --> Hooks Class Initialized
DEBUG - 2020-08-21 09:33:48 --> UTF-8 Support Enabled
INFO - 2020-08-21 09:33:48 --> Utf8 Class Initialized
INFO - 2020-08-21 09:33:48 --> URI Class Initialized
INFO - 2020-08-21 09:33:48 --> Router Class Initialized
INFO - 2020-08-21 09:33:48 --> Output Class Initialized
INFO - 2020-08-21 09:33:48 --> Security Class Initialized
DEBUG - 2020-08-21 09:33:48 --> Global POST, GET and COOKIE data sanitized
INFO - 2020-08-21 09:33:48 --> Input Class Initialized
INFO - 2020-08-21 09:33:48 --> Language Class Initialized
INFO - 2020-08-21 09:33:48 --> Loader Class Initialized
INFO - 2020-08-21 09:33:48 --> Helper loaded: url_helper
INFO - 2020-08-21 09:33:48 --> Helper loaded: file_helper
INFO - 2020-08-21 09:33:48 --> Helper loaded: string_helper
INFO - 2020-08-21 09:33:48 --> Helper loaded: noti_helper
INFO - 2020-08-21 09:33:48 --> Database Driver Class Initialized
INFO - 2020-08-21 09:33:48 --> Email Class Initialized
DEBUG - 2020-08-21 09:33:48 --> Session: "sess_save_path" is empty; using "session.save_path" value from php.ini.
INFO - 2020-08-21 09:33:48 --> Session: Class initialized using 'files' driver.
INFO - 2020-08-21 09:33:48 --> Controller Class Initialized
INFO - 2020-08-21 09:33:48 --> Model "M_payments" initialized
INFO - 2020-08-21 09:33:48 --> Model "M_auth" initialized
INFO - 2020-08-21 09:33:48 --> Model "M_account" initialized
INFO - 2020-08-21 09:33:48 --> Helper loaded: text_helper
INFO - 2020-08-21 09:33:48 --> Helper loaded: form_helper
INFO - 2020-08-21 09:33:48 --> Form Validation Class Initialized
INFO - 2020-08-21 09:33:48 --> File loaded: C:\xampp\htdocs\scholarship\payment\views\include/header.php
INFO - 2020-08-21 09:33:48 --> File loaded: C:\xampp\htdocs\scholarship\payment\views\include/footer.php
INFO - 2020-08-21 09:33:48 --> File loaded: C:\xampp\htdocs\scholarship\payment\views\include/msg.php
INFO - 2020-08-21 09:33:48 --> File loaded: C:\xampp\htdocs\scholarship\payment\views\payment/make-payment.php
INFO - 2020-08-21 09:33:48 --> Final output sent to browser
DEBUG - 2020-08-21 09:33:48 --> Total execution time: 0.4995
INFO - 2020-08-21 09:33:48 --> Config Class Initialized
INFO - 2020-08-21 09:33:48 --> Hooks Class Initialized
DEBUG - 2020-08-21 09:33:48 --> UTF-8 Support Enabled
INFO - 2020-08-21 09:33:48 --> Utf8 Class Initialized
INFO - 2020-08-21 09:33:48 --> URI Class Initialized
INFO - 2020-08-21 09:33:48 --> Router Class Initialized
INFO - 2020-08-21 09:33:48 --> Output Class Initialized
INFO - 2020-08-21 09:33:48 --> Security Class Initialized
DEBUG - 2020-08-21 09:33:48 --> Global POST, GET and COOKIE data sanitized
INFO - 2020-08-21 09:33:48 --> Input Class Initialized
INFO - 2020-08-21 09:33:48 --> Language Class Initialized
ERROR - 2020-08-21 09:33:48 --> 404 Page Not Found: Assets/image
INFO - 2020-08-21 11:25:06 --> Config Class Initialized
INFO - 2020-08-21 11:25:06 --> Hooks Class Initialized
DEBUG - 2020-08-21 11:25:06 --> UTF-8 Support Enabled
INFO - 2020-08-21 11:25:06 --> Utf8 Class Initialized
INFO - 2020-08-21 11:25:06 --> URI Class Initialized
DEBUG - 2020-08-21 11:25:06 --> No URI present. Default controller set.
INFO - 2020-08-21 11:25:06 --> Router Class Initialized
INFO - 2020-08-21 11:25:06 --> Output Class Initialized
INFO - 2020-08-21 11:25:06 --> Security Class Initialized
DEBUG - 2020-08-21 11:25:06 --> Global POST, GET and COOKIE data sanitized
INFO - 2020-08-21 11:25:06 --> Input Class Initialized
INFO - 2020-08-21 11:25:06 --> Language Class Initialized
INFO - 2020-08-21 11:25:06 --> Loader Class Initialized
INFO - 2020-08-21 11:25:06 --> Helper loaded: url_helper
INFO - 2020-08-21 11:25:06 --> Helper loaded: file_helper
INFO - 2020-08-21 11:25:06 --> Helper loaded: string_helper
INFO - 2020-08-21 11:25:06 --> Helper loaded: noti_helper
INFO - 2020-08-21 11:25:06 --> Database Driver Class Initialized
INFO - 2020-08-21 11:25:06 --> Email Class Initialized
DEBUG - 2020-08-21 11:25:06 --> Session: "sess_save_path" is empty; using "session.save_path" value from php.ini.
INFO - 2020-08-21 11:25:06 --> Session: Class initialized using 'files' driver.
INFO - 2020-08-21 11:25:06 --> Controller Class Initialized
INFO - 2020-08-21 11:25:06 --> Model "M_auth" initialized
INFO - 2020-08-21 11:25:06 --> Helper loaded: form_helper
INFO - 2020-08-21 11:25:06 --> Form Validation Class Initialized
DEBUG - 2020-08-21 11:25:06 --> Sc_check class already loaded. Second attempt ignored.
INFO - 2020-08-21 11:25:06 --> Helper loaded: captcha_helper
INFO - 2020-08-21 11:25:06 --> Config Class Initialized
INFO - 2020-08-21 11:25:06 --> Hooks Class Initialized
DEBUG - 2020-08-21 11:25:06 --> UTF-8 Support Enabled
INFO - 2020-08-21 11:25:06 --> Utf8 Class Initialized
INFO - 2020-08-21 11:25:06 --> URI Class Initialized
INFO - 2020-08-21 11:25:06 --> Router Class Initialized
INFO - 2020-08-21 11:25:06 --> Output Class Initialized
INFO - 2020-08-21 11:25:06 --> Security Class Initialized
DEBUG - 2020-08-21 11:25:06 --> Global POST, GET and COOKIE data sanitized
INFO - 2020-08-21 11:25:06 --> Input Class Initialized
INFO - 2020-08-21 11:25:06 --> Language Class Initialized
INFO - 2020-08-21 11:25:06 --> Loader Class Initialized
INFO - 2020-08-21 11:25:06 --> Helper loaded: url_helper
INFO - 2020-08-21 11:25:06 --> Helper loaded: file_helper
INFO - 2020-08-21 11:25:06 --> Helper loaded: string_helper
INFO - 2020-08-21 11:25:06 --> Helper loaded: noti_helper
INFO - 2020-08-21 11:25:07 --> Database Driver Class Initialized
INFO - 2020-08-21 11:25:07 --> Email Class Initialized
DEBUG - 2020-08-21 11:25:07 --> Session: "sess_save_path" is empty; using "session.save_path" value from php.ini.
INFO - 2020-08-21 11:25:07 --> Session: Class initialized using 'files' driver.
INFO - 2020-08-21 11:25:07 --> Controller Class Initialized
INFO - 2020-08-21 11:25:07 --> Model "M_account" initialized
INFO - 2020-08-21 11:25:07 --> Helper loaded: form_helper
INFO - 2020-08-21 11:25:07 --> Form Validation Class Initialized
DEBUG - 2020-08-21 11:25:07 --> Sc_check class already loaded. Second attempt ignored.
INFO - 2020-08-21 11:25:07 --> Model "M_auth" initialized
INFO - 2020-08-21 11:25:07 --> Model "M_payments" initialized
INFO - 2020-08-21 11:25:07 --> File loaded: C:\xampp\htdocs\scholarship\payment\views\include/header.php
INFO - 2020-08-21 11:25:07 --> File loaded: C:\xampp\htdocs\scholarship\payment\views\include/menu.php
INFO - 2020-08-21 11:25:07 --> File loaded: C:\xampp\htdocs\scholarship\payment\views\include/footer.php
INFO - 2020-08-21 11:25:07 --> File loaded: C:\xampp\htdocs\scholarship\payment\views\include/msg.php
INFO - 2020-08-21 11:25:07 --> File loaded: C:\xampp\htdocs\scholarship\payment\views\account/profile.php
INFO - 2020-08-21 11:25:07 --> Final output sent to browser
DEBUG - 2020-08-21 11:25:07 --> Total execution time: 0.5656
INFO - 2020-08-21 11:25:07 --> Config Class Initialized
INFO - 2020-08-21 11:25:07 --> Hooks Class Initialized
DEBUG - 2020-08-21 11:25:07 --> UTF-8 Support Enabled
INFO - 2020-08-21 11:25:07 --> Utf8 Class Initialized
INFO - 2020-08-21 11:25:07 --> URI Class Initialized
INFO - 2020-08-21 11:25:07 --> Router Class Initialized
INFO - 2020-08-21 11:25:07 --> Output Class Initialized
INFO - 2020-08-21 11:25:07 --> Security Class Initialized
DEBUG - 2020-08-21 11:25:07 --> Global POST, GET and COOKIE data sanitized
INFO - 2020-08-21 11:25:07 --> Input Class Initialized
INFO - 2020-08-21 11:25:07 --> Language Class Initialized
INFO - 2020-08-21 11:25:07 --> Loader Class Initialized
INFO - 2020-08-21 11:25:07 --> Helper loaded: url_helper
INFO - 2020-08-21 11:25:07 --> Helper loaded: file_helper
INFO - 2020-08-21 11:25:07 --> Helper loaded: string_helper
INFO - 2020-08-21 11:25:07 --> Helper loaded: noti_helper
INFO - 2020-08-21 11:25:07 --> Database Driver Class Initialized
INFO - 2020-08-21 11:25:07 --> Email Class Initialized
DEBUG - 2020-08-21 11:25:07 --> Session: "sess_save_path" is empty; using "session.save_path" value from php.ini.
INFO - 2020-08-21 11:25:08 --> Session: Class initialized using 'files' driver.
INFO - 2020-08-21 11:25:08 --> Controller Class Initialized
INFO - 2020-08-21 11:25:08 --> Model "M_auth" initialized
INFO - 2020-08-21 11:25:08 --> Helper loaded: form_helper
INFO - 2020-08-21 11:25:08 --> Form Validation Class Initialized
DEBUG - 2020-08-21 11:25:08 --> Sc_check class already loaded. Second attempt ignored.
INFO - 2020-08-21 11:25:08 --> Helper loaded: captcha_helper
ERROR - 2020-08-21 11:25:08 --> Severity: Warning --> fopen(reg-doc/9a38a4a7da3ce4953aed36f74bf0b964.png): failed to open stream: No such file or directory C:\xampp\htdocs\scholarship\payment\controllers\Auth.php 690
ERROR - 2020-08-21 11:25:08 --> Severity: Warning --> filesize(): stat failed for reg-doc/9a38a4a7da3ce4953aed36f74bf0b964.png C:\xampp\htdocs\scholarship\payment\controllers\Auth.php 692
ERROR - 2020-08-21 11:25:08 --> Severity: Warning --> fpassthru() expects parameter 1 to be resource, boolean given C:\xampp\htdocs\scholarship\payment\controllers\Auth.php 693
INFO - 2020-08-21 11:25:08 --> Final output sent to browser
DEBUG - 2020-08-21 11:25:08 --> Total execution time: 0.5043
INFO - 2020-08-21 11:25:09 --> Config Class Initialized
INFO - 2020-08-21 11:25:09 --> Hooks Class Initialized
DEBUG - 2020-08-21 11:25:09 --> UTF-8 Support Enabled
INFO - 2020-08-21 11:25:09 --> Utf8 Class Initialized
INFO - 2020-08-21 11:25:09 --> URI Class Initialized
INFO - 2020-08-21 11:25:09 --> Router Class Initialized
INFO - 2020-08-21 11:25:09 --> Output Class Initialized
INFO - 2020-08-21 11:25:09 --> Security Class Initialized
DEBUG - 2020-08-21 11:25:09 --> Global POST, GET and COOKIE data sanitized
INFO - 2020-08-21 11:25:09 --> Input Class Initialized
INFO - 2020-08-21 11:25:09 --> Language Class Initialized
INFO - 2020-08-21 11:25:09 --> Loader Class Initialized
INFO - 2020-08-21 11:25:09 --> Helper loaded: url_helper
INFO - 2020-08-21 11:25:09 --> Helper loaded: file_helper
INFO - 2020-08-21 11:25:09 --> Helper loaded: string_helper
INFO - 2020-08-21 11:25:09 --> Helper loaded: noti_helper
INFO - 2020-08-21 11:25:09 --> Database Driver Class Initialized
INFO - 2020-08-21 11:25:09 --> Email Class Initialized
DEBUG - 2020-08-21 11:25:09 --> Session: "sess_save_path" is empty; using "session.save_path" value from php.ini.
INFO - 2020-08-21 11:25:09 --> Session: Class initialized using 'files' driver.
INFO - 2020-08-21 11:25:09 --> Controller Class Initialized
INFO - 2020-08-21 11:25:09 --> Model "M_payments" initialized
INFO - 2020-08-21 11:25:09 --> Model "M_auth" initialized
INFO - 2020-08-21 11:25:09 --> Model "M_account" initialized
INFO - 2020-08-21 11:25:09 --> Helper loaded: text_helper
INFO - 2020-08-21 11:25:09 --> Helper loaded: form_helper
INFO - 2020-08-21 11:25:09 --> Form Validation Class Initialized
INFO - 2020-08-21 11:25:09 --> File loaded: C:\xampp\htdocs\scholarship\payment\views\include/header.php
INFO - 2020-08-21 11:25:09 --> File loaded: C:\xampp\htdocs\scholarship\payment\views\include/footer.php
INFO - 2020-08-21 11:25:09 --> File loaded: C:\xampp\htdocs\scholarship\payment\views\include/msg.php
INFO - 2020-08-21 11:25:09 --> File loaded: C:\xampp\htdocs\scholarship\payment\views\payment/make-payment.php
INFO - 2020-08-21 11:25:09 --> Final output sent to browser
DEBUG - 2020-08-21 11:25:09 --> Total execution time: 0.3261
INFO - 2020-08-21 11:25:10 --> Config Class Initialized
INFO - 2020-08-21 11:25:10 --> Hooks Class Initialized
DEBUG - 2020-08-21 11:25:10 --> UTF-8 Support Enabled
INFO - 2020-08-21 11:25:10 --> Utf8 Class Initialized
INFO - 2020-08-21 11:25:10 --> URI Class Initialized
INFO - 2020-08-21 11:25:10 --> Router Class Initialized
INFO - 2020-08-21 11:25:10 --> Output Class Initialized
INFO - 2020-08-21 11:25:10 --> Security Class Initialized
DEBUG - 2020-08-21 11:25:10 --> Global POST, GET and COOKIE data sanitized
INFO - 2020-08-21 11:25:10 --> Input Class Initialized
INFO - 2020-08-21 11:25:10 --> Language Class Initialized
ERROR - 2020-08-21 11:25:10 --> 404 Page Not Found: Assets/image
