INFO - 2020-06-02 12:51:00 --> Config Class Initialized
INFO - 2020-06-02 12:51:00 --> Hooks Class Initialized
DEBUG - 2020-06-02 12:51:00 --> UTF-8 Support Enabled
INFO - 2020-06-02 12:51:00 --> Utf8 Class Initialized
INFO - 2020-06-02 12:51:00 --> URI Class Initialized
DEBUG - 2020-06-02 12:51:00 --> No URI present. Default controller set.
INFO - 2020-06-02 12:51:00 --> Router Class Initialized
INFO - 2020-06-02 12:51:00 --> Output Class Initialized
INFO - 2020-06-02 12:51:00 --> Security Class Initialized
DEBUG - 2020-06-02 12:51:00 --> Global POST, GET and COOKIE data sanitized
INFO - 2020-06-02 12:51:00 --> Input Class Initialized
INFO - 2020-06-02 12:51:00 --> Language Class Initialized
INFO - 2020-06-02 12:51:01 --> Loader Class Initialized
INFO - 2020-06-02 12:51:01 --> Helper loaded: url_helper
INFO - 2020-06-02 12:51:01 --> Helper loaded: file_helper
INFO - 2020-06-02 12:51:01 --> Helper loaded: string_helper
INFO - 2020-06-02 12:51:01 --> Helper loaded: noti_helper
INFO - 2020-06-02 12:51:01 --> Database Driver Class Initialized
INFO - 2020-06-02 12:51:01 --> Email Class Initialized
DEBUG - 2020-06-02 12:51:01 --> Session: "sess_save_path" is empty; using "session.save_path" value from php.ini.
INFO - 2020-06-02 12:51:01 --> Session: Class initialized using 'files' driver.
INFO - 2020-06-02 12:51:01 --> Controller Class Initialized
INFO - 2020-06-02 12:51:01 --> Model "M_auth" initialized
INFO - 2020-06-02 12:51:01 --> Helper loaded: form_helper
INFO - 2020-06-02 12:51:01 --> Form Validation Class Initialized
DEBUG - 2020-06-02 12:51:01 --> Sc_check class already loaded. Second attempt ignored.
INFO - 2020-06-02 12:51:01 --> Helper loaded: captcha_helper
INFO - 2020-06-02 12:51:01 --> File loaded: C:\xampp\htdocs\scholarship\payment\views\include/header.php
INFO - 2020-06-02 12:51:01 --> File loaded: C:\xampp\htdocs\scholarship\payment\views\include/footer.php
INFO - 2020-06-02 12:51:01 --> File loaded: C:\xampp\htdocs\scholarship\payment\views\include/msg.php
INFO - 2020-06-02 12:51:01 --> File loaded: C:\xampp\htdocs\scholarship\payment\views\auth/login.php
INFO - 2020-06-02 12:51:01 --> Final output sent to browser
DEBUG - 2020-06-02 12:51:01 --> Total execution time: 1.2479
INFO - 2020-06-02 12:51:13 --> Config Class Initialized
INFO - 2020-06-02 12:51:13 --> Hooks Class Initialized
DEBUG - 2020-06-02 12:51:13 --> UTF-8 Support Enabled
INFO - 2020-06-02 12:51:13 --> Utf8 Class Initialized
INFO - 2020-06-02 12:51:13 --> URI Class Initialized
INFO - 2020-06-02 12:51:13 --> Router Class Initialized
INFO - 2020-06-02 12:51:13 --> Output Class Initialized
INFO - 2020-06-02 12:51:13 --> Security Class Initialized
DEBUG - 2020-06-02 12:51:13 --> Global POST, GET and COOKIE data sanitized
INFO - 2020-06-02 12:51:13 --> Input Class Initialized
INFO - 2020-06-02 12:51:13 --> Language Class Initialized
INFO - 2020-06-02 12:51:13 --> Loader Class Initialized
INFO - 2020-06-02 12:51:13 --> Helper loaded: url_helper
INFO - 2020-06-02 12:51:13 --> Helper loaded: file_helper
INFO - 2020-06-02 12:51:13 --> Helper loaded: string_helper
INFO - 2020-06-02 12:51:13 --> Helper loaded: noti_helper
INFO - 2020-06-02 12:51:13 --> Database Driver Class Initialized
INFO - 2020-06-02 12:51:13 --> Email Class Initialized
DEBUG - 2020-06-02 12:51:13 --> Session: "sess_save_path" is empty; using "session.save_path" value from php.ini.
INFO - 2020-06-02 12:51:13 --> Session: Class initialized using 'files' driver.
INFO - 2020-06-02 12:51:13 --> Controller Class Initialized
INFO - 2020-06-02 12:51:13 --> Model "M_auth" initialized
INFO - 2020-06-02 12:51:13 --> Helper loaded: form_helper
INFO - 2020-06-02 12:51:13 --> Form Validation Class Initialized
DEBUG - 2020-06-02 12:51:13 --> Sc_check class already loaded. Second attempt ignored.
INFO - 2020-06-02 12:51:13 --> Helper loaded: captcha_helper
INFO - 2020-06-02 12:51:13 --> Final output sent to browser
DEBUG - 2020-06-02 12:51:13 --> Total execution time: 0.3346
INFO - 2020-06-02 12:51:21 --> Config Class Initialized
INFO - 2020-06-02 12:51:21 --> Hooks Class Initialized
DEBUG - 2020-06-02 12:51:21 --> UTF-8 Support Enabled
INFO - 2020-06-02 12:51:21 --> Utf8 Class Initialized
INFO - 2020-06-02 12:51:21 --> URI Class Initialized
INFO - 2020-06-02 12:51:21 --> Router Class Initialized
INFO - 2020-06-02 12:51:21 --> Output Class Initialized
INFO - 2020-06-02 12:51:21 --> Security Class Initialized
DEBUG - 2020-06-02 12:51:21 --> Global POST, GET and COOKIE data sanitized
INFO - 2020-06-02 12:51:21 --> Input Class Initialized
INFO - 2020-06-02 12:51:21 --> Language Class Initialized
INFO - 2020-06-02 12:51:21 --> Loader Class Initialized
INFO - 2020-06-02 12:51:21 --> Helper loaded: url_helper
INFO - 2020-06-02 12:51:21 --> Helper loaded: file_helper
INFO - 2020-06-02 12:51:21 --> Helper loaded: string_helper
INFO - 2020-06-02 12:51:21 --> Helper loaded: noti_helper
INFO - 2020-06-02 12:51:21 --> Database Driver Class Initialized
INFO - 2020-06-02 12:51:21 --> Email Class Initialized
DEBUG - 2020-06-02 12:51:21 --> Session: "sess_save_path" is empty; using "session.save_path" value from php.ini.
INFO - 2020-06-02 12:51:21 --> Session: Class initialized using 'files' driver.
INFO - 2020-06-02 12:51:21 --> Controller Class Initialized
INFO - 2020-06-02 12:51:21 --> Model "M_auth" initialized
INFO - 2020-06-02 12:51:21 --> Helper loaded: form_helper
INFO - 2020-06-02 12:51:21 --> Form Validation Class Initialized
DEBUG - 2020-06-02 12:51:21 --> Sc_check class already loaded. Second attempt ignored.
INFO - 2020-06-02 12:51:21 --> Helper loaded: captcha_helper
INFO - 2020-06-02 12:51:21 --> Language file loaded: language/english/form_validation_lang.php
INFO - 2020-06-02 12:51:21 --> ---------------------Success -- Industry Logged in with prathwi@5ine.in and IP aaddress ::1 --------------
INFO - 2020-06-02 12:51:21 --> Config Class Initialized
INFO - 2020-06-02 12:51:21 --> Hooks Class Initialized
DEBUG - 2020-06-02 12:51:21 --> UTF-8 Support Enabled
INFO - 2020-06-02 12:51:21 --> Utf8 Class Initialized
INFO - 2020-06-02 12:51:21 --> URI Class Initialized
INFO - 2020-06-02 12:51:21 --> Router Class Initialized
INFO - 2020-06-02 12:51:21 --> Output Class Initialized
INFO - 2020-06-02 12:51:21 --> Security Class Initialized
DEBUG - 2020-06-02 12:51:21 --> Global POST, GET and COOKIE data sanitized
INFO - 2020-06-02 12:51:21 --> Input Class Initialized
INFO - 2020-06-02 12:51:21 --> Language Class Initialized
INFO - 2020-06-02 12:51:21 --> Loader Class Initialized
INFO - 2020-06-02 12:51:21 --> Helper loaded: url_helper
INFO - 2020-06-02 12:51:21 --> Helper loaded: file_helper
INFO - 2020-06-02 12:51:21 --> Helper loaded: string_helper
INFO - 2020-06-02 12:51:21 --> Helper loaded: noti_helper
INFO - 2020-06-02 12:51:21 --> Database Driver Class Initialized
INFO - 2020-06-02 12:51:21 --> Email Class Initialized
DEBUG - 2020-06-02 12:51:21 --> Session: "sess_save_path" is empty; using "session.save_path" value from php.ini.
INFO - 2020-06-02 12:51:21 --> Session: Class initialized using 'files' driver.
INFO - 2020-06-02 12:51:21 --> Controller Class Initialized
INFO - 2020-06-02 12:51:21 --> Model "M_account" initialized
INFO - 2020-06-02 12:51:21 --> Helper loaded: form_helper
INFO - 2020-06-02 12:51:21 --> Form Validation Class Initialized
DEBUG - 2020-06-02 12:51:21 --> Sc_check class already loaded. Second attempt ignored.
INFO - 2020-06-02 12:51:21 --> Model "M_auth" initialized
INFO - 2020-06-02 12:51:21 --> Model "M_payments" initialized
INFO - 2020-06-02 12:51:21 --> File loaded: C:\xampp\htdocs\scholarship\payment\views\include/header.php
INFO - 2020-06-02 12:51:21 --> File loaded: C:\xampp\htdocs\scholarship\payment\views\include/menu.php
INFO - 2020-06-02 12:51:21 --> File loaded: C:\xampp\htdocs\scholarship\payment\views\include/footer.php
INFO - 2020-06-02 12:51:21 --> File loaded: C:\xampp\htdocs\scholarship\payment\views\include/msg.php
INFO - 2020-06-02 12:51:21 --> File loaded: C:\xampp\htdocs\scholarship\payment\views\account/profile.php
INFO - 2020-06-02 12:51:21 --> Final output sent to browser
DEBUG - 2020-06-02 12:51:21 --> Total execution time: 0.6146
INFO - 2020-06-02 12:51:22 --> Config Class Initialized
INFO - 2020-06-02 12:51:22 --> Config Class Initialized
INFO - 2020-06-02 12:51:22 --> Hooks Class Initialized
INFO - 2020-06-02 12:51:22 --> Hooks Class Initialized
DEBUG - 2020-06-02 12:51:22 --> UTF-8 Support Enabled
INFO - 2020-06-02 12:51:22 --> Config Class Initialized
DEBUG - 2020-06-02 12:51:22 --> UTF-8 Support Enabled
INFO - 2020-06-02 12:51:22 --> Utf8 Class Initialized
INFO - 2020-06-02 12:51:22 --> Utf8 Class Initialized
INFO - 2020-06-02 12:51:22 --> Hooks Class Initialized
INFO - 2020-06-02 12:51:22 --> URI Class Initialized
INFO - 2020-06-02 12:51:22 --> URI Class Initialized
DEBUG - 2020-06-02 12:51:22 --> UTF-8 Support Enabled
INFO - 2020-06-02 12:51:22 --> Utf8 Class Initialized
INFO - 2020-06-02 12:51:22 --> Router Class Initialized
INFO - 2020-06-02 12:51:22 --> Router Class Initialized
INFO - 2020-06-02 12:51:22 --> URI Class Initialized
INFO - 2020-06-02 12:51:22 --> Output Class Initialized
INFO - 2020-06-02 12:51:22 --> Output Class Initialized
INFO - 2020-06-02 12:51:22 --> Security Class Initialized
INFO - 2020-06-02 12:51:22 --> Security Class Initialized
INFO - 2020-06-02 12:51:22 --> Router Class Initialized
DEBUG - 2020-06-02 12:51:22 --> Global POST, GET and COOKIE data sanitized
DEBUG - 2020-06-02 12:51:22 --> Global POST, GET and COOKIE data sanitized
INFO - 2020-06-02 12:51:22 --> Output Class Initialized
INFO - 2020-06-02 12:51:22 --> Input Class Initialized
INFO - 2020-06-02 12:51:22 --> Input Class Initialized
INFO - 2020-06-02 12:51:22 --> Security Class Initialized
INFO - 2020-06-02 12:51:22 --> Language Class Initialized
INFO - 2020-06-02 12:51:22 --> Language Class Initialized
DEBUG - 2020-06-02 12:51:22 --> Global POST, GET and COOKIE data sanitized
INFO - 2020-06-02 12:51:22 --> Input Class Initialized
INFO - 2020-06-02 12:51:22 --> Language Class Initialized
ERROR - 2020-06-02 12:51:22 --> 404 Page Not Found: Show-images/gst
ERROR - 2020-06-02 12:51:22 --> 404 Page Not Found: Show-images/regfile
ERROR - 2020-06-02 12:51:22 --> 404 Page Not Found: Show-images/pan
INFO - 2020-06-02 12:51:24 --> Config Class Initialized
INFO - 2020-06-02 12:51:24 --> Hooks Class Initialized
DEBUG - 2020-06-02 12:51:24 --> UTF-8 Support Enabled
INFO - 2020-06-02 12:51:24 --> Utf8 Class Initialized
INFO - 2020-06-02 12:51:24 --> URI Class Initialized
INFO - 2020-06-02 12:51:24 --> Router Class Initialized
INFO - 2020-06-02 12:51:24 --> Output Class Initialized
INFO - 2020-06-02 12:51:24 --> Security Class Initialized
DEBUG - 2020-06-02 12:51:24 --> Global POST, GET and COOKIE data sanitized
INFO - 2020-06-02 12:51:24 --> Input Class Initialized
INFO - 2020-06-02 12:51:24 --> Language Class Initialized
INFO - 2020-06-02 12:51:24 --> Loader Class Initialized
INFO - 2020-06-02 12:51:24 --> Helper loaded: url_helper
INFO - 2020-06-02 12:51:24 --> Helper loaded: file_helper
INFO - 2020-06-02 12:51:24 --> Helper loaded: string_helper
INFO - 2020-06-02 12:51:24 --> Helper loaded: noti_helper
INFO - 2020-06-02 12:51:24 --> Database Driver Class Initialized
INFO - 2020-06-02 12:51:24 --> Email Class Initialized
DEBUG - 2020-06-02 12:51:24 --> Session: "sess_save_path" is empty; using "session.save_path" value from php.ini.
INFO - 2020-06-02 12:51:24 --> Session: Class initialized using 'files' driver.
INFO - 2020-06-02 12:51:24 --> Controller Class Initialized
INFO - 2020-06-02 12:51:24 --> Model "M_payments" initialized
INFO - 2020-06-02 12:51:24 --> Model "M_auth" initialized
INFO - 2020-06-02 12:51:24 --> Model "M_account" initialized
INFO - 2020-06-02 12:51:24 --> Helper loaded: text_helper
INFO - 2020-06-02 12:51:24 --> Helper loaded: form_helper
INFO - 2020-06-02 12:51:24 --> Form Validation Class Initialized
INFO - 2020-06-02 12:51:24 --> File loaded: C:\xampp\htdocs\scholarship\payment\views\include/header.php
INFO - 2020-06-02 12:51:24 --> File loaded: C:\xampp\htdocs\scholarship\payment\views\include/footer.php
INFO - 2020-06-02 12:51:24 --> File loaded: C:\xampp\htdocs\scholarship\payment\views\include/msg.php
INFO - 2020-06-02 12:51:24 --> File loaded: C:\xampp\htdocs\scholarship\payment\views\payment/make-payment.php
INFO - 2020-06-02 12:51:24 --> Final output sent to browser
DEBUG - 2020-06-02 12:51:24 --> Total execution time: 0.4435
INFO - 2020-06-02 12:51:24 --> Config Class Initialized
INFO - 2020-06-02 12:51:24 --> Hooks Class Initialized
DEBUG - 2020-06-02 12:51:24 --> UTF-8 Support Enabled
INFO - 2020-06-02 12:51:24 --> Utf8 Class Initialized
INFO - 2020-06-02 12:51:25 --> URI Class Initialized
INFO - 2020-06-02 12:51:25 --> Router Class Initialized
INFO - 2020-06-02 12:51:25 --> Output Class Initialized
INFO - 2020-06-02 12:51:25 --> Security Class Initialized
DEBUG - 2020-06-02 12:51:25 --> Global POST, GET and COOKIE data sanitized
INFO - 2020-06-02 12:51:25 --> Input Class Initialized
INFO - 2020-06-02 12:51:25 --> Language Class Initialized
ERROR - 2020-06-02 12:51:25 --> 404 Page Not Found: Assets/image
INFO - 2020-06-02 13:16:26 --> Config Class Initialized
INFO - 2020-06-02 13:16:26 --> Hooks Class Initialized
DEBUG - 2020-06-02 13:16:26 --> UTF-8 Support Enabled
INFO - 2020-06-02 13:16:26 --> Utf8 Class Initialized
INFO - 2020-06-02 13:16:26 --> URI Class Initialized
INFO - 2020-06-02 13:16:26 --> Router Class Initialized
INFO - 2020-06-02 13:16:26 --> Output Class Initialized
INFO - 2020-06-02 13:16:26 --> Security Class Initialized
DEBUG - 2020-06-02 13:16:26 --> Global POST, GET and COOKIE data sanitized
INFO - 2020-06-02 13:16:26 --> Input Class Initialized
INFO - 2020-06-02 13:16:26 --> Language Class Initialized
INFO - 2020-06-02 13:16:27 --> Loader Class Initialized
INFO - 2020-06-02 13:16:27 --> Helper loaded: url_helper
INFO - 2020-06-02 13:16:27 --> Helper loaded: file_helper
INFO - 2020-06-02 13:16:27 --> Helper loaded: string_helper
INFO - 2020-06-02 13:16:27 --> Helper loaded: noti_helper
INFO - 2020-06-02 13:16:27 --> Database Driver Class Initialized
INFO - 2020-06-02 13:16:27 --> Email Class Initialized
DEBUG - 2020-06-02 13:16:27 --> Session: "sess_save_path" is empty; using "session.save_path" value from php.ini.
INFO - 2020-06-02 13:16:27 --> Session: Class initialized using 'files' driver.
INFO - 2020-06-02 13:16:27 --> Controller Class Initialized
INFO - 2020-06-02 13:16:27 --> Model "M_account" initialized
INFO - 2020-06-02 13:16:27 --> Helper loaded: form_helper
INFO - 2020-06-02 13:16:27 --> Form Validation Class Initialized
DEBUG - 2020-06-02 13:16:27 --> Sc_check class already loaded. Second attempt ignored.
INFO - 2020-06-02 13:16:27 --> Model "M_auth" initialized
INFO - 2020-06-02 13:16:27 --> Model "M_payments" initialized
INFO - 2020-06-02 13:16:27 --> File loaded: C:\xampp\htdocs\scholarship\payment\views\include/header.php
INFO - 2020-06-02 13:16:27 --> File loaded: C:\xampp\htdocs\scholarship\payment\views\include/menu.php
INFO - 2020-06-02 13:16:27 --> File loaded: C:\xampp\htdocs\scholarship\payment\views\include/footer.php
INFO - 2020-06-02 13:16:27 --> File loaded: C:\xampp\htdocs\scholarship\payment\views\include/msg.php
INFO - 2020-06-02 13:16:27 --> File loaded: C:\xampp\htdocs\scholarship\payment\views\account/profile.php
INFO - 2020-06-02 13:16:27 --> Final output sent to browser
DEBUG - 2020-06-02 13:16:27 --> Total execution time: 1.1507
INFO - 2020-06-02 13:16:28 --> Config Class Initialized
INFO - 2020-06-02 13:16:28 --> Config Class Initialized
INFO - 2020-06-02 13:16:28 --> Config Class Initialized
INFO - 2020-06-02 13:16:28 --> Hooks Class Initialized
INFO - 2020-06-02 13:16:28 --> Hooks Class Initialized
INFO - 2020-06-02 13:16:28 --> Hooks Class Initialized
DEBUG - 2020-06-02 13:16:28 --> UTF-8 Support Enabled
DEBUG - 2020-06-02 13:16:28 --> UTF-8 Support Enabled
DEBUG - 2020-06-02 13:16:28 --> UTF-8 Support Enabled
INFO - 2020-06-02 13:16:28 --> Utf8 Class Initialized
INFO - 2020-06-02 13:16:28 --> Utf8 Class Initialized
INFO - 2020-06-02 13:16:28 --> URI Class Initialized
INFO - 2020-06-02 13:16:28 --> URI Class Initialized
INFO - 2020-06-02 13:16:28 --> Utf8 Class Initialized
INFO - 2020-06-02 13:16:28 --> URI Class Initialized
INFO - 2020-06-02 13:16:28 --> Router Class Initialized
INFO - 2020-06-02 13:16:28 --> Router Class Initialized
INFO - 2020-06-02 13:16:28 --> Router Class Initialized
INFO - 2020-06-02 13:16:28 --> Output Class Initialized
INFO - 2020-06-02 13:16:28 --> Output Class Initialized
INFO - 2020-06-02 13:16:28 --> Security Class Initialized
INFO - 2020-06-02 13:16:28 --> Security Class Initialized
INFO - 2020-06-02 13:16:28 --> Output Class Initialized
INFO - 2020-06-02 13:16:28 --> Security Class Initialized
DEBUG - 2020-06-02 13:16:28 --> Global POST, GET and COOKIE data sanitized
DEBUG - 2020-06-02 13:16:28 --> Global POST, GET and COOKIE data sanitized
INFO - 2020-06-02 13:16:28 --> Input Class Initialized
INFO - 2020-06-02 13:16:28 --> Input Class Initialized
DEBUG - 2020-06-02 13:16:28 --> Global POST, GET and COOKIE data sanitized
INFO - 2020-06-02 13:16:28 --> Input Class Initialized
INFO - 2020-06-02 13:16:28 --> Language Class Initialized
INFO - 2020-06-02 13:16:28 --> Language Class Initialized
INFO - 2020-06-02 13:16:28 --> Language Class Initialized
ERROR - 2020-06-02 13:16:28 --> 404 Page Not Found: Show-images/regfile
ERROR - 2020-06-02 13:16:28 --> 404 Page Not Found: Show-images/gst
ERROR - 2020-06-02 13:16:28 --> 404 Page Not Found: Show-images/pan
INFO - 2020-06-02 13:16:29 --> Config Class Initialized
INFO - 2020-06-02 13:16:29 --> Hooks Class Initialized
DEBUG - 2020-06-02 13:16:29 --> UTF-8 Support Enabled
INFO - 2020-06-02 13:16:29 --> Utf8 Class Initialized
INFO - 2020-06-02 13:16:29 --> URI Class Initialized
INFO - 2020-06-02 13:16:29 --> Router Class Initialized
INFO - 2020-06-02 13:16:29 --> Output Class Initialized
INFO - 2020-06-02 13:16:29 --> Security Class Initialized
DEBUG - 2020-06-02 13:16:29 --> Global POST, GET and COOKIE data sanitized
INFO - 2020-06-02 13:16:29 --> Input Class Initialized
INFO - 2020-06-02 13:16:29 --> Language Class Initialized
INFO - 2020-06-02 13:16:29 --> Loader Class Initialized
INFO - 2020-06-02 13:16:29 --> Helper loaded: url_helper
INFO - 2020-06-02 13:16:29 --> Helper loaded: file_helper
INFO - 2020-06-02 13:16:29 --> Helper loaded: string_helper
INFO - 2020-06-02 13:16:29 --> Helper loaded: noti_helper
INFO - 2020-06-02 13:16:29 --> Database Driver Class Initialized
INFO - 2020-06-02 13:16:29 --> Email Class Initialized
DEBUG - 2020-06-02 13:16:29 --> Session: "sess_save_path" is empty; using "session.save_path" value from php.ini.
INFO - 2020-06-02 13:16:29 --> Session: Class initialized using 'files' driver.
INFO - 2020-06-02 13:16:29 --> Controller Class Initialized
INFO - 2020-06-02 13:16:29 --> Model "M_payments" initialized
INFO - 2020-06-02 13:16:29 --> Model "M_auth" initialized
INFO - 2020-06-02 13:16:29 --> Model "M_account" initialized
INFO - 2020-06-02 13:16:29 --> Helper loaded: text_helper
INFO - 2020-06-02 13:16:29 --> Helper loaded: form_helper
INFO - 2020-06-02 13:16:29 --> Form Validation Class Initialized
DEBUG - 2020-06-02 13:16:29 --> Encryption_url class already loaded. Second attempt ignored.
INFO - 2020-06-02 13:16:29 --> File loaded: C:\xampp\htdocs\scholarship\payment\views\include/header.php
INFO - 2020-06-02 13:16:29 --> File loaded: C:\xampp\htdocs\scholarship\payment\views\include/menu.php
INFO - 2020-06-02 13:16:29 --> File loaded: C:\xampp\htdocs\scholarship\payment\views\include/footer.php
INFO - 2020-06-02 13:16:29 --> File loaded: C:\xampp\htdocs\scholarship\payment\views\payment/payment-list.php
INFO - 2020-06-02 13:16:29 --> Final output sent to browser
DEBUG - 2020-06-02 13:16:29 --> Total execution time: 0.5696
INFO - 2020-06-02 13:16:33 --> Config Class Initialized
INFO - 2020-06-02 13:16:33 --> Hooks Class Initialized
DEBUG - 2020-06-02 13:16:33 --> UTF-8 Support Enabled
INFO - 2020-06-02 13:16:33 --> Utf8 Class Initialized
INFO - 2020-06-02 13:16:33 --> URI Class Initialized
INFO - 2020-06-02 13:16:33 --> Router Class Initialized
INFO - 2020-06-02 13:16:33 --> Output Class Initialized
INFO - 2020-06-02 13:16:33 --> Security Class Initialized
DEBUG - 2020-06-02 13:16:33 --> Global POST, GET and COOKIE data sanitized
INFO - 2020-06-02 13:16:33 --> Input Class Initialized
INFO - 2020-06-02 13:16:33 --> Language Class Initialized
INFO - 2020-06-02 13:16:33 --> Loader Class Initialized
INFO - 2020-06-02 13:16:33 --> Helper loaded: url_helper
INFO - 2020-06-02 13:16:33 --> Helper loaded: file_helper
INFO - 2020-06-02 13:16:33 --> Helper loaded: string_helper
INFO - 2020-06-02 13:16:33 --> Helper loaded: noti_helper
INFO - 2020-06-02 13:16:33 --> Database Driver Class Initialized
INFO - 2020-06-02 13:16:33 --> Email Class Initialized
DEBUG - 2020-06-02 13:16:33 --> Session: "sess_save_path" is empty; using "session.save_path" value from php.ini.
INFO - 2020-06-02 13:16:33 --> Session: Class initialized using 'files' driver.
INFO - 2020-06-02 13:16:33 --> Controller Class Initialized
INFO - 2020-06-02 13:16:33 --> Model "M_payments" initialized
INFO - 2020-06-02 13:16:33 --> Model "M_auth" initialized
INFO - 2020-06-02 13:16:33 --> Model "M_account" initialized
INFO - 2020-06-02 13:16:34 --> Helper loaded: text_helper
INFO - 2020-06-02 13:16:34 --> Helper loaded: form_helper
INFO - 2020-06-02 13:16:34 --> Form Validation Class Initialized
DEBUG - 2020-06-02 13:16:34 --> Encryption_url class already loaded. Second attempt ignored.
INFO - 2020-06-02 13:16:34 --> File loaded: C:\xampp\htdocs\scholarship\payment\views\include/header.php
INFO - 2020-06-02 13:16:34 --> File loaded: C:\xampp\htdocs\scholarship\payment\views\include/footer.php
INFO - 2020-06-02 13:16:34 --> File loaded: C:\xampp\htdocs\scholarship\payment\views\payment/reciept.php
INFO - 2020-06-02 13:16:34 --> Final output sent to browser
DEBUG - 2020-06-02 13:16:34 --> Total execution time: 0.3255
INFO - 2020-06-02 13:17:11 --> Config Class Initialized
INFO - 2020-06-02 13:17:11 --> Hooks Class Initialized
DEBUG - 2020-06-02 13:17:11 --> UTF-8 Support Enabled
INFO - 2020-06-02 13:17:11 --> Utf8 Class Initialized
INFO - 2020-06-02 13:17:11 --> URI Class Initialized
INFO - 2020-06-02 13:17:11 --> Router Class Initialized
INFO - 2020-06-02 13:17:11 --> Output Class Initialized
INFO - 2020-06-02 13:17:12 --> Security Class Initialized
DEBUG - 2020-06-02 13:17:12 --> Global POST, GET and COOKIE data sanitized
INFO - 2020-06-02 13:17:12 --> Input Class Initialized
INFO - 2020-06-02 13:17:12 --> Language Class Initialized
INFO - 2020-06-02 13:17:12 --> Loader Class Initialized
INFO - 2020-06-02 13:17:12 --> Helper loaded: url_helper
INFO - 2020-06-02 13:17:12 --> Helper loaded: file_helper
INFO - 2020-06-02 13:17:12 --> Helper loaded: string_helper
INFO - 2020-06-02 13:17:12 --> Helper loaded: noti_helper
INFO - 2020-06-02 13:17:12 --> Database Driver Class Initialized
INFO - 2020-06-02 13:17:12 --> Email Class Initialized
DEBUG - 2020-06-02 13:17:12 --> Session: "sess_save_path" is empty; using "session.save_path" value from php.ini.
INFO - 2020-06-02 13:17:12 --> Session: Class initialized using 'files' driver.
INFO - 2020-06-02 13:17:12 --> Controller Class Initialized
INFO - 2020-06-02 13:17:12 --> Model "M_payments" initialized
INFO - 2020-06-02 13:17:12 --> Model "M_auth" initialized
INFO - 2020-06-02 13:17:12 --> Model "M_account" initialized
INFO - 2020-06-02 13:17:12 --> Helper loaded: text_helper
INFO - 2020-06-02 13:17:12 --> Helper loaded: form_helper
INFO - 2020-06-02 13:17:12 --> Form Validation Class Initialized
DEBUG - 2020-06-02 13:17:12 --> Encryption_url class already loaded. Second attempt ignored.
INFO - 2020-06-02 13:17:12 --> File loaded: C:\xampp\htdocs\scholarship\payment\views\include/header.php
INFO - 2020-06-02 13:17:12 --> File loaded: C:\xampp\htdocs\scholarship\payment\views\include/footer.php
INFO - 2020-06-02 13:17:12 --> File loaded: C:\xampp\htdocs\scholarship\payment\views\payment/reciept.php
INFO - 2020-06-02 13:17:12 --> Final output sent to browser
DEBUG - 2020-06-02 13:17:12 --> Total execution time: 0.3322
INFO - 2020-06-02 13:17:29 --> Config Class Initialized
INFO - 2020-06-02 13:17:29 --> Hooks Class Initialized
DEBUG - 2020-06-02 13:17:29 --> UTF-8 Support Enabled
INFO - 2020-06-02 13:17:29 --> Utf8 Class Initialized
INFO - 2020-06-02 13:17:29 --> URI Class Initialized
INFO - 2020-06-02 13:17:29 --> Router Class Initialized
INFO - 2020-06-02 13:17:29 --> Output Class Initialized
INFO - 2020-06-02 13:17:29 --> Security Class Initialized
DEBUG - 2020-06-02 13:17:29 --> Global POST, GET and COOKIE data sanitized
INFO - 2020-06-02 13:17:29 --> Input Class Initialized
INFO - 2020-06-02 13:17:29 --> Language Class Initialized
INFO - 2020-06-02 13:17:29 --> Loader Class Initialized
INFO - 2020-06-02 13:17:29 --> Helper loaded: url_helper
INFO - 2020-06-02 13:17:29 --> Helper loaded: file_helper
INFO - 2020-06-02 13:17:29 --> Helper loaded: string_helper
INFO - 2020-06-02 13:17:29 --> Helper loaded: noti_helper
INFO - 2020-06-02 13:17:29 --> Database Driver Class Initialized
INFO - 2020-06-02 13:17:29 --> Email Class Initialized
DEBUG - 2020-06-02 13:17:29 --> Session: "sess_save_path" is empty; using "session.save_path" value from php.ini.
INFO - 2020-06-02 13:17:29 --> Session: Class initialized using 'files' driver.
INFO - 2020-06-02 13:17:29 --> Controller Class Initialized
INFO - 2020-06-02 13:17:29 --> Model "M_payments" initialized
INFO - 2020-06-02 13:17:29 --> Model "M_auth" initialized
INFO - 2020-06-02 13:17:29 --> Model "M_account" initialized
INFO - 2020-06-02 13:17:29 --> Helper loaded: text_helper
INFO - 2020-06-02 13:17:29 --> Helper loaded: form_helper
INFO - 2020-06-02 13:17:29 --> Form Validation Class Initialized
DEBUG - 2020-06-02 13:17:29 --> Encryption_url class already loaded. Second attempt ignored.
INFO - 2020-06-02 13:17:29 --> File loaded: C:\xampp\htdocs\scholarship\payment\views\include/header.php
INFO - 2020-06-02 13:17:29 --> File loaded: C:\xampp\htdocs\scholarship\payment\views\include/footer.php
INFO - 2020-06-02 13:17:29 --> File loaded: C:\xampp\htdocs\scholarship\payment\views\payment/reciept.php
INFO - 2020-06-02 13:17:29 --> Final output sent to browser
DEBUG - 2020-06-02 13:17:29 --> Total execution time: 0.3227
INFO - 2020-06-02 13:17:50 --> Config Class Initialized
INFO - 2020-06-02 13:17:50 --> Hooks Class Initialized
DEBUG - 2020-06-02 13:17:50 --> UTF-8 Support Enabled
INFO - 2020-06-02 13:17:50 --> Utf8 Class Initialized
INFO - 2020-06-02 13:17:50 --> URI Class Initialized
INFO - 2020-06-02 13:17:50 --> Router Class Initialized
INFO - 2020-06-02 13:17:50 --> Output Class Initialized
INFO - 2020-06-02 13:17:50 --> Security Class Initialized
DEBUG - 2020-06-02 13:17:50 --> Global POST, GET and COOKIE data sanitized
INFO - 2020-06-02 13:17:50 --> Input Class Initialized
INFO - 2020-06-02 13:17:50 --> Language Class Initialized
INFO - 2020-06-02 13:17:50 --> Loader Class Initialized
INFO - 2020-06-02 13:17:50 --> Helper loaded: url_helper
INFO - 2020-06-02 13:17:50 --> Helper loaded: file_helper
INFO - 2020-06-02 13:17:50 --> Helper loaded: string_helper
INFO - 2020-06-02 13:17:50 --> Helper loaded: noti_helper
INFO - 2020-06-02 13:17:50 --> Database Driver Class Initialized
INFO - 2020-06-02 13:17:50 --> Email Class Initialized
DEBUG - 2020-06-02 13:17:50 --> Session: "sess_save_path" is empty; using "session.save_path" value from php.ini.
INFO - 2020-06-02 13:17:50 --> Session: Class initialized using 'files' driver.
INFO - 2020-06-02 13:17:50 --> Controller Class Initialized
INFO - 2020-06-02 13:17:51 --> Model "M_payments" initialized
INFO - 2020-06-02 13:17:51 --> Model "M_auth" initialized
INFO - 2020-06-02 13:17:51 --> Model "M_account" initialized
INFO - 2020-06-02 13:17:51 --> Helper loaded: text_helper
INFO - 2020-06-02 13:17:51 --> Helper loaded: form_helper
INFO - 2020-06-02 13:17:51 --> Form Validation Class Initialized
DEBUG - 2020-06-02 13:17:51 --> Encryption_url class already loaded. Second attempt ignored.
INFO - 2020-06-02 13:17:51 --> File loaded: C:\xampp\htdocs\scholarship\payment\views\include/header.php
INFO - 2020-06-02 13:17:51 --> File loaded: C:\xampp\htdocs\scholarship\payment\views\include/footer.php
INFO - 2020-06-02 13:17:51 --> File loaded: C:\xampp\htdocs\scholarship\payment\views\payment/reciept.php
INFO - 2020-06-02 13:17:51 --> Final output sent to browser
DEBUG - 2020-06-02 13:17:51 --> Total execution time: 0.5566
INFO - 2020-06-02 13:24:33 --> Config Class Initialized
INFO - 2020-06-02 13:24:33 --> Hooks Class Initialized
DEBUG - 2020-06-02 13:24:33 --> UTF-8 Support Enabled
INFO - 2020-06-02 13:24:33 --> Utf8 Class Initialized
INFO - 2020-06-02 13:24:33 --> URI Class Initialized
INFO - 2020-06-02 13:24:33 --> Router Class Initialized
INFO - 2020-06-02 13:24:33 --> Output Class Initialized
INFO - 2020-06-02 13:24:33 --> Security Class Initialized
DEBUG - 2020-06-02 13:24:33 --> Global POST, GET and COOKIE data sanitized
INFO - 2020-06-02 13:24:33 --> Input Class Initialized
INFO - 2020-06-02 13:24:33 --> Language Class Initialized
INFO - 2020-06-02 13:24:33 --> Loader Class Initialized
INFO - 2020-06-02 13:24:33 --> Helper loaded: url_helper
INFO - 2020-06-02 13:24:33 --> Helper loaded: file_helper
INFO - 2020-06-02 13:24:33 --> Helper loaded: string_helper
INFO - 2020-06-02 13:24:33 --> Helper loaded: noti_helper
INFO - 2020-06-02 13:24:33 --> Database Driver Class Initialized
INFO - 2020-06-02 13:24:33 --> Email Class Initialized
DEBUG - 2020-06-02 13:24:33 --> Session: "sess_save_path" is empty; using "session.save_path" value from php.ini.
INFO - 2020-06-02 13:24:34 --> Session: Class initialized using 'files' driver.
INFO - 2020-06-02 13:24:34 --> Controller Class Initialized
INFO - 2020-06-02 13:24:34 --> Model "M_payments" initialized
INFO - 2020-06-02 13:24:34 --> Model "M_auth" initialized
INFO - 2020-06-02 13:24:34 --> Model "M_account" initialized
INFO - 2020-06-02 13:24:34 --> Helper loaded: text_helper
INFO - 2020-06-02 13:24:34 --> Helper loaded: form_helper
INFO - 2020-06-02 13:24:34 --> Form Validation Class Initialized
DEBUG - 2020-06-02 13:24:34 --> Encryption_url class already loaded. Second attempt ignored.
INFO - 2020-06-02 13:24:34 --> File loaded: C:\xampp\htdocs\scholarship\payment\views\include/header.php
INFO - 2020-06-02 13:24:34 --> File loaded: C:\xampp\htdocs\scholarship\payment\views\include/footer.php
INFO - 2020-06-02 13:24:34 --> File loaded: C:\xampp\htdocs\scholarship\payment\views\payment/reciept.php
INFO - 2020-06-02 13:24:34 --> Final output sent to browser
DEBUG - 2020-06-02 13:24:34 --> Total execution time: 0.3536
INFO - 2020-06-02 14:00:18 --> Config Class Initialized
INFO - 2020-06-02 14:00:18 --> Hooks Class Initialized
DEBUG - 2020-06-02 14:00:18 --> UTF-8 Support Enabled
INFO - 2020-06-02 14:00:18 --> Utf8 Class Initialized
INFO - 2020-06-02 14:00:18 --> URI Class Initialized
INFO - 2020-06-02 14:00:18 --> Router Class Initialized
INFO - 2020-06-02 14:00:18 --> Output Class Initialized
INFO - 2020-06-02 14:00:18 --> Security Class Initialized
DEBUG - 2020-06-02 14:00:18 --> Global POST, GET and COOKIE data sanitized
INFO - 2020-06-02 14:00:18 --> Input Class Initialized
INFO - 2020-06-02 14:00:18 --> Language Class Initialized
INFO - 2020-06-02 14:00:18 --> Loader Class Initialized
INFO - 2020-06-02 14:00:18 --> Helper loaded: url_helper
INFO - 2020-06-02 14:00:18 --> Helper loaded: file_helper
INFO - 2020-06-02 14:00:18 --> Helper loaded: string_helper
INFO - 2020-06-02 14:00:18 --> Helper loaded: noti_helper
INFO - 2020-06-02 14:00:18 --> Database Driver Class Initialized
INFO - 2020-06-02 14:00:18 --> Email Class Initialized
DEBUG - 2020-06-02 14:00:18 --> Session: "sess_save_path" is empty; using "session.save_path" value from php.ini.
INFO - 2020-06-02 14:00:18 --> Session: Class initialized using 'files' driver.
INFO - 2020-06-02 14:00:18 --> Controller Class Initialized
INFO - 2020-06-02 14:00:18 --> Model "M_payments" initialized
INFO - 2020-06-02 14:00:18 --> Model "M_auth" initialized
INFO - 2020-06-02 14:00:18 --> Model "M_account" initialized
INFO - 2020-06-02 14:00:18 --> Helper loaded: text_helper
INFO - 2020-06-02 14:00:18 --> Helper loaded: form_helper
INFO - 2020-06-02 14:00:18 --> Form Validation Class Initialized
DEBUG - 2020-06-02 14:00:18 --> Encryption_url class already loaded. Second attempt ignored.
INFO - 2020-06-02 14:00:18 --> File loaded: C:\xampp\htdocs\scholarship\payment\views\include/header.php
INFO - 2020-06-02 14:00:18 --> File loaded: C:\xampp\htdocs\scholarship\payment\views\include/footer.php
INFO - 2020-06-02 14:00:18 --> File loaded: C:\xampp\htdocs\scholarship\payment\views\payment/reciept.php
INFO - 2020-06-02 14:00:18 --> Final output sent to browser
DEBUG - 2020-06-02 14:00:18 --> Total execution time: 0.3457
INFO - 2020-06-02 14:02:06 --> Config Class Initialized
INFO - 2020-06-02 14:02:06 --> Hooks Class Initialized
DEBUG - 2020-06-02 14:02:06 --> UTF-8 Support Enabled
INFO - 2020-06-02 14:02:06 --> Utf8 Class Initialized
INFO - 2020-06-02 14:02:06 --> URI Class Initialized
INFO - 2020-06-02 14:02:06 --> Router Class Initialized
INFO - 2020-06-02 14:02:06 --> Output Class Initialized
INFO - 2020-06-02 14:02:06 --> Security Class Initialized
DEBUG - 2020-06-02 14:02:06 --> Global POST, GET and COOKIE data sanitized
INFO - 2020-06-02 14:02:06 --> Input Class Initialized
INFO - 2020-06-02 14:02:06 --> Language Class Initialized
INFO - 2020-06-02 14:02:06 --> Loader Class Initialized
INFO - 2020-06-02 14:02:06 --> Helper loaded: url_helper
INFO - 2020-06-02 14:02:06 --> Helper loaded: file_helper
INFO - 2020-06-02 14:02:06 --> Helper loaded: string_helper
INFO - 2020-06-02 14:02:06 --> Helper loaded: noti_helper
INFO - 2020-06-02 14:02:06 --> Database Driver Class Initialized
INFO - 2020-06-02 14:02:06 --> Email Class Initialized
DEBUG - 2020-06-02 14:02:06 --> Session: "sess_save_path" is empty; using "session.save_path" value from php.ini.
INFO - 2020-06-02 14:02:06 --> Session: Class initialized using 'files' driver.
INFO - 2020-06-02 14:02:06 --> Controller Class Initialized
INFO - 2020-06-02 14:02:06 --> Model "M_payments" initialized
INFO - 2020-06-02 14:02:06 --> Model "M_auth" initialized
INFO - 2020-06-02 14:02:06 --> Model "M_account" initialized
INFO - 2020-06-02 14:02:06 --> Helper loaded: text_helper
INFO - 2020-06-02 14:02:06 --> Helper loaded: form_helper
INFO - 2020-06-02 14:02:06 --> Form Validation Class Initialized
DEBUG - 2020-06-02 14:02:06 --> Encryption_url class already loaded. Second attempt ignored.
INFO - 2020-06-02 14:02:06 --> File loaded: C:\xampp\htdocs\scholarship\payment\views\include/header.php
INFO - 2020-06-02 14:02:06 --> File loaded: C:\xampp\htdocs\scholarship\payment\views\include/footer.php
INFO - 2020-06-02 14:02:06 --> File loaded: C:\xampp\htdocs\scholarship\payment\views\payment/reciept.php
INFO - 2020-06-02 14:02:06 --> Final output sent to browser
DEBUG - 2020-06-02 14:02:06 --> Total execution time: 0.3378
INFO - 2020-06-02 14:02:53 --> Config Class Initialized
INFO - 2020-06-02 14:02:53 --> Hooks Class Initialized
DEBUG - 2020-06-02 14:02:53 --> UTF-8 Support Enabled
INFO - 2020-06-02 14:02:53 --> Utf8 Class Initialized
INFO - 2020-06-02 14:02:53 --> URI Class Initialized
INFO - 2020-06-02 14:02:53 --> Router Class Initialized
INFO - 2020-06-02 14:02:53 --> Output Class Initialized
INFO - 2020-06-02 14:02:53 --> Security Class Initialized
DEBUG - 2020-06-02 14:02:53 --> Global POST, GET and COOKIE data sanitized
INFO - 2020-06-02 14:02:53 --> Input Class Initialized
INFO - 2020-06-02 14:02:53 --> Language Class Initialized
INFO - 2020-06-02 14:02:53 --> Loader Class Initialized
INFO - 2020-06-02 14:02:53 --> Helper loaded: url_helper
INFO - 2020-06-02 14:02:53 --> Helper loaded: file_helper
INFO - 2020-06-02 14:02:53 --> Helper loaded: string_helper
INFO - 2020-06-02 14:02:53 --> Helper loaded: noti_helper
INFO - 2020-06-02 14:02:53 --> Database Driver Class Initialized
INFO - 2020-06-02 14:02:53 --> Email Class Initialized
DEBUG - 2020-06-02 14:02:53 --> Session: "sess_save_path" is empty; using "session.save_path" value from php.ini.
INFO - 2020-06-02 14:02:53 --> Session: Class initialized using 'files' driver.
INFO - 2020-06-02 14:02:53 --> Controller Class Initialized
INFO - 2020-06-02 14:02:53 --> Model "M_payments" initialized
INFO - 2020-06-02 14:02:53 --> Model "M_auth" initialized
INFO - 2020-06-02 14:02:53 --> Model "M_account" initialized
INFO - 2020-06-02 14:02:53 --> Helper loaded: text_helper
INFO - 2020-06-02 14:02:53 --> Helper loaded: form_helper
INFO - 2020-06-02 14:02:53 --> Form Validation Class Initialized
DEBUG - 2020-06-02 14:02:53 --> Encryption_url class already loaded. Second attempt ignored.
INFO - 2020-06-02 14:02:53 --> File loaded: C:\xampp\htdocs\scholarship\payment\views\include/header.php
INFO - 2020-06-02 14:02:53 --> File loaded: C:\xampp\htdocs\scholarship\payment\views\include/footer.php
INFO - 2020-06-02 14:02:53 --> File loaded: C:\xampp\htdocs\scholarship\payment\views\payment/reciept.php
INFO - 2020-06-02 14:02:53 --> Final output sent to browser
DEBUG - 2020-06-02 14:02:53 --> Total execution time: 0.3246
INFO - 2020-06-02 14:03:16 --> Config Class Initialized
INFO - 2020-06-02 14:03:16 --> Hooks Class Initialized
DEBUG - 2020-06-02 14:03:16 --> UTF-8 Support Enabled
INFO - 2020-06-02 14:03:16 --> Utf8 Class Initialized
INFO - 2020-06-02 14:03:16 --> URI Class Initialized
INFO - 2020-06-02 14:03:16 --> Router Class Initialized
INFO - 2020-06-02 14:03:16 --> Output Class Initialized
INFO - 2020-06-02 14:03:16 --> Security Class Initialized
DEBUG - 2020-06-02 14:03:16 --> Global POST, GET and COOKIE data sanitized
INFO - 2020-06-02 14:03:16 --> Input Class Initialized
INFO - 2020-06-02 14:03:16 --> Language Class Initialized
INFO - 2020-06-02 14:03:16 --> Loader Class Initialized
INFO - 2020-06-02 14:03:16 --> Helper loaded: url_helper
INFO - 2020-06-02 14:03:16 --> Helper loaded: file_helper
INFO - 2020-06-02 14:03:16 --> Helper loaded: string_helper
INFO - 2020-06-02 14:03:16 --> Helper loaded: noti_helper
INFO - 2020-06-02 14:03:16 --> Database Driver Class Initialized
INFO - 2020-06-02 14:03:16 --> Email Class Initialized
DEBUG - 2020-06-02 14:03:16 --> Session: "sess_save_path" is empty; using "session.save_path" value from php.ini.
INFO - 2020-06-02 14:03:16 --> Session: Class initialized using 'files' driver.
INFO - 2020-06-02 14:03:16 --> Controller Class Initialized
INFO - 2020-06-02 14:03:16 --> Model "M_payments" initialized
INFO - 2020-06-02 14:03:16 --> Model "M_auth" initialized
INFO - 2020-06-02 14:03:16 --> Model "M_account" initialized
INFO - 2020-06-02 14:03:16 --> Helper loaded: text_helper
INFO - 2020-06-02 14:03:16 --> Helper loaded: form_helper
INFO - 2020-06-02 14:03:16 --> Form Validation Class Initialized
DEBUG - 2020-06-02 14:03:16 --> Encryption_url class already loaded. Second attempt ignored.
INFO - 2020-06-02 14:03:16 --> File loaded: C:\xampp\htdocs\scholarship\payment\views\include/header.php
INFO - 2020-06-02 14:03:16 --> File loaded: C:\xampp\htdocs\scholarship\payment\views\include/footer.php
INFO - 2020-06-02 14:03:16 --> File loaded: C:\xampp\htdocs\scholarship\payment\views\payment/reciept.php
INFO - 2020-06-02 14:03:16 --> Final output sent to browser
DEBUG - 2020-06-02 14:03:16 --> Total execution time: 0.3510
INFO - 2020-06-02 14:04:16 --> Config Class Initialized
INFO - 2020-06-02 14:04:16 --> Hooks Class Initialized
DEBUG - 2020-06-02 14:04:16 --> UTF-8 Support Enabled
INFO - 2020-06-02 14:04:16 --> Utf8 Class Initialized
INFO - 2020-06-02 14:04:16 --> URI Class Initialized
INFO - 2020-06-02 14:04:16 --> Router Class Initialized
INFO - 2020-06-02 14:04:16 --> Output Class Initialized
INFO - 2020-06-02 14:04:16 --> Security Class Initialized
DEBUG - 2020-06-02 14:04:16 --> Global POST, GET and COOKIE data sanitized
INFO - 2020-06-02 14:04:16 --> Input Class Initialized
INFO - 2020-06-02 14:04:16 --> Language Class Initialized
INFO - 2020-06-02 14:04:16 --> Loader Class Initialized
INFO - 2020-06-02 14:04:16 --> Helper loaded: url_helper
INFO - 2020-06-02 14:04:16 --> Helper loaded: file_helper
INFO - 2020-06-02 14:04:16 --> Helper loaded: string_helper
INFO - 2020-06-02 14:04:16 --> Helper loaded: noti_helper
INFO - 2020-06-02 14:04:16 --> Database Driver Class Initialized
INFO - 2020-06-02 14:04:16 --> Email Class Initialized
DEBUG - 2020-06-02 14:04:16 --> Session: "sess_save_path" is empty; using "session.save_path" value from php.ini.
INFO - 2020-06-02 14:04:16 --> Session: Class initialized using 'files' driver.
INFO - 2020-06-02 14:04:16 --> Controller Class Initialized
INFO - 2020-06-02 14:04:16 --> Model "M_payments" initialized
INFO - 2020-06-02 14:04:16 --> Model "M_auth" initialized
INFO - 2020-06-02 14:04:16 --> Model "M_account" initialized
INFO - 2020-06-02 14:04:17 --> Helper loaded: text_helper
INFO - 2020-06-02 14:04:17 --> Helper loaded: form_helper
INFO - 2020-06-02 14:04:17 --> Form Validation Class Initialized
DEBUG - 2020-06-02 14:04:17 --> Encryption_url class already loaded. Second attempt ignored.
INFO - 2020-06-02 14:04:17 --> File loaded: C:\xampp\htdocs\scholarship\payment\views\include/header.php
INFO - 2020-06-02 14:04:17 --> File loaded: C:\xampp\htdocs\scholarship\payment\views\include/footer.php
INFO - 2020-06-02 14:04:17 --> File loaded: C:\xampp\htdocs\scholarship\payment\views\payment/reciept.php
INFO - 2020-06-02 14:04:17 --> Final output sent to browser
DEBUG - 2020-06-02 14:04:17 --> Total execution time: 0.3374
INFO - 2020-06-02 14:09:03 --> Config Class Initialized
INFO - 2020-06-02 14:09:03 --> Hooks Class Initialized
DEBUG - 2020-06-02 14:09:03 --> UTF-8 Support Enabled
INFO - 2020-06-02 14:09:03 --> Utf8 Class Initialized
INFO - 2020-06-02 14:09:03 --> URI Class Initialized
INFO - 2020-06-02 14:09:03 --> Router Class Initialized
INFO - 2020-06-02 14:09:03 --> Output Class Initialized
INFO - 2020-06-02 14:09:03 --> Security Class Initialized
DEBUG - 2020-06-02 14:09:03 --> Global POST, GET and COOKIE data sanitized
INFO - 2020-06-02 14:09:03 --> Input Class Initialized
INFO - 2020-06-02 14:09:03 --> Language Class Initialized
INFO - 2020-06-02 14:09:03 --> Loader Class Initialized
INFO - 2020-06-02 14:09:03 --> Helper loaded: url_helper
INFO - 2020-06-02 14:09:03 --> Helper loaded: file_helper
INFO - 2020-06-02 14:09:03 --> Helper loaded: string_helper
INFO - 2020-06-02 14:09:03 --> Helper loaded: noti_helper
INFO - 2020-06-02 14:09:03 --> Database Driver Class Initialized
INFO - 2020-06-02 14:09:03 --> Email Class Initialized
DEBUG - 2020-06-02 14:09:03 --> Session: "sess_save_path" is empty; using "session.save_path" value from php.ini.
INFO - 2020-06-02 14:09:03 --> Session: Class initialized using 'files' driver.
INFO - 2020-06-02 14:09:03 --> Controller Class Initialized
INFO - 2020-06-02 14:09:03 --> Model "M_payments" initialized
INFO - 2020-06-02 14:09:03 --> Model "M_auth" initialized
INFO - 2020-06-02 14:09:03 --> Model "M_account" initialized
INFO - 2020-06-02 14:09:03 --> Helper loaded: text_helper
INFO - 2020-06-02 14:09:03 --> Helper loaded: form_helper
INFO - 2020-06-02 14:09:03 --> Form Validation Class Initialized
DEBUG - 2020-06-02 14:09:03 --> Encryption_url class already loaded. Second attempt ignored.
INFO - 2020-06-02 14:09:03 --> File loaded: C:\xampp\htdocs\scholarship\payment\views\include/header.php
INFO - 2020-06-02 14:09:03 --> File loaded: C:\xampp\htdocs\scholarship\payment\views\include/footer.php
INFO - 2020-06-02 14:09:03 --> File loaded: C:\xampp\htdocs\scholarship\payment\views\payment/reciept.php
INFO - 2020-06-02 14:09:03 --> Final output sent to browser
DEBUG - 2020-06-02 14:09:03 --> Total execution time: 0.3372
INFO - 2020-06-02 14:09:15 --> Config Class Initialized
INFO - 2020-06-02 14:09:15 --> Hooks Class Initialized
DEBUG - 2020-06-02 14:09:15 --> UTF-8 Support Enabled
INFO - 2020-06-02 14:09:15 --> Utf8 Class Initialized
INFO - 2020-06-02 14:09:15 --> URI Class Initialized
INFO - 2020-06-02 14:09:15 --> Router Class Initialized
INFO - 2020-06-02 14:09:15 --> Output Class Initialized
INFO - 2020-06-02 14:09:15 --> Security Class Initialized
DEBUG - 2020-06-02 14:09:15 --> Global POST, GET and COOKIE data sanitized
INFO - 2020-06-02 14:09:15 --> Input Class Initialized
INFO - 2020-06-02 14:09:15 --> Language Class Initialized
INFO - 2020-06-02 14:09:15 --> Loader Class Initialized
INFO - 2020-06-02 14:09:15 --> Helper loaded: url_helper
INFO - 2020-06-02 14:09:15 --> Helper loaded: file_helper
INFO - 2020-06-02 14:09:15 --> Helper loaded: string_helper
INFO - 2020-06-02 14:09:15 --> Helper loaded: noti_helper
INFO - 2020-06-02 14:09:15 --> Database Driver Class Initialized
INFO - 2020-06-02 14:09:15 --> Email Class Initialized
DEBUG - 2020-06-02 14:09:15 --> Session: "sess_save_path" is empty; using "session.save_path" value from php.ini.
INFO - 2020-06-02 14:09:15 --> Session: Class initialized using 'files' driver.
INFO - 2020-06-02 14:09:15 --> Controller Class Initialized
INFO - 2020-06-02 14:09:15 --> Model "M_payments" initialized
INFO - 2020-06-02 14:09:15 --> Model "M_auth" initialized
INFO - 2020-06-02 14:09:15 --> Model "M_account" initialized
INFO - 2020-06-02 14:09:15 --> Helper loaded: text_helper
INFO - 2020-06-02 14:09:15 --> Helper loaded: form_helper
INFO - 2020-06-02 14:09:15 --> Form Validation Class Initialized
DEBUG - 2020-06-02 14:09:15 --> Encryption_url class already loaded. Second attempt ignored.
INFO - 2020-06-02 14:09:15 --> File loaded: C:\xampp\htdocs\scholarship\payment\views\include/header.php
INFO - 2020-06-02 14:09:15 --> File loaded: C:\xampp\htdocs\scholarship\payment\views\include/footer.php
INFO - 2020-06-02 14:09:15 --> File loaded: C:\xampp\htdocs\scholarship\payment\views\payment/reciept.php
INFO - 2020-06-02 14:09:15 --> Final output sent to browser
DEBUG - 2020-06-02 14:09:15 --> Total execution time: 0.3106
INFO - 2020-06-02 14:10:07 --> Config Class Initialized
INFO - 2020-06-02 14:10:07 --> Hooks Class Initialized
DEBUG - 2020-06-02 14:10:07 --> UTF-8 Support Enabled
INFO - 2020-06-02 14:10:07 --> Utf8 Class Initialized
INFO - 2020-06-02 14:10:07 --> URI Class Initialized
INFO - 2020-06-02 14:10:07 --> Router Class Initialized
INFO - 2020-06-02 14:10:07 --> Output Class Initialized
INFO - 2020-06-02 14:10:07 --> Security Class Initialized
DEBUG - 2020-06-02 14:10:07 --> Global POST, GET and COOKIE data sanitized
INFO - 2020-06-02 14:10:07 --> Input Class Initialized
INFO - 2020-06-02 14:10:07 --> Language Class Initialized
INFO - 2020-06-02 14:10:07 --> Loader Class Initialized
INFO - 2020-06-02 14:10:07 --> Helper loaded: url_helper
INFO - 2020-06-02 14:10:07 --> Helper loaded: file_helper
INFO - 2020-06-02 14:10:07 --> Helper loaded: string_helper
INFO - 2020-06-02 14:10:07 --> Helper loaded: noti_helper
INFO - 2020-06-02 14:10:07 --> Database Driver Class Initialized
INFO - 2020-06-02 14:10:07 --> Email Class Initialized
DEBUG - 2020-06-02 14:10:07 --> Session: "sess_save_path" is empty; using "session.save_path" value from php.ini.
INFO - 2020-06-02 14:10:07 --> Session: Class initialized using 'files' driver.
INFO - 2020-06-02 14:10:07 --> Controller Class Initialized
INFO - 2020-06-02 14:10:07 --> Model "M_payments" initialized
INFO - 2020-06-02 14:10:07 --> Model "M_auth" initialized
INFO - 2020-06-02 14:10:07 --> Model "M_account" initialized
INFO - 2020-06-02 14:10:07 --> Helper loaded: text_helper
INFO - 2020-06-02 14:10:07 --> Helper loaded: form_helper
INFO - 2020-06-02 14:10:07 --> Form Validation Class Initialized
DEBUG - 2020-06-02 14:10:07 --> Encryption_url class already loaded. Second attempt ignored.
INFO - 2020-06-02 14:10:07 --> File loaded: C:\xampp\htdocs\scholarship\payment\views\include/header.php
INFO - 2020-06-02 14:10:07 --> File loaded: C:\xampp\htdocs\scholarship\payment\views\include/footer.php
INFO - 2020-06-02 14:10:07 --> File loaded: C:\xampp\htdocs\scholarship\payment\views\payment/reciept.php
INFO - 2020-06-02 14:10:07 --> Final output sent to browser
DEBUG - 2020-06-02 14:10:07 --> Total execution time: 0.3446
INFO - 2020-06-02 14:12:17 --> Config Class Initialized
INFO - 2020-06-02 14:12:17 --> Hooks Class Initialized
DEBUG - 2020-06-02 14:12:17 --> UTF-8 Support Enabled
INFO - 2020-06-02 14:12:17 --> Utf8 Class Initialized
INFO - 2020-06-02 14:12:17 --> URI Class Initialized
INFO - 2020-06-02 14:12:17 --> Router Class Initialized
INFO - 2020-06-02 14:12:17 --> Output Class Initialized
INFO - 2020-06-02 14:12:17 --> Security Class Initialized
DEBUG - 2020-06-02 14:12:17 --> Global POST, GET and COOKIE data sanitized
INFO - 2020-06-02 14:12:17 --> Input Class Initialized
INFO - 2020-06-02 14:12:17 --> Language Class Initialized
INFO - 2020-06-02 14:12:17 --> Loader Class Initialized
INFO - 2020-06-02 14:12:17 --> Helper loaded: url_helper
INFO - 2020-06-02 14:12:17 --> Helper loaded: file_helper
INFO - 2020-06-02 14:12:17 --> Helper loaded: string_helper
INFO - 2020-06-02 14:12:17 --> Helper loaded: noti_helper
INFO - 2020-06-02 14:12:17 --> Database Driver Class Initialized
INFO - 2020-06-02 14:12:17 --> Email Class Initialized
DEBUG - 2020-06-02 14:12:17 --> Session: "sess_save_path" is empty; using "session.save_path" value from php.ini.
INFO - 2020-06-02 14:12:17 --> Session: Class initialized using 'files' driver.
INFO - 2020-06-02 14:12:17 --> Controller Class Initialized
INFO - 2020-06-02 14:12:17 --> Model "M_payments" initialized
INFO - 2020-06-02 14:12:17 --> Model "M_auth" initialized
INFO - 2020-06-02 14:12:17 --> Model "M_account" initialized
INFO - 2020-06-02 14:12:17 --> Helper loaded: text_helper
INFO - 2020-06-02 14:12:17 --> Helper loaded: form_helper
INFO - 2020-06-02 14:12:17 --> Form Validation Class Initialized
DEBUG - 2020-06-02 14:12:17 --> Encryption_url class already loaded. Second attempt ignored.
INFO - 2020-06-02 14:12:17 --> File loaded: C:\xampp\htdocs\scholarship\payment\views\include/header.php
INFO - 2020-06-02 14:12:17 --> File loaded: C:\xampp\htdocs\scholarship\payment\views\include/footer.php
INFO - 2020-06-02 14:12:17 --> File loaded: C:\xampp\htdocs\scholarship\payment\views\payment/reciept.php
INFO - 2020-06-02 14:12:17 --> Final output sent to browser
DEBUG - 2020-06-02 14:12:17 --> Total execution time: 0.3201
INFO - 2020-06-02 14:14:07 --> Config Class Initialized
INFO - 2020-06-02 14:14:07 --> Hooks Class Initialized
DEBUG - 2020-06-02 14:14:07 --> UTF-8 Support Enabled
INFO - 2020-06-02 14:14:07 --> Utf8 Class Initialized
INFO - 2020-06-02 14:14:07 --> URI Class Initialized
INFO - 2020-06-02 14:14:07 --> Router Class Initialized
INFO - 2020-06-02 14:14:07 --> Output Class Initialized
INFO - 2020-06-02 14:14:07 --> Security Class Initialized
DEBUG - 2020-06-02 14:14:07 --> Global POST, GET and COOKIE data sanitized
INFO - 2020-06-02 14:14:07 --> Input Class Initialized
INFO - 2020-06-02 14:14:07 --> Language Class Initialized
INFO - 2020-06-02 14:14:07 --> Loader Class Initialized
INFO - 2020-06-02 14:14:07 --> Helper loaded: url_helper
INFO - 2020-06-02 14:14:07 --> Helper loaded: file_helper
INFO - 2020-06-02 14:14:07 --> Helper loaded: string_helper
INFO - 2020-06-02 14:14:07 --> Helper loaded: noti_helper
INFO - 2020-06-02 14:14:07 --> Database Driver Class Initialized
INFO - 2020-06-02 14:14:07 --> Email Class Initialized
DEBUG - 2020-06-02 14:14:07 --> Session: "sess_save_path" is empty; using "session.save_path" value from php.ini.
INFO - 2020-06-02 14:14:07 --> Session: Class initialized using 'files' driver.
INFO - 2020-06-02 14:14:07 --> Controller Class Initialized
INFO - 2020-06-02 14:14:07 --> Model "M_payments" initialized
INFO - 2020-06-02 14:14:07 --> Model "M_auth" initialized
INFO - 2020-06-02 14:14:07 --> Model "M_account" initialized
INFO - 2020-06-02 14:14:07 --> Helper loaded: text_helper
INFO - 2020-06-02 14:14:07 --> Helper loaded: form_helper
INFO - 2020-06-02 14:14:07 --> Form Validation Class Initialized
DEBUG - 2020-06-02 14:14:07 --> Encryption_url class already loaded. Second attempt ignored.
INFO - 2020-06-02 14:14:07 --> File loaded: C:\xampp\htdocs\scholarship\payment\views\include/header.php
INFO - 2020-06-02 14:14:07 --> File loaded: C:\xampp\htdocs\scholarship\payment\views\include/footer.php
INFO - 2020-06-02 14:14:07 --> File loaded: C:\xampp\htdocs\scholarship\payment\views\payment/reciept.php
INFO - 2020-06-02 14:14:07 --> Final output sent to browser
DEBUG - 2020-06-02 14:14:07 --> Total execution time: 0.3796
INFO - 2020-06-02 14:14:35 --> Config Class Initialized
INFO - 2020-06-02 14:14:35 --> Hooks Class Initialized
DEBUG - 2020-06-02 14:14:35 --> UTF-8 Support Enabled
INFO - 2020-06-02 14:14:35 --> Utf8 Class Initialized
INFO - 2020-06-02 14:14:35 --> URI Class Initialized
INFO - 2020-06-02 14:14:35 --> Router Class Initialized
INFO - 2020-06-02 14:14:35 --> Output Class Initialized
INFO - 2020-06-02 14:14:35 --> Security Class Initialized
DEBUG - 2020-06-02 14:14:35 --> Global POST, GET and COOKIE data sanitized
INFO - 2020-06-02 14:14:35 --> Input Class Initialized
INFO - 2020-06-02 14:14:35 --> Language Class Initialized
INFO - 2020-06-02 14:14:35 --> Loader Class Initialized
INFO - 2020-06-02 14:14:35 --> Helper loaded: url_helper
INFO - 2020-06-02 14:14:35 --> Helper loaded: file_helper
INFO - 2020-06-02 14:14:35 --> Helper loaded: string_helper
INFO - 2020-06-02 14:14:35 --> Helper loaded: noti_helper
INFO - 2020-06-02 14:14:35 --> Database Driver Class Initialized
INFO - 2020-06-02 14:14:35 --> Email Class Initialized
DEBUG - 2020-06-02 14:14:35 --> Session: "sess_save_path" is empty; using "session.save_path" value from php.ini.
INFO - 2020-06-02 14:14:35 --> Session: Class initialized using 'files' driver.
INFO - 2020-06-02 14:14:35 --> Controller Class Initialized
INFO - 2020-06-02 14:14:35 --> Model "M_payments" initialized
INFO - 2020-06-02 14:14:35 --> Model "M_auth" initialized
INFO - 2020-06-02 14:14:35 --> Model "M_account" initialized
INFO - 2020-06-02 14:14:35 --> Helper loaded: text_helper
INFO - 2020-06-02 14:14:35 --> Helper loaded: form_helper
INFO - 2020-06-02 14:14:35 --> Form Validation Class Initialized
DEBUG - 2020-06-02 14:14:35 --> Encryption_url class already loaded. Second attempt ignored.
INFO - 2020-06-02 14:14:35 --> File loaded: C:\xampp\htdocs\scholarship\payment\views\include/header.php
INFO - 2020-06-02 14:14:35 --> File loaded: C:\xampp\htdocs\scholarship\payment\views\include/footer.php
INFO - 2020-06-02 14:14:35 --> File loaded: C:\xampp\htdocs\scholarship\payment\views\payment/reciept.php
INFO - 2020-06-02 14:14:35 --> Final output sent to browser
DEBUG - 2020-06-02 14:14:35 --> Total execution time: 0.3370
INFO - 2020-06-02 14:14:57 --> Config Class Initialized
INFO - 2020-06-02 14:14:57 --> Hooks Class Initialized
DEBUG - 2020-06-02 14:14:57 --> UTF-8 Support Enabled
INFO - 2020-06-02 14:14:58 --> Utf8 Class Initialized
INFO - 2020-06-02 14:14:58 --> URI Class Initialized
INFO - 2020-06-02 14:14:58 --> Router Class Initialized
INFO - 2020-06-02 14:14:58 --> Output Class Initialized
INFO - 2020-06-02 14:14:58 --> Security Class Initialized
DEBUG - 2020-06-02 14:14:58 --> Global POST, GET and COOKIE data sanitized
INFO - 2020-06-02 14:14:58 --> Input Class Initialized
INFO - 2020-06-02 14:14:58 --> Language Class Initialized
INFO - 2020-06-02 14:14:58 --> Loader Class Initialized
INFO - 2020-06-02 14:14:58 --> Helper loaded: url_helper
INFO - 2020-06-02 14:14:58 --> Helper loaded: file_helper
INFO - 2020-06-02 14:14:58 --> Helper loaded: string_helper
INFO - 2020-06-02 14:14:58 --> Helper loaded: noti_helper
INFO - 2020-06-02 14:14:58 --> Database Driver Class Initialized
INFO - 2020-06-02 14:14:58 --> Email Class Initialized
DEBUG - 2020-06-02 14:14:58 --> Session: "sess_save_path" is empty; using "session.save_path" value from php.ini.
INFO - 2020-06-02 14:14:58 --> Session: Class initialized using 'files' driver.
INFO - 2020-06-02 14:14:58 --> Controller Class Initialized
INFO - 2020-06-02 14:14:58 --> Model "M_payments" initialized
INFO - 2020-06-02 14:14:58 --> Model "M_auth" initialized
INFO - 2020-06-02 14:14:58 --> Model "M_account" initialized
INFO - 2020-06-02 14:14:58 --> Helper loaded: text_helper
INFO - 2020-06-02 14:14:58 --> Helper loaded: form_helper
INFO - 2020-06-02 14:14:58 --> Form Validation Class Initialized
DEBUG - 2020-06-02 14:14:58 --> Encryption_url class already loaded. Second attempt ignored.
INFO - 2020-06-02 14:14:58 --> File loaded: C:\xampp\htdocs\scholarship\payment\views\include/header.php
INFO - 2020-06-02 14:14:58 --> File loaded: C:\xampp\htdocs\scholarship\payment\views\include/footer.php
INFO - 2020-06-02 14:14:58 --> File loaded: C:\xampp\htdocs\scholarship\payment\views\payment/reciept.php
INFO - 2020-06-02 14:14:58 --> Final output sent to browser
DEBUG - 2020-06-02 14:14:58 --> Total execution time: 0.3534
INFO - 2020-06-02 14:15:00 --> Config Class Initialized
INFO - 2020-06-02 14:15:00 --> Hooks Class Initialized
DEBUG - 2020-06-02 14:15:00 --> UTF-8 Support Enabled
INFO - 2020-06-02 14:15:00 --> Utf8 Class Initialized
INFO - 2020-06-02 14:15:00 --> URI Class Initialized
INFO - 2020-06-02 14:15:00 --> Router Class Initialized
INFO - 2020-06-02 14:15:00 --> Output Class Initialized
INFO - 2020-06-02 14:15:00 --> Security Class Initialized
DEBUG - 2020-06-02 14:15:00 --> Global POST, GET and COOKIE data sanitized
INFO - 2020-06-02 14:15:00 --> Input Class Initialized
INFO - 2020-06-02 14:15:00 --> Language Class Initialized
INFO - 2020-06-02 14:15:00 --> Loader Class Initialized
INFO - 2020-06-02 14:15:00 --> Helper loaded: url_helper
INFO - 2020-06-02 14:15:00 --> Helper loaded: file_helper
INFO - 2020-06-02 14:15:00 --> Helper loaded: string_helper
INFO - 2020-06-02 14:15:00 --> Helper loaded: noti_helper
INFO - 2020-06-02 14:15:00 --> Database Driver Class Initialized
INFO - 2020-06-02 14:15:00 --> Email Class Initialized
DEBUG - 2020-06-02 14:15:00 --> Session: "sess_save_path" is empty; using "session.save_path" value from php.ini.
INFO - 2020-06-02 14:15:00 --> Session: Class initialized using 'files' driver.
INFO - 2020-06-02 14:15:00 --> Controller Class Initialized
INFO - 2020-06-02 14:15:00 --> Model "M_payments" initialized
INFO - 2020-06-02 14:15:00 --> Model "M_auth" initialized
INFO - 2020-06-02 14:15:00 --> Model "M_account" initialized
INFO - 2020-06-02 14:15:00 --> Helper loaded: text_helper
INFO - 2020-06-02 14:15:00 --> Helper loaded: form_helper
INFO - 2020-06-02 14:15:00 --> Form Validation Class Initialized
ERROR - 2020-06-02 14:15:00 --> Severity: Warning --> require_once(C:/xampp/htdocs/vendor/autoload.php): failed to open stream: No such file or directory C:\xampp\htdocs\scholarship\payment\controllers\Payments.php 93
ERROR - 2020-06-02 14:15:00 --> Severity: Compile Error --> require_once(): Failed opening required 'C:/xampp/htdocs/vendor/autoload.php' (include_path='C:\xampp\php\PEAR') C:\xampp\htdocs\scholarship\payment\controllers\Payments.php 93
INFO - 2020-06-02 14:15:19 --> Config Class Initialized
INFO - 2020-06-02 14:15:19 --> Hooks Class Initialized
DEBUG - 2020-06-02 14:15:19 --> UTF-8 Support Enabled
INFO - 2020-06-02 14:15:19 --> Utf8 Class Initialized
INFO - 2020-06-02 14:15:19 --> URI Class Initialized
INFO - 2020-06-02 14:15:19 --> Router Class Initialized
INFO - 2020-06-02 14:15:19 --> Output Class Initialized
INFO - 2020-06-02 14:15:19 --> Security Class Initialized
DEBUG - 2020-06-02 14:15:19 --> Global POST, GET and COOKIE data sanitized
INFO - 2020-06-02 14:15:19 --> Input Class Initialized
INFO - 2020-06-02 14:15:19 --> Language Class Initialized
INFO - 2020-06-02 14:15:19 --> Loader Class Initialized
INFO - 2020-06-02 14:15:19 --> Helper loaded: url_helper
INFO - 2020-06-02 14:15:19 --> Helper loaded: file_helper
INFO - 2020-06-02 14:15:19 --> Helper loaded: string_helper
INFO - 2020-06-02 14:15:19 --> Helper loaded: noti_helper
INFO - 2020-06-02 14:15:19 --> Database Driver Class Initialized
INFO - 2020-06-02 14:15:19 --> Email Class Initialized
DEBUG - 2020-06-02 14:15:19 --> Session: "sess_save_path" is empty; using "session.save_path" value from php.ini.
INFO - 2020-06-02 14:15:19 --> Session: Class initialized using 'files' driver.
INFO - 2020-06-02 14:15:19 --> Controller Class Initialized
INFO - 2020-06-02 14:15:19 --> Model "M_payments" initialized
INFO - 2020-06-02 14:15:19 --> Model "M_auth" initialized
INFO - 2020-06-02 14:15:19 --> Model "M_account" initialized
INFO - 2020-06-02 14:15:19 --> Helper loaded: text_helper
INFO - 2020-06-02 14:15:19 --> Helper loaded: form_helper
INFO - 2020-06-02 14:15:19 --> Form Validation Class Initialized
ERROR - 2020-06-02 14:15:19 --> Severity: Warning --> require_once(C:/xampp/htdocs/vendor/autoload.php): failed to open stream: No such file or directory C:\xampp\htdocs\scholarship\payment\controllers\Payments.php 93
ERROR - 2020-06-02 14:15:19 --> Severity: Compile Error --> require_once(): Failed opening required 'C:/xampp/htdocs/vendor/autoload.php' (include_path='C:\xampp\php\PEAR') C:\xampp\htdocs\scholarship\payment\controllers\Payments.php 93
INFO - 2020-06-02 14:15:21 --> Config Class Initialized
INFO - 2020-06-02 14:15:21 --> Hooks Class Initialized
DEBUG - 2020-06-02 14:15:21 --> UTF-8 Support Enabled
INFO - 2020-06-02 14:15:21 --> Utf8 Class Initialized
INFO - 2020-06-02 14:15:21 --> URI Class Initialized
INFO - 2020-06-02 14:15:21 --> Router Class Initialized
INFO - 2020-06-02 14:15:21 --> Output Class Initialized
INFO - 2020-06-02 14:15:21 --> Security Class Initialized
DEBUG - 2020-06-02 14:15:21 --> Global POST, GET and COOKIE data sanitized
INFO - 2020-06-02 14:15:21 --> Input Class Initialized
INFO - 2020-06-02 14:15:21 --> Language Class Initialized
INFO - 2020-06-02 14:15:21 --> Loader Class Initialized
INFO - 2020-06-02 14:15:21 --> Helper loaded: url_helper
INFO - 2020-06-02 14:15:21 --> Helper loaded: file_helper
INFO - 2020-06-02 14:15:21 --> Helper loaded: string_helper
INFO - 2020-06-02 14:15:21 --> Helper loaded: noti_helper
INFO - 2020-06-02 14:15:21 --> Database Driver Class Initialized
INFO - 2020-06-02 14:15:21 --> Email Class Initialized
DEBUG - 2020-06-02 14:15:21 --> Session: "sess_save_path" is empty; using "session.save_path" value from php.ini.
INFO - 2020-06-02 14:15:21 --> Session: Class initialized using 'files' driver.
INFO - 2020-06-02 14:15:21 --> Controller Class Initialized
INFO - 2020-06-02 14:15:21 --> Model "M_payments" initialized
INFO - 2020-06-02 14:15:21 --> Model "M_auth" initialized
INFO - 2020-06-02 14:15:21 --> Model "M_account" initialized
INFO - 2020-06-02 14:15:21 --> Helper loaded: text_helper
INFO - 2020-06-02 14:15:21 --> Helper loaded: form_helper
INFO - 2020-06-02 14:15:21 --> Form Validation Class Initialized
ERROR - 2020-06-02 14:15:21 --> Severity: Warning --> require_once(C:/xampp/htdocs/vendor/autoload.php): failed to open stream: No such file or directory C:\xampp\htdocs\scholarship\payment\controllers\Payments.php 93
ERROR - 2020-06-02 14:15:22 --> Severity: Compile Error --> require_once(): Failed opening required 'C:/xampp/htdocs/vendor/autoload.php' (include_path='C:\xampp\php\PEAR') C:\xampp\htdocs\scholarship\payment\controllers\Payments.php 93
INFO - 2020-06-02 14:15:36 --> Config Class Initialized
INFO - 2020-06-02 14:15:36 --> Hooks Class Initialized
DEBUG - 2020-06-02 14:15:36 --> UTF-8 Support Enabled
INFO - 2020-06-02 14:15:36 --> Utf8 Class Initialized
INFO - 2020-06-02 14:15:36 --> URI Class Initialized
INFO - 2020-06-02 14:15:36 --> Router Class Initialized
INFO - 2020-06-02 14:15:36 --> Output Class Initialized
INFO - 2020-06-02 14:15:36 --> Security Class Initialized
DEBUG - 2020-06-02 14:15:36 --> Global POST, GET and COOKIE data sanitized
INFO - 2020-06-02 14:15:36 --> Input Class Initialized
INFO - 2020-06-02 14:15:36 --> Language Class Initialized
INFO - 2020-06-02 14:15:36 --> Loader Class Initialized
INFO - 2020-06-02 14:15:36 --> Helper loaded: url_helper
INFO - 2020-06-02 14:15:36 --> Helper loaded: file_helper
INFO - 2020-06-02 14:15:36 --> Helper loaded: string_helper
INFO - 2020-06-02 14:15:36 --> Helper loaded: noti_helper
INFO - 2020-06-02 14:15:37 --> Database Driver Class Initialized
INFO - 2020-06-02 14:15:37 --> Email Class Initialized
DEBUG - 2020-06-02 14:15:37 --> Session: "sess_save_path" is empty; using "session.save_path" value from php.ini.
INFO - 2020-06-02 14:15:37 --> Session: Class initialized using 'files' driver.
INFO - 2020-06-02 14:15:37 --> Controller Class Initialized
INFO - 2020-06-02 14:15:37 --> Model "M_payments" initialized
INFO - 2020-06-02 14:15:37 --> Model "M_auth" initialized
INFO - 2020-06-02 14:15:37 --> Model "M_account" initialized
INFO - 2020-06-02 14:15:37 --> Helper loaded: text_helper
INFO - 2020-06-02 14:15:37 --> Helper loaded: form_helper
INFO - 2020-06-02 14:15:37 --> Form Validation Class Initialized
DEBUG - 2020-06-02 14:15:38 --> Encryption_url class already loaded. Second attempt ignored.
INFO - 2020-06-02 14:15:38 --> File loaded: C:\xampp\htdocs\scholarship\payment\views\include/header.php
INFO - 2020-06-02 14:15:38 --> File loaded: C:\xampp\htdocs\scholarship\payment\views\include/footer.php
INFO - 2020-06-02 14:15:38 --> File loaded: C:\xampp\htdocs\scholarship\payment\views\payment/reciept_download.php
INFO - 2020-06-02 14:16:23 --> Config Class Initialized
INFO - 2020-06-02 14:16:23 --> Hooks Class Initialized
DEBUG - 2020-06-02 14:16:23 --> UTF-8 Support Enabled
INFO - 2020-06-02 14:16:23 --> Utf8 Class Initialized
INFO - 2020-06-02 14:16:23 --> URI Class Initialized
INFO - 2020-06-02 14:16:23 --> Router Class Initialized
INFO - 2020-06-02 14:16:23 --> Output Class Initialized
INFO - 2020-06-02 14:16:23 --> Security Class Initialized
DEBUG - 2020-06-02 14:16:23 --> Global POST, GET and COOKIE data sanitized
INFO - 2020-06-02 14:16:23 --> Input Class Initialized
INFO - 2020-06-02 14:16:23 --> Language Class Initialized
INFO - 2020-06-02 14:16:23 --> Loader Class Initialized
INFO - 2020-06-02 14:16:23 --> Helper loaded: url_helper
INFO - 2020-06-02 14:16:23 --> Helper loaded: file_helper
INFO - 2020-06-02 14:16:23 --> Helper loaded: string_helper
INFO - 2020-06-02 14:16:23 --> Helper loaded: noti_helper
INFO - 2020-06-02 14:16:23 --> Database Driver Class Initialized
INFO - 2020-06-02 14:16:23 --> Email Class Initialized
DEBUG - 2020-06-02 14:16:23 --> Session: "sess_save_path" is empty; using "session.save_path" value from php.ini.
INFO - 2020-06-02 14:16:23 --> Session: Class initialized using 'files' driver.
INFO - 2020-06-02 14:16:23 --> Controller Class Initialized
INFO - 2020-06-02 14:16:23 --> Model "M_payments" initialized
INFO - 2020-06-02 14:16:23 --> Model "M_auth" initialized
INFO - 2020-06-02 14:16:23 --> Model "M_account" initialized
INFO - 2020-06-02 14:16:23 --> Helper loaded: text_helper
INFO - 2020-06-02 14:16:23 --> Helper loaded: form_helper
INFO - 2020-06-02 14:16:23 --> Form Validation Class Initialized
DEBUG - 2020-06-02 14:16:23 --> Encryption_url class already loaded. Second attempt ignored.
INFO - 2020-06-02 14:16:23 --> File loaded: C:\xampp\htdocs\scholarship\payment\views\payment/reciept_download.php
INFO - 2020-06-02 14:17:29 --> Config Class Initialized
INFO - 2020-06-02 14:17:29 --> Hooks Class Initialized
DEBUG - 2020-06-02 14:17:29 --> UTF-8 Support Enabled
INFO - 2020-06-02 14:17:29 --> Utf8 Class Initialized
INFO - 2020-06-02 14:17:29 --> URI Class Initialized
INFO - 2020-06-02 14:17:29 --> Router Class Initialized
INFO - 2020-06-02 14:17:29 --> Output Class Initialized
INFO - 2020-06-02 14:17:29 --> Security Class Initialized
DEBUG - 2020-06-02 14:17:29 --> Global POST, GET and COOKIE data sanitized
INFO - 2020-06-02 14:17:29 --> Input Class Initialized
INFO - 2020-06-02 14:17:29 --> Language Class Initialized
INFO - 2020-06-02 14:17:29 --> Loader Class Initialized
INFO - 2020-06-02 14:17:29 --> Helper loaded: url_helper
INFO - 2020-06-02 14:17:29 --> Helper loaded: file_helper
INFO - 2020-06-02 14:17:29 --> Helper loaded: string_helper
INFO - 2020-06-02 14:17:29 --> Helper loaded: noti_helper
INFO - 2020-06-02 14:17:29 --> Database Driver Class Initialized
INFO - 2020-06-02 14:17:29 --> Email Class Initialized
DEBUG - 2020-06-02 14:17:29 --> Session: "sess_save_path" is empty; using "session.save_path" value from php.ini.
INFO - 2020-06-02 14:17:29 --> Session: Class initialized using 'files' driver.
INFO - 2020-06-02 14:17:29 --> Controller Class Initialized
INFO - 2020-06-02 14:17:29 --> Model "M_payments" initialized
INFO - 2020-06-02 14:17:29 --> Model "M_auth" initialized
INFO - 2020-06-02 14:17:29 --> Model "M_account" initialized
INFO - 2020-06-02 14:17:29 --> Helper loaded: text_helper
INFO - 2020-06-02 14:17:29 --> Helper loaded: form_helper
INFO - 2020-06-02 14:17:29 --> Form Validation Class Initialized
DEBUG - 2020-06-02 14:17:29 --> Encryption_url class already loaded. Second attempt ignored.
INFO - 2020-06-02 14:17:29 --> File loaded: C:\xampp\htdocs\scholarship\payment\views\payment/reciept_download.php
INFO - 2020-06-02 14:17:30 --> Config Class Initialized
INFO - 2020-06-02 14:17:30 --> Hooks Class Initialized
DEBUG - 2020-06-02 14:17:30 --> UTF-8 Support Enabled
INFO - 2020-06-02 14:17:30 --> Utf8 Class Initialized
INFO - 2020-06-02 14:17:30 --> URI Class Initialized
INFO - 2020-06-02 14:17:30 --> Router Class Initialized
INFO - 2020-06-02 14:17:30 --> Output Class Initialized
INFO - 2020-06-02 14:17:30 --> Security Class Initialized
DEBUG - 2020-06-02 14:17:30 --> Global POST, GET and COOKIE data sanitized
INFO - 2020-06-02 14:17:30 --> Input Class Initialized
INFO - 2020-06-02 14:17:30 --> Language Class Initialized
ERROR - 2020-06-02 14:17:30 --> 404 Page Not Found: Assets/img
INFO - 2020-06-02 14:17:30 --> Config Class Initialized
INFO - 2020-06-02 14:17:30 --> Hooks Class Initialized
DEBUG - 2020-06-02 14:17:30 --> UTF-8 Support Enabled
INFO - 2020-06-02 14:17:30 --> Utf8 Class Initialized
INFO - 2020-06-02 14:17:30 --> URI Class Initialized
INFO - 2020-06-02 14:17:30 --> Router Class Initialized
INFO - 2020-06-02 14:17:30 --> Output Class Initialized
INFO - 2020-06-02 14:17:30 --> Security Class Initialized
DEBUG - 2020-06-02 14:17:30 --> Global POST, GET and COOKIE data sanitized
INFO - 2020-06-02 14:17:30 --> Input Class Initialized
INFO - 2020-06-02 14:17:30 --> Language Class Initialized
ERROR - 2020-06-02 14:17:30 --> 404 Page Not Found: Assets/img
INFO - 2020-06-02 14:17:30 --> Config Class Initialized
INFO - 2020-06-02 14:17:30 --> Hooks Class Initialized
DEBUG - 2020-06-02 14:17:30 --> UTF-8 Support Enabled
INFO - 2020-06-02 14:17:30 --> Utf8 Class Initialized
INFO - 2020-06-02 14:17:30 --> URI Class Initialized
INFO - 2020-06-02 14:17:30 --> Router Class Initialized
INFO - 2020-06-02 14:17:30 --> Output Class Initialized
INFO - 2020-06-02 14:17:30 --> Security Class Initialized
DEBUG - 2020-06-02 14:17:30 --> Global POST, GET and COOKIE data sanitized
INFO - 2020-06-02 14:17:30 --> Input Class Initialized
INFO - 2020-06-02 14:17:30 --> Language Class Initialized
ERROR - 2020-06-02 14:17:30 --> 404 Page Not Found: Assets/img
INFO - 2020-06-02 14:18:12 --> Config Class Initialized
INFO - 2020-06-02 14:18:12 --> Hooks Class Initialized
DEBUG - 2020-06-02 14:18:12 --> UTF-8 Support Enabled
INFO - 2020-06-02 14:18:12 --> Utf8 Class Initialized
INFO - 2020-06-02 14:18:12 --> URI Class Initialized
INFO - 2020-06-02 14:18:12 --> Router Class Initialized
INFO - 2020-06-02 14:18:12 --> Output Class Initialized
INFO - 2020-06-02 14:18:12 --> Security Class Initialized
DEBUG - 2020-06-02 14:18:12 --> Global POST, GET and COOKIE data sanitized
INFO - 2020-06-02 14:18:12 --> Input Class Initialized
INFO - 2020-06-02 14:18:12 --> Language Class Initialized
INFO - 2020-06-02 14:18:12 --> Loader Class Initialized
INFO - 2020-06-02 14:18:12 --> Helper loaded: url_helper
INFO - 2020-06-02 14:18:12 --> Helper loaded: file_helper
INFO - 2020-06-02 14:18:12 --> Helper loaded: string_helper
INFO - 2020-06-02 14:18:12 --> Helper loaded: noti_helper
INFO - 2020-06-02 14:18:12 --> Database Driver Class Initialized
INFO - 2020-06-02 14:18:12 --> Email Class Initialized
DEBUG - 2020-06-02 14:18:12 --> Session: "sess_save_path" is empty; using "session.save_path" value from php.ini.
INFO - 2020-06-02 14:18:12 --> Session: Class initialized using 'files' driver.
INFO - 2020-06-02 14:18:12 --> Controller Class Initialized
INFO - 2020-06-02 14:18:12 --> Model "M_payments" initialized
INFO - 2020-06-02 14:18:12 --> Model "M_auth" initialized
INFO - 2020-06-02 14:18:12 --> Model "M_account" initialized
INFO - 2020-06-02 14:18:12 --> Helper loaded: text_helper
INFO - 2020-06-02 14:18:12 --> Helper loaded: form_helper
INFO - 2020-06-02 14:18:12 --> Form Validation Class Initialized
DEBUG - 2020-06-02 14:18:12 --> Encryption_url class already loaded. Second attempt ignored.
INFO - 2020-06-02 14:18:12 --> File loaded: C:\xampp\htdocs\scholarship\payment\views\payment/reciept_download.php
INFO - 2020-06-02 14:18:35 --> Config Class Initialized
INFO - 2020-06-02 14:18:35 --> Hooks Class Initialized
DEBUG - 2020-06-02 14:18:35 --> UTF-8 Support Enabled
INFO - 2020-06-02 14:18:35 --> Utf8 Class Initialized
INFO - 2020-06-02 14:18:35 --> URI Class Initialized
INFO - 2020-06-02 14:18:35 --> Router Class Initialized
INFO - 2020-06-02 14:18:35 --> Output Class Initialized
INFO - 2020-06-02 14:18:35 --> Security Class Initialized
DEBUG - 2020-06-02 14:18:35 --> Global POST, GET and COOKIE data sanitized
INFO - 2020-06-02 14:18:35 --> Input Class Initialized
INFO - 2020-06-02 14:18:35 --> Language Class Initialized
INFO - 2020-06-02 14:18:35 --> Loader Class Initialized
INFO - 2020-06-02 14:18:35 --> Helper loaded: url_helper
INFO - 2020-06-02 14:18:35 --> Helper loaded: file_helper
INFO - 2020-06-02 14:18:35 --> Helper loaded: string_helper
INFO - 2020-06-02 14:18:35 --> Helper loaded: noti_helper
INFO - 2020-06-02 14:18:35 --> Database Driver Class Initialized
INFO - 2020-06-02 14:18:35 --> Email Class Initialized
DEBUG - 2020-06-02 14:18:35 --> Session: "sess_save_path" is empty; using "session.save_path" value from php.ini.
INFO - 2020-06-02 14:18:35 --> Session: Class initialized using 'files' driver.
INFO - 2020-06-02 14:18:35 --> Controller Class Initialized
INFO - 2020-06-02 14:18:35 --> Model "M_payments" initialized
INFO - 2020-06-02 14:18:35 --> Model "M_auth" initialized
INFO - 2020-06-02 14:18:35 --> Model "M_account" initialized
INFO - 2020-06-02 14:18:35 --> Helper loaded: text_helper
INFO - 2020-06-02 14:18:35 --> Helper loaded: form_helper
INFO - 2020-06-02 14:18:35 --> Form Validation Class Initialized
DEBUG - 2020-06-02 14:18:35 --> Encryption_url class already loaded. Second attempt ignored.
INFO - 2020-06-02 14:18:35 --> File loaded: C:\xampp\htdocs\scholarship\payment\views\payment/reciept_download.php
INFO - 2020-06-02 14:26:30 --> Config Class Initialized
INFO - 2020-06-02 14:26:30 --> Hooks Class Initialized
DEBUG - 2020-06-02 14:26:30 --> UTF-8 Support Enabled
INFO - 2020-06-02 14:26:30 --> Utf8 Class Initialized
INFO - 2020-06-02 14:26:30 --> URI Class Initialized
INFO - 2020-06-02 14:26:30 --> Router Class Initialized
INFO - 2020-06-02 14:26:30 --> Output Class Initialized
INFO - 2020-06-02 14:26:30 --> Security Class Initialized
DEBUG - 2020-06-02 14:26:30 --> Global POST, GET and COOKIE data sanitized
INFO - 2020-06-02 14:26:30 --> Input Class Initialized
INFO - 2020-06-02 14:26:30 --> Language Class Initialized
INFO - 2020-06-02 14:26:30 --> Loader Class Initialized
INFO - 2020-06-02 14:26:30 --> Helper loaded: url_helper
INFO - 2020-06-02 14:26:30 --> Helper loaded: file_helper
INFO - 2020-06-02 14:26:30 --> Helper loaded: string_helper
INFO - 2020-06-02 14:26:30 --> Helper loaded: noti_helper
INFO - 2020-06-02 14:26:30 --> Database Driver Class Initialized
INFO - 2020-06-02 14:26:30 --> Email Class Initialized
DEBUG - 2020-06-02 14:26:30 --> Session: "sess_save_path" is empty; using "session.save_path" value from php.ini.
INFO - 2020-06-02 14:26:30 --> Session: Class initialized using 'files' driver.
INFO - 2020-06-02 14:26:30 --> Controller Class Initialized
INFO - 2020-06-02 14:26:30 --> Model "M_payments" initialized
INFO - 2020-06-02 14:26:30 --> Model "M_auth" initialized
INFO - 2020-06-02 14:26:30 --> Model "M_account" initialized
INFO - 2020-06-02 14:26:30 --> Helper loaded: text_helper
INFO - 2020-06-02 14:26:30 --> Helper loaded: form_helper
INFO - 2020-06-02 14:26:30 --> Form Validation Class Initialized
DEBUG - 2020-06-02 14:26:30 --> Encryption_url class already loaded. Second attempt ignored.
INFO - 2020-06-02 14:26:30 --> File loaded: C:\xampp\htdocs\scholarship\payment\views\payment/reciept_download.php
INFO - 2020-06-02 14:26:56 --> Config Class Initialized
INFO - 2020-06-02 14:26:56 --> Hooks Class Initialized
DEBUG - 2020-06-02 14:26:56 --> UTF-8 Support Enabled
INFO - 2020-06-02 14:26:56 --> Utf8 Class Initialized
INFO - 2020-06-02 14:26:56 --> URI Class Initialized
INFO - 2020-06-02 14:26:56 --> Router Class Initialized
INFO - 2020-06-02 14:26:56 --> Output Class Initialized
INFO - 2020-06-02 14:26:56 --> Security Class Initialized
DEBUG - 2020-06-02 14:26:56 --> Global POST, GET and COOKIE data sanitized
INFO - 2020-06-02 14:26:56 --> Input Class Initialized
INFO - 2020-06-02 14:26:56 --> Language Class Initialized
INFO - 2020-06-02 14:26:56 --> Loader Class Initialized
INFO - 2020-06-02 14:26:56 --> Helper loaded: url_helper
INFO - 2020-06-02 14:26:56 --> Helper loaded: file_helper
INFO - 2020-06-02 14:26:56 --> Helper loaded: string_helper
INFO - 2020-06-02 14:26:56 --> Helper loaded: noti_helper
INFO - 2020-06-02 14:26:56 --> Database Driver Class Initialized
INFO - 2020-06-02 14:26:56 --> Email Class Initialized
DEBUG - 2020-06-02 14:26:56 --> Session: "sess_save_path" is empty; using "session.save_path" value from php.ini.
INFO - 2020-06-02 14:26:56 --> Session: Class initialized using 'files' driver.
INFO - 2020-06-02 14:26:56 --> Controller Class Initialized
INFO - 2020-06-02 14:26:56 --> Model "M_payments" initialized
INFO - 2020-06-02 14:26:56 --> Model "M_auth" initialized
INFO - 2020-06-02 14:26:56 --> Model "M_account" initialized
INFO - 2020-06-02 14:26:56 --> Helper loaded: text_helper
INFO - 2020-06-02 14:26:56 --> Helper loaded: form_helper
INFO - 2020-06-02 14:26:56 --> Form Validation Class Initialized
DEBUG - 2020-06-02 14:26:56 --> Encryption_url class already loaded. Second attempt ignored.
INFO - 2020-06-02 14:26:56 --> File loaded: C:\xampp\htdocs\scholarship\payment\views\payment/reciept_download.php
INFO - 2020-06-02 14:30:00 --> Config Class Initialized
INFO - 2020-06-02 14:30:00 --> Hooks Class Initialized
DEBUG - 2020-06-02 14:30:00 --> UTF-8 Support Enabled
INFO - 2020-06-02 14:30:00 --> Utf8 Class Initialized
INFO - 2020-06-02 14:30:00 --> URI Class Initialized
INFO - 2020-06-02 14:30:00 --> Router Class Initialized
INFO - 2020-06-02 14:30:00 --> Output Class Initialized
INFO - 2020-06-02 14:30:00 --> Security Class Initialized
DEBUG - 2020-06-02 14:30:00 --> Global POST, GET and COOKIE data sanitized
INFO - 2020-06-02 14:30:00 --> Input Class Initialized
INFO - 2020-06-02 14:30:00 --> Language Class Initialized
INFO - 2020-06-02 14:30:00 --> Loader Class Initialized
INFO - 2020-06-02 14:30:00 --> Helper loaded: url_helper
INFO - 2020-06-02 14:30:00 --> Helper loaded: file_helper
INFO - 2020-06-02 14:30:00 --> Helper loaded: string_helper
INFO - 2020-06-02 14:30:00 --> Helper loaded: noti_helper
INFO - 2020-06-02 14:30:00 --> Database Driver Class Initialized
INFO - 2020-06-02 14:30:00 --> Email Class Initialized
DEBUG - 2020-06-02 14:30:00 --> Session: "sess_save_path" is empty; using "session.save_path" value from php.ini.
INFO - 2020-06-02 14:30:00 --> Session: Class initialized using 'files' driver.
INFO - 2020-06-02 14:30:00 --> Controller Class Initialized
INFO - 2020-06-02 14:30:00 --> Model "M_payments" initialized
INFO - 2020-06-02 14:30:00 --> Model "M_auth" initialized
INFO - 2020-06-02 14:30:00 --> Model "M_account" initialized
INFO - 2020-06-02 14:30:00 --> Helper loaded: text_helper
INFO - 2020-06-02 14:30:00 --> Helper loaded: form_helper
INFO - 2020-06-02 14:30:00 --> Form Validation Class Initialized
DEBUG - 2020-06-02 14:30:00 --> Encryption_url class already loaded. Second attempt ignored.
INFO - 2020-06-02 14:30:00 --> File loaded: C:\xampp\htdocs\scholarship\payment\views\include/header.php
INFO - 2020-06-02 14:30:00 --> File loaded: C:\xampp\htdocs\scholarship\payment\views\include/footer.php
INFO - 2020-06-02 14:30:00 --> File loaded: C:\xampp\htdocs\scholarship\payment\views\payment/reciept.php
INFO - 2020-06-02 14:30:00 --> Final output sent to browser
DEBUG - 2020-06-02 14:30:00 --> Total execution time: 0.3314
INFO - 2020-06-02 16:00:49 --> Config Class Initialized
INFO - 2020-06-02 16:00:49 --> Hooks Class Initialized
DEBUG - 2020-06-02 16:00:49 --> UTF-8 Support Enabled
INFO - 2020-06-02 16:00:49 --> Utf8 Class Initialized
INFO - 2020-06-02 16:00:49 --> URI Class Initialized
INFO - 2020-06-02 16:00:49 --> Router Class Initialized
INFO - 2020-06-02 16:00:49 --> Output Class Initialized
INFO - 2020-06-02 16:00:49 --> Security Class Initialized
DEBUG - 2020-06-02 16:00:49 --> Global POST, GET and COOKIE data sanitized
INFO - 2020-06-02 16:00:49 --> Input Class Initialized
INFO - 2020-06-02 16:00:49 --> Language Class Initialized
INFO - 2020-06-02 16:00:49 --> Loader Class Initialized
INFO - 2020-06-02 16:00:49 --> Helper loaded: url_helper
INFO - 2020-06-02 16:00:49 --> Helper loaded: file_helper
INFO - 2020-06-02 16:00:49 --> Helper loaded: string_helper
INFO - 2020-06-02 16:00:49 --> Helper loaded: noti_helper
INFO - 2020-06-02 16:00:49 --> Database Driver Class Initialized
INFO - 2020-06-02 16:00:49 --> Email Class Initialized
DEBUG - 2020-06-02 16:00:50 --> Session: "sess_save_path" is empty; using "session.save_path" value from php.ini.
INFO - 2020-06-02 16:00:50 --> Session: Class initialized using 'files' driver.
INFO - 2020-06-02 16:00:50 --> Controller Class Initialized
INFO - 2020-06-02 16:00:50 --> Model "M_payments" initialized
INFO - 2020-06-02 16:00:50 --> Model "M_auth" initialized
INFO - 2020-06-02 16:00:50 --> Model "M_account" initialized
INFO - 2020-06-02 16:00:50 --> Helper loaded: text_helper
INFO - 2020-06-02 16:00:50 --> Helper loaded: form_helper
INFO - 2020-06-02 16:00:50 --> Form Validation Class Initialized
INFO - 2020-06-02 16:01:08 --> Config Class Initialized
INFO - 2020-06-02 16:01:08 --> Hooks Class Initialized
DEBUG - 2020-06-02 16:01:08 --> UTF-8 Support Enabled
INFO - 2020-06-02 16:01:08 --> Utf8 Class Initialized
INFO - 2020-06-02 16:01:08 --> URI Class Initialized
INFO - 2020-06-02 16:01:08 --> Router Class Initialized
INFO - 2020-06-02 16:01:08 --> Output Class Initialized
INFO - 2020-06-02 16:01:08 --> Security Class Initialized
DEBUG - 2020-06-02 16:01:08 --> Global POST, GET and COOKIE data sanitized
INFO - 2020-06-02 16:01:08 --> Input Class Initialized
INFO - 2020-06-02 16:01:08 --> Language Class Initialized
INFO - 2020-06-02 16:01:08 --> Loader Class Initialized
INFO - 2020-06-02 16:01:08 --> Helper loaded: url_helper
INFO - 2020-06-02 16:01:08 --> Helper loaded: file_helper
INFO - 2020-06-02 16:01:08 --> Helper loaded: string_helper
INFO - 2020-06-02 16:01:08 --> Helper loaded: noti_helper
INFO - 2020-06-02 16:01:08 --> Database Driver Class Initialized
INFO - 2020-06-02 16:01:08 --> Email Class Initialized
DEBUG - 2020-06-02 16:01:08 --> Session: "sess_save_path" is empty; using "session.save_path" value from php.ini.
INFO - 2020-06-02 16:01:08 --> Session: Class initialized using 'files' driver.
INFO - 2020-06-02 16:01:08 --> Controller Class Initialized
INFO - 2020-06-02 16:01:08 --> Model "M_payments" initialized
INFO - 2020-06-02 16:01:08 --> Model "M_auth" initialized
INFO - 2020-06-02 16:01:08 --> Model "M_account" initialized
INFO - 2020-06-02 16:01:08 --> Helper loaded: text_helper
INFO - 2020-06-02 16:01:08 --> Helper loaded: form_helper
INFO - 2020-06-02 16:01:08 --> Form Validation Class Initialized
INFO - 2020-06-02 16:10:01 --> Config Class Initialized
INFO - 2020-06-02 16:10:01 --> Hooks Class Initialized
DEBUG - 2020-06-02 16:10:01 --> UTF-8 Support Enabled
INFO - 2020-06-02 16:10:01 --> Utf8 Class Initialized
INFO - 2020-06-02 16:10:01 --> URI Class Initialized
INFO - 2020-06-02 16:10:01 --> Router Class Initialized
INFO - 2020-06-02 16:10:01 --> Output Class Initialized
INFO - 2020-06-02 16:10:01 --> Security Class Initialized
DEBUG - 2020-06-02 16:10:01 --> Global POST, GET and COOKIE data sanitized
INFO - 2020-06-02 16:10:01 --> Input Class Initialized
INFO - 2020-06-02 16:10:01 --> Language Class Initialized
INFO - 2020-06-02 16:10:01 --> Loader Class Initialized
INFO - 2020-06-02 16:10:01 --> Helper loaded: url_helper
INFO - 2020-06-02 16:10:01 --> Helper loaded: file_helper
INFO - 2020-06-02 16:10:01 --> Helper loaded: string_helper
INFO - 2020-06-02 16:10:01 --> Helper loaded: noti_helper
INFO - 2020-06-02 16:10:01 --> Database Driver Class Initialized
INFO - 2020-06-02 16:10:01 --> Email Class Initialized
DEBUG - 2020-06-02 16:10:01 --> Session: "sess_save_path" is empty; using "session.save_path" value from php.ini.
INFO - 2020-06-02 16:10:01 --> Session: Class initialized using 'files' driver.
INFO - 2020-06-02 16:10:01 --> Controller Class Initialized
INFO - 2020-06-02 16:10:01 --> Model "M_payments" initialized
INFO - 2020-06-02 16:10:01 --> Model "M_auth" initialized
INFO - 2020-06-02 16:10:01 --> Model "M_account" initialized
INFO - 2020-06-02 16:10:01 --> Helper loaded: text_helper
INFO - 2020-06-02 16:10:01 --> Helper loaded: form_helper
INFO - 2020-06-02 16:10:01 --> Form Validation Class Initialized
INFO - 2020-06-02 16:10:08 --> Config Class Initialized
INFO - 2020-06-02 16:10:08 --> Hooks Class Initialized
DEBUG - 2020-06-02 16:10:08 --> UTF-8 Support Enabled
INFO - 2020-06-02 16:10:08 --> Utf8 Class Initialized
INFO - 2020-06-02 16:10:08 --> URI Class Initialized
INFO - 2020-06-02 16:10:09 --> Router Class Initialized
INFO - 2020-06-02 16:10:09 --> Output Class Initialized
INFO - 2020-06-02 16:10:09 --> Security Class Initialized
DEBUG - 2020-06-02 16:10:09 --> Global POST, GET and COOKIE data sanitized
INFO - 2020-06-02 16:10:09 --> Input Class Initialized
INFO - 2020-06-02 16:10:09 --> Language Class Initialized
INFO - 2020-06-02 16:10:09 --> Loader Class Initialized
INFO - 2020-06-02 16:10:09 --> Helper loaded: url_helper
INFO - 2020-06-02 16:10:09 --> Helper loaded: file_helper
INFO - 2020-06-02 16:10:09 --> Helper loaded: string_helper
INFO - 2020-06-02 16:10:09 --> Helper loaded: noti_helper
INFO - 2020-06-02 16:10:09 --> Database Driver Class Initialized
INFO - 2020-06-02 16:10:09 --> Email Class Initialized
DEBUG - 2020-06-02 16:10:09 --> Session: "sess_save_path" is empty; using "session.save_path" value from php.ini.
INFO - 2020-06-02 16:10:09 --> Session: Class initialized using 'files' driver.
INFO - 2020-06-02 16:10:09 --> Controller Class Initialized
INFO - 2020-06-02 16:10:09 --> Model "M_payments" initialized
INFO - 2020-06-02 16:10:09 --> Model "M_auth" initialized
INFO - 2020-06-02 16:10:09 --> Model "M_account" initialized
INFO - 2020-06-02 16:10:09 --> Helper loaded: text_helper
INFO - 2020-06-02 16:10:09 --> Helper loaded: form_helper
INFO - 2020-06-02 16:10:09 --> Form Validation Class Initialized
INFO - 2020-06-02 16:10:47 --> Config Class Initialized
INFO - 2020-06-02 16:10:47 --> Hooks Class Initialized
DEBUG - 2020-06-02 16:10:47 --> UTF-8 Support Enabled
INFO - 2020-06-02 16:10:47 --> Utf8 Class Initialized
INFO - 2020-06-02 16:10:47 --> URI Class Initialized
INFO - 2020-06-02 16:10:47 --> Router Class Initialized
INFO - 2020-06-02 16:10:47 --> Output Class Initialized
INFO - 2020-06-02 16:10:47 --> Security Class Initialized
DEBUG - 2020-06-02 16:10:47 --> Global POST, GET and COOKIE data sanitized
INFO - 2020-06-02 16:10:47 --> Input Class Initialized
INFO - 2020-06-02 16:10:47 --> Language Class Initialized
INFO - 2020-06-02 16:10:47 --> Loader Class Initialized
INFO - 2020-06-02 16:10:47 --> Helper loaded: url_helper
INFO - 2020-06-02 16:10:47 --> Helper loaded: file_helper
INFO - 2020-06-02 16:10:47 --> Helper loaded: string_helper
INFO - 2020-06-02 16:10:47 --> Helper loaded: noti_helper
INFO - 2020-06-02 16:10:47 --> Database Driver Class Initialized
INFO - 2020-06-02 16:10:47 --> Email Class Initialized
DEBUG - 2020-06-02 16:10:47 --> Session: "sess_save_path" is empty; using "session.save_path" value from php.ini.
INFO - 2020-06-02 16:10:47 --> Session: Class initialized using 'files' driver.
INFO - 2020-06-02 16:10:47 --> Controller Class Initialized
INFO - 2020-06-02 16:10:47 --> Model "M_payments" initialized
INFO - 2020-06-02 16:10:47 --> Model "M_auth" initialized
INFO - 2020-06-02 16:10:47 --> Model "M_account" initialized
INFO - 2020-06-02 16:10:47 --> Helper loaded: text_helper
INFO - 2020-06-02 16:10:48 --> Helper loaded: form_helper
INFO - 2020-06-02 16:10:48 --> Form Validation Class Initialized
INFO - 2020-06-02 16:12:01 --> Config Class Initialized
INFO - 2020-06-02 16:12:01 --> Hooks Class Initialized
DEBUG - 2020-06-02 16:12:01 --> UTF-8 Support Enabled
INFO - 2020-06-02 16:12:01 --> Utf8 Class Initialized
INFO - 2020-06-02 16:12:01 --> URI Class Initialized
INFO - 2020-06-02 16:12:01 --> Router Class Initialized
INFO - 2020-06-02 16:12:01 --> Output Class Initialized
INFO - 2020-06-02 16:12:01 --> Security Class Initialized
DEBUG - 2020-06-02 16:12:01 --> Global POST, GET and COOKIE data sanitized
INFO - 2020-06-02 16:12:01 --> Input Class Initialized
INFO - 2020-06-02 16:12:01 --> Language Class Initialized
INFO - 2020-06-02 16:12:01 --> Loader Class Initialized
INFO - 2020-06-02 16:12:01 --> Helper loaded: url_helper
INFO - 2020-06-02 16:12:01 --> Helper loaded: file_helper
INFO - 2020-06-02 16:12:01 --> Helper loaded: string_helper
INFO - 2020-06-02 16:12:02 --> Helper loaded: noti_helper
INFO - 2020-06-02 16:12:02 --> Database Driver Class Initialized
INFO - 2020-06-02 16:12:02 --> Email Class Initialized
DEBUG - 2020-06-02 16:12:02 --> Session: "sess_save_path" is empty; using "session.save_path" value from php.ini.
INFO - 2020-06-02 16:12:02 --> Session: Class initialized using 'files' driver.
INFO - 2020-06-02 16:12:02 --> Controller Class Initialized
INFO - 2020-06-02 16:12:02 --> Model "M_payments" initialized
INFO - 2020-06-02 16:12:02 --> Model "M_auth" initialized
INFO - 2020-06-02 16:12:02 --> Model "M_account" initialized
INFO - 2020-06-02 16:12:02 --> Helper loaded: text_helper
INFO - 2020-06-02 16:12:02 --> Helper loaded: form_helper
INFO - 2020-06-02 16:12:02 --> Form Validation Class Initialized
INFO - 2020-06-02 16:12:02 --> Final output sent to browser
DEBUG - 2020-06-02 16:12:02 --> Total execution time: 0.3180
INFO - 2020-06-02 16:12:20 --> Config Class Initialized
INFO - 2020-06-02 16:12:20 --> Hooks Class Initialized
DEBUG - 2020-06-02 16:12:20 --> UTF-8 Support Enabled
INFO - 2020-06-02 16:12:20 --> Utf8 Class Initialized
INFO - 2020-06-02 16:12:20 --> URI Class Initialized
INFO - 2020-06-02 16:12:20 --> Router Class Initialized
INFO - 2020-06-02 16:12:20 --> Output Class Initialized
INFO - 2020-06-02 16:12:20 --> Security Class Initialized
DEBUG - 2020-06-02 16:12:20 --> Global POST, GET and COOKIE data sanitized
INFO - 2020-06-02 16:12:20 --> Input Class Initialized
INFO - 2020-06-02 16:12:20 --> Language Class Initialized
INFO - 2020-06-02 16:12:20 --> Loader Class Initialized
INFO - 2020-06-02 16:12:20 --> Helper loaded: url_helper
INFO - 2020-06-02 16:12:20 --> Helper loaded: file_helper
INFO - 2020-06-02 16:12:20 --> Helper loaded: string_helper
INFO - 2020-06-02 16:12:20 --> Helper loaded: noti_helper
INFO - 2020-06-02 16:12:20 --> Database Driver Class Initialized
INFO - 2020-06-02 16:12:20 --> Email Class Initialized
DEBUG - 2020-06-02 16:12:20 --> Session: "sess_save_path" is empty; using "session.save_path" value from php.ini.
INFO - 2020-06-02 16:12:20 --> Session: Class initialized using 'files' driver.
INFO - 2020-06-02 16:12:20 --> Controller Class Initialized
INFO - 2020-06-02 16:12:20 --> Model "M_payments" initialized
INFO - 2020-06-02 16:12:20 --> Model "M_auth" initialized
INFO - 2020-06-02 16:12:20 --> Model "M_account" initialized
INFO - 2020-06-02 16:12:20 --> Helper loaded: text_helper
INFO - 2020-06-02 16:12:20 --> Helper loaded: form_helper
INFO - 2020-06-02 16:12:20 --> Form Validation Class Initialized
DEBUG - 2020-06-02 16:12:21 --> Config file loaded: C:\xampp\htdocs\scholarship\payment\config/email.php
DEBUG - 2020-06-02 16:12:21 --> Email class already loaded. Second attempt ignored.
INFO - 2020-06-02 16:12:21 --> File loaded: C:\xampp\htdocs\scholarship\payment\views\mail/reminder.php
INFO - 2020-06-02 16:55:18 --> Config Class Initialized
INFO - 2020-06-02 16:55:18 --> Hooks Class Initialized
DEBUG - 2020-06-02 16:55:18 --> UTF-8 Support Enabled
INFO - 2020-06-02 16:55:18 --> Utf8 Class Initialized
INFO - 2020-06-02 16:55:18 --> URI Class Initialized
INFO - 2020-06-02 16:55:18 --> Router Class Initialized
INFO - 2020-06-02 16:55:18 --> Output Class Initialized
INFO - 2020-06-02 16:55:18 --> Security Class Initialized
DEBUG - 2020-06-02 16:55:18 --> Global POST, GET and COOKIE data sanitized
INFO - 2020-06-02 16:55:18 --> Input Class Initialized
INFO - 2020-06-02 16:55:18 --> Language Class Initialized
INFO - 2020-06-02 16:55:18 --> Loader Class Initialized
INFO - 2020-06-02 16:55:18 --> Helper loaded: url_helper
INFO - 2020-06-02 16:55:18 --> Helper loaded: file_helper
INFO - 2020-06-02 16:55:18 --> Helper loaded: string_helper
INFO - 2020-06-02 16:55:18 --> Helper loaded: noti_helper
INFO - 2020-06-02 16:55:18 --> Database Driver Class Initialized
INFO - 2020-06-02 16:55:18 --> Email Class Initialized
DEBUG - 2020-06-02 16:55:18 --> Session: "sess_save_path" is empty; using "session.save_path" value from php.ini.
INFO - 2020-06-02 16:55:18 --> Session: Class initialized using 'files' driver.
INFO - 2020-06-02 16:55:18 --> Controller Class Initialized
INFO - 2020-06-02 16:55:18 --> Model "M_payments" initialized
INFO - 2020-06-02 16:55:18 --> Model "M_auth" initialized
INFO - 2020-06-02 16:55:18 --> Model "M_account" initialized
INFO - 2020-06-02 16:55:18 --> Helper loaded: text_helper
INFO - 2020-06-02 16:55:18 --> Helper loaded: form_helper
INFO - 2020-06-02 16:55:18 --> Form Validation Class Initialized
DEBUG - 2020-06-02 16:55:19 --> Config file loaded: C:\xampp\htdocs\scholarship\payment\config/email.php
DEBUG - 2020-06-02 16:55:19 --> Email class already loaded. Second attempt ignored.
INFO - 2020-06-02 16:55:19 --> File loaded: C:\xampp\htdocs\scholarship\payment\views\mail/reminder.php
INFO - 2020-06-02 17:27:01 --> Config Class Initialized
INFO - 2020-06-02 17:27:01 --> Hooks Class Initialized
DEBUG - 2020-06-02 17:27:01 --> UTF-8 Support Enabled
INFO - 2020-06-02 17:27:01 --> Utf8 Class Initialized
INFO - 2020-06-02 17:27:01 --> URI Class Initialized
INFO - 2020-06-02 17:27:01 --> Router Class Initialized
INFO - 2020-06-02 17:27:01 --> Output Class Initialized
INFO - 2020-06-02 17:27:01 --> Security Class Initialized
DEBUG - 2020-06-02 17:27:01 --> Global POST, GET and COOKIE data sanitized
INFO - 2020-06-02 17:27:01 --> Input Class Initialized
INFO - 2020-06-02 17:27:01 --> Language Class Initialized
INFO - 2020-06-02 17:27:01 --> Loader Class Initialized
INFO - 2020-06-02 17:27:01 --> Helper loaded: url_helper
INFO - 2020-06-02 17:27:01 --> Helper loaded: file_helper
INFO - 2020-06-02 17:27:01 --> Helper loaded: string_helper
INFO - 2020-06-02 17:27:01 --> Helper loaded: noti_helper
INFO - 2020-06-02 17:27:01 --> Database Driver Class Initialized
INFO - 2020-06-02 17:27:01 --> Email Class Initialized
DEBUG - 2020-06-02 17:27:01 --> Session: "sess_save_path" is empty; using "session.save_path" value from php.ini.
INFO - 2020-06-02 17:27:01 --> Session: Class initialized using 'files' driver.
INFO - 2020-06-02 17:27:01 --> Controller Class Initialized
INFO - 2020-06-02 17:27:01 --> Model "M_payments" initialized
INFO - 2020-06-02 17:27:01 --> Model "M_auth" initialized
INFO - 2020-06-02 17:27:01 --> Model "M_account" initialized
INFO - 2020-06-02 17:27:01 --> Helper loaded: text_helper
INFO - 2020-06-02 17:27:01 --> Helper loaded: form_helper
INFO - 2020-06-02 17:27:01 --> Form Validation Class Initialized
DEBUG - 2020-06-02 17:27:02 --> Config file loaded: C:\xampp\htdocs\scholarship\payment\config/email.php
DEBUG - 2020-06-02 17:27:02 --> Email class already loaded. Second attempt ignored.
INFO - 2020-06-02 17:27:02 --> File loaded: C:\xampp\htdocs\scholarship\payment\views\mail/reminder.php
INFO - 2020-06-02 17:27:05 --> Language file loaded: language/english/email_lang.php
DEBUG - 2020-06-02 17:27:10 --> Email class already loaded. Second attempt ignored.
INFO - 2020-06-02 17:27:10 --> File loaded: C:\xampp\htdocs\scholarship\payment\views\mail/reminder.php
DEBUG - 2020-06-02 17:27:17 --> Email class already loaded. Second attempt ignored.
INFO - 2020-06-02 17:27:17 --> File loaded: C:\xampp\htdocs\scholarship\payment\views\mail/reminder.php
DEBUG - 2020-06-02 17:27:23 --> Email class already loaded. Second attempt ignored.
INFO - 2020-06-02 17:27:23 --> File loaded: C:\xampp\htdocs\scholarship\payment\views\mail/reminder.php
