ERROR - 2020-09-09 12:50:29 --> Could not find the specified $config['composer_autoload'] path: ../vendor/autoload.php
INFO - 2020-09-09 12:50:29 --> Config Class Initialized
INFO - 2020-09-09 12:50:29 --> Hooks Class Initialized
DEBUG - 2020-09-09 12:50:29 --> UTF-8 Support Enabled
INFO - 2020-09-09 12:50:29 --> Utf8 Class Initialized
INFO - 2020-09-09 12:50:29 --> URI Class Initialized
DEBUG - 2020-09-09 12:50:29 --> No URI present. Default controller set.
INFO - 2020-09-09 12:50:29 --> Router Class Initialized
INFO - 2020-09-09 12:50:29 --> Output Class Initialized
INFO - 2020-09-09 12:50:29 --> Security Class Initialized
DEBUG - 2020-09-09 12:50:29 --> Global POST, GET and COOKIE data sanitized
INFO - 2020-09-09 12:50:29 --> Input Class Initialized
INFO - 2020-09-09 12:50:29 --> Language Class Initialized
INFO - 2020-09-09 12:50:29 --> Loader Class Initialized
INFO - 2020-09-09 12:50:29 --> Helper loaded: url_helper
INFO - 2020-09-09 12:50:29 --> Helper loaded: file_helper
INFO - 2020-09-09 12:50:29 --> Helper loaded: string_helper
INFO - 2020-09-09 12:50:29 --> Helper loaded: noti_helper
INFO - 2020-09-09 12:50:29 --> Database Driver Class Initialized
INFO - 2020-09-09 12:50:29 --> Email Class Initialized
DEBUG - 2020-09-09 12:50:29 --> Session: "sess_save_path" is empty; using "session.save_path" value from php.ini.
INFO - 2020-09-09 12:50:29 --> Session: Class initialized using 'files' driver.
INFO - 2020-09-09 12:50:29 --> Controller Class Initialized
INFO - 2020-09-09 12:50:29 --> Model "M_auth" initialized
INFO - 2020-09-09 12:50:29 --> Helper loaded: form_helper
INFO - 2020-09-09 12:50:29 --> Form Validation Class Initialized
DEBUG - 2020-09-09 12:50:29 --> Sc_check class already loaded. Second attempt ignored.
INFO - 2020-09-09 12:50:30 --> Helper loaded: captcha_helper
INFO - 2020-09-09 12:50:30 --> File loaded: C:\xampp\htdocs\scholarship\payment\views\include/header.php
INFO - 2020-09-09 12:50:30 --> File loaded: C:\xampp\htdocs\scholarship\payment\views\include/footer.php
INFO - 2020-09-09 12:50:30 --> File loaded: C:\xampp\htdocs\scholarship\payment\views\include/msg.php
INFO - 2020-09-09 12:50:30 --> File loaded: C:\xampp\htdocs\scholarship\payment\views\auth/login.php
INFO - 2020-09-09 12:50:30 --> Final output sent to browser
DEBUG - 2020-09-09 12:50:30 --> Total execution time: 0.7851
ERROR - 2020-09-09 12:50:34 --> Could not find the specified $config['composer_autoload'] path: ../vendor/autoload.php
INFO - 2020-09-09 12:50:34 --> Config Class Initialized
INFO - 2020-09-09 12:50:34 --> Hooks Class Initialized
DEBUG - 2020-09-09 12:50:34 --> UTF-8 Support Enabled
INFO - 2020-09-09 12:50:34 --> Utf8 Class Initialized
INFO - 2020-09-09 12:50:34 --> URI Class Initialized
INFO - 2020-09-09 12:50:34 --> Router Class Initialized
INFO - 2020-09-09 12:50:34 --> Output Class Initialized
INFO - 2020-09-09 12:50:34 --> Security Class Initialized
DEBUG - 2020-09-09 12:50:34 --> Global POST, GET and COOKIE data sanitized
INFO - 2020-09-09 12:50:34 --> Input Class Initialized
INFO - 2020-09-09 12:50:34 --> Language Class Initialized
INFO - 2020-09-09 12:50:35 --> Loader Class Initialized
INFO - 2020-09-09 12:50:35 --> Helper loaded: url_helper
INFO - 2020-09-09 12:50:35 --> Helper loaded: file_helper
INFO - 2020-09-09 12:50:35 --> Helper loaded: string_helper
INFO - 2020-09-09 12:50:35 --> Helper loaded: noti_helper
INFO - 2020-09-09 12:50:35 --> Database Driver Class Initialized
INFO - 2020-09-09 12:50:35 --> Email Class Initialized
DEBUG - 2020-09-09 12:50:35 --> Session: "sess_save_path" is empty; using "session.save_path" value from php.ini.
INFO - 2020-09-09 12:50:35 --> Session: Class initialized using 'files' driver.
INFO - 2020-09-09 12:50:35 --> Controller Class Initialized
INFO - 2020-09-09 12:50:35 --> Model "M_payments" initialized
INFO - 2020-09-09 12:50:35 --> Model "M_auth" initialized
INFO - 2020-09-09 12:50:35 --> Model "M_account" initialized
INFO - 2020-09-09 12:50:35 --> Helper loaded: text_helper
INFO - 2020-09-09 12:50:35 --> Helper loaded: form_helper
INFO - 2020-09-09 12:50:35 --> Form Validation Class Initialized
INFO - 2020-09-09 12:50:35 --> File loaded: C:\xampp\htdocs\scholarship\payment\views\include/header.php
INFO - 2020-09-09 12:50:35 --> File loaded: C:\xampp\htdocs\scholarship\payment\views\include/footer.php
INFO - 2020-09-09 12:50:35 --> File loaded: C:\xampp\htdocs\scholarship\payment\views\include/msg.php
INFO - 2020-09-09 12:50:35 --> File loaded: C:\xampp\htdocs\scholarship\payment\views\payment/payment.php
INFO - 2020-09-09 12:50:35 --> Final output sent to browser
DEBUG - 2020-09-09 12:50:35 --> Total execution time: 1.0277
ERROR - 2020-09-09 12:50:40 --> Could not find the specified $config['composer_autoload'] path: ../vendor/autoload.php
INFO - 2020-09-09 12:50:40 --> Config Class Initialized
INFO - 2020-09-09 12:50:40 --> Hooks Class Initialized
DEBUG - 2020-09-09 12:50:40 --> UTF-8 Support Enabled
INFO - 2020-09-09 12:50:40 --> Utf8 Class Initialized
INFO - 2020-09-09 12:50:40 --> URI Class Initialized
INFO - 2020-09-09 12:50:40 --> Router Class Initialized
INFO - 2020-09-09 12:50:40 --> Output Class Initialized
INFO - 2020-09-09 12:50:40 --> Security Class Initialized
DEBUG - 2020-09-09 12:50:40 --> Global POST, GET and COOKIE data sanitized
INFO - 2020-09-09 12:50:40 --> Input Class Initialized
INFO - 2020-09-09 12:50:40 --> Language Class Initialized
INFO - 2020-09-09 12:50:40 --> Loader Class Initialized
INFO - 2020-09-09 12:50:40 --> Helper loaded: url_helper
INFO - 2020-09-09 12:50:40 --> Helper loaded: file_helper
INFO - 2020-09-09 12:50:40 --> Helper loaded: string_helper
INFO - 2020-09-09 12:50:40 --> Helper loaded: noti_helper
INFO - 2020-09-09 12:50:40 --> Database Driver Class Initialized
INFO - 2020-09-09 12:50:40 --> Email Class Initialized
DEBUG - 2020-09-09 12:50:40 --> Session: "sess_save_path" is empty; using "session.save_path" value from php.ini.
INFO - 2020-09-09 12:50:40 --> Session: Class initialized using 'files' driver.
INFO - 2020-09-09 12:50:40 --> Controller Class Initialized
INFO - 2020-09-09 12:50:41 --> Model "M_payments" initialized
INFO - 2020-09-09 12:50:41 --> Model "M_auth" initialized
INFO - 2020-09-09 12:50:41 --> Model "M_account" initialized
INFO - 2020-09-09 12:50:41 --> Helper loaded: text_helper
INFO - 2020-09-09 12:50:41 --> Helper loaded: form_helper
INFO - 2020-09-09 12:50:41 --> Form Validation Class Initialized
INFO - 2020-09-09 12:50:41 --> File loaded: C:\xampp\htdocs\scholarship\payment\views\include/header.php
INFO - 2020-09-09 12:50:41 --> File loaded: C:\xampp\htdocs\scholarship\payment\views\include/footer.php
INFO - 2020-09-09 12:50:41 --> File loaded: C:\xampp\htdocs\scholarship\payment\views\include/msg.php
INFO - 2020-09-09 12:50:41 --> File loaded: C:\xampp\htdocs\scholarship\payment\views\payment/payment.php
INFO - 2020-09-09 12:50:41 --> Final output sent to browser
DEBUG - 2020-09-09 12:50:41 --> Total execution time: 0.3695
