INFO - 2020-05-16 18:34:08 --> Config Class Initialized
INFO - 2020-05-16 18:34:08 --> Hooks Class Initialized
DEBUG - 2020-05-16 18:34:08 --> UTF-8 Support Enabled
INFO - 2020-05-16 18:34:08 --> Utf8 Class Initialized
INFO - 2020-05-16 18:34:08 --> URI Class Initialized
DEBUG - 2020-05-16 18:34:08 --> No URI present. Default controller set.
INFO - 2020-05-16 18:34:08 --> Router Class Initialized
INFO - 2020-05-16 18:34:09 --> Output Class Initialized
INFO - 2020-05-16 18:34:09 --> Security Class Initialized
DEBUG - 2020-05-16 18:34:09 --> Global POST, GET and COOKIE data sanitized
INFO - 2020-05-16 18:34:09 --> Input Class Initialized
INFO - 2020-05-16 18:34:09 --> Language Class Initialized
INFO - 2020-05-16 18:34:09 --> Loader Class Initialized
INFO - 2020-05-16 18:34:09 --> Helper loaded: url_helper
INFO - 2020-05-16 18:34:09 --> Helper loaded: file_helper
INFO - 2020-05-16 18:34:09 --> Helper loaded: string_helper
INFO - 2020-05-16 18:34:09 --> Database Driver Class Initialized
INFO - 2020-05-16 18:34:09 --> Email Class Initialized
DEBUG - 2020-05-16 18:34:09 --> Session: "sess_save_path" is empty; using "session.save_path" value from php.ini.
INFO - 2020-05-16 18:34:09 --> Session: Class initialized using 'files' driver.
INFO - 2020-05-16 18:34:09 --> Controller Class Initialized
INFO - 2020-05-16 18:34:09 --> Model "M_auth" initialized
INFO - 2020-05-16 18:34:09 --> Helper loaded: form_helper
INFO - 2020-05-16 18:34:09 --> Form Validation Class Initialized
DEBUG - 2020-05-16 18:34:09 --> Sc_check class already loaded. Second attempt ignored.
INFO - 2020-05-16 18:34:09 --> Helper loaded: captcha_helper
INFO - 2020-05-16 18:34:09 --> File loaded: C:\xampp\htdocs\scholarship\payment\views\include/header.php
INFO - 2020-05-16 18:34:09 --> File loaded: C:\xampp\htdocs\scholarship\payment\views\include/footer.php
INFO - 2020-05-16 18:34:09 --> File loaded: C:\xampp\htdocs\scholarship\payment\views\include/msg.php
INFO - 2020-05-16 18:34:09 --> File loaded: C:\xampp\htdocs\scholarship\payment\views\auth/login.php
INFO - 2020-05-16 18:34:09 --> Final output sent to browser
DEBUG - 2020-05-16 18:34:09 --> Total execution time: 1.0221
INFO - 2020-05-16 18:34:15 --> Config Class Initialized
INFO - 2020-05-16 18:34:15 --> Hooks Class Initialized
DEBUG - 2020-05-16 18:34:15 --> UTF-8 Support Enabled
INFO - 2020-05-16 18:34:15 --> Utf8 Class Initialized
INFO - 2020-05-16 18:34:15 --> URI Class Initialized
INFO - 2020-05-16 18:34:15 --> Router Class Initialized
INFO - 2020-05-16 18:34:15 --> Output Class Initialized
INFO - 2020-05-16 18:34:15 --> Security Class Initialized
DEBUG - 2020-05-16 18:34:16 --> Global POST, GET and COOKIE data sanitized
INFO - 2020-05-16 18:34:16 --> Input Class Initialized
INFO - 2020-05-16 18:34:16 --> Language Class Initialized
INFO - 2020-05-16 18:34:16 --> Loader Class Initialized
INFO - 2020-05-16 18:34:16 --> Helper loaded: url_helper
INFO - 2020-05-16 18:34:16 --> Helper loaded: file_helper
INFO - 2020-05-16 18:34:16 --> Helper loaded: string_helper
INFO - 2020-05-16 18:34:16 --> Database Driver Class Initialized
INFO - 2020-05-16 18:34:16 --> Email Class Initialized
DEBUG - 2020-05-16 18:34:16 --> Session: "sess_save_path" is empty; using "session.save_path" value from php.ini.
INFO - 2020-05-16 18:34:16 --> Session: Class initialized using 'files' driver.
INFO - 2020-05-16 18:34:16 --> Controller Class Initialized
INFO - 2020-05-16 18:34:16 --> Model "M_auth" initialized
INFO - 2020-05-16 18:34:16 --> Helper loaded: form_helper
INFO - 2020-05-16 18:34:16 --> Form Validation Class Initialized
DEBUG - 2020-05-16 18:34:16 --> Sc_check class already loaded. Second attempt ignored.
INFO - 2020-05-16 18:34:16 --> Helper loaded: captcha_helper
INFO - 2020-05-16 18:34:16 --> Final output sent to browser
DEBUG - 2020-05-16 18:34:16 --> Total execution time: 0.4161
INFO - 2020-05-16 18:34:22 --> Config Class Initialized
INFO - 2020-05-16 18:34:22 --> Hooks Class Initialized
DEBUG - 2020-05-16 18:34:22 --> UTF-8 Support Enabled
INFO - 2020-05-16 18:34:22 --> Utf8 Class Initialized
INFO - 2020-05-16 18:34:22 --> URI Class Initialized
INFO - 2020-05-16 18:34:22 --> Router Class Initialized
INFO - 2020-05-16 18:34:22 --> Output Class Initialized
INFO - 2020-05-16 18:34:22 --> Security Class Initialized
DEBUG - 2020-05-16 18:34:22 --> Global POST, GET and COOKIE data sanitized
INFO - 2020-05-16 18:34:22 --> Input Class Initialized
INFO - 2020-05-16 18:34:22 --> Language Class Initialized
INFO - 2020-05-16 18:34:22 --> Loader Class Initialized
INFO - 2020-05-16 18:34:22 --> Helper loaded: url_helper
INFO - 2020-05-16 18:34:22 --> Helper loaded: file_helper
INFO - 2020-05-16 18:34:22 --> Helper loaded: string_helper
INFO - 2020-05-16 18:34:22 --> Database Driver Class Initialized
INFO - 2020-05-16 18:34:22 --> Email Class Initialized
DEBUG - 2020-05-16 18:34:22 --> Session: "sess_save_path" is empty; using "session.save_path" value from php.ini.
INFO - 2020-05-16 18:34:22 --> Session: Class initialized using 'files' driver.
INFO - 2020-05-16 18:34:22 --> Controller Class Initialized
INFO - 2020-05-16 18:34:22 --> Model "M_auth" initialized
INFO - 2020-05-16 18:34:22 --> Helper loaded: form_helper
INFO - 2020-05-16 18:34:22 --> Form Validation Class Initialized
DEBUG - 2020-05-16 18:34:22 --> Sc_check class already loaded. Second attempt ignored.
INFO - 2020-05-16 18:34:22 --> Helper loaded: captcha_helper
INFO - 2020-05-16 18:34:22 --> Language file loaded: language/english/form_validation_lang.php
INFO - 2020-05-16 18:34:22 --> ---------------------Success -- Industry Logged in with prathwi@5ine.in and IP aaddress ::1 --------------
INFO - 2020-05-16 18:34:22 --> Config Class Initialized
INFO - 2020-05-16 18:34:22 --> Hooks Class Initialized
DEBUG - 2020-05-16 18:34:22 --> UTF-8 Support Enabled
INFO - 2020-05-16 18:34:22 --> Utf8 Class Initialized
INFO - 2020-05-16 18:34:22 --> URI Class Initialized
INFO - 2020-05-16 18:34:22 --> Router Class Initialized
INFO - 2020-05-16 18:34:22 --> Output Class Initialized
INFO - 2020-05-16 18:34:22 --> Security Class Initialized
DEBUG - 2020-05-16 18:34:22 --> Global POST, GET and COOKIE data sanitized
INFO - 2020-05-16 18:34:22 --> Input Class Initialized
INFO - 2020-05-16 18:34:22 --> Language Class Initialized
INFO - 2020-05-16 18:34:22 --> Loader Class Initialized
INFO - 2020-05-16 18:34:22 --> Helper loaded: url_helper
INFO - 2020-05-16 18:34:22 --> Helper loaded: file_helper
INFO - 2020-05-16 18:34:22 --> Helper loaded: string_helper
INFO - 2020-05-16 18:34:22 --> Database Driver Class Initialized
INFO - 2020-05-16 18:34:22 --> Email Class Initialized
DEBUG - 2020-05-16 18:34:22 --> Session: "sess_save_path" is empty; using "session.save_path" value from php.ini.
INFO - 2020-05-16 18:34:22 --> Session: Class initialized using 'files' driver.
INFO - 2020-05-16 18:34:22 --> Controller Class Initialized
INFO - 2020-05-16 18:34:22 --> Model "M_account" initialized
INFO - 2020-05-16 18:34:22 --> Helper loaded: form_helper
INFO - 2020-05-16 18:34:22 --> Form Validation Class Initialized
DEBUG - 2020-05-16 18:34:22 --> Sc_check class already loaded. Second attempt ignored.
INFO - 2020-05-16 18:34:22 --> Model "M_auth" initialized
INFO - 2020-05-16 18:34:23 --> File loaded: C:\xampp\htdocs\scholarship\payment\views\include/header.php
INFO - 2020-05-16 18:34:23 --> File loaded: C:\xampp\htdocs\scholarship\payment\views\include/menu.php
INFO - 2020-05-16 18:34:23 --> File loaded: C:\xampp\htdocs\scholarship\payment\views\include/footer.php
INFO - 2020-05-16 18:34:23 --> File loaded: C:\xampp\htdocs\scholarship\payment\views\include/msg.php
INFO - 2020-05-16 18:34:23 --> File loaded: C:\xampp\htdocs\scholarship\payment\views\account/profile.php
INFO - 2020-05-16 18:34:23 --> Final output sent to browser
DEBUG - 2020-05-16 18:34:23 --> Total execution time: 0.5183
INFO - 2020-05-16 18:34:23 --> Config Class Initialized
INFO - 2020-05-16 18:34:23 --> Config Class Initialized
INFO - 2020-05-16 18:34:23 --> Hooks Class Initialized
INFO - 2020-05-16 18:34:23 --> Hooks Class Initialized
INFO - 2020-05-16 18:34:23 --> Config Class Initialized
INFO - 2020-05-16 18:34:23 --> Hooks Class Initialized
DEBUG - 2020-05-16 18:34:23 --> UTF-8 Support Enabled
DEBUG - 2020-05-16 18:34:23 --> UTF-8 Support Enabled
INFO - 2020-05-16 18:34:23 --> Utf8 Class Initialized
INFO - 2020-05-16 18:34:23 --> Utf8 Class Initialized
DEBUG - 2020-05-16 18:34:23 --> UTF-8 Support Enabled
INFO - 2020-05-16 18:34:23 --> Utf8 Class Initialized
INFO - 2020-05-16 18:34:23 --> URI Class Initialized
INFO - 2020-05-16 18:34:23 --> URI Class Initialized
INFO - 2020-05-16 18:34:23 --> URI Class Initialized
INFO - 2020-05-16 18:34:23 --> Router Class Initialized
INFO - 2020-05-16 18:34:23 --> Router Class Initialized
INFO - 2020-05-16 18:34:23 --> Output Class Initialized
INFO - 2020-05-16 18:34:23 --> Router Class Initialized
INFO - 2020-05-16 18:34:23 --> Output Class Initialized
INFO - 2020-05-16 18:34:23 --> Security Class Initialized
INFO - 2020-05-16 18:34:23 --> Output Class Initialized
INFO - 2020-05-16 18:34:23 --> Security Class Initialized
DEBUG - 2020-05-16 18:34:23 --> Global POST, GET and COOKIE data sanitized
DEBUG - 2020-05-16 18:34:23 --> Global POST, GET and COOKIE data sanitized
INFO - 2020-05-16 18:34:23 --> Security Class Initialized
INFO - 2020-05-16 18:34:23 --> Input Class Initialized
INFO - 2020-05-16 18:34:23 --> Input Class Initialized
DEBUG - 2020-05-16 18:34:23 --> Global POST, GET and COOKIE data sanitized
INFO - 2020-05-16 18:34:23 --> Input Class Initialized
INFO - 2020-05-16 18:34:23 --> Language Class Initialized
INFO - 2020-05-16 18:34:23 --> Language Class Initialized
INFO - 2020-05-16 18:34:23 --> Language Class Initialized
ERROR - 2020-05-16 18:34:23 --> 404 Page Not Found: Show-images/gst
ERROR - 2020-05-16 18:34:23 --> 404 Page Not Found: Show-images/regfile
ERROR - 2020-05-16 18:34:23 --> 404 Page Not Found: Show-images/pan
INFO - 2020-05-16 18:34:26 --> Config Class Initialized
INFO - 2020-05-16 18:34:26 --> Hooks Class Initialized
DEBUG - 2020-05-16 18:34:26 --> UTF-8 Support Enabled
INFO - 2020-05-16 18:34:26 --> Utf8 Class Initialized
INFO - 2020-05-16 18:34:26 --> URI Class Initialized
INFO - 2020-05-16 18:34:26 --> Router Class Initialized
INFO - 2020-05-16 18:34:26 --> Output Class Initialized
INFO - 2020-05-16 18:34:26 --> Security Class Initialized
DEBUG - 2020-05-16 18:34:26 --> Global POST, GET and COOKIE data sanitized
INFO - 2020-05-16 18:34:26 --> Input Class Initialized
INFO - 2020-05-16 18:34:26 --> Language Class Initialized
INFO - 2020-05-16 18:34:26 --> Loader Class Initialized
INFO - 2020-05-16 18:34:26 --> Helper loaded: url_helper
INFO - 2020-05-16 18:34:26 --> Helper loaded: file_helper
INFO - 2020-05-16 18:34:26 --> Helper loaded: string_helper
INFO - 2020-05-16 18:34:26 --> Database Driver Class Initialized
INFO - 2020-05-16 18:34:26 --> Email Class Initialized
DEBUG - 2020-05-16 18:34:26 --> Session: "sess_save_path" is empty; using "session.save_path" value from php.ini.
INFO - 2020-05-16 18:34:26 --> Session: Class initialized using 'files' driver.
INFO - 2020-05-16 18:34:26 --> Controller Class Initialized
INFO - 2020-05-16 18:34:26 --> Model "M_payments" initialized
INFO - 2020-05-16 18:34:26 --> Model "M_auth" initialized
INFO - 2020-05-16 18:34:26 --> Model "M_account" initialized
INFO - 2020-05-16 18:34:26 --> Helper loaded: text_helper
INFO - 2020-05-16 18:34:26 --> Helper loaded: form_helper
INFO - 2020-05-16 18:34:26 --> Form Validation Class Initialized
DEBUG - 2020-05-16 18:34:26 --> Encryption_url class already loaded. Second attempt ignored.
INFO - 2020-05-16 18:34:26 --> File loaded: C:\xampp\htdocs\scholarship\payment\views\include/header.php
INFO - 2020-05-16 18:34:26 --> File loaded: C:\xampp\htdocs\scholarship\payment\views\include/menu.php
INFO - 2020-05-16 18:34:26 --> File loaded: C:\xampp\htdocs\scholarship\payment\views\include/footer.php
INFO - 2020-05-16 18:34:26 --> File loaded: C:\xampp\htdocs\scholarship\payment\views\payment/payment-list.php
INFO - 2020-05-16 18:34:26 --> Final output sent to browser
DEBUG - 2020-05-16 18:34:26 --> Total execution time: 0.4879
INFO - 2020-05-16 18:34:32 --> Config Class Initialized
INFO - 2020-05-16 18:34:32 --> Hooks Class Initialized
DEBUG - 2020-05-16 18:34:32 --> UTF-8 Support Enabled
INFO - 2020-05-16 18:34:32 --> Utf8 Class Initialized
INFO - 2020-05-16 18:34:32 --> URI Class Initialized
INFO - 2020-05-16 18:34:32 --> Router Class Initialized
INFO - 2020-05-16 18:34:32 --> Output Class Initialized
INFO - 2020-05-16 18:34:32 --> Security Class Initialized
DEBUG - 2020-05-16 18:34:32 --> Global POST, GET and COOKIE data sanitized
INFO - 2020-05-16 18:34:32 --> Input Class Initialized
INFO - 2020-05-16 18:34:32 --> Language Class Initialized
INFO - 2020-05-16 18:34:32 --> Loader Class Initialized
INFO - 2020-05-16 18:34:32 --> Helper loaded: url_helper
INFO - 2020-05-16 18:34:32 --> Helper loaded: file_helper
INFO - 2020-05-16 18:34:32 --> Helper loaded: string_helper
INFO - 2020-05-16 18:34:32 --> Database Driver Class Initialized
INFO - 2020-05-16 18:34:32 --> Email Class Initialized
DEBUG - 2020-05-16 18:34:32 --> Session: "sess_save_path" is empty; using "session.save_path" value from php.ini.
INFO - 2020-05-16 18:34:33 --> Session: Class initialized using 'files' driver.
INFO - 2020-05-16 18:34:33 --> Controller Class Initialized
INFO - 2020-05-16 18:34:33 --> Model "M_payments" initialized
INFO - 2020-05-16 18:34:33 --> Model "M_auth" initialized
INFO - 2020-05-16 18:34:33 --> Model "M_account" initialized
INFO - 2020-05-16 18:34:33 --> Helper loaded: text_helper
INFO - 2020-05-16 18:34:33 --> Helper loaded: form_helper
INFO - 2020-05-16 18:34:33 --> Form Validation Class Initialized
INFO - 2020-05-16 18:34:33 --> File loaded: C:\xampp\htdocs\scholarship\payment\views\include/header.php
INFO - 2020-05-16 18:34:33 --> File loaded: C:\xampp\htdocs\scholarship\payment\views\include/footer.php
INFO - 2020-05-16 18:34:33 --> File loaded: C:\xampp\htdocs\scholarship\payment\views\payment/reciept.php
INFO - 2020-05-16 18:34:33 --> Final output sent to browser
DEBUG - 2020-05-16 18:34:33 --> Total execution time: 0.3368
INFO - 2020-05-16 19:29:23 --> Config Class Initialized
INFO - 2020-05-16 19:29:23 --> Hooks Class Initialized
DEBUG - 2020-05-16 19:29:23 --> UTF-8 Support Enabled
INFO - 2020-05-16 19:29:23 --> Utf8 Class Initialized
INFO - 2020-05-16 19:29:23 --> URI Class Initialized
INFO - 2020-05-16 19:29:23 --> Router Class Initialized
INFO - 2020-05-16 19:29:23 --> Output Class Initialized
INFO - 2020-05-16 19:29:23 --> Security Class Initialized
DEBUG - 2020-05-16 19:29:23 --> Global POST, GET and COOKIE data sanitized
INFO - 2020-05-16 19:29:23 --> Input Class Initialized
INFO - 2020-05-16 19:29:23 --> Language Class Initialized
INFO - 2020-05-16 19:29:23 --> Loader Class Initialized
INFO - 2020-05-16 19:29:23 --> Helper loaded: url_helper
INFO - 2020-05-16 19:29:23 --> Helper loaded: file_helper
INFO - 2020-05-16 19:29:23 --> Helper loaded: string_helper
INFO - 2020-05-16 19:29:23 --> Database Driver Class Initialized
INFO - 2020-05-16 19:29:23 --> Email Class Initialized
DEBUG - 2020-05-16 19:29:23 --> Session: "sess_save_path" is empty; using "session.save_path" value from php.ini.
INFO - 2020-05-16 19:29:23 --> Session: Class initialized using 'files' driver.
INFO - 2020-05-16 19:29:23 --> Controller Class Initialized
INFO - 2020-05-16 19:29:23 --> Model "M_payments" initialized
INFO - 2020-05-16 19:29:23 --> Model "M_auth" initialized
INFO - 2020-05-16 19:29:23 --> Model "M_account" initialized
INFO - 2020-05-16 19:29:23 --> Helper loaded: text_helper
INFO - 2020-05-16 19:29:23 --> Helper loaded: form_helper
INFO - 2020-05-16 19:29:23 --> Form Validation Class Initialized
INFO - 2020-05-16 19:29:23 --> File loaded: C:\xampp\htdocs\scholarship\payment\views\include/header.php
ERROR - 2020-05-16 19:29:23 --> Severity: Notice --> Undefined property: CI_Loader::$ci C:\xampp\htdocs\scholarship\payment\views\payment\reciept.php 23
ERROR - 2020-05-16 19:29:23 --> Severity: Notice --> Trying to get property 'encryption_url' of non-object C:\xampp\htdocs\scholarship\payment\views\payment\reciept.php 23
ERROR - 2020-05-16 19:29:23 --> Severity: error --> Exception: Call to a member function safe_b64encode() on null C:\xampp\htdocs\scholarship\payment\views\payment\reciept.php 23
INFO - 2020-05-16 19:29:52 --> Config Class Initialized
INFO - 2020-05-16 19:29:52 --> Hooks Class Initialized
DEBUG - 2020-05-16 19:29:52 --> UTF-8 Support Enabled
INFO - 2020-05-16 19:29:52 --> Utf8 Class Initialized
INFO - 2020-05-16 19:29:52 --> URI Class Initialized
INFO - 2020-05-16 19:29:52 --> Router Class Initialized
INFO - 2020-05-16 19:29:52 --> Output Class Initialized
INFO - 2020-05-16 19:29:52 --> Security Class Initialized
DEBUG - 2020-05-16 19:29:52 --> Global POST, GET and COOKIE data sanitized
INFO - 2020-05-16 19:29:52 --> Input Class Initialized
INFO - 2020-05-16 19:29:52 --> Language Class Initialized
INFO - 2020-05-16 19:29:52 --> Loader Class Initialized
INFO - 2020-05-16 19:29:52 --> Helper loaded: url_helper
INFO - 2020-05-16 19:29:52 --> Helper loaded: file_helper
INFO - 2020-05-16 19:29:52 --> Helper loaded: string_helper
INFO - 2020-05-16 19:29:52 --> Database Driver Class Initialized
INFO - 2020-05-16 19:29:52 --> Email Class Initialized
DEBUG - 2020-05-16 19:29:52 --> Session: "sess_save_path" is empty; using "session.save_path" value from php.ini.
INFO - 2020-05-16 19:29:52 --> Session: Class initialized using 'files' driver.
INFO - 2020-05-16 19:29:52 --> Controller Class Initialized
INFO - 2020-05-16 19:29:52 --> Model "M_payments" initialized
INFO - 2020-05-16 19:29:52 --> Model "M_auth" initialized
INFO - 2020-05-16 19:29:52 --> Model "M_account" initialized
INFO - 2020-05-16 19:29:52 --> Helper loaded: text_helper
INFO - 2020-05-16 19:29:52 --> Helper loaded: form_helper
INFO - 2020-05-16 19:29:52 --> Form Validation Class Initialized
DEBUG - 2020-05-16 19:29:52 --> Encryption_url class already loaded. Second attempt ignored.
INFO - 2020-05-16 19:29:52 --> File loaded: C:\xampp\htdocs\scholarship\payment\views\include/header.php
INFO - 2020-05-16 19:29:52 --> File loaded: C:\xampp\htdocs\scholarship\payment\views\include/footer.php
INFO - 2020-05-16 19:29:52 --> File loaded: C:\xampp\htdocs\scholarship\payment\views\payment/reciept.php
INFO - 2020-05-16 19:29:52 --> Final output sent to browser
DEBUG - 2020-05-16 19:29:52 --> Total execution time: 0.2883
INFO - 2020-05-16 19:29:55 --> Config Class Initialized
INFO - 2020-05-16 19:29:55 --> Hooks Class Initialized
DEBUG - 2020-05-16 19:29:55 --> UTF-8 Support Enabled
INFO - 2020-05-16 19:29:55 --> Utf8 Class Initialized
INFO - 2020-05-16 19:29:55 --> URI Class Initialized
INFO - 2020-05-16 19:29:55 --> Router Class Initialized
INFO - 2020-05-16 19:29:55 --> Output Class Initialized
INFO - 2020-05-16 19:29:55 --> Security Class Initialized
DEBUG - 2020-05-16 19:29:55 --> Global POST, GET and COOKIE data sanitized
INFO - 2020-05-16 19:29:55 --> Input Class Initialized
INFO - 2020-05-16 19:29:55 --> Language Class Initialized
INFO - 2020-05-16 19:29:55 --> Loader Class Initialized
INFO - 2020-05-16 19:29:55 --> Helper loaded: url_helper
INFO - 2020-05-16 19:29:55 --> Helper loaded: file_helper
INFO - 2020-05-16 19:29:55 --> Helper loaded: string_helper
INFO - 2020-05-16 19:29:55 --> Database Driver Class Initialized
INFO - 2020-05-16 19:29:55 --> Email Class Initialized
DEBUG - 2020-05-16 19:29:55 --> Session: "sess_save_path" is empty; using "session.save_path" value from php.ini.
INFO - 2020-05-16 19:29:55 --> Session: Class initialized using 'files' driver.
INFO - 2020-05-16 19:29:55 --> Controller Class Initialized
INFO - 2020-05-16 19:29:55 --> Model "M_payments" initialized
INFO - 2020-05-16 19:29:55 --> Model "M_auth" initialized
INFO - 2020-05-16 19:29:55 --> Model "M_account" initialized
INFO - 2020-05-16 19:29:55 --> Helper loaded: text_helper
INFO - 2020-05-16 19:29:55 --> Helper loaded: form_helper
INFO - 2020-05-16 19:29:55 --> Form Validation Class Initialized
ERROR - 2020-05-16 19:29:55 --> Severity: Warning --> require_once(C:/xampp/htdocs/vendor/autoload.php): failed to open stream: No such file or directory C:\xampp\htdocs\scholarship\payment\controllers\Payments.php 99
ERROR - 2020-05-16 19:29:55 --> Severity: Compile Error --> require_once(): Failed opening required 'C:/xampp/htdocs/vendor/autoload.php' (include_path='C:\xampp\php\PEAR') C:\xampp\htdocs\scholarship\payment\controllers\Payments.php 99
INFO - 2020-05-16 19:30:17 --> Config Class Initialized
INFO - 2020-05-16 19:30:17 --> Hooks Class Initialized
DEBUG - 2020-05-16 19:30:17 --> UTF-8 Support Enabled
INFO - 2020-05-16 19:30:17 --> Utf8 Class Initialized
INFO - 2020-05-16 19:30:17 --> URI Class Initialized
INFO - 2020-05-16 19:30:17 --> Router Class Initialized
INFO - 2020-05-16 19:30:17 --> Output Class Initialized
INFO - 2020-05-16 19:30:17 --> Security Class Initialized
DEBUG - 2020-05-16 19:30:17 --> Global POST, GET and COOKIE data sanitized
INFO - 2020-05-16 19:30:17 --> Input Class Initialized
INFO - 2020-05-16 19:30:17 --> Language Class Initialized
INFO - 2020-05-16 19:30:17 --> Loader Class Initialized
INFO - 2020-05-16 19:30:17 --> Helper loaded: url_helper
INFO - 2020-05-16 19:30:17 --> Helper loaded: file_helper
INFO - 2020-05-16 19:30:17 --> Helper loaded: string_helper
INFO - 2020-05-16 19:30:17 --> Database Driver Class Initialized
INFO - 2020-05-16 19:30:17 --> Email Class Initialized
DEBUG - 2020-05-16 19:30:17 --> Session: "sess_save_path" is empty; using "session.save_path" value from php.ini.
INFO - 2020-05-16 19:30:17 --> Session: Class initialized using 'files' driver.
INFO - 2020-05-16 19:30:17 --> Controller Class Initialized
INFO - 2020-05-16 19:30:17 --> Model "M_payments" initialized
INFO - 2020-05-16 19:30:17 --> Model "M_auth" initialized
INFO - 2020-05-16 19:30:17 --> Model "M_account" initialized
INFO - 2020-05-16 19:30:17 --> Helper loaded: text_helper
INFO - 2020-05-16 19:30:17 --> Helper loaded: form_helper
INFO - 2020-05-16 19:30:17 --> Form Validation Class Initialized
DEBUG - 2020-05-16 19:30:18 --> Encryption_url class already loaded. Second attempt ignored.
INFO - 2020-05-16 19:30:18 --> File loaded: C:\xampp\htdocs\scholarship\payment\views\include/header.php
INFO - 2020-05-16 19:30:18 --> File loaded: C:\xampp\htdocs\scholarship\payment\views\include/footer.php
INFO - 2020-05-16 19:30:18 --> File loaded: C:\xampp\htdocs\scholarship\payment\views\payment/reciept.php
INFO - 2020-05-16 19:32:03 --> Config Class Initialized
INFO - 2020-05-16 19:32:03 --> Hooks Class Initialized
DEBUG - 2020-05-16 19:32:03 --> UTF-8 Support Enabled
INFO - 2020-05-16 19:32:03 --> Utf8 Class Initialized
INFO - 2020-05-16 19:32:03 --> URI Class Initialized
INFO - 2020-05-16 19:32:03 --> Router Class Initialized
INFO - 2020-05-16 19:32:03 --> Output Class Initialized
INFO - 2020-05-16 19:32:03 --> Security Class Initialized
DEBUG - 2020-05-16 19:32:03 --> Global POST, GET and COOKIE data sanitized
INFO - 2020-05-16 19:32:03 --> Input Class Initialized
INFO - 2020-05-16 19:32:03 --> Language Class Initialized
INFO - 2020-05-16 19:32:03 --> Loader Class Initialized
INFO - 2020-05-16 19:32:03 --> Helper loaded: url_helper
INFO - 2020-05-16 19:32:03 --> Helper loaded: file_helper
INFO - 2020-05-16 19:32:03 --> Helper loaded: string_helper
INFO - 2020-05-16 19:32:03 --> Database Driver Class Initialized
INFO - 2020-05-16 19:32:03 --> Email Class Initialized
DEBUG - 2020-05-16 19:32:03 --> Session: "sess_save_path" is empty; using "session.save_path" value from php.ini.
INFO - 2020-05-16 19:32:03 --> Session: Class initialized using 'files' driver.
INFO - 2020-05-16 19:32:03 --> Controller Class Initialized
INFO - 2020-05-16 19:32:03 --> Model "M_payments" initialized
INFO - 2020-05-16 19:32:03 --> Model "M_auth" initialized
INFO - 2020-05-16 19:32:03 --> Model "M_account" initialized
INFO - 2020-05-16 19:32:03 --> Helper loaded: text_helper
INFO - 2020-05-16 19:32:03 --> Helper loaded: form_helper
INFO - 2020-05-16 19:32:03 --> Form Validation Class Initialized
DEBUG - 2020-05-16 19:32:03 --> Encryption_url class already loaded. Second attempt ignored.
INFO - 2020-05-16 19:32:03 --> File loaded: C:\xampp\htdocs\scholarship\payment\views\include/header.php
INFO - 2020-05-16 19:32:03 --> File loaded: C:\xampp\htdocs\scholarship\payment\views\include/footer.php
INFO - 2020-05-16 19:32:03 --> File loaded: C:\xampp\htdocs\scholarship\payment\views\payment/reciept.php
INFO - 2020-05-16 19:32:03 --> Final output sent to browser
DEBUG - 2020-05-16 19:32:03 --> Total execution time: 0.3144
INFO - 2020-05-16 19:32:08 --> Config Class Initialized
INFO - 2020-05-16 19:32:08 --> Hooks Class Initialized
DEBUG - 2020-05-16 19:32:08 --> UTF-8 Support Enabled
INFO - 2020-05-16 19:32:08 --> Utf8 Class Initialized
INFO - 2020-05-16 19:32:08 --> URI Class Initialized
INFO - 2020-05-16 19:32:08 --> Router Class Initialized
INFO - 2020-05-16 19:32:08 --> Output Class Initialized
INFO - 2020-05-16 19:32:08 --> Security Class Initialized
DEBUG - 2020-05-16 19:32:08 --> Global POST, GET and COOKIE data sanitized
INFO - 2020-05-16 19:32:08 --> Input Class Initialized
INFO - 2020-05-16 19:32:08 --> Language Class Initialized
INFO - 2020-05-16 19:32:08 --> Loader Class Initialized
INFO - 2020-05-16 19:32:08 --> Helper loaded: url_helper
INFO - 2020-05-16 19:32:08 --> Helper loaded: file_helper
INFO - 2020-05-16 19:32:08 --> Helper loaded: string_helper
INFO - 2020-05-16 19:32:08 --> Database Driver Class Initialized
INFO - 2020-05-16 19:32:09 --> Email Class Initialized
DEBUG - 2020-05-16 19:32:09 --> Session: "sess_save_path" is empty; using "session.save_path" value from php.ini.
INFO - 2020-05-16 19:32:09 --> Session: Class initialized using 'files' driver.
INFO - 2020-05-16 19:32:09 --> Controller Class Initialized
INFO - 2020-05-16 19:32:09 --> Model "M_payments" initialized
INFO - 2020-05-16 19:32:09 --> Model "M_auth" initialized
INFO - 2020-05-16 19:32:09 --> Model "M_account" initialized
INFO - 2020-05-16 19:32:09 --> Helper loaded: text_helper
INFO - 2020-05-16 19:32:09 --> Helper loaded: form_helper
INFO - 2020-05-16 19:32:09 --> Form Validation Class Initialized
DEBUG - 2020-05-16 19:32:09 --> Encryption_url class already loaded. Second attempt ignored.
INFO - 2020-05-16 19:32:09 --> File loaded: C:\xampp\htdocs\scholarship\payment\views\payment/reciept_download.php
