INFO - 2020-05-12 15:26:18 --> Config Class Initialized
INFO - 2020-05-12 15:26:18 --> Hooks Class Initialized
DEBUG - 2020-05-12 15:26:18 --> UTF-8 Support Enabled
INFO - 2020-05-12 15:26:18 --> Utf8 Class Initialized
INFO - 2020-05-12 15:26:18 --> URI Class Initialized
DEBUG - 2020-05-12 15:26:18 --> No URI present. Default controller set.
INFO - 2020-05-12 15:26:19 --> Router Class Initialized
INFO - 2020-05-12 15:26:19 --> Output Class Initialized
INFO - 2020-05-12 15:26:19 --> Security Class Initialized
DEBUG - 2020-05-12 15:26:19 --> Global POST, GET and COOKIE data sanitized
INFO - 2020-05-12 15:26:19 --> CSRF cookie sent
INFO - 2020-05-12 15:26:19 --> Input Class Initialized
INFO - 2020-05-12 15:26:19 --> Language Class Initialized
INFO - 2020-05-12 15:26:19 --> Loader Class Initialized
INFO - 2020-05-12 15:26:19 --> Helper loaded: url_helper
INFO - 2020-05-12 15:26:19 --> Helper loaded: file_helper
INFO - 2020-05-12 15:26:19 --> Helper loaded: string_helper
INFO - 2020-05-12 15:26:59 --> Config Class Initialized
INFO - 2020-05-12 15:26:59 --> Hooks Class Initialized
DEBUG - 2020-05-12 15:26:59 --> UTF-8 Support Enabled
INFO - 2020-05-12 15:26:59 --> Utf8 Class Initialized
INFO - 2020-05-12 15:26:59 --> URI Class Initialized
DEBUG - 2020-05-12 15:26:59 --> No URI present. Default controller set.
INFO - 2020-05-12 15:26:59 --> Router Class Initialized
INFO - 2020-05-12 15:26:59 --> Output Class Initialized
INFO - 2020-05-12 15:26:59 --> Security Class Initialized
DEBUG - 2020-05-12 15:26:59 --> Global POST, GET and COOKIE data sanitized
INFO - 2020-05-12 15:26:59 --> CSRF cookie sent
INFO - 2020-05-12 15:26:59 --> Input Class Initialized
INFO - 2020-05-12 15:26:59 --> Language Class Initialized
INFO - 2020-05-12 15:26:59 --> Loader Class Initialized
INFO - 2020-05-12 15:26:59 --> Helper loaded: url_helper
INFO - 2020-05-12 15:26:59 --> Helper loaded: file_helper
INFO - 2020-05-12 15:26:59 --> Helper loaded: string_helper
INFO - 2020-05-12 15:27:04 --> Config Class Initialized
INFO - 2020-05-12 15:27:04 --> Hooks Class Initialized
DEBUG - 2020-05-12 15:27:05 --> UTF-8 Support Enabled
INFO - 2020-05-12 15:27:05 --> Utf8 Class Initialized
INFO - 2020-05-12 15:27:05 --> URI Class Initialized
DEBUG - 2020-05-12 15:27:05 --> No URI present. Default controller set.
INFO - 2020-05-12 15:27:05 --> Router Class Initialized
INFO - 2020-05-12 15:27:05 --> Output Class Initialized
INFO - 2020-05-12 15:27:05 --> Security Class Initialized
DEBUG - 2020-05-12 15:27:05 --> Global POST, GET and COOKIE data sanitized
INFO - 2020-05-12 15:27:05 --> CSRF cookie sent
INFO - 2020-05-12 15:27:05 --> Input Class Initialized
INFO - 2020-05-12 15:27:05 --> Language Class Initialized
INFO - 2020-05-12 15:27:05 --> Loader Class Initialized
INFO - 2020-05-12 15:27:05 --> Helper loaded: url_helper
INFO - 2020-05-12 15:27:05 --> Helper loaded: file_helper
INFO - 2020-05-12 15:27:05 --> Helper loaded: string_helper
INFO - 2020-05-12 15:27:15 --> Config Class Initialized
INFO - 2020-05-12 15:27:15 --> Hooks Class Initialized
DEBUG - 2020-05-12 15:27:15 --> UTF-8 Support Enabled
INFO - 2020-05-12 15:27:15 --> Utf8 Class Initialized
INFO - 2020-05-12 15:27:15 --> URI Class Initialized
DEBUG - 2020-05-12 15:27:15 --> No URI present. Default controller set.
INFO - 2020-05-12 15:27:15 --> Router Class Initialized
INFO - 2020-05-12 15:27:15 --> Output Class Initialized
INFO - 2020-05-12 15:27:15 --> Security Class Initialized
DEBUG - 2020-05-12 15:27:15 --> Global POST, GET and COOKIE data sanitized
INFO - 2020-05-12 15:27:15 --> CSRF cookie sent
INFO - 2020-05-12 15:27:15 --> Input Class Initialized
INFO - 2020-05-12 15:27:15 --> Language Class Initialized
INFO - 2020-05-12 15:27:15 --> Loader Class Initialized
INFO - 2020-05-12 15:27:15 --> Helper loaded: url_helper
INFO - 2020-05-12 15:27:15 --> Helper loaded: file_helper
INFO - 2020-05-12 15:27:15 --> Helper loaded: string_helper
INFO - 2020-05-12 15:27:15 --> Database Driver Class Initialized
INFO - 2020-05-12 15:27:15 --> Email Class Initialized
DEBUG - 2020-05-12 15:27:15 --> Session: "sess_save_path" is empty; using "session.save_path" value from php.ini.
INFO - 2020-05-12 15:27:15 --> Session: Class initialized using 'files' driver.
INFO - 2020-05-12 15:27:15 --> Controller Class Initialized
INFO - 2020-05-12 15:27:15 --> Model "M_auth" initialized
INFO - 2020-05-12 15:27:16 --> Helper loaded: form_helper
INFO - 2020-05-12 15:27:16 --> Form Validation Class Initialized
DEBUG - 2020-05-12 15:27:16 --> Sc_check class already loaded. Second attempt ignored.
INFO - 2020-05-12 15:27:16 --> Helper loaded: captcha_helper
INFO - 2020-05-12 15:27:16 --> File loaded: C:\xampp\htdocs\scholarship\payment\views\include/header.php
INFO - 2020-05-12 15:27:16 --> File loaded: C:\xampp\htdocs\scholarship\payment\views\include/footer.php
INFO - 2020-05-12 15:27:16 --> File loaded: C:\xampp\htdocs\scholarship\payment\views\include/msg.php
INFO - 2020-05-12 15:27:16 --> File loaded: C:\xampp\htdocs\scholarship\payment\views\auth/login.php
INFO - 2020-05-12 15:27:16 --> Final output sent to browser
DEBUG - 2020-05-12 15:27:16 --> Total execution time: 0.4966
INFO - 2020-05-12 15:27:27 --> Config Class Initialized
INFO - 2020-05-12 15:27:27 --> Hooks Class Initialized
DEBUG - 2020-05-12 15:27:27 --> UTF-8 Support Enabled
INFO - 2020-05-12 15:27:27 --> Utf8 Class Initialized
INFO - 2020-05-12 15:27:27 --> URI Class Initialized
INFO - 2020-05-12 15:27:27 --> Router Class Initialized
INFO - 2020-05-12 15:27:27 --> Output Class Initialized
INFO - 2020-05-12 15:27:27 --> Security Class Initialized
DEBUG - 2020-05-12 15:27:27 --> Global POST, GET and COOKIE data sanitized
INFO - 2020-05-12 15:27:27 --> CSRF cookie sent
INFO - 2020-05-12 15:27:27 --> Input Class Initialized
INFO - 2020-05-12 15:27:27 --> Language Class Initialized
ERROR - 2020-05-12 15:27:27 --> 404 Page Not Found: Auth/refresh
INFO - 2020-05-12 15:27:49 --> Config Class Initialized
INFO - 2020-05-12 15:27:49 --> Hooks Class Initialized
DEBUG - 2020-05-12 15:27:49 --> UTF-8 Support Enabled
INFO - 2020-05-12 15:27:49 --> Utf8 Class Initialized
INFO - 2020-05-12 15:27:49 --> URI Class Initialized
DEBUG - 2020-05-12 15:27:49 --> No URI present. Default controller set.
INFO - 2020-05-12 15:27:49 --> Router Class Initialized
INFO - 2020-05-12 15:27:49 --> Output Class Initialized
INFO - 2020-05-12 15:27:49 --> Security Class Initialized
DEBUG - 2020-05-12 15:27:49 --> Global POST, GET and COOKIE data sanitized
INFO - 2020-05-12 15:27:49 --> CSRF cookie sent
INFO - 2020-05-12 15:27:49 --> Input Class Initialized
INFO - 2020-05-12 15:27:49 --> Language Class Initialized
INFO - 2020-05-12 15:27:49 --> Loader Class Initialized
INFO - 2020-05-12 15:27:49 --> Helper loaded: url_helper
INFO - 2020-05-12 15:27:49 --> Helper loaded: file_helper
INFO - 2020-05-12 15:27:49 --> Helper loaded: string_helper
INFO - 2020-05-12 15:27:49 --> Database Driver Class Initialized
INFO - 2020-05-12 15:27:49 --> Email Class Initialized
DEBUG - 2020-05-12 15:27:49 --> Session: "sess_save_path" is empty; using "session.save_path" value from php.ini.
INFO - 2020-05-12 15:27:49 --> Session: Class initialized using 'files' driver.
INFO - 2020-05-12 15:27:49 --> Controller Class Initialized
INFO - 2020-05-12 15:27:49 --> Model "M_auth" initialized
INFO - 2020-05-12 15:27:49 --> Helper loaded: form_helper
INFO - 2020-05-12 15:27:49 --> Form Validation Class Initialized
DEBUG - 2020-05-12 15:27:49 --> Sc_check class already loaded. Second attempt ignored.
INFO - 2020-05-12 15:27:49 --> Helper loaded: captcha_helper
INFO - 2020-05-12 15:27:49 --> File loaded: C:\xampp\htdocs\scholarship\payment\views\include/header.php
INFO - 2020-05-12 15:27:49 --> File loaded: C:\xampp\htdocs\scholarship\payment\views\include/footer.php
INFO - 2020-05-12 15:27:49 --> File loaded: C:\xampp\htdocs\scholarship\payment\views\include/msg.php
INFO - 2020-05-12 15:27:49 --> File loaded: C:\xampp\htdocs\scholarship\payment\views\auth/login.php
INFO - 2020-05-12 15:27:49 --> Final output sent to browser
DEBUG - 2020-05-12 15:27:49 --> Total execution time: 0.3275
INFO - 2020-05-12 15:28:12 --> Config Class Initialized
INFO - 2020-05-12 15:28:12 --> Hooks Class Initialized
DEBUG - 2020-05-12 15:28:12 --> UTF-8 Support Enabled
INFO - 2020-05-12 15:28:12 --> Utf8 Class Initialized
INFO - 2020-05-12 15:28:12 --> URI Class Initialized
DEBUG - 2020-05-12 15:28:12 --> No URI present. Default controller set.
INFO - 2020-05-12 15:28:12 --> Router Class Initialized
INFO - 2020-05-12 15:28:12 --> Output Class Initialized
INFO - 2020-05-12 15:28:12 --> Security Class Initialized
DEBUG - 2020-05-12 15:28:12 --> Global POST, GET and COOKIE data sanitized
INFO - 2020-05-12 15:28:12 --> CSRF cookie sent
INFO - 2020-05-12 15:28:12 --> Input Class Initialized
INFO - 2020-05-12 15:28:12 --> Language Class Initialized
INFO - 2020-05-12 15:28:12 --> Loader Class Initialized
INFO - 2020-05-12 15:28:12 --> Helper loaded: url_helper
INFO - 2020-05-12 15:28:12 --> Helper loaded: file_helper
INFO - 2020-05-12 15:28:12 --> Helper loaded: string_helper
INFO - 2020-05-12 15:28:12 --> Database Driver Class Initialized
INFO - 2020-05-12 15:28:12 --> Email Class Initialized
DEBUG - 2020-05-12 15:28:12 --> Session: "sess_save_path" is empty; using "session.save_path" value from php.ini.
INFO - 2020-05-12 15:28:12 --> Session: Class initialized using 'files' driver.
INFO - 2020-05-12 15:28:12 --> Controller Class Initialized
INFO - 2020-05-12 15:28:12 --> Model "M_auth" initialized
INFO - 2020-05-12 15:28:12 --> Helper loaded: form_helper
INFO - 2020-05-12 15:28:12 --> Form Validation Class Initialized
DEBUG - 2020-05-12 15:28:12 --> Sc_check class already loaded. Second attempt ignored.
INFO - 2020-05-12 15:28:12 --> Helper loaded: captcha_helper
INFO - 2020-05-12 15:28:12 --> File loaded: C:\xampp\htdocs\scholarship\payment\views\include/header.php
INFO - 2020-05-12 15:28:12 --> File loaded: C:\xampp\htdocs\scholarship\payment\views\include/footer.php
INFO - 2020-05-12 15:28:12 --> File loaded: C:\xampp\htdocs\scholarship\payment\views\include/msg.php
INFO - 2020-05-12 15:28:12 --> File loaded: C:\xampp\htdocs\scholarship\payment\views\auth/login.php
INFO - 2020-05-12 15:28:12 --> Final output sent to browser
DEBUG - 2020-05-12 15:28:12 --> Total execution time: 0.3180
INFO - 2020-05-12 15:28:27 --> Config Class Initialized
INFO - 2020-05-12 15:28:27 --> Hooks Class Initialized
DEBUG - 2020-05-12 15:28:27 --> UTF-8 Support Enabled
INFO - 2020-05-12 15:28:27 --> Utf8 Class Initialized
INFO - 2020-05-12 15:28:27 --> URI Class Initialized
INFO - 2020-05-12 15:28:27 --> Router Class Initialized
INFO - 2020-05-12 15:28:27 --> Output Class Initialized
INFO - 2020-05-12 15:28:27 --> Security Class Initialized
DEBUG - 2020-05-12 15:28:27 --> Global POST, GET and COOKIE data sanitized
INFO - 2020-05-12 15:28:27 --> CSRF cookie sent
INFO - 2020-05-12 15:28:27 --> CSRF token verified
INFO - 2020-05-12 15:28:27 --> Input Class Initialized
INFO - 2020-05-12 15:28:27 --> Language Class Initialized
INFO - 2020-05-12 15:28:28 --> Loader Class Initialized
INFO - 2020-05-12 15:28:28 --> Helper loaded: url_helper
INFO - 2020-05-12 15:28:28 --> Helper loaded: file_helper
INFO - 2020-05-12 15:28:28 --> Helper loaded: string_helper
INFO - 2020-05-12 15:28:28 --> Database Driver Class Initialized
INFO - 2020-05-12 15:28:28 --> Email Class Initialized
DEBUG - 2020-05-12 15:28:28 --> Session: "sess_save_path" is empty; using "session.save_path" value from php.ini.
INFO - 2020-05-12 15:28:28 --> Session: Class initialized using 'files' driver.
INFO - 2020-05-12 15:28:28 --> Controller Class Initialized
INFO - 2020-05-12 15:28:28 --> Model "M_auth" initialized
INFO - 2020-05-12 15:28:28 --> Helper loaded: form_helper
INFO - 2020-05-12 15:28:28 --> Form Validation Class Initialized
DEBUG - 2020-05-12 15:28:28 --> Sc_check class already loaded. Second attempt ignored.
INFO - 2020-05-12 15:28:28 --> Helper loaded: captcha_helper
INFO - 2020-05-12 15:28:28 --> Final output sent to browser
DEBUG - 2020-05-12 15:28:28 --> Total execution time: 0.3761
INFO - 2020-05-12 15:28:38 --> Config Class Initialized
INFO - 2020-05-12 15:28:38 --> Hooks Class Initialized
DEBUG - 2020-05-12 15:28:38 --> UTF-8 Support Enabled
INFO - 2020-05-12 15:28:38 --> Utf8 Class Initialized
INFO - 2020-05-12 15:28:38 --> URI Class Initialized
INFO - 2020-05-12 15:28:38 --> Router Class Initialized
INFO - 2020-05-12 15:28:38 --> Output Class Initialized
INFO - 2020-05-12 15:28:38 --> Security Class Initialized
DEBUG - 2020-05-12 15:28:38 --> Global POST, GET and COOKIE data sanitized
INFO - 2020-05-12 15:28:38 --> CSRF cookie sent
INFO - 2020-05-12 15:28:38 --> CSRF token verified
INFO - 2020-05-12 15:28:38 --> Input Class Initialized
INFO - 2020-05-12 15:28:38 --> Language Class Initialized
INFO - 2020-05-12 15:28:38 --> Loader Class Initialized
INFO - 2020-05-12 15:28:38 --> Helper loaded: url_helper
INFO - 2020-05-12 15:28:38 --> Helper loaded: file_helper
INFO - 2020-05-12 15:28:38 --> Helper loaded: string_helper
INFO - 2020-05-12 15:28:38 --> Database Driver Class Initialized
INFO - 2020-05-12 15:28:38 --> Email Class Initialized
DEBUG - 2020-05-12 15:28:38 --> Session: "sess_save_path" is empty; using "session.save_path" value from php.ini.
INFO - 2020-05-12 15:28:38 --> Session: Class initialized using 'files' driver.
INFO - 2020-05-12 15:28:38 --> Controller Class Initialized
INFO - 2020-05-12 15:28:38 --> Model "M_auth" initialized
INFO - 2020-05-12 15:28:38 --> Helper loaded: form_helper
INFO - 2020-05-12 15:28:38 --> Form Validation Class Initialized
DEBUG - 2020-05-12 15:28:38 --> Sc_check class already loaded. Second attempt ignored.
INFO - 2020-05-12 15:28:38 --> Helper loaded: captcha_helper
INFO - 2020-05-12 15:28:38 --> Final output sent to browser
DEBUG - 2020-05-12 15:28:38 --> Total execution time: 0.3366
INFO - 2020-05-12 15:52:18 --> Config Class Initialized
INFO - 2020-05-12 15:52:18 --> Hooks Class Initialized
DEBUG - 2020-05-12 15:52:18 --> UTF-8 Support Enabled
INFO - 2020-05-12 15:52:18 --> Utf8 Class Initialized
INFO - 2020-05-12 15:52:18 --> URI Class Initialized
INFO - 2020-05-12 15:52:18 --> Router Class Initialized
INFO - 2020-05-12 15:52:18 --> Output Class Initialized
INFO - 2020-05-12 15:52:18 --> Security Class Initialized
DEBUG - 2020-05-12 15:52:18 --> Global POST, GET and COOKIE data sanitized
INFO - 2020-05-12 15:52:18 --> CSRF cookie sent
INFO - 2020-05-12 15:52:18 --> CSRF token verified
INFO - 2020-05-12 15:52:18 --> Input Class Initialized
INFO - 2020-05-12 15:52:18 --> Language Class Initialized
INFO - 2020-05-12 15:52:18 --> Loader Class Initialized
INFO - 2020-05-12 15:52:18 --> Helper loaded: url_helper
INFO - 2020-05-12 15:52:18 --> Helper loaded: file_helper
INFO - 2020-05-12 15:52:18 --> Helper loaded: string_helper
INFO - 2020-05-12 15:52:18 --> Database Driver Class Initialized
INFO - 2020-05-12 15:52:18 --> Email Class Initialized
DEBUG - 2020-05-12 15:52:18 --> Session: "sess_save_path" is empty; using "session.save_path" value from php.ini.
INFO - 2020-05-12 15:52:18 --> Session: Class initialized using 'files' driver.
INFO - 2020-05-12 15:52:18 --> Controller Class Initialized
INFO - 2020-05-12 15:52:18 --> Model "M_auth" initialized
INFO - 2020-05-12 15:52:18 --> Helper loaded: form_helper
INFO - 2020-05-12 15:52:18 --> Form Validation Class Initialized
DEBUG - 2020-05-12 15:52:18 --> Sc_check class already loaded. Second attempt ignored.
INFO - 2020-05-12 15:52:18 --> Helper loaded: captcha_helper
INFO - 2020-05-12 15:52:18 --> Language file loaded: language/english/form_validation_lang.php
INFO - 2020-05-12 15:52:18 --> ---------------------Success -- Industry Logged in with prathwi@5ine.in and IP aaddress ::1 --------------
INFO - 2020-05-12 15:52:18 --> Config Class Initialized
INFO - 2020-05-12 15:52:18 --> Hooks Class Initialized
DEBUG - 2020-05-12 15:52:18 --> UTF-8 Support Enabled
INFO - 2020-05-12 15:52:18 --> Utf8 Class Initialized
INFO - 2020-05-12 15:52:18 --> URI Class Initialized
INFO - 2020-05-12 15:52:18 --> Router Class Initialized
INFO - 2020-05-12 15:52:18 --> Output Class Initialized
INFO - 2020-05-12 15:52:18 --> Security Class Initialized
DEBUG - 2020-05-12 15:52:18 --> Global POST, GET and COOKIE data sanitized
INFO - 2020-05-12 15:52:18 --> CSRF cookie sent
INFO - 2020-05-12 15:52:18 --> Input Class Initialized
INFO - 2020-05-12 15:52:18 --> Language Class Initialized
INFO - 2020-05-12 15:52:18 --> Loader Class Initialized
INFO - 2020-05-12 15:52:18 --> Helper loaded: url_helper
INFO - 2020-05-12 15:52:18 --> Helper loaded: file_helper
INFO - 2020-05-12 15:52:18 --> Helper loaded: string_helper
INFO - 2020-05-12 15:52:18 --> Database Driver Class Initialized
INFO - 2020-05-12 15:52:18 --> Email Class Initialized
DEBUG - 2020-05-12 15:52:18 --> Session: "sess_save_path" is empty; using "session.save_path" value from php.ini.
INFO - 2020-05-12 15:52:18 --> Session: Class initialized using 'files' driver.
INFO - 2020-05-12 15:52:18 --> Controller Class Initialized
INFO - 2020-05-12 15:52:18 --> Model "M_account" initialized
INFO - 2020-05-12 15:52:18 --> Helper loaded: form_helper
INFO - 2020-05-12 15:52:18 --> Form Validation Class Initialized
DEBUG - 2020-05-12 15:52:18 --> Sc_check class already loaded. Second attempt ignored.
INFO - 2020-05-12 15:52:18 --> Model "M_auth" initialized
INFO - 2020-05-12 15:52:18 --> File loaded: C:\xampp\htdocs\scholarship\payment\views\include/header.php
INFO - 2020-05-12 15:52:18 --> File loaded: C:\xampp\htdocs\scholarship\payment\views\include/menu.php
INFO - 2020-05-12 15:52:18 --> File loaded: C:\xampp\htdocs\scholarship\payment\views\include/footer.php
INFO - 2020-05-12 15:52:18 --> File loaded: C:\xampp\htdocs\scholarship\payment\views\include/msg.php
INFO - 2020-05-12 15:52:18 --> File loaded: C:\xampp\htdocs\scholarship\payment\views\account/profile.php
INFO - 2020-05-12 15:52:18 --> Final output sent to browser
DEBUG - 2020-05-12 15:52:18 --> Total execution time: 0.3561
INFO - 2020-05-12 15:52:19 --> Config Class Initialized
INFO - 2020-05-12 15:52:19 --> Config Class Initialized
INFO - 2020-05-12 15:52:19 --> Config Class Initialized
INFO - 2020-05-12 15:52:19 --> Hooks Class Initialized
INFO - 2020-05-12 15:52:19 --> Hooks Class Initialized
INFO - 2020-05-12 15:52:19 --> Hooks Class Initialized
DEBUG - 2020-05-12 15:52:19 --> UTF-8 Support Enabled
DEBUG - 2020-05-12 15:52:19 --> UTF-8 Support Enabled
DEBUG - 2020-05-12 15:52:19 --> UTF-8 Support Enabled
INFO - 2020-05-12 15:52:19 --> Utf8 Class Initialized
INFO - 2020-05-12 15:52:19 --> Utf8 Class Initialized
INFO - 2020-05-12 15:52:19 --> Utf8 Class Initialized
INFO - 2020-05-12 15:52:19 --> URI Class Initialized
INFO - 2020-05-12 15:52:19 --> URI Class Initialized
INFO - 2020-05-12 15:52:19 --> URI Class Initialized
INFO - 2020-05-12 15:52:19 --> Router Class Initialized
INFO - 2020-05-12 15:52:19 --> Router Class Initialized
INFO - 2020-05-12 15:52:19 --> Router Class Initialized
INFO - 2020-05-12 15:52:19 --> Output Class Initialized
INFO - 2020-05-12 15:52:19 --> Output Class Initialized
INFO - 2020-05-12 15:52:19 --> Output Class Initialized
INFO - 2020-05-12 15:52:19 --> Security Class Initialized
INFO - 2020-05-12 15:52:19 --> Security Class Initialized
INFO - 2020-05-12 15:52:19 --> Security Class Initialized
DEBUG - 2020-05-12 15:52:19 --> Global POST, GET and COOKIE data sanitized
DEBUG - 2020-05-12 15:52:19 --> Global POST, GET and COOKIE data sanitized
DEBUG - 2020-05-12 15:52:19 --> Global POST, GET and COOKIE data sanitized
INFO - 2020-05-12 15:52:19 --> CSRF cookie sent
INFO - 2020-05-12 15:52:19 --> CSRF cookie sent
INFO - 2020-05-12 15:52:19 --> CSRF cookie sent
INFO - 2020-05-12 15:52:19 --> Input Class Initialized
INFO - 2020-05-12 15:52:19 --> Input Class Initialized
INFO - 2020-05-12 15:52:19 --> Input Class Initialized
INFO - 2020-05-12 15:52:19 --> Language Class Initialized
INFO - 2020-05-12 15:52:19 --> Language Class Initialized
INFO - 2020-05-12 15:52:19 --> Language Class Initialized
ERROR - 2020-05-12 15:52:19 --> 404 Page Not Found: Show-images/gst
ERROR - 2020-05-12 15:52:19 --> 404 Page Not Found: Show-images/pan
ERROR - 2020-05-12 15:52:19 --> 404 Page Not Found: Show-images/regfile
INFO - 2020-05-12 15:52:21 --> Config Class Initialized
INFO - 2020-05-12 15:52:21 --> Hooks Class Initialized
DEBUG - 2020-05-12 15:52:21 --> UTF-8 Support Enabled
INFO - 2020-05-12 15:52:21 --> Utf8 Class Initialized
INFO - 2020-05-12 15:52:21 --> URI Class Initialized
INFO - 2020-05-12 15:52:21 --> Router Class Initialized
INFO - 2020-05-12 15:52:21 --> Output Class Initialized
INFO - 2020-05-12 15:52:21 --> Security Class Initialized
DEBUG - 2020-05-12 15:52:21 --> Global POST, GET and COOKIE data sanitized
INFO - 2020-05-12 15:52:21 --> CSRF cookie sent
INFO - 2020-05-12 15:52:21 --> Input Class Initialized
INFO - 2020-05-12 15:52:21 --> Language Class Initialized
INFO - 2020-05-12 15:52:21 --> Loader Class Initialized
INFO - 2020-05-12 15:52:21 --> Helper loaded: url_helper
INFO - 2020-05-12 15:52:21 --> Helper loaded: file_helper
INFO - 2020-05-12 15:52:21 --> Helper loaded: string_helper
INFO - 2020-05-12 15:52:21 --> Database Driver Class Initialized
INFO - 2020-05-12 15:52:21 --> Email Class Initialized
DEBUG - 2020-05-12 15:52:21 --> Session: "sess_save_path" is empty; using "session.save_path" value from php.ini.
INFO - 2020-05-12 15:52:21 --> Session: Class initialized using 'files' driver.
INFO - 2020-05-12 15:52:21 --> Controller Class Initialized
INFO - 2020-05-12 15:52:21 --> Model "M_payments" initialized
INFO - 2020-05-12 15:52:21 --> Model "M_auth" initialized
INFO - 2020-05-12 15:52:21 --> Model "M_account" initialized
INFO - 2020-05-12 15:52:21 --> Helper loaded: text_helper
INFO - 2020-05-12 15:52:21 --> File loaded: C:\xampp\htdocs\scholarship\payment\views\include/header.php
INFO - 2020-05-12 15:52:21 --> File loaded: C:\xampp\htdocs\scholarship\payment\views\include/footer.php
INFO - 2020-05-12 15:52:21 --> File loaded: C:\xampp\htdocs\scholarship\payment\views\include/msg.php
INFO - 2020-05-12 15:52:21 --> File loaded: C:\xampp\htdocs\scholarship\payment\views\payment/make-payment.php
INFO - 2020-05-12 15:52:21 --> Final output sent to browser
DEBUG - 2020-05-12 15:52:21 --> Total execution time: 0.2538
INFO - 2020-05-12 15:52:21 --> Config Class Initialized
INFO - 2020-05-12 15:52:21 --> Hooks Class Initialized
DEBUG - 2020-05-12 15:52:21 --> UTF-8 Support Enabled
INFO - 2020-05-12 15:52:21 --> Utf8 Class Initialized
INFO - 2020-05-12 15:52:21 --> URI Class Initialized
INFO - 2020-05-12 15:52:21 --> Router Class Initialized
INFO - 2020-05-12 15:52:21 --> Output Class Initialized
INFO - 2020-05-12 15:52:21 --> Security Class Initialized
DEBUG - 2020-05-12 15:52:21 --> Global POST, GET and COOKIE data sanitized
INFO - 2020-05-12 15:52:21 --> CSRF cookie sent
INFO - 2020-05-12 15:52:21 --> Input Class Initialized
INFO - 2020-05-12 15:52:21 --> Language Class Initialized
ERROR - 2020-05-12 15:52:21 --> 404 Page Not Found: Assets/image
INFO - 2020-05-12 15:52:21 --> Config Class Initialized
INFO - 2020-05-12 15:52:21 --> Hooks Class Initialized
DEBUG - 2020-05-12 15:52:21 --> UTF-8 Support Enabled
INFO - 2020-05-12 15:52:21 --> Utf8 Class Initialized
INFO - 2020-05-12 15:52:21 --> URI Class Initialized
INFO - 2020-05-12 15:52:21 --> Router Class Initialized
INFO - 2020-05-12 15:52:21 --> Output Class Initialized
INFO - 2020-05-12 15:52:21 --> Security Class Initialized
DEBUG - 2020-05-12 15:52:21 --> Global POST, GET and COOKIE data sanitized
INFO - 2020-05-12 15:52:21 --> CSRF cookie sent
INFO - 2020-05-12 15:52:21 --> Input Class Initialized
INFO - 2020-05-12 15:52:21 --> Language Class Initialized
ERROR - 2020-05-12 15:52:21 --> 404 Page Not Found: Assets/image
