INFO - 2020-08-26 11:06:14 --> Config Class Initialized
INFO - 2020-08-26 11:06:14 --> Hooks Class Initialized
DEBUG - 2020-08-26 11:06:14 --> UTF-8 Support Enabled
INFO - 2020-08-26 11:06:14 --> Utf8 Class Initialized
INFO - 2020-08-26 11:06:15 --> URI Class Initialized
DEBUG - 2020-08-26 11:06:15 --> No URI present. Default controller set.
INFO - 2020-08-26 11:06:15 --> Router Class Initialized
INFO - 2020-08-26 11:06:15 --> Output Class Initialized
INFO - 2020-08-26 11:06:15 --> Security Class Initialized
DEBUG - 2020-08-26 11:06:15 --> Global POST, GET and COOKIE data sanitized
INFO - 2020-08-26 11:06:15 --> Input Class Initialized
INFO - 2020-08-26 11:06:15 --> Language Class Initialized
INFO - 2020-08-26 11:06:15 --> Loader Class Initialized
INFO - 2020-08-26 11:06:15 --> Helper loaded: url_helper
INFO - 2020-08-26 11:06:15 --> Helper loaded: file_helper
INFO - 2020-08-26 11:06:15 --> Helper loaded: string_helper
INFO - 2020-08-26 11:06:15 --> Helper loaded: noti_helper
INFO - 2020-08-26 11:06:16 --> Database Driver Class Initialized
INFO - 2020-08-26 11:06:16 --> Email Class Initialized
DEBUG - 2020-08-26 11:06:16 --> Session: "sess_save_path" is empty; using "session.save_path" value from php.ini.
INFO - 2020-08-26 11:06:16 --> Session: Class initialized using 'files' driver.
INFO - 2020-08-26 11:06:16 --> Controller Class Initialized
INFO - 2020-08-26 11:06:16 --> Model "M_auth" initialized
INFO - 2020-08-26 11:06:16 --> Helper loaded: form_helper
INFO - 2020-08-26 11:06:16 --> Form Validation Class Initialized
DEBUG - 2020-08-26 11:06:16 --> Sc_check class already loaded. Second attempt ignored.
INFO - 2020-08-26 11:06:16 --> Helper loaded: captcha_helper
INFO - 2020-08-26 11:06:16 --> File loaded: C:\xampp\htdocs\scholarship\payment\views\include/header.php
INFO - 2020-08-26 11:06:16 --> File loaded: C:\xampp\htdocs\scholarship\payment\views\include/footer.php
INFO - 2020-08-26 11:06:16 --> File loaded: C:\xampp\htdocs\scholarship\payment\views\include/msg.php
INFO - 2020-08-26 11:06:16 --> File loaded: C:\xampp\htdocs\scholarship\payment\views\auth/login.php
INFO - 2020-08-26 11:06:16 --> Final output sent to browser
DEBUG - 2020-08-26 11:06:16 --> Total execution time: 2.3625
INFO - 2020-08-26 11:06:35 --> Config Class Initialized
INFO - 2020-08-26 11:06:35 --> Hooks Class Initialized
DEBUG - 2020-08-26 11:06:35 --> UTF-8 Support Enabled
INFO - 2020-08-26 11:06:35 --> Utf8 Class Initialized
INFO - 2020-08-26 11:06:35 --> URI Class Initialized
INFO - 2020-08-26 11:06:35 --> Router Class Initialized
INFO - 2020-08-26 11:06:35 --> Output Class Initialized
INFO - 2020-08-26 11:06:35 --> Security Class Initialized
DEBUG - 2020-08-26 11:06:35 --> Global POST, GET and COOKIE data sanitized
INFO - 2020-08-26 11:06:35 --> Input Class Initialized
INFO - 2020-08-26 11:06:35 --> Language Class Initialized
INFO - 2020-08-26 11:06:35 --> Loader Class Initialized
INFO - 2020-08-26 11:06:35 --> Helper loaded: url_helper
INFO - 2020-08-26 11:06:35 --> Helper loaded: file_helper
INFO - 2020-08-26 11:06:35 --> Helper loaded: string_helper
INFO - 2020-08-26 11:06:35 --> Helper loaded: noti_helper
INFO - 2020-08-26 11:06:36 --> Database Driver Class Initialized
INFO - 2020-08-26 11:06:36 --> Email Class Initialized
DEBUG - 2020-08-26 11:06:36 --> Session: "sess_save_path" is empty; using "session.save_path" value from php.ini.
INFO - 2020-08-26 11:06:36 --> Session: Class initialized using 'files' driver.
INFO - 2020-08-26 11:06:36 --> Controller Class Initialized
INFO - 2020-08-26 11:06:36 --> Model "M_payments" initialized
INFO - 2020-08-26 11:06:36 --> Model "M_auth" initialized
INFO - 2020-08-26 11:06:36 --> Model "M_account" initialized
INFO - 2020-08-26 11:06:36 --> Helper loaded: text_helper
INFO - 2020-08-26 11:06:36 --> Helper loaded: form_helper
INFO - 2020-08-26 11:06:36 --> Form Validation Class Initialized
INFO - 2020-08-26 11:06:36 --> File loaded: C:\xampp\htdocs\scholarship\payment\views\include/header.php
INFO - 2020-08-26 11:06:36 --> File loaded: C:\xampp\htdocs\scholarship\payment\views\include/footer.php
INFO - 2020-08-26 11:06:36 --> File loaded: C:\xampp\htdocs\scholarship\payment\views\include/msg.php
INFO - 2020-08-26 11:06:36 --> File loaded: C:\xampp\htdocs\scholarship\payment\views\payment/payment.php
INFO - 2020-08-26 11:06:36 --> Final output sent to browser
DEBUG - 2020-08-26 11:06:36 --> Total execution time: 1.0649
INFO - 2020-08-26 11:06:39 --> Config Class Initialized
INFO - 2020-08-26 11:06:39 --> Hooks Class Initialized
DEBUG - 2020-08-26 11:06:39 --> UTF-8 Support Enabled
INFO - 2020-08-26 11:06:39 --> Utf8 Class Initialized
INFO - 2020-08-26 11:06:39 --> URI Class Initialized
INFO - 2020-08-26 11:06:39 --> Router Class Initialized
INFO - 2020-08-26 11:06:39 --> Output Class Initialized
INFO - 2020-08-26 11:06:39 --> Security Class Initialized
DEBUG - 2020-08-26 11:06:39 --> Global POST, GET and COOKIE data sanitized
INFO - 2020-08-26 11:06:39 --> Input Class Initialized
INFO - 2020-08-26 11:06:39 --> Language Class Initialized
INFO - 2020-08-26 11:06:39 --> Loader Class Initialized
INFO - 2020-08-26 11:06:39 --> Helper loaded: url_helper
INFO - 2020-08-26 11:06:39 --> Helper loaded: file_helper
INFO - 2020-08-26 11:06:39 --> Helper loaded: string_helper
INFO - 2020-08-26 11:06:39 --> Helper loaded: noti_helper
INFO - 2020-08-26 11:06:39 --> Database Driver Class Initialized
INFO - 2020-08-26 11:06:39 --> Email Class Initialized
DEBUG - 2020-08-26 11:06:39 --> Session: "sess_save_path" is empty; using "session.save_path" value from php.ini.
INFO - 2020-08-26 11:06:39 --> Session: Class initialized using 'files' driver.
INFO - 2020-08-26 11:06:40 --> Controller Class Initialized
INFO - 2020-08-26 11:06:40 --> Model "M_payments" initialized
INFO - 2020-08-26 11:06:40 --> Model "M_auth" initialized
INFO - 2020-08-26 11:06:40 --> Model "M_account" initialized
INFO - 2020-08-26 11:06:40 --> Helper loaded: text_helper
INFO - 2020-08-26 11:06:40 --> Helper loaded: form_helper
INFO - 2020-08-26 11:06:40 --> Form Validation Class Initialized
INFO - 2020-08-26 11:06:40 --> File loaded: C:\xampp\htdocs\scholarship\payment\views\include/header.php
INFO - 2020-08-26 11:06:40 --> File loaded: C:\xampp\htdocs\scholarship\payment\views\include/footer.php
INFO - 2020-08-26 11:06:40 --> File loaded: C:\xampp\htdocs\scholarship\payment\views\include/msg.php
INFO - 2020-08-26 11:06:40 --> File loaded: C:\xampp\htdocs\scholarship\payment\views\payment/payment.php
INFO - 2020-08-26 11:06:40 --> Final output sent to browser
DEBUG - 2020-08-26 11:06:40 --> Total execution time: 0.4729
INFO - 2020-08-26 11:08:12 --> Config Class Initialized
INFO - 2020-08-26 11:08:12 --> Hooks Class Initialized
DEBUG - 2020-08-26 11:08:12 --> UTF-8 Support Enabled
INFO - 2020-08-26 11:08:12 --> Utf8 Class Initialized
INFO - 2020-08-26 11:08:12 --> URI Class Initialized
INFO - 2020-08-26 11:08:12 --> Router Class Initialized
INFO - 2020-08-26 11:08:12 --> Output Class Initialized
INFO - 2020-08-26 11:08:12 --> Security Class Initialized
DEBUG - 2020-08-26 11:08:12 --> Global POST, GET and COOKIE data sanitized
INFO - 2020-08-26 11:08:12 --> Input Class Initialized
INFO - 2020-08-26 11:08:12 --> Language Class Initialized
INFO - 2020-08-26 11:08:12 --> Loader Class Initialized
INFO - 2020-08-26 11:08:12 --> Helper loaded: url_helper
INFO - 2020-08-26 11:08:12 --> Helper loaded: file_helper
INFO - 2020-08-26 11:08:12 --> Helper loaded: string_helper
INFO - 2020-08-26 11:08:12 --> Helper loaded: noti_helper
INFO - 2020-08-26 11:08:12 --> Database Driver Class Initialized
INFO - 2020-08-26 11:08:12 --> Email Class Initialized
DEBUG - 2020-08-26 11:08:12 --> Session: "sess_save_path" is empty; using "session.save_path" value from php.ini.
INFO - 2020-08-26 11:08:13 --> Session: Class initialized using 'files' driver.
INFO - 2020-08-26 11:08:13 --> Controller Class Initialized
INFO - 2020-08-26 11:08:13 --> Model "M_payments" initialized
INFO - 2020-08-26 11:08:13 --> Model "M_auth" initialized
INFO - 2020-08-26 11:08:13 --> Model "M_account" initialized
INFO - 2020-08-26 11:08:13 --> Helper loaded: text_helper
INFO - 2020-08-26 11:08:13 --> Helper loaded: form_helper
INFO - 2020-08-26 11:08:13 --> Form Validation Class Initialized
INFO - 2020-08-26 11:08:13 --> File loaded: C:\xampp\htdocs\scholarship\payment\views\include/header.php
INFO - 2020-08-26 11:08:13 --> File loaded: C:\xampp\htdocs\scholarship\payment\views\include/footer.php
INFO - 2020-08-26 11:08:13 --> File loaded: C:\xampp\htdocs\scholarship\payment\views\include/msg.php
INFO - 2020-08-26 11:08:13 --> File loaded: C:\xampp\htdocs\scholarship\payment\views\payment/payment.php
INFO - 2020-08-26 11:08:13 --> Final output sent to browser
DEBUG - 2020-08-26 11:08:13 --> Total execution time: 0.6369
INFO - 2020-08-26 11:09:00 --> Config Class Initialized
INFO - 2020-08-26 11:09:00 --> Hooks Class Initialized
DEBUG - 2020-08-26 11:09:00 --> UTF-8 Support Enabled
INFO - 2020-08-26 11:09:00 --> Utf8 Class Initialized
INFO - 2020-08-26 11:09:00 --> URI Class Initialized
INFO - 2020-08-26 11:09:00 --> Router Class Initialized
INFO - 2020-08-26 11:09:00 --> Output Class Initialized
INFO - 2020-08-26 11:09:00 --> Security Class Initialized
DEBUG - 2020-08-26 11:09:00 --> Global POST, GET and COOKIE data sanitized
INFO - 2020-08-26 11:09:00 --> Input Class Initialized
INFO - 2020-08-26 11:09:00 --> Language Class Initialized
INFO - 2020-08-26 11:09:00 --> Loader Class Initialized
INFO - 2020-08-26 11:09:00 --> Helper loaded: url_helper
INFO - 2020-08-26 11:09:00 --> Helper loaded: file_helper
INFO - 2020-08-26 11:09:00 --> Helper loaded: string_helper
INFO - 2020-08-26 11:09:00 --> Helper loaded: noti_helper
INFO - 2020-08-26 11:09:00 --> Database Driver Class Initialized
INFO - 2020-08-26 11:09:00 --> Email Class Initialized
DEBUG - 2020-08-26 11:09:00 --> Session: "sess_save_path" is empty; using "session.save_path" value from php.ini.
INFO - 2020-08-26 11:09:00 --> Session: Class initialized using 'files' driver.
INFO - 2020-08-26 11:09:00 --> Controller Class Initialized
INFO - 2020-08-26 11:09:00 --> Model "M_payments" initialized
INFO - 2020-08-26 11:09:00 --> Model "M_auth" initialized
INFO - 2020-08-26 11:09:00 --> Model "M_account" initialized
INFO - 2020-08-26 11:09:00 --> Helper loaded: text_helper
INFO - 2020-08-26 11:09:00 --> Helper loaded: form_helper
INFO - 2020-08-26 11:09:00 --> Form Validation Class Initialized
INFO - 2020-08-26 11:09:00 --> File loaded: C:\xampp\htdocs\scholarship\payment\views\include/header.php
INFO - 2020-08-26 11:09:00 --> File loaded: C:\xampp\htdocs\scholarship\payment\views\include/footer.php
INFO - 2020-08-26 11:09:00 --> File loaded: C:\xampp\htdocs\scholarship\payment\views\include/msg.php
INFO - 2020-08-26 11:09:00 --> File loaded: C:\xampp\htdocs\scholarship\payment\views\payment/payment.php
INFO - 2020-08-26 11:09:01 --> Final output sent to browser
DEBUG - 2020-08-26 11:09:01 --> Total execution time: 0.5595
