INFO - 2020-08-25 14:33:12 --> Config Class Initialized
INFO - 2020-08-25 14:33:12 --> Hooks Class Initialized
DEBUG - 2020-08-25 14:33:12 --> UTF-8 Support Enabled
INFO - 2020-08-25 14:33:12 --> Utf8 Class Initialized
INFO - 2020-08-25 14:33:12 --> URI Class Initialized
DEBUG - 2020-08-25 14:33:12 --> No URI present. Default controller set.
INFO - 2020-08-25 14:33:12 --> Router Class Initialized
INFO - 2020-08-25 14:33:12 --> Output Class Initialized
INFO - 2020-08-25 14:33:12 --> Security Class Initialized
DEBUG - 2020-08-25 14:33:12 --> Global POST, GET and COOKIE data sanitized
INFO - 2020-08-25 14:33:12 --> Input Class Initialized
INFO - 2020-08-25 14:33:12 --> Language Class Initialized
INFO - 2020-08-25 14:33:12 --> Loader Class Initialized
INFO - 2020-08-25 14:33:12 --> Helper loaded: url_helper
INFO - 2020-08-25 14:33:12 --> Helper loaded: file_helper
INFO - 2020-08-25 14:33:12 --> Helper loaded: string_helper
INFO - 2020-08-25 14:33:12 --> Helper loaded: noti_helper
INFO - 2020-08-25 14:33:13 --> Database Driver Class Initialized
INFO - 2020-08-25 14:33:13 --> Email Class Initialized
DEBUG - 2020-08-25 14:33:13 --> Session: "sess_save_path" is empty; using "session.save_path" value from php.ini.
INFO - 2020-08-25 14:33:13 --> Session: Class initialized using 'files' driver.
INFO - 2020-08-25 14:33:13 --> Controller Class Initialized
INFO - 2020-08-25 14:33:13 --> Model "M_auth" initialized
INFO - 2020-08-25 14:33:13 --> Helper loaded: form_helper
INFO - 2020-08-25 14:33:13 --> Form Validation Class Initialized
DEBUG - 2020-08-25 14:33:13 --> Sc_check class already loaded. Second attempt ignored.
INFO - 2020-08-25 14:33:13 --> Helper loaded: captcha_helper
INFO - 2020-08-25 14:33:13 --> File loaded: C:\xampp\htdocs\scholarship\payment\views\include/header.php
INFO - 2020-08-25 14:33:13 --> File loaded: C:\xampp\htdocs\scholarship\payment\views\include/footer.php
INFO - 2020-08-25 14:33:13 --> File loaded: C:\xampp\htdocs\scholarship\payment\views\include/msg.php
INFO - 2020-08-25 14:33:13 --> File loaded: C:\xampp\htdocs\scholarship\payment\views\auth/login.php
INFO - 2020-08-25 14:33:13 --> Final output sent to browser
DEBUG - 2020-08-25 14:33:13 --> Total execution time: 1.7782
INFO - 2020-08-25 14:52:59 --> Config Class Initialized
INFO - 2020-08-25 14:52:59 --> Hooks Class Initialized
DEBUG - 2020-08-25 14:52:59 --> UTF-8 Support Enabled
INFO - 2020-08-25 14:52:59 --> Utf8 Class Initialized
INFO - 2020-08-25 14:52:59 --> URI Class Initialized
INFO - 2020-08-25 14:52:59 --> Router Class Initialized
INFO - 2020-08-25 14:52:59 --> Output Class Initialized
INFO - 2020-08-25 14:52:59 --> Security Class Initialized
DEBUG - 2020-08-25 14:52:59 --> Global POST, GET and COOKIE data sanitized
INFO - 2020-08-25 14:52:59 --> Input Class Initialized
INFO - 2020-08-25 14:52:59 --> Language Class Initialized
INFO - 2020-08-25 14:52:59 --> Loader Class Initialized
INFO - 2020-08-25 14:52:59 --> Helper loaded: url_helper
INFO - 2020-08-25 14:52:59 --> Helper loaded: file_helper
INFO - 2020-08-25 14:52:59 --> Helper loaded: string_helper
INFO - 2020-08-25 14:52:59 --> Helper loaded: noti_helper
INFO - 2020-08-25 14:52:59 --> Database Driver Class Initialized
INFO - 2020-08-25 14:52:59 --> Email Class Initialized
DEBUG - 2020-08-25 14:52:59 --> Session: "sess_save_path" is empty; using "session.save_path" value from php.ini.
INFO - 2020-08-25 14:52:59 --> Session: Class initialized using 'files' driver.
INFO - 2020-08-25 14:52:59 --> Controller Class Initialized
INFO - 2020-08-25 14:52:59 --> Model "M_payments" initialized
INFO - 2020-08-25 14:52:59 --> Model "M_auth" initialized
INFO - 2020-08-25 14:52:59 --> Model "M_account" initialized
INFO - 2020-08-25 14:52:59 --> Helper loaded: text_helper
INFO - 2020-08-25 14:52:59 --> Helper loaded: form_helper
INFO - 2020-08-25 14:52:59 --> Form Validation Class Initialized
INFO - 2020-08-25 14:52:59 --> File loaded: C:\xampp\htdocs\scholarship\payment\views\include/header.php
INFO - 2020-08-25 14:52:59 --> File loaded: C:\xampp\htdocs\scholarship\payment\views\include/footer.php
INFO - 2020-08-25 14:52:59 --> File loaded: C:\xampp\htdocs\scholarship\payment\views\include/msg.php
INFO - 2020-08-25 14:52:59 --> File loaded: C:\xampp\htdocs\scholarship\payment\views\payment/payment.php
INFO - 2020-08-25 14:52:59 --> Final output sent to browser
DEBUG - 2020-08-25 14:52:59 --> Total execution time: 0.4459
INFO - 2020-08-25 14:53:02 --> Config Class Initialized
INFO - 2020-08-25 14:53:02 --> Hooks Class Initialized
DEBUG - 2020-08-25 14:53:02 --> UTF-8 Support Enabled
INFO - 2020-08-25 14:53:02 --> Utf8 Class Initialized
INFO - 2020-08-25 14:53:02 --> URI Class Initialized
INFO - 2020-08-25 14:53:02 --> Router Class Initialized
INFO - 2020-08-25 14:53:02 --> Output Class Initialized
INFO - 2020-08-25 14:53:02 --> Security Class Initialized
DEBUG - 2020-08-25 14:53:02 --> Global POST, GET and COOKIE data sanitized
INFO - 2020-08-25 14:53:02 --> Input Class Initialized
INFO - 2020-08-25 14:53:02 --> Language Class Initialized
INFO - 2020-08-25 14:53:02 --> Loader Class Initialized
INFO - 2020-08-25 14:53:02 --> Helper loaded: url_helper
INFO - 2020-08-25 14:53:02 --> Helper loaded: file_helper
INFO - 2020-08-25 14:53:02 --> Helper loaded: string_helper
INFO - 2020-08-25 14:53:02 --> Helper loaded: noti_helper
INFO - 2020-08-25 14:53:02 --> Database Driver Class Initialized
INFO - 2020-08-25 14:53:02 --> Email Class Initialized
DEBUG - 2020-08-25 14:53:02 --> Session: "sess_save_path" is empty; using "session.save_path" value from php.ini.
INFO - 2020-08-25 14:53:02 --> Session: Class initialized using 'files' driver.
INFO - 2020-08-25 14:53:02 --> Controller Class Initialized
INFO - 2020-08-25 14:53:02 --> Model "M_payments" initialized
INFO - 2020-08-25 14:53:02 --> Model "M_auth" initialized
INFO - 2020-08-25 14:53:02 --> Model "M_account" initialized
INFO - 2020-08-25 14:53:02 --> Helper loaded: text_helper
INFO - 2020-08-25 14:53:02 --> Helper loaded: form_helper
INFO - 2020-08-25 14:53:02 --> Form Validation Class Initialized
INFO - 2020-08-25 14:53:02 --> File loaded: C:\xampp\htdocs\scholarship\payment\views\include/header.php
INFO - 2020-08-25 14:53:02 --> File loaded: C:\xampp\htdocs\scholarship\payment\views\include/footer.php
INFO - 2020-08-25 14:53:02 --> File loaded: C:\xampp\htdocs\scholarship\payment\views\include/msg.php
INFO - 2020-08-25 14:53:02 --> File loaded: C:\xampp\htdocs\scholarship\payment\views\payment/payment.php
INFO - 2020-08-25 14:53:02 --> Final output sent to browser
DEBUG - 2020-08-25 14:53:02 --> Total execution time: 0.4902
INFO - 2020-08-25 14:59:59 --> Config Class Initialized
INFO - 2020-08-25 14:59:59 --> Hooks Class Initialized
DEBUG - 2020-08-25 14:59:59 --> UTF-8 Support Enabled
INFO - 2020-08-25 14:59:59 --> Utf8 Class Initialized
INFO - 2020-08-25 14:59:59 --> URI Class Initialized
INFO - 2020-08-25 14:59:59 --> Router Class Initialized
INFO - 2020-08-25 14:59:59 --> Output Class Initialized
INFO - 2020-08-25 14:59:59 --> Security Class Initialized
DEBUG - 2020-08-25 14:59:59 --> Global POST, GET and COOKIE data sanitized
INFO - 2020-08-25 14:59:59 --> Input Class Initialized
INFO - 2020-08-25 14:59:59 --> Language Class Initialized
INFO - 2020-08-25 14:59:59 --> Loader Class Initialized
INFO - 2020-08-25 14:59:59 --> Helper loaded: url_helper
INFO - 2020-08-25 14:59:59 --> Helper loaded: file_helper
INFO - 2020-08-25 14:59:59 --> Helper loaded: string_helper
INFO - 2020-08-25 14:59:59 --> Helper loaded: noti_helper
INFO - 2020-08-25 14:59:59 --> Database Driver Class Initialized
INFO - 2020-08-25 14:59:59 --> Email Class Initialized
DEBUG - 2020-08-25 14:59:59 --> Session: "sess_save_path" is empty; using "session.save_path" value from php.ini.
INFO - 2020-08-25 14:59:59 --> Session: Class initialized using 'files' driver.
INFO - 2020-08-25 14:59:59 --> Controller Class Initialized
INFO - 2020-08-25 14:59:59 --> Model "M_payments" initialized
INFO - 2020-08-25 14:59:59 --> Model "M_auth" initialized
INFO - 2020-08-25 14:59:59 --> Model "M_account" initialized
INFO - 2020-08-25 14:59:59 --> Helper loaded: text_helper
INFO - 2020-08-25 14:59:59 --> Helper loaded: form_helper
INFO - 2020-08-25 14:59:59 --> Form Validation Class Initialized
INFO - 2020-08-25 14:59:59 --> File loaded: C:\xampp\htdocs\scholarship\payment\views\include/header.php
INFO - 2020-08-25 14:59:59 --> File loaded: C:\xampp\htdocs\scholarship\payment\views\include/footer.php
INFO - 2020-08-25 14:59:59 --> File loaded: C:\xampp\htdocs\scholarship\payment\views\include/msg.php
INFO - 2020-08-25 14:59:59 --> File loaded: C:\xampp\htdocs\scholarship\payment\views\payment/payment.php
INFO - 2020-08-25 14:59:59 --> Final output sent to browser
DEBUG - 2020-08-25 14:59:59 --> Total execution time: 0.4843
INFO - 2020-08-25 15:00:01 --> Config Class Initialized
INFO - 2020-08-25 15:00:02 --> Hooks Class Initialized
DEBUG - 2020-08-25 15:00:02 --> UTF-8 Support Enabled
INFO - 2020-08-25 15:00:02 --> Utf8 Class Initialized
INFO - 2020-08-25 15:00:02 --> URI Class Initialized
INFO - 2020-08-25 15:00:02 --> Router Class Initialized
INFO - 2020-08-25 15:00:02 --> Output Class Initialized
INFO - 2020-08-25 15:00:02 --> Security Class Initialized
DEBUG - 2020-08-25 15:00:02 --> Global POST, GET and COOKIE data sanitized
INFO - 2020-08-25 15:00:02 --> Input Class Initialized
INFO - 2020-08-25 15:00:02 --> Language Class Initialized
INFO - 2020-08-25 15:00:02 --> Loader Class Initialized
INFO - 2020-08-25 15:00:02 --> Helper loaded: url_helper
INFO - 2020-08-25 15:00:02 --> Helper loaded: file_helper
INFO - 2020-08-25 15:00:02 --> Helper loaded: string_helper
INFO - 2020-08-25 15:00:02 --> Helper loaded: noti_helper
INFO - 2020-08-25 15:00:02 --> Database Driver Class Initialized
INFO - 2020-08-25 15:00:02 --> Email Class Initialized
DEBUG - 2020-08-25 15:00:02 --> Session: "sess_save_path" is empty; using "session.save_path" value from php.ini.
INFO - 2020-08-25 15:00:02 --> Session: Class initialized using 'files' driver.
INFO - 2020-08-25 15:00:02 --> Controller Class Initialized
INFO - 2020-08-25 15:00:02 --> Model "M_payments" initialized
INFO - 2020-08-25 15:00:02 --> Model "M_auth" initialized
INFO - 2020-08-25 15:00:02 --> Model "M_account" initialized
INFO - 2020-08-25 15:00:02 --> Helper loaded: text_helper
INFO - 2020-08-25 15:00:02 --> Helper loaded: form_helper
INFO - 2020-08-25 15:00:02 --> Form Validation Class Initialized
INFO - 2020-08-25 15:00:02 --> File loaded: C:\xampp\htdocs\scholarship\payment\views\include/header.php
INFO - 2020-08-25 15:00:02 --> File loaded: C:\xampp\htdocs\scholarship\payment\views\include/footer.php
INFO - 2020-08-25 15:00:02 --> File loaded: C:\xampp\htdocs\scholarship\payment\views\include/msg.php
INFO - 2020-08-25 15:00:02 --> File loaded: C:\xampp\htdocs\scholarship\payment\views\payment/payment.php
INFO - 2020-08-25 15:00:02 --> Final output sent to browser
DEBUG - 2020-08-25 15:00:02 --> Total execution time: 0.4642
INFO - 2020-08-25 15:18:01 --> Config Class Initialized
INFO - 2020-08-25 15:18:01 --> Hooks Class Initialized
DEBUG - 2020-08-25 15:18:01 --> UTF-8 Support Enabled
INFO - 2020-08-25 15:18:01 --> Utf8 Class Initialized
INFO - 2020-08-25 15:18:01 --> URI Class Initialized
INFO - 2020-08-25 15:18:01 --> Router Class Initialized
INFO - 2020-08-25 15:18:01 --> Output Class Initialized
INFO - 2020-08-25 15:18:01 --> Security Class Initialized
DEBUG - 2020-08-25 15:18:01 --> Global POST, GET and COOKIE data sanitized
INFO - 2020-08-25 15:18:01 --> Input Class Initialized
INFO - 2020-08-25 15:18:01 --> Language Class Initialized
INFO - 2020-08-25 15:18:01 --> Loader Class Initialized
INFO - 2020-08-25 15:18:01 --> Helper loaded: url_helper
INFO - 2020-08-25 15:18:01 --> Helper loaded: file_helper
INFO - 2020-08-25 15:18:01 --> Helper loaded: string_helper
INFO - 2020-08-25 15:18:01 --> Helper loaded: noti_helper
INFO - 2020-08-25 15:18:01 --> Database Driver Class Initialized
INFO - 2020-08-25 15:18:01 --> Email Class Initialized
DEBUG - 2020-08-25 15:18:01 --> Session: "sess_save_path" is empty; using "session.save_path" value from php.ini.
INFO - 2020-08-25 15:18:01 --> Session: Class initialized using 'files' driver.
INFO - 2020-08-25 15:18:01 --> Controller Class Initialized
INFO - 2020-08-25 15:18:01 --> Model "M_payments" initialized
INFO - 2020-08-25 15:18:01 --> Model "M_auth" initialized
INFO - 2020-08-25 15:18:01 --> Model "M_account" initialized
INFO - 2020-08-25 15:18:01 --> Helper loaded: text_helper
INFO - 2020-08-25 15:18:01 --> Helper loaded: form_helper
INFO - 2020-08-25 15:18:01 --> Form Validation Class Initialized
INFO - 2020-08-25 15:18:02 --> Final output sent to browser
DEBUG - 2020-08-25 15:18:02 --> Total execution time: 0.6698
INFO - 2020-08-25 15:18:35 --> Config Class Initialized
INFO - 2020-08-25 15:18:35 --> Hooks Class Initialized
DEBUG - 2020-08-25 15:18:35 --> UTF-8 Support Enabled
INFO - 2020-08-25 15:18:35 --> Utf8 Class Initialized
INFO - 2020-08-25 15:18:35 --> URI Class Initialized
INFO - 2020-08-25 15:18:35 --> Router Class Initialized
INFO - 2020-08-25 15:18:35 --> Output Class Initialized
INFO - 2020-08-25 15:18:35 --> Security Class Initialized
DEBUG - 2020-08-25 15:18:35 --> Global POST, GET and COOKIE data sanitized
INFO - 2020-08-25 15:18:35 --> Input Class Initialized
INFO - 2020-08-25 15:18:35 --> Language Class Initialized
INFO - 2020-08-25 15:18:35 --> Loader Class Initialized
INFO - 2020-08-25 15:18:35 --> Helper loaded: url_helper
INFO - 2020-08-25 15:18:35 --> Helper loaded: file_helper
INFO - 2020-08-25 15:18:35 --> Helper loaded: string_helper
INFO - 2020-08-25 15:18:35 --> Helper loaded: noti_helper
INFO - 2020-08-25 15:18:35 --> Database Driver Class Initialized
INFO - 2020-08-25 15:18:35 --> Email Class Initialized
DEBUG - 2020-08-25 15:18:35 --> Session: "sess_save_path" is empty; using "session.save_path" value from php.ini.
INFO - 2020-08-25 15:18:35 --> Session: Class initialized using 'files' driver.
INFO - 2020-08-25 15:18:35 --> Controller Class Initialized
INFO - 2020-08-25 15:18:35 --> Model "M_payments" initialized
INFO - 2020-08-25 15:18:36 --> Model "M_auth" initialized
INFO - 2020-08-25 15:18:36 --> Model "M_account" initialized
INFO - 2020-08-25 15:18:36 --> Helper loaded: text_helper
INFO - 2020-08-25 15:18:36 --> Helper loaded: form_helper
INFO - 2020-08-25 15:18:36 --> Form Validation Class Initialized
INFO - 2020-08-25 15:18:37 --> Final output sent to browser
DEBUG - 2020-08-25 15:18:37 --> Total execution time: 1.3720
INFO - 2020-08-25 15:20:00 --> Config Class Initialized
INFO - 2020-08-25 15:20:00 --> Hooks Class Initialized
DEBUG - 2020-08-25 15:20:00 --> UTF-8 Support Enabled
INFO - 2020-08-25 15:20:00 --> Utf8 Class Initialized
INFO - 2020-08-25 15:20:00 --> URI Class Initialized
INFO - 2020-08-25 15:20:00 --> Router Class Initialized
INFO - 2020-08-25 15:20:00 --> Output Class Initialized
INFO - 2020-08-25 15:20:00 --> Security Class Initialized
DEBUG - 2020-08-25 15:20:00 --> Global POST, GET and COOKIE data sanitized
INFO - 2020-08-25 15:20:00 --> Input Class Initialized
INFO - 2020-08-25 15:20:00 --> Language Class Initialized
INFO - 2020-08-25 15:20:00 --> Loader Class Initialized
INFO - 2020-08-25 15:20:00 --> Helper loaded: url_helper
INFO - 2020-08-25 15:20:00 --> Helper loaded: file_helper
INFO - 2020-08-25 15:20:00 --> Helper loaded: string_helper
INFO - 2020-08-25 15:20:00 --> Helper loaded: noti_helper
INFO - 2020-08-25 15:20:00 --> Database Driver Class Initialized
INFO - 2020-08-25 15:20:00 --> Email Class Initialized
DEBUG - 2020-08-25 15:20:00 --> Session: "sess_save_path" is empty; using "session.save_path" value from php.ini.
INFO - 2020-08-25 15:20:00 --> Session: Class initialized using 'files' driver.
INFO - 2020-08-25 15:20:00 --> Controller Class Initialized
INFO - 2020-08-25 15:20:00 --> Model "M_payments" initialized
INFO - 2020-08-25 15:20:00 --> Model "M_auth" initialized
INFO - 2020-08-25 15:20:00 --> Model "M_account" initialized
INFO - 2020-08-25 15:20:00 --> Helper loaded: text_helper
INFO - 2020-08-25 15:20:00 --> Helper loaded: form_helper
INFO - 2020-08-25 15:20:00 --> Form Validation Class Initialized
INFO - 2020-08-25 15:20:01 --> Final output sent to browser
DEBUG - 2020-08-25 15:20:01 --> Total execution time: 1.6027
INFO - 2020-08-25 15:31:22 --> Config Class Initialized
INFO - 2020-08-25 15:31:22 --> Hooks Class Initialized
DEBUG - 2020-08-25 15:31:22 --> UTF-8 Support Enabled
INFO - 2020-08-25 15:31:22 --> Utf8 Class Initialized
INFO - 2020-08-25 15:31:22 --> URI Class Initialized
INFO - 2020-08-25 15:31:22 --> Router Class Initialized
INFO - 2020-08-25 15:31:22 --> Output Class Initialized
INFO - 2020-08-25 15:31:22 --> Security Class Initialized
DEBUG - 2020-08-25 15:31:22 --> Global POST, GET and COOKIE data sanitized
INFO - 2020-08-25 15:31:22 --> Input Class Initialized
INFO - 2020-08-25 15:31:22 --> Language Class Initialized
INFO - 2020-08-25 15:31:22 --> Loader Class Initialized
INFO - 2020-08-25 15:31:22 --> Helper loaded: url_helper
INFO - 2020-08-25 15:31:22 --> Helper loaded: file_helper
INFO - 2020-08-25 15:31:22 --> Helper loaded: string_helper
INFO - 2020-08-25 15:31:22 --> Helper loaded: noti_helper
INFO - 2020-08-25 15:31:22 --> Database Driver Class Initialized
INFO - 2020-08-25 15:31:22 --> Email Class Initialized
DEBUG - 2020-08-25 15:31:22 --> Session: "sess_save_path" is empty; using "session.save_path" value from php.ini.
INFO - 2020-08-25 15:31:22 --> Session: Class initialized using 'files' driver.
INFO - 2020-08-25 15:31:22 --> Controller Class Initialized
INFO - 2020-08-25 15:31:22 --> Model "M_payments" initialized
INFO - 2020-08-25 15:31:22 --> Model "M_auth" initialized
INFO - 2020-08-25 15:31:22 --> Model "M_account" initialized
INFO - 2020-08-25 15:31:22 --> Helper loaded: text_helper
INFO - 2020-08-25 15:31:22 --> Helper loaded: form_helper
INFO - 2020-08-25 15:31:22 --> Form Validation Class Initialized
INFO - 2020-08-25 15:31:22 --> Final output sent to browser
DEBUG - 2020-08-25 15:31:22 --> Total execution time: 0.6382
INFO - 2020-08-25 15:33:19 --> Config Class Initialized
INFO - 2020-08-25 15:33:19 --> Hooks Class Initialized
DEBUG - 2020-08-25 15:33:19 --> UTF-8 Support Enabled
INFO - 2020-08-25 15:33:19 --> Utf8 Class Initialized
INFO - 2020-08-25 15:33:19 --> URI Class Initialized
INFO - 2020-08-25 15:33:19 --> Router Class Initialized
INFO - 2020-08-25 15:33:19 --> Output Class Initialized
INFO - 2020-08-25 15:33:19 --> Security Class Initialized
DEBUG - 2020-08-25 15:33:19 --> Global POST, GET and COOKIE data sanitized
INFO - 2020-08-25 15:33:19 --> Input Class Initialized
INFO - 2020-08-25 15:33:19 --> Language Class Initialized
INFO - 2020-08-25 15:33:19 --> Loader Class Initialized
INFO - 2020-08-25 15:33:19 --> Helper loaded: url_helper
INFO - 2020-08-25 15:33:19 --> Helper loaded: file_helper
INFO - 2020-08-25 15:33:19 --> Helper loaded: string_helper
INFO - 2020-08-25 15:33:19 --> Helper loaded: noti_helper
INFO - 2020-08-25 15:33:19 --> Database Driver Class Initialized
INFO - 2020-08-25 15:33:19 --> Email Class Initialized
DEBUG - 2020-08-25 15:33:20 --> Session: "sess_save_path" is empty; using "session.save_path" value from php.ini.
INFO - 2020-08-25 15:33:20 --> Session: Class initialized using 'files' driver.
INFO - 2020-08-25 15:33:20 --> Controller Class Initialized
INFO - 2020-08-25 15:33:20 --> Model "M_payments" initialized
INFO - 2020-08-25 15:33:20 --> Model "M_auth" initialized
INFO - 2020-08-25 15:33:20 --> Model "M_account" initialized
INFO - 2020-08-25 15:33:20 --> Helper loaded: text_helper
INFO - 2020-08-25 15:33:20 --> Helper loaded: form_helper
INFO - 2020-08-25 15:33:20 --> Form Validation Class Initialized
INFO - 2020-08-25 15:33:20 --> Final output sent to browser
DEBUG - 2020-08-25 15:33:20 --> Total execution time: 0.6561
INFO - 2020-08-25 15:34:31 --> Config Class Initialized
INFO - 2020-08-25 15:34:31 --> Hooks Class Initialized
DEBUG - 2020-08-25 15:34:31 --> UTF-8 Support Enabled
INFO - 2020-08-25 15:34:31 --> Utf8 Class Initialized
INFO - 2020-08-25 15:34:31 --> URI Class Initialized
INFO - 2020-08-25 15:34:31 --> Router Class Initialized
INFO - 2020-08-25 15:34:31 --> Output Class Initialized
INFO - 2020-08-25 15:34:31 --> Security Class Initialized
DEBUG - 2020-08-25 15:34:31 --> Global POST, GET and COOKIE data sanitized
INFO - 2020-08-25 15:34:31 --> Input Class Initialized
INFO - 2020-08-25 15:34:31 --> Language Class Initialized
INFO - 2020-08-25 15:34:31 --> Loader Class Initialized
INFO - 2020-08-25 15:34:31 --> Helper loaded: url_helper
INFO - 2020-08-25 15:34:31 --> Helper loaded: file_helper
INFO - 2020-08-25 15:34:31 --> Helper loaded: string_helper
INFO - 2020-08-25 15:34:31 --> Helper loaded: noti_helper
INFO - 2020-08-25 15:34:31 --> Database Driver Class Initialized
INFO - 2020-08-25 15:34:31 --> Email Class Initialized
DEBUG - 2020-08-25 15:34:31 --> Session: "sess_save_path" is empty; using "session.save_path" value from php.ini.
INFO - 2020-08-25 15:34:31 --> Session: Class initialized using 'files' driver.
INFO - 2020-08-25 15:34:31 --> Controller Class Initialized
INFO - 2020-08-25 15:34:31 --> Model "M_payments" initialized
INFO - 2020-08-25 15:34:31 --> Model "M_auth" initialized
INFO - 2020-08-25 15:34:31 --> Model "M_account" initialized
INFO - 2020-08-25 15:34:31 --> Helper loaded: text_helper
INFO - 2020-08-25 15:34:31 --> Helper loaded: form_helper
INFO - 2020-08-25 15:34:32 --> Form Validation Class Initialized
INFO - 2020-08-25 15:34:32 --> Final output sent to browser
DEBUG - 2020-08-25 15:34:32 --> Total execution time: 1.0755
INFO - 2020-08-25 15:34:34 --> Config Class Initialized
INFO - 2020-08-25 15:34:34 --> Hooks Class Initialized
DEBUG - 2020-08-25 15:34:34 --> UTF-8 Support Enabled
INFO - 2020-08-25 15:34:34 --> Utf8 Class Initialized
INFO - 2020-08-25 15:34:34 --> URI Class Initialized
INFO - 2020-08-25 15:34:34 --> Router Class Initialized
INFO - 2020-08-25 15:34:34 --> Output Class Initialized
INFO - 2020-08-25 15:34:34 --> Security Class Initialized
DEBUG - 2020-08-25 15:34:34 --> Global POST, GET and COOKIE data sanitized
INFO - 2020-08-25 15:34:34 --> Input Class Initialized
INFO - 2020-08-25 15:34:34 --> Language Class Initialized
INFO - 2020-08-25 15:34:34 --> Loader Class Initialized
INFO - 2020-08-25 15:34:35 --> Helper loaded: url_helper
INFO - 2020-08-25 15:34:35 --> Helper loaded: file_helper
INFO - 2020-08-25 15:34:35 --> Helper loaded: string_helper
INFO - 2020-08-25 15:34:35 --> Helper loaded: noti_helper
INFO - 2020-08-25 15:34:35 --> Database Driver Class Initialized
INFO - 2020-08-25 15:34:35 --> Email Class Initialized
DEBUG - 2020-08-25 15:34:35 --> Session: "sess_save_path" is empty; using "session.save_path" value from php.ini.
INFO - 2020-08-25 15:34:35 --> Session: Class initialized using 'files' driver.
INFO - 2020-08-25 15:34:35 --> Controller Class Initialized
INFO - 2020-08-25 15:34:35 --> Model "M_payments" initialized
INFO - 2020-08-25 15:34:35 --> Model "M_auth" initialized
INFO - 2020-08-25 15:34:35 --> Model "M_account" initialized
INFO - 2020-08-25 15:34:35 --> Helper loaded: text_helper
INFO - 2020-08-25 15:34:35 --> Helper loaded: form_helper
INFO - 2020-08-25 15:34:35 --> Form Validation Class Initialized
INFO - 2020-08-25 15:34:35 --> Final output sent to browser
DEBUG - 2020-08-25 15:34:35 --> Total execution time: 0.4246
INFO - 2020-08-25 15:35:52 --> Config Class Initialized
INFO - 2020-08-25 15:35:52 --> Hooks Class Initialized
DEBUG - 2020-08-25 15:35:52 --> UTF-8 Support Enabled
INFO - 2020-08-25 15:35:52 --> Utf8 Class Initialized
INFO - 2020-08-25 15:35:52 --> URI Class Initialized
INFO - 2020-08-25 15:35:52 --> Router Class Initialized
INFO - 2020-08-25 15:35:52 --> Output Class Initialized
INFO - 2020-08-25 15:35:52 --> Security Class Initialized
DEBUG - 2020-08-25 15:35:52 --> Global POST, GET and COOKIE data sanitized
INFO - 2020-08-25 15:35:52 --> Input Class Initialized
INFO - 2020-08-25 15:35:52 --> Language Class Initialized
INFO - 2020-08-25 15:35:52 --> Loader Class Initialized
INFO - 2020-08-25 15:35:52 --> Helper loaded: url_helper
INFO - 2020-08-25 15:35:52 --> Helper loaded: file_helper
INFO - 2020-08-25 15:35:52 --> Helper loaded: string_helper
INFO - 2020-08-25 15:35:52 --> Helper loaded: noti_helper
INFO - 2020-08-25 15:35:52 --> Database Driver Class Initialized
INFO - 2020-08-25 15:35:52 --> Email Class Initialized
DEBUG - 2020-08-25 15:35:52 --> Session: "sess_save_path" is empty; using "session.save_path" value from php.ini.
INFO - 2020-08-25 15:35:52 --> Session: Class initialized using 'files' driver.
INFO - 2020-08-25 15:35:52 --> Controller Class Initialized
INFO - 2020-08-25 15:35:52 --> Model "M_payments" initialized
INFO - 2020-08-25 15:35:52 --> Model "M_auth" initialized
INFO - 2020-08-25 15:35:52 --> Model "M_account" initialized
INFO - 2020-08-25 15:35:53 --> Helper loaded: text_helper
INFO - 2020-08-25 15:35:53 --> Helper loaded: form_helper
INFO - 2020-08-25 15:35:53 --> Form Validation Class Initialized
INFO - 2020-08-25 15:35:53 --> Final output sent to browser
DEBUG - 2020-08-25 15:35:53 --> Total execution time: 0.6112
INFO - 2020-08-25 16:37:37 --> Config Class Initialized
INFO - 2020-08-25 16:37:37 --> Hooks Class Initialized
DEBUG - 2020-08-25 16:37:37 --> UTF-8 Support Enabled
INFO - 2020-08-25 16:37:37 --> Utf8 Class Initialized
INFO - 2020-08-25 16:37:37 --> URI Class Initialized
INFO - 2020-08-25 16:37:37 --> Router Class Initialized
INFO - 2020-08-25 16:37:37 --> Output Class Initialized
INFO - 2020-08-25 16:37:37 --> Security Class Initialized
DEBUG - 2020-08-25 16:37:37 --> Global POST, GET and COOKIE data sanitized
INFO - 2020-08-25 16:37:37 --> Input Class Initialized
INFO - 2020-08-25 16:37:37 --> Language Class Initialized
INFO - 2020-08-25 16:37:37 --> Loader Class Initialized
INFO - 2020-08-25 16:37:37 --> Helper loaded: url_helper
INFO - 2020-08-25 16:37:37 --> Helper loaded: file_helper
INFO - 2020-08-25 16:37:37 --> Helper loaded: string_helper
INFO - 2020-08-25 16:37:37 --> Helper loaded: noti_helper
INFO - 2020-08-25 16:37:37 --> Database Driver Class Initialized
INFO - 2020-08-25 16:37:37 --> Email Class Initialized
DEBUG - 2020-08-25 16:37:38 --> Session: "sess_save_path" is empty; using "session.save_path" value from php.ini.
INFO - 2020-08-25 16:37:38 --> Session: Class initialized using 'files' driver.
INFO - 2020-08-25 16:37:38 --> Controller Class Initialized
INFO - 2020-08-25 16:37:38 --> Model "M_payments" initialized
INFO - 2020-08-25 16:37:38 --> Model "M_auth" initialized
INFO - 2020-08-25 16:37:38 --> Model "M_account" initialized
INFO - 2020-08-25 16:37:38 --> Helper loaded: text_helper
INFO - 2020-08-25 16:37:38 --> Helper loaded: form_helper
INFO - 2020-08-25 16:37:38 --> Form Validation Class Initialized
INFO - 2020-08-25 16:37:38 --> File loaded: C:\xampp\htdocs\scholarship\payment\views\include/header.php
INFO - 2020-08-25 16:37:38 --> File loaded: C:\xampp\htdocs\scholarship\payment\views\include/footer.php
INFO - 2020-08-25 16:37:38 --> File loaded: C:\xampp\htdocs\scholarship\payment\views\include/msg.php
INFO - 2020-08-25 16:37:38 --> File loaded: C:\xampp\htdocs\scholarship\payment\views\payment/payment.php
INFO - 2020-08-25 16:37:38 --> Final output sent to browser
DEBUG - 2020-08-25 16:37:38 --> Total execution time: 0.5224
INFO - 2020-08-25 16:37:41 --> Config Class Initialized
INFO - 2020-08-25 16:37:41 --> Hooks Class Initialized
DEBUG - 2020-08-25 16:37:41 --> UTF-8 Support Enabled
INFO - 2020-08-25 16:37:41 --> Utf8 Class Initialized
INFO - 2020-08-25 16:37:41 --> URI Class Initialized
INFO - 2020-08-25 16:37:41 --> Router Class Initialized
INFO - 2020-08-25 16:37:41 --> Output Class Initialized
INFO - 2020-08-25 16:37:41 --> Security Class Initialized
DEBUG - 2020-08-25 16:37:41 --> Global POST, GET and COOKIE data sanitized
INFO - 2020-08-25 16:37:41 --> Input Class Initialized
INFO - 2020-08-25 16:37:41 --> Language Class Initialized
INFO - 2020-08-25 16:37:41 --> Loader Class Initialized
INFO - 2020-08-25 16:37:41 --> Helper loaded: url_helper
INFO - 2020-08-25 16:37:41 --> Helper loaded: file_helper
INFO - 2020-08-25 16:37:41 --> Helper loaded: string_helper
INFO - 2020-08-25 16:37:41 --> Helper loaded: noti_helper
INFO - 2020-08-25 16:37:41 --> Database Driver Class Initialized
INFO - 2020-08-25 16:37:41 --> Email Class Initialized
DEBUG - 2020-08-25 16:37:41 --> Session: "sess_save_path" is empty; using "session.save_path" value from php.ini.
INFO - 2020-08-25 16:37:41 --> Session: Class initialized using 'files' driver.
INFO - 2020-08-25 16:37:41 --> Controller Class Initialized
INFO - 2020-08-25 16:37:41 --> Model "M_payments" initialized
INFO - 2020-08-25 16:37:41 --> Model "M_auth" initialized
INFO - 2020-08-25 16:37:41 --> Model "M_account" initialized
INFO - 2020-08-25 16:37:41 --> Helper loaded: text_helper
INFO - 2020-08-25 16:37:41 --> Helper loaded: form_helper
INFO - 2020-08-25 16:37:41 --> Form Validation Class Initialized
INFO - 2020-08-25 16:37:41 --> File loaded: C:\xampp\htdocs\scholarship\payment\views\include/header.php
INFO - 2020-08-25 16:37:41 --> File loaded: C:\xampp\htdocs\scholarship\payment\views\include/footer.php
INFO - 2020-08-25 16:37:41 --> File loaded: C:\xampp\htdocs\scholarship\payment\views\include/msg.php
INFO - 2020-08-25 16:37:41 --> File loaded: C:\xampp\htdocs\scholarship\payment\views\payment/payment.php
INFO - 2020-08-25 16:37:41 --> Final output sent to browser
DEBUG - 2020-08-25 16:37:41 --> Total execution time: 0.4812
INFO - 2020-08-25 16:48:46 --> Config Class Initialized
INFO - 2020-08-25 16:48:46 --> Hooks Class Initialized
DEBUG - 2020-08-25 16:48:46 --> UTF-8 Support Enabled
INFO - 2020-08-25 16:48:46 --> Utf8 Class Initialized
INFO - 2020-08-25 16:48:46 --> URI Class Initialized
INFO - 2020-08-25 16:48:46 --> Router Class Initialized
INFO - 2020-08-25 16:48:46 --> Output Class Initialized
INFO - 2020-08-25 16:48:46 --> Security Class Initialized
DEBUG - 2020-08-25 16:48:46 --> Global POST, GET and COOKIE data sanitized
INFO - 2020-08-25 16:48:46 --> Input Class Initialized
INFO - 2020-08-25 16:48:46 --> Language Class Initialized
INFO - 2020-08-25 16:48:46 --> Loader Class Initialized
INFO - 2020-08-25 16:48:46 --> Helper loaded: url_helper
INFO - 2020-08-25 16:48:46 --> Helper loaded: file_helper
INFO - 2020-08-25 16:48:46 --> Helper loaded: string_helper
INFO - 2020-08-25 16:48:46 --> Helper loaded: noti_helper
INFO - 2020-08-25 16:48:46 --> Database Driver Class Initialized
INFO - 2020-08-25 16:48:46 --> Email Class Initialized
DEBUG - 2020-08-25 16:48:46 --> Session: "sess_save_path" is empty; using "session.save_path" value from php.ini.
INFO - 2020-08-25 16:48:46 --> Session: Class initialized using 'files' driver.
INFO - 2020-08-25 16:48:46 --> Controller Class Initialized
INFO - 2020-08-25 16:48:46 --> Model "M_payments" initialized
INFO - 2020-08-25 16:48:46 --> Model "M_auth" initialized
INFO - 2020-08-25 16:48:46 --> Model "M_account" initialized
INFO - 2020-08-25 16:48:46 --> Helper loaded: text_helper
INFO - 2020-08-25 16:48:46 --> Helper loaded: form_helper
INFO - 2020-08-25 16:48:46 --> Form Validation Class Initialized
INFO - 2020-08-25 16:48:48 --> File loaded: C:\xampp\htdocs\scholarship\payment\views\include/header.php
INFO - 2020-08-25 16:48:48 --> File loaded: C:\xampp\htdocs\scholarship\payment\views\include/footer.php
INFO - 2020-08-25 16:48:48 --> File loaded: C:\xampp\htdocs\scholarship\payment\views\include/msg.php
INFO - 2020-08-25 16:48:48 --> File loaded: C:\xampp\htdocs\scholarship\payment\views\payment/payment.php
INFO - 2020-08-25 16:48:48 --> Final output sent to browser
DEBUG - 2020-08-25 16:48:48 --> Total execution time: 2.1827
INFO - 2020-08-25 17:07:38 --> Config Class Initialized
INFO - 2020-08-25 17:07:38 --> Hooks Class Initialized
DEBUG - 2020-08-25 17:07:38 --> UTF-8 Support Enabled
INFO - 2020-08-25 17:07:38 --> Utf8 Class Initialized
INFO - 2020-08-25 17:07:38 --> URI Class Initialized
INFO - 2020-08-25 17:07:38 --> Router Class Initialized
INFO - 2020-08-25 17:07:38 --> Output Class Initialized
INFO - 2020-08-25 17:07:38 --> Security Class Initialized
DEBUG - 2020-08-25 17:07:38 --> Global POST, GET and COOKIE data sanitized
INFO - 2020-08-25 17:07:38 --> Input Class Initialized
INFO - 2020-08-25 17:07:38 --> Language Class Initialized
INFO - 2020-08-25 17:07:38 --> Loader Class Initialized
INFO - 2020-08-25 17:07:38 --> Helper loaded: url_helper
INFO - 2020-08-25 17:07:38 --> Helper loaded: file_helper
INFO - 2020-08-25 17:07:38 --> Helper loaded: string_helper
INFO - 2020-08-25 17:07:38 --> Helper loaded: noti_helper
INFO - 2020-08-25 17:07:38 --> Database Driver Class Initialized
INFO - 2020-08-25 17:07:38 --> Email Class Initialized
DEBUG - 2020-08-25 17:07:38 --> Session: "sess_save_path" is empty; using "session.save_path" value from php.ini.
INFO - 2020-08-25 17:07:38 --> Session: Class initialized using 'files' driver.
INFO - 2020-08-25 17:07:38 --> Controller Class Initialized
INFO - 2020-08-25 17:07:38 --> Model "M_payments" initialized
INFO - 2020-08-25 17:07:38 --> Model "M_auth" initialized
INFO - 2020-08-25 17:07:38 --> Model "M_account" initialized
INFO - 2020-08-25 17:07:38 --> Helper loaded: text_helper
INFO - 2020-08-25 17:07:38 --> Helper loaded: form_helper
INFO - 2020-08-25 17:07:39 --> Form Validation Class Initialized
INFO - 2020-08-25 17:07:39 --> File loaded: C:\xampp\htdocs\scholarship\payment\views\include/header.php
INFO - 2020-08-25 17:07:39 --> File loaded: C:\xampp\htdocs\scholarship\payment\views\include/footer.php
INFO - 2020-08-25 17:07:39 --> File loaded: C:\xampp\htdocs\scholarship\payment\views\include/msg.php
INFO - 2020-08-25 17:07:39 --> File loaded: C:\xampp\htdocs\scholarship\payment\views\payment/payment.php
INFO - 2020-08-25 17:07:39 --> Final output sent to browser
DEBUG - 2020-08-25 17:07:39 --> Total execution time: 0.3904
INFO - 2020-08-25 17:12:02 --> Config Class Initialized
INFO - 2020-08-25 17:12:02 --> Hooks Class Initialized
DEBUG - 2020-08-25 17:12:02 --> UTF-8 Support Enabled
INFO - 2020-08-25 17:12:02 --> Utf8 Class Initialized
INFO - 2020-08-25 17:12:02 --> URI Class Initialized
INFO - 2020-08-25 17:12:02 --> Router Class Initialized
INFO - 2020-08-25 17:12:02 --> Output Class Initialized
INFO - 2020-08-25 17:12:02 --> Security Class Initialized
DEBUG - 2020-08-25 17:12:02 --> Global POST, GET and COOKIE data sanitized
INFO - 2020-08-25 17:12:02 --> Input Class Initialized
INFO - 2020-08-25 17:12:02 --> Language Class Initialized
INFO - 2020-08-25 17:12:02 --> Loader Class Initialized
INFO - 2020-08-25 17:12:02 --> Helper loaded: url_helper
INFO - 2020-08-25 17:12:02 --> Helper loaded: file_helper
INFO - 2020-08-25 17:12:02 --> Helper loaded: string_helper
INFO - 2020-08-25 17:12:02 --> Helper loaded: noti_helper
INFO - 2020-08-25 17:12:02 --> Database Driver Class Initialized
INFO - 2020-08-25 17:12:02 --> Email Class Initialized
DEBUG - 2020-08-25 17:12:02 --> Session: "sess_save_path" is empty; using "session.save_path" value from php.ini.
INFO - 2020-08-25 17:12:02 --> Session: Class initialized using 'files' driver.
INFO - 2020-08-25 17:12:02 --> Controller Class Initialized
INFO - 2020-08-25 17:12:02 --> Model "M_payments" initialized
INFO - 2020-08-25 17:12:02 --> Model "M_auth" initialized
INFO - 2020-08-25 17:12:03 --> Model "M_account" initialized
INFO - 2020-08-25 17:12:03 --> Helper loaded: text_helper
INFO - 2020-08-25 17:12:03 --> Helper loaded: form_helper
INFO - 2020-08-25 17:12:03 --> Form Validation Class Initialized
INFO - 2020-08-25 17:12:06 --> Final output sent to browser
DEBUG - 2020-08-25 17:12:06 --> Total execution time: 3.8374
INFO - 2020-08-25 17:12:12 --> Config Class Initialized
INFO - 2020-08-25 17:12:12 --> Hooks Class Initialized
DEBUG - 2020-08-25 17:12:12 --> UTF-8 Support Enabled
INFO - 2020-08-25 17:12:13 --> Utf8 Class Initialized
INFO - 2020-08-25 17:12:13 --> URI Class Initialized
INFO - 2020-08-25 17:12:13 --> Router Class Initialized
INFO - 2020-08-25 17:12:13 --> Output Class Initialized
INFO - 2020-08-25 17:12:13 --> Security Class Initialized
DEBUG - 2020-08-25 17:12:13 --> Global POST, GET and COOKIE data sanitized
INFO - 2020-08-25 17:12:13 --> Input Class Initialized
INFO - 2020-08-25 17:12:13 --> Language Class Initialized
INFO - 2020-08-25 17:12:13 --> Loader Class Initialized
INFO - 2020-08-25 17:12:13 --> Helper loaded: url_helper
INFO - 2020-08-25 17:12:13 --> Helper loaded: file_helper
INFO - 2020-08-25 17:12:13 --> Helper loaded: string_helper
INFO - 2020-08-25 17:12:13 --> Helper loaded: noti_helper
INFO - 2020-08-25 17:12:13 --> Database Driver Class Initialized
INFO - 2020-08-25 17:12:13 --> Email Class Initialized
DEBUG - 2020-08-25 17:12:13 --> Session: "sess_save_path" is empty; using "session.save_path" value from php.ini.
INFO - 2020-08-25 17:12:13 --> Session: Class initialized using 'files' driver.
INFO - 2020-08-25 17:12:13 --> Controller Class Initialized
INFO - 2020-08-25 17:12:13 --> Model "M_payments" initialized
INFO - 2020-08-25 17:12:13 --> Model "M_auth" initialized
INFO - 2020-08-25 17:12:13 --> Model "M_account" initialized
INFO - 2020-08-25 17:12:13 --> Helper loaded: text_helper
INFO - 2020-08-25 17:12:13 --> Helper loaded: form_helper
INFO - 2020-08-25 17:12:13 --> Form Validation Class Initialized
INFO - 2020-08-25 17:12:13 --> Final output sent to browser
DEBUG - 2020-08-25 17:12:13 --> Total execution time: 0.6080
INFO - 2020-08-25 17:31:24 --> Config Class Initialized
INFO - 2020-08-25 17:31:24 --> Hooks Class Initialized
DEBUG - 2020-08-25 17:31:24 --> UTF-8 Support Enabled
INFO - 2020-08-25 17:31:24 --> Utf8 Class Initialized
INFO - 2020-08-25 17:31:24 --> URI Class Initialized
INFO - 2020-08-25 17:31:24 --> Router Class Initialized
INFO - 2020-08-25 17:31:24 --> Output Class Initialized
INFO - 2020-08-25 17:31:24 --> Security Class Initialized
DEBUG - 2020-08-25 17:31:24 --> Global POST, GET and COOKIE data sanitized
INFO - 2020-08-25 17:31:24 --> Input Class Initialized
INFO - 2020-08-25 17:31:24 --> Language Class Initialized
INFO - 2020-08-25 17:31:24 --> Loader Class Initialized
INFO - 2020-08-25 17:31:24 --> Helper loaded: url_helper
INFO - 2020-08-25 17:31:24 --> Helper loaded: file_helper
INFO - 2020-08-25 17:31:24 --> Helper loaded: string_helper
INFO - 2020-08-25 17:31:24 --> Helper loaded: noti_helper
INFO - 2020-08-25 17:31:25 --> Database Driver Class Initialized
INFO - 2020-08-25 17:31:25 --> Email Class Initialized
DEBUG - 2020-08-25 17:31:25 --> Session: "sess_save_path" is empty; using "session.save_path" value from php.ini.
INFO - 2020-08-25 17:31:25 --> Session: Class initialized using 'files' driver.
INFO - 2020-08-25 17:31:25 --> Controller Class Initialized
INFO - 2020-08-25 17:31:25 --> Model "M_payments" initialized
INFO - 2020-08-25 17:31:25 --> Model "M_auth" initialized
INFO - 2020-08-25 17:31:25 --> Model "M_account" initialized
INFO - 2020-08-25 17:31:25 --> Helper loaded: text_helper
INFO - 2020-08-25 17:31:25 --> Helper loaded: form_helper
INFO - 2020-08-25 17:31:25 --> Form Validation Class Initialized
INFO - 2020-08-25 17:31:25 --> Final output sent to browser
DEBUG - 2020-08-25 17:31:25 --> Total execution time: 0.5335
INFO - 2020-08-25 17:32:02 --> Config Class Initialized
INFO - 2020-08-25 17:32:02 --> Hooks Class Initialized
DEBUG - 2020-08-25 17:32:02 --> UTF-8 Support Enabled
INFO - 2020-08-25 17:32:02 --> Utf8 Class Initialized
INFO - 2020-08-25 17:32:02 --> URI Class Initialized
INFO - 2020-08-25 17:32:02 --> Router Class Initialized
INFO - 2020-08-25 17:32:02 --> Output Class Initialized
INFO - 2020-08-25 17:32:02 --> Security Class Initialized
DEBUG - 2020-08-25 17:32:02 --> Global POST, GET and COOKIE data sanitized
INFO - 2020-08-25 17:32:02 --> Input Class Initialized
INFO - 2020-08-25 17:32:02 --> Language Class Initialized
INFO - 2020-08-25 17:32:02 --> Loader Class Initialized
INFO - 2020-08-25 17:32:02 --> Helper loaded: url_helper
INFO - 2020-08-25 17:32:02 --> Helper loaded: file_helper
INFO - 2020-08-25 17:32:02 --> Helper loaded: string_helper
INFO - 2020-08-25 17:32:02 --> Helper loaded: noti_helper
INFO - 2020-08-25 17:32:02 --> Database Driver Class Initialized
INFO - 2020-08-25 17:32:02 --> Email Class Initialized
DEBUG - 2020-08-25 17:32:02 --> Session: "sess_save_path" is empty; using "session.save_path" value from php.ini.
INFO - 2020-08-25 17:32:02 --> Session: Class initialized using 'files' driver.
INFO - 2020-08-25 17:32:02 --> Controller Class Initialized
INFO - 2020-08-25 17:32:02 --> Model "M_payments" initialized
INFO - 2020-08-25 17:32:02 --> Model "M_auth" initialized
INFO - 2020-08-25 17:32:02 --> Model "M_account" initialized
INFO - 2020-08-25 17:32:02 --> Helper loaded: text_helper
INFO - 2020-08-25 17:32:02 --> Helper loaded: form_helper
INFO - 2020-08-25 17:32:02 --> Form Validation Class Initialized
ERROR - 2020-08-25 17:32:02 --> Severity: Notice --> Undefined property: Payments::$Sbi_enc C:\xampp\htdocs\scholarship\payment\controllers\Payments.php 33
ERROR - 2020-08-25 17:32:03 --> Severity: error --> Exception: Call to a member function sbiEnc() on null C:\xampp\htdocs\scholarship\payment\controllers\Payments.php 33
INFO - 2020-08-25 17:32:17 --> Config Class Initialized
INFO - 2020-08-25 17:32:17 --> Hooks Class Initialized
DEBUG - 2020-08-25 17:32:17 --> UTF-8 Support Enabled
INFO - 2020-08-25 17:32:17 --> Utf8 Class Initialized
INFO - 2020-08-25 17:32:17 --> URI Class Initialized
INFO - 2020-08-25 17:32:17 --> Router Class Initialized
INFO - 2020-08-25 17:32:17 --> Output Class Initialized
INFO - 2020-08-25 17:32:17 --> Security Class Initialized
DEBUG - 2020-08-25 17:32:17 --> Global POST, GET and COOKIE data sanitized
INFO - 2020-08-25 17:32:17 --> Input Class Initialized
INFO - 2020-08-25 17:32:17 --> Language Class Initialized
INFO - 2020-08-25 17:32:17 --> Loader Class Initialized
INFO - 2020-08-25 17:32:17 --> Helper loaded: url_helper
INFO - 2020-08-25 17:32:17 --> Helper loaded: file_helper
INFO - 2020-08-25 17:32:17 --> Helper loaded: string_helper
INFO - 2020-08-25 17:32:17 --> Helper loaded: noti_helper
INFO - 2020-08-25 17:32:17 --> Database Driver Class Initialized
INFO - 2020-08-25 17:32:17 --> Email Class Initialized
DEBUG - 2020-08-25 17:32:17 --> Session: "sess_save_path" is empty; using "session.save_path" value from php.ini.
INFO - 2020-08-25 17:32:17 --> Session: Class initialized using 'files' driver.
INFO - 2020-08-25 17:32:17 --> Controller Class Initialized
INFO - 2020-08-25 17:32:17 --> Model "M_payments" initialized
INFO - 2020-08-25 17:32:17 --> Model "M_auth" initialized
INFO - 2020-08-25 17:32:17 --> Model "M_account" initialized
INFO - 2020-08-25 17:32:17 --> Helper loaded: text_helper
INFO - 2020-08-25 17:32:17 --> Helper loaded: form_helper
INFO - 2020-08-25 17:32:17 --> Form Validation Class Initialized
ERROR - 2020-08-25 17:32:17 --> Severity: Warning --> require_once(C:\xampp\htdocs\scholarship\payment\AES128_php.php): failed to open stream: No such file or directory C:\xampp\htdocs\scholarship\payment\libraries\Sbi_enc.php 15
ERROR - 2020-08-25 17:32:17 --> Severity: Compile Error --> require_once(): Failed opening required 'C:\xampp\htdocs\scholarship\payment\AES128_php.php' (include_path='C:\xampp\php\PEAR') C:\xampp\htdocs\scholarship\payment\libraries\Sbi_enc.php 15
INFO - 2020-08-25 17:32:38 --> Config Class Initialized
INFO - 2020-08-25 17:32:38 --> Hooks Class Initialized
DEBUG - 2020-08-25 17:32:38 --> UTF-8 Support Enabled
INFO - 2020-08-25 17:32:38 --> Utf8 Class Initialized
INFO - 2020-08-25 17:32:38 --> URI Class Initialized
INFO - 2020-08-25 17:32:38 --> Router Class Initialized
INFO - 2020-08-25 17:32:38 --> Output Class Initialized
INFO - 2020-08-25 17:32:38 --> Security Class Initialized
DEBUG - 2020-08-25 17:32:38 --> Global POST, GET and COOKIE data sanitized
INFO - 2020-08-25 17:32:38 --> Input Class Initialized
INFO - 2020-08-25 17:32:38 --> Language Class Initialized
INFO - 2020-08-25 17:32:38 --> Loader Class Initialized
INFO - 2020-08-25 17:32:38 --> Helper loaded: url_helper
INFO - 2020-08-25 17:32:38 --> Helper loaded: file_helper
INFO - 2020-08-25 17:32:38 --> Helper loaded: string_helper
INFO - 2020-08-25 17:32:38 --> Helper loaded: noti_helper
INFO - 2020-08-25 17:32:38 --> Database Driver Class Initialized
INFO - 2020-08-25 17:32:38 --> Email Class Initialized
DEBUG - 2020-08-25 17:32:38 --> Session: "sess_save_path" is empty; using "session.save_path" value from php.ini.
INFO - 2020-08-25 17:32:38 --> Session: Class initialized using 'files' driver.
INFO - 2020-08-25 17:32:38 --> Controller Class Initialized
INFO - 2020-08-25 17:32:38 --> Model "M_payments" initialized
INFO - 2020-08-25 17:32:38 --> Model "M_auth" initialized
INFO - 2020-08-25 17:32:38 --> Model "M_account" initialized
INFO - 2020-08-25 17:32:38 --> Helper loaded: text_helper
INFO - 2020-08-25 17:32:38 --> Helper loaded: form_helper
INFO - 2020-08-25 17:32:38 --> Form Validation Class Initialized
INFO - 2020-08-25 17:32:38 --> Final output sent to browser
DEBUG - 2020-08-25 17:32:38 --> Total execution time: 0.4759
INFO - 2020-08-25 17:38:07 --> Config Class Initialized
INFO - 2020-08-25 17:38:07 --> Hooks Class Initialized
DEBUG - 2020-08-25 17:38:07 --> UTF-8 Support Enabled
INFO - 2020-08-25 17:38:07 --> Utf8 Class Initialized
INFO - 2020-08-25 17:38:07 --> URI Class Initialized
INFO - 2020-08-25 17:38:07 --> Router Class Initialized
INFO - 2020-08-25 17:38:07 --> Output Class Initialized
INFO - 2020-08-25 17:38:07 --> Security Class Initialized
DEBUG - 2020-08-25 17:38:07 --> Global POST, GET and COOKIE data sanitized
INFO - 2020-08-25 17:38:07 --> Input Class Initialized
INFO - 2020-08-25 17:38:07 --> Language Class Initialized
INFO - 2020-08-25 17:38:07 --> Loader Class Initialized
INFO - 2020-08-25 17:38:07 --> Helper loaded: url_helper
INFO - 2020-08-25 17:38:07 --> Helper loaded: file_helper
INFO - 2020-08-25 17:38:07 --> Helper loaded: string_helper
INFO - 2020-08-25 17:38:07 --> Helper loaded: noti_helper
INFO - 2020-08-25 17:38:07 --> Database Driver Class Initialized
INFO - 2020-08-25 17:38:07 --> Email Class Initialized
DEBUG - 2020-08-25 17:38:07 --> Session: "sess_save_path" is empty; using "session.save_path" value from php.ini.
INFO - 2020-08-25 17:38:07 --> Session: Class initialized using 'files' driver.
INFO - 2020-08-25 17:38:07 --> Controller Class Initialized
INFO - 2020-08-25 17:38:07 --> Model "M_payments" initialized
INFO - 2020-08-25 17:38:07 --> Model "M_auth" initialized
INFO - 2020-08-25 17:38:07 --> Model "M_account" initialized
INFO - 2020-08-25 17:38:07 --> Helper loaded: text_helper
INFO - 2020-08-25 17:38:07 --> Helper loaded: form_helper
INFO - 2020-08-25 17:38:07 --> Form Validation Class Initialized
INFO - 2020-08-25 17:38:07 --> Final output sent to browser
DEBUG - 2020-08-25 17:38:07 --> Total execution time: 0.5044
INFO - 2020-08-25 17:38:18 --> Config Class Initialized
INFO - 2020-08-25 17:38:18 --> Hooks Class Initialized
DEBUG - 2020-08-25 17:38:18 --> UTF-8 Support Enabled
INFO - 2020-08-25 17:38:18 --> Utf8 Class Initialized
INFO - 2020-08-25 17:38:18 --> URI Class Initialized
INFO - 2020-08-25 17:38:18 --> Router Class Initialized
INFO - 2020-08-25 17:38:18 --> Output Class Initialized
INFO - 2020-08-25 17:38:18 --> Security Class Initialized
DEBUG - 2020-08-25 17:38:18 --> Global POST, GET and COOKIE data sanitized
INFO - 2020-08-25 17:38:18 --> Input Class Initialized
INFO - 2020-08-25 17:38:18 --> Language Class Initialized
INFO - 2020-08-25 17:38:18 --> Loader Class Initialized
INFO - 2020-08-25 17:38:18 --> Helper loaded: url_helper
INFO - 2020-08-25 17:38:18 --> Helper loaded: file_helper
INFO - 2020-08-25 17:38:18 --> Helper loaded: string_helper
INFO - 2020-08-25 17:38:18 --> Helper loaded: noti_helper
INFO - 2020-08-25 17:38:18 --> Database Driver Class Initialized
INFO - 2020-08-25 17:38:18 --> Email Class Initialized
DEBUG - 2020-08-25 17:38:18 --> Session: "sess_save_path" is empty; using "session.save_path" value from php.ini.
INFO - 2020-08-25 17:38:18 --> Session: Class initialized using 'files' driver.
INFO - 2020-08-25 17:38:18 --> Controller Class Initialized
INFO - 2020-08-25 17:38:18 --> Model "M_payments" initialized
INFO - 2020-08-25 17:38:18 --> Model "M_auth" initialized
INFO - 2020-08-25 17:38:18 --> Model "M_account" initialized
INFO - 2020-08-25 17:38:18 --> Helper loaded: text_helper
INFO - 2020-08-25 17:38:18 --> Helper loaded: form_helper
INFO - 2020-08-25 17:38:18 --> Form Validation Class Initialized
ERROR - 2020-08-25 17:38:18 --> Severity: Notice --> Trying to get property 'indId' of non-object C:\xampp\htdocs\scholarship\payment\controllers\Payments.php 85
INFO - 2020-08-25 17:38:18 --> File loaded: C:\xampp\htdocs\scholarship\payment\views\include/header.php
ERROR - 2020-08-25 17:38:18 --> Severity: Notice --> Trying to get property 'indNAme' of non-object C:\xampp\htdocs\scholarship\payment\views\payment\make-payment.php 136
ERROR - 2020-08-25 17:38:18 --> Severity: Notice --> Trying to get property 'indNAme' of non-object C:\xampp\htdocs\scholarship\payment\views\payment\make-payment.php 136
INFO - 2020-08-25 17:38:18 --> File loaded: C:\xampp\htdocs\scholarship\payment\views\include/footer.php
INFO - 2020-08-25 17:38:19 --> File loaded: C:\xampp\htdocs\scholarship\payment\views\include/msg.php
INFO - 2020-08-25 17:38:19 --> File loaded: C:\xampp\htdocs\scholarship\payment\views\payment/make-payment.php
INFO - 2020-08-25 17:38:19 --> Final output sent to browser
DEBUG - 2020-08-25 17:38:19 --> Total execution time: 0.6426
INFO - 2020-08-25 17:38:19 --> Config Class Initialized
INFO - 2020-08-25 17:38:19 --> Hooks Class Initialized
DEBUG - 2020-08-25 17:38:19 --> UTF-8 Support Enabled
INFO - 2020-08-25 17:38:19 --> Utf8 Class Initialized
INFO - 2020-08-25 17:38:19 --> URI Class Initialized
INFO - 2020-08-25 17:38:19 --> Router Class Initialized
INFO - 2020-08-25 17:38:19 --> Output Class Initialized
INFO - 2020-08-25 17:38:19 --> Security Class Initialized
DEBUG - 2020-08-25 17:38:19 --> Global POST, GET and COOKIE data sanitized
INFO - 2020-08-25 17:38:19 --> Input Class Initialized
INFO - 2020-08-25 17:38:19 --> Language Class Initialized
ERROR - 2020-08-25 17:38:19 --> 404 Page Not Found: Assets/image
INFO - 2020-08-25 17:38:19 --> Config Class Initialized
INFO - 2020-08-25 17:38:19 --> Hooks Class Initialized
DEBUG - 2020-08-25 17:38:19 --> UTF-8 Support Enabled
INFO - 2020-08-25 17:38:19 --> Utf8 Class Initialized
INFO - 2020-08-25 17:38:19 --> URI Class Initialized
INFO - 2020-08-25 17:38:19 --> Router Class Initialized
INFO - 2020-08-25 17:38:19 --> Output Class Initialized
INFO - 2020-08-25 17:38:19 --> Security Class Initialized
DEBUG - 2020-08-25 17:38:19 --> Global POST, GET and COOKIE data sanitized
INFO - 2020-08-25 17:38:19 --> Input Class Initialized
INFO - 2020-08-25 17:38:19 --> Language Class Initialized
ERROR - 2020-08-25 17:38:19 --> 404 Page Not Found: Assets/image
INFO - 2020-08-25 17:38:58 --> Config Class Initialized
INFO - 2020-08-25 17:38:58 --> Hooks Class Initialized
DEBUG - 2020-08-25 17:38:58 --> UTF-8 Support Enabled
INFO - 2020-08-25 17:38:58 --> Utf8 Class Initialized
INFO - 2020-08-25 17:38:58 --> URI Class Initialized
INFO - 2020-08-25 17:38:58 --> Router Class Initialized
INFO - 2020-08-25 17:38:58 --> Output Class Initialized
INFO - 2020-08-25 17:38:58 --> Security Class Initialized
DEBUG - 2020-08-25 17:38:58 --> Global POST, GET and COOKIE data sanitized
INFO - 2020-08-25 17:38:58 --> Input Class Initialized
INFO - 2020-08-25 17:38:58 --> Language Class Initialized
INFO - 2020-08-25 17:38:58 --> Loader Class Initialized
INFO - 2020-08-25 17:38:58 --> Helper loaded: url_helper
INFO - 2020-08-25 17:38:58 --> Helper loaded: file_helper
INFO - 2020-08-25 17:38:58 --> Helper loaded: string_helper
INFO - 2020-08-25 17:38:58 --> Helper loaded: noti_helper
INFO - 2020-08-25 17:38:58 --> Database Driver Class Initialized
INFO - 2020-08-25 17:38:58 --> Email Class Initialized
DEBUG - 2020-08-25 17:38:58 --> Session: "sess_save_path" is empty; using "session.save_path" value from php.ini.
INFO - 2020-08-25 17:38:58 --> Session: Class initialized using 'files' driver.
INFO - 2020-08-25 17:38:58 --> Controller Class Initialized
INFO - 2020-08-25 17:38:58 --> Model "M_payments" initialized
INFO - 2020-08-25 17:38:58 --> Model "M_auth" initialized
INFO - 2020-08-25 17:38:58 --> Model "M_account" initialized
INFO - 2020-08-25 17:38:58 --> Helper loaded: text_helper
INFO - 2020-08-25 17:38:58 --> Helper loaded: form_helper
INFO - 2020-08-25 17:38:58 --> Form Validation Class Initialized
INFO - 2020-08-25 17:38:58 --> File loaded: C:\xampp\htdocs\scholarship\payment\views\include/header.php
ERROR - 2020-08-25 17:38:58 --> Severity: Notice --> Trying to get property 'indNAme' of non-object C:\xampp\htdocs\scholarship\payment\views\payment\make-payment.php 136
ERROR - 2020-08-25 17:38:58 --> Severity: Notice --> Trying to get property 'indNAme' of non-object C:\xampp\htdocs\scholarship\payment\views\payment\make-payment.php 136
INFO - 2020-08-25 17:38:58 --> File loaded: C:\xampp\htdocs\scholarship\payment\views\include/footer.php
INFO - 2020-08-25 17:38:58 --> File loaded: C:\xampp\htdocs\scholarship\payment\views\include/msg.php
INFO - 2020-08-25 17:38:58 --> File loaded: C:\xampp\htdocs\scholarship\payment\views\payment/make-payment.php
INFO - 2020-08-25 17:38:58 --> Final output sent to browser
DEBUG - 2020-08-25 17:38:58 --> Total execution time: 0.5552
INFO - 2020-08-25 17:38:58 --> Config Class Initialized
INFO - 2020-08-25 17:38:58 --> Hooks Class Initialized
DEBUG - 2020-08-25 17:38:58 --> UTF-8 Support Enabled
INFO - 2020-08-25 17:38:58 --> Utf8 Class Initialized
INFO - 2020-08-25 17:38:58 --> URI Class Initialized
INFO - 2020-08-25 17:38:59 --> Router Class Initialized
INFO - 2020-08-25 17:38:59 --> Output Class Initialized
INFO - 2020-08-25 17:38:59 --> Security Class Initialized
DEBUG - 2020-08-25 17:38:59 --> Global POST, GET and COOKIE data sanitized
INFO - 2020-08-25 17:38:59 --> Input Class Initialized
INFO - 2020-08-25 17:38:59 --> Language Class Initialized
ERROR - 2020-08-25 17:38:59 --> 404 Page Not Found: Assets/image
INFO - 2020-08-25 17:39:16 --> Config Class Initialized
INFO - 2020-08-25 17:39:16 --> Hooks Class Initialized
DEBUG - 2020-08-25 17:39:16 --> UTF-8 Support Enabled
INFO - 2020-08-25 17:39:16 --> Utf8 Class Initialized
INFO - 2020-08-25 17:39:16 --> URI Class Initialized
INFO - 2020-08-25 17:39:16 --> Router Class Initialized
INFO - 2020-08-25 17:39:16 --> Output Class Initialized
INFO - 2020-08-25 17:39:16 --> Security Class Initialized
DEBUG - 2020-08-25 17:39:16 --> Global POST, GET and COOKIE data sanitized
INFO - 2020-08-25 17:39:16 --> Input Class Initialized
INFO - 2020-08-25 17:39:16 --> Language Class Initialized
INFO - 2020-08-25 17:39:16 --> Loader Class Initialized
INFO - 2020-08-25 17:39:16 --> Helper loaded: url_helper
INFO - 2020-08-25 17:39:16 --> Helper loaded: file_helper
INFO - 2020-08-25 17:39:16 --> Helper loaded: string_helper
INFO - 2020-08-25 17:39:16 --> Helper loaded: noti_helper
INFO - 2020-08-25 17:39:16 --> Database Driver Class Initialized
INFO - 2020-08-25 17:39:16 --> Email Class Initialized
DEBUG - 2020-08-25 17:39:16 --> Session: "sess_save_path" is empty; using "session.save_path" value from php.ini.
INFO - 2020-08-25 17:39:16 --> Session: Class initialized using 'files' driver.
INFO - 2020-08-25 17:39:16 --> Controller Class Initialized
INFO - 2020-08-25 17:39:16 --> Model "M_payments" initialized
INFO - 2020-08-25 17:39:16 --> Model "M_auth" initialized
INFO - 2020-08-25 17:39:16 --> Model "M_account" initialized
INFO - 2020-08-25 17:39:16 --> Helper loaded: text_helper
INFO - 2020-08-25 17:39:16 --> Helper loaded: form_helper
INFO - 2020-08-25 17:39:16 --> Form Validation Class Initialized
ERROR - 2020-08-25 17:39:16 --> Severity: Notice --> Trying to get property 'indId' of non-object C:\xampp\htdocs\scholarship\payment\controllers\Payments.php 85
INFO - 2020-08-25 17:39:16 --> File loaded: C:\xampp\htdocs\scholarship\payment\views\include/header.php
ERROR - 2020-08-25 17:39:16 --> Severity: Notice --> Trying to get property 'indNAme' of non-object C:\xampp\htdocs\scholarship\payment\views\payment\make-payment.php 136
ERROR - 2020-08-25 17:39:16 --> Severity: Notice --> Trying to get property 'indNAme' of non-object C:\xampp\htdocs\scholarship\payment\views\payment\make-payment.php 136
INFO - 2020-08-25 17:39:16 --> File loaded: C:\xampp\htdocs\scholarship\payment\views\include/footer.php
INFO - 2020-08-25 17:39:16 --> File loaded: C:\xampp\htdocs\scholarship\payment\views\include/msg.php
INFO - 2020-08-25 17:39:16 --> File loaded: C:\xampp\htdocs\scholarship\payment\views\payment/make-payment.php
INFO - 2020-08-25 17:39:16 --> Final output sent to browser
DEBUG - 2020-08-25 17:39:16 --> Total execution time: 0.5529
INFO - 2020-08-25 17:39:16 --> Config Class Initialized
INFO - 2020-08-25 17:39:16 --> Hooks Class Initialized
DEBUG - 2020-08-25 17:39:16 --> UTF-8 Support Enabled
INFO - 2020-08-25 17:39:17 --> Utf8 Class Initialized
INFO - 2020-08-25 17:39:17 --> URI Class Initialized
INFO - 2020-08-25 17:39:17 --> Router Class Initialized
INFO - 2020-08-25 17:39:17 --> Output Class Initialized
INFO - 2020-08-25 17:39:17 --> Security Class Initialized
DEBUG - 2020-08-25 17:39:17 --> Global POST, GET and COOKIE data sanitized
INFO - 2020-08-25 17:39:17 --> Input Class Initialized
INFO - 2020-08-25 17:39:17 --> Language Class Initialized
ERROR - 2020-08-25 17:39:17 --> 404 Page Not Found: Assets/image
INFO - 2020-08-25 17:39:22 --> Config Class Initialized
INFO - 2020-08-25 17:39:22 --> Hooks Class Initialized
DEBUG - 2020-08-25 17:39:22 --> UTF-8 Support Enabled
INFO - 2020-08-25 17:39:22 --> Utf8 Class Initialized
INFO - 2020-08-25 17:39:22 --> URI Class Initialized
INFO - 2020-08-25 17:39:22 --> Router Class Initialized
INFO - 2020-08-25 17:39:22 --> Output Class Initialized
INFO - 2020-08-25 17:39:22 --> Security Class Initialized
DEBUG - 2020-08-25 17:39:22 --> Global POST, GET and COOKIE data sanitized
INFO - 2020-08-25 17:39:22 --> Input Class Initialized
INFO - 2020-08-25 17:39:22 --> Language Class Initialized
INFO - 2020-08-25 17:39:22 --> Loader Class Initialized
INFO - 2020-08-25 17:39:22 --> Helper loaded: url_helper
INFO - 2020-08-25 17:39:22 --> Helper loaded: file_helper
INFO - 2020-08-25 17:39:22 --> Helper loaded: string_helper
INFO - 2020-08-25 17:39:22 --> Helper loaded: noti_helper
INFO - 2020-08-25 17:39:22 --> Database Driver Class Initialized
INFO - 2020-08-25 17:39:22 --> Email Class Initialized
DEBUG - 2020-08-25 17:39:22 --> Session: "sess_save_path" is empty; using "session.save_path" value from php.ini.
INFO - 2020-08-25 17:39:22 --> Session: Class initialized using 'files' driver.
INFO - 2020-08-25 17:39:22 --> Controller Class Initialized
INFO - 2020-08-25 17:39:22 --> Model "M_payments" initialized
INFO - 2020-08-25 17:39:22 --> Model "M_auth" initialized
INFO - 2020-08-25 17:39:22 --> Model "M_account" initialized
INFO - 2020-08-25 17:39:22 --> Helper loaded: text_helper
INFO - 2020-08-25 17:39:22 --> Helper loaded: form_helper
INFO - 2020-08-25 17:39:22 --> Form Validation Class Initialized
INFO - 2020-08-25 17:39:22 --> File loaded: C:\xampp\htdocs\scholarship\payment\views\include/header.php
ERROR - 2020-08-25 17:39:22 --> Severity: Notice --> Trying to get property 'indNAme' of non-object C:\xampp\htdocs\scholarship\payment\views\payment\make-payment.php 136
ERROR - 2020-08-25 17:39:22 --> Severity: Notice --> Trying to get property 'indNAme' of non-object C:\xampp\htdocs\scholarship\payment\views\payment\make-payment.php 136
INFO - 2020-08-25 17:39:22 --> File loaded: C:\xampp\htdocs\scholarship\payment\views\include/footer.php
INFO - 2020-08-25 17:39:22 --> File loaded: C:\xampp\htdocs\scholarship\payment\views\include/msg.php
INFO - 2020-08-25 17:39:22 --> File loaded: C:\xampp\htdocs\scholarship\payment\views\payment/make-payment.php
INFO - 2020-08-25 17:39:22 --> Final output sent to browser
DEBUG - 2020-08-25 17:39:22 --> Total execution time: 0.5871
INFO - 2020-08-25 17:39:22 --> Config Class Initialized
INFO - 2020-08-25 17:39:22 --> Hooks Class Initialized
DEBUG - 2020-08-25 17:39:22 --> UTF-8 Support Enabled
INFO - 2020-08-25 17:39:22 --> Utf8 Class Initialized
INFO - 2020-08-25 17:39:23 --> URI Class Initialized
INFO - 2020-08-25 17:39:23 --> Router Class Initialized
INFO - 2020-08-25 17:39:23 --> Output Class Initialized
INFO - 2020-08-25 17:39:23 --> Security Class Initialized
DEBUG - 2020-08-25 17:39:23 --> Global POST, GET and COOKIE data sanitized
INFO - 2020-08-25 17:39:23 --> Input Class Initialized
INFO - 2020-08-25 17:39:23 --> Language Class Initialized
ERROR - 2020-08-25 17:39:23 --> 404 Page Not Found: Assets/image
INFO - 2020-08-25 17:39:23 --> Config Class Initialized
INFO - 2020-08-25 17:39:23 --> Hooks Class Initialized
DEBUG - 2020-08-25 17:39:23 --> UTF-8 Support Enabled
INFO - 2020-08-25 17:39:23 --> Utf8 Class Initialized
INFO - 2020-08-25 17:39:23 --> URI Class Initialized
INFO - 2020-08-25 17:39:23 --> Router Class Initialized
INFO - 2020-08-25 17:39:23 --> Output Class Initialized
INFO - 2020-08-25 17:39:23 --> Security Class Initialized
DEBUG - 2020-08-25 17:39:23 --> Global POST, GET and COOKIE data sanitized
INFO - 2020-08-25 17:39:23 --> Input Class Initialized
INFO - 2020-08-25 17:39:23 --> Language Class Initialized
ERROR - 2020-08-25 17:39:23 --> 404 Page Not Found: Assets/image
INFO - 2020-08-25 17:39:42 --> Config Class Initialized
INFO - 2020-08-25 17:39:42 --> Hooks Class Initialized
DEBUG - 2020-08-25 17:39:42 --> UTF-8 Support Enabled
INFO - 2020-08-25 17:39:42 --> Utf8 Class Initialized
INFO - 2020-08-25 17:39:42 --> URI Class Initialized
INFO - 2020-08-25 17:39:42 --> Router Class Initialized
INFO - 2020-08-25 17:39:42 --> Output Class Initialized
INFO - 2020-08-25 17:39:42 --> Security Class Initialized
DEBUG - 2020-08-25 17:39:42 --> Global POST, GET and COOKIE data sanitized
INFO - 2020-08-25 17:39:42 --> Input Class Initialized
INFO - 2020-08-25 17:39:42 --> Language Class Initialized
INFO - 2020-08-25 17:39:42 --> Loader Class Initialized
INFO - 2020-08-25 17:39:42 --> Helper loaded: url_helper
INFO - 2020-08-25 17:39:42 --> Helper loaded: file_helper
INFO - 2020-08-25 17:39:42 --> Helper loaded: string_helper
INFO - 2020-08-25 17:39:42 --> Helper loaded: noti_helper
INFO - 2020-08-25 17:39:42 --> Database Driver Class Initialized
INFO - 2020-08-25 17:39:42 --> Email Class Initialized
DEBUG - 2020-08-25 17:39:42 --> Session: "sess_save_path" is empty; using "session.save_path" value from php.ini.
INFO - 2020-08-25 17:39:42 --> Session: Class initialized using 'files' driver.
INFO - 2020-08-25 17:39:42 --> Controller Class Initialized
INFO - 2020-08-25 17:39:42 --> Model "M_payments" initialized
INFO - 2020-08-25 17:39:42 --> Model "M_auth" initialized
INFO - 2020-08-25 17:39:42 --> Model "M_account" initialized
INFO - 2020-08-25 17:39:42 --> Helper loaded: text_helper
INFO - 2020-08-25 17:39:42 --> Helper loaded: form_helper
INFO - 2020-08-25 17:39:43 --> Form Validation Class Initialized
INFO - 2020-08-25 17:39:43 --> File loaded: C:\xampp\htdocs\scholarship\payment\views\include/header.php
ERROR - 2020-08-25 17:39:43 --> Severity: Notice --> Trying to get property 'indNAme' of non-object C:\xampp\htdocs\scholarship\payment\views\payment\make-payment.php 136
ERROR - 2020-08-25 17:39:43 --> Severity: Notice --> Trying to get property 'indNAme' of non-object C:\xampp\htdocs\scholarship\payment\views\payment\make-payment.php 136
INFO - 2020-08-25 17:39:43 --> File loaded: C:\xampp\htdocs\scholarship\payment\views\include/footer.php
INFO - 2020-08-25 17:39:43 --> File loaded: C:\xampp\htdocs\scholarship\payment\views\include/msg.php
INFO - 2020-08-25 17:39:43 --> File loaded: C:\xampp\htdocs\scholarship\payment\views\payment/make-payment.php
INFO - 2020-08-25 17:39:43 --> Final output sent to browser
DEBUG - 2020-08-25 17:39:43 --> Total execution time: 0.4043
INFO - 2020-08-25 17:40:13 --> Config Class Initialized
INFO - 2020-08-25 17:40:13 --> Hooks Class Initialized
DEBUG - 2020-08-25 17:40:13 --> UTF-8 Support Enabled
INFO - 2020-08-25 17:40:13 --> Utf8 Class Initialized
INFO - 2020-08-25 17:40:13 --> URI Class Initialized
INFO - 2020-08-25 17:40:13 --> Router Class Initialized
INFO - 2020-08-25 17:40:13 --> Output Class Initialized
INFO - 2020-08-25 17:40:13 --> Security Class Initialized
DEBUG - 2020-08-25 17:40:13 --> Global POST, GET and COOKIE data sanitized
INFO - 2020-08-25 17:40:13 --> Input Class Initialized
INFO - 2020-08-25 17:40:13 --> Language Class Initialized
INFO - 2020-08-25 17:40:13 --> Loader Class Initialized
INFO - 2020-08-25 17:40:13 --> Helper loaded: url_helper
INFO - 2020-08-25 17:40:13 --> Helper loaded: file_helper
INFO - 2020-08-25 17:40:13 --> Helper loaded: string_helper
INFO - 2020-08-25 17:40:13 --> Helper loaded: noti_helper
INFO - 2020-08-25 17:40:13 --> Database Driver Class Initialized
INFO - 2020-08-25 17:40:13 --> Email Class Initialized
DEBUG - 2020-08-25 17:40:13 --> Session: "sess_save_path" is empty; using "session.save_path" value from php.ini.
INFO - 2020-08-25 17:40:13 --> Session: Class initialized using 'files' driver.
INFO - 2020-08-25 17:40:13 --> Controller Class Initialized
INFO - 2020-08-25 17:40:13 --> Model "M_payments" initialized
INFO - 2020-08-25 17:40:13 --> Model "M_auth" initialized
INFO - 2020-08-25 17:40:14 --> Model "M_account" initialized
INFO - 2020-08-25 17:40:14 --> Helper loaded: text_helper
INFO - 2020-08-25 17:40:14 --> Helper loaded: form_helper
INFO - 2020-08-25 17:40:14 --> Form Validation Class Initialized
INFO - 2020-08-25 17:40:14 --> File loaded: C:\xampp\htdocs\scholarship\payment\views\include/header.php
ERROR - 2020-08-25 17:40:14 --> Severity: Notice --> Undefined property: CI_Loader::$sbi_enc C:\xampp\htdocs\scholarship\payment\views\payment\payment.php 83
ERROR - 2020-08-25 17:40:14 --> Severity: error --> Exception: Call to a member function sbiEnc() on null C:\xampp\htdocs\scholarship\payment\views\payment\payment.php 83
INFO - 2020-08-25 17:40:59 --> Config Class Initialized
INFO - 2020-08-25 17:40:59 --> Hooks Class Initialized
DEBUG - 2020-08-25 17:40:59 --> UTF-8 Support Enabled
INFO - 2020-08-25 17:40:59 --> Utf8 Class Initialized
INFO - 2020-08-25 17:40:59 --> URI Class Initialized
INFO - 2020-08-25 17:40:59 --> Router Class Initialized
INFO - 2020-08-25 17:40:59 --> Output Class Initialized
INFO - 2020-08-25 17:40:59 --> Security Class Initialized
DEBUG - 2020-08-25 17:40:59 --> Global POST, GET and COOKIE data sanitized
INFO - 2020-08-25 17:40:59 --> Input Class Initialized
INFO - 2020-08-25 17:40:59 --> Language Class Initialized
INFO - 2020-08-25 17:40:59 --> Loader Class Initialized
INFO - 2020-08-25 17:40:59 --> Helper loaded: url_helper
INFO - 2020-08-25 17:40:59 --> Helper loaded: file_helper
INFO - 2020-08-25 17:40:59 --> Helper loaded: string_helper
INFO - 2020-08-25 17:40:59 --> Helper loaded: noti_helper
INFO - 2020-08-25 17:40:59 --> Database Driver Class Initialized
INFO - 2020-08-25 17:40:59 --> Email Class Initialized
DEBUG - 2020-08-25 17:40:59 --> Session: "sess_save_path" is empty; using "session.save_path" value from php.ini.
INFO - 2020-08-25 17:40:59 --> Session: Class initialized using 'files' driver.
INFO - 2020-08-25 17:40:59 --> Controller Class Initialized
INFO - 2020-08-25 17:40:59 --> Model "M_payments" initialized
INFO - 2020-08-25 17:40:59 --> Model "M_auth" initialized
INFO - 2020-08-25 17:40:59 --> Model "M_account" initialized
INFO - 2020-08-25 17:40:59 --> Helper loaded: text_helper
INFO - 2020-08-25 17:40:59 --> Helper loaded: form_helper
INFO - 2020-08-25 17:40:59 --> Form Validation Class Initialized
INFO - 2020-08-25 17:40:59 --> File loaded: C:\xampp\htdocs\scholarship\payment\views\include/header.php
ERROR - 2020-08-25 17:40:59 --> Severity: error --> Exception: Call to undefined function replaceAll() C:\xampp\htdocs\scholarship\payment\views\payment\payment.php 85
INFO - 2020-08-25 17:41:13 --> Config Class Initialized
INFO - 2020-08-25 17:41:13 --> Hooks Class Initialized
DEBUG - 2020-08-25 17:41:13 --> UTF-8 Support Enabled
INFO - 2020-08-25 17:41:13 --> Utf8 Class Initialized
INFO - 2020-08-25 17:41:13 --> URI Class Initialized
INFO - 2020-08-25 17:41:13 --> Router Class Initialized
INFO - 2020-08-25 17:41:13 --> Output Class Initialized
INFO - 2020-08-25 17:41:13 --> Security Class Initialized
DEBUG - 2020-08-25 17:41:13 --> Global POST, GET and COOKIE data sanitized
INFO - 2020-08-25 17:41:13 --> Input Class Initialized
INFO - 2020-08-25 17:41:14 --> Language Class Initialized
INFO - 2020-08-25 17:41:14 --> Loader Class Initialized
INFO - 2020-08-25 17:41:14 --> Helper loaded: url_helper
INFO - 2020-08-25 17:41:14 --> Helper loaded: file_helper
INFO - 2020-08-25 17:41:14 --> Helper loaded: string_helper
INFO - 2020-08-25 17:41:14 --> Helper loaded: noti_helper
INFO - 2020-08-25 17:41:14 --> Database Driver Class Initialized
INFO - 2020-08-25 17:41:14 --> Email Class Initialized
DEBUG - 2020-08-25 17:41:14 --> Session: "sess_save_path" is empty; using "session.save_path" value from php.ini.
INFO - 2020-08-25 17:41:14 --> Session: Class initialized using 'files' driver.
INFO - 2020-08-25 17:41:14 --> Controller Class Initialized
INFO - 2020-08-25 17:41:14 --> Model "M_payments" initialized
INFO - 2020-08-25 17:41:14 --> Model "M_auth" initialized
INFO - 2020-08-25 17:41:14 --> Model "M_account" initialized
INFO - 2020-08-25 17:41:14 --> Helper loaded: text_helper
INFO - 2020-08-25 17:41:14 --> Helper loaded: form_helper
INFO - 2020-08-25 17:41:14 --> Form Validation Class Initialized
INFO - 2020-08-25 17:41:14 --> File loaded: C:\xampp\htdocs\scholarship\payment\views\include/header.php
INFO - 2020-08-25 17:41:14 --> File loaded: C:\xampp\htdocs\scholarship\payment\views\include/footer.php
INFO - 2020-08-25 17:41:14 --> File loaded: C:\xampp\htdocs\scholarship\payment\views\include/msg.php
INFO - 2020-08-25 17:41:14 --> File loaded: C:\xampp\htdocs\scholarship\payment\views\payment/payment.php
INFO - 2020-08-25 17:41:14 --> Final output sent to browser
DEBUG - 2020-08-25 17:41:14 --> Total execution time: 0.5227
INFO - 2020-08-25 17:41:24 --> Config Class Initialized
INFO - 2020-08-25 17:41:24 --> Hooks Class Initialized
DEBUG - 2020-08-25 17:41:24 --> UTF-8 Support Enabled
INFO - 2020-08-25 17:41:24 --> Utf8 Class Initialized
INFO - 2020-08-25 17:41:24 --> URI Class Initialized
INFO - 2020-08-25 17:41:24 --> Router Class Initialized
INFO - 2020-08-25 17:41:24 --> Output Class Initialized
INFO - 2020-08-25 17:41:24 --> Security Class Initialized
DEBUG - 2020-08-25 17:41:24 --> Global POST, GET and COOKIE data sanitized
INFO - 2020-08-25 17:41:24 --> Input Class Initialized
INFO - 2020-08-25 17:41:24 --> Language Class Initialized
INFO - 2020-08-25 17:41:24 --> Loader Class Initialized
INFO - 2020-08-25 17:41:24 --> Helper loaded: url_helper
INFO - 2020-08-25 17:41:24 --> Helper loaded: file_helper
INFO - 2020-08-25 17:41:24 --> Helper loaded: string_helper
INFO - 2020-08-25 17:41:24 --> Helper loaded: noti_helper
INFO - 2020-08-25 17:41:24 --> Database Driver Class Initialized
INFO - 2020-08-25 17:41:24 --> Email Class Initialized
DEBUG - 2020-08-25 17:41:24 --> Session: "sess_save_path" is empty; using "session.save_path" value from php.ini.
INFO - 2020-08-25 17:41:24 --> Session: Class initialized using 'files' driver.
INFO - 2020-08-25 17:41:24 --> Controller Class Initialized
INFO - 2020-08-25 17:41:25 --> Model "M_payments" initialized
INFO - 2020-08-25 17:41:25 --> Model "M_auth" initialized
INFO - 2020-08-25 17:41:25 --> Model "M_account" initialized
INFO - 2020-08-25 17:41:25 --> Helper loaded: text_helper
INFO - 2020-08-25 17:41:25 --> Helper loaded: form_helper
INFO - 2020-08-25 17:41:25 --> Form Validation Class Initialized
INFO - 2020-08-25 17:41:25 --> File loaded: C:\xampp\htdocs\scholarship\payment\views\include/header.php
INFO - 2020-08-25 17:41:25 --> File loaded: C:\xampp\htdocs\scholarship\payment\views\include/footer.php
INFO - 2020-08-25 17:41:25 --> File loaded: C:\xampp\htdocs\scholarship\payment\views\include/msg.php
INFO - 2020-08-25 17:41:25 --> File loaded: C:\xampp\htdocs\scholarship\payment\views\payment/payment.php
INFO - 2020-08-25 17:41:25 --> Final output sent to browser
DEBUG - 2020-08-25 17:41:25 --> Total execution time: 0.5323
INFO - 2020-08-25 17:42:30 --> Config Class Initialized
INFO - 2020-08-25 17:42:30 --> Hooks Class Initialized
DEBUG - 2020-08-25 17:42:30 --> UTF-8 Support Enabled
INFO - 2020-08-25 17:42:30 --> Utf8 Class Initialized
INFO - 2020-08-25 17:42:30 --> URI Class Initialized
INFO - 2020-08-25 17:42:30 --> Router Class Initialized
INFO - 2020-08-25 17:42:30 --> Output Class Initialized
INFO - 2020-08-25 17:42:30 --> Security Class Initialized
DEBUG - 2020-08-25 17:42:30 --> Global POST, GET and COOKIE data sanitized
INFO - 2020-08-25 17:42:30 --> Input Class Initialized
INFO - 2020-08-25 17:42:30 --> Language Class Initialized
INFO - 2020-08-25 17:42:30 --> Loader Class Initialized
INFO - 2020-08-25 17:42:30 --> Helper loaded: url_helper
INFO - 2020-08-25 17:42:30 --> Helper loaded: file_helper
INFO - 2020-08-25 17:42:30 --> Helper loaded: string_helper
INFO - 2020-08-25 17:42:30 --> Helper loaded: noti_helper
INFO - 2020-08-25 17:42:30 --> Database Driver Class Initialized
INFO - 2020-08-25 17:42:30 --> Email Class Initialized
DEBUG - 2020-08-25 17:42:30 --> Session: "sess_save_path" is empty; using "session.save_path" value from php.ini.
INFO - 2020-08-25 17:42:30 --> Session: Class initialized using 'files' driver.
INFO - 2020-08-25 17:42:30 --> Controller Class Initialized
INFO - 2020-08-25 17:42:30 --> Model "M_payments" initialized
INFO - 2020-08-25 17:42:30 --> Model "M_auth" initialized
INFO - 2020-08-25 17:42:30 --> Model "M_account" initialized
INFO - 2020-08-25 17:42:30 --> Helper loaded: text_helper
INFO - 2020-08-25 17:42:30 --> Helper loaded: form_helper
INFO - 2020-08-25 17:42:30 --> Form Validation Class Initialized
INFO - 2020-08-25 17:42:30 --> File loaded: C:\xampp\htdocs\scholarship\payment\views\include/header.php
INFO - 2020-08-25 17:42:30 --> File loaded: C:\xampp\htdocs\scholarship\payment\views\include/footer.php
INFO - 2020-08-25 17:42:30 --> File loaded: C:\xampp\htdocs\scholarship\payment\views\include/msg.php
INFO - 2020-08-25 17:42:30 --> File loaded: C:\xampp\htdocs\scholarship\payment\views\payment/payment.php
INFO - 2020-08-25 17:42:30 --> Final output sent to browser
DEBUG - 2020-08-25 17:42:30 --> Total execution time: 0.4948
INFO - 2020-08-25 17:43:17 --> Config Class Initialized
INFO - 2020-08-25 17:43:17 --> Hooks Class Initialized
DEBUG - 2020-08-25 17:43:17 --> UTF-8 Support Enabled
INFO - 2020-08-25 17:43:17 --> Utf8 Class Initialized
INFO - 2020-08-25 17:43:17 --> URI Class Initialized
INFO - 2020-08-25 17:43:17 --> Router Class Initialized
INFO - 2020-08-25 17:43:17 --> Output Class Initialized
INFO - 2020-08-25 17:43:17 --> Security Class Initialized
DEBUG - 2020-08-25 17:43:17 --> Global POST, GET and COOKIE data sanitized
INFO - 2020-08-25 17:43:17 --> Input Class Initialized
INFO - 2020-08-25 17:43:17 --> Language Class Initialized
INFO - 2020-08-25 17:43:17 --> Loader Class Initialized
INFO - 2020-08-25 17:43:17 --> Helper loaded: url_helper
INFO - 2020-08-25 17:43:17 --> Helper loaded: file_helper
INFO - 2020-08-25 17:43:17 --> Helper loaded: string_helper
INFO - 2020-08-25 17:43:17 --> Helper loaded: noti_helper
INFO - 2020-08-25 17:43:17 --> Database Driver Class Initialized
INFO - 2020-08-25 17:43:17 --> Email Class Initialized
DEBUG - 2020-08-25 17:43:17 --> Session: "sess_save_path" is empty; using "session.save_path" value from php.ini.
INFO - 2020-08-25 17:43:17 --> Session: Class initialized using 'files' driver.
INFO - 2020-08-25 17:43:17 --> Controller Class Initialized
INFO - 2020-08-25 17:43:17 --> Model "M_payments" initialized
INFO - 2020-08-25 17:43:17 --> Model "M_auth" initialized
INFO - 2020-08-25 17:43:17 --> Model "M_account" initialized
INFO - 2020-08-25 17:43:17 --> Helper loaded: text_helper
INFO - 2020-08-25 17:43:17 --> Helper loaded: form_helper
INFO - 2020-08-25 17:43:17 --> Form Validation Class Initialized
INFO - 2020-08-25 17:43:18 --> File loaded: C:\xampp\htdocs\scholarship\payment\views\include/header.php
INFO - 2020-08-25 17:43:18 --> File loaded: C:\xampp\htdocs\scholarship\payment\views\include/footer.php
INFO - 2020-08-25 17:43:18 --> File loaded: C:\xampp\htdocs\scholarship\payment\views\include/msg.php
INFO - 2020-08-25 17:43:18 --> File loaded: C:\xampp\htdocs\scholarship\payment\views\payment/payment.php
INFO - 2020-08-25 17:43:18 --> Final output sent to browser
DEBUG - 2020-08-25 17:43:18 --> Total execution time: 0.5709
