INFO - 2020-05-28 15:21:02 --> Config Class Initialized
INFO - 2020-05-28 15:21:02 --> Hooks Class Initialized
DEBUG - 2020-05-28 15:21:02 --> UTF-8 Support Enabled
INFO - 2020-05-28 15:21:02 --> Utf8 Class Initialized
INFO - 2020-05-28 15:21:02 --> URI Class Initialized
DEBUG - 2020-05-28 15:21:02 --> No URI present. Default controller set.
INFO - 2020-05-28 15:21:02 --> Router Class Initialized
INFO - 2020-05-28 15:21:02 --> Output Class Initialized
INFO - 2020-05-28 15:21:02 --> Security Class Initialized
DEBUG - 2020-05-28 15:21:02 --> Global POST, GET and COOKIE data sanitized
INFO - 2020-05-28 15:21:02 --> Input Class Initialized
INFO - 2020-05-28 15:21:02 --> Language Class Initialized
INFO - 2020-05-28 15:21:02 --> Loader Class Initialized
INFO - 2020-05-28 15:21:02 --> Helper loaded: url_helper
INFO - 2020-05-28 15:21:02 --> Helper loaded: file_helper
INFO - 2020-05-28 15:21:02 --> Helper loaded: string_helper
INFO - 2020-05-28 15:21:02 --> Helper loaded: noti_helper
INFO - 2020-05-28 15:21:03 --> Database Driver Class Initialized
ERROR - 2020-05-28 15:21:07 --> Severity: Warning --> mysqli::real_connect(): (HY000/2002): No connection could be made because the target machine actively refused it.
 C:\xampp\htdocs\scholarship\system\database\drivers\mysqli\mysqli_driver.php 203
ERROR - 2020-05-28 15:21:07 --> Unable to connect to the database
INFO - 2020-05-28 15:21:07 --> Language file loaded: language/english/db_lang.php
INFO - 2020-05-28 15:21:35 --> Config Class Initialized
INFO - 2020-05-28 15:21:35 --> Hooks Class Initialized
DEBUG - 2020-05-28 15:21:35 --> UTF-8 Support Enabled
INFO - 2020-05-28 15:21:35 --> Utf8 Class Initialized
INFO - 2020-05-28 15:21:35 --> URI Class Initialized
DEBUG - 2020-05-28 15:21:35 --> No URI present. Default controller set.
INFO - 2020-05-28 15:21:35 --> Router Class Initialized
INFO - 2020-05-28 15:21:35 --> Output Class Initialized
INFO - 2020-05-28 15:21:35 --> Security Class Initialized
DEBUG - 2020-05-28 15:21:35 --> Global POST, GET and COOKIE data sanitized
INFO - 2020-05-28 15:21:36 --> Input Class Initialized
INFO - 2020-05-28 15:21:36 --> Language Class Initialized
INFO - 2020-05-28 15:21:36 --> Loader Class Initialized
INFO - 2020-05-28 15:21:36 --> Helper loaded: url_helper
INFO - 2020-05-28 15:21:36 --> Helper loaded: file_helper
INFO - 2020-05-28 15:21:36 --> Helper loaded: string_helper
INFO - 2020-05-28 15:21:36 --> Helper loaded: noti_helper
INFO - 2020-05-28 15:21:36 --> Database Driver Class Initialized
INFO - 2020-05-28 15:21:36 --> Email Class Initialized
DEBUG - 2020-05-28 15:21:36 --> Session: "sess_save_path" is empty; using "session.save_path" value from php.ini.
INFO - 2020-05-28 15:21:36 --> Session: Class initialized using 'files' driver.
INFO - 2020-05-28 15:21:36 --> Controller Class Initialized
INFO - 2020-05-28 15:21:36 --> Model "M_auth" initialized
INFO - 2020-05-28 15:21:36 --> Helper loaded: form_helper
INFO - 2020-05-28 15:21:36 --> Form Validation Class Initialized
DEBUG - 2020-05-28 15:21:36 --> Sc_check class already loaded. Second attempt ignored.
INFO - 2020-05-28 15:21:36 --> Helper loaded: captcha_helper
INFO - 2020-05-28 15:21:36 --> File loaded: C:\xampp\htdocs\scholarship\payment\views\include/header.php
INFO - 2020-05-28 15:21:36 --> File loaded: C:\xampp\htdocs\scholarship\payment\views\include/footer.php
INFO - 2020-05-28 15:21:36 --> File loaded: C:\xampp\htdocs\scholarship\payment\views\include/msg.php
INFO - 2020-05-28 15:21:36 --> File loaded: C:\xampp\htdocs\scholarship\payment\views\auth/login.php
INFO - 2020-05-28 15:21:36 --> Final output sent to browser
DEBUG - 2020-05-28 15:21:36 --> Total execution time: 0.6233
INFO - 2020-05-28 15:21:52 --> Config Class Initialized
INFO - 2020-05-28 15:21:52 --> Hooks Class Initialized
DEBUG - 2020-05-28 15:21:52 --> UTF-8 Support Enabled
INFO - 2020-05-28 15:21:52 --> Utf8 Class Initialized
INFO - 2020-05-28 15:21:52 --> URI Class Initialized
INFO - 2020-05-28 15:21:52 --> Router Class Initialized
INFO - 2020-05-28 15:21:52 --> Output Class Initialized
INFO - 2020-05-28 15:21:52 --> Security Class Initialized
DEBUG - 2020-05-28 15:21:52 --> Global POST, GET and COOKIE data sanitized
INFO - 2020-05-28 15:21:52 --> Input Class Initialized
INFO - 2020-05-28 15:21:52 --> Language Class Initialized
INFO - 2020-05-28 15:21:52 --> Loader Class Initialized
INFO - 2020-05-28 15:21:52 --> Helper loaded: url_helper
INFO - 2020-05-28 15:21:52 --> Helper loaded: file_helper
INFO - 2020-05-28 15:21:52 --> Helper loaded: string_helper
INFO - 2020-05-28 15:21:52 --> Helper loaded: noti_helper
INFO - 2020-05-28 15:21:52 --> Database Driver Class Initialized
INFO - 2020-05-28 15:21:52 --> Email Class Initialized
DEBUG - 2020-05-28 15:21:52 --> Session: "sess_save_path" is empty; using "session.save_path" value from php.ini.
INFO - 2020-05-28 15:21:53 --> Session: Class initialized using 'files' driver.
INFO - 2020-05-28 15:21:53 --> Controller Class Initialized
INFO - 2020-05-28 15:21:53 --> Model "M_auth" initialized
INFO - 2020-05-28 15:21:53 --> Helper loaded: form_helper
INFO - 2020-05-28 15:21:53 --> Form Validation Class Initialized
DEBUG - 2020-05-28 15:21:53 --> Sc_check class already loaded. Second attempt ignored.
INFO - 2020-05-28 15:21:53 --> Helper loaded: captcha_helper
INFO - 2020-05-28 15:21:53 --> File loaded: C:\xampp\htdocs\scholarship\payment\views\include/header.php
INFO - 2020-05-28 15:21:53 --> File loaded: C:\xampp\htdocs\scholarship\payment\views\include/footer.php
INFO - 2020-05-28 15:21:53 --> File loaded: C:\xampp\htdocs\scholarship\payment\views\include/msg.php
INFO - 2020-05-28 15:21:53 --> File loaded: C:\xampp\htdocs\scholarship\payment\views\auth/register.php
INFO - 2020-05-28 15:21:53 --> Final output sent to browser
DEBUG - 2020-05-28 15:21:53 --> Total execution time: 0.3806
INFO - 2020-05-28 15:21:55 --> Config Class Initialized
INFO - 2020-05-28 15:21:55 --> Hooks Class Initialized
DEBUG - 2020-05-28 15:21:55 --> UTF-8 Support Enabled
INFO - 2020-05-28 15:21:55 --> Utf8 Class Initialized
INFO - 2020-05-28 15:21:55 --> URI Class Initialized
INFO - 2020-05-28 15:21:55 --> Router Class Initialized
INFO - 2020-05-28 15:21:55 --> Output Class Initialized
INFO - 2020-05-28 15:21:55 --> Security Class Initialized
DEBUG - 2020-05-28 15:21:55 --> Global POST, GET and COOKIE data sanitized
INFO - 2020-05-28 15:21:55 --> Input Class Initialized
INFO - 2020-05-28 15:21:55 --> Language Class Initialized
INFO - 2020-05-28 15:21:55 --> Loader Class Initialized
INFO - 2020-05-28 15:21:55 --> Helper loaded: url_helper
INFO - 2020-05-28 15:21:55 --> Helper loaded: file_helper
INFO - 2020-05-28 15:21:55 --> Helper loaded: string_helper
INFO - 2020-05-28 15:21:55 --> Helper loaded: noti_helper
INFO - 2020-05-28 15:21:55 --> Database Driver Class Initialized
INFO - 2020-05-28 15:21:55 --> Email Class Initialized
DEBUG - 2020-05-28 15:21:55 --> Session: "sess_save_path" is empty; using "session.save_path" value from php.ini.
INFO - 2020-05-28 15:21:55 --> Session: Class initialized using 'files' driver.
INFO - 2020-05-28 15:21:55 --> Controller Class Initialized
INFO - 2020-05-28 15:21:55 --> Model "M_auth" initialized
INFO - 2020-05-28 15:21:55 --> Helper loaded: form_helper
INFO - 2020-05-28 15:21:55 --> Form Validation Class Initialized
DEBUG - 2020-05-28 15:21:55 --> Sc_check class already loaded. Second attempt ignored.
INFO - 2020-05-28 15:21:55 --> Helper loaded: captcha_helper
INFO - 2020-05-28 15:21:55 --> File loaded: C:\xampp\htdocs\scholarship\payment\views\include/header.php
INFO - 2020-05-28 15:21:55 --> File loaded: C:\xampp\htdocs\scholarship\payment\views\include/footer.php
INFO - 2020-05-28 15:21:55 --> File loaded: C:\xampp\htdocs\scholarship\payment\views\include/msg.php
INFO - 2020-05-28 15:21:55 --> File loaded: C:\xampp\htdocs\scholarship\payment\views\auth/login.php
INFO - 2020-05-28 15:21:55 --> Final output sent to browser
DEBUG - 2020-05-28 15:21:55 --> Total execution time: 0.2836
INFO - 2020-05-28 15:22:00 --> Config Class Initialized
INFO - 2020-05-28 15:22:00 --> Hooks Class Initialized
DEBUG - 2020-05-28 15:22:01 --> UTF-8 Support Enabled
INFO - 2020-05-28 15:22:01 --> Utf8 Class Initialized
INFO - 2020-05-28 15:22:01 --> URI Class Initialized
INFO - 2020-05-28 15:22:01 --> Router Class Initialized
INFO - 2020-05-28 15:22:01 --> Output Class Initialized
INFO - 2020-05-28 15:22:01 --> Security Class Initialized
DEBUG - 2020-05-28 15:22:01 --> Global POST, GET and COOKIE data sanitized
INFO - 2020-05-28 15:22:01 --> Input Class Initialized
INFO - 2020-05-28 15:22:01 --> Language Class Initialized
INFO - 2020-05-28 15:22:01 --> Loader Class Initialized
INFO - 2020-05-28 15:22:01 --> Helper loaded: url_helper
INFO - 2020-05-28 15:22:01 --> Helper loaded: file_helper
INFO - 2020-05-28 15:22:01 --> Helper loaded: string_helper
INFO - 2020-05-28 15:22:01 --> Helper loaded: noti_helper
INFO - 2020-05-28 15:22:01 --> Database Driver Class Initialized
INFO - 2020-05-28 15:22:01 --> Email Class Initialized
DEBUG - 2020-05-28 15:22:01 --> Session: "sess_save_path" is empty; using "session.save_path" value from php.ini.
INFO - 2020-05-28 15:22:01 --> Session: Class initialized using 'files' driver.
INFO - 2020-05-28 15:22:01 --> Controller Class Initialized
INFO - 2020-05-28 15:22:01 --> Model "M_auth" initialized
INFO - 2020-05-28 15:22:01 --> Helper loaded: form_helper
INFO - 2020-05-28 15:22:01 --> Form Validation Class Initialized
DEBUG - 2020-05-28 15:22:01 --> Sc_check class already loaded. Second attempt ignored.
INFO - 2020-05-28 15:22:01 --> Helper loaded: captcha_helper
INFO - 2020-05-28 15:22:01 --> File loaded: C:\xampp\htdocs\scholarship\payment\views\include/header.php
INFO - 2020-05-28 15:22:01 --> File loaded: C:\xampp\htdocs\scholarship\payment\views\include/footer.php
INFO - 2020-05-28 15:22:01 --> File loaded: C:\xampp\htdocs\scholarship\payment\views\include/msg.php
INFO - 2020-05-28 15:22:01 --> File loaded: C:\xampp\htdocs\scholarship\payment\views\auth/register.php
INFO - 2020-05-28 15:22:01 --> Final output sent to browser
DEBUG - 2020-05-28 15:22:01 --> Total execution time: 0.4195
INFO - 2020-05-28 15:22:03 --> Config Class Initialized
INFO - 2020-05-28 15:22:03 --> Hooks Class Initialized
DEBUG - 2020-05-28 15:22:03 --> UTF-8 Support Enabled
INFO - 2020-05-28 15:22:03 --> Utf8 Class Initialized
INFO - 2020-05-28 15:22:03 --> URI Class Initialized
INFO - 2020-05-28 15:22:03 --> Router Class Initialized
INFO - 2020-05-28 15:22:03 --> Output Class Initialized
INFO - 2020-05-28 15:22:03 --> Security Class Initialized
DEBUG - 2020-05-28 15:22:03 --> Global POST, GET and COOKIE data sanitized
INFO - 2020-05-28 15:22:03 --> Input Class Initialized
INFO - 2020-05-28 15:22:03 --> Language Class Initialized
INFO - 2020-05-28 15:22:03 --> Loader Class Initialized
INFO - 2020-05-28 15:22:03 --> Helper loaded: url_helper
INFO - 2020-05-28 15:22:03 --> Helper loaded: file_helper
INFO - 2020-05-28 15:22:03 --> Helper loaded: string_helper
INFO - 2020-05-28 15:22:03 --> Helper loaded: noti_helper
INFO - 2020-05-28 15:22:03 --> Database Driver Class Initialized
INFO - 2020-05-28 15:22:03 --> Email Class Initialized
DEBUG - 2020-05-28 15:22:03 --> Session: "sess_save_path" is empty; using "session.save_path" value from php.ini.
INFO - 2020-05-28 15:22:03 --> Session: Class initialized using 'files' driver.
INFO - 2020-05-28 15:22:03 --> Controller Class Initialized
INFO - 2020-05-28 15:22:03 --> Model "M_auth" initialized
INFO - 2020-05-28 15:22:03 --> Helper loaded: form_helper
INFO - 2020-05-28 15:22:03 --> Form Validation Class Initialized
DEBUG - 2020-05-28 15:22:03 --> Sc_check class already loaded. Second attempt ignored.
INFO - 2020-05-28 15:22:03 --> Helper loaded: captcha_helper
INFO - 2020-05-28 15:22:03 --> File loaded: C:\xampp\htdocs\scholarship\payment\views\include/header.php
INFO - 2020-05-28 15:22:03 --> File loaded: C:\xampp\htdocs\scholarship\payment\views\include/footer.php
INFO - 2020-05-28 15:22:03 --> File loaded: C:\xampp\htdocs\scholarship\payment\views\include/msg.php
INFO - 2020-05-28 15:22:03 --> File loaded: C:\xampp\htdocs\scholarship\payment\views\auth/login.php
INFO - 2020-05-28 15:22:03 --> Final output sent to browser
DEBUG - 2020-05-28 15:22:03 --> Total execution time: 0.4011
INFO - 2020-05-28 15:22:59 --> Config Class Initialized
INFO - 2020-05-28 15:22:59 --> Hooks Class Initialized
DEBUG - 2020-05-28 15:22:59 --> UTF-8 Support Enabled
INFO - 2020-05-28 15:22:59 --> Utf8 Class Initialized
INFO - 2020-05-28 15:22:59 --> URI Class Initialized
INFO - 2020-05-28 15:22:59 --> Router Class Initialized
INFO - 2020-05-28 15:22:59 --> Output Class Initialized
INFO - 2020-05-28 15:22:59 --> Security Class Initialized
DEBUG - 2020-05-28 15:22:59 --> Global POST, GET and COOKIE data sanitized
INFO - 2020-05-28 15:22:59 --> Input Class Initialized
INFO - 2020-05-28 15:22:59 --> Language Class Initialized
INFO - 2020-05-28 15:22:59 --> Loader Class Initialized
INFO - 2020-05-28 15:22:59 --> Helper loaded: url_helper
INFO - 2020-05-28 15:22:59 --> Helper loaded: file_helper
INFO - 2020-05-28 15:22:59 --> Helper loaded: string_helper
INFO - 2020-05-28 15:22:59 --> Helper loaded: noti_helper
INFO - 2020-05-28 15:22:59 --> Database Driver Class Initialized
INFO - 2020-05-28 15:22:59 --> Email Class Initialized
DEBUG - 2020-05-28 15:22:59 --> Session: "sess_save_path" is empty; using "session.save_path" value from php.ini.
INFO - 2020-05-28 15:22:59 --> Session: Class initialized using 'files' driver.
INFO - 2020-05-28 15:22:59 --> Controller Class Initialized
INFO - 2020-05-28 15:22:59 --> Model "M_auth" initialized
INFO - 2020-05-28 15:22:59 --> Helper loaded: form_helper
INFO - 2020-05-28 15:22:59 --> Form Validation Class Initialized
DEBUG - 2020-05-28 15:22:59 --> Sc_check class already loaded. Second attempt ignored.
INFO - 2020-05-28 15:22:59 --> Helper loaded: captcha_helper
INFO - 2020-05-28 15:22:59 --> Final output sent to browser
DEBUG - 2020-05-28 15:22:59 --> Total execution time: 0.3282
INFO - 2020-05-28 15:23:05 --> Config Class Initialized
INFO - 2020-05-28 15:23:05 --> Hooks Class Initialized
DEBUG - 2020-05-28 15:23:05 --> UTF-8 Support Enabled
INFO - 2020-05-28 15:23:05 --> Utf8 Class Initialized
INFO - 2020-05-28 15:23:05 --> URI Class Initialized
INFO - 2020-05-28 15:23:05 --> Router Class Initialized
INFO - 2020-05-28 15:23:05 --> Output Class Initialized
INFO - 2020-05-28 15:23:05 --> Security Class Initialized
DEBUG - 2020-05-28 15:23:05 --> Global POST, GET and COOKIE data sanitized
INFO - 2020-05-28 15:23:05 --> Input Class Initialized
INFO - 2020-05-28 15:23:05 --> Language Class Initialized
INFO - 2020-05-28 15:23:05 --> Loader Class Initialized
INFO - 2020-05-28 15:23:06 --> Helper loaded: url_helper
INFO - 2020-05-28 15:23:06 --> Helper loaded: file_helper
INFO - 2020-05-28 15:23:06 --> Helper loaded: string_helper
INFO - 2020-05-28 15:23:06 --> Helper loaded: noti_helper
INFO - 2020-05-28 15:23:06 --> Database Driver Class Initialized
INFO - 2020-05-28 15:23:06 --> Email Class Initialized
DEBUG - 2020-05-28 15:23:06 --> Session: "sess_save_path" is empty; using "session.save_path" value from php.ini.
INFO - 2020-05-28 15:23:06 --> Session: Class initialized using 'files' driver.
INFO - 2020-05-28 15:23:06 --> Controller Class Initialized
INFO - 2020-05-28 15:23:06 --> Model "M_auth" initialized
INFO - 2020-05-28 15:23:06 --> Helper loaded: form_helper
INFO - 2020-05-28 15:23:06 --> Form Validation Class Initialized
DEBUG - 2020-05-28 15:23:06 --> Sc_check class already loaded. Second attempt ignored.
INFO - 2020-05-28 15:23:06 --> Helper loaded: captcha_helper
INFO - 2020-05-28 15:23:06 --> Language file loaded: language/english/form_validation_lang.php
INFO - 2020-05-28 15:23:06 --> ---------------------Success -- Industry Logged in with prathwi@5ine.in and IP aaddress ::1 --------------
INFO - 2020-05-28 15:23:06 --> Config Class Initialized
INFO - 2020-05-28 15:23:06 --> Hooks Class Initialized
DEBUG - 2020-05-28 15:23:06 --> UTF-8 Support Enabled
INFO - 2020-05-28 15:23:06 --> Utf8 Class Initialized
INFO - 2020-05-28 15:23:06 --> URI Class Initialized
INFO - 2020-05-28 15:23:06 --> Router Class Initialized
INFO - 2020-05-28 15:23:06 --> Output Class Initialized
INFO - 2020-05-28 15:23:06 --> Security Class Initialized
DEBUG - 2020-05-28 15:23:06 --> Global POST, GET and COOKIE data sanitized
INFO - 2020-05-28 15:23:06 --> Input Class Initialized
INFO - 2020-05-28 15:23:06 --> Language Class Initialized
INFO - 2020-05-28 15:23:06 --> Loader Class Initialized
INFO - 2020-05-28 15:23:06 --> Helper loaded: url_helper
INFO - 2020-05-28 15:23:06 --> Helper loaded: file_helper
INFO - 2020-05-28 15:23:06 --> Helper loaded: string_helper
INFO - 2020-05-28 15:23:06 --> Helper loaded: noti_helper
INFO - 2020-05-28 15:23:06 --> Database Driver Class Initialized
INFO - 2020-05-28 15:23:06 --> Email Class Initialized
DEBUG - 2020-05-28 15:23:06 --> Session: "sess_save_path" is empty; using "session.save_path" value from php.ini.
INFO - 2020-05-28 15:23:06 --> Session: Class initialized using 'files' driver.
INFO - 2020-05-28 15:23:06 --> Controller Class Initialized
INFO - 2020-05-28 15:23:06 --> Model "M_account" initialized
INFO - 2020-05-28 15:23:06 --> Helper loaded: form_helper
INFO - 2020-05-28 15:23:06 --> Form Validation Class Initialized
DEBUG - 2020-05-28 15:23:06 --> Sc_check class already loaded. Second attempt ignored.
INFO - 2020-05-28 15:23:06 --> Model "M_auth" initialized
INFO - 2020-05-28 15:23:06 --> Model "M_payments" initialized
INFO - 2020-05-28 15:23:06 --> File loaded: C:\xampp\htdocs\scholarship\payment\views\include/header.php
INFO - 2020-05-28 15:23:06 --> File loaded: C:\xampp\htdocs\scholarship\payment\views\include/menu.php
INFO - 2020-05-28 15:23:06 --> File loaded: C:\xampp\htdocs\scholarship\payment\views\include/footer.php
INFO - 2020-05-28 15:23:06 --> File loaded: C:\xampp\htdocs\scholarship\payment\views\include/msg.php
INFO - 2020-05-28 15:23:06 --> File loaded: C:\xampp\htdocs\scholarship\payment\views\account/profile.php
INFO - 2020-05-28 15:23:06 --> Final output sent to browser
DEBUG - 2020-05-28 15:23:06 --> Total execution time: 0.4866
INFO - 2020-05-28 15:23:06 --> Config Class Initialized
INFO - 2020-05-28 15:23:06 --> Config Class Initialized
INFO - 2020-05-28 15:23:06 --> Config Class Initialized
INFO - 2020-05-28 15:23:06 --> Hooks Class Initialized
INFO - 2020-05-28 15:23:06 --> Hooks Class Initialized
INFO - 2020-05-28 15:23:06 --> Hooks Class Initialized
DEBUG - 2020-05-28 15:23:06 --> UTF-8 Support Enabled
DEBUG - 2020-05-28 15:23:06 --> UTF-8 Support Enabled
DEBUG - 2020-05-28 15:23:06 --> UTF-8 Support Enabled
INFO - 2020-05-28 15:23:06 --> Utf8 Class Initialized
INFO - 2020-05-28 15:23:06 --> Utf8 Class Initialized
INFO - 2020-05-28 15:23:06 --> Utf8 Class Initialized
INFO - 2020-05-28 15:23:06 --> URI Class Initialized
INFO - 2020-05-28 15:23:06 --> URI Class Initialized
INFO - 2020-05-28 15:23:06 --> URI Class Initialized
INFO - 2020-05-28 15:23:07 --> Router Class Initialized
INFO - 2020-05-28 15:23:07 --> Router Class Initialized
INFO - 2020-05-28 15:23:07 --> Router Class Initialized
INFO - 2020-05-28 15:23:07 --> Output Class Initialized
INFO - 2020-05-28 15:23:07 --> Output Class Initialized
INFO - 2020-05-28 15:23:07 --> Output Class Initialized
INFO - 2020-05-28 15:23:07 --> Security Class Initialized
INFO - 2020-05-28 15:23:07 --> Security Class Initialized
INFO - 2020-05-28 15:23:07 --> Security Class Initialized
DEBUG - 2020-05-28 15:23:07 --> Global POST, GET and COOKIE data sanitized
DEBUG - 2020-05-28 15:23:07 --> Global POST, GET and COOKIE data sanitized
DEBUG - 2020-05-28 15:23:07 --> Global POST, GET and COOKIE data sanitized
INFO - 2020-05-28 15:23:07 --> Input Class Initialized
INFO - 2020-05-28 15:23:07 --> Input Class Initialized
INFO - 2020-05-28 15:23:07 --> Input Class Initialized
INFO - 2020-05-28 15:23:07 --> Language Class Initialized
INFO - 2020-05-28 15:23:07 --> Language Class Initialized
INFO - 2020-05-28 15:23:07 --> Language Class Initialized
ERROR - 2020-05-28 15:23:07 --> 404 Page Not Found: Show-images/pan
ERROR - 2020-05-28 15:23:07 --> 404 Page Not Found: Show-images/gst
ERROR - 2020-05-28 15:23:07 --> 404 Page Not Found: Show-images/regfile
INFO - 2020-05-28 15:26:17 --> Config Class Initialized
INFO - 2020-05-28 15:26:17 --> Hooks Class Initialized
DEBUG - 2020-05-28 15:26:17 --> UTF-8 Support Enabled
INFO - 2020-05-28 15:26:17 --> Utf8 Class Initialized
INFO - 2020-05-28 15:26:17 --> URI Class Initialized
INFO - 2020-05-28 15:26:17 --> Router Class Initialized
INFO - 2020-05-28 15:26:17 --> Output Class Initialized
INFO - 2020-05-28 15:26:17 --> Security Class Initialized
DEBUG - 2020-05-28 15:26:17 --> Global POST, GET and COOKIE data sanitized
INFO - 2020-05-28 15:26:17 --> Input Class Initialized
INFO - 2020-05-28 15:26:17 --> Language Class Initialized
INFO - 2020-05-28 15:26:17 --> Loader Class Initialized
INFO - 2020-05-28 15:26:17 --> Helper loaded: url_helper
INFO - 2020-05-28 15:26:17 --> Helper loaded: file_helper
INFO - 2020-05-28 15:26:17 --> Helper loaded: string_helper
INFO - 2020-05-28 15:26:17 --> Helper loaded: noti_helper
INFO - 2020-05-28 15:26:17 --> Database Driver Class Initialized
INFO - 2020-05-28 15:26:17 --> Email Class Initialized
DEBUG - 2020-05-28 15:26:17 --> Session: "sess_save_path" is empty; using "session.save_path" value from php.ini.
INFO - 2020-05-28 15:26:17 --> Session: Class initialized using 'files' driver.
INFO - 2020-05-28 15:26:17 --> Controller Class Initialized
INFO - 2020-05-28 15:26:17 --> Model "M_auth" initialized
INFO - 2020-05-28 15:26:17 --> Helper loaded: form_helper
INFO - 2020-05-28 15:26:17 --> Form Validation Class Initialized
DEBUG - 2020-05-28 15:26:17 --> Sc_check class already loaded. Second attempt ignored.
INFO - 2020-05-28 15:26:17 --> Helper loaded: captcha_helper
INFO - 2020-05-28 15:26:17 --> Config Class Initialized
INFO - 2020-05-28 15:26:17 --> Hooks Class Initialized
DEBUG - 2020-05-28 15:26:17 --> UTF-8 Support Enabled
INFO - 2020-05-28 15:26:17 --> Utf8 Class Initialized
INFO - 2020-05-28 15:26:17 --> URI Class Initialized
DEBUG - 2020-05-28 15:26:17 --> No URI present. Default controller set.
INFO - 2020-05-28 15:26:17 --> Router Class Initialized
INFO - 2020-05-28 15:26:17 --> Output Class Initialized
INFO - 2020-05-28 15:26:18 --> Security Class Initialized
DEBUG - 2020-05-28 15:26:18 --> Global POST, GET and COOKIE data sanitized
INFO - 2020-05-28 15:26:18 --> Input Class Initialized
INFO - 2020-05-28 15:26:18 --> Language Class Initialized
INFO - 2020-05-28 15:26:18 --> Loader Class Initialized
INFO - 2020-05-28 15:26:18 --> Helper loaded: url_helper
INFO - 2020-05-28 15:26:18 --> Helper loaded: file_helper
INFO - 2020-05-28 15:26:18 --> Helper loaded: string_helper
INFO - 2020-05-28 15:26:18 --> Helper loaded: noti_helper
INFO - 2020-05-28 15:26:18 --> Database Driver Class Initialized
INFO - 2020-05-28 15:26:18 --> Email Class Initialized
DEBUG - 2020-05-28 15:26:18 --> Session: "sess_save_path" is empty; using "session.save_path" value from php.ini.
INFO - 2020-05-28 15:26:18 --> Session: Class initialized using 'files' driver.
INFO - 2020-05-28 15:26:18 --> Controller Class Initialized
INFO - 2020-05-28 15:26:18 --> Model "M_auth" initialized
INFO - 2020-05-28 15:26:18 --> Helper loaded: form_helper
INFO - 2020-05-28 15:26:18 --> Form Validation Class Initialized
DEBUG - 2020-05-28 15:26:18 --> Sc_check class already loaded. Second attempt ignored.
INFO - 2020-05-28 15:26:18 --> Helper loaded: captcha_helper
INFO - 2020-05-28 15:26:18 --> File loaded: C:\xampp\htdocs\scholarship\payment\views\include/header.php
INFO - 2020-05-28 15:26:18 --> File loaded: C:\xampp\htdocs\scholarship\payment\views\include/footer.php
INFO - 2020-05-28 15:26:18 --> File loaded: C:\xampp\htdocs\scholarship\payment\views\include/msg.php
INFO - 2020-05-28 15:26:18 --> File loaded: C:\xampp\htdocs\scholarship\payment\views\auth/login.php
INFO - 2020-05-28 15:26:18 --> Final output sent to browser
DEBUG - 2020-05-28 15:26:18 --> Total execution time: 0.2648
INFO - 2020-05-28 15:26:19 --> Config Class Initialized
INFO - 2020-05-28 15:26:19 --> Hooks Class Initialized
DEBUG - 2020-05-28 15:26:19 --> UTF-8 Support Enabled
INFO - 2020-05-28 15:26:19 --> Utf8 Class Initialized
INFO - 2020-05-28 15:26:19 --> URI Class Initialized
INFO - 2020-05-28 15:26:19 --> Router Class Initialized
INFO - 2020-05-28 15:26:19 --> Output Class Initialized
INFO - 2020-05-28 15:26:19 --> Security Class Initialized
DEBUG - 2020-05-28 15:26:19 --> Global POST, GET and COOKIE data sanitized
INFO - 2020-05-28 15:26:19 --> Input Class Initialized
INFO - 2020-05-28 15:26:19 --> Language Class Initialized
INFO - 2020-05-28 15:26:19 --> Loader Class Initialized
INFO - 2020-05-28 15:26:19 --> Helper loaded: url_helper
INFO - 2020-05-28 15:26:19 --> Helper loaded: file_helper
INFO - 2020-05-28 15:26:19 --> Helper loaded: string_helper
INFO - 2020-05-28 15:26:19 --> Helper loaded: noti_helper
INFO - 2020-05-28 15:26:19 --> Database Driver Class Initialized
INFO - 2020-05-28 15:26:19 --> Email Class Initialized
DEBUG - 2020-05-28 15:26:19 --> Session: "sess_save_path" is empty; using "session.save_path" value from php.ini.
INFO - 2020-05-28 15:26:19 --> Session: Class initialized using 'files' driver.
INFO - 2020-05-28 15:26:19 --> Controller Class Initialized
INFO - 2020-05-28 15:26:19 --> Model "M_payments" initialized
INFO - 2020-05-28 15:26:19 --> Model "M_auth" initialized
INFO - 2020-05-28 15:26:19 --> Model "M_account" initialized
INFO - 2020-05-28 15:26:19 --> Helper loaded: text_helper
INFO - 2020-05-28 15:26:19 --> Helper loaded: form_helper
INFO - 2020-05-28 15:26:19 --> Form Validation Class Initialized
INFO - 2020-05-28 15:26:19 --> File loaded: C:\xampp\htdocs\scholarship\payment\views\include/header.php
INFO - 2020-05-28 15:26:19 --> File loaded: C:\xampp\htdocs\scholarship\payment\views\include/footer.php
INFO - 2020-05-28 15:26:19 --> File loaded: C:\xampp\htdocs\scholarship\payment\views\include/msg.php
INFO - 2020-05-28 15:26:19 --> File loaded: C:\xampp\htdocs\scholarship\payment\views\payment/payment.php
INFO - 2020-05-28 15:26:19 --> Final output sent to browser
DEBUG - 2020-05-28 15:26:19 --> Total execution time: 0.4272
