ERROR - 2020-06-03 10:24:36 --> Severity: Warning --> fwrite(): SSL: An existing connection was forcibly closed by the remote host.
 C:\xampp\htdocs\scholarship\system\libraries\Email.php 2268
ERROR - 2020-06-03 10:24:37 --> Severity: Warning --> fwrite(): SSL: An existing connection was forcibly closed by the remote host.
 C:\xampp\htdocs\scholarship\system\libraries\Email.php 2268
ERROR - 2020-06-03 10:24:37 --> Severity: Warning --> fwrite(): SSL: An existing connection was forcibly closed by the remote host.
 C:\xampp\htdocs\scholarship\system\libraries\Email.php 2268
ERROR - 2020-06-03 10:24:38 --> Severity: Warning --> fwrite(): SSL: An existing connection was forcibly closed by the remote host.
 C:\xampp\htdocs\scholarship\system\libraries\Email.php 2268
ERROR - 2020-06-03 10:24:39 --> Severity: Warning --> fwrite(): SSL: An existing connection was forcibly closed by the remote host.
 C:\xampp\htdocs\scholarship\system\libraries\Email.php 2268
ERROR - 2020-06-03 10:24:41 --> Severity: Warning --> fwrite(): SSL: An existing connection was forcibly closed by the remote host.
 C:\xampp\htdocs\scholarship\system\libraries\Email.php 2268
ERROR - 2020-06-03 10:24:41 --> Severity: Warning --> fwrite(): SSL: An existing connection was forcibly closed by the remote host.
 C:\xampp\htdocs\scholarship\system\libraries\Email.php 2268
ERROR - 2020-06-03 10:24:42 --> Severity: Warning --> fwrite(): SSL: An existing connection was forcibly closed by the remote host.
 C:\xampp\htdocs\scholarship\system\libraries\Email.php 2268
ERROR - 2020-06-03 10:24:42 --> Severity: Warning --> fwrite(): SSL: An existing connection was forcibly closed by the remote host.
 C:\xampp\htdocs\scholarship\system\libraries\Email.php 2268
ERROR - 2020-06-03 10:24:43 --> Severity: Warning --> fgets(): SSL: An existing connection was forcibly closed by the remote host.
 C:\xampp\htdocs\scholarship\system\libraries\Email.php 2312
ERROR - 2020-06-03 10:24:43 --> Severity: Warning --> mysqli::query(): MySQL server has gone away C:\xampp\htdocs\scholarship\system\database\drivers\mysqli\mysqli_driver.php 307
ERROR - 2020-06-03 10:24:44 --> Severity: Warning --> mysqli::query(): Error reading result set's header C:\xampp\htdocs\scholarship\system\database\drivers\mysqli\mysqli_driver.php 307
ERROR - 2020-06-03 10:24:44 --> Query error: MySQL server has gone away - Invalid query: SELECT *
FROM `reminder_noti`
WHERE `reg_id` = '7'
AND `difference` = -139
AND `year` = '2020'
INFO - 2020-06-03 10:24:44 --> Language file loaded: language/english/db_lang.php
ERROR - 2020-06-03 10:24:44 --> Severity: Warning --> Cannot modify header information - headers already sent by (output started at C:\xampp\htdocs\scholarship\system\core\Exceptions.php:271) C:\xampp\htdocs\scholarship\system\core\Common.php 570
ERROR - 2020-06-03 10:24:45 --> Severity: Warning --> fwrite(): SSL operation failed with code 1. OpenSSL Error messages:
error:1409E10F:SSL routines:ssl3_write_bytes:bad length C:\xampp\htdocs\scholarship\system\libraries\Email.php 2268
ERROR - 2020-06-03 10:24:45 --> Severity: Warning --> fwrite(): SSL operation failed with code 1. OpenSSL Error messages:
error:1409E10F:SSL routines:ssl3_write_bytes:bad length C:\xampp\htdocs\scholarship\system\libraries\Email.php 2268
ERROR - 2020-06-03 10:24:46 --> Severity: Warning --> fwrite(): SSL operation failed with code 1. OpenSSL Error messages:
error:1409E10F:SSL routines:ssl3_write_bytes:bad length C:\xampp\htdocs\scholarship\system\libraries\Email.php 2268
ERROR - 2020-06-03 10:24:46 --> Severity: Warning --> fwrite(): SSL operation failed with code 1. OpenSSL Error messages:
error:1409E10F:SSL routines:ssl3_write_bytes:bad length C:\xampp\htdocs\scholarship\system\libraries\Email.php 2268
ERROR - 2020-06-03 10:24:47 --> Severity: Warning --> fwrite(): SSL operation failed with code 1. OpenSSL Error messages:
error:1409E10F:SSL routines:ssl3_write_bytes:bad length C:\xampp\htdocs\scholarship\system\libraries\Email.php 2268
ERROR - 2020-06-03 10:24:47 --> Severity: Warning --> fwrite(): SSL operation failed with code 1. OpenSSL Error messages:
error:1409E10F:SSL routines:ssl3_write_bytes:bad length C:\xampp\htdocs\scholarship\system\libraries\Email.php 2268
ERROR - 2020-06-03 10:24:48 --> Severity: Warning --> fwrite(): SSL operation failed with code 1. OpenSSL Error messages:
error:1409E10F:SSL routines:ssl3_write_bytes:bad length C:\xampp\htdocs\scholarship\system\libraries\Email.php 2268
ERROR - 2020-06-03 10:24:48 --> Severity: Warning --> fwrite(): SSL operation failed with code 1. OpenSSL Error messages:
error:1409E10F:SSL routines:ssl3_write_bytes:bad length C:\xampp\htdocs\scholarship\system\libraries\Email.php 2268
ERROR - 2020-06-03 10:24:49 --> Severity: Warning --> fwrite(): SSL operation failed with code 1. OpenSSL Error messages:
error:1409E10F:SSL routines:ssl3_write_bytes:bad length C:\xampp\htdocs\scholarship\system\libraries\Email.php 2268
ERROR - 2020-06-03 10:24:49 --> Severity: Warning --> fwrite(): SSL operation failed with code 1. OpenSSL Error messages:
error:1409E10F:SSL routines:ssl3_write_bytes:bad length C:\xampp\htdocs\scholarship\system\libraries\Email.php 2268
ERROR - 2020-06-03 10:24:50 --> Severity: Warning --> fwrite(): SSL operation failed with code 1. OpenSSL Error messages:
error:1409E10F:SSL routines:ssl3_write_bytes:bad length C:\xampp\htdocs\scholarship\system\libraries\Email.php 2268
ERROR - 2020-06-03 10:24:50 --> Severity: Warning --> fwrite(): SSL operation failed with code 1. OpenSSL Error messages:
error:1409E10F:SSL routines:ssl3_write_bytes:bad length C:\xampp\htdocs\scholarship\system\libraries\Email.php 2268
INFO - 2020-06-03 10:27:38 --> Config Class Initialized
INFO - 2020-06-03 10:27:38 --> Hooks Class Initialized
DEBUG - 2020-06-03 10:27:38 --> UTF-8 Support Enabled
INFO - 2020-06-03 10:27:38 --> Utf8 Class Initialized
INFO - 2020-06-03 10:27:38 --> URI Class Initialized
INFO - 2020-06-03 10:27:38 --> Router Class Initialized
INFO - 2020-06-03 10:27:38 --> Output Class Initialized
INFO - 2020-06-03 10:27:38 --> Security Class Initialized
DEBUG - 2020-06-03 10:27:38 --> Global POST, GET and COOKIE data sanitized
INFO - 2020-06-03 10:27:38 --> Input Class Initialized
INFO - 2020-06-03 10:27:38 --> Language Class Initialized
INFO - 2020-06-03 10:27:38 --> Loader Class Initialized
INFO - 2020-06-03 10:27:38 --> Helper loaded: url_helper
INFO - 2020-06-03 10:27:38 --> Helper loaded: file_helper
INFO - 2020-06-03 10:27:38 --> Helper loaded: string_helper
INFO - 2020-06-03 10:27:38 --> Helper loaded: noti_helper
INFO - 2020-06-03 10:27:38 --> Database Driver Class Initialized
INFO - 2020-06-03 10:27:38 --> Email Class Initialized
DEBUG - 2020-06-03 10:27:38 --> Session: "sess_save_path" is empty; using "session.save_path" value from php.ini.
INFO - 2020-06-03 10:27:38 --> Session: Class initialized using 'files' driver.
INFO - 2020-06-03 10:27:38 --> Controller Class Initialized
INFO - 2020-06-03 10:27:38 --> Model "M_payments" initialized
INFO - 2020-06-03 10:27:38 --> Model "M_auth" initialized
INFO - 2020-06-03 10:27:38 --> Model "M_account" initialized
INFO - 2020-06-03 10:27:38 --> Helper loaded: text_helper
INFO - 2020-06-03 10:27:38 --> Helper loaded: form_helper
INFO - 2020-06-03 10:27:38 --> Form Validation Class Initialized
DEBUG - 2020-06-03 10:27:39 --> Config file loaded: C:\xampp\htdocs\scholarship\payment\config/email.php
DEBUG - 2020-06-03 10:27:39 --> Email class already loaded. Second attempt ignored.
INFO - 2020-06-03 10:27:39 --> File loaded: C:\xampp\htdocs\scholarship\payment\views\mail/reminder.php
ERROR - 2020-06-03 10:27:46 --> Severity: Warning --> fsockopen(): SSL: Handshake timed out C:\xampp\htdocs\scholarship\system\libraries\Email.php 2069
ERROR - 2020-06-03 10:27:46 --> Severity: Warning --> fsockopen(): Failed to enable crypto C:\xampp\htdocs\scholarship\system\libraries\Email.php 2069
ERROR - 2020-06-03 10:27:46 --> Severity: Warning --> fsockopen(): unable to connect to ssl://mail.5ine.in:465 (Unknown error) C:\xampp\htdocs\scholarship\system\libraries\Email.php 2069
INFO - 2020-06-03 10:27:46 --> Language file loaded: language/english/email_lang.php
DEBUG - 2020-06-03 10:27:46 --> Email class already loaded. Second attempt ignored.
INFO - 2020-06-03 10:27:46 --> File loaded: C:\xampp\htdocs\scholarship\payment\views\mail/reminder.php
DEBUG - 2020-06-03 10:27:51 --> Email class already loaded. Second attempt ignored.
INFO - 2020-06-03 10:27:51 --> File loaded: C:\xampp\htdocs\scholarship\payment\views\mail/reminder.php
DEBUG - 2020-06-03 10:28:01 --> Email class already loaded. Second attempt ignored.
INFO - 2020-06-03 10:28:01 --> File loaded: C:\xampp\htdocs\scholarship\payment\views\mail/reminder.php
DEBUG - 2020-06-03 10:28:06 --> Email class already loaded. Second attempt ignored.
INFO - 2020-06-03 10:28:06 --> File loaded: C:\xampp\htdocs\scholarship\payment\views\mail/reminder.php
DEBUG - 2020-06-03 10:28:11 --> Email class already loaded. Second attempt ignored.
INFO - 2020-06-03 10:28:11 --> File loaded: C:\xampp\htdocs\scholarship\payment\views\mail/reminder.php
DEBUG - 2020-06-03 10:28:11 --> Email class already loaded. Second attempt ignored.
INFO - 2020-06-03 10:28:11 --> File loaded: C:\xampp\htdocs\scholarship\payment\views\mail/reminder.php
DEBUG - 2020-06-03 10:28:11 --> Email class already loaded. Second attempt ignored.
INFO - 2020-06-03 10:28:11 --> File loaded: C:\xampp\htdocs\scholarship\payment\views\mail/reminder.php
DEBUG - 2020-06-03 10:28:16 --> Email class already loaded. Second attempt ignored.
INFO - 2020-06-03 10:28:16 --> File loaded: C:\xampp\htdocs\scholarship\payment\views\mail/reminder.php
DEBUG - 2020-06-03 10:28:21 --> Email class already loaded. Second attempt ignored.
INFO - 2020-06-03 10:28:22 --> File loaded: C:\xampp\htdocs\scholarship\payment\views\mail/reminder.php
DEBUG - 2020-06-03 10:28:27 --> Email class already loaded. Second attempt ignored.
INFO - 2020-06-03 10:28:27 --> File loaded: C:\xampp\htdocs\scholarship\payment\views\mail/reminder.php
DEBUG - 2020-06-03 10:28:32 --> Email class already loaded. Second attempt ignored.
INFO - 2020-06-03 10:28:32 --> File loaded: C:\xampp\htdocs\scholarship\payment\views\mail/reminder.php
DEBUG - 2020-06-03 10:28:37 --> Email class already loaded. Second attempt ignored.
INFO - 2020-06-03 10:28:37 --> File loaded: C:\xampp\htdocs\scholarship\payment\views\mail/reminder.php
DEBUG - 2020-06-03 10:28:42 --> Email class already loaded. Second attempt ignored.
INFO - 2020-06-03 10:28:42 --> File loaded: C:\xampp\htdocs\scholarship\payment\views\mail/reminder.php
DEBUG - 2020-06-03 10:28:45 --> Email class already loaded. Second attempt ignored.
INFO - 2020-06-03 10:28:45 --> File loaded: C:\xampp\htdocs\scholarship\payment\views\mail/reminder.php
DEBUG - 2020-06-03 10:28:45 --> Email class already loaded. Second attempt ignored.
INFO - 2020-06-03 10:28:45 --> File loaded: C:\xampp\htdocs\scholarship\payment\views\mail/reminder.php
DEBUG - 2020-06-03 10:28:45 --> Email class already loaded. Second attempt ignored.
INFO - 2020-06-03 10:28:45 --> File loaded: C:\xampp\htdocs\scholarship\payment\views\mail/reminder.php
DEBUG - 2020-06-03 10:28:45 --> Email class already loaded. Second attempt ignored.
INFO - 2020-06-03 10:28:45 --> File loaded: C:\xampp\htdocs\scholarship\payment\views\mail/reminder.php
DEBUG - 2020-06-03 10:28:45 --> Email class already loaded. Second attempt ignored.
INFO - 2020-06-03 10:28:45 --> File loaded: C:\xampp\htdocs\scholarship\payment\views\mail/reminder.php
DEBUG - 2020-06-03 10:28:45 --> Email class already loaded. Second attempt ignored.
INFO - 2020-06-03 10:28:45 --> File loaded: C:\xampp\htdocs\scholarship\payment\views\mail/reminder.php
DEBUG - 2020-06-03 10:28:46 --> Email class already loaded. Second attempt ignored.
INFO - 2020-06-03 10:28:46 --> File loaded: C:\xampp\htdocs\scholarship\payment\views\mail/reminder.php
DEBUG - 2020-06-03 10:28:46 --> Email class already loaded. Second attempt ignored.
INFO - 2020-06-03 10:28:46 --> File loaded: C:\xampp\htdocs\scholarship\payment\views\mail/reminder.php
DEBUG - 2020-06-03 10:28:46 --> Email class already loaded. Second attempt ignored.
INFO - 2020-06-03 10:28:46 --> File loaded: C:\xampp\htdocs\scholarship\payment\views\mail/reminder.php
DEBUG - 2020-06-03 10:28:46 --> Email class already loaded. Second attempt ignored.
INFO - 2020-06-03 10:28:46 --> File loaded: C:\xampp\htdocs\scholarship\payment\views\mail/reminder.php
DEBUG - 2020-06-03 10:28:46 --> Email class already loaded. Second attempt ignored.
INFO - 2020-06-03 10:28:46 --> File loaded: C:\xampp\htdocs\scholarship\payment\views\mail/reminder.php
DEBUG - 2020-06-03 10:28:46 --> Email class already loaded. Second attempt ignored.
INFO - 2020-06-03 10:28:46 --> File loaded: C:\xampp\htdocs\scholarship\payment\views\mail/reminder.php
DEBUG - 2020-06-03 10:28:46 --> Email class already loaded. Second attempt ignored.
INFO - 2020-06-03 10:28:46 --> File loaded: C:\xampp\htdocs\scholarship\payment\views\mail/reminder.php
DEBUG - 2020-06-03 10:28:46 --> Email class already loaded. Second attempt ignored.
INFO - 2020-06-03 10:28:46 --> File loaded: C:\xampp\htdocs\scholarship\payment\views\mail/reminder.php
DEBUG - 2020-06-03 10:28:46 --> Email class already loaded. Second attempt ignored.
INFO - 2020-06-03 10:28:46 --> File loaded: C:\xampp\htdocs\scholarship\payment\views\mail/reminder.php
DEBUG - 2020-06-03 10:28:46 --> Email class already loaded. Second attempt ignored.
INFO - 2020-06-03 10:28:46 --> File loaded: C:\xampp\htdocs\scholarship\payment\views\mail/reminder.php
DEBUG - 2020-06-03 10:28:46 --> Email class already loaded. Second attempt ignored.
INFO - 2020-06-03 10:28:46 --> File loaded: C:\xampp\htdocs\scholarship\payment\views\mail/reminder.php
DEBUG - 2020-06-03 10:28:46 --> Email class already loaded. Second attempt ignored.
INFO - 2020-06-03 10:28:46 --> File loaded: C:\xampp\htdocs\scholarship\payment\views\mail/reminder.php
DEBUG - 2020-06-03 10:28:46 --> Email class already loaded. Second attempt ignored.
INFO - 2020-06-03 10:28:46 --> File loaded: C:\xampp\htdocs\scholarship\payment\views\mail/reminder.php
DEBUG - 2020-06-03 10:28:46 --> Email class already loaded. Second attempt ignored.
INFO - 2020-06-03 10:28:46 --> File loaded: C:\xampp\htdocs\scholarship\payment\views\mail/reminder.php
DEBUG - 2020-06-03 10:28:46 --> Email class already loaded. Second attempt ignored.
INFO - 2020-06-03 10:28:46 --> File loaded: C:\xampp\htdocs\scholarship\payment\views\mail/reminder.php
DEBUG - 2020-06-03 10:28:47 --> Email class already loaded. Second attempt ignored.
INFO - 2020-06-03 10:28:47 --> File loaded: C:\xampp\htdocs\scholarship\payment\views\mail/reminder.php
DEBUG - 2020-06-03 10:28:47 --> Email class already loaded. Second attempt ignored.
INFO - 2020-06-03 10:28:47 --> File loaded: C:\xampp\htdocs\scholarship\payment\views\mail/reminder.php
DEBUG - 2020-06-03 10:28:47 --> Email class already loaded. Second attempt ignored.
INFO - 2020-06-03 10:28:47 --> File loaded: C:\xampp\htdocs\scholarship\payment\views\mail/reminder.php
DEBUG - 2020-06-03 10:28:47 --> Email class already loaded. Second attempt ignored.
INFO - 2020-06-03 10:28:47 --> File loaded: C:\xampp\htdocs\scholarship\payment\views\mail/reminder.php
DEBUG - 2020-06-03 10:28:47 --> Email class already loaded. Second attempt ignored.
INFO - 2020-06-03 10:28:47 --> File loaded: C:\xampp\htdocs\scholarship\payment\views\mail/reminder.php
DEBUG - 2020-06-03 10:28:47 --> Email class already loaded. Second attempt ignored.
INFO - 2020-06-03 10:28:47 --> File loaded: C:\xampp\htdocs\scholarship\payment\views\mail/reminder.php
DEBUG - 2020-06-03 10:28:47 --> Email class already loaded. Second attempt ignored.
INFO - 2020-06-03 10:28:47 --> File loaded: C:\xampp\htdocs\scholarship\payment\views\mail/reminder.php
DEBUG - 2020-06-03 10:28:47 --> Email class already loaded. Second attempt ignored.
INFO - 2020-06-03 10:28:47 --> File loaded: C:\xampp\htdocs\scholarship\payment\views\mail/reminder.php
DEBUG - 2020-06-03 10:28:47 --> Email class already loaded. Second attempt ignored.
INFO - 2020-06-03 10:28:47 --> File loaded: C:\xampp\htdocs\scholarship\payment\views\mail/reminder.php
DEBUG - 2020-06-03 10:28:47 --> Email class already loaded. Second attempt ignored.
INFO - 2020-06-03 10:28:47 --> File loaded: C:\xampp\htdocs\scholarship\payment\views\mail/reminder.php
DEBUG - 2020-06-03 10:28:47 --> Email class already loaded. Second attempt ignored.
INFO - 2020-06-03 10:28:47 --> File loaded: C:\xampp\htdocs\scholarship\payment\views\mail/reminder.php
DEBUG - 2020-06-03 10:28:47 --> Email class already loaded. Second attempt ignored.
INFO - 2020-06-03 10:28:47 --> File loaded: C:\xampp\htdocs\scholarship\payment\views\mail/reminder.php
DEBUG - 2020-06-03 10:28:47 --> Email class already loaded. Second attempt ignored.
INFO - 2020-06-03 10:28:47 --> File loaded: C:\xampp\htdocs\scholarship\payment\views\mail/reminder.php
DEBUG - 2020-06-03 10:28:47 --> Email class already loaded. Second attempt ignored.
INFO - 2020-06-03 10:28:47 --> File loaded: C:\xampp\htdocs\scholarship\payment\views\mail/reminder.php
DEBUG - 2020-06-03 10:28:47 --> Email class already loaded. Second attempt ignored.
INFO - 2020-06-03 10:28:47 --> File loaded: C:\xampp\htdocs\scholarship\payment\views\mail/reminder.php
DEBUG - 2020-06-03 10:28:47 --> Email class already loaded. Second attempt ignored.
INFO - 2020-06-03 10:28:47 --> File loaded: C:\xampp\htdocs\scholarship\payment\views\mail/reminder.php
DEBUG - 2020-06-03 10:28:47 --> Email class already loaded. Second attempt ignored.
INFO - 2020-06-03 10:28:47 --> File loaded: C:\xampp\htdocs\scholarship\payment\views\mail/reminder.php
DEBUG - 2020-06-03 10:28:47 --> Email class already loaded. Second attempt ignored.
INFO - 2020-06-03 10:28:47 --> File loaded: C:\xampp\htdocs\scholarship\payment\views\mail/reminder.php
DEBUG - 2020-06-03 10:28:47 --> Email class already loaded. Second attempt ignored.
INFO - 2020-06-03 10:28:47 --> File loaded: C:\xampp\htdocs\scholarship\payment\views\mail/reminder.php
DEBUG - 2020-06-03 10:28:48 --> Email class already loaded. Second attempt ignored.
INFO - 2020-06-03 10:28:48 --> File loaded: C:\xampp\htdocs\scholarship\payment\views\mail/reminder.php
DEBUG - 2020-06-03 10:28:48 --> Email class already loaded. Second attempt ignored.
INFO - 2020-06-03 10:28:48 --> File loaded: C:\xampp\htdocs\scholarship\payment\views\mail/reminder.php
DEBUG - 2020-06-03 10:28:48 --> Email class already loaded. Second attempt ignored.
INFO - 2020-06-03 10:28:48 --> File loaded: C:\xampp\htdocs\scholarship\payment\views\mail/reminder.php
DEBUG - 2020-06-03 10:28:48 --> Email class already loaded. Second attempt ignored.
INFO - 2020-06-03 10:28:48 --> File loaded: C:\xampp\htdocs\scholarship\payment\views\mail/reminder.php
DEBUG - 2020-06-03 10:28:48 --> Email class already loaded. Second attempt ignored.
INFO - 2020-06-03 10:28:48 --> File loaded: C:\xampp\htdocs\scholarship\payment\views\mail/reminder.php
DEBUG - 2020-06-03 10:28:48 --> Email class already loaded. Second attempt ignored.
INFO - 2020-06-03 10:28:48 --> File loaded: C:\xampp\htdocs\scholarship\payment\views\mail/reminder.php
DEBUG - 2020-06-03 10:28:48 --> Email class already loaded. Second attempt ignored.
INFO - 2020-06-03 10:28:48 --> File loaded: C:\xampp\htdocs\scholarship\payment\views\mail/reminder.php
INFO - 2020-06-03 10:28:48 --> Final output sent to browser
DEBUG - 2020-06-03 10:28:48 --> Total execution time: 69.9412
