INFO - 2020-03-11 07:38:29 --> Config Class Initialized
INFO - 2020-03-11 07:38:29 --> Hooks Class Initialized
DEBUG - 2020-03-11 07:38:29 --> UTF-8 Support Enabled
INFO - 2020-03-11 07:38:29 --> Utf8 Class Initialized
INFO - 2020-03-11 07:38:29 --> URI Class Initialized
DEBUG - 2020-03-11 07:38:29 --> No URI present. Default controller set.
INFO - 2020-03-11 07:38:29 --> Router Class Initialized
INFO - 2020-03-11 07:38:29 --> Output Class Initialized
INFO - 2020-03-11 07:38:29 --> Security Class Initialized
DEBUG - 2020-03-11 07:38:29 --> Global POST, GET and COOKIE data sanitized
INFO - 2020-03-11 07:38:29 --> Input Class Initialized
INFO - 2020-03-11 07:38:29 --> Language Class Initialized
INFO - 2020-03-11 07:38:29 --> Loader Class Initialized
INFO - 2020-03-11 07:38:29 --> Helper loaded: url_helper
INFO - 2020-03-11 07:38:29 --> Helper loaded: file_helper
INFO - 2020-03-11 07:38:29 --> Helper loaded: text_helper
INFO - 2020-03-11 07:38:29 --> Helper loaded: string_helper
INFO - 2020-03-11 07:38:29 --> Database Driver Class Initialized
INFO - 2020-03-11 07:38:29 --> Email Class Initialized
DEBUG - 2020-03-11 07:38:29 --> Session: "sess_save_path" is empty; using "session.save_path" value from php.ini.
INFO - 2020-03-11 07:38:29 --> Session: Class initialized using 'files' driver.
INFO - 2020-03-11 07:38:29 --> Helper loaded: form_helper
INFO - 2020-03-11 07:38:29 --> Form Validation Class Initialized
INFO - 2020-03-11 07:38:29 --> Controller Class Initialized
INFO - 2020-03-11 07:38:29 --> Model "M_auth" initialized
DEBUG - 2020-03-11 07:38:29 --> Form_validation class already loaded. Second attempt ignored.
INFO - 2020-03-11 07:38:29 --> File loaded: C:\xampp\htdocs\scholarship\finance\views\include/header.php
INFO - 2020-03-11 07:38:29 --> File loaded: C:\xampp\htdocs\scholarship\finance\views\include/footer.php
INFO - 2020-03-11 07:38:29 --> File loaded: C:\xampp\htdocs\scholarship\finance\views\include/msg.php
INFO - 2020-03-11 07:38:29 --> File loaded: C:\xampp\htdocs\scholarship\finance\views\auth/login.php
INFO - 2020-03-11 07:38:29 --> Final output sent to browser
DEBUG - 2020-03-11 07:38:29 --> Total execution time: 0.3412
INFO - 2020-03-11 07:38:33 --> Config Class Initialized
INFO - 2020-03-11 07:38:33 --> Hooks Class Initialized
DEBUG - 2020-03-11 07:38:33 --> UTF-8 Support Enabled
INFO - 2020-03-11 07:38:33 --> Utf8 Class Initialized
INFO - 2020-03-11 07:38:33 --> URI Class Initialized
INFO - 2020-03-11 07:38:33 --> Router Class Initialized
INFO - 2020-03-11 07:38:33 --> Output Class Initialized
INFO - 2020-03-11 07:38:33 --> Security Class Initialized
DEBUG - 2020-03-11 07:38:33 --> Global POST, GET and COOKIE data sanitized
INFO - 2020-03-11 07:38:33 --> Input Class Initialized
INFO - 2020-03-11 07:38:33 --> Language Class Initialized
ERROR - 2020-03-11 07:38:33 --> 404 Page Not Found: Auth/emailcheck
INFO - 2020-03-11 07:38:33 --> Config Class Initialized
INFO - 2020-03-11 07:38:33 --> Hooks Class Initialized
DEBUG - 2020-03-11 07:38:33 --> UTF-8 Support Enabled
INFO - 2020-03-11 07:38:33 --> Utf8 Class Initialized
INFO - 2020-03-11 07:38:33 --> URI Class Initialized
INFO - 2020-03-11 07:38:33 --> Router Class Initialized
INFO - 2020-03-11 07:38:33 --> Output Class Initialized
INFO - 2020-03-11 07:38:33 --> Security Class Initialized
DEBUG - 2020-03-11 07:38:33 --> Global POST, GET and COOKIE data sanitized
INFO - 2020-03-11 07:38:33 --> Input Class Initialized
INFO - 2020-03-11 07:38:33 --> Language Class Initialized
INFO - 2020-03-11 07:38:33 --> Loader Class Initialized
INFO - 2020-03-11 07:38:33 --> Helper loaded: url_helper
INFO - 2020-03-11 07:38:33 --> Helper loaded: file_helper
INFO - 2020-03-11 07:38:33 --> Helper loaded: text_helper
INFO - 2020-03-11 07:38:33 --> Helper loaded: string_helper
INFO - 2020-03-11 07:38:33 --> Database Driver Class Initialized
INFO - 2020-03-11 07:38:33 --> Email Class Initialized
DEBUG - 2020-03-11 07:38:33 --> Session: "sess_save_path" is empty; using "session.save_path" value from php.ini.
INFO - 2020-03-11 07:38:33 --> Session: Class initialized using 'files' driver.
INFO - 2020-03-11 07:38:33 --> Helper loaded: form_helper
INFO - 2020-03-11 07:38:33 --> Form Validation Class Initialized
INFO - 2020-03-11 07:38:33 --> Controller Class Initialized
INFO - 2020-03-11 07:38:33 --> Model "M_auth" initialized
DEBUG - 2020-03-11 07:38:33 --> Form_validation class already loaded. Second attempt ignored.
INFO - 2020-03-11 07:38:33 --> Language file loaded: language/english/form_validation_lang.php
ERROR - 2020-03-11 07:38:33 --> ---------------------Failed -- Finance officer Log in Failed and tried login with prathwi@5ine.in password and IP aaddress ::1 --------------
INFO - 2020-03-11 07:38:33 --> Config Class Initialized
INFO - 2020-03-11 07:38:33 --> Hooks Class Initialized
DEBUG - 2020-03-11 07:38:33 --> UTF-8 Support Enabled
INFO - 2020-03-11 07:38:33 --> Utf8 Class Initialized
INFO - 2020-03-11 07:38:33 --> URI Class Initialized
DEBUG - 2020-03-11 07:38:33 --> No URI present. Default controller set.
INFO - 2020-03-11 07:38:33 --> Router Class Initialized
INFO - 2020-03-11 07:38:33 --> Output Class Initialized
INFO - 2020-03-11 07:38:33 --> Security Class Initialized
DEBUG - 2020-03-11 07:38:33 --> Global POST, GET and COOKIE data sanitized
INFO - 2020-03-11 07:38:33 --> Input Class Initialized
INFO - 2020-03-11 07:38:33 --> Language Class Initialized
INFO - 2020-03-11 07:38:33 --> Loader Class Initialized
INFO - 2020-03-11 07:38:33 --> Helper loaded: url_helper
INFO - 2020-03-11 07:38:33 --> Helper loaded: file_helper
INFO - 2020-03-11 07:38:33 --> Helper loaded: text_helper
INFO - 2020-03-11 07:38:33 --> Helper loaded: string_helper
INFO - 2020-03-11 07:38:33 --> Database Driver Class Initialized
INFO - 2020-03-11 07:38:33 --> Email Class Initialized
DEBUG - 2020-03-11 07:38:33 --> Session: "sess_save_path" is empty; using "session.save_path" value from php.ini.
INFO - 2020-03-11 07:38:33 --> Session: Class initialized using 'files' driver.
INFO - 2020-03-11 07:38:33 --> Helper loaded: form_helper
INFO - 2020-03-11 07:38:33 --> Form Validation Class Initialized
INFO - 2020-03-11 07:38:33 --> Controller Class Initialized
INFO - 2020-03-11 07:38:33 --> Model "M_auth" initialized
DEBUG - 2020-03-11 07:38:33 --> Form_validation class already loaded. Second attempt ignored.
INFO - 2020-03-11 07:38:33 --> File loaded: C:\xampp\htdocs\scholarship\finance\views\include/header.php
INFO - 2020-03-11 07:38:33 --> File loaded: C:\xampp\htdocs\scholarship\finance\views\include/footer.php
INFO - 2020-03-11 07:38:33 --> File loaded: C:\xampp\htdocs\scholarship\finance\views\include/msg.php
INFO - 2020-03-11 07:38:33 --> File loaded: C:\xampp\htdocs\scholarship\finance\views\auth/login.php
INFO - 2020-03-11 07:38:33 --> Final output sent to browser
DEBUG - 2020-03-11 07:38:33 --> Total execution time: 0.0750
INFO - 2020-03-11 07:38:36 --> Config Class Initialized
INFO - 2020-03-11 07:38:36 --> Hooks Class Initialized
DEBUG - 2020-03-11 07:38:36 --> UTF-8 Support Enabled
INFO - 2020-03-11 07:38:36 --> Utf8 Class Initialized
INFO - 2020-03-11 07:38:36 --> URI Class Initialized
INFO - 2020-03-11 07:38:36 --> Router Class Initialized
INFO - 2020-03-11 07:38:36 --> Output Class Initialized
INFO - 2020-03-11 07:38:36 --> Security Class Initialized
DEBUG - 2020-03-11 07:38:36 --> Global POST, GET and COOKIE data sanitized
INFO - 2020-03-11 07:38:36 --> Input Class Initialized
INFO - 2020-03-11 07:38:36 --> Language Class Initialized
ERROR - 2020-03-11 07:38:36 --> 404 Page Not Found: Auth/emailcheck
INFO - 2020-03-11 07:38:36 --> Config Class Initialized
INFO - 2020-03-11 07:38:36 --> Hooks Class Initialized
DEBUG - 2020-03-11 07:38:36 --> UTF-8 Support Enabled
INFO - 2020-03-11 07:38:36 --> Utf8 Class Initialized
INFO - 2020-03-11 07:38:36 --> URI Class Initialized
INFO - 2020-03-11 07:38:36 --> Router Class Initialized
INFO - 2020-03-11 07:38:36 --> Output Class Initialized
INFO - 2020-03-11 07:38:36 --> Security Class Initialized
DEBUG - 2020-03-11 07:38:36 --> Global POST, GET and COOKIE data sanitized
INFO - 2020-03-11 07:38:36 --> Input Class Initialized
INFO - 2020-03-11 07:38:36 --> Language Class Initialized
INFO - 2020-03-11 07:38:36 --> Loader Class Initialized
INFO - 2020-03-11 07:38:36 --> Helper loaded: url_helper
INFO - 2020-03-11 07:38:36 --> Helper loaded: file_helper
INFO - 2020-03-11 07:38:36 --> Helper loaded: text_helper
INFO - 2020-03-11 07:38:36 --> Helper loaded: string_helper
INFO - 2020-03-11 07:38:36 --> Database Driver Class Initialized
INFO - 2020-03-11 07:38:36 --> Email Class Initialized
DEBUG - 2020-03-11 07:38:36 --> Session: "sess_save_path" is empty; using "session.save_path" value from php.ini.
INFO - 2020-03-11 07:38:36 --> Session: Class initialized using 'files' driver.
INFO - 2020-03-11 07:38:36 --> Helper loaded: form_helper
INFO - 2020-03-11 07:38:36 --> Form Validation Class Initialized
INFO - 2020-03-11 07:38:36 --> Controller Class Initialized
INFO - 2020-03-11 07:38:36 --> Model "M_auth" initialized
DEBUG - 2020-03-11 07:38:36 --> Form_validation class already loaded. Second attempt ignored.
INFO - 2020-03-11 07:38:36 --> Language file loaded: language/english/form_validation_lang.php
ERROR - 2020-03-11 07:38:36 --> ---------------------Failed -- Finance officer Log in Failed and tried login with prathwiek.5ine@gmail.com password and IP aaddress ::1 --------------
INFO - 2020-03-11 07:38:36 --> Config Class Initialized
INFO - 2020-03-11 07:38:36 --> Hooks Class Initialized
DEBUG - 2020-03-11 07:38:36 --> UTF-8 Support Enabled
INFO - 2020-03-11 07:38:36 --> Utf8 Class Initialized
INFO - 2020-03-11 07:38:36 --> URI Class Initialized
DEBUG - 2020-03-11 07:38:36 --> No URI present. Default controller set.
INFO - 2020-03-11 07:38:36 --> Router Class Initialized
INFO - 2020-03-11 07:38:36 --> Output Class Initialized
INFO - 2020-03-11 07:38:36 --> Security Class Initialized
DEBUG - 2020-03-11 07:38:36 --> Global POST, GET and COOKIE data sanitized
INFO - 2020-03-11 07:38:36 --> Input Class Initialized
INFO - 2020-03-11 07:38:36 --> Language Class Initialized
INFO - 2020-03-11 07:38:36 --> Loader Class Initialized
INFO - 2020-03-11 07:38:36 --> Helper loaded: url_helper
INFO - 2020-03-11 07:38:36 --> Helper loaded: file_helper
INFO - 2020-03-11 07:38:36 --> Helper loaded: text_helper
INFO - 2020-03-11 07:38:36 --> Helper loaded: string_helper
INFO - 2020-03-11 07:38:36 --> Database Driver Class Initialized
INFO - 2020-03-11 07:38:36 --> Email Class Initialized
DEBUG - 2020-03-11 07:38:36 --> Session: "sess_save_path" is empty; using "session.save_path" value from php.ini.
INFO - 2020-03-11 07:38:36 --> Session: Class initialized using 'files' driver.
INFO - 2020-03-11 07:38:36 --> Helper loaded: form_helper
INFO - 2020-03-11 07:38:36 --> Form Validation Class Initialized
INFO - 2020-03-11 07:38:36 --> Controller Class Initialized
INFO - 2020-03-11 07:38:36 --> Model "M_auth" initialized
DEBUG - 2020-03-11 07:38:36 --> Form_validation class already loaded. Second attempt ignored.
INFO - 2020-03-11 07:38:36 --> File loaded: C:\xampp\htdocs\scholarship\finance\views\include/header.php
INFO - 2020-03-11 07:38:36 --> File loaded: C:\xampp\htdocs\scholarship\finance\views\include/footer.php
INFO - 2020-03-11 07:38:36 --> File loaded: C:\xampp\htdocs\scholarship\finance\views\include/msg.php
INFO - 2020-03-11 07:38:36 --> File loaded: C:\xampp\htdocs\scholarship\finance\views\auth/login.php
INFO - 2020-03-11 07:38:36 --> Final output sent to browser
DEBUG - 2020-03-11 07:38:36 --> Total execution time: 0.0734
INFO - 2020-03-11 07:38:39 --> Config Class Initialized
INFO - 2020-03-11 07:38:39 --> Hooks Class Initialized
DEBUG - 2020-03-11 07:38:39 --> UTF-8 Support Enabled
INFO - 2020-03-11 07:38:39 --> Utf8 Class Initialized
INFO - 2020-03-11 07:38:39 --> URI Class Initialized
INFO - 2020-03-11 07:38:39 --> Router Class Initialized
INFO - 2020-03-11 07:38:39 --> Output Class Initialized
INFO - 2020-03-11 07:38:39 --> Security Class Initialized
DEBUG - 2020-03-11 07:38:39 --> Global POST, GET and COOKIE data sanitized
INFO - 2020-03-11 07:38:39 --> Input Class Initialized
INFO - 2020-03-11 07:38:40 --> Language Class Initialized
ERROR - 2020-03-11 07:38:40 --> 404 Page Not Found: Auth/emailcheck
INFO - 2020-03-11 07:38:40 --> Config Class Initialized
INFO - 2020-03-11 07:38:40 --> Hooks Class Initialized
DEBUG - 2020-03-11 07:38:40 --> UTF-8 Support Enabled
INFO - 2020-03-11 07:38:40 --> Utf8 Class Initialized
INFO - 2020-03-11 07:38:40 --> URI Class Initialized
INFO - 2020-03-11 07:38:40 --> Router Class Initialized
INFO - 2020-03-11 07:38:40 --> Output Class Initialized
INFO - 2020-03-11 07:38:40 --> Security Class Initialized
DEBUG - 2020-03-11 07:38:40 --> Global POST, GET and COOKIE data sanitized
INFO - 2020-03-11 07:38:40 --> Input Class Initialized
INFO - 2020-03-11 07:38:40 --> Language Class Initialized
INFO - 2020-03-11 07:38:40 --> Loader Class Initialized
INFO - 2020-03-11 07:38:40 --> Helper loaded: url_helper
INFO - 2020-03-11 07:38:40 --> Helper loaded: file_helper
INFO - 2020-03-11 07:38:40 --> Helper loaded: text_helper
INFO - 2020-03-11 07:38:40 --> Helper loaded: string_helper
INFO - 2020-03-11 07:38:40 --> Database Driver Class Initialized
INFO - 2020-03-11 07:38:40 --> Email Class Initialized
DEBUG - 2020-03-11 07:38:40 --> Session: "sess_save_path" is empty; using "session.save_path" value from php.ini.
INFO - 2020-03-11 07:38:40 --> Session: Class initialized using 'files' driver.
INFO - 2020-03-11 07:38:40 --> Helper loaded: form_helper
INFO - 2020-03-11 07:38:40 --> Form Validation Class Initialized
INFO - 2020-03-11 07:38:40 --> Controller Class Initialized
INFO - 2020-03-11 07:38:40 --> Model "M_auth" initialized
DEBUG - 2020-03-11 07:38:40 --> Form_validation class already loaded. Second attempt ignored.
INFO - 2020-03-11 07:38:40 --> Language file loaded: language/english/form_validation_lang.php
ERROR - 2020-03-11 07:38:40 --> ---------------------Failed -- Finance officer Log in Failed and tried login with joshi@shaadibaraati.com password and IP aaddress ::1 --------------
INFO - 2020-03-11 07:38:40 --> Config Class Initialized
INFO - 2020-03-11 07:38:40 --> Hooks Class Initialized
DEBUG - 2020-03-11 07:38:40 --> UTF-8 Support Enabled
INFO - 2020-03-11 07:38:40 --> Utf8 Class Initialized
INFO - 2020-03-11 07:38:40 --> URI Class Initialized
DEBUG - 2020-03-11 07:38:40 --> No URI present. Default controller set.
INFO - 2020-03-11 07:38:40 --> Router Class Initialized
INFO - 2020-03-11 07:38:40 --> Output Class Initialized
INFO - 2020-03-11 07:38:40 --> Security Class Initialized
DEBUG - 2020-03-11 07:38:40 --> Global POST, GET and COOKIE data sanitized
INFO - 2020-03-11 07:38:40 --> Input Class Initialized
INFO - 2020-03-11 07:38:40 --> Language Class Initialized
INFO - 2020-03-11 07:38:40 --> Loader Class Initialized
INFO - 2020-03-11 07:38:40 --> Helper loaded: url_helper
INFO - 2020-03-11 07:38:40 --> Helper loaded: file_helper
INFO - 2020-03-11 07:38:40 --> Helper loaded: text_helper
INFO - 2020-03-11 07:38:40 --> Helper loaded: string_helper
INFO - 2020-03-11 07:38:40 --> Database Driver Class Initialized
INFO - 2020-03-11 07:38:40 --> Email Class Initialized
DEBUG - 2020-03-11 07:38:40 --> Session: "sess_save_path" is empty; using "session.save_path" value from php.ini.
INFO - 2020-03-11 07:38:40 --> Session: Class initialized using 'files' driver.
INFO - 2020-03-11 07:38:40 --> Helper loaded: form_helper
INFO - 2020-03-11 07:38:40 --> Form Validation Class Initialized
INFO - 2020-03-11 07:38:40 --> Controller Class Initialized
INFO - 2020-03-11 07:38:40 --> Model "M_auth" initialized
DEBUG - 2020-03-11 07:38:40 --> Form_validation class already loaded. Second attempt ignored.
INFO - 2020-03-11 07:38:40 --> File loaded: C:\xampp\htdocs\scholarship\finance\views\include/header.php
INFO - 2020-03-11 07:38:40 --> File loaded: C:\xampp\htdocs\scholarship\finance\views\include/footer.php
INFO - 2020-03-11 07:38:40 --> File loaded: C:\xampp\htdocs\scholarship\finance\views\include/msg.php
INFO - 2020-03-11 07:38:40 --> File loaded: C:\xampp\htdocs\scholarship\finance\views\auth/login.php
INFO - 2020-03-11 07:38:40 --> Final output sent to browser
DEBUG - 2020-03-11 07:38:40 --> Total execution time: 0.0899
INFO - 2020-03-11 07:38:42 --> Config Class Initialized
INFO - 2020-03-11 07:38:42 --> Hooks Class Initialized
DEBUG - 2020-03-11 07:38:42 --> UTF-8 Support Enabled
INFO - 2020-03-11 07:38:42 --> Utf8 Class Initialized
INFO - 2020-03-11 07:38:42 --> URI Class Initialized
INFO - 2020-03-11 07:38:42 --> Router Class Initialized
INFO - 2020-03-11 07:38:42 --> Output Class Initialized
INFO - 2020-03-11 07:38:42 --> Security Class Initialized
DEBUG - 2020-03-11 07:38:42 --> Global POST, GET and COOKIE data sanitized
INFO - 2020-03-11 07:38:42 --> Input Class Initialized
INFO - 2020-03-11 07:38:42 --> Language Class Initialized
ERROR - 2020-03-11 07:38:42 --> 404 Page Not Found: Auth/emailcheck
INFO - 2020-03-11 07:38:42 --> Config Class Initialized
INFO - 2020-03-11 07:38:42 --> Hooks Class Initialized
DEBUG - 2020-03-11 07:38:42 --> UTF-8 Support Enabled
INFO - 2020-03-11 07:38:42 --> Utf8 Class Initialized
INFO - 2020-03-11 07:38:42 --> URI Class Initialized
INFO - 2020-03-11 07:38:42 --> Router Class Initialized
INFO - 2020-03-11 07:38:42 --> Output Class Initialized
INFO - 2020-03-11 07:38:42 --> Security Class Initialized
DEBUG - 2020-03-11 07:38:42 --> Global POST, GET and COOKIE data sanitized
INFO - 2020-03-11 07:38:42 --> Input Class Initialized
INFO - 2020-03-11 07:38:42 --> Language Class Initialized
INFO - 2020-03-11 07:38:42 --> Loader Class Initialized
INFO - 2020-03-11 07:38:42 --> Helper loaded: url_helper
INFO - 2020-03-11 07:38:42 --> Helper loaded: file_helper
INFO - 2020-03-11 07:38:42 --> Helper loaded: text_helper
INFO - 2020-03-11 07:38:42 --> Helper loaded: string_helper
INFO - 2020-03-11 07:38:42 --> Database Driver Class Initialized
INFO - 2020-03-11 07:38:42 --> Email Class Initialized
DEBUG - 2020-03-11 07:38:42 --> Session: "sess_save_path" is empty; using "session.save_path" value from php.ini.
INFO - 2020-03-11 07:38:42 --> Session: Class initialized using 'files' driver.
INFO - 2020-03-11 07:38:42 --> Helper loaded: form_helper
INFO - 2020-03-11 07:38:42 --> Form Validation Class Initialized
INFO - 2020-03-11 07:38:42 --> Controller Class Initialized
INFO - 2020-03-11 07:38:42 --> Model "M_auth" initialized
DEBUG - 2020-03-11 07:38:42 --> Form_validation class already loaded. Second attempt ignored.
INFO - 2020-03-11 07:38:42 --> Language file loaded: language/english/form_validation_lang.php
ERROR - 2020-03-11 07:38:42 --> ---------------------Failed -- Finance officer Log in Failed and tried login with jainrohith9@gmail.com password and IP aaddress ::1 --------------
INFO - 2020-03-11 07:38:42 --> Config Class Initialized
INFO - 2020-03-11 07:38:42 --> Hooks Class Initialized
DEBUG - 2020-03-11 07:38:42 --> UTF-8 Support Enabled
INFO - 2020-03-11 07:38:42 --> Utf8 Class Initialized
INFO - 2020-03-11 07:38:42 --> URI Class Initialized
DEBUG - 2020-03-11 07:38:42 --> No URI present. Default controller set.
INFO - 2020-03-11 07:38:42 --> Router Class Initialized
INFO - 2020-03-11 07:38:42 --> Output Class Initialized
INFO - 2020-03-11 07:38:42 --> Security Class Initialized
DEBUG - 2020-03-11 07:38:42 --> Global POST, GET and COOKIE data sanitized
INFO - 2020-03-11 07:38:42 --> Input Class Initialized
INFO - 2020-03-11 07:38:42 --> Language Class Initialized
INFO - 2020-03-11 07:38:42 --> Loader Class Initialized
INFO - 2020-03-11 07:38:42 --> Helper loaded: url_helper
INFO - 2020-03-11 07:38:42 --> Helper loaded: file_helper
INFO - 2020-03-11 07:38:42 --> Helper loaded: text_helper
INFO - 2020-03-11 07:38:42 --> Helper loaded: string_helper
INFO - 2020-03-11 07:38:42 --> Database Driver Class Initialized
INFO - 2020-03-11 07:38:42 --> Email Class Initialized
DEBUG - 2020-03-11 07:38:42 --> Session: "sess_save_path" is empty; using "session.save_path" value from php.ini.
INFO - 2020-03-11 07:38:42 --> Session: Class initialized using 'files' driver.
INFO - 2020-03-11 07:38:42 --> Helper loaded: form_helper
INFO - 2020-03-11 07:38:42 --> Form Validation Class Initialized
INFO - 2020-03-11 07:38:42 --> Controller Class Initialized
INFO - 2020-03-11 07:38:42 --> Model "M_auth" initialized
DEBUG - 2020-03-11 07:38:42 --> Form_validation class already loaded. Second attempt ignored.
INFO - 2020-03-11 07:38:42 --> File loaded: C:\xampp\htdocs\scholarship\finance\views\include/header.php
INFO - 2020-03-11 07:38:42 --> File loaded: C:\xampp\htdocs\scholarship\finance\views\include/footer.php
INFO - 2020-03-11 07:38:42 --> File loaded: C:\xampp\htdocs\scholarship\finance\views\include/msg.php
INFO - 2020-03-11 07:38:42 --> File loaded: C:\xampp\htdocs\scholarship\finance\views\auth/login.php
INFO - 2020-03-11 07:38:42 --> Final output sent to browser
DEBUG - 2020-03-11 07:38:42 --> Total execution time: 0.0788
INFO - 2020-03-11 07:44:13 --> Config Class Initialized
INFO - 2020-03-11 07:44:13 --> Hooks Class Initialized
DEBUG - 2020-03-11 07:44:13 --> UTF-8 Support Enabled
INFO - 2020-03-11 07:44:13 --> Utf8 Class Initialized
INFO - 2020-03-11 07:44:13 --> URI Class Initialized
INFO - 2020-03-11 07:44:13 --> Router Class Initialized
INFO - 2020-03-11 07:44:13 --> Output Class Initialized
INFO - 2020-03-11 07:44:13 --> Security Class Initialized
DEBUG - 2020-03-11 07:44:13 --> Global POST, GET and COOKIE data sanitized
INFO - 2020-03-11 07:44:13 --> Input Class Initialized
INFO - 2020-03-11 07:44:13 --> Language Class Initialized
ERROR - 2020-03-11 07:44:13 --> 404 Page Not Found: Auth/emailcheck
INFO - 2020-03-11 07:44:13 --> Config Class Initialized
INFO - 2020-03-11 07:44:13 --> Hooks Class Initialized
DEBUG - 2020-03-11 07:44:13 --> UTF-8 Support Enabled
INFO - 2020-03-11 07:44:13 --> Utf8 Class Initialized
INFO - 2020-03-11 07:44:13 --> URI Class Initialized
INFO - 2020-03-11 07:44:13 --> Router Class Initialized
INFO - 2020-03-11 07:44:13 --> Output Class Initialized
INFO - 2020-03-11 07:44:13 --> Security Class Initialized
DEBUG - 2020-03-11 07:44:13 --> Global POST, GET and COOKIE data sanitized
INFO - 2020-03-11 07:44:13 --> Input Class Initialized
INFO - 2020-03-11 07:44:13 --> Language Class Initialized
INFO - 2020-03-11 07:44:13 --> Loader Class Initialized
INFO - 2020-03-11 07:44:13 --> Helper loaded: url_helper
INFO - 2020-03-11 07:44:13 --> Helper loaded: file_helper
INFO - 2020-03-11 07:44:13 --> Helper loaded: text_helper
INFO - 2020-03-11 07:44:13 --> Helper loaded: string_helper
INFO - 2020-03-11 07:44:13 --> Database Driver Class Initialized
INFO - 2020-03-11 07:44:13 --> Email Class Initialized
DEBUG - 2020-03-11 07:44:13 --> Session: "sess_save_path" is empty; using "session.save_path" value from php.ini.
INFO - 2020-03-11 07:44:13 --> Session: Class initialized using 'files' driver.
INFO - 2020-03-11 07:44:13 --> Helper loaded: form_helper
INFO - 2020-03-11 07:44:13 --> Form Validation Class Initialized
INFO - 2020-03-11 07:44:13 --> Controller Class Initialized
INFO - 2020-03-11 07:44:13 --> Model "M_auth" initialized
DEBUG - 2020-03-11 07:44:13 --> Form_validation class already loaded. Second attempt ignored.
INFO - 2020-03-11 07:44:13 --> Language file loaded: language/english/form_validation_lang.php
ERROR - 2020-03-11 07:44:13 --> ---------------------Failed -- Finance officer Log in Failed and tried login with jainrohith9@gmail.com password and IP aaddress ::1 --------------
INFO - 2020-03-11 07:44:13 --> Config Class Initialized
INFO - 2020-03-11 07:44:13 --> Hooks Class Initialized
DEBUG - 2020-03-11 07:44:13 --> UTF-8 Support Enabled
INFO - 2020-03-11 07:44:13 --> Utf8 Class Initialized
INFO - 2020-03-11 07:44:13 --> URI Class Initialized
DEBUG - 2020-03-11 07:44:13 --> No URI present. Default controller set.
INFO - 2020-03-11 07:44:13 --> Router Class Initialized
INFO - 2020-03-11 07:44:13 --> Output Class Initialized
INFO - 2020-03-11 07:44:13 --> Security Class Initialized
DEBUG - 2020-03-11 07:44:13 --> Global POST, GET and COOKIE data sanitized
INFO - 2020-03-11 07:44:13 --> Input Class Initialized
INFO - 2020-03-11 07:44:13 --> Language Class Initialized
INFO - 2020-03-11 07:44:13 --> Loader Class Initialized
INFO - 2020-03-11 07:44:13 --> Helper loaded: url_helper
INFO - 2020-03-11 07:44:13 --> Helper loaded: file_helper
INFO - 2020-03-11 07:44:13 --> Helper loaded: text_helper
INFO - 2020-03-11 07:44:13 --> Helper loaded: string_helper
INFO - 2020-03-11 07:44:13 --> Database Driver Class Initialized
INFO - 2020-03-11 07:44:13 --> Email Class Initialized
DEBUG - 2020-03-11 07:44:13 --> Session: "sess_save_path" is empty; using "session.save_path" value from php.ini.
INFO - 2020-03-11 07:44:13 --> Session: Class initialized using 'files' driver.
INFO - 2020-03-11 07:44:13 --> Helper loaded: form_helper
INFO - 2020-03-11 07:44:13 --> Form Validation Class Initialized
INFO - 2020-03-11 07:44:13 --> Controller Class Initialized
INFO - 2020-03-11 07:44:13 --> Model "M_auth" initialized
DEBUG - 2020-03-11 07:44:13 --> Form_validation class already loaded. Second attempt ignored.
INFO - 2020-03-11 07:44:13 --> File loaded: C:\xampp\htdocs\scholarship\finance\views\include/header.php
INFO - 2020-03-11 07:44:13 --> File loaded: C:\xampp\htdocs\scholarship\finance\views\include/footer.php
INFO - 2020-03-11 07:44:13 --> File loaded: C:\xampp\htdocs\scholarship\finance\views\include/msg.php
INFO - 2020-03-11 07:44:13 --> File loaded: C:\xampp\htdocs\scholarship\finance\views\auth/login.php
INFO - 2020-03-11 07:44:13 --> Final output sent to browser
DEBUG - 2020-03-11 07:44:13 --> Total execution time: 0.0787
INFO - 2020-03-11 07:44:16 --> Config Class Initialized
INFO - 2020-03-11 07:44:16 --> Hooks Class Initialized
DEBUG - 2020-03-11 07:44:16 --> UTF-8 Support Enabled
INFO - 2020-03-11 07:44:16 --> Utf8 Class Initialized
INFO - 2020-03-11 07:44:16 --> URI Class Initialized
INFO - 2020-03-11 07:44:16 --> Router Class Initialized
INFO - 2020-03-11 07:44:16 --> Output Class Initialized
INFO - 2020-03-11 07:44:16 --> Security Class Initialized
DEBUG - 2020-03-11 07:44:16 --> Global POST, GET and COOKIE data sanitized
INFO - 2020-03-11 07:44:16 --> Input Class Initialized
INFO - 2020-03-11 07:44:16 --> Language Class Initialized
ERROR - 2020-03-11 07:44:16 --> 404 Page Not Found: Auth/emailcheck
INFO - 2020-03-11 07:44:19 --> Config Class Initialized
INFO - 2020-03-11 07:44:19 --> Hooks Class Initialized
DEBUG - 2020-03-11 07:44:19 --> UTF-8 Support Enabled
INFO - 2020-03-11 07:44:19 --> Utf8 Class Initialized
INFO - 2020-03-11 07:44:19 --> URI Class Initialized
INFO - 2020-03-11 07:44:19 --> Router Class Initialized
INFO - 2020-03-11 07:44:19 --> Output Class Initialized
INFO - 2020-03-11 07:44:19 --> Security Class Initialized
DEBUG - 2020-03-11 07:44:19 --> Global POST, GET and COOKIE data sanitized
INFO - 2020-03-11 07:44:19 --> Input Class Initialized
INFO - 2020-03-11 07:44:19 --> Language Class Initialized
INFO - 2020-03-11 07:44:19 --> Loader Class Initialized
INFO - 2020-03-11 07:44:19 --> Helper loaded: url_helper
INFO - 2020-03-11 07:44:19 --> Helper loaded: file_helper
INFO - 2020-03-11 07:44:19 --> Helper loaded: text_helper
INFO - 2020-03-11 07:44:19 --> Helper loaded: string_helper
INFO - 2020-03-11 07:44:19 --> Database Driver Class Initialized
INFO - 2020-03-11 07:44:19 --> Email Class Initialized
DEBUG - 2020-03-11 07:44:19 --> Session: "sess_save_path" is empty; using "session.save_path" value from php.ini.
INFO - 2020-03-11 07:44:19 --> Session: Class initialized using 'files' driver.
INFO - 2020-03-11 07:44:19 --> Helper loaded: form_helper
INFO - 2020-03-11 07:44:19 --> Form Validation Class Initialized
INFO - 2020-03-11 07:44:19 --> Controller Class Initialized
INFO - 2020-03-11 07:44:19 --> Model "M_auth" initialized
DEBUG - 2020-03-11 07:44:19 --> Form_validation class already loaded. Second attempt ignored.
INFO - 2020-03-11 07:44:19 --> Language file loaded: language/english/form_validation_lang.php
INFO - 2020-03-11 07:44:19 --> ---------------------Success -- Finance officer Logged in with jainrohith9@gmail.com and IP aaddress ::1 --------------
INFO - 2020-03-11 07:44:19 --> Config Class Initialized
INFO - 2020-03-11 07:44:19 --> Hooks Class Initialized
DEBUG - 2020-03-11 07:44:19 --> UTF-8 Support Enabled
INFO - 2020-03-11 07:44:19 --> Utf8 Class Initialized
INFO - 2020-03-11 07:44:19 --> URI Class Initialized
INFO - 2020-03-11 07:44:19 --> Router Class Initialized
INFO - 2020-03-11 07:44:19 --> Output Class Initialized
INFO - 2020-03-11 07:44:19 --> Security Class Initialized
DEBUG - 2020-03-11 07:44:19 --> Global POST, GET and COOKIE data sanitized
INFO - 2020-03-11 07:44:19 --> Input Class Initialized
INFO - 2020-03-11 07:44:19 --> Language Class Initialized
INFO - 2020-03-11 07:44:19 --> Loader Class Initialized
INFO - 2020-03-11 07:44:19 --> Helper loaded: url_helper
INFO - 2020-03-11 07:44:19 --> Helper loaded: file_helper
INFO - 2020-03-11 07:44:19 --> Helper loaded: text_helper
INFO - 2020-03-11 07:44:19 --> Helper loaded: string_helper
INFO - 2020-03-11 07:44:19 --> Database Driver Class Initialized
INFO - 2020-03-11 07:44:19 --> Email Class Initialized
DEBUG - 2020-03-11 07:44:19 --> Session: "sess_save_path" is empty; using "session.save_path" value from php.ini.
INFO - 2020-03-11 07:44:19 --> Session: Class initialized using 'files' driver.
INFO - 2020-03-11 07:44:19 --> Helper loaded: form_helper
INFO - 2020-03-11 07:44:19 --> Form Validation Class Initialized
INFO - 2020-03-11 07:44:19 --> Controller Class Initialized
INFO - 2020-03-11 07:44:19 --> Model "M_dashboard" initialized
INFO - 2020-03-11 07:44:19 --> Model "M_auth" initialized
INFO - 2020-03-11 07:44:19 --> File loaded: C:\xampp\htdocs\scholarship\finance\views\include/header.php
INFO - 2020-03-11 07:44:19 --> File loaded: C:\xampp\htdocs\scholarship\finance\views\include/menu.php
INFO - 2020-03-11 07:44:19 --> File loaded: C:\xampp\htdocs\scholarship\finance\views\include/footer.php
INFO - 2020-03-11 07:44:19 --> File loaded: C:\xampp\htdocs\scholarship\finance\views\include/msg.php
INFO - 2020-03-11 07:44:19 --> File loaded: C:\xampp\htdocs\scholarship\finance\views\dashboard/index.php
INFO - 2020-03-11 07:44:19 --> Final output sent to browser
DEBUG - 2020-03-11 07:44:19 --> Total execution time: 0.3401
INFO - 2020-03-11 07:44:20 --> Config Class Initialized
INFO - 2020-03-11 07:44:20 --> Hooks Class Initialized
DEBUG - 2020-03-11 07:44:20 --> UTF-8 Support Enabled
INFO - 2020-03-11 07:44:20 --> Utf8 Class Initialized
INFO - 2020-03-11 07:44:20 --> URI Class Initialized
INFO - 2020-03-11 07:44:20 --> Router Class Initialized
INFO - 2020-03-11 07:44:20 --> Output Class Initialized
INFO - 2020-03-11 07:44:20 --> Security Class Initialized
DEBUG - 2020-03-11 07:44:20 --> Global POST, GET and COOKIE data sanitized
INFO - 2020-03-11 07:44:20 --> Input Class Initialized
INFO - 2020-03-11 07:44:20 --> Language Class Initialized
INFO - 2020-03-11 07:44:20 --> Loader Class Initialized
INFO - 2020-03-11 07:44:20 --> Helper loaded: url_helper
INFO - 2020-03-11 07:44:20 --> Helper loaded: file_helper
INFO - 2020-03-11 07:44:20 --> Helper loaded: text_helper
INFO - 2020-03-11 07:44:20 --> Helper loaded: string_helper
INFO - 2020-03-11 07:44:20 --> Database Driver Class Initialized
INFO - 2020-03-11 07:44:20 --> Email Class Initialized
DEBUG - 2020-03-11 07:44:20 --> Session: "sess_save_path" is empty; using "session.save_path" value from php.ini.
INFO - 2020-03-11 07:44:20 --> Session: Class initialized using 'files' driver.
INFO - 2020-03-11 07:44:20 --> Helper loaded: form_helper
INFO - 2020-03-11 07:44:20 --> Form Validation Class Initialized
INFO - 2020-03-11 07:44:20 --> Controller Class Initialized
INFO - 2020-03-11 07:44:20 --> Model "M_dashboard" initialized
INFO - 2020-03-11 07:44:20 --> Model "M_auth" initialized
INFO - 2020-03-11 07:44:20 --> Final output sent to browser
DEBUG - 2020-03-11 07:44:20 --> Total execution time: 0.0970
INFO - 2020-03-11 07:44:21 --> Config Class Initialized
INFO - 2020-03-11 07:44:21 --> Hooks Class Initialized
DEBUG - 2020-03-11 07:44:21 --> UTF-8 Support Enabled
INFO - 2020-03-11 07:44:21 --> Utf8 Class Initialized
INFO - 2020-03-11 07:44:21 --> URI Class Initialized
INFO - 2020-03-11 07:44:21 --> Router Class Initialized
INFO - 2020-03-11 07:44:21 --> Output Class Initialized
INFO - 2020-03-11 07:44:21 --> Security Class Initialized
DEBUG - 2020-03-11 07:44:21 --> Global POST, GET and COOKIE data sanitized
INFO - 2020-03-11 07:44:21 --> Input Class Initialized
INFO - 2020-03-11 07:44:21 --> Language Class Initialized
INFO - 2020-03-11 07:44:21 --> Loader Class Initialized
INFO - 2020-03-11 07:44:21 --> Helper loaded: url_helper
INFO - 2020-03-11 07:44:21 --> Helper loaded: file_helper
INFO - 2020-03-11 07:44:21 --> Helper loaded: text_helper
INFO - 2020-03-11 07:44:21 --> Helper loaded: string_helper
INFO - 2020-03-11 07:44:21 --> Database Driver Class Initialized
INFO - 2020-03-11 07:44:21 --> Email Class Initialized
DEBUG - 2020-03-11 07:44:21 --> Session: "sess_save_path" is empty; using "session.save_path" value from php.ini.
INFO - 2020-03-11 07:44:21 --> Session: Class initialized using 'files' driver.
INFO - 2020-03-11 07:44:21 --> Helper loaded: form_helper
INFO - 2020-03-11 07:44:21 --> Form Validation Class Initialized
INFO - 2020-03-11 07:44:21 --> Controller Class Initialized
INFO - 2020-03-11 07:44:21 --> Model "M_scholar" initialized
DEBUG - 2020-03-11 07:44:21 --> Email class already loaded. Second attempt ignored.
INFO - 2020-03-11 07:44:21 --> Upload Class Initialized
INFO - 2020-03-11 07:44:21 --> Upload Class Initialized
INFO - 2020-03-11 07:44:22 --> Model "M_auth" initialized
INFO - 2020-03-11 07:44:22 --> File loaded: C:\xampp\htdocs\scholarship\finance\views\include/header.php
INFO - 2020-03-11 07:44:22 --> File loaded: C:\xampp\htdocs\scholarship\finance\views\include/menu.php
INFO - 2020-03-11 07:44:22 --> File loaded: C:\xampp\htdocs\scholarship\finance\views\include/footer.php
INFO - 2020-03-11 07:44:22 --> File loaded: C:\xampp\htdocs\scholarship\finance\views\include/msg.php
INFO - 2020-03-11 07:44:22 --> File loaded: C:\xampp\htdocs\scholarship\finance\views\scholar/list.php
INFO - 2020-03-11 07:44:22 --> Final output sent to browser
DEBUG - 2020-03-11 07:44:22 --> Total execution time: 0.8640
INFO - 2020-03-11 07:44:23 --> Config Class Initialized
INFO - 2020-03-11 07:44:23 --> Hooks Class Initialized
DEBUG - 2020-03-11 07:44:23 --> UTF-8 Support Enabled
INFO - 2020-03-11 07:44:23 --> Utf8 Class Initialized
INFO - 2020-03-11 07:44:23 --> URI Class Initialized
INFO - 2020-03-11 07:44:23 --> Router Class Initialized
INFO - 2020-03-11 07:44:23 --> Output Class Initialized
INFO - 2020-03-11 07:44:23 --> Security Class Initialized
DEBUG - 2020-03-11 07:44:23 --> Global POST, GET and COOKIE data sanitized
INFO - 2020-03-11 07:44:23 --> Input Class Initialized
INFO - 2020-03-11 07:44:23 --> Language Class Initialized
INFO - 2020-03-11 07:44:23 --> Loader Class Initialized
INFO - 2020-03-11 07:44:23 --> Helper loaded: url_helper
INFO - 2020-03-11 07:44:23 --> Helper loaded: file_helper
INFO - 2020-03-11 07:44:23 --> Helper loaded: text_helper
INFO - 2020-03-11 07:44:23 --> Helper loaded: string_helper
INFO - 2020-03-11 07:44:23 --> Database Driver Class Initialized
INFO - 2020-03-11 07:44:23 --> Email Class Initialized
DEBUG - 2020-03-11 07:44:23 --> Session: "sess_save_path" is empty; using "session.save_path" value from php.ini.
INFO - 2020-03-11 07:44:23 --> Session: Class initialized using 'files' driver.
INFO - 2020-03-11 07:44:23 --> Helper loaded: form_helper
INFO - 2020-03-11 07:44:23 --> Form Validation Class Initialized
INFO - 2020-03-11 07:44:23 --> Controller Class Initialized
INFO - 2020-03-11 07:44:23 --> Model "M_scholar" initialized
DEBUG - 2020-03-11 07:44:23 --> Email class already loaded. Second attempt ignored.
INFO - 2020-03-11 07:44:23 --> Upload Class Initialized
INFO - 2020-03-11 07:44:23 --> Upload Class Initialized
INFO - 2020-03-11 07:44:23 --> Model "M_auth" initialized
INFO - 2020-03-11 07:44:23 --> Final output sent to browser
DEBUG - 2020-03-11 07:44:23 --> Total execution time: 0.2037
INFO - 2020-03-11 07:44:35 --> Config Class Initialized
INFO - 2020-03-11 07:44:35 --> Hooks Class Initialized
DEBUG - 2020-03-11 07:44:35 --> UTF-8 Support Enabled
INFO - 2020-03-11 07:44:35 --> Utf8 Class Initialized
INFO - 2020-03-11 07:44:35 --> URI Class Initialized
INFO - 2020-03-11 07:44:35 --> Router Class Initialized
INFO - 2020-03-11 07:44:35 --> Output Class Initialized
INFO - 2020-03-11 07:44:35 --> Security Class Initialized
DEBUG - 2020-03-11 07:44:35 --> Global POST, GET and COOKIE data sanitized
INFO - 2020-03-11 07:44:35 --> Input Class Initialized
INFO - 2020-03-11 07:44:35 --> Language Class Initialized
INFO - 2020-03-11 07:44:35 --> Loader Class Initialized
INFO - 2020-03-11 07:44:35 --> Helper loaded: url_helper
INFO - 2020-03-11 07:44:35 --> Helper loaded: file_helper
INFO - 2020-03-11 07:44:35 --> Helper loaded: text_helper
INFO - 2020-03-11 07:44:35 --> Helper loaded: string_helper
INFO - 2020-03-11 07:44:35 --> Database Driver Class Initialized
INFO - 2020-03-11 07:44:35 --> Email Class Initialized
DEBUG - 2020-03-11 07:44:35 --> Session: "sess_save_path" is empty; using "session.save_path" value from php.ini.
INFO - 2020-03-11 07:44:35 --> Session: Class initialized using 'files' driver.
INFO - 2020-03-11 07:44:35 --> Helper loaded: form_helper
INFO - 2020-03-11 07:44:35 --> Form Validation Class Initialized
INFO - 2020-03-11 07:44:35 --> Controller Class Initialized
INFO - 2020-03-11 07:44:35 --> Model "M_scholar" initialized
DEBUG - 2020-03-11 07:44:35 --> Email class already loaded. Second attempt ignored.
INFO - 2020-03-11 07:44:35 --> Upload Class Initialized
INFO - 2020-03-11 07:44:35 --> Upload Class Initialized
INFO - 2020-03-11 07:44:35 --> Model "M_auth" initialized
INFO - 2020-03-11 07:44:35 --> File loaded: C:\xampp\htdocs\scholarship\finance\views\include/header.php
INFO - 2020-03-11 07:44:35 --> File loaded: C:\xampp\htdocs\scholarship\finance\views\include/menu.php
INFO - 2020-03-11 07:44:35 --> File loaded: C:\xampp\htdocs\scholarship\finance\views\include/footer.php
INFO - 2020-03-11 07:44:35 --> File loaded: C:\xampp\htdocs\scholarship\finance\views\include/msg.php
INFO - 2020-03-11 07:44:35 --> File loaded: C:\xampp\htdocs\scholarship\finance\views\scholar/list.php
INFO - 2020-03-11 07:44:35 --> Final output sent to browser
DEBUG - 2020-03-11 07:44:35 --> Total execution time: 0.1347
INFO - 2020-03-11 07:44:36 --> Config Class Initialized
INFO - 2020-03-11 07:44:36 --> Hooks Class Initialized
DEBUG - 2020-03-11 07:44:36 --> UTF-8 Support Enabled
INFO - 2020-03-11 07:44:36 --> Utf8 Class Initialized
INFO - 2020-03-11 07:44:36 --> URI Class Initialized
INFO - 2020-03-11 07:44:36 --> Router Class Initialized
INFO - 2020-03-11 07:44:36 --> Output Class Initialized
INFO - 2020-03-11 07:44:36 --> Security Class Initialized
DEBUG - 2020-03-11 07:44:36 --> Global POST, GET and COOKIE data sanitized
INFO - 2020-03-11 07:44:36 --> Input Class Initialized
INFO - 2020-03-11 07:44:36 --> Language Class Initialized
INFO - 2020-03-11 07:44:36 --> Loader Class Initialized
INFO - 2020-03-11 07:44:36 --> Helper loaded: url_helper
INFO - 2020-03-11 07:44:36 --> Helper loaded: file_helper
INFO - 2020-03-11 07:44:36 --> Helper loaded: text_helper
INFO - 2020-03-11 07:44:36 --> Helper loaded: string_helper
INFO - 2020-03-11 07:44:36 --> Database Driver Class Initialized
INFO - 2020-03-11 07:44:36 --> Email Class Initialized
DEBUG - 2020-03-11 07:44:36 --> Session: "sess_save_path" is empty; using "session.save_path" value from php.ini.
INFO - 2020-03-11 07:44:36 --> Session: Class initialized using 'files' driver.
INFO - 2020-03-11 07:44:36 --> Helper loaded: form_helper
INFO - 2020-03-11 07:44:36 --> Form Validation Class Initialized
INFO - 2020-03-11 07:44:36 --> Controller Class Initialized
INFO - 2020-03-11 07:44:36 --> Model "M_scholar" initialized
DEBUG - 2020-03-11 07:44:36 --> Email class already loaded. Second attempt ignored.
INFO - 2020-03-11 07:44:36 --> Upload Class Initialized
INFO - 2020-03-11 07:44:36 --> Upload Class Initialized
INFO - 2020-03-11 07:44:36 --> Model "M_auth" initialized
INFO - 2020-03-11 07:44:36 --> Final output sent to browser
DEBUG - 2020-03-11 07:44:36 --> Total execution time: 0.2225
INFO - 2020-03-11 07:44:39 --> Config Class Initialized
INFO - 2020-03-11 07:44:39 --> Hooks Class Initialized
DEBUG - 2020-03-11 07:44:39 --> UTF-8 Support Enabled
INFO - 2020-03-11 07:44:39 --> Utf8 Class Initialized
INFO - 2020-03-11 07:44:39 --> URI Class Initialized
INFO - 2020-03-11 07:44:39 --> Router Class Initialized
INFO - 2020-03-11 07:44:39 --> Output Class Initialized
INFO - 2020-03-11 07:44:39 --> Security Class Initialized
DEBUG - 2020-03-11 07:44:39 --> Global POST, GET and COOKIE data sanitized
INFO - 2020-03-11 07:44:39 --> Input Class Initialized
INFO - 2020-03-11 07:44:39 --> Language Class Initialized
INFO - 2020-03-11 07:44:39 --> Loader Class Initialized
INFO - 2020-03-11 07:44:39 --> Helper loaded: url_helper
INFO - 2020-03-11 07:44:39 --> Helper loaded: file_helper
INFO - 2020-03-11 07:44:39 --> Helper loaded: text_helper
INFO - 2020-03-11 07:44:39 --> Helper loaded: string_helper
INFO - 2020-03-11 07:44:39 --> Database Driver Class Initialized
INFO - 2020-03-11 07:44:39 --> Email Class Initialized
DEBUG - 2020-03-11 07:44:39 --> Session: "sess_save_path" is empty; using "session.save_path" value from php.ini.
INFO - 2020-03-11 07:44:39 --> Session: Class initialized using 'files' driver.
INFO - 2020-03-11 07:44:39 --> Helper loaded: form_helper
INFO - 2020-03-11 07:44:39 --> Form Validation Class Initialized
INFO - 2020-03-11 07:44:39 --> Controller Class Initialized
INFO - 2020-03-11 07:44:39 --> Model "M_scholar" initialized
DEBUG - 2020-03-11 07:44:39 --> Email class already loaded. Second attempt ignored.
INFO - 2020-03-11 07:44:39 --> Upload Class Initialized
INFO - 2020-03-11 07:44:39 --> Upload Class Initialized
INFO - 2020-03-11 07:44:39 --> Model "M_auth" initialized
INFO - 2020-03-11 07:44:39 --> File loaded: C:\xampp\htdocs\scholarship\finance\views\include/header.php
INFO - 2020-03-11 07:44:39 --> File loaded: C:\xampp\htdocs\scholarship\finance\views\include/menu.php
INFO - 2020-03-11 07:44:39 --> File loaded: C:\xampp\htdocs\scholarship\finance\views\include/footer.php
INFO - 2020-03-11 07:44:39 --> File loaded: C:\xampp\htdocs\scholarship\finance\views\include/msg.php
INFO - 2020-03-11 07:44:39 --> File loaded: C:\xampp\htdocs\scholarship\finance\views\scholar/application.php
INFO - 2020-03-11 07:44:39 --> Final output sent to browser
DEBUG - 2020-03-11 07:44:39 --> Total execution time: 0.1348
INFO - 2020-03-11 07:47:27 --> Config Class Initialized
INFO - 2020-03-11 07:47:27 --> Hooks Class Initialized
DEBUG - 2020-03-11 07:47:27 --> UTF-8 Support Enabled
INFO - 2020-03-11 07:47:27 --> Utf8 Class Initialized
INFO - 2020-03-11 07:47:27 --> URI Class Initialized
INFO - 2020-03-11 07:47:27 --> Router Class Initialized
INFO - 2020-03-11 07:47:27 --> Output Class Initialized
INFO - 2020-03-11 07:47:27 --> Security Class Initialized
DEBUG - 2020-03-11 07:47:27 --> Global POST, GET and COOKIE data sanitized
INFO - 2020-03-11 07:47:27 --> Input Class Initialized
INFO - 2020-03-11 07:47:27 --> Language Class Initialized
INFO - 2020-03-11 07:47:27 --> Loader Class Initialized
INFO - 2020-03-11 07:47:27 --> Helper loaded: url_helper
INFO - 2020-03-11 07:47:27 --> Helper loaded: file_helper
INFO - 2020-03-11 07:47:27 --> Helper loaded: text_helper
INFO - 2020-03-11 07:47:27 --> Helper loaded: string_helper
INFO - 2020-03-11 07:47:27 --> Database Driver Class Initialized
INFO - 2020-03-11 07:47:27 --> Email Class Initialized
DEBUG - 2020-03-11 07:47:27 --> Session: "sess_save_path" is empty; using "session.save_path" value from php.ini.
INFO - 2020-03-11 07:47:27 --> Session: Class initialized using 'files' driver.
INFO - 2020-03-11 07:47:27 --> Helper loaded: form_helper
INFO - 2020-03-11 07:47:27 --> Form Validation Class Initialized
INFO - 2020-03-11 07:47:27 --> Controller Class Initialized
INFO - 2020-03-11 07:47:27 --> Model "M_scholar" initialized
DEBUG - 2020-03-11 07:47:27 --> Email class already loaded. Second attempt ignored.
INFO - 2020-03-11 07:47:27 --> Upload Class Initialized
INFO - 2020-03-11 07:47:27 --> Upload Class Initialized
INFO - 2020-03-11 07:47:27 --> Model "M_auth" initialized
INFO - 2020-03-11 07:47:27 --> File loaded: C:\xampp\htdocs\scholarship\finance\views\include/header.php
INFO - 2020-03-11 07:47:27 --> File loaded: C:\xampp\htdocs\scholarship\finance\views\include/menu.php
INFO - 2020-03-11 07:47:27 --> File loaded: C:\xampp\htdocs\scholarship\finance\views\include/footer.php
INFO - 2020-03-11 07:47:27 --> File loaded: C:\xampp\htdocs\scholarship\finance\views\include/msg.php
INFO - 2020-03-11 07:47:27 --> File loaded: C:\xampp\htdocs\scholarship\finance\views\scholar/application.php
INFO - 2020-03-11 07:47:27 --> Final output sent to browser
DEBUG - 2020-03-11 07:47:27 --> Total execution time: 0.1768
INFO - 2020-03-11 07:47:28 --> Config Class Initialized
INFO - 2020-03-11 07:47:28 --> Hooks Class Initialized
DEBUG - 2020-03-11 07:47:28 --> UTF-8 Support Enabled
INFO - 2020-03-11 07:47:28 --> Utf8 Class Initialized
INFO - 2020-03-11 07:47:28 --> URI Class Initialized
INFO - 2020-03-11 07:47:28 --> Router Class Initialized
INFO - 2020-03-11 07:47:28 --> Output Class Initialized
INFO - 2020-03-11 07:47:28 --> Security Class Initialized
DEBUG - 2020-03-11 07:47:28 --> Global POST, GET and COOKIE data sanitized
INFO - 2020-03-11 07:47:28 --> Input Class Initialized
INFO - 2020-03-11 07:47:28 --> Language Class Initialized
INFO - 2020-03-11 07:47:28 --> Loader Class Initialized
INFO - 2020-03-11 07:47:28 --> Helper loaded: url_helper
INFO - 2020-03-11 07:47:28 --> Helper loaded: file_helper
INFO - 2020-03-11 07:47:28 --> Helper loaded: text_helper
INFO - 2020-03-11 07:47:28 --> Helper loaded: string_helper
INFO - 2020-03-11 07:47:28 --> Database Driver Class Initialized
INFO - 2020-03-11 07:47:28 --> Email Class Initialized
DEBUG - 2020-03-11 07:47:28 --> Session: "sess_save_path" is empty; using "session.save_path" value from php.ini.
INFO - 2020-03-11 07:47:28 --> Session: Class initialized using 'files' driver.
INFO - 2020-03-11 07:47:28 --> Helper loaded: form_helper
INFO - 2020-03-11 07:47:28 --> Form Validation Class Initialized
INFO - 2020-03-11 07:47:28 --> Controller Class Initialized
INFO - 2020-03-11 07:47:28 --> Model "M_scholar" initialized
DEBUG - 2020-03-11 07:47:28 --> Email class already loaded. Second attempt ignored.
INFO - 2020-03-11 07:47:28 --> Upload Class Initialized
INFO - 2020-03-11 07:47:28 --> Upload Class Initialized
INFO - 2020-03-11 07:47:28 --> Model "M_auth" initialized
INFO - 2020-03-11 07:47:28 --> File loaded: C:\xampp\htdocs\scholarship\finance\views\include/header.php
INFO - 2020-03-11 07:47:28 --> File loaded: C:\xampp\htdocs\scholarship\finance\views\include/menu.php
INFO - 2020-03-11 07:47:28 --> File loaded: C:\xampp\htdocs\scholarship\finance\views\include/footer.php
INFO - 2020-03-11 07:47:28 --> File loaded: C:\xampp\htdocs\scholarship\finance\views\include/msg.php
INFO - 2020-03-11 07:47:28 --> File loaded: C:\xampp\htdocs\scholarship\finance\views\scholar/list.php
INFO - 2020-03-11 07:47:28 --> Final output sent to browser
DEBUG - 2020-03-11 07:47:28 --> Total execution time: 0.1582
INFO - 2020-03-11 07:47:29 --> Config Class Initialized
INFO - 2020-03-11 07:47:29 --> Hooks Class Initialized
DEBUG - 2020-03-11 07:47:29 --> UTF-8 Support Enabled
INFO - 2020-03-11 07:47:29 --> Utf8 Class Initialized
INFO - 2020-03-11 07:47:29 --> URI Class Initialized
INFO - 2020-03-11 07:47:29 --> Router Class Initialized
INFO - 2020-03-11 07:47:29 --> Output Class Initialized
INFO - 2020-03-11 07:47:29 --> Security Class Initialized
DEBUG - 2020-03-11 07:47:29 --> Global POST, GET and COOKIE data sanitized
INFO - 2020-03-11 07:47:29 --> Input Class Initialized
INFO - 2020-03-11 07:47:29 --> Language Class Initialized
INFO - 2020-03-11 07:47:29 --> Loader Class Initialized
INFO - 2020-03-11 07:47:29 --> Helper loaded: url_helper
INFO - 2020-03-11 07:47:29 --> Helper loaded: file_helper
INFO - 2020-03-11 07:47:29 --> Helper loaded: text_helper
INFO - 2020-03-11 07:47:29 --> Helper loaded: string_helper
INFO - 2020-03-11 07:47:29 --> Database Driver Class Initialized
INFO - 2020-03-11 07:47:29 --> Email Class Initialized
DEBUG - 2020-03-11 07:47:29 --> Session: "sess_save_path" is empty; using "session.save_path" value from php.ini.
INFO - 2020-03-11 07:47:29 --> Session: Class initialized using 'files' driver.
INFO - 2020-03-11 07:47:29 --> Helper loaded: form_helper
INFO - 2020-03-11 07:47:29 --> Form Validation Class Initialized
INFO - 2020-03-11 07:47:29 --> Controller Class Initialized
INFO - 2020-03-11 07:47:29 --> Model "M_scholar" initialized
DEBUG - 2020-03-11 07:47:29 --> Email class already loaded. Second attempt ignored.
INFO - 2020-03-11 07:47:29 --> Upload Class Initialized
INFO - 2020-03-11 07:47:29 --> Upload Class Initialized
INFO - 2020-03-11 07:47:29 --> Model "M_auth" initialized
INFO - 2020-03-11 07:47:29 --> Final output sent to browser
DEBUG - 2020-03-11 07:47:29 --> Total execution time: 0.3075
INFO - 2020-03-11 07:47:33 --> Config Class Initialized
INFO - 2020-03-11 07:47:33 --> Hooks Class Initialized
DEBUG - 2020-03-11 07:47:33 --> UTF-8 Support Enabled
INFO - 2020-03-11 07:47:33 --> Utf8 Class Initialized
INFO - 2020-03-11 07:47:33 --> URI Class Initialized
INFO - 2020-03-11 07:47:33 --> Router Class Initialized
INFO - 2020-03-11 07:47:33 --> Output Class Initialized
INFO - 2020-03-11 07:47:33 --> Security Class Initialized
DEBUG - 2020-03-11 07:47:33 --> Global POST, GET and COOKIE data sanitized
INFO - 2020-03-11 07:47:33 --> Input Class Initialized
INFO - 2020-03-11 07:47:33 --> Language Class Initialized
INFO - 2020-03-11 07:47:33 --> Loader Class Initialized
INFO - 2020-03-11 07:47:33 --> Helper loaded: url_helper
INFO - 2020-03-11 07:47:33 --> Helper loaded: file_helper
INFO - 2020-03-11 07:47:33 --> Helper loaded: text_helper
INFO - 2020-03-11 07:47:33 --> Helper loaded: string_helper
INFO - 2020-03-11 07:47:33 --> Database Driver Class Initialized
INFO - 2020-03-11 07:47:33 --> Email Class Initialized
DEBUG - 2020-03-11 07:47:33 --> Session: "sess_save_path" is empty; using "session.save_path" value from php.ini.
INFO - 2020-03-11 07:47:33 --> Session: Class initialized using 'files' driver.
INFO - 2020-03-11 07:47:33 --> Helper loaded: form_helper
INFO - 2020-03-11 07:47:33 --> Form Validation Class Initialized
INFO - 2020-03-11 07:47:33 --> Controller Class Initialized
INFO - 2020-03-11 07:47:33 --> Model "M_scholar" initialized
DEBUG - 2020-03-11 07:47:33 --> Email class already loaded. Second attempt ignored.
INFO - 2020-03-11 07:47:33 --> Upload Class Initialized
INFO - 2020-03-11 07:47:33 --> Upload Class Initialized
INFO - 2020-03-11 07:47:33 --> Model "M_auth" initialized
INFO - 2020-03-11 07:47:33 --> File loaded: C:\xampp\htdocs\scholarship\finance\views\include/header.php
INFO - 2020-03-11 07:47:33 --> File loaded: C:\xampp\htdocs\scholarship\finance\views\include/menu.php
INFO - 2020-03-11 07:47:33 --> File loaded: C:\xampp\htdocs\scholarship\finance\views\include/footer.php
INFO - 2020-03-11 07:47:33 --> File loaded: C:\xampp\htdocs\scholarship\finance\views\include/msg.php
INFO - 2020-03-11 07:47:33 --> File loaded: C:\xampp\htdocs\scholarship\finance\views\scholar/application.php
INFO - 2020-03-11 07:47:33 --> Final output sent to browser
DEBUG - 2020-03-11 07:47:33 --> Total execution time: 0.1566
INFO - 2020-03-11 07:47:39 --> Config Class Initialized
INFO - 2020-03-11 07:47:39 --> Hooks Class Initialized
DEBUG - 2020-03-11 07:47:39 --> UTF-8 Support Enabled
INFO - 2020-03-11 07:47:39 --> Utf8 Class Initialized
INFO - 2020-03-11 07:47:39 --> URI Class Initialized
INFO - 2020-03-11 07:47:39 --> Router Class Initialized
INFO - 2020-03-11 07:47:39 --> Output Class Initialized
INFO - 2020-03-11 07:47:39 --> Security Class Initialized
DEBUG - 2020-03-11 07:47:39 --> Global POST, GET and COOKIE data sanitized
INFO - 2020-03-11 07:47:39 --> Input Class Initialized
INFO - 2020-03-11 07:47:39 --> Language Class Initialized
INFO - 2020-03-11 07:47:39 --> Loader Class Initialized
INFO - 2020-03-11 07:47:39 --> Helper loaded: url_helper
INFO - 2020-03-11 07:47:39 --> Helper loaded: file_helper
INFO - 2020-03-11 07:47:39 --> Helper loaded: text_helper
INFO - 2020-03-11 07:47:39 --> Helper loaded: string_helper
INFO - 2020-03-11 07:47:39 --> Database Driver Class Initialized
INFO - 2020-03-11 07:47:39 --> Email Class Initialized
DEBUG - 2020-03-11 07:47:39 --> Session: "sess_save_path" is empty; using "session.save_path" value from php.ini.
INFO - 2020-03-11 07:47:39 --> Session: Class initialized using 'files' driver.
INFO - 2020-03-11 07:47:39 --> Helper loaded: form_helper
INFO - 2020-03-11 07:47:39 --> Form Validation Class Initialized
INFO - 2020-03-11 07:47:39 --> Controller Class Initialized
INFO - 2020-03-11 07:47:39 --> Model "M_scholar" initialized
DEBUG - 2020-03-11 07:47:39 --> Email class already loaded. Second attempt ignored.
INFO - 2020-03-11 07:47:39 --> Upload Class Initialized
INFO - 2020-03-11 07:47:39 --> Upload Class Initialized
INFO - 2020-03-11 07:47:39 --> Model "M_auth" initialized
DEBUG - 2020-03-11 07:47:39 --> Config file loaded: C:\xampp\htdocs\scholarship\finance\config/email.php
DEBUG - 2020-03-11 07:47:39 --> Email class already loaded. Second attempt ignored.
INFO - 2020-03-11 07:47:39 --> File loaded: C:\xampp\htdocs\scholarship\finance\views\mail/paystatus.php
INFO - 2020-03-11 07:47:40 --> Language file loaded: language/english/email_lang.php
INFO - 2020-03-11 07:47:44 --> Config Class Initialized
INFO - 2020-03-11 07:47:44 --> Hooks Class Initialized
DEBUG - 2020-03-11 07:47:44 --> UTF-8 Support Enabled
INFO - 2020-03-11 07:47:44 --> Utf8 Class Initialized
INFO - 2020-03-11 07:47:44 --> URI Class Initialized
INFO - 2020-03-11 07:47:44 --> Router Class Initialized
INFO - 2020-03-11 07:47:44 --> Output Class Initialized
INFO - 2020-03-11 07:47:44 --> Security Class Initialized
DEBUG - 2020-03-11 07:47:44 --> Global POST, GET and COOKIE data sanitized
INFO - 2020-03-11 07:47:44 --> Input Class Initialized
INFO - 2020-03-11 07:47:44 --> Language Class Initialized
INFO - 2020-03-11 07:47:44 --> Loader Class Initialized
INFO - 2020-03-11 07:47:44 --> Helper loaded: url_helper
INFO - 2020-03-11 07:47:44 --> Helper loaded: file_helper
INFO - 2020-03-11 07:47:44 --> Helper loaded: text_helper
INFO - 2020-03-11 07:47:44 --> Helper loaded: string_helper
INFO - 2020-03-11 07:47:44 --> Database Driver Class Initialized
INFO - 2020-03-11 07:47:44 --> Email Class Initialized
DEBUG - 2020-03-11 07:47:44 --> Session: "sess_save_path" is empty; using "session.save_path" value from php.ini.
INFO - 2020-03-11 07:47:44 --> Session: Class initialized using 'files' driver.
INFO - 2020-03-11 07:47:44 --> Helper loaded: form_helper
INFO - 2020-03-11 07:47:44 --> Form Validation Class Initialized
INFO - 2020-03-11 07:47:44 --> Controller Class Initialized
INFO - 2020-03-11 07:47:44 --> Model "M_scholar" initialized
DEBUG - 2020-03-11 07:47:44 --> Email class already loaded. Second attempt ignored.
INFO - 2020-03-11 07:47:44 --> Upload Class Initialized
INFO - 2020-03-11 07:47:44 --> Upload Class Initialized
INFO - 2020-03-11 07:47:44 --> Model "M_auth" initialized
ERROR - 2020-03-11 07:47:44 --> Severity: Notice --> Undefined offset: 1 C:\xampp\htdocs\scholarship\finance\libraries\Encryption_url.php 26
INFO - 2020-03-11 07:47:44 --> File loaded: C:\xampp\htdocs\scholarship\finance\views\include/header.php
INFO - 2020-03-11 07:47:44 --> File loaded: C:\xampp\htdocs\scholarship\finance\views\include/menu.php
ERROR - 2020-03-11 07:47:44 --> Severity: Notice --> Trying to get property 'status' of non-object C:\xampp\htdocs\scholarship\finance\views\scholar\application.php 33
ERROR - 2020-03-11 07:47:44 --> Severity: Notice --> Trying to get property 'application_state' of non-object C:\xampp\htdocs\scholarship\finance\views\scholar\application.php 35
ERROR - 2020-03-11 07:47:44 --> Severity: Notice --> Trying to get property 'pay_status' of non-object C:\xampp\htdocs\scholarship\finance\views\scholar\application.php 44
ERROR - 2020-03-11 07:47:44 --> Severity: Notice --> Trying to get property 'pay_status' of non-object C:\xampp\htdocs\scholarship\finance\views\scholar\application.php 46
ERROR - 2020-03-11 07:47:44 --> Severity: Notice --> Trying to get property 'application_state' of non-object C:\xampp\htdocs\scholarship\finance\views\scholar\application.php 54
ERROR - 2020-03-11 07:47:44 --> Severity: Notice --> Trying to get property 'application_state' of non-object C:\xampp\htdocs\scholarship\finance\views\scholar\application.php 54
ERROR - 2020-03-11 07:47:44 --> Severity: Notice --> Trying to get property 'application_state' of non-object C:\xampp\htdocs\scholarship\finance\views\scholar\application.php 54
ERROR - 2020-03-11 07:47:44 --> Severity: Notice --> Trying to get property 'application_state' of non-object C:\xampp\htdocs\scholarship\finance\views\scholar\application.php 54
ERROR - 2020-03-11 07:47:44 --> Severity: Notice --> Trying to get property 'application_state' of non-object C:\xampp\htdocs\scholarship\finance\views\scholar\application.php 64
ERROR - 2020-03-11 07:47:44 --> Severity: Notice --> Trying to get property 'application_state' of non-object C:\xampp\htdocs\scholarship\finance\views\scholar\application.php 64
ERROR - 2020-03-11 07:47:44 --> Severity: Notice --> Trying to get property 'application_state' of non-object C:\xampp\htdocs\scholarship\finance\views\scholar\application.php 64
ERROR - 2020-03-11 07:47:44 --> Severity: Notice --> Trying to get property 'status' of non-object C:\xampp\htdocs\scholarship\finance\views\scholar\application.php 66
ERROR - 2020-03-11 07:47:44 --> Severity: Notice --> Trying to get property 'application_state' of non-object C:\xampp\htdocs\scholarship\finance\views\scholar\application.php 75
ERROR - 2020-03-11 07:47:44 --> Severity: Notice --> Trying to get property 'application_state' of non-object C:\xampp\htdocs\scholarship\finance\views\scholar\application.php 75
ERROR - 2020-03-11 07:47:44 --> Severity: Notice --> Trying to get property 'status' of non-object C:\xampp\htdocs\scholarship\finance\views\scholar\application.php 77
ERROR - 2020-03-11 07:47:44 --> Severity: Notice --> Trying to get property 'application_state' of non-object C:\xampp\htdocs\scholarship\finance\views\scholar\application.php 86
ERROR - 2020-03-11 07:47:44 --> Severity: Notice --> Trying to get property 'status' of non-object C:\xampp\htdocs\scholarship\finance\views\scholar\application.php 88
ERROR - 2020-03-11 07:47:44 --> Severity: Notice --> Trying to get property 'application_state' of non-object C:\xampp\htdocs\scholarship\finance\views\scholar\application.php 97
ERROR - 2020-03-11 07:47:44 --> Severity: Notice --> Trying to get property 'status' of non-object C:\xampp\htdocs\scholarship\finance\views\scholar\application.php 110
ERROR - 2020-03-11 07:47:44 --> Severity: Notice --> Trying to get property 'school_id' of non-object C:\xampp\htdocs\scholarship\finance\views\scholar\application.php 177
ERROR - 2020-03-11 07:47:44 --> Severity: Notice --> Trying to get property 'school_id' of non-object C:\xampp\htdocs\scholarship\finance\views\scholar\application.php 181
ERROR - 2020-03-11 07:47:44 --> Severity: Notice --> Trying to get property 'who_working' of non-object C:\xampp\htdocs\scholarship\finance\views\scholar\application.php 279
ERROR - 2020-03-11 07:47:44 --> Severity: Notice --> Trying to get property 'who_working' of non-object C:\xampp\htdocs\scholarship\finance\views\scholar\application.php 279
ERROR - 2020-03-11 07:47:44 --> Severity: Notice --> Trying to get property 'aid' of non-object C:\xampp\htdocs\scholarship\finance\views\scholar\application.php 445
ERROR - 2020-03-11 07:47:44 --> Severity: Notice --> Trying to get property 'aid' of non-object C:\xampp\htdocs\scholarship\finance\views\scholar\application.php 450
ERROR - 2020-03-11 07:47:44 --> Severity: Notice --> Trying to get property 'aid' of non-object C:\xampp\htdocs\scholarship\finance\views\scholar\application.php 485
ERROR - 2020-03-11 07:47:44 --> Severity: Notice --> Trying to get property 'aid' of non-object C:\xampp\htdocs\scholarship\finance\views\scholar\application.php 516
INFO - 2020-03-11 07:47:44 --> File loaded: C:\xampp\htdocs\scholarship\finance\views\include/footer.php
INFO - 2020-03-11 07:47:44 --> File loaded: C:\xampp\htdocs\scholarship\finance\views\include/msg.php
INFO - 2020-03-11 07:47:44 --> File loaded: C:\xampp\htdocs\scholarship\finance\views\scholar/application.php
INFO - 2020-03-11 07:47:44 --> Final output sent to browser
DEBUG - 2020-03-11 07:47:44 --> Total execution time: 0.2519
INFO - 2020-03-11 07:49:03 --> Config Class Initialized
INFO - 2020-03-11 07:49:03 --> Hooks Class Initialized
DEBUG - 2020-03-11 07:49:03 --> UTF-8 Support Enabled
INFO - 2020-03-11 07:49:03 --> Utf8 Class Initialized
INFO - 2020-03-11 07:49:03 --> URI Class Initialized
INFO - 2020-03-11 07:49:03 --> Router Class Initialized
INFO - 2020-03-11 07:49:03 --> Output Class Initialized
INFO - 2020-03-11 07:49:03 --> Security Class Initialized
DEBUG - 2020-03-11 07:49:03 --> Global POST, GET and COOKIE data sanitized
INFO - 2020-03-11 07:49:03 --> Input Class Initialized
INFO - 2020-03-11 07:49:03 --> Language Class Initialized
INFO - 2020-03-11 07:49:03 --> Loader Class Initialized
INFO - 2020-03-11 07:49:03 --> Helper loaded: url_helper
INFO - 2020-03-11 07:49:03 --> Helper loaded: file_helper
INFO - 2020-03-11 07:49:03 --> Helper loaded: text_helper
INFO - 2020-03-11 07:49:03 --> Helper loaded: string_helper
INFO - 2020-03-11 07:49:03 --> Database Driver Class Initialized
INFO - 2020-03-11 07:49:03 --> Email Class Initialized
DEBUG - 2020-03-11 07:49:03 --> Session: "sess_save_path" is empty; using "session.save_path" value from php.ini.
INFO - 2020-03-11 07:49:03 --> Session: Class initialized using 'files' driver.
INFO - 2020-03-11 07:49:03 --> Helper loaded: form_helper
INFO - 2020-03-11 07:49:03 --> Form Validation Class Initialized
INFO - 2020-03-11 07:49:03 --> Controller Class Initialized
INFO - 2020-03-11 07:49:03 --> Model "M_scholar" initialized
DEBUG - 2020-03-11 07:49:03 --> Email class already loaded. Second attempt ignored.
INFO - 2020-03-11 07:49:03 --> Upload Class Initialized
INFO - 2020-03-11 07:49:03 --> Upload Class Initialized
INFO - 2020-03-11 07:49:03 --> Model "M_auth" initialized
INFO - 2020-03-11 07:49:03 --> File loaded: C:\xampp\htdocs\scholarship\finance\views\include/header.php
INFO - 2020-03-11 07:49:03 --> File loaded: C:\xampp\htdocs\scholarship\finance\views\include/menu.php
INFO - 2020-03-11 07:49:03 --> File loaded: C:\xampp\htdocs\scholarship\finance\views\include/footer.php
INFO - 2020-03-11 07:49:03 --> File loaded: C:\xampp\htdocs\scholarship\finance\views\include/msg.php
INFO - 2020-03-11 07:49:03 --> File loaded: C:\xampp\htdocs\scholarship\finance\views\scholar/application.php
INFO - 2020-03-11 07:49:03 --> Final output sent to browser
DEBUG - 2020-03-11 07:49:03 --> Total execution time: 0.1513
INFO - 2020-03-11 07:49:07 --> Config Class Initialized
INFO - 2020-03-11 07:49:07 --> Hooks Class Initialized
DEBUG - 2020-03-11 07:49:07 --> UTF-8 Support Enabled
INFO - 2020-03-11 07:49:07 --> Utf8 Class Initialized
INFO - 2020-03-11 07:49:07 --> URI Class Initialized
INFO - 2020-03-11 07:49:07 --> Router Class Initialized
INFO - 2020-03-11 07:49:07 --> Output Class Initialized
INFO - 2020-03-11 07:49:07 --> Security Class Initialized
DEBUG - 2020-03-11 07:49:07 --> Global POST, GET and COOKIE data sanitized
INFO - 2020-03-11 07:49:07 --> Input Class Initialized
INFO - 2020-03-11 07:49:07 --> Language Class Initialized
INFO - 2020-03-11 07:49:07 --> Loader Class Initialized
INFO - 2020-03-11 07:49:07 --> Helper loaded: url_helper
INFO - 2020-03-11 07:49:07 --> Helper loaded: file_helper
INFO - 2020-03-11 07:49:07 --> Helper loaded: text_helper
INFO - 2020-03-11 07:49:07 --> Helper loaded: string_helper
INFO - 2020-03-11 07:49:07 --> Database Driver Class Initialized
INFO - 2020-03-11 07:49:07 --> Email Class Initialized
DEBUG - 2020-03-11 07:49:07 --> Session: "sess_save_path" is empty; using "session.save_path" value from php.ini.
INFO - 2020-03-11 07:49:07 --> Session: Class initialized using 'files' driver.
INFO - 2020-03-11 07:49:07 --> Helper loaded: form_helper
INFO - 2020-03-11 07:49:07 --> Form Validation Class Initialized
INFO - 2020-03-11 07:49:07 --> Controller Class Initialized
INFO - 2020-03-11 07:49:07 --> Model "M_scholar" initialized
DEBUG - 2020-03-11 07:49:07 --> Email class already loaded. Second attempt ignored.
INFO - 2020-03-11 07:49:07 --> Upload Class Initialized
INFO - 2020-03-11 07:49:07 --> Upload Class Initialized
INFO - 2020-03-11 07:49:07 --> Model "M_auth" initialized
DEBUG - 2020-03-11 07:49:07 --> Config file loaded: C:\xampp\htdocs\scholarship\finance\config/email.php
DEBUG - 2020-03-11 07:49:07 --> Email class already loaded. Second attempt ignored.
INFO - 2020-03-11 07:49:07 --> File loaded: C:\xampp\htdocs\scholarship\finance\views\mail/paystatus.php
INFO - 2020-03-11 07:49:08 --> Language file loaded: language/english/email_lang.php
INFO - 2020-03-11 07:49:12 --> Config Class Initialized
INFO - 2020-03-11 07:49:12 --> Hooks Class Initialized
DEBUG - 2020-03-11 07:49:12 --> UTF-8 Support Enabled
INFO - 2020-03-11 07:49:12 --> Utf8 Class Initialized
INFO - 2020-03-11 07:49:12 --> URI Class Initialized
INFO - 2020-03-11 07:49:12 --> Router Class Initialized
INFO - 2020-03-11 07:49:12 --> Output Class Initialized
INFO - 2020-03-11 07:49:12 --> Security Class Initialized
DEBUG - 2020-03-11 07:49:12 --> Global POST, GET and COOKIE data sanitized
INFO - 2020-03-11 07:49:12 --> Input Class Initialized
INFO - 2020-03-11 07:49:12 --> Language Class Initialized
INFO - 2020-03-11 07:49:12 --> Loader Class Initialized
INFO - 2020-03-11 07:49:12 --> Helper loaded: url_helper
INFO - 2020-03-11 07:49:12 --> Helper loaded: file_helper
INFO - 2020-03-11 07:49:12 --> Helper loaded: text_helper
INFO - 2020-03-11 07:49:12 --> Helper loaded: string_helper
INFO - 2020-03-11 07:49:12 --> Database Driver Class Initialized
INFO - 2020-03-11 07:49:12 --> Email Class Initialized
DEBUG - 2020-03-11 07:49:12 --> Session: "sess_save_path" is empty; using "session.save_path" value from php.ini.
INFO - 2020-03-11 07:49:12 --> Session: Class initialized using 'files' driver.
INFO - 2020-03-11 07:49:12 --> Helper loaded: form_helper
INFO - 2020-03-11 07:49:12 --> Form Validation Class Initialized
INFO - 2020-03-11 07:49:12 --> Controller Class Initialized
INFO - 2020-03-11 07:49:12 --> Model "M_scholar" initialized
DEBUG - 2020-03-11 07:49:12 --> Email class already loaded. Second attempt ignored.
INFO - 2020-03-11 07:49:12 --> Upload Class Initialized
INFO - 2020-03-11 07:49:12 --> Upload Class Initialized
INFO - 2020-03-11 07:49:12 --> Model "M_auth" initialized
INFO - 2020-03-11 07:49:12 --> File loaded: C:\xampp\htdocs\scholarship\finance\views\include/header.php
INFO - 2020-03-11 07:49:12 --> File loaded: C:\xampp\htdocs\scholarship\finance\views\include/menu.php
INFO - 2020-03-11 07:49:12 --> File loaded: C:\xampp\htdocs\scholarship\finance\views\include/footer.php
INFO - 2020-03-11 07:49:12 --> File loaded: C:\xampp\htdocs\scholarship\finance\views\include/msg.php
INFO - 2020-03-11 07:49:12 --> File loaded: C:\xampp\htdocs\scholarship\finance\views\scholar/application.php
INFO - 2020-03-11 07:49:12 --> Final output sent to browser
DEBUG - 2020-03-11 07:49:12 --> Total execution time: 0.1915
INFO - 2020-03-11 07:49:20 --> Config Class Initialized
INFO - 2020-03-11 07:49:20 --> Hooks Class Initialized
DEBUG - 2020-03-11 07:49:20 --> UTF-8 Support Enabled
INFO - 2020-03-11 07:49:20 --> Utf8 Class Initialized
INFO - 2020-03-11 07:49:20 --> URI Class Initialized
INFO - 2020-03-11 07:49:20 --> Router Class Initialized
INFO - 2020-03-11 07:49:20 --> Output Class Initialized
INFO - 2020-03-11 07:49:20 --> Security Class Initialized
DEBUG - 2020-03-11 07:49:20 --> Global POST, GET and COOKIE data sanitized
INFO - 2020-03-11 07:49:20 --> Input Class Initialized
INFO - 2020-03-11 07:49:20 --> Language Class Initialized
INFO - 2020-03-11 07:49:20 --> Loader Class Initialized
INFO - 2020-03-11 07:49:20 --> Helper loaded: url_helper
INFO - 2020-03-11 07:49:20 --> Helper loaded: file_helper
INFO - 2020-03-11 07:49:20 --> Helper loaded: text_helper
INFO - 2020-03-11 07:49:20 --> Helper loaded: string_helper
INFO - 2020-03-11 07:49:20 --> Database Driver Class Initialized
INFO - 2020-03-11 07:49:20 --> Email Class Initialized
DEBUG - 2020-03-11 07:49:20 --> Session: "sess_save_path" is empty; using "session.save_path" value from php.ini.
INFO - 2020-03-11 07:49:20 --> Session: Class initialized using 'files' driver.
INFO - 2020-03-11 07:49:20 --> Helper loaded: form_helper
INFO - 2020-03-11 07:49:20 --> Form Validation Class Initialized
INFO - 2020-03-11 07:49:20 --> Controller Class Initialized
INFO - 2020-03-11 07:49:20 --> Model "M_auth" initialized
DEBUG - 2020-03-11 07:49:20 --> Form_validation class already loaded. Second attempt ignored.
INFO - 2020-03-11 07:49:20 --> Config Class Initialized
INFO - 2020-03-11 07:49:20 --> Hooks Class Initialized
DEBUG - 2020-03-11 07:49:20 --> UTF-8 Support Enabled
INFO - 2020-03-11 07:49:20 --> Utf8 Class Initialized
INFO - 2020-03-11 07:49:20 --> URI Class Initialized
DEBUG - 2020-03-11 07:49:20 --> No URI present. Default controller set.
INFO - 2020-03-11 07:49:20 --> Router Class Initialized
INFO - 2020-03-11 07:49:20 --> Output Class Initialized
INFO - 2020-03-11 07:49:20 --> Security Class Initialized
DEBUG - 2020-03-11 07:49:20 --> Global POST, GET and COOKIE data sanitized
INFO - 2020-03-11 07:49:20 --> Input Class Initialized
INFO - 2020-03-11 07:49:20 --> Language Class Initialized
INFO - 2020-03-11 07:49:20 --> Loader Class Initialized
INFO - 2020-03-11 07:49:20 --> Helper loaded: url_helper
INFO - 2020-03-11 07:49:20 --> Helper loaded: file_helper
INFO - 2020-03-11 07:49:20 --> Helper loaded: text_helper
INFO - 2020-03-11 07:49:20 --> Helper loaded: string_helper
INFO - 2020-03-11 07:49:20 --> Database Driver Class Initialized
INFO - 2020-03-11 07:49:20 --> Email Class Initialized
DEBUG - 2020-03-11 07:49:20 --> Session: "sess_save_path" is empty; using "session.save_path" value from php.ini.
INFO - 2020-03-11 07:49:20 --> Session: Class initialized using 'files' driver.
INFO - 2020-03-11 07:49:20 --> Helper loaded: form_helper
INFO - 2020-03-11 07:49:20 --> Form Validation Class Initialized
INFO - 2020-03-11 07:49:20 --> Controller Class Initialized
INFO - 2020-03-11 07:49:20 --> Model "M_auth" initialized
DEBUG - 2020-03-11 07:49:20 --> Form_validation class already loaded. Second attempt ignored.
INFO - 2020-03-11 07:49:20 --> File loaded: C:\xampp\htdocs\scholarship\finance\views\include/header.php
INFO - 2020-03-11 07:49:20 --> File loaded: C:\xampp\htdocs\scholarship\finance\views\include/footer.php
INFO - 2020-03-11 07:49:20 --> File loaded: C:\xampp\htdocs\scholarship\finance\views\include/msg.php
INFO - 2020-03-11 07:49:20 --> File loaded: C:\xampp\htdocs\scholarship\finance\views\auth/login.php
INFO - 2020-03-11 07:49:20 --> Final output sent to browser
DEBUG - 2020-03-11 07:49:20 --> Total execution time: 0.0992
INFO - 2020-03-11 07:52:21 --> Config Class Initialized
INFO - 2020-03-11 07:52:21 --> Hooks Class Initialized
DEBUG - 2020-03-11 07:52:21 --> UTF-8 Support Enabled
INFO - 2020-03-11 07:52:21 --> Utf8 Class Initialized
INFO - 2020-03-11 07:52:21 --> URI Class Initialized
DEBUG - 2020-03-11 07:52:21 --> No URI present. Default controller set.
INFO - 2020-03-11 07:52:21 --> Router Class Initialized
INFO - 2020-03-11 07:52:21 --> Output Class Initialized
INFO - 2020-03-11 07:52:21 --> Security Class Initialized
DEBUG - 2020-03-11 07:52:21 --> Global POST, GET and COOKIE data sanitized
INFO - 2020-03-11 07:52:21 --> Input Class Initialized
INFO - 2020-03-11 07:52:21 --> Language Class Initialized
INFO - 2020-03-11 07:52:21 --> Loader Class Initialized
INFO - 2020-03-11 07:52:21 --> Helper loaded: url_helper
INFO - 2020-03-11 07:52:21 --> Helper loaded: file_helper
INFO - 2020-03-11 07:52:21 --> Helper loaded: text_helper
INFO - 2020-03-11 07:52:21 --> Helper loaded: string_helper
INFO - 2020-03-11 07:52:21 --> Database Driver Class Initialized
INFO - 2020-03-11 07:52:21 --> Email Class Initialized
DEBUG - 2020-03-11 07:52:21 --> Session: "sess_save_path" is empty; using "session.save_path" value from php.ini.
INFO - 2020-03-11 07:52:21 --> Session: Class initialized using 'files' driver.
INFO - 2020-03-11 07:52:21 --> Helper loaded: form_helper
INFO - 2020-03-11 07:52:21 --> Form Validation Class Initialized
INFO - 2020-03-11 07:52:21 --> Controller Class Initialized
INFO - 2020-03-11 07:52:21 --> Model "M_auth" initialized
DEBUG - 2020-03-11 07:52:21 --> Form_validation class already loaded. Second attempt ignored.
INFO - 2020-03-11 07:52:21 --> File loaded: C:\xampp\htdocs\scholarship\finance\views\include/header.php
INFO - 2020-03-11 07:52:21 --> File loaded: C:\xampp\htdocs\scholarship\finance\views\include/footer.php
INFO - 2020-03-11 07:52:21 --> File loaded: C:\xampp\htdocs\scholarship\finance\views\include/msg.php
INFO - 2020-03-11 07:52:21 --> File loaded: C:\xampp\htdocs\scholarship\finance\views\auth/login.php
INFO - 2020-03-11 07:52:21 --> Final output sent to browser
DEBUG - 2020-03-11 07:52:21 --> Total execution time: 0.0772
