INFO - 2020-09-02 14:30:19 --> Config Class Initialized
INFO - 2020-09-02 14:30:19 --> Hooks Class Initialized
DEBUG - 2020-09-02 14:30:19 --> UTF-8 Support Enabled
INFO - 2020-09-02 14:30:19 --> Utf8 Class Initialized
INFO - 2020-09-02 14:30:19 --> URI Class Initialized
DEBUG - 2020-09-02 14:30:19 --> No URI present. Default controller set.
INFO - 2020-09-02 14:30:19 --> Router Class Initialized
INFO - 2020-09-02 14:30:19 --> Output Class Initialized
INFO - 2020-09-02 14:30:19 --> Security Class Initialized
DEBUG - 2020-09-02 14:30:19 --> Global POST, GET and COOKIE data sanitized
INFO - 2020-09-02 14:30:19 --> Input Class Initialized
INFO - 2020-09-02 14:30:19 --> Language Class Initialized
INFO - 2020-09-02 14:30:19 --> Loader Class Initialized
INFO - 2020-09-02 14:30:19 --> Helper loaded: url_helper
INFO - 2020-09-02 14:30:19 --> Helper loaded: file_helper
INFO - 2020-09-02 14:30:19 --> Helper loaded: text_helper
INFO - 2020-09-02 14:30:19 --> Helper loaded: string_helper
INFO - 2020-09-02 14:30:19 --> Database Driver Class Initialized
INFO - 2020-09-02 14:30:19 --> Email Class Initialized
DEBUG - 2020-09-02 14:30:19 --> Session: "sess_save_path" is empty; using "session.save_path" value from php.ini.
INFO - 2020-09-02 14:30:19 --> Session: Class initialized using 'files' driver.
INFO - 2020-09-02 14:30:19 --> Helper loaded: form_helper
INFO - 2020-09-02 14:30:19 --> Form Validation Class Initialized
INFO - 2020-09-02 14:30:19 --> Controller Class Initialized
INFO - 2020-09-02 14:30:19 --> Model "M_auth" initialized
DEBUG - 2020-09-02 14:30:19 --> Form_validation class already loaded. Second attempt ignored.
DEBUG - 2020-09-02 14:30:19 --> Sc_check class already loaded. Second attempt ignored.
INFO - 2020-09-02 14:30:19 --> Helper loaded: captcha_helper
INFO - 2020-09-02 14:30:19 --> File loaded: C:\xampp\htdocs\scholarship\payment-officer\views\include/header.php
INFO - 2020-09-02 14:30:19 --> File loaded: C:\xampp\htdocs\scholarship\payment-officer\views\include/footer.php
INFO - 2020-09-02 14:30:19 --> File loaded: C:\xampp\htdocs\scholarship\payment-officer\views\include/msg.php
INFO - 2020-09-02 14:30:19 --> File loaded: C:\xampp\htdocs\scholarship\payment-officer\views\auth/login.php
INFO - 2020-09-02 14:30:19 --> Final output sent to browser
DEBUG - 2020-09-02 14:30:19 --> Total execution time: 0.3004
INFO - 2020-09-02 14:30:26 --> Config Class Initialized
INFO - 2020-09-02 14:30:26 --> Hooks Class Initialized
DEBUG - 2020-09-02 14:30:26 --> UTF-8 Support Enabled
INFO - 2020-09-02 14:30:26 --> Utf8 Class Initialized
INFO - 2020-09-02 14:30:26 --> URI Class Initialized
INFO - 2020-09-02 14:30:26 --> Router Class Initialized
INFO - 2020-09-02 14:30:26 --> Output Class Initialized
INFO - 2020-09-02 14:30:26 --> Security Class Initialized
DEBUG - 2020-09-02 14:30:26 --> Global POST, GET and COOKIE data sanitized
INFO - 2020-09-02 14:30:26 --> Input Class Initialized
INFO - 2020-09-02 14:30:26 --> Language Class Initialized
ERROR - 2020-09-02 14:30:26 --> 404 Page Not Found: Auth/emailcheck
INFO - 2020-09-02 14:30:31 --> Config Class Initialized
INFO - 2020-09-02 14:30:31 --> Hooks Class Initialized
DEBUG - 2020-09-02 14:30:31 --> UTF-8 Support Enabled
INFO - 2020-09-02 14:30:31 --> Utf8 Class Initialized
INFO - 2020-09-02 14:30:32 --> URI Class Initialized
INFO - 2020-09-02 14:30:32 --> Router Class Initialized
INFO - 2020-09-02 14:30:32 --> Output Class Initialized
INFO - 2020-09-02 14:30:32 --> Security Class Initialized
DEBUG - 2020-09-02 14:30:32 --> Global POST, GET and COOKIE data sanitized
INFO - 2020-09-02 14:30:32 --> Input Class Initialized
INFO - 2020-09-02 14:30:32 --> Language Class Initialized
ERROR - 2020-09-02 14:30:32 --> 404 Page Not Found: Auth/emailcheck
INFO - 2020-09-02 14:30:46 --> Config Class Initialized
INFO - 2020-09-02 14:30:46 --> Hooks Class Initialized
DEBUG - 2020-09-02 14:30:46 --> UTF-8 Support Enabled
INFO - 2020-09-02 14:30:46 --> Utf8 Class Initialized
INFO - 2020-09-02 14:30:46 --> URI Class Initialized
INFO - 2020-09-02 14:30:46 --> Router Class Initialized
INFO - 2020-09-02 14:30:46 --> Output Class Initialized
INFO - 2020-09-02 14:30:46 --> Security Class Initialized
DEBUG - 2020-09-02 14:30:46 --> Global POST, GET and COOKIE data sanitized
INFO - 2020-09-02 14:30:46 --> Input Class Initialized
INFO - 2020-09-02 14:30:46 --> Language Class Initialized
INFO - 2020-09-02 14:30:46 --> Loader Class Initialized
INFO - 2020-09-02 14:30:46 --> Helper loaded: url_helper
INFO - 2020-09-02 14:30:46 --> Helper loaded: file_helper
INFO - 2020-09-02 14:30:46 --> Helper loaded: text_helper
INFO - 2020-09-02 14:30:46 --> Helper loaded: string_helper
INFO - 2020-09-02 14:30:46 --> Database Driver Class Initialized
INFO - 2020-09-02 14:30:46 --> Email Class Initialized
DEBUG - 2020-09-02 14:30:46 --> Session: "sess_save_path" is empty; using "session.save_path" value from php.ini.
INFO - 2020-09-02 14:30:46 --> Session: Class initialized using 'files' driver.
INFO - 2020-09-02 14:30:46 --> Helper loaded: form_helper
INFO - 2020-09-02 14:30:46 --> Form Validation Class Initialized
INFO - 2020-09-02 14:30:46 --> Controller Class Initialized
INFO - 2020-09-02 14:30:46 --> Model "M_auth" initialized
DEBUG - 2020-09-02 14:30:46 --> Form_validation class already loaded. Second attempt ignored.
DEBUG - 2020-09-02 14:30:46 --> Sc_check class already loaded. Second attempt ignored.
INFO - 2020-09-02 14:30:46 --> Helper loaded: captcha_helper
INFO - 2020-09-02 14:30:46 --> Config Class Initialized
INFO - 2020-09-02 14:30:46 --> Hooks Class Initialized
DEBUG - 2020-09-02 14:30:46 --> UTF-8 Support Enabled
INFO - 2020-09-02 14:30:46 --> Utf8 Class Initialized
INFO - 2020-09-02 14:30:46 --> URI Class Initialized
DEBUG - 2020-09-02 14:30:46 --> No URI present. Default controller set.
INFO - 2020-09-02 14:30:46 --> Router Class Initialized
INFO - 2020-09-02 14:30:46 --> Output Class Initialized
INFO - 2020-09-02 14:30:46 --> Security Class Initialized
DEBUG - 2020-09-02 14:30:46 --> Global POST, GET and COOKIE data sanitized
INFO - 2020-09-02 14:30:46 --> Input Class Initialized
INFO - 2020-09-02 14:30:46 --> Language Class Initialized
INFO - 2020-09-02 14:30:46 --> Loader Class Initialized
INFO - 2020-09-02 14:30:46 --> Helper loaded: url_helper
INFO - 2020-09-02 14:30:46 --> Helper loaded: file_helper
INFO - 2020-09-02 14:30:46 --> Helper loaded: text_helper
INFO - 2020-09-02 14:30:46 --> Helper loaded: string_helper
INFO - 2020-09-02 14:30:46 --> Database Driver Class Initialized
INFO - 2020-09-02 14:30:46 --> Email Class Initialized
DEBUG - 2020-09-02 14:30:46 --> Session: "sess_save_path" is empty; using "session.save_path" value from php.ini.
INFO - 2020-09-02 14:30:46 --> Session: Class initialized using 'files' driver.
INFO - 2020-09-02 14:30:46 --> Helper loaded: form_helper
INFO - 2020-09-02 14:30:46 --> Form Validation Class Initialized
INFO - 2020-09-02 14:30:46 --> Controller Class Initialized
INFO - 2020-09-02 14:30:46 --> Model "M_auth" initialized
DEBUG - 2020-09-02 14:30:46 --> Form_validation class already loaded. Second attempt ignored.
DEBUG - 2020-09-02 14:30:46 --> Sc_check class already loaded. Second attempt ignored.
INFO - 2020-09-02 14:30:46 --> Helper loaded: captcha_helper
INFO - 2020-09-02 14:30:46 --> File loaded: C:\xampp\htdocs\scholarship\payment-officer\views\include/header.php
INFO - 2020-09-02 14:30:46 --> File loaded: C:\xampp\htdocs\scholarship\payment-officer\views\include/footer.php
INFO - 2020-09-02 14:30:46 --> File loaded: C:\xampp\htdocs\scholarship\payment-officer\views\include/msg.php
INFO - 2020-09-02 14:30:46 --> File loaded: C:\xampp\htdocs\scholarship\payment-officer\views\auth/login.php
INFO - 2020-09-02 14:30:46 --> Final output sent to browser
DEBUG - 2020-09-02 14:30:46 --> Total execution time: 0.3315
INFO - 2020-09-02 14:30:50 --> Config Class Initialized
INFO - 2020-09-02 14:30:50 --> Hooks Class Initialized
DEBUG - 2020-09-02 14:30:50 --> UTF-8 Support Enabled
INFO - 2020-09-02 14:30:50 --> Utf8 Class Initialized
INFO - 2020-09-02 14:30:50 --> URI Class Initialized
INFO - 2020-09-02 14:30:50 --> Router Class Initialized
INFO - 2020-09-02 14:30:50 --> Output Class Initialized
INFO - 2020-09-02 14:30:50 --> Security Class Initialized
DEBUG - 2020-09-02 14:30:50 --> Global POST, GET and COOKIE data sanitized
INFO - 2020-09-02 14:30:50 --> Input Class Initialized
INFO - 2020-09-02 14:30:50 --> Language Class Initialized
ERROR - 2020-09-02 14:30:50 --> 404 Page Not Found: Auth/emailcheck
INFO - 2020-09-02 14:31:02 --> Config Class Initialized
INFO - 2020-09-02 14:31:02 --> Hooks Class Initialized
DEBUG - 2020-09-02 14:31:02 --> UTF-8 Support Enabled
INFO - 2020-09-02 14:31:02 --> Utf8 Class Initialized
INFO - 2020-09-02 14:31:02 --> URI Class Initialized
INFO - 2020-09-02 14:31:02 --> Router Class Initialized
INFO - 2020-09-02 14:31:02 --> Output Class Initialized
INFO - 2020-09-02 14:31:02 --> Security Class Initialized
DEBUG - 2020-09-02 14:31:02 --> Global POST, GET and COOKIE data sanitized
INFO - 2020-09-02 14:31:02 --> Input Class Initialized
INFO - 2020-09-02 14:31:02 --> Language Class Initialized
INFO - 2020-09-02 14:31:02 --> Loader Class Initialized
INFO - 2020-09-02 14:31:02 --> Helper loaded: url_helper
INFO - 2020-09-02 14:31:02 --> Helper loaded: file_helper
INFO - 2020-09-02 14:31:02 --> Helper loaded: text_helper
INFO - 2020-09-02 14:31:02 --> Helper loaded: string_helper
INFO - 2020-09-02 14:31:02 --> Database Driver Class Initialized
INFO - 2020-09-02 14:31:02 --> Email Class Initialized
DEBUG - 2020-09-02 14:31:02 --> Session: "sess_save_path" is empty; using "session.save_path" value from php.ini.
INFO - 2020-09-02 14:31:02 --> Session: Class initialized using 'files' driver.
INFO - 2020-09-02 14:31:02 --> Helper loaded: form_helper
INFO - 2020-09-02 14:31:02 --> Form Validation Class Initialized
INFO - 2020-09-02 14:31:02 --> Controller Class Initialized
INFO - 2020-09-02 14:31:02 --> Model "M_auth" initialized
DEBUG - 2020-09-02 14:31:02 --> Form_validation class already loaded. Second attempt ignored.
DEBUG - 2020-09-02 14:31:02 --> Sc_check class already loaded. Second attempt ignored.
INFO - 2020-09-02 14:31:02 --> Helper loaded: captcha_helper
INFO - 2020-09-02 14:31:02 --> Config Class Initialized
INFO - 2020-09-02 14:31:02 --> Hooks Class Initialized
DEBUG - 2020-09-02 14:31:02 --> UTF-8 Support Enabled
INFO - 2020-09-02 14:31:02 --> Utf8 Class Initialized
INFO - 2020-09-02 14:31:02 --> URI Class Initialized
DEBUG - 2020-09-02 14:31:02 --> No URI present. Default controller set.
INFO - 2020-09-02 14:31:02 --> Router Class Initialized
INFO - 2020-09-02 14:31:02 --> Output Class Initialized
INFO - 2020-09-02 14:31:02 --> Security Class Initialized
DEBUG - 2020-09-02 14:31:02 --> Global POST, GET and COOKIE data sanitized
INFO - 2020-09-02 14:31:02 --> Input Class Initialized
INFO - 2020-09-02 14:31:02 --> Language Class Initialized
INFO - 2020-09-02 14:31:02 --> Loader Class Initialized
INFO - 2020-09-02 14:31:02 --> Helper loaded: url_helper
INFO - 2020-09-02 14:31:02 --> Helper loaded: file_helper
INFO - 2020-09-02 14:31:02 --> Helper loaded: text_helper
INFO - 2020-09-02 14:31:02 --> Helper loaded: string_helper
INFO - 2020-09-02 14:31:02 --> Database Driver Class Initialized
INFO - 2020-09-02 14:31:02 --> Email Class Initialized
DEBUG - 2020-09-02 14:31:02 --> Session: "sess_save_path" is empty; using "session.save_path" value from php.ini.
INFO - 2020-09-02 14:31:02 --> Session: Class initialized using 'files' driver.
INFO - 2020-09-02 14:31:02 --> Helper loaded: form_helper
INFO - 2020-09-02 14:31:02 --> Form Validation Class Initialized
INFO - 2020-09-02 14:31:02 --> Controller Class Initialized
INFO - 2020-09-02 14:31:02 --> Model "M_auth" initialized
DEBUG - 2020-09-02 14:31:02 --> Form_validation class already loaded. Second attempt ignored.
DEBUG - 2020-09-02 14:31:02 --> Sc_check class already loaded. Second attempt ignored.
INFO - 2020-09-02 14:31:02 --> Helper loaded: captcha_helper
INFO - 2020-09-02 14:31:02 --> File loaded: C:\xampp\htdocs\scholarship\payment-officer\views\include/header.php
INFO - 2020-09-02 14:31:02 --> File loaded: C:\xampp\htdocs\scholarship\payment-officer\views\include/footer.php
INFO - 2020-09-02 14:31:02 --> File loaded: C:\xampp\htdocs\scholarship\payment-officer\views\include/msg.php
INFO - 2020-09-02 14:31:02 --> File loaded: C:\xampp\htdocs\scholarship\payment-officer\views\auth/login.php
INFO - 2020-09-02 14:31:02 --> Final output sent to browser
DEBUG - 2020-09-02 14:31:03 --> Total execution time: 0.3181
INFO - 2020-09-02 14:31:11 --> Config Class Initialized
INFO - 2020-09-02 14:31:11 --> Hooks Class Initialized
DEBUG - 2020-09-02 14:31:11 --> UTF-8 Support Enabled
INFO - 2020-09-02 14:31:11 --> Utf8 Class Initialized
INFO - 2020-09-02 14:31:11 --> URI Class Initialized
INFO - 2020-09-02 14:31:11 --> Router Class Initialized
INFO - 2020-09-02 14:31:11 --> Output Class Initialized
INFO - 2020-09-02 14:31:11 --> Security Class Initialized
DEBUG - 2020-09-02 14:31:11 --> Global POST, GET and COOKIE data sanitized
INFO - 2020-09-02 14:31:11 --> Input Class Initialized
INFO - 2020-09-02 14:31:11 --> Language Class Initialized
ERROR - 2020-09-02 14:31:11 --> 404 Page Not Found: Auth/emailcheck
INFO - 2020-09-02 14:31:22 --> Config Class Initialized
INFO - 2020-09-02 14:31:22 --> Hooks Class Initialized
DEBUG - 2020-09-02 14:31:22 --> UTF-8 Support Enabled
INFO - 2020-09-02 14:31:22 --> Utf8 Class Initialized
INFO - 2020-09-02 14:31:22 --> URI Class Initialized
INFO - 2020-09-02 14:31:22 --> Router Class Initialized
INFO - 2020-09-02 14:31:22 --> Output Class Initialized
INFO - 2020-09-02 14:31:22 --> Security Class Initialized
DEBUG - 2020-09-02 14:31:22 --> Global POST, GET and COOKIE data sanitized
INFO - 2020-09-02 14:31:22 --> Input Class Initialized
INFO - 2020-09-02 14:31:22 --> Language Class Initialized
INFO - 2020-09-02 14:31:22 --> Loader Class Initialized
INFO - 2020-09-02 14:31:22 --> Helper loaded: url_helper
INFO - 2020-09-02 14:31:22 --> Helper loaded: file_helper
INFO - 2020-09-02 14:31:22 --> Helper loaded: text_helper
INFO - 2020-09-02 14:31:22 --> Helper loaded: string_helper
INFO - 2020-09-02 14:31:22 --> Database Driver Class Initialized
INFO - 2020-09-02 14:31:22 --> Email Class Initialized
DEBUG - 2020-09-02 14:31:22 --> Session: "sess_save_path" is empty; using "session.save_path" value from php.ini.
INFO - 2020-09-02 14:31:23 --> Session: Class initialized using 'files' driver.
INFO - 2020-09-02 14:31:23 --> Helper loaded: form_helper
INFO - 2020-09-02 14:31:23 --> Form Validation Class Initialized
INFO - 2020-09-02 14:31:23 --> Controller Class Initialized
INFO - 2020-09-02 14:31:23 --> Model "M_auth" initialized
DEBUG - 2020-09-02 14:31:23 --> Form_validation class already loaded. Second attempt ignored.
DEBUG - 2020-09-02 14:31:23 --> Sc_check class already loaded. Second attempt ignored.
INFO - 2020-09-02 14:31:23 --> Helper loaded: captcha_helper
INFO - 2020-09-02 14:31:23 --> Language file loaded: language/english/form_validation_lang.php
INFO - 2020-09-02 14:31:23 --> ---------------------Success -- Finance officer Logged in with prathwi@5ine.ins and IP aaddress 127.0.0.1 --------------
INFO - 2020-09-02 14:31:23 --> Config Class Initialized
INFO - 2020-09-02 14:31:23 --> Hooks Class Initialized
DEBUG - 2020-09-02 14:31:23 --> UTF-8 Support Enabled
INFO - 2020-09-02 14:31:23 --> Utf8 Class Initialized
INFO - 2020-09-02 14:31:23 --> URI Class Initialized
INFO - 2020-09-02 14:31:23 --> Router Class Initialized
INFO - 2020-09-02 14:31:23 --> Output Class Initialized
INFO - 2020-09-02 14:31:23 --> Security Class Initialized
DEBUG - 2020-09-02 14:31:23 --> Global POST, GET and COOKIE data sanitized
INFO - 2020-09-02 14:31:23 --> Input Class Initialized
INFO - 2020-09-02 14:31:23 --> Language Class Initialized
INFO - 2020-09-02 14:31:23 --> Loader Class Initialized
INFO - 2020-09-02 14:31:23 --> Helper loaded: url_helper
INFO - 2020-09-02 14:31:23 --> Helper loaded: file_helper
INFO - 2020-09-02 14:31:23 --> Helper loaded: text_helper
INFO - 2020-09-02 14:31:23 --> Helper loaded: string_helper
INFO - 2020-09-02 14:31:23 --> Database Driver Class Initialized
INFO - 2020-09-02 14:31:23 --> Email Class Initialized
DEBUG - 2020-09-02 14:31:23 --> Session: "sess_save_path" is empty; using "session.save_path" value from php.ini.
INFO - 2020-09-02 14:31:23 --> Session: Class initialized using 'files' driver.
INFO - 2020-09-02 14:31:23 --> Helper loaded: form_helper
INFO - 2020-09-02 14:31:23 --> Form Validation Class Initialized
INFO - 2020-09-02 14:31:23 --> Controller Class Initialized
INFO - 2020-09-02 14:31:23 --> Model "M_dashboard" initialized
DEBUG - 2020-09-02 14:31:23 --> Form_validation class already loaded. Second attempt ignored.
INFO - 2020-09-02 14:31:23 --> Model "M_auth" initialized
INFO - 2020-09-02 14:31:23 --> File loaded: C:\xampp\htdocs\scholarship\payment-officer\views\include/header.php
INFO - 2020-09-02 14:31:23 --> File loaded: C:\xampp\htdocs\scholarship\payment-officer\views\include/menu.php
INFO - 2020-09-02 14:31:23 --> File loaded: C:\xampp\htdocs\scholarship\payment-officer\views\include/footer.php
INFO - 2020-09-02 14:31:23 --> File loaded: C:\xampp\htdocs\scholarship\payment-officer\views\include/msg.php
INFO - 2020-09-02 14:31:23 --> File loaded: C:\xampp\htdocs\scholarship\payment-officer\views\dashboard/index.php
INFO - 2020-09-02 14:31:23 --> Final output sent to browser
DEBUG - 2020-09-02 14:31:23 --> Total execution time: 0.6753
INFO - 2020-09-02 14:31:24 --> Config Class Initialized
INFO - 2020-09-02 14:31:24 --> Hooks Class Initialized
DEBUG - 2020-09-02 14:31:24 --> UTF-8 Support Enabled
INFO - 2020-09-02 14:31:24 --> Utf8 Class Initialized
INFO - 2020-09-02 14:31:24 --> URI Class Initialized
INFO - 2020-09-02 14:31:25 --> Router Class Initialized
INFO - 2020-09-02 14:31:25 --> Output Class Initialized
INFO - 2020-09-02 14:31:25 --> Security Class Initialized
DEBUG - 2020-09-02 14:31:25 --> Global POST, GET and COOKIE data sanitized
INFO - 2020-09-02 14:31:25 --> Input Class Initialized
INFO - 2020-09-02 14:31:25 --> Language Class Initialized
INFO - 2020-09-02 14:31:25 --> Loader Class Initialized
INFO - 2020-09-02 14:31:25 --> Helper loaded: url_helper
INFO - 2020-09-02 14:31:25 --> Helper loaded: file_helper
INFO - 2020-09-02 14:31:25 --> Helper loaded: text_helper
INFO - 2020-09-02 14:31:25 --> Helper loaded: string_helper
INFO - 2020-09-02 14:31:25 --> Database Driver Class Initialized
INFO - 2020-09-02 14:31:25 --> Email Class Initialized
DEBUG - 2020-09-02 14:31:25 --> Session: "sess_save_path" is empty; using "session.save_path" value from php.ini.
INFO - 2020-09-02 14:31:25 --> Session: Class initialized using 'files' driver.
INFO - 2020-09-02 14:31:25 --> Helper loaded: form_helper
INFO - 2020-09-02 14:31:25 --> Form Validation Class Initialized
INFO - 2020-09-02 14:31:25 --> Controller Class Initialized
INFO - 2020-09-02 14:31:25 --> Model "M_dashboard" initialized
DEBUG - 2020-09-02 14:31:25 --> Form_validation class already loaded. Second attempt ignored.
INFO - 2020-09-02 14:31:25 --> Model "M_auth" initialized
INFO - 2020-09-02 14:31:25 --> Final output sent to browser
DEBUG - 2020-09-02 14:31:25 --> Total execution time: 0.4467
INFO - 2020-09-02 14:31:58 --> Config Class Initialized
INFO - 2020-09-02 14:31:58 --> Hooks Class Initialized
DEBUG - 2020-09-02 14:31:58 --> UTF-8 Support Enabled
INFO - 2020-09-02 14:31:58 --> Utf8 Class Initialized
INFO - 2020-09-02 14:31:58 --> URI Class Initialized
INFO - 2020-09-02 14:31:58 --> Router Class Initialized
INFO - 2020-09-02 14:31:58 --> Output Class Initialized
INFO - 2020-09-02 14:31:58 --> Security Class Initialized
DEBUG - 2020-09-02 14:31:58 --> Global POST, GET and COOKIE data sanitized
INFO - 2020-09-02 14:31:58 --> Input Class Initialized
INFO - 2020-09-02 14:31:58 --> Language Class Initialized
INFO - 2020-09-02 14:31:58 --> Loader Class Initialized
INFO - 2020-09-02 14:31:58 --> Helper loaded: url_helper
INFO - 2020-09-02 14:31:58 --> Helper loaded: file_helper
INFO - 2020-09-02 14:31:58 --> Helper loaded: text_helper
INFO - 2020-09-02 14:31:58 --> Helper loaded: string_helper
INFO - 2020-09-02 14:31:58 --> Database Driver Class Initialized
INFO - 2020-09-02 14:31:58 --> Email Class Initialized
DEBUG - 2020-09-02 14:31:58 --> Session: "sess_save_path" is empty; using "session.save_path" value from php.ini.
INFO - 2020-09-02 14:31:58 --> Session: Class initialized using 'files' driver.
INFO - 2020-09-02 14:31:58 --> Helper loaded: form_helper
INFO - 2020-09-02 14:31:58 --> Form Validation Class Initialized
INFO - 2020-09-02 14:31:58 --> Controller Class Initialized
INFO - 2020-09-02 14:31:58 --> Model "M_auth" initialized
DEBUG - 2020-09-02 14:31:58 --> Form_validation class already loaded. Second attempt ignored.
DEBUG - 2020-09-02 14:31:58 --> Sc_check class already loaded. Second attempt ignored.
INFO - 2020-09-02 14:31:58 --> Helper loaded: captcha_helper
INFO - 2020-09-02 14:31:58 --> Config Class Initialized
INFO - 2020-09-02 14:31:58 --> Hooks Class Initialized
DEBUG - 2020-09-02 14:31:58 --> UTF-8 Support Enabled
INFO - 2020-09-02 14:31:58 --> Utf8 Class Initialized
INFO - 2020-09-02 14:31:58 --> URI Class Initialized
DEBUG - 2020-09-02 14:31:58 --> No URI present. Default controller set.
INFO - 2020-09-02 14:31:58 --> Router Class Initialized
INFO - 2020-09-02 14:31:58 --> Output Class Initialized
INFO - 2020-09-02 14:31:58 --> Security Class Initialized
DEBUG - 2020-09-02 14:31:58 --> Global POST, GET and COOKIE data sanitized
INFO - 2020-09-02 14:31:58 --> Input Class Initialized
INFO - 2020-09-02 14:31:58 --> Language Class Initialized
INFO - 2020-09-02 14:31:58 --> Loader Class Initialized
INFO - 2020-09-02 14:31:58 --> Helper loaded: url_helper
INFO - 2020-09-02 14:31:58 --> Helper loaded: file_helper
INFO - 2020-09-02 14:31:58 --> Helper loaded: text_helper
INFO - 2020-09-02 14:31:58 --> Helper loaded: string_helper
INFO - 2020-09-02 14:31:58 --> Database Driver Class Initialized
INFO - 2020-09-02 14:31:58 --> Email Class Initialized
DEBUG - 2020-09-02 14:31:58 --> Session: "sess_save_path" is empty; using "session.save_path" value from php.ini.
INFO - 2020-09-02 14:31:58 --> Session: Class initialized using 'files' driver.
INFO - 2020-09-02 14:31:58 --> Helper loaded: form_helper
INFO - 2020-09-02 14:31:58 --> Form Validation Class Initialized
INFO - 2020-09-02 14:31:58 --> Controller Class Initialized
INFO - 2020-09-02 14:31:58 --> Model "M_auth" initialized
DEBUG - 2020-09-02 14:31:58 --> Form_validation class already loaded. Second attempt ignored.
DEBUG - 2020-09-02 14:31:58 --> Sc_check class already loaded. Second attempt ignored.
INFO - 2020-09-02 14:31:58 --> Helper loaded: captcha_helper
INFO - 2020-09-02 14:31:58 --> File loaded: C:\xampp\htdocs\scholarship\payment-officer\views\include/header.php
INFO - 2020-09-02 14:31:58 --> File loaded: C:\xampp\htdocs\scholarship\payment-officer\views\include/footer.php
INFO - 2020-09-02 14:31:58 --> File loaded: C:\xampp\htdocs\scholarship\payment-officer\views\include/msg.php
INFO - 2020-09-02 14:31:58 --> File loaded: C:\xampp\htdocs\scholarship\payment-officer\views\auth/login.php
INFO - 2020-09-02 14:31:58 --> Final output sent to browser
DEBUG - 2020-09-02 14:31:58 --> Total execution time: 0.3600
INFO - 2020-09-02 17:29:41 --> Config Class Initialized
INFO - 2020-09-02 17:29:41 --> Hooks Class Initialized
DEBUG - 2020-09-02 17:29:41 --> UTF-8 Support Enabled
INFO - 2020-09-02 17:29:41 --> Utf8 Class Initialized
INFO - 2020-09-02 17:29:41 --> URI Class Initialized
DEBUG - 2020-09-02 17:29:41 --> No URI present. Default controller set.
INFO - 2020-09-02 17:29:41 --> Router Class Initialized
INFO - 2020-09-02 17:29:41 --> Output Class Initialized
INFO - 2020-09-02 17:29:41 --> Security Class Initialized
DEBUG - 2020-09-02 17:29:41 --> Global POST, GET and COOKIE data sanitized
INFO - 2020-09-02 17:29:41 --> Input Class Initialized
INFO - 2020-09-02 17:29:41 --> Language Class Initialized
INFO - 2020-09-02 17:29:41 --> Loader Class Initialized
INFO - 2020-09-02 17:29:41 --> Helper loaded: url_helper
INFO - 2020-09-02 17:29:41 --> Helper loaded: file_helper
INFO - 2020-09-02 17:29:41 --> Helper loaded: text_helper
INFO - 2020-09-02 17:29:41 --> Helper loaded: string_helper
INFO - 2020-09-02 17:29:41 --> Database Driver Class Initialized
INFO - 2020-09-02 17:29:41 --> Email Class Initialized
DEBUG - 2020-09-02 17:29:41 --> Session: "sess_save_path" is empty; using "session.save_path" value from php.ini.
INFO - 2020-09-02 17:29:41 --> Session: Class initialized using 'files' driver.
INFO - 2020-09-02 17:29:41 --> Helper loaded: form_helper
INFO - 2020-09-02 17:29:41 --> Form Validation Class Initialized
INFO - 2020-09-02 17:29:41 --> Controller Class Initialized
INFO - 2020-09-02 17:29:41 --> Model "M_auth" initialized
DEBUG - 2020-09-02 17:29:41 --> Form_validation class already loaded. Second attempt ignored.
DEBUG - 2020-09-02 17:29:41 --> Sc_check class already loaded. Second attempt ignored.
INFO - 2020-09-02 17:29:41 --> Helper loaded: captcha_helper
INFO - 2020-09-02 17:29:41 --> File loaded: C:\xampp\htdocs\scholarship\payment-officer\views\include/header.php
INFO - 2020-09-02 17:29:41 --> File loaded: C:\xampp\htdocs\scholarship\payment-officer\views\include/footer.php
INFO - 2020-09-02 17:29:41 --> File loaded: C:\xampp\htdocs\scholarship\payment-officer\views\include/msg.php
INFO - 2020-09-02 17:29:41 --> File loaded: C:\xampp\htdocs\scholarship\payment-officer\views\auth/login.php
INFO - 2020-09-02 17:29:41 --> Final output sent to browser
DEBUG - 2020-09-02 17:29:41 --> Total execution time: 0.7510
INFO - 2020-09-02 17:29:48 --> Config Class Initialized
INFO - 2020-09-02 17:29:48 --> Hooks Class Initialized
DEBUG - 2020-09-02 17:29:48 --> UTF-8 Support Enabled
INFO - 2020-09-02 17:29:48 --> Utf8 Class Initialized
INFO - 2020-09-02 17:29:48 --> URI Class Initialized
INFO - 2020-09-02 17:29:48 --> Router Class Initialized
INFO - 2020-09-02 17:29:48 --> Output Class Initialized
INFO - 2020-09-02 17:29:48 --> Security Class Initialized
DEBUG - 2020-09-02 17:29:48 --> Global POST, GET and COOKIE data sanitized
INFO - 2020-09-02 17:29:48 --> Input Class Initialized
INFO - 2020-09-02 17:29:48 --> Language Class Initialized
ERROR - 2020-09-02 17:29:48 --> 404 Page Not Found: Auth/emailcheck
INFO - 2020-09-02 17:29:55 --> Config Class Initialized
INFO - 2020-09-02 17:29:55 --> Hooks Class Initialized
DEBUG - 2020-09-02 17:29:55 --> UTF-8 Support Enabled
INFO - 2020-09-02 17:29:55 --> Utf8 Class Initialized
INFO - 2020-09-02 17:29:55 --> URI Class Initialized
INFO - 2020-09-02 17:29:55 --> Router Class Initialized
INFO - 2020-09-02 17:29:55 --> Output Class Initialized
INFO - 2020-09-02 17:29:55 --> Security Class Initialized
DEBUG - 2020-09-02 17:29:55 --> Global POST, GET and COOKIE data sanitized
INFO - 2020-09-02 17:29:55 --> Input Class Initialized
INFO - 2020-09-02 17:29:55 --> Language Class Initialized
INFO - 2020-09-02 17:29:55 --> Loader Class Initialized
INFO - 2020-09-02 17:29:55 --> Helper loaded: url_helper
INFO - 2020-09-02 17:29:55 --> Helper loaded: file_helper
INFO - 2020-09-02 17:29:55 --> Helper loaded: text_helper
INFO - 2020-09-02 17:29:55 --> Helper loaded: string_helper
INFO - 2020-09-02 17:29:56 --> Database Driver Class Initialized
INFO - 2020-09-02 17:29:56 --> Email Class Initialized
DEBUG - 2020-09-02 17:29:56 --> Session: "sess_save_path" is empty; using "session.save_path" value from php.ini.
INFO - 2020-09-02 17:29:56 --> Session: Class initialized using 'files' driver.
INFO - 2020-09-02 17:29:56 --> Helper loaded: form_helper
INFO - 2020-09-02 17:29:56 --> Form Validation Class Initialized
INFO - 2020-09-02 17:29:56 --> Controller Class Initialized
INFO - 2020-09-02 17:29:56 --> Model "M_auth" initialized
DEBUG - 2020-09-02 17:29:56 --> Form_validation class already loaded. Second attempt ignored.
DEBUG - 2020-09-02 17:29:56 --> Sc_check class already loaded. Second attempt ignored.
INFO - 2020-09-02 17:29:56 --> Helper loaded: captcha_helper
INFO - 2020-09-02 17:29:56 --> Config Class Initialized
INFO - 2020-09-02 17:29:56 --> Hooks Class Initialized
DEBUG - 2020-09-02 17:29:56 --> UTF-8 Support Enabled
INFO - 2020-09-02 17:29:56 --> Utf8 Class Initialized
INFO - 2020-09-02 17:29:56 --> URI Class Initialized
DEBUG - 2020-09-02 17:29:56 --> No URI present. Default controller set.
INFO - 2020-09-02 17:29:56 --> Router Class Initialized
INFO - 2020-09-02 17:29:56 --> Output Class Initialized
INFO - 2020-09-02 17:29:56 --> Security Class Initialized
DEBUG - 2020-09-02 17:29:56 --> Global POST, GET and COOKIE data sanitized
INFO - 2020-09-02 17:29:56 --> Input Class Initialized
INFO - 2020-09-02 17:29:56 --> Language Class Initialized
INFO - 2020-09-02 17:29:56 --> Loader Class Initialized
INFO - 2020-09-02 17:29:56 --> Helper loaded: url_helper
INFO - 2020-09-02 17:29:56 --> Helper loaded: file_helper
INFO - 2020-09-02 17:29:56 --> Helper loaded: text_helper
INFO - 2020-09-02 17:29:56 --> Helper loaded: string_helper
INFO - 2020-09-02 17:29:56 --> Database Driver Class Initialized
INFO - 2020-09-02 17:29:56 --> Email Class Initialized
DEBUG - 2020-09-02 17:29:56 --> Session: "sess_save_path" is empty; using "session.save_path" value from php.ini.
INFO - 2020-09-02 17:29:56 --> Session: Class initialized using 'files' driver.
INFO - 2020-09-02 17:29:56 --> Helper loaded: form_helper
INFO - 2020-09-02 17:29:56 --> Form Validation Class Initialized
INFO - 2020-09-02 17:29:56 --> Controller Class Initialized
INFO - 2020-09-02 17:29:56 --> Model "M_auth" initialized
DEBUG - 2020-09-02 17:29:56 --> Form_validation class already loaded. Second attempt ignored.
DEBUG - 2020-09-02 17:29:56 --> Sc_check class already loaded. Second attempt ignored.
INFO - 2020-09-02 17:29:56 --> Helper loaded: captcha_helper
INFO - 2020-09-02 17:29:56 --> File loaded: C:\xampp\htdocs\scholarship\payment-officer\views\include/header.php
INFO - 2020-09-02 17:29:56 --> File loaded: C:\xampp\htdocs\scholarship\payment-officer\views\include/footer.php
INFO - 2020-09-02 17:29:56 --> File loaded: C:\xampp\htdocs\scholarship\payment-officer\views\include/msg.php
INFO - 2020-09-02 17:29:56 --> File loaded: C:\xampp\htdocs\scholarship\payment-officer\views\auth/login.php
INFO - 2020-09-02 17:29:56 --> Final output sent to browser
DEBUG - 2020-09-02 17:29:56 --> Total execution time: 0.3423
INFO - 2020-09-02 17:30:03 --> Config Class Initialized
INFO - 2020-09-02 17:30:03 --> Hooks Class Initialized
DEBUG - 2020-09-02 17:30:03 --> UTF-8 Support Enabled
INFO - 2020-09-02 17:30:03 --> Utf8 Class Initialized
INFO - 2020-09-02 17:30:03 --> URI Class Initialized
INFO - 2020-09-02 17:30:03 --> Router Class Initialized
INFO - 2020-09-02 17:30:03 --> Output Class Initialized
INFO - 2020-09-02 17:30:03 --> Security Class Initialized
DEBUG - 2020-09-02 17:30:03 --> Global POST, GET and COOKIE data sanitized
INFO - 2020-09-02 17:30:03 --> Input Class Initialized
INFO - 2020-09-02 17:30:03 --> Language Class Initialized
ERROR - 2020-09-02 17:30:03 --> 404 Page Not Found: Auth/emailcheck
INFO - 2020-09-02 17:30:08 --> Config Class Initialized
INFO - 2020-09-02 17:30:08 --> Hooks Class Initialized
DEBUG - 2020-09-02 17:30:08 --> UTF-8 Support Enabled
INFO - 2020-09-02 17:30:08 --> Utf8 Class Initialized
INFO - 2020-09-02 17:30:08 --> URI Class Initialized
INFO - 2020-09-02 17:30:08 --> Router Class Initialized
INFO - 2020-09-02 17:30:08 --> Output Class Initialized
INFO - 2020-09-02 17:30:08 --> Security Class Initialized
DEBUG - 2020-09-02 17:30:08 --> Global POST, GET and COOKIE data sanitized
INFO - 2020-09-02 17:30:08 --> Input Class Initialized
INFO - 2020-09-02 17:30:08 --> Language Class Initialized
INFO - 2020-09-02 17:30:08 --> Loader Class Initialized
INFO - 2020-09-02 17:30:09 --> Helper loaded: url_helper
INFO - 2020-09-02 17:30:09 --> Helper loaded: file_helper
INFO - 2020-09-02 17:30:09 --> Helper loaded: text_helper
INFO - 2020-09-02 17:30:09 --> Helper loaded: string_helper
INFO - 2020-09-02 17:30:09 --> Database Driver Class Initialized
INFO - 2020-09-02 17:30:09 --> Email Class Initialized
DEBUG - 2020-09-02 17:30:09 --> Session: "sess_save_path" is empty; using "session.save_path" value from php.ini.
INFO - 2020-09-02 17:30:09 --> Session: Class initialized using 'files' driver.
INFO - 2020-09-02 17:30:09 --> Helper loaded: form_helper
INFO - 2020-09-02 17:30:09 --> Form Validation Class Initialized
INFO - 2020-09-02 17:30:09 --> Controller Class Initialized
INFO - 2020-09-02 17:30:09 --> Model "M_auth" initialized
DEBUG - 2020-09-02 17:30:09 --> Form_validation class already loaded. Second attempt ignored.
DEBUG - 2020-09-02 17:30:09 --> Sc_check class already loaded. Second attempt ignored.
INFO - 2020-09-02 17:30:09 --> Helper loaded: captcha_helper
INFO - 2020-09-02 17:30:09 --> Language file loaded: language/english/form_validation_lang.php
INFO - 2020-09-02 17:30:09 --> ---------------------Success -- Finance officer Logged in with prathwi@5ine.ins and IP aaddress ::1 --------------
INFO - 2020-09-02 17:30:09 --> Config Class Initialized
INFO - 2020-09-02 17:30:09 --> Hooks Class Initialized
DEBUG - 2020-09-02 17:30:09 --> UTF-8 Support Enabled
INFO - 2020-09-02 17:30:09 --> Utf8 Class Initialized
INFO - 2020-09-02 17:30:09 --> URI Class Initialized
INFO - 2020-09-02 17:30:09 --> Router Class Initialized
INFO - 2020-09-02 17:30:09 --> Output Class Initialized
INFO - 2020-09-02 17:30:09 --> Security Class Initialized
DEBUG - 2020-09-02 17:30:09 --> Global POST, GET and COOKIE data sanitized
INFO - 2020-09-02 17:30:09 --> Input Class Initialized
INFO - 2020-09-02 17:30:09 --> Language Class Initialized
INFO - 2020-09-02 17:30:09 --> Loader Class Initialized
INFO - 2020-09-02 17:30:09 --> Helper loaded: url_helper
INFO - 2020-09-02 17:30:09 --> Helper loaded: file_helper
INFO - 2020-09-02 17:30:09 --> Helper loaded: text_helper
INFO - 2020-09-02 17:30:09 --> Helper loaded: string_helper
INFO - 2020-09-02 17:30:09 --> Database Driver Class Initialized
INFO - 2020-09-02 17:30:09 --> Email Class Initialized
DEBUG - 2020-09-02 17:30:09 --> Session: "sess_save_path" is empty; using "session.save_path" value from php.ini.
INFO - 2020-09-02 17:30:09 --> Session: Class initialized using 'files' driver.
INFO - 2020-09-02 17:30:09 --> Helper loaded: form_helper
INFO - 2020-09-02 17:30:09 --> Form Validation Class Initialized
INFO - 2020-09-02 17:30:09 --> Controller Class Initialized
INFO - 2020-09-02 17:30:09 --> Model "M_dashboard" initialized
DEBUG - 2020-09-02 17:30:09 --> Form_validation class already loaded. Second attempt ignored.
INFO - 2020-09-02 17:30:09 --> Model "M_auth" initialized
INFO - 2020-09-02 17:30:09 --> File loaded: C:\xampp\htdocs\scholarship\payment-officer\views\include/header.php
INFO - 2020-09-02 17:30:09 --> File loaded: C:\xampp\htdocs\scholarship\payment-officer\views\include/menu.php
INFO - 2020-09-02 17:30:09 --> File loaded: C:\xampp\htdocs\scholarship\payment-officer\views\include/footer.php
INFO - 2020-09-02 17:30:09 --> File loaded: C:\xampp\htdocs\scholarship\payment-officer\views\include/msg.php
INFO - 2020-09-02 17:30:09 --> File loaded: C:\xampp\htdocs\scholarship\payment-officer\views\dashboard/index.php
INFO - 2020-09-02 17:30:09 --> Final output sent to browser
DEBUG - 2020-09-02 17:30:09 --> Total execution time: 0.5838
INFO - 2020-09-02 17:30:10 --> Config Class Initialized
INFO - 2020-09-02 17:30:10 --> Hooks Class Initialized
DEBUG - 2020-09-02 17:30:10 --> UTF-8 Support Enabled
INFO - 2020-09-02 17:30:10 --> Utf8 Class Initialized
INFO - 2020-09-02 17:30:10 --> URI Class Initialized
INFO - 2020-09-02 17:30:10 --> Router Class Initialized
INFO - 2020-09-02 17:30:10 --> Output Class Initialized
INFO - 2020-09-02 17:30:10 --> Security Class Initialized
DEBUG - 2020-09-02 17:30:10 --> Global POST, GET and COOKIE data sanitized
INFO - 2020-09-02 17:30:10 --> Input Class Initialized
INFO - 2020-09-02 17:30:10 --> Language Class Initialized
INFO - 2020-09-02 17:30:10 --> Loader Class Initialized
INFO - 2020-09-02 17:30:10 --> Helper loaded: url_helper
INFO - 2020-09-02 17:30:10 --> Helper loaded: file_helper
INFO - 2020-09-02 17:30:10 --> Helper loaded: text_helper
INFO - 2020-09-02 17:30:10 --> Helper loaded: string_helper
INFO - 2020-09-02 17:30:10 --> Database Driver Class Initialized
INFO - 2020-09-02 17:30:10 --> Email Class Initialized
DEBUG - 2020-09-02 17:30:10 --> Session: "sess_save_path" is empty; using "session.save_path" value from php.ini.
INFO - 2020-09-02 17:30:10 --> Session: Class initialized using 'files' driver.
INFO - 2020-09-02 17:30:10 --> Helper loaded: form_helper
INFO - 2020-09-02 17:30:10 --> Form Validation Class Initialized
INFO - 2020-09-02 17:30:10 --> Controller Class Initialized
INFO - 2020-09-02 17:30:10 --> Model "M_dashboard" initialized
DEBUG - 2020-09-02 17:30:10 --> Form_validation class already loaded. Second attempt ignored.
INFO - 2020-09-02 17:30:10 --> Model "M_auth" initialized
INFO - 2020-09-02 17:30:10 --> Final output sent to browser
DEBUG - 2020-09-02 17:30:10 --> Total execution time: 0.4556
INFO - 2020-09-02 17:30:14 --> Config Class Initialized
INFO - 2020-09-02 17:30:14 --> Hooks Class Initialized
DEBUG - 2020-09-02 17:30:14 --> UTF-8 Support Enabled
INFO - 2020-09-02 17:30:14 --> Utf8 Class Initialized
INFO - 2020-09-02 17:30:14 --> URI Class Initialized
INFO - 2020-09-02 17:30:14 --> Router Class Initialized
INFO - 2020-09-02 17:30:14 --> Output Class Initialized
INFO - 2020-09-02 17:30:14 --> Security Class Initialized
DEBUG - 2020-09-02 17:30:14 --> Global POST, GET and COOKIE data sanitized
INFO - 2020-09-02 17:30:14 --> Input Class Initialized
INFO - 2020-09-02 17:30:14 --> Language Class Initialized
INFO - 2020-09-02 17:30:14 --> Loader Class Initialized
INFO - 2020-09-02 17:30:14 --> Helper loaded: url_helper
INFO - 2020-09-02 17:30:14 --> Helper loaded: file_helper
INFO - 2020-09-02 17:30:14 --> Helper loaded: text_helper
INFO - 2020-09-02 17:30:14 --> Helper loaded: string_helper
INFO - 2020-09-02 17:30:14 --> Database Driver Class Initialized
INFO - 2020-09-02 17:30:14 --> Email Class Initialized
DEBUG - 2020-09-02 17:30:14 --> Session: "sess_save_path" is empty; using "session.save_path" value from php.ini.
INFO - 2020-09-02 17:30:14 --> Session: Class initialized using 'files' driver.
INFO - 2020-09-02 17:30:14 --> Helper loaded: form_helper
INFO - 2020-09-02 17:30:14 --> Form Validation Class Initialized
INFO - 2020-09-02 17:30:14 --> Controller Class Initialized
INFO - 2020-09-02 17:30:14 --> Model "M_payments" initialized
DEBUG - 2020-09-02 17:30:14 --> Encryption: Auto-configured driver 'openssl'.
INFO - 2020-09-02 17:30:14 --> Encryption: OpenSSL initialized with method AES-128-CBC.
INFO - 2020-09-02 17:30:14 --> Encryption Class Initialized
INFO - 2020-09-02 17:30:14 --> File loaded: C:\xampp\htdocs\scholarship\payment-officer\views\include/header.php
INFO - 2020-09-02 17:30:14 --> File loaded: C:\xampp\htdocs\scholarship\payment-officer\views\include/menu.php
INFO - 2020-09-02 17:30:14 --> File loaded: C:\xampp\htdocs\scholarship\payment-officer\views\include/footer.php
INFO - 2020-09-02 17:30:14 --> File loaded: C:\xampp\htdocs\scholarship\payment-officer\views\include/msg.php
INFO - 2020-09-02 17:30:14 --> File loaded: C:\xampp\htdocs\scholarship\payment-officer\views\industry/payment.php
INFO - 2020-09-02 17:30:14 --> Final output sent to browser
DEBUG - 2020-09-02 17:30:14 --> Total execution time: 0.4955
INFO - 2020-09-02 17:30:17 --> Config Class Initialized
INFO - 2020-09-02 17:30:17 --> Hooks Class Initialized
DEBUG - 2020-09-02 17:30:17 --> UTF-8 Support Enabled
INFO - 2020-09-02 17:30:17 --> Utf8 Class Initialized
INFO - 2020-09-02 17:30:17 --> URI Class Initialized
INFO - 2020-09-02 17:30:17 --> Router Class Initialized
INFO - 2020-09-02 17:30:17 --> Output Class Initialized
INFO - 2020-09-02 17:30:17 --> Security Class Initialized
DEBUG - 2020-09-02 17:30:17 --> Global POST, GET and COOKIE data sanitized
INFO - 2020-09-02 17:30:17 --> Input Class Initialized
INFO - 2020-09-02 17:30:17 --> Language Class Initialized
INFO - 2020-09-02 17:30:17 --> Loader Class Initialized
INFO - 2020-09-02 17:30:17 --> Helper loaded: url_helper
INFO - 2020-09-02 17:30:17 --> Helper loaded: file_helper
INFO - 2020-09-02 17:30:17 --> Helper loaded: text_helper
INFO - 2020-09-02 17:30:17 --> Helper loaded: string_helper
INFO - 2020-09-02 17:30:17 --> Database Driver Class Initialized
INFO - 2020-09-02 17:30:17 --> Email Class Initialized
DEBUG - 2020-09-02 17:30:17 --> Session: "sess_save_path" is empty; using "session.save_path" value from php.ini.
INFO - 2020-09-02 17:30:17 --> Session: Class initialized using 'files' driver.
INFO - 2020-09-02 17:30:17 --> Helper loaded: form_helper
INFO - 2020-09-02 17:30:17 --> Form Validation Class Initialized
INFO - 2020-09-02 17:30:17 --> Controller Class Initialized
INFO - 2020-09-02 17:30:17 --> Model "M_payments" initialized
DEBUG - 2020-09-02 17:30:17 --> Encryption: Auto-configured driver 'openssl'.
INFO - 2020-09-02 17:30:17 --> Encryption: OpenSSL initialized with method AES-128-CBC.
INFO - 2020-09-02 17:30:17 --> Encryption Class Initialized
INFO - 2020-09-02 17:30:17 --> File loaded: C:\xampp\htdocs\scholarship\payment-officer\views\include/header.php
INFO - 2020-09-02 17:30:17 --> File loaded: C:\xampp\htdocs\scholarship\payment-officer\views\include/menu.php
INFO - 2020-09-02 17:30:17 --> File loaded: C:\xampp\htdocs\scholarship\payment-officer\views\include/footer.php
INFO - 2020-09-02 17:30:17 --> File loaded: C:\xampp\htdocs\scholarship\payment-officer\views\include/msg.php
INFO - 2020-09-02 17:30:17 --> File loaded: C:\xampp\htdocs\scholarship\payment-officer\views\industry/pend_payment.php
INFO - 2020-09-02 17:30:17 --> Final output sent to browser
DEBUG - 2020-09-02 17:30:17 --> Total execution time: 0.4643
INFO - 2020-09-02 17:30:21 --> Config Class Initialized
INFO - 2020-09-02 17:30:21 --> Hooks Class Initialized
DEBUG - 2020-09-02 17:30:21 --> UTF-8 Support Enabled
INFO - 2020-09-02 17:30:21 --> Utf8 Class Initialized
INFO - 2020-09-02 17:30:21 --> URI Class Initialized
INFO - 2020-09-02 17:30:21 --> Router Class Initialized
INFO - 2020-09-02 17:30:21 --> Output Class Initialized
INFO - 2020-09-02 17:30:22 --> Security Class Initialized
DEBUG - 2020-09-02 17:30:22 --> Global POST, GET and COOKIE data sanitized
INFO - 2020-09-02 17:30:22 --> Input Class Initialized
INFO - 2020-09-02 17:30:22 --> Language Class Initialized
INFO - 2020-09-02 17:30:22 --> Loader Class Initialized
INFO - 2020-09-02 17:30:22 --> Helper loaded: url_helper
INFO - 2020-09-02 17:30:22 --> Helper loaded: file_helper
INFO - 2020-09-02 17:30:22 --> Helper loaded: text_helper
INFO - 2020-09-02 17:30:22 --> Helper loaded: string_helper
INFO - 2020-09-02 17:30:22 --> Database Driver Class Initialized
INFO - 2020-09-02 17:30:22 --> Email Class Initialized
DEBUG - 2020-09-02 17:30:22 --> Session: "sess_save_path" is empty; using "session.save_path" value from php.ini.
INFO - 2020-09-02 17:30:22 --> Session: Class initialized using 'files' driver.
INFO - 2020-09-02 17:30:22 --> Helper loaded: form_helper
INFO - 2020-09-02 17:30:22 --> Form Validation Class Initialized
INFO - 2020-09-02 17:30:22 --> Controller Class Initialized
INFO - 2020-09-02 17:30:22 --> Model "M_auth" initialized
DEBUG - 2020-09-02 17:30:22 --> Form_validation class already loaded. Second attempt ignored.
DEBUG - 2020-09-02 17:30:22 --> Sc_check class already loaded. Second attempt ignored.
INFO - 2020-09-02 17:30:22 --> Helper loaded: captcha_helper
INFO - 2020-09-02 17:30:22 --> Config Class Initialized
INFO - 2020-09-02 17:30:22 --> Hooks Class Initialized
DEBUG - 2020-09-02 17:30:22 --> UTF-8 Support Enabled
INFO - 2020-09-02 17:30:22 --> Utf8 Class Initialized
INFO - 2020-09-02 17:30:22 --> URI Class Initialized
DEBUG - 2020-09-02 17:30:22 --> No URI present. Default controller set.
INFO - 2020-09-02 17:30:22 --> Router Class Initialized
INFO - 2020-09-02 17:30:22 --> Output Class Initialized
INFO - 2020-09-02 17:30:22 --> Security Class Initialized
DEBUG - 2020-09-02 17:30:22 --> Global POST, GET and COOKIE data sanitized
INFO - 2020-09-02 17:30:22 --> Input Class Initialized
INFO - 2020-09-02 17:30:22 --> Language Class Initialized
INFO - 2020-09-02 17:30:22 --> Loader Class Initialized
INFO - 2020-09-02 17:30:22 --> Helper loaded: url_helper
INFO - 2020-09-02 17:30:22 --> Helper loaded: file_helper
INFO - 2020-09-02 17:30:22 --> Helper loaded: text_helper
INFO - 2020-09-02 17:30:22 --> Helper loaded: string_helper
INFO - 2020-09-02 17:30:22 --> Database Driver Class Initialized
INFO - 2020-09-02 17:30:22 --> Email Class Initialized
DEBUG - 2020-09-02 17:30:22 --> Session: "sess_save_path" is empty; using "session.save_path" value from php.ini.
INFO - 2020-09-02 17:30:22 --> Session: Class initialized using 'files' driver.
INFO - 2020-09-02 17:30:22 --> Helper loaded: form_helper
INFO - 2020-09-02 17:30:22 --> Form Validation Class Initialized
INFO - 2020-09-02 17:30:22 --> Controller Class Initialized
INFO - 2020-09-02 17:30:22 --> Model "M_auth" initialized
DEBUG - 2020-09-02 17:30:22 --> Form_validation class already loaded. Second attempt ignored.
DEBUG - 2020-09-02 17:30:22 --> Sc_check class already loaded. Second attempt ignored.
INFO - 2020-09-02 17:30:22 --> Helper loaded: captcha_helper
INFO - 2020-09-02 17:30:22 --> File loaded: C:\xampp\htdocs\scholarship\payment-officer\views\include/header.php
INFO - 2020-09-02 17:30:22 --> File loaded: C:\xampp\htdocs\scholarship\payment-officer\views\include/footer.php
INFO - 2020-09-02 17:30:22 --> File loaded: C:\xampp\htdocs\scholarship\payment-officer\views\include/msg.php
INFO - 2020-09-02 17:30:22 --> File loaded: C:\xampp\htdocs\scholarship\payment-officer\views\auth/login.php
INFO - 2020-09-02 17:30:22 --> Final output sent to browser
DEBUG - 2020-09-02 17:30:22 --> Total execution time: 0.4745
INFO - 2020-09-02 17:34:02 --> Config Class Initialized
INFO - 2020-09-02 17:34:02 --> Hooks Class Initialized
DEBUG - 2020-09-02 17:34:02 --> UTF-8 Support Enabled
INFO - 2020-09-02 17:34:02 --> Utf8 Class Initialized
INFO - 2020-09-02 17:34:02 --> URI Class Initialized
DEBUG - 2020-09-02 17:34:02 --> No URI present. Default controller set.
INFO - 2020-09-02 17:34:02 --> Router Class Initialized
INFO - 2020-09-02 17:34:02 --> Output Class Initialized
INFO - 2020-09-02 17:34:02 --> Security Class Initialized
DEBUG - 2020-09-02 17:34:02 --> Global POST, GET and COOKIE data sanitized
INFO - 2020-09-02 17:34:02 --> Input Class Initialized
INFO - 2020-09-02 17:34:02 --> Language Class Initialized
INFO - 2020-09-02 17:34:02 --> Loader Class Initialized
INFO - 2020-09-02 17:34:02 --> Helper loaded: url_helper
INFO - 2020-09-02 17:34:02 --> Helper loaded: file_helper
INFO - 2020-09-02 17:34:02 --> Helper loaded: text_helper
INFO - 2020-09-02 17:34:02 --> Helper loaded: string_helper
INFO - 2020-09-02 17:34:02 --> Database Driver Class Initialized
INFO - 2020-09-02 17:34:02 --> Email Class Initialized
DEBUG - 2020-09-02 17:34:02 --> Session: "sess_save_path" is empty; using "session.save_path" value from php.ini.
INFO - 2020-09-02 17:34:02 --> Session: Class initialized using 'files' driver.
INFO - 2020-09-02 17:34:02 --> Helper loaded: form_helper
INFO - 2020-09-02 17:34:02 --> Form Validation Class Initialized
INFO - 2020-09-02 17:34:02 --> Controller Class Initialized
INFO - 2020-09-02 17:34:02 --> Model "M_auth" initialized
DEBUG - 2020-09-02 17:34:02 --> Form_validation class already loaded. Second attempt ignored.
DEBUG - 2020-09-02 17:34:02 --> Sc_check class already loaded. Second attempt ignored.
INFO - 2020-09-02 17:34:02 --> Helper loaded: captcha_helper
INFO - 2020-09-02 17:34:02 --> File loaded: C:\xampp\htdocs\scholarship\payment-officer\views\include/header.php
INFO - 2020-09-02 17:34:02 --> File loaded: C:\xampp\htdocs\scholarship\payment-officer\views\include/footer.php
INFO - 2020-09-02 17:34:03 --> File loaded: C:\xampp\htdocs\scholarship\payment-officer\views\include/msg.php
INFO - 2020-09-02 17:34:03 --> File loaded: C:\xampp\htdocs\scholarship\payment-officer\views\auth/login.php
INFO - 2020-09-02 17:34:03 --> Final output sent to browser
DEBUG - 2020-09-02 17:34:03 --> Total execution time: 0.4490
INFO - 2020-09-02 17:34:09 --> Config Class Initialized
INFO - 2020-09-02 17:34:09 --> Hooks Class Initialized
DEBUG - 2020-09-02 17:34:09 --> UTF-8 Support Enabled
INFO - 2020-09-02 17:34:09 --> Utf8 Class Initialized
INFO - 2020-09-02 17:34:09 --> URI Class Initialized
INFO - 2020-09-02 17:34:09 --> Router Class Initialized
INFO - 2020-09-02 17:34:09 --> Output Class Initialized
INFO - 2020-09-02 17:34:09 --> Security Class Initialized
DEBUG - 2020-09-02 17:34:09 --> Global POST, GET and COOKIE data sanitized
INFO - 2020-09-02 17:34:09 --> Input Class Initialized
INFO - 2020-09-02 17:34:09 --> Language Class Initialized
ERROR - 2020-09-02 17:34:09 --> 404 Page Not Found: Auth/emailcheck
INFO - 2020-09-02 17:34:15 --> Config Class Initialized
INFO - 2020-09-02 17:34:15 --> Hooks Class Initialized
DEBUG - 2020-09-02 17:34:15 --> UTF-8 Support Enabled
INFO - 2020-09-02 17:34:15 --> Utf8 Class Initialized
INFO - 2020-09-02 17:34:15 --> URI Class Initialized
INFO - 2020-09-02 17:34:15 --> Router Class Initialized
INFO - 2020-09-02 17:34:15 --> Output Class Initialized
INFO - 2020-09-02 17:34:15 --> Security Class Initialized
DEBUG - 2020-09-02 17:34:15 --> Global POST, GET and COOKIE data sanitized
INFO - 2020-09-02 17:34:15 --> Input Class Initialized
INFO - 2020-09-02 17:34:15 --> Language Class Initialized
INFO - 2020-09-02 17:34:15 --> Loader Class Initialized
INFO - 2020-09-02 17:34:15 --> Helper loaded: url_helper
INFO - 2020-09-02 17:34:15 --> Helper loaded: file_helper
INFO - 2020-09-02 17:34:15 --> Helper loaded: text_helper
INFO - 2020-09-02 17:34:15 --> Helper loaded: string_helper
INFO - 2020-09-02 17:34:15 --> Database Driver Class Initialized
INFO - 2020-09-02 17:34:15 --> Email Class Initialized
DEBUG - 2020-09-02 17:34:15 --> Session: "sess_save_path" is empty; using "session.save_path" value from php.ini.
INFO - 2020-09-02 17:34:15 --> Session: Class initialized using 'files' driver.
INFO - 2020-09-02 17:34:15 --> Helper loaded: form_helper
INFO - 2020-09-02 17:34:15 --> Form Validation Class Initialized
INFO - 2020-09-02 17:34:15 --> Controller Class Initialized
INFO - 2020-09-02 17:34:15 --> Model "M_auth" initialized
DEBUG - 2020-09-02 17:34:15 --> Form_validation class already loaded. Second attempt ignored.
DEBUG - 2020-09-02 17:34:15 --> Sc_check class already loaded. Second attempt ignored.
INFO - 2020-09-02 17:34:15 --> Helper loaded: captcha_helper
INFO - 2020-09-02 17:34:15 --> Language file loaded: language/english/form_validation_lang.php
INFO - 2020-09-02 17:34:15 --> ---------------------Success -- Finance officer Logged in with prathwi@5ine.ins and IP aaddress ::1 --------------
INFO - 2020-09-02 17:34:15 --> Config Class Initialized
INFO - 2020-09-02 17:34:15 --> Hooks Class Initialized
DEBUG - 2020-09-02 17:34:15 --> UTF-8 Support Enabled
INFO - 2020-09-02 17:34:15 --> Utf8 Class Initialized
INFO - 2020-09-02 17:34:15 --> URI Class Initialized
INFO - 2020-09-02 17:34:15 --> Router Class Initialized
INFO - 2020-09-02 17:34:15 --> Output Class Initialized
INFO - 2020-09-02 17:34:15 --> Security Class Initialized
DEBUG - 2020-09-02 17:34:15 --> Global POST, GET and COOKIE data sanitized
INFO - 2020-09-02 17:34:15 --> Input Class Initialized
INFO - 2020-09-02 17:34:15 --> Language Class Initialized
INFO - 2020-09-02 17:34:15 --> Loader Class Initialized
INFO - 2020-09-02 17:34:15 --> Helper loaded: url_helper
INFO - 2020-09-02 17:34:16 --> Helper loaded: file_helper
INFO - 2020-09-02 17:34:16 --> Helper loaded: text_helper
INFO - 2020-09-02 17:34:16 --> Helper loaded: string_helper
INFO - 2020-09-02 17:34:16 --> Database Driver Class Initialized
INFO - 2020-09-02 17:34:16 --> Email Class Initialized
DEBUG - 2020-09-02 17:34:16 --> Session: "sess_save_path" is empty; using "session.save_path" value from php.ini.
INFO - 2020-09-02 17:34:16 --> Session: Class initialized using 'files' driver.
INFO - 2020-09-02 17:34:16 --> Helper loaded: form_helper
INFO - 2020-09-02 17:34:16 --> Form Validation Class Initialized
INFO - 2020-09-02 17:34:16 --> Controller Class Initialized
INFO - 2020-09-02 17:34:16 --> Model "M_dashboard" initialized
DEBUG - 2020-09-02 17:34:16 --> Form_validation class already loaded. Second attempt ignored.
INFO - 2020-09-02 17:34:16 --> Model "M_auth" initialized
INFO - 2020-09-02 17:34:16 --> File loaded: C:\xampp\htdocs\scholarship\payment-officer\views\include/header.php
INFO - 2020-09-02 17:34:16 --> File loaded: C:\xampp\htdocs\scholarship\payment-officer\views\include/menu.php
INFO - 2020-09-02 17:34:16 --> File loaded: C:\xampp\htdocs\scholarship\payment-officer\views\include/footer.php
INFO - 2020-09-02 17:34:16 --> File loaded: C:\xampp\htdocs\scholarship\payment-officer\views\include/msg.php
INFO - 2020-09-02 17:34:16 --> File loaded: C:\xampp\htdocs\scholarship\payment-officer\views\dashboard/index.php
INFO - 2020-09-02 17:34:16 --> Final output sent to browser
DEBUG - 2020-09-02 17:34:16 --> Total execution time: 0.7361
INFO - 2020-09-02 17:34:18 --> Config Class Initialized
INFO - 2020-09-02 17:34:18 --> Hooks Class Initialized
DEBUG - 2020-09-02 17:34:18 --> UTF-8 Support Enabled
INFO - 2020-09-02 17:34:18 --> Utf8 Class Initialized
INFO - 2020-09-02 17:34:18 --> URI Class Initialized
INFO - 2020-09-02 17:34:18 --> Router Class Initialized
INFO - 2020-09-02 17:34:18 --> Output Class Initialized
INFO - 2020-09-02 17:34:18 --> Security Class Initialized
DEBUG - 2020-09-02 17:34:18 --> Global POST, GET and COOKIE data sanitized
INFO - 2020-09-02 17:34:18 --> Input Class Initialized
INFO - 2020-09-02 17:34:18 --> Language Class Initialized
INFO - 2020-09-02 17:34:18 --> Loader Class Initialized
INFO - 2020-09-02 17:34:18 --> Helper loaded: url_helper
INFO - 2020-09-02 17:34:18 --> Helper loaded: file_helper
INFO - 2020-09-02 17:34:18 --> Helper loaded: text_helper
INFO - 2020-09-02 17:34:18 --> Helper loaded: string_helper
INFO - 2020-09-02 17:34:18 --> Database Driver Class Initialized
INFO - 2020-09-02 17:34:18 --> Email Class Initialized
DEBUG - 2020-09-02 17:34:18 --> Session: "sess_save_path" is empty; using "session.save_path" value from php.ini.
INFO - 2020-09-02 17:34:18 --> Session: Class initialized using 'files' driver.
INFO - 2020-09-02 17:34:18 --> Helper loaded: form_helper
INFO - 2020-09-02 17:34:18 --> Form Validation Class Initialized
INFO - 2020-09-02 17:34:18 --> Controller Class Initialized
INFO - 2020-09-02 17:34:18 --> Model "M_dashboard" initialized
DEBUG - 2020-09-02 17:34:18 --> Form_validation class already loaded. Second attempt ignored.
INFO - 2020-09-02 17:34:19 --> Model "M_auth" initialized
INFO - 2020-09-02 17:34:19 --> Final output sent to browser
DEBUG - 2020-09-02 17:34:19 --> Total execution time: 0.3953
INFO - 2020-09-02 17:34:42 --> Config Class Initialized
INFO - 2020-09-02 17:34:42 --> Hooks Class Initialized
DEBUG - 2020-09-02 17:34:42 --> UTF-8 Support Enabled
INFO - 2020-09-02 17:34:42 --> Utf8 Class Initialized
INFO - 2020-09-02 17:34:42 --> URI Class Initialized
INFO - 2020-09-02 17:34:42 --> Router Class Initialized
INFO - 2020-09-02 17:34:42 --> Output Class Initialized
INFO - 2020-09-02 17:34:42 --> Security Class Initialized
DEBUG - 2020-09-02 17:34:42 --> Global POST, GET and COOKIE data sanitized
INFO - 2020-09-02 17:34:42 --> Input Class Initialized
INFO - 2020-09-02 17:34:42 --> Language Class Initialized
INFO - 2020-09-02 17:34:42 --> Loader Class Initialized
INFO - 2020-09-02 17:34:42 --> Helper loaded: url_helper
INFO - 2020-09-02 17:34:42 --> Helper loaded: file_helper
INFO - 2020-09-02 17:34:42 --> Helper loaded: text_helper
INFO - 2020-09-02 17:34:42 --> Helper loaded: string_helper
INFO - 2020-09-02 17:34:42 --> Database Driver Class Initialized
INFO - 2020-09-02 17:34:42 --> Email Class Initialized
DEBUG - 2020-09-02 17:34:42 --> Session: "sess_save_path" is empty; using "session.save_path" value from php.ini.
INFO - 2020-09-02 17:34:42 --> Session: Class initialized using 'files' driver.
INFO - 2020-09-02 17:34:42 --> Helper loaded: form_helper
INFO - 2020-09-02 17:34:42 --> Form Validation Class Initialized
INFO - 2020-09-02 17:34:42 --> Controller Class Initialized
INFO - 2020-09-02 17:34:42 --> Model "M_payments" initialized
DEBUG - 2020-09-02 17:34:42 --> Encryption: Auto-configured driver 'openssl'.
INFO - 2020-09-02 17:34:42 --> Encryption: OpenSSL initialized with method AES-128-CBC.
INFO - 2020-09-02 17:34:42 --> Encryption Class Initialized
INFO - 2020-09-02 17:34:42 --> File loaded: C:\xampp\htdocs\scholarship\payment-officer\views\include/header.php
INFO - 2020-09-02 17:34:42 --> File loaded: C:\xampp\htdocs\scholarship\payment-officer\views\include/menu.php
INFO - 2020-09-02 17:34:42 --> File loaded: C:\xampp\htdocs\scholarship\payment-officer\views\include/footer.php
INFO - 2020-09-02 17:34:42 --> File loaded: C:\xampp\htdocs\scholarship\payment-officer\views\include/msg.php
INFO - 2020-09-02 17:34:42 --> File loaded: C:\xampp\htdocs\scholarship\payment-officer\views\industry/payment.php
INFO - 2020-09-02 17:34:42 --> Final output sent to browser
DEBUG - 2020-09-02 17:34:42 --> Total execution time: 0.3409
INFO - 2020-09-02 17:34:45 --> Config Class Initialized
INFO - 2020-09-02 17:34:45 --> Hooks Class Initialized
DEBUG - 2020-09-02 17:34:45 --> UTF-8 Support Enabled
INFO - 2020-09-02 17:34:45 --> Utf8 Class Initialized
INFO - 2020-09-02 17:34:45 --> URI Class Initialized
INFO - 2020-09-02 17:34:45 --> Router Class Initialized
INFO - 2020-09-02 17:34:45 --> Output Class Initialized
INFO - 2020-09-02 17:34:45 --> Security Class Initialized
DEBUG - 2020-09-02 17:34:45 --> Global POST, GET and COOKIE data sanitized
INFO - 2020-09-02 17:34:45 --> Input Class Initialized
INFO - 2020-09-02 17:34:45 --> Language Class Initialized
INFO - 2020-09-02 17:34:45 --> Loader Class Initialized
INFO - 2020-09-02 17:34:45 --> Helper loaded: url_helper
INFO - 2020-09-02 17:34:45 --> Helper loaded: file_helper
INFO - 2020-09-02 17:34:45 --> Helper loaded: text_helper
INFO - 2020-09-02 17:34:45 --> Helper loaded: string_helper
INFO - 2020-09-02 17:34:45 --> Database Driver Class Initialized
INFO - 2020-09-02 17:34:45 --> Email Class Initialized
DEBUG - 2020-09-02 17:34:45 --> Session: "sess_save_path" is empty; using "session.save_path" value from php.ini.
INFO - 2020-09-02 17:34:45 --> Session: Class initialized using 'files' driver.
INFO - 2020-09-02 17:34:45 --> Helper loaded: form_helper
INFO - 2020-09-02 17:34:45 --> Form Validation Class Initialized
INFO - 2020-09-02 17:34:45 --> Controller Class Initialized
INFO - 2020-09-02 17:34:45 --> Model "M_payments" initialized
DEBUG - 2020-09-02 17:34:45 --> Encryption: Auto-configured driver 'openssl'.
INFO - 2020-09-02 17:34:45 --> Encryption: OpenSSL initialized with method AES-128-CBC.
INFO - 2020-09-02 17:34:45 --> Encryption Class Initialized
INFO - 2020-09-02 17:34:45 --> File loaded: C:\xampp\htdocs\scholarship\payment-officer\views\include/header.php
INFO - 2020-09-02 17:34:45 --> File loaded: C:\xampp\htdocs\scholarship\payment-officer\views\include/menu.php
INFO - 2020-09-02 17:34:45 --> File loaded: C:\xampp\htdocs\scholarship\payment-officer\views\include/footer.php
INFO - 2020-09-02 17:34:45 --> File loaded: C:\xampp\htdocs\scholarship\payment-officer\views\include/msg.php
INFO - 2020-09-02 17:34:45 --> File loaded: C:\xampp\htdocs\scholarship\payment-officer\views\industry/pend_payment.php
INFO - 2020-09-02 17:34:45 --> Final output sent to browser
DEBUG - 2020-09-02 17:34:45 --> Total execution time: 0.4378
INFO - 2020-09-02 17:34:49 --> Config Class Initialized
INFO - 2020-09-02 17:34:49 --> Hooks Class Initialized
DEBUG - 2020-09-02 17:34:49 --> UTF-8 Support Enabled
INFO - 2020-09-02 17:34:49 --> Utf8 Class Initialized
INFO - 2020-09-02 17:34:49 --> URI Class Initialized
INFO - 2020-09-02 17:34:49 --> Router Class Initialized
INFO - 2020-09-02 17:34:49 --> Output Class Initialized
INFO - 2020-09-02 17:34:49 --> Security Class Initialized
DEBUG - 2020-09-02 17:34:49 --> Global POST, GET and COOKIE data sanitized
INFO - 2020-09-02 17:34:49 --> Input Class Initialized
INFO - 2020-09-02 17:34:49 --> Language Class Initialized
INFO - 2020-09-02 17:34:49 --> Loader Class Initialized
INFO - 2020-09-02 17:34:49 --> Helper loaded: url_helper
INFO - 2020-09-02 17:34:49 --> Helper loaded: file_helper
INFO - 2020-09-02 17:34:49 --> Helper loaded: text_helper
INFO - 2020-09-02 17:34:49 --> Helper loaded: string_helper
INFO - 2020-09-02 17:34:49 --> Database Driver Class Initialized
INFO - 2020-09-02 17:34:49 --> Email Class Initialized
DEBUG - 2020-09-02 17:34:49 --> Session: "sess_save_path" is empty; using "session.save_path" value from php.ini.
INFO - 2020-09-02 17:34:49 --> Session: Class initialized using 'files' driver.
INFO - 2020-09-02 17:34:50 --> Helper loaded: form_helper
INFO - 2020-09-02 17:34:50 --> Form Validation Class Initialized
INFO - 2020-09-02 17:34:50 --> Controller Class Initialized
INFO - 2020-09-02 17:34:50 --> Model "M_auth" initialized
DEBUG - 2020-09-02 17:34:50 --> Form_validation class already loaded. Second attempt ignored.
DEBUG - 2020-09-02 17:34:50 --> Sc_check class already loaded. Second attempt ignored.
INFO - 2020-09-02 17:34:50 --> Helper loaded: captcha_helper
INFO - 2020-09-02 17:34:50 --> Config Class Initialized
INFO - 2020-09-02 17:34:50 --> Hooks Class Initialized
DEBUG - 2020-09-02 17:34:50 --> UTF-8 Support Enabled
INFO - 2020-09-02 17:34:50 --> Utf8 Class Initialized
INFO - 2020-09-02 17:34:50 --> URI Class Initialized
DEBUG - 2020-09-02 17:34:50 --> No URI present. Default controller set.
INFO - 2020-09-02 17:34:50 --> Router Class Initialized
INFO - 2020-09-02 17:34:50 --> Output Class Initialized
INFO - 2020-09-02 17:34:50 --> Security Class Initialized
DEBUG - 2020-09-02 17:34:50 --> Global POST, GET and COOKIE data sanitized
INFO - 2020-09-02 17:34:50 --> Input Class Initialized
INFO - 2020-09-02 17:34:50 --> Language Class Initialized
INFO - 2020-09-02 17:34:50 --> Loader Class Initialized
INFO - 2020-09-02 17:34:50 --> Helper loaded: url_helper
INFO - 2020-09-02 17:34:50 --> Helper loaded: file_helper
INFO - 2020-09-02 17:34:50 --> Helper loaded: text_helper
INFO - 2020-09-02 17:34:50 --> Helper loaded: string_helper
INFO - 2020-09-02 17:34:50 --> Database Driver Class Initialized
INFO - 2020-09-02 17:34:50 --> Email Class Initialized
DEBUG - 2020-09-02 17:34:50 --> Session: "sess_save_path" is empty; using "session.save_path" value from php.ini.
INFO - 2020-09-02 17:34:50 --> Session: Class initialized using 'files' driver.
INFO - 2020-09-02 17:34:50 --> Helper loaded: form_helper
INFO - 2020-09-02 17:34:50 --> Form Validation Class Initialized
INFO - 2020-09-02 17:34:50 --> Controller Class Initialized
INFO - 2020-09-02 17:34:50 --> Model "M_auth" initialized
DEBUG - 2020-09-02 17:34:50 --> Form_validation class already loaded. Second attempt ignored.
DEBUG - 2020-09-02 17:34:50 --> Sc_check class already loaded. Second attempt ignored.
INFO - 2020-09-02 17:34:50 --> Helper loaded: captcha_helper
INFO - 2020-09-02 17:34:50 --> File loaded: C:\xampp\htdocs\scholarship\payment-officer\views\include/header.php
INFO - 2020-09-02 17:34:50 --> File loaded: C:\xampp\htdocs\scholarship\payment-officer\views\include/footer.php
INFO - 2020-09-02 17:34:50 --> File loaded: C:\xampp\htdocs\scholarship\payment-officer\views\include/msg.php
INFO - 2020-09-02 17:34:50 --> File loaded: C:\xampp\htdocs\scholarship\payment-officer\views\auth/login.php
INFO - 2020-09-02 17:34:50 --> Final output sent to browser
DEBUG - 2020-09-02 17:34:50 --> Total execution time: 0.5301
