INFO - 2020-06-09 12:21:39 --> Config Class Initialized
INFO - 2020-06-09 12:21:39 --> Hooks Class Initialized
DEBUG - 2020-06-09 12:21:39 --> UTF-8 Support Enabled
INFO - 2020-06-09 12:21:39 --> Utf8 Class Initialized
INFO - 2020-06-09 12:21:39 --> URI Class Initialized
DEBUG - 2020-06-09 12:21:39 --> No URI present. Default controller set.
INFO - 2020-06-09 12:21:39 --> Router Class Initialized
INFO - 2020-06-09 12:21:39 --> Output Class Initialized
INFO - 2020-06-09 12:21:39 --> Security Class Initialized
DEBUG - 2020-06-09 12:21:39 --> Global POST, GET and COOKIE data sanitized
INFO - 2020-06-09 12:21:39 --> Input Class Initialized
INFO - 2020-06-09 12:21:39 --> Language Class Initialized
INFO - 2020-06-09 12:21:39 --> Loader Class Initialized
INFO - 2020-06-09 12:21:39 --> Helper loaded: url_helper
INFO - 2020-06-09 12:21:39 --> Helper loaded: file_helper
INFO - 2020-06-09 12:21:39 --> Helper loaded: text_helper
INFO - 2020-06-09 12:21:39 --> Helper loaded: string_helper
INFO - 2020-06-09 12:21:39 --> Database Driver Class Initialized
INFO - 2020-06-09 12:21:39 --> Email Class Initialized
DEBUG - 2020-06-09 12:21:39 --> Session: "sess_save_path" is empty; using "session.save_path" value from php.ini.
INFO - 2020-06-09 12:21:39 --> Session: Class initialized using 'files' driver.
INFO - 2020-06-09 12:21:39 --> Helper loaded: form_helper
INFO - 2020-06-09 12:21:39 --> Form Validation Class Initialized
INFO - 2020-06-09 12:21:39 --> Controller Class Initialized
INFO - 2020-06-09 12:21:39 --> Model "M_auth" initialized
DEBUG - 2020-06-09 12:21:39 --> Form_validation class already loaded. Second attempt ignored.
DEBUG - 2020-06-09 12:21:39 --> Sc_check class already loaded. Second attempt ignored.
INFO - 2020-06-09 12:21:39 --> Helper loaded: captcha_helper
INFO - 2020-06-09 12:21:39 --> File loaded: C:\xampp\htdocs\scholarship\payment-officer\views\include/header.php
INFO - 2020-06-09 12:21:39 --> File loaded: C:\xampp\htdocs\scholarship\payment-officer\views\include/footer.php
INFO - 2020-06-09 12:21:39 --> File loaded: C:\xampp\htdocs\scholarship\payment-officer\views\include/msg.php
INFO - 2020-06-09 12:21:39 --> File loaded: C:\xampp\htdocs\scholarship\payment-officer\views\auth/login.php
INFO - 2020-06-09 12:21:39 --> Final output sent to browser
DEBUG - 2020-06-09 12:21:40 --> Total execution time: 0.7392
INFO - 2020-06-09 12:21:47 --> Config Class Initialized
INFO - 2020-06-09 12:21:47 --> Hooks Class Initialized
DEBUG - 2020-06-09 12:21:47 --> UTF-8 Support Enabled
INFO - 2020-06-09 12:21:47 --> Utf8 Class Initialized
INFO - 2020-06-09 12:21:47 --> URI Class Initialized
INFO - 2020-06-09 12:21:47 --> Router Class Initialized
INFO - 2020-06-09 12:21:47 --> Output Class Initialized
INFO - 2020-06-09 12:21:47 --> Security Class Initialized
DEBUG - 2020-06-09 12:21:47 --> Global POST, GET and COOKIE data sanitized
INFO - 2020-06-09 12:21:47 --> Input Class Initialized
INFO - 2020-06-09 12:21:47 --> Language Class Initialized
ERROR - 2020-06-09 12:21:47 --> 404 Page Not Found: Auth/emailcheck
INFO - 2020-06-09 12:21:56 --> Config Class Initialized
INFO - 2020-06-09 12:21:56 --> Hooks Class Initialized
DEBUG - 2020-06-09 12:21:56 --> UTF-8 Support Enabled
INFO - 2020-06-09 12:21:56 --> Utf8 Class Initialized
INFO - 2020-06-09 12:21:56 --> URI Class Initialized
INFO - 2020-06-09 12:21:56 --> Router Class Initialized
INFO - 2020-06-09 12:21:56 --> Output Class Initialized
INFO - 2020-06-09 12:21:56 --> Security Class Initialized
DEBUG - 2020-06-09 12:21:56 --> Global POST, GET and COOKIE data sanitized
INFO - 2020-06-09 12:21:56 --> Input Class Initialized
INFO - 2020-06-09 12:21:56 --> Language Class Initialized
INFO - 2020-06-09 12:21:56 --> Loader Class Initialized
INFO - 2020-06-09 12:21:56 --> Helper loaded: url_helper
INFO - 2020-06-09 12:21:56 --> Helper loaded: file_helper
INFO - 2020-06-09 12:21:56 --> Helper loaded: text_helper
INFO - 2020-06-09 12:21:56 --> Helper loaded: string_helper
INFO - 2020-06-09 12:21:56 --> Database Driver Class Initialized
INFO - 2020-06-09 12:21:56 --> Email Class Initialized
DEBUG - 2020-06-09 12:21:56 --> Session: "sess_save_path" is empty; using "session.save_path" value from php.ini.
INFO - 2020-06-09 12:21:56 --> Session: Class initialized using 'files' driver.
INFO - 2020-06-09 12:21:56 --> Helper loaded: form_helper
INFO - 2020-06-09 12:21:56 --> Form Validation Class Initialized
INFO - 2020-06-09 12:21:56 --> Controller Class Initialized
INFO - 2020-06-09 12:21:56 --> Model "M_auth" initialized
DEBUG - 2020-06-09 12:21:56 --> Form_validation class already loaded. Second attempt ignored.
DEBUG - 2020-06-09 12:21:56 --> Sc_check class already loaded. Second attempt ignored.
INFO - 2020-06-09 12:21:56 --> Helper loaded: captcha_helper
INFO - 2020-06-09 12:21:56 --> Config Class Initialized
INFO - 2020-06-09 12:21:56 --> Hooks Class Initialized
DEBUG - 2020-06-09 12:21:56 --> UTF-8 Support Enabled
INFO - 2020-06-09 12:21:56 --> Utf8 Class Initialized
INFO - 2020-06-09 12:21:57 --> URI Class Initialized
DEBUG - 2020-06-09 12:21:57 --> No URI present. Default controller set.
INFO - 2020-06-09 12:21:57 --> Router Class Initialized
INFO - 2020-06-09 12:21:57 --> Output Class Initialized
INFO - 2020-06-09 12:21:57 --> Security Class Initialized
DEBUG - 2020-06-09 12:21:57 --> Global POST, GET and COOKIE data sanitized
INFO - 2020-06-09 12:21:57 --> Input Class Initialized
INFO - 2020-06-09 12:21:57 --> Language Class Initialized
INFO - 2020-06-09 12:21:57 --> Loader Class Initialized
INFO - 2020-06-09 12:21:57 --> Helper loaded: url_helper
INFO - 2020-06-09 12:21:57 --> Helper loaded: file_helper
INFO - 2020-06-09 12:21:57 --> Helper loaded: text_helper
INFO - 2020-06-09 12:21:57 --> Helper loaded: string_helper
INFO - 2020-06-09 12:21:57 --> Database Driver Class Initialized
INFO - 2020-06-09 12:21:57 --> Email Class Initialized
DEBUG - 2020-06-09 12:21:57 --> Session: "sess_save_path" is empty; using "session.save_path" value from php.ini.
INFO - 2020-06-09 12:21:57 --> Session: Class initialized using 'files' driver.
INFO - 2020-06-09 12:21:57 --> Helper loaded: form_helper
INFO - 2020-06-09 12:21:57 --> Form Validation Class Initialized
INFO - 2020-06-09 12:21:57 --> Controller Class Initialized
INFO - 2020-06-09 12:21:57 --> Model "M_auth" initialized
DEBUG - 2020-06-09 12:21:57 --> Form_validation class already loaded. Second attempt ignored.
DEBUG - 2020-06-09 12:21:57 --> Sc_check class already loaded. Second attempt ignored.
INFO - 2020-06-09 12:21:57 --> Helper loaded: captcha_helper
INFO - 2020-06-09 12:21:57 --> File loaded: C:\xampp\htdocs\scholarship\payment-officer\views\include/header.php
INFO - 2020-06-09 12:21:57 --> File loaded: C:\xampp\htdocs\scholarship\payment-officer\views\include/footer.php
INFO - 2020-06-09 12:21:57 --> File loaded: C:\xampp\htdocs\scholarship\payment-officer\views\include/msg.php
INFO - 2020-06-09 12:21:57 --> File loaded: C:\xampp\htdocs\scholarship\payment-officer\views\auth/login.php
INFO - 2020-06-09 12:21:57 --> Final output sent to browser
DEBUG - 2020-06-09 12:21:57 --> Total execution time: 0.5321
