INFO - 2020-08-20 13:58:18 --> Config Class Initialized
INFO - 2020-08-20 13:58:18 --> Hooks Class Initialized
DEBUG - 2020-08-20 13:58:18 --> UTF-8 Support Enabled
INFO - 2020-08-20 13:58:18 --> Utf8 Class Initialized
INFO - 2020-08-20 13:58:18 --> URI Class Initialized
DEBUG - 2020-08-20 13:58:18 --> No URI present. Default controller set.
INFO - 2020-08-20 13:58:18 --> Router Class Initialized
INFO - 2020-08-20 13:58:19 --> Output Class Initialized
INFO - 2020-08-20 13:58:19 --> Security Class Initialized
DEBUG - 2020-08-20 13:58:19 --> Global POST, GET and COOKIE data sanitized
INFO - 2020-08-20 13:58:19 --> CSRF cookie sent
INFO - 2020-08-20 13:58:19 --> Input Class Initialized
INFO - 2020-08-20 13:58:19 --> Language Class Initialized
INFO - 2020-08-20 13:58:19 --> Loader Class Initialized
INFO - 2020-08-20 13:58:19 --> Helper loaded: url_helper
INFO - 2020-08-20 13:58:19 --> Helper loaded: file_helper
INFO - 2020-08-20 13:58:19 --> Database Driver Class Initialized
INFO - 2020-08-20 13:58:19 --> Email Class Initialized
DEBUG - 2020-08-20 13:58:19 --> Session: "sess_save_path" is empty; using "session.save_path" value from php.ini.
INFO - 2020-08-20 13:58:19 --> Session: Class initialized using 'files' driver.
INFO - 2020-08-20 13:58:19 --> Controller Class Initialized
INFO - 2020-08-20 13:58:19 --> Model "M_auth" initialized
DEBUG - 2020-08-20 13:58:19 --> Sc_check class already loaded. Second attempt ignored.
INFO - 2020-08-20 13:58:19 --> Helper loaded: captcha_helper
INFO - 2020-08-20 13:58:19 --> File loaded: C:\xampp\htdocs\scholarship\institute\views\include/header.php
INFO - 2020-08-20 13:58:19 --> File loaded: C:\xampp\htdocs\scholarship\institute\views\include/footer.php
INFO - 2020-08-20 13:58:19 --> File loaded: C:\xampp\htdocs\scholarship\institute\views\include/msg.php
INFO - 2020-08-20 13:58:19 --> File loaded: C:\xampp\htdocs\scholarship\institute\views\auth/login.php
INFO - 2020-08-20 13:58:19 --> Final output sent to browser
DEBUG - 2020-08-20 13:58:19 --> Total execution time: 1.0688
INFO - 2020-08-20 13:58:19 --> Config Class Initialized
INFO - 2020-08-20 13:58:19 --> Hooks Class Initialized
DEBUG - 2020-08-20 13:58:19 --> UTF-8 Support Enabled
INFO - 2020-08-20 13:58:19 --> Utf8 Class Initialized
INFO - 2020-08-20 13:58:20 --> URI Class Initialized
INFO - 2020-08-20 13:58:20 --> Router Class Initialized
INFO - 2020-08-20 13:58:20 --> Output Class Initialized
INFO - 2020-08-20 13:58:20 --> Security Class Initialized
DEBUG - 2020-08-20 13:58:20 --> Global POST, GET and COOKIE data sanitized
INFO - 2020-08-20 13:58:20 --> CSRF cookie sent
INFO - 2020-08-20 13:58:20 --> Input Class Initialized
INFO - 2020-08-20 13:58:20 --> Language Class Initialized
ERROR - 2020-08-20 13:58:20 --> 404 Page Not Found: Assets/css
INFO - 2020-08-20 13:58:35 --> Config Class Initialized
INFO - 2020-08-20 13:58:35 --> Hooks Class Initialized
DEBUG - 2020-08-20 13:58:35 --> UTF-8 Support Enabled
INFO - 2020-08-20 13:58:35 --> Utf8 Class Initialized
INFO - 2020-08-20 13:58:35 --> URI Class Initialized
INFO - 2020-08-20 13:58:35 --> Router Class Initialized
INFO - 2020-08-20 13:58:35 --> Output Class Initialized
INFO - 2020-08-20 13:58:35 --> Security Class Initialized
DEBUG - 2020-08-20 13:58:35 --> Global POST, GET and COOKIE data sanitized
INFO - 2020-08-20 13:58:35 --> CSRF cookie sent
INFO - 2020-08-20 13:58:35 --> CSRF token verified
INFO - 2020-08-20 13:58:35 --> Input Class Initialized
INFO - 2020-08-20 13:58:35 --> Language Class Initialized
INFO - 2020-08-20 13:58:35 --> Loader Class Initialized
INFO - 2020-08-20 13:58:35 --> Helper loaded: url_helper
INFO - 2020-08-20 13:58:35 --> Helper loaded: file_helper
INFO - 2020-08-20 13:58:35 --> Database Driver Class Initialized
INFO - 2020-08-20 13:58:35 --> Email Class Initialized
DEBUG - 2020-08-20 13:58:35 --> Session: "sess_save_path" is empty; using "session.save_path" value from php.ini.
INFO - 2020-08-20 13:58:35 --> Session: Class initialized using 'files' driver.
INFO - 2020-08-20 13:58:35 --> Controller Class Initialized
INFO - 2020-08-20 13:58:35 --> Model "M_auth" initialized
DEBUG - 2020-08-20 13:58:36 --> Sc_check class already loaded. Second attempt ignored.
INFO - 2020-08-20 13:58:36 --> Helper loaded: captcha_helper
INFO - 2020-08-20 13:58:36 --> Helper loaded: form_helper
INFO - 2020-08-20 13:58:36 --> Form Validation Class Initialized
INFO - 2020-08-20 13:58:36 --> Language file loaded: language/english/form_validation_lang.php
INFO - 2020-08-20 13:58:36 --> ---------------------Success -- Institute Logged in with prathwi@5ine.in and IP aaddress ::1 --------------
INFO - 2020-08-20 13:58:36 --> Config Class Initialized
INFO - 2020-08-20 13:58:36 --> Hooks Class Initialized
DEBUG - 2020-08-20 13:58:36 --> UTF-8 Support Enabled
INFO - 2020-08-20 13:58:36 --> Utf8 Class Initialized
INFO - 2020-08-20 13:58:36 --> URI Class Initialized
INFO - 2020-08-20 13:58:36 --> Router Class Initialized
INFO - 2020-08-20 13:58:36 --> Output Class Initialized
INFO - 2020-08-20 13:58:36 --> Security Class Initialized
DEBUG - 2020-08-20 13:58:36 --> Global POST, GET and COOKIE data sanitized
INFO - 2020-08-20 13:58:36 --> CSRF cookie sent
INFO - 2020-08-20 13:58:36 --> Input Class Initialized
INFO - 2020-08-20 13:58:36 --> Language Class Initialized
INFO - 2020-08-20 13:58:36 --> Loader Class Initialized
INFO - 2020-08-20 13:58:36 --> Helper loaded: url_helper
INFO - 2020-08-20 13:58:36 --> Helper loaded: file_helper
INFO - 2020-08-20 13:58:36 --> Database Driver Class Initialized
INFO - 2020-08-20 13:58:36 --> Email Class Initialized
DEBUG - 2020-08-20 13:58:36 --> Session: "sess_save_path" is empty; using "session.save_path" value from php.ini.
INFO - 2020-08-20 13:58:36 --> Session: Class initialized using 'files' driver.
INFO - 2020-08-20 13:58:36 --> Controller Class Initialized
INFO - 2020-08-20 13:58:36 --> Model "M_dashboard" initialized
INFO - 2020-08-20 13:58:36 --> File loaded: C:\xampp\htdocs\scholarship\institute\views\include/header.php
INFO - 2020-08-20 13:58:36 --> File loaded: C:\xampp\htdocs\scholarship\institute\views\include/menu.php
INFO - 2020-08-20 13:58:36 --> File loaded: C:\xampp\htdocs\scholarship\institute\views\include/footer.php
INFO - 2020-08-20 13:58:36 --> File loaded: C:\xampp\htdocs\scholarship\institute\views\include/msg.php
INFO - 2020-08-20 13:58:36 --> File loaded: C:\xampp\htdocs\scholarship\institute\views\dashboard/request-list.php
INFO - 2020-08-20 13:58:36 --> Final output sent to browser
DEBUG - 2020-08-20 13:58:36 --> Total execution time: 0.5983
INFO - 2020-08-20 13:58:37 --> Config Class Initialized
INFO - 2020-08-20 13:58:37 --> Hooks Class Initialized
DEBUG - 2020-08-20 13:58:37 --> UTF-8 Support Enabled
INFO - 2020-08-20 13:58:37 --> Utf8 Class Initialized
INFO - 2020-08-20 13:58:37 --> URI Class Initialized
INFO - 2020-08-20 13:58:37 --> Router Class Initialized
INFO - 2020-08-20 13:58:37 --> Output Class Initialized
INFO - 2020-08-20 13:58:37 --> Security Class Initialized
DEBUG - 2020-08-20 13:58:37 --> Global POST, GET and COOKIE data sanitized
INFO - 2020-08-20 13:58:37 --> CSRF cookie sent
INFO - 2020-08-20 13:58:37 --> Input Class Initialized
INFO - 2020-08-20 13:58:37 --> Language Class Initialized
INFO - 2020-08-20 13:58:37 --> Loader Class Initialized
INFO - 2020-08-20 13:58:37 --> Helper loaded: url_helper
INFO - 2020-08-20 13:58:37 --> Helper loaded: file_helper
INFO - 2020-08-20 13:58:37 --> Database Driver Class Initialized
INFO - 2020-08-20 13:58:37 --> Email Class Initialized
DEBUG - 2020-08-20 13:58:37 --> Session: "sess_save_path" is empty; using "session.save_path" value from php.ini.
INFO - 2020-08-20 13:58:37 --> Session: Class initialized using 'files' driver.
INFO - 2020-08-20 13:58:37 --> Controller Class Initialized
INFO - 2020-08-20 13:58:37 --> Model "M_dashboard" initialized
INFO - 2020-08-20 13:58:37 --> Final output sent to browser
DEBUG - 2020-08-20 13:58:37 --> Total execution time: 0.6504
INFO - 2020-08-20 13:58:42 --> Config Class Initialized
INFO - 2020-08-20 13:58:42 --> Hooks Class Initialized
INFO - 2020-08-20 13:58:42 --> Config Class Initialized
INFO - 2020-08-20 13:58:42 --> Hooks Class Initialized
DEBUG - 2020-08-20 13:58:42 --> UTF-8 Support Enabled
DEBUG - 2020-08-20 13:58:42 --> UTF-8 Support Enabled
INFO - 2020-08-20 13:58:42 --> Utf8 Class Initialized
INFO - 2020-08-20 13:58:42 --> URI Class Initialized
INFO - 2020-08-20 13:58:42 --> Router Class Initialized
INFO - 2020-08-20 13:58:42 --> Output Class Initialized
INFO - 2020-08-20 13:58:42 --> Utf8 Class Initialized
INFO - 2020-08-20 13:58:42 --> URI Class Initialized
INFO - 2020-08-20 13:58:42 --> Router Class Initialized
INFO - 2020-08-20 13:58:42 --> Output Class Initialized
INFO - 2020-08-20 13:58:42 --> Security Class Initialized
DEBUG - 2020-08-20 13:58:42 --> Global POST, GET and COOKIE data sanitized
INFO - 2020-08-20 13:58:42 --> CSRF cookie sent
INFO - 2020-08-20 13:58:42 --> Input Class Initialized
INFO - 2020-08-20 13:58:42 --> Language Class Initialized
INFO - 2020-08-20 13:58:42 --> Loader Class Initialized
INFO - 2020-08-20 13:58:42 --> Helper loaded: url_helper
INFO - 2020-08-20 13:58:42 --> Security Class Initialized
DEBUG - 2020-08-20 13:58:42 --> Global POST, GET and COOKIE data sanitized
INFO - 2020-08-20 13:58:42 --> CSRF cookie sent
INFO - 2020-08-20 13:58:42 --> Input Class Initialized
INFO - 2020-08-20 13:58:42 --> Language Class Initialized
INFO - 2020-08-20 13:58:42 --> Helper loaded: file_helper
INFO - 2020-08-20 13:58:42 --> Database Driver Class Initialized
INFO - 2020-08-20 13:58:42 --> Loader Class Initialized
INFO - 2020-08-20 13:58:42 --> Helper loaded: url_helper
INFO - 2020-08-20 13:58:42 --> Helper loaded: file_helper
INFO - 2020-08-20 13:58:42 --> Email Class Initialized
INFO - 2020-08-20 13:58:42 --> Database Driver Class Initialized
INFO - 2020-08-20 13:58:42 --> Email Class Initialized
DEBUG - 2020-08-20 13:58:42 --> Session: "sess_save_path" is empty; using "session.save_path" value from php.ini.
DEBUG - 2020-08-20 13:58:42 --> Session: "sess_save_path" is empty; using "session.save_path" value from php.ini.
INFO - 2020-08-20 13:58:42 --> Session: Class initialized using 'files' driver.
INFO - 2020-08-20 13:58:42 --> Controller Class Initialized
INFO - 2020-08-20 13:58:42 --> Model "M_dashboard" initialized
INFO - 2020-08-20 13:58:42 --> File loaded: C:\xampp\htdocs\scholarship\institute\views\include/header.php
INFO - 2020-08-20 13:58:42 --> File loaded: C:\xampp\htdocs\scholarship\institute\views\include/menu.php
INFO - 2020-08-20 13:58:42 --> File loaded: C:\xampp\htdocs\scholarship\institute\views\include/footer.php
INFO - 2020-08-20 13:58:42 --> File loaded: C:\xampp\htdocs\scholarship\institute\views\include/msg.php
INFO - 2020-08-20 13:58:42 --> File loaded: C:\xampp\htdocs\scholarship\institute\views\dashboard/student-detail.php
INFO - 2020-08-20 13:58:42 --> Final output sent to browser
DEBUG - 2020-08-20 13:58:43 --> Total execution time: 0.5345
INFO - 2020-08-20 13:58:43 --> Session: Class initialized using 'files' driver.
INFO - 2020-08-20 13:58:43 --> Controller Class Initialized
INFO - 2020-08-20 13:58:43 --> Model "M_dashboard" initialized
INFO - 2020-08-20 13:58:43 --> File loaded: C:\xampp\htdocs\scholarship\institute\views\include/header.php
INFO - 2020-08-20 13:58:43 --> File loaded: C:\xampp\htdocs\scholarship\institute\views\include/menu.php
INFO - 2020-08-20 13:58:43 --> File loaded: C:\xampp\htdocs\scholarship\institute\views\include/footer.php
INFO - 2020-08-20 13:58:43 --> File loaded: C:\xampp\htdocs\scholarship\institute\views\include/msg.php
INFO - 2020-08-20 13:58:43 --> File loaded: C:\xampp\htdocs\scholarship\institute\views\dashboard/student-detail.php
INFO - 2020-08-20 13:58:43 --> Final output sent to browser
DEBUG - 2020-08-20 13:58:43 --> Total execution time: 0.6395
INFO - 2020-08-20 13:58:55 --> Config Class Initialized
INFO - 2020-08-20 13:58:55 --> Hooks Class Initialized
DEBUG - 2020-08-20 13:58:55 --> UTF-8 Support Enabled
INFO - 2020-08-20 13:58:55 --> Utf8 Class Initialized
INFO - 2020-08-20 13:58:55 --> URI Class Initialized
INFO - 2020-08-20 13:58:55 --> Router Class Initialized
INFO - 2020-08-20 13:58:55 --> Output Class Initialized
INFO - 2020-08-20 13:58:55 --> Security Class Initialized
DEBUG - 2020-08-20 13:58:55 --> Global POST, GET and COOKIE data sanitized
INFO - 2020-08-20 13:58:55 --> CSRF cookie sent
INFO - 2020-08-20 13:58:55 --> CSRF token verified
INFO - 2020-08-20 13:58:55 --> Input Class Initialized
INFO - 2020-08-20 13:58:55 --> Language Class Initialized
INFO - 2020-08-20 13:58:55 --> Loader Class Initialized
INFO - 2020-08-20 13:58:55 --> Helper loaded: url_helper
INFO - 2020-08-20 13:58:55 --> Helper loaded: file_helper
INFO - 2020-08-20 13:58:55 --> Database Driver Class Initialized
INFO - 2020-08-20 13:58:55 --> Email Class Initialized
DEBUG - 2020-08-20 13:58:55 --> Session: "sess_save_path" is empty; using "session.save_path" value from php.ini.
INFO - 2020-08-20 13:58:55 --> Session: Class initialized using 'files' driver.
INFO - 2020-08-20 13:58:55 --> Controller Class Initialized
INFO - 2020-08-20 13:58:55 --> Model "M_dashboard" initialized
DEBUG - 2020-08-20 13:58:55 --> Config file loaded: C:\xampp\htdocs\scholarship\institute\config/email.php
DEBUG - 2020-08-20 13:58:55 --> Email class already loaded. Second attempt ignored.
INFO - 2020-08-20 13:58:56 --> File loaded: C:\xampp\htdocs\scholarship\institute\views\mail/approve.php
INFO - 2020-08-20 13:58:57 --> Language file loaded: language/english/email_lang.php
INFO - 2020-08-20 13:59:02 --> Final output sent to browser
DEBUG - 2020-08-20 13:59:02 --> Total execution time: 6.6046
INFO - 2020-08-20 13:59:02 --> Config Class Initialized
INFO - 2020-08-20 13:59:02 --> Hooks Class Initialized
DEBUG - 2020-08-20 13:59:02 --> UTF-8 Support Enabled
INFO - 2020-08-20 13:59:02 --> Utf8 Class Initialized
INFO - 2020-08-20 13:59:02 --> URI Class Initialized
INFO - 2020-08-20 13:59:02 --> Router Class Initialized
INFO - 2020-08-20 13:59:02 --> Output Class Initialized
INFO - 2020-08-20 13:59:02 --> Security Class Initialized
DEBUG - 2020-08-20 13:59:02 --> Global POST, GET and COOKIE data sanitized
INFO - 2020-08-20 13:59:02 --> CSRF cookie sent
INFO - 2020-08-20 13:59:02 --> Input Class Initialized
INFO - 2020-08-20 13:59:02 --> Language Class Initialized
INFO - 2020-08-20 13:59:02 --> Loader Class Initialized
INFO - 2020-08-20 13:59:02 --> Helper loaded: url_helper
INFO - 2020-08-20 13:59:02 --> Helper loaded: file_helper
INFO - 2020-08-20 13:59:02 --> Database Driver Class Initialized
INFO - 2020-08-20 13:59:02 --> Email Class Initialized
DEBUG - 2020-08-20 13:59:02 --> Session: "sess_save_path" is empty; using "session.save_path" value from php.ini.
INFO - 2020-08-20 13:59:02 --> Session: Class initialized using 'files' driver.
INFO - 2020-08-20 13:59:02 --> Controller Class Initialized
INFO - 2020-08-20 13:59:02 --> Model "M_dashboard" initialized
INFO - 2020-08-20 13:59:02 --> File loaded: C:\xampp\htdocs\scholarship\institute\views\include/header.php
INFO - 2020-08-20 13:59:02 --> File loaded: C:\xampp\htdocs\scholarship\institute\views\include/menu.php
INFO - 2020-08-20 13:59:02 --> File loaded: C:\xampp\htdocs\scholarship\institute\views\include/footer.php
INFO - 2020-08-20 13:59:02 --> File loaded: C:\xampp\htdocs\scholarship\institute\views\include/msg.php
INFO - 2020-08-20 13:59:02 --> File loaded: C:\xampp\htdocs\scholarship\institute\views\dashboard/request-list.php
INFO - 2020-08-20 13:59:02 --> Final output sent to browser
DEBUG - 2020-08-20 13:59:03 --> Total execution time: 0.6224
INFO - 2020-08-20 13:59:03 --> Config Class Initialized
INFO - 2020-08-20 13:59:03 --> Hooks Class Initialized
DEBUG - 2020-08-20 13:59:03 --> UTF-8 Support Enabled
INFO - 2020-08-20 13:59:03 --> Utf8 Class Initialized
INFO - 2020-08-20 13:59:03 --> URI Class Initialized
INFO - 2020-08-20 13:59:03 --> Router Class Initialized
INFO - 2020-08-20 13:59:03 --> Output Class Initialized
INFO - 2020-08-20 13:59:03 --> Security Class Initialized
DEBUG - 2020-08-20 13:59:03 --> Global POST, GET and COOKIE data sanitized
INFO - 2020-08-20 13:59:03 --> CSRF cookie sent
INFO - 2020-08-20 13:59:03 --> Input Class Initialized
INFO - 2020-08-20 13:59:03 --> Language Class Initialized
INFO - 2020-08-20 13:59:03 --> Loader Class Initialized
INFO - 2020-08-20 13:59:03 --> Helper loaded: url_helper
INFO - 2020-08-20 13:59:03 --> Helper loaded: file_helper
INFO - 2020-08-20 13:59:04 --> Database Driver Class Initialized
INFO - 2020-08-20 13:59:04 --> Email Class Initialized
DEBUG - 2020-08-20 13:59:04 --> Session: "sess_save_path" is empty; using "session.save_path" value from php.ini.
INFO - 2020-08-20 13:59:04 --> Session: Class initialized using 'files' driver.
INFO - 2020-08-20 13:59:04 --> Controller Class Initialized
INFO - 2020-08-20 13:59:04 --> Model "M_dashboard" initialized
INFO - 2020-08-20 13:59:04 --> Final output sent to browser
DEBUG - 2020-08-20 13:59:04 --> Total execution time: 0.6600
INFO - 2020-08-20 13:59:04 --> Config Class Initialized
INFO - 2020-08-20 13:59:04 --> Hooks Class Initialized
DEBUG - 2020-08-20 13:59:04 --> UTF-8 Support Enabled
INFO - 2020-08-20 13:59:04 --> Utf8 Class Initialized
INFO - 2020-08-20 13:59:04 --> URI Class Initialized
INFO - 2020-08-20 13:59:04 --> Router Class Initialized
INFO - 2020-08-20 13:59:04 --> Output Class Initialized
INFO - 2020-08-20 13:59:04 --> Security Class Initialized
DEBUG - 2020-08-20 13:59:04 --> Global POST, GET and COOKIE data sanitized
INFO - 2020-08-20 13:59:04 --> CSRF cookie sent
INFO - 2020-08-20 13:59:04 --> Input Class Initialized
INFO - 2020-08-20 13:59:04 --> Language Class Initialized
INFO - 2020-08-20 13:59:04 --> Loader Class Initialized
INFO - 2020-08-20 13:59:04 --> Helper loaded: url_helper
INFO - 2020-08-20 13:59:04 --> Helper loaded: file_helper
INFO - 2020-08-20 13:59:04 --> Database Driver Class Initialized
INFO - 2020-08-20 13:59:04 --> Email Class Initialized
DEBUG - 2020-08-20 13:59:04 --> Session: "sess_save_path" is empty; using "session.save_path" value from php.ini.
INFO - 2020-08-20 13:59:04 --> Session: Class initialized using 'files' driver.
INFO - 2020-08-20 13:59:04 --> Controller Class Initialized
INFO - 2020-08-20 13:59:04 --> Model "M_dashboard" initialized
INFO - 2020-08-20 13:59:05 --> File loaded: C:\xampp\htdocs\scholarship\institute\views\include/header.php
INFO - 2020-08-20 13:59:05 --> File loaded: C:\xampp\htdocs\scholarship\institute\views\include/menu.php
INFO - 2020-08-20 13:59:05 --> File loaded: C:\xampp\htdocs\scholarship\institute\views\include/footer.php
INFO - 2020-08-20 13:59:05 --> File loaded: C:\xampp\htdocs\scholarship\institute\views\include/msg.php
INFO - 2020-08-20 13:59:05 --> File loaded: C:\xampp\htdocs\scholarship\institute\views\dashboard/approve.php
INFO - 2020-08-20 13:59:05 --> Final output sent to browser
DEBUG - 2020-08-20 13:59:05 --> Total execution time: 0.5456
INFO - 2020-08-20 13:59:05 --> Config Class Initialized
INFO - 2020-08-20 13:59:05 --> Hooks Class Initialized
DEBUG - 2020-08-20 13:59:05 --> UTF-8 Support Enabled
INFO - 2020-08-20 13:59:05 --> Utf8 Class Initialized
INFO - 2020-08-20 13:59:05 --> URI Class Initialized
INFO - 2020-08-20 13:59:05 --> Router Class Initialized
INFO - 2020-08-20 13:59:05 --> Output Class Initialized
INFO - 2020-08-20 13:59:05 --> Security Class Initialized
DEBUG - 2020-08-20 13:59:05 --> Global POST, GET and COOKIE data sanitized
INFO - 2020-08-20 13:59:05 --> CSRF cookie sent
INFO - 2020-08-20 13:59:05 --> Input Class Initialized
INFO - 2020-08-20 13:59:05 --> Language Class Initialized
INFO - 2020-08-20 13:59:05 --> Loader Class Initialized
INFO - 2020-08-20 13:59:05 --> Helper loaded: url_helper
INFO - 2020-08-20 13:59:05 --> Helper loaded: file_helper
INFO - 2020-08-20 13:59:06 --> Database Driver Class Initialized
INFO - 2020-08-20 13:59:06 --> Email Class Initialized
DEBUG - 2020-08-20 13:59:06 --> Session: "sess_save_path" is empty; using "session.save_path" value from php.ini.
INFO - 2020-08-20 13:59:06 --> Session: Class initialized using 'files' driver.
INFO - 2020-08-20 13:59:06 --> Controller Class Initialized
INFO - 2020-08-20 13:59:06 --> Model "M_dashboard" initialized
INFO - 2020-08-20 13:59:06 --> Final output sent to browser
DEBUG - 2020-08-20 13:59:06 --> Total execution time: 0.5144
INFO - 2020-08-20 13:59:09 --> Config Class Initialized
INFO - 2020-08-20 13:59:09 --> Hooks Class Initialized
DEBUG - 2020-08-20 13:59:09 --> UTF-8 Support Enabled
INFO - 2020-08-20 13:59:09 --> Utf8 Class Initialized
INFO - 2020-08-20 13:59:09 --> URI Class Initialized
INFO - 2020-08-20 13:59:09 --> Router Class Initialized
INFO - 2020-08-20 13:59:09 --> Output Class Initialized
INFO - 2020-08-20 13:59:09 --> Security Class Initialized
DEBUG - 2020-08-20 13:59:09 --> Global POST, GET and COOKIE data sanitized
INFO - 2020-08-20 13:59:09 --> CSRF cookie sent
INFO - 2020-08-20 13:59:09 --> Input Class Initialized
INFO - 2020-08-20 13:59:09 --> Language Class Initialized
INFO - 2020-08-20 13:59:10 --> Loader Class Initialized
INFO - 2020-08-20 13:59:10 --> Helper loaded: url_helper
INFO - 2020-08-20 13:59:10 --> Helper loaded: file_helper
INFO - 2020-08-20 13:59:10 --> Database Driver Class Initialized
INFO - 2020-08-20 13:59:10 --> Email Class Initialized
DEBUG - 2020-08-20 13:59:10 --> Session: "sess_save_path" is empty; using "session.save_path" value from php.ini.
INFO - 2020-08-20 13:59:10 --> Session: Class initialized using 'files' driver.
INFO - 2020-08-20 13:59:10 --> Controller Class Initialized
INFO - 2020-08-20 13:59:10 --> Model "M_staffs" initialized
INFO - 2020-08-20 13:59:10 --> Helper loaded: form_helper
INFO - 2020-08-20 13:59:10 --> Form Validation Class Initialized
DEBUG - 2020-08-20 13:59:10 --> Sc_check class already loaded. Second attempt ignored.
INFO - 2020-08-20 13:59:10 --> File loaded: C:\xampp\htdocs\scholarship\institute\views\include/header.php
INFO - 2020-08-20 13:59:10 --> File loaded: C:\xampp\htdocs\scholarship\institute\views\include/menu.php
INFO - 2020-08-20 13:59:10 --> File loaded: C:\xampp\htdocs\scholarship\institute\views\include/footer.php
INFO - 2020-08-20 13:59:10 --> File loaded: C:\xampp\htdocs\scholarship\institute\views\include/msg.php
INFO - 2020-08-20 13:59:10 --> File loaded: C:\xampp\htdocs\scholarship\institute\views\staffs/list.php
INFO - 2020-08-20 13:59:10 --> Final output sent to browser
DEBUG - 2020-08-20 13:59:10 --> Total execution time: 0.8337
INFO - 2020-08-20 13:59:25 --> Config Class Initialized
INFO - 2020-08-20 13:59:25 --> Hooks Class Initialized
DEBUG - 2020-08-20 13:59:25 --> UTF-8 Support Enabled
INFO - 2020-08-20 13:59:25 --> Utf8 Class Initialized
INFO - 2020-08-20 13:59:25 --> URI Class Initialized
INFO - 2020-08-20 13:59:25 --> Router Class Initialized
INFO - 2020-08-20 13:59:25 --> Output Class Initialized
INFO - 2020-08-20 13:59:25 --> Security Class Initialized
DEBUG - 2020-08-20 13:59:25 --> Global POST, GET and COOKIE data sanitized
INFO - 2020-08-20 13:59:25 --> CSRF cookie sent
INFO - 2020-08-20 13:59:25 --> Input Class Initialized
INFO - 2020-08-20 13:59:25 --> Language Class Initialized
INFO - 2020-08-20 13:59:25 --> Loader Class Initialized
INFO - 2020-08-20 13:59:25 --> Helper loaded: url_helper
INFO - 2020-08-20 13:59:25 --> Helper loaded: file_helper
INFO - 2020-08-20 13:59:25 --> Database Driver Class Initialized
INFO - 2020-08-20 13:59:25 --> Email Class Initialized
DEBUG - 2020-08-20 13:59:25 --> Session: "sess_save_path" is empty; using "session.save_path" value from php.ini.
INFO - 2020-08-20 13:59:25 --> Session: Class initialized using 'files' driver.
INFO - 2020-08-20 13:59:25 --> Controller Class Initialized
INFO - 2020-08-20 13:59:25 --> Model "M_account" initialized
DEBUG - 2020-08-20 13:59:25 --> Sc_check class already loaded. Second attempt ignored.
INFO - 2020-08-20 13:59:25 --> Helper loaded: form_helper
INFO - 2020-08-20 13:59:26 --> Form Validation Class Initialized
INFO - 2020-08-20 13:59:26 --> Model "M_auth" initialized
INFO - 2020-08-20 13:59:26 --> File loaded: C:\xampp\htdocs\scholarship\institute\views\include/header.php
INFO - 2020-08-20 13:59:26 --> File loaded: C:\xampp\htdocs\scholarship\institute\views\include/menu.php
INFO - 2020-08-20 13:59:26 --> File loaded: C:\xampp\htdocs\scholarship\institute\views\include/footer.php
INFO - 2020-08-20 13:59:26 --> File loaded: C:\xampp\htdocs\scholarship\institute\views\include/msg.php
INFO - 2020-08-20 13:59:26 --> File loaded: C:\xampp\htdocs\scholarship\institute\views\auth/account.php
INFO - 2020-08-20 13:59:26 --> Final output sent to browser
DEBUG - 2020-08-20 13:59:26 --> Total execution time: 0.5135
INFO - 2020-08-20 13:59:26 --> Config Class Initialized
INFO - 2020-08-20 13:59:26 --> Config Class Initialized
INFO - 2020-08-20 13:59:26 --> Hooks Class Initialized
DEBUG - 2020-08-20 13:59:26 --> UTF-8 Support Enabled
INFO - 2020-08-20 13:59:26 --> Utf8 Class Initialized
INFO - 2020-08-20 13:59:26 --> Config Class Initialized
INFO - 2020-08-20 13:59:26 --> Hooks Class Initialized
INFO - 2020-08-20 13:59:26 --> URI Class Initialized
DEBUG - 2020-08-20 13:59:26 --> UTF-8 Support Enabled
INFO - 2020-08-20 13:59:26 --> Utf8 Class Initialized
INFO - 2020-08-20 13:59:26 --> Router Class Initialized
INFO - 2020-08-20 13:59:26 --> Output Class Initialized
INFO - 2020-08-20 13:59:26 --> Security Class Initialized
INFO - 2020-08-20 13:59:26 --> URI Class Initialized
INFO - 2020-08-20 13:59:26 --> Router Class Initialized
INFO - 2020-08-20 13:59:26 --> Hooks Class Initialized
INFO - 2020-08-20 13:59:26 --> Output Class Initialized
INFO - 2020-08-20 13:59:26 --> Security Class Initialized
DEBUG - 2020-08-20 13:59:26 --> UTF-8 Support Enabled
INFO - 2020-08-20 13:59:26 --> Utf8 Class Initialized
INFO - 2020-08-20 13:59:26 --> URI Class Initialized
INFO - 2020-08-20 13:59:26 --> Router Class Initialized
DEBUG - 2020-08-20 13:59:26 --> Global POST, GET and COOKIE data sanitized
DEBUG - 2020-08-20 13:59:26 --> Global POST, GET and COOKIE data sanitized
INFO - 2020-08-20 13:59:26 --> CSRF cookie sent
INFO - 2020-08-20 13:59:26 --> Input Class Initialized
INFO - 2020-08-20 13:59:26 --> CSRF cookie sent
INFO - 2020-08-20 13:59:26 --> Input Class Initialized
INFO - 2020-08-20 13:59:26 --> Language Class Initialized
INFO - 2020-08-20 13:59:26 --> Language Class Initialized
INFO - 2020-08-20 13:59:26 --> Loader Class Initialized
INFO - 2020-08-20 13:59:26 --> Loader Class Initialized
INFO - 2020-08-20 13:59:26 --> Output Class Initialized
INFO - 2020-08-20 13:59:26 --> Helper loaded: url_helper
INFO - 2020-08-20 13:59:26 --> Security Class Initialized
INFO - 2020-08-20 13:59:26 --> Helper loaded: file_helper
DEBUG - 2020-08-20 13:59:26 --> Global POST, GET and COOKIE data sanitized
INFO - 2020-08-20 13:59:26 --> CSRF cookie sent
INFO - 2020-08-20 13:59:26 --> Input Class Initialized
INFO - 2020-08-20 13:59:26 --> Language Class Initialized
INFO - 2020-08-20 13:59:26 --> Database Driver Class Initialized
INFO - 2020-08-20 13:59:26 --> Helper loaded: url_helper
INFO - 2020-08-20 13:59:26 --> Helper loaded: file_helper
INFO - 2020-08-20 13:59:26 --> Loader Class Initialized
INFO - 2020-08-20 13:59:26 --> Email Class Initialized
DEBUG - 2020-08-20 13:59:26 --> Session: "sess_save_path" is empty; using "session.save_path" value from php.ini.
INFO - 2020-08-20 13:59:26 --> Database Driver Class Initialized
INFO - 2020-08-20 13:59:26 --> Session: Class initialized using 'files' driver.
INFO - 2020-08-20 13:59:26 --> Controller Class Initialized
INFO - 2020-08-20 13:59:26 --> Model "M_auth" initialized
DEBUG - 2020-08-20 13:59:26 --> Sc_check class already loaded. Second attempt ignored.
INFO - 2020-08-20 13:59:26 --> Helper loaded: captcha_helper
INFO - 2020-08-20 13:59:26 --> Final output sent to browser
INFO - 2020-08-20 13:59:26 --> Helper loaded: url_helper
INFO - 2020-08-20 13:59:26 --> Helper loaded: file_helper
INFO - 2020-08-20 13:59:26 --> Email Class Initialized
INFO - 2020-08-20 13:59:26 --> Database Driver Class Initialized
DEBUG - 2020-08-20 13:59:26 --> Session: "sess_save_path" is empty; using "session.save_path" value from php.ini.
DEBUG - 2020-08-20 13:59:26 --> Total execution time: 0.1841
INFO - 2020-08-20 13:59:26 --> Email Class Initialized
DEBUG - 2020-08-20 13:59:26 --> Session: "sess_save_path" is empty; using "session.save_path" value from php.ini.
INFO - 2020-08-20 13:59:26 --> Session: Class initialized using 'files' driver.
INFO - 2020-08-20 13:59:26 --> Controller Class Initialized
INFO - 2020-08-20 13:59:26 --> Model "M_auth" initialized
DEBUG - 2020-08-20 13:59:26 --> Sc_check class already loaded. Second attempt ignored.
INFO - 2020-08-20 13:59:26 --> Helper loaded: captcha_helper
INFO - 2020-08-20 13:59:26 --> Final output sent to browser
DEBUG - 2020-08-20 13:59:26 --> Total execution time: 0.2504
INFO - 2020-08-20 13:59:26 --> Session: Class initialized using 'files' driver.
INFO - 2020-08-20 13:59:26 --> Controller Class Initialized
INFO - 2020-08-20 13:59:26 --> Model "M_auth" initialized
DEBUG - 2020-08-20 13:59:26 --> Sc_check class already loaded. Second attempt ignored.
INFO - 2020-08-20 13:59:26 --> Helper loaded: captcha_helper
INFO - 2020-08-20 13:59:27 --> Final output sent to browser
DEBUG - 2020-08-20 13:59:27 --> Total execution time: 0.3813
INFO - 2020-08-20 13:59:38 --> Config Class Initialized
INFO - 2020-08-20 13:59:38 --> Hooks Class Initialized
DEBUG - 2020-08-20 13:59:38 --> UTF-8 Support Enabled
INFO - 2020-08-20 13:59:38 --> Utf8 Class Initialized
INFO - 2020-08-20 13:59:38 --> URI Class Initialized
INFO - 2020-08-20 13:59:38 --> Router Class Initialized
INFO - 2020-08-20 13:59:38 --> Output Class Initialized
INFO - 2020-08-20 13:59:38 --> Security Class Initialized
DEBUG - 2020-08-20 13:59:38 --> Global POST, GET and COOKIE data sanitized
INFO - 2020-08-20 13:59:38 --> CSRF cookie sent
INFO - 2020-08-20 13:59:38 --> Input Class Initialized
INFO - 2020-08-20 13:59:38 --> Language Class Initialized
INFO - 2020-08-20 13:59:38 --> Loader Class Initialized
INFO - 2020-08-20 13:59:38 --> Helper loaded: url_helper
INFO - 2020-08-20 13:59:38 --> Helper loaded: file_helper
INFO - 2020-08-20 13:59:38 --> Database Driver Class Initialized
INFO - 2020-08-20 13:59:38 --> Email Class Initialized
DEBUG - 2020-08-20 13:59:38 --> Session: "sess_save_path" is empty; using "session.save_path" value from php.ini.
INFO - 2020-08-20 13:59:38 --> Session: Class initialized using 'files' driver.
INFO - 2020-08-20 13:59:38 --> Controller Class Initialized
INFO - 2020-08-20 13:59:38 --> Model "M_auth" initialized
DEBUG - 2020-08-20 13:59:38 --> Sc_check class already loaded. Second attempt ignored.
INFO - 2020-08-20 13:59:38 --> Helper loaded: captcha_helper
INFO - 2020-08-20 13:59:38 --> Config Class Initialized
INFO - 2020-08-20 13:59:38 --> Hooks Class Initialized
DEBUG - 2020-08-20 13:59:38 --> UTF-8 Support Enabled
INFO - 2020-08-20 13:59:38 --> Utf8 Class Initialized
INFO - 2020-08-20 13:59:38 --> URI Class Initialized
DEBUG - 2020-08-20 13:59:38 --> No URI present. Default controller set.
INFO - 2020-08-20 13:59:38 --> Router Class Initialized
INFO - 2020-08-20 13:59:38 --> Output Class Initialized
INFO - 2020-08-20 13:59:39 --> Security Class Initialized
DEBUG - 2020-08-20 13:59:39 --> Global POST, GET and COOKIE data sanitized
INFO - 2020-08-20 13:59:39 --> CSRF cookie sent
INFO - 2020-08-20 13:59:39 --> Input Class Initialized
INFO - 2020-08-20 13:59:39 --> Language Class Initialized
INFO - 2020-08-20 13:59:39 --> Loader Class Initialized
INFO - 2020-08-20 13:59:39 --> Helper loaded: url_helper
INFO - 2020-08-20 13:59:39 --> Helper loaded: file_helper
INFO - 2020-08-20 13:59:39 --> Database Driver Class Initialized
INFO - 2020-08-20 13:59:39 --> Email Class Initialized
DEBUG - 2020-08-20 13:59:39 --> Session: "sess_save_path" is empty; using "session.save_path" value from php.ini.
INFO - 2020-08-20 13:59:39 --> Session: Class initialized using 'files' driver.
INFO - 2020-08-20 13:59:39 --> Controller Class Initialized
INFO - 2020-08-20 13:59:39 --> Model "M_auth" initialized
DEBUG - 2020-08-20 13:59:39 --> Sc_check class already loaded. Second attempt ignored.
INFO - 2020-08-20 13:59:39 --> Helper loaded: captcha_helper
INFO - 2020-08-20 13:59:39 --> File loaded: C:\xampp\htdocs\scholarship\institute\views\include/header.php
INFO - 2020-08-20 13:59:39 --> File loaded: C:\xampp\htdocs\scholarship\institute\views\include/footer.php
INFO - 2020-08-20 13:59:39 --> File loaded: C:\xampp\htdocs\scholarship\institute\views\include/msg.php
INFO - 2020-08-20 13:59:39 --> File loaded: C:\xampp\htdocs\scholarship\institute\views\auth/login.php
INFO - 2020-08-20 13:59:39 --> Final output sent to browser
DEBUG - 2020-08-20 13:59:39 --> Total execution time: 0.3500
INFO - 2020-08-20 13:59:39 --> Config Class Initialized
INFO - 2020-08-20 13:59:39 --> Hooks Class Initialized
DEBUG - 2020-08-20 13:59:39 --> UTF-8 Support Enabled
INFO - 2020-08-20 13:59:39 --> Utf8 Class Initialized
INFO - 2020-08-20 13:59:39 --> URI Class Initialized
INFO - 2020-08-20 13:59:39 --> Router Class Initialized
INFO - 2020-08-20 13:59:39 --> Output Class Initialized
INFO - 2020-08-20 13:59:39 --> Security Class Initialized
DEBUG - 2020-08-20 13:59:39 --> Global POST, GET and COOKIE data sanitized
INFO - 2020-08-20 13:59:39 --> CSRF cookie sent
INFO - 2020-08-20 13:59:39 --> Input Class Initialized
INFO - 2020-08-20 13:59:39 --> Language Class Initialized
ERROR - 2020-08-20 13:59:39 --> 404 Page Not Found: Assets/css
