INFO - 2020-09-02 15:35:46 --> Config Class Initialized
INFO - 2020-09-02 15:35:46 --> Hooks Class Initialized
DEBUG - 2020-09-02 15:35:46 --> UTF-8 Support Enabled
INFO - 2020-09-02 15:35:46 --> Utf8 Class Initialized
INFO - 2020-09-02 15:35:46 --> URI Class Initialized
DEBUG - 2020-09-02 15:35:46 --> No URI present. Default controller set.
INFO - 2020-09-02 15:35:46 --> Router Class Initialized
INFO - 2020-09-02 15:35:46 --> Output Class Initialized
INFO - 2020-09-02 15:35:46 --> Security Class Initialized
DEBUG - 2020-09-02 15:35:46 --> Global POST, GET and COOKIE data sanitized
INFO - 2020-09-02 15:35:46 --> CSRF cookie sent
INFO - 2020-09-02 15:35:46 --> Input Class Initialized
INFO - 2020-09-02 15:35:46 --> Language Class Initialized
INFO - 2020-09-02 15:35:46 --> Loader Class Initialized
INFO - 2020-09-02 15:35:46 --> Helper loaded: url_helper
INFO - 2020-09-02 15:35:46 --> Helper loaded: file_helper
INFO - 2020-09-02 15:35:46 --> Database Driver Class Initialized
INFO - 2020-09-02 15:35:46 --> Email Class Initialized
DEBUG - 2020-09-02 15:35:46 --> Session: "sess_save_path" is empty; using "session.save_path" value from php.ini.
INFO - 2020-09-02 15:35:46 --> Session: Class initialized using 'files' driver.
INFO - 2020-09-02 15:35:46 --> Controller Class Initialized
INFO - 2020-09-02 15:35:46 --> Model "M_auth" initialized
DEBUG - 2020-09-02 15:35:46 --> Sc_check class already loaded. Second attempt ignored.
INFO - 2020-09-02 15:35:46 --> Helper loaded: captcha_helper
INFO - 2020-09-02 15:35:46 --> Helper loaded: form_helper
INFO - 2020-09-02 15:35:46 --> Form Validation Class Initialized
INFO - 2020-09-02 15:35:46 --> File loaded: C:\xampp\htdocs\scholarship\institute\views\include/header.php
INFO - 2020-09-02 15:35:46 --> File loaded: C:\xampp\htdocs\scholarship\institute\views\include/footer.php
INFO - 2020-09-02 15:35:46 --> File loaded: C:\xampp\htdocs\scholarship\institute\views\include/msg.php
INFO - 2020-09-02 15:35:46 --> File loaded: C:\xampp\htdocs\scholarship\institute\views\auth/login.php
INFO - 2020-09-02 15:35:46 --> Final output sent to browser
DEBUG - 2020-09-02 15:35:46 --> Total execution time: 0.3601
INFO - 2020-09-02 15:35:46 --> Config Class Initialized
INFO - 2020-09-02 15:35:46 --> Hooks Class Initialized
DEBUG - 2020-09-02 15:35:46 --> UTF-8 Support Enabled
INFO - 2020-09-02 15:35:46 --> Utf8 Class Initialized
INFO - 2020-09-02 15:35:46 --> URI Class Initialized
INFO - 2020-09-02 15:35:46 --> Router Class Initialized
INFO - 2020-09-02 15:35:46 --> Output Class Initialized
INFO - 2020-09-02 15:35:46 --> Security Class Initialized
DEBUG - 2020-09-02 15:35:46 --> Global POST, GET and COOKIE data sanitized
INFO - 2020-09-02 15:35:46 --> CSRF cookie sent
INFO - 2020-09-02 15:35:46 --> Input Class Initialized
INFO - 2020-09-02 15:35:46 --> Language Class Initialized
ERROR - 2020-09-02 15:35:46 --> 404 Page Not Found: Assets/css
INFO - 2020-09-02 15:35:49 --> Config Class Initialized
INFO - 2020-09-02 15:35:49 --> Hooks Class Initialized
DEBUG - 2020-09-02 15:35:49 --> UTF-8 Support Enabled
INFO - 2020-09-02 15:35:49 --> Utf8 Class Initialized
INFO - 2020-09-02 15:35:49 --> URI Class Initialized
INFO - 2020-09-02 15:35:49 --> Router Class Initialized
INFO - 2020-09-02 15:35:49 --> Output Class Initialized
INFO - 2020-09-02 15:35:49 --> Security Class Initialized
DEBUG - 2020-09-02 15:35:49 --> Global POST, GET and COOKIE data sanitized
INFO - 2020-09-02 15:35:49 --> CSRF cookie sent
INFO - 2020-09-02 15:35:49 --> Input Class Initialized
INFO - 2020-09-02 15:35:49 --> Language Class Initialized
INFO - 2020-09-02 15:35:49 --> Loader Class Initialized
INFO - 2020-09-02 15:35:49 --> Helper loaded: url_helper
INFO - 2020-09-02 15:35:50 --> Helper loaded: file_helper
INFO - 2020-09-02 15:35:50 --> Database Driver Class Initialized
INFO - 2020-09-02 15:35:50 --> Email Class Initialized
DEBUG - 2020-09-02 15:35:50 --> Session: "sess_save_path" is empty; using "session.save_path" value from php.ini.
INFO - 2020-09-02 15:35:50 --> Session: Class initialized using 'files' driver.
INFO - 2020-09-02 15:35:50 --> Controller Class Initialized
INFO - 2020-09-02 15:35:50 --> Model "M_auth" initialized
DEBUG - 2020-09-02 15:35:50 --> Sc_check class already loaded. Second attempt ignored.
INFO - 2020-09-02 15:35:50 --> Helper loaded: captcha_helper
INFO - 2020-09-02 15:35:50 --> Helper loaded: form_helper
INFO - 2020-09-02 15:35:50 --> Form Validation Class Initialized
INFO - 2020-09-02 15:35:50 --> File loaded: C:\xampp\htdocs\scholarship\institute\views\include/header.php
INFO - 2020-09-02 15:35:50 --> File loaded: C:\xampp\htdocs\scholarship\institute\views\include/footer.php
INFO - 2020-09-02 15:35:50 --> File loaded: C:\xampp\htdocs\scholarship\institute\views\include/msg.php
INFO - 2020-09-02 15:35:50 --> File loaded: C:\xampp\htdocs\scholarship\institute\views\auth/register.php
INFO - 2020-09-02 15:35:50 --> Final output sent to browser
DEBUG - 2020-09-02 15:35:50 --> Total execution time: 0.3115
INFO - 2020-09-02 15:35:52 --> Config Class Initialized
INFO - 2020-09-02 15:35:52 --> Hooks Class Initialized
DEBUG - 2020-09-02 15:35:52 --> UTF-8 Support Enabled
INFO - 2020-09-02 15:35:52 --> Utf8 Class Initialized
INFO - 2020-09-02 15:35:52 --> URI Class Initialized
INFO - 2020-09-02 15:35:52 --> Router Class Initialized
INFO - 2020-09-02 15:35:52 --> Output Class Initialized
INFO - 2020-09-02 15:35:52 --> Security Class Initialized
DEBUG - 2020-09-02 15:35:52 --> Global POST, GET and COOKIE data sanitized
INFO - 2020-09-02 15:35:52 --> CSRF cookie sent
INFO - 2020-09-02 15:35:52 --> Input Class Initialized
INFO - 2020-09-02 15:35:52 --> Language Class Initialized
INFO - 2020-09-02 15:35:52 --> Loader Class Initialized
INFO - 2020-09-02 15:35:52 --> Helper loaded: url_helper
INFO - 2020-09-02 15:35:52 --> Helper loaded: file_helper
INFO - 2020-09-02 15:35:52 --> Database Driver Class Initialized
INFO - 2020-09-02 15:35:52 --> Email Class Initialized
DEBUG - 2020-09-02 15:35:52 --> Session: "sess_save_path" is empty; using "session.save_path" value from php.ini.
INFO - 2020-09-02 15:35:52 --> Session: Class initialized using 'files' driver.
INFO - 2020-09-02 15:35:52 --> Controller Class Initialized
INFO - 2020-09-02 15:35:52 --> Model "M_auth" initialized
DEBUG - 2020-09-02 15:35:52 --> Sc_check class already loaded. Second attempt ignored.
INFO - 2020-09-02 15:35:52 --> Helper loaded: captcha_helper
INFO - 2020-09-02 15:35:52 --> Helper loaded: form_helper
INFO - 2020-09-02 15:35:52 --> Form Validation Class Initialized
INFO - 2020-09-02 15:35:52 --> File loaded: C:\xampp\htdocs\scholarship\institute\views\include/header.php
INFO - 2020-09-02 15:35:52 --> File loaded: C:\xampp\htdocs\scholarship\institute\views\include/footer.php
INFO - 2020-09-02 15:35:52 --> File loaded: C:\xampp\htdocs\scholarship\institute\views\include/msg.php
INFO - 2020-09-02 15:35:52 --> File loaded: C:\xampp\htdocs\scholarship\institute\views\auth/company-request.php
INFO - 2020-09-02 15:35:52 --> Final output sent to browser
DEBUG - 2020-09-02 15:35:52 --> Total execution time: 0.3259
INFO - 2020-09-02 15:36:55 --> Config Class Initialized
INFO - 2020-09-02 15:36:55 --> Hooks Class Initialized
DEBUG - 2020-09-02 15:36:55 --> UTF-8 Support Enabled
INFO - 2020-09-02 15:36:55 --> Utf8 Class Initialized
INFO - 2020-09-02 15:36:55 --> URI Class Initialized
INFO - 2020-09-02 15:36:56 --> Router Class Initialized
INFO - 2020-09-02 15:36:56 --> Output Class Initialized
INFO - 2020-09-02 15:36:56 --> Security Class Initialized
DEBUG - 2020-09-02 15:36:56 --> Global POST, GET and COOKIE data sanitized
INFO - 2020-09-02 15:36:56 --> CSRF cookie sent
INFO - 2020-09-02 15:36:56 --> CSRF token verified
INFO - 2020-09-02 15:36:56 --> Input Class Initialized
INFO - 2020-09-02 15:36:56 --> Language Class Initialized
INFO - 2020-09-02 15:36:56 --> Loader Class Initialized
INFO - 2020-09-02 15:36:56 --> Helper loaded: url_helper
INFO - 2020-09-02 15:36:56 --> Helper loaded: file_helper
INFO - 2020-09-02 15:36:56 --> Database Driver Class Initialized
INFO - 2020-09-02 15:36:56 --> Email Class Initialized
DEBUG - 2020-09-02 15:36:56 --> Session: "sess_save_path" is empty; using "session.save_path" value from php.ini.
INFO - 2020-09-02 15:36:56 --> Session: Class initialized using 'files' driver.
INFO - 2020-09-02 15:36:56 --> Controller Class Initialized
INFO - 2020-09-02 15:36:56 --> Model "M_auth" initialized
DEBUG - 2020-09-02 15:36:56 --> Sc_check class already loaded. Second attempt ignored.
INFO - 2020-09-02 15:36:56 --> Helper loaded: captcha_helper
INFO - 2020-09-02 15:36:56 --> Helper loaded: form_helper
INFO - 2020-09-02 15:36:56 --> Form Validation Class Initialized
INFO - 2020-09-02 15:36:56 --> Final output sent to browser
DEBUG - 2020-09-02 15:36:56 --> Total execution time: 0.4008
INFO - 2020-09-02 15:36:59 --> Config Class Initialized
INFO - 2020-09-02 15:36:59 --> Hooks Class Initialized
DEBUG - 2020-09-02 15:36:59 --> UTF-8 Support Enabled
INFO - 2020-09-02 15:36:59 --> Utf8 Class Initialized
INFO - 2020-09-02 15:36:59 --> URI Class Initialized
INFO - 2020-09-02 15:36:59 --> Router Class Initialized
INFO - 2020-09-02 15:36:59 --> Output Class Initialized
INFO - 2020-09-02 15:36:59 --> Security Class Initialized
DEBUG - 2020-09-02 15:36:59 --> Global POST, GET and COOKIE data sanitized
INFO - 2020-09-02 15:36:59 --> CSRF cookie sent
INFO - 2020-09-02 15:36:59 --> CSRF token verified
INFO - 2020-09-02 15:36:59 --> Input Class Initialized
INFO - 2020-09-02 15:36:59 --> Language Class Initialized
INFO - 2020-09-02 15:36:59 --> Loader Class Initialized
INFO - 2020-09-02 15:36:59 --> Helper loaded: url_helper
INFO - 2020-09-02 15:36:59 --> Helper loaded: file_helper
INFO - 2020-09-02 15:36:59 --> Database Driver Class Initialized
INFO - 2020-09-02 15:36:59 --> Email Class Initialized
DEBUG - 2020-09-02 15:36:59 --> Session: "sess_save_path" is empty; using "session.save_path" value from php.ini.
INFO - 2020-09-02 15:36:59 --> Session: Class initialized using 'files' driver.
INFO - 2020-09-02 15:36:59 --> Controller Class Initialized
INFO - 2020-09-02 15:36:59 --> Model "M_auth" initialized
DEBUG - 2020-09-02 15:36:59 --> Sc_check class already loaded. Second attempt ignored.
INFO - 2020-09-02 15:36:59 --> Helper loaded: captcha_helper
INFO - 2020-09-02 15:36:59 --> Helper loaded: form_helper
INFO - 2020-09-02 15:36:59 --> Form Validation Class Initialized
INFO - 2020-09-02 15:36:59 --> Final output sent to browser
DEBUG - 2020-09-02 15:36:59 --> Total execution time: 0.3548
INFO - 2020-09-02 15:37:02 --> Config Class Initialized
INFO - 2020-09-02 15:37:02 --> Hooks Class Initialized
DEBUG - 2020-09-02 15:37:02 --> UTF-8 Support Enabled
INFO - 2020-09-02 15:37:02 --> Utf8 Class Initialized
INFO - 2020-09-02 15:37:02 --> URI Class Initialized
INFO - 2020-09-02 15:37:02 --> Router Class Initialized
INFO - 2020-09-02 15:37:02 --> Output Class Initialized
INFO - 2020-09-02 15:37:02 --> Security Class Initialized
DEBUG - 2020-09-02 15:37:02 --> Global POST, GET and COOKIE data sanitized
INFO - 2020-09-02 15:37:02 --> CSRF cookie sent
INFO - 2020-09-02 15:37:02 --> CSRF token verified
INFO - 2020-09-02 15:37:02 --> Input Class Initialized
INFO - 2020-09-02 15:37:02 --> Language Class Initialized
INFO - 2020-09-02 15:37:02 --> Loader Class Initialized
INFO - 2020-09-02 15:37:02 --> Helper loaded: url_helper
INFO - 2020-09-02 15:37:02 --> Helper loaded: file_helper
INFO - 2020-09-02 15:37:02 --> Database Driver Class Initialized
INFO - 2020-09-02 15:37:02 --> Email Class Initialized
DEBUG - 2020-09-02 15:37:03 --> Session: "sess_save_path" is empty; using "session.save_path" value from php.ini.
INFO - 2020-09-02 15:37:03 --> Session: Class initialized using 'files' driver.
INFO - 2020-09-02 15:37:03 --> Controller Class Initialized
INFO - 2020-09-02 15:37:03 --> Model "M_auth" initialized
DEBUG - 2020-09-02 15:37:03 --> Sc_check class already loaded. Second attempt ignored.
INFO - 2020-09-02 15:37:03 --> Helper loaded: captcha_helper
INFO - 2020-09-02 15:37:03 --> Helper loaded: form_helper
INFO - 2020-09-02 15:37:03 --> Form Validation Class Initialized
INFO - 2020-09-02 15:37:03 --> Final output sent to browser
DEBUG - 2020-09-02 15:37:03 --> Total execution time: 0.3305
INFO - 2020-09-02 15:37:06 --> Config Class Initialized
INFO - 2020-09-02 15:37:06 --> Hooks Class Initialized
DEBUG - 2020-09-02 15:37:06 --> UTF-8 Support Enabled
INFO - 2020-09-02 15:37:06 --> Utf8 Class Initialized
INFO - 2020-09-02 15:37:06 --> URI Class Initialized
INFO - 2020-09-02 15:37:06 --> Router Class Initialized
INFO - 2020-09-02 15:37:06 --> Output Class Initialized
INFO - 2020-09-02 15:37:06 --> Security Class Initialized
DEBUG - 2020-09-02 15:37:06 --> Global POST, GET and COOKIE data sanitized
INFO - 2020-09-02 15:37:06 --> CSRF cookie sent
INFO - 2020-09-02 15:37:06 --> CSRF token verified
INFO - 2020-09-02 15:37:06 --> Input Class Initialized
INFO - 2020-09-02 15:37:06 --> Language Class Initialized
INFO - 2020-09-02 15:37:06 --> Loader Class Initialized
INFO - 2020-09-02 15:37:06 --> Helper loaded: url_helper
INFO - 2020-09-02 15:37:06 --> Helper loaded: file_helper
INFO - 2020-09-02 15:37:06 --> Database Driver Class Initialized
INFO - 2020-09-02 15:37:06 --> Email Class Initialized
DEBUG - 2020-09-02 15:37:06 --> Session: "sess_save_path" is empty; using "session.save_path" value from php.ini.
INFO - 2020-09-02 15:37:06 --> Session: Class initialized using 'files' driver.
INFO - 2020-09-02 15:37:06 --> Controller Class Initialized
INFO - 2020-09-02 15:37:06 --> Model "M_auth" initialized
DEBUG - 2020-09-02 15:37:06 --> Sc_check class already loaded. Second attempt ignored.
INFO - 2020-09-02 15:37:06 --> Helper loaded: captcha_helper
INFO - 2020-09-02 15:37:06 --> Helper loaded: form_helper
INFO - 2020-09-02 15:37:06 --> Form Validation Class Initialized
INFO - 2020-09-02 15:37:06 --> Final output sent to browser
DEBUG - 2020-09-02 15:37:06 --> Total execution time: 0.3427
INFO - 2020-09-02 15:37:46 --> Config Class Initialized
INFO - 2020-09-02 15:37:46 --> Hooks Class Initialized
DEBUG - 2020-09-02 15:37:46 --> UTF-8 Support Enabled
INFO - 2020-09-02 15:37:46 --> Utf8 Class Initialized
INFO - 2020-09-02 15:37:46 --> URI Class Initialized
INFO - 2020-09-02 15:37:46 --> Router Class Initialized
INFO - 2020-09-02 15:37:46 --> Output Class Initialized
INFO - 2020-09-02 15:37:46 --> Security Class Initialized
DEBUG - 2020-09-02 15:37:46 --> Global POST, GET and COOKIE data sanitized
INFO - 2020-09-02 15:37:46 --> CSRF cookie sent
INFO - 2020-09-02 15:37:46 --> Input Class Initialized
INFO - 2020-09-02 15:37:46 --> Language Class Initialized
INFO - 2020-09-02 15:37:46 --> Loader Class Initialized
INFO - 2020-09-02 15:37:46 --> Helper loaded: url_helper
INFO - 2020-09-02 15:37:46 --> Helper loaded: file_helper
INFO - 2020-09-02 15:37:46 --> Database Driver Class Initialized
INFO - 2020-09-02 15:37:46 --> Email Class Initialized
DEBUG - 2020-09-02 15:37:46 --> Session: "sess_save_path" is empty; using "session.save_path" value from php.ini.
INFO - 2020-09-02 15:37:46 --> Session: Class initialized using 'files' driver.
INFO - 2020-09-02 15:37:46 --> Controller Class Initialized
INFO - 2020-09-02 15:37:46 --> Model "M_auth" initialized
DEBUG - 2020-09-02 15:37:46 --> Sc_check class already loaded. Second attempt ignored.
INFO - 2020-09-02 15:37:46 --> Helper loaded: captcha_helper
INFO - 2020-09-02 15:37:46 --> Helper loaded: form_helper
INFO - 2020-09-02 15:37:46 --> Form Validation Class Initialized
INFO - 2020-09-02 15:37:47 --> File loaded: C:\xampp\htdocs\scholarship\institute\views\include/header.php
INFO - 2020-09-02 15:37:47 --> File loaded: C:\xampp\htdocs\scholarship\institute\views\include/footer.php
INFO - 2020-09-02 15:37:47 --> File loaded: C:\xampp\htdocs\scholarship\institute\views\include/msg.php
INFO - 2020-09-02 15:37:47 --> File loaded: C:\xampp\htdocs\scholarship\institute\views\auth/company-request.php
INFO - 2020-09-02 15:37:47 --> Final output sent to browser
DEBUG - 2020-09-02 15:37:47 --> Total execution time: 0.4344
INFO - 2020-09-02 15:38:31 --> Config Class Initialized
INFO - 2020-09-02 15:38:31 --> Hooks Class Initialized
DEBUG - 2020-09-02 15:38:31 --> UTF-8 Support Enabled
INFO - 2020-09-02 15:38:31 --> Utf8 Class Initialized
INFO - 2020-09-02 15:38:31 --> URI Class Initialized
INFO - 2020-09-02 15:38:31 --> Router Class Initialized
INFO - 2020-09-02 15:38:31 --> Output Class Initialized
INFO - 2020-09-02 15:38:31 --> Security Class Initialized
DEBUG - 2020-09-02 15:38:31 --> Global POST, GET and COOKIE data sanitized
INFO - 2020-09-02 15:38:31 --> CSRF cookie sent
INFO - 2020-09-02 15:38:31 --> Input Class Initialized
INFO - 2020-09-02 15:38:31 --> Language Class Initialized
INFO - 2020-09-02 15:38:31 --> Loader Class Initialized
INFO - 2020-09-02 15:38:31 --> Helper loaded: url_helper
INFO - 2020-09-02 15:38:31 --> Helper loaded: file_helper
INFO - 2020-09-02 15:38:31 --> Database Driver Class Initialized
INFO - 2020-09-02 15:38:31 --> Email Class Initialized
DEBUG - 2020-09-02 15:38:31 --> Session: "sess_save_path" is empty; using "session.save_path" value from php.ini.
INFO - 2020-09-02 15:38:31 --> Session: Class initialized using 'files' driver.
INFO - 2020-09-02 15:38:31 --> Controller Class Initialized
INFO - 2020-09-02 15:38:31 --> Model "M_auth" initialized
DEBUG - 2020-09-02 15:38:31 --> Sc_check class already loaded. Second attempt ignored.
INFO - 2020-09-02 15:38:31 --> Helper loaded: captcha_helper
INFO - 2020-09-02 15:38:31 --> Helper loaded: form_helper
INFO - 2020-09-02 15:38:31 --> Form Validation Class Initialized
INFO - 2020-09-02 15:38:31 --> File loaded: C:\xampp\htdocs\scholarship\institute\views\include/header.php
INFO - 2020-09-02 15:38:31 --> File loaded: C:\xampp\htdocs\scholarship\institute\views\include/footer.php
INFO - 2020-09-02 15:38:31 --> File loaded: C:\xampp\htdocs\scholarship\institute\views\include/msg.php
INFO - 2020-09-02 15:38:31 --> File loaded: C:\xampp\htdocs\scholarship\institute\views\auth/company-request.php
INFO - 2020-09-02 15:38:31 --> Final output sent to browser
DEBUG - 2020-09-02 15:38:31 --> Total execution time: 0.4335
INFO - 2020-09-02 15:38:39 --> Config Class Initialized
INFO - 2020-09-02 15:38:39 --> Hooks Class Initialized
DEBUG - 2020-09-02 15:38:39 --> UTF-8 Support Enabled
INFO - 2020-09-02 15:38:39 --> Utf8 Class Initialized
INFO - 2020-09-02 15:38:39 --> URI Class Initialized
INFO - 2020-09-02 15:38:39 --> Router Class Initialized
INFO - 2020-09-02 15:38:39 --> Output Class Initialized
INFO - 2020-09-02 15:38:39 --> Security Class Initialized
DEBUG - 2020-09-02 15:38:39 --> Global POST, GET and COOKIE data sanitized
INFO - 2020-09-02 15:38:39 --> CSRF cookie sent
INFO - 2020-09-02 15:38:39 --> Input Class Initialized
INFO - 2020-09-02 15:38:39 --> Language Class Initialized
INFO - 2020-09-02 15:38:39 --> Loader Class Initialized
INFO - 2020-09-02 15:38:39 --> Helper loaded: url_helper
INFO - 2020-09-02 15:38:39 --> Helper loaded: file_helper
INFO - 2020-09-02 15:38:39 --> Database Driver Class Initialized
INFO - 2020-09-02 15:38:39 --> Email Class Initialized
DEBUG - 2020-09-02 15:38:39 --> Session: "sess_save_path" is empty; using "session.save_path" value from php.ini.
INFO - 2020-09-02 15:38:39 --> Session: Class initialized using 'files' driver.
INFO - 2020-09-02 15:38:39 --> Controller Class Initialized
INFO - 2020-09-02 15:38:39 --> Model "M_auth" initialized
DEBUG - 2020-09-02 15:38:39 --> Sc_check class already loaded. Second attempt ignored.
INFO - 2020-09-02 15:38:39 --> Helper loaded: captcha_helper
INFO - 2020-09-02 15:38:39 --> Helper loaded: form_helper
INFO - 2020-09-02 15:38:39 --> Form Validation Class Initialized
INFO - 2020-09-02 15:38:39 --> File loaded: C:\xampp\htdocs\scholarship\institute\views\include/header.php
INFO - 2020-09-02 15:38:39 --> File loaded: C:\xampp\htdocs\scholarship\institute\views\include/footer.php
INFO - 2020-09-02 15:38:39 --> File loaded: C:\xampp\htdocs\scholarship\institute\views\include/msg.php
INFO - 2020-09-02 15:38:39 --> File loaded: C:\xampp\htdocs\scholarship\institute\views\auth/register.php
INFO - 2020-09-02 15:38:39 --> Final output sent to browser
DEBUG - 2020-09-02 15:38:39 --> Total execution time: 0.2889
INFO - 2020-09-02 15:38:44 --> Config Class Initialized
INFO - 2020-09-02 15:38:44 --> Hooks Class Initialized
DEBUG - 2020-09-02 15:38:44 --> UTF-8 Support Enabled
INFO - 2020-09-02 15:38:44 --> Utf8 Class Initialized
INFO - 2020-09-02 15:38:44 --> URI Class Initialized
INFO - 2020-09-02 15:38:44 --> Router Class Initialized
INFO - 2020-09-02 15:38:44 --> Output Class Initialized
INFO - 2020-09-02 15:38:44 --> Security Class Initialized
DEBUG - 2020-09-02 15:38:44 --> Global POST, GET and COOKIE data sanitized
INFO - 2020-09-02 15:38:44 --> CSRF cookie sent
INFO - 2020-09-02 15:38:44 --> Input Class Initialized
INFO - 2020-09-02 15:38:44 --> Language Class Initialized
INFO - 2020-09-02 15:38:44 --> Loader Class Initialized
INFO - 2020-09-02 15:38:44 --> Helper loaded: url_helper
INFO - 2020-09-02 15:38:44 --> Helper loaded: file_helper
INFO - 2020-09-02 15:38:44 --> Database Driver Class Initialized
INFO - 2020-09-02 15:38:44 --> Email Class Initialized
DEBUG - 2020-09-02 15:38:44 --> Session: "sess_save_path" is empty; using "session.save_path" value from php.ini.
INFO - 2020-09-02 15:38:44 --> Session: Class initialized using 'files' driver.
INFO - 2020-09-02 15:38:44 --> Controller Class Initialized
INFO - 2020-09-02 15:38:44 --> Model "M_auth" initialized
DEBUG - 2020-09-02 15:38:44 --> Sc_check class already loaded. Second attempt ignored.
INFO - 2020-09-02 15:38:44 --> Helper loaded: captcha_helper
INFO - 2020-09-02 15:38:44 --> Helper loaded: form_helper
INFO - 2020-09-02 15:38:44 --> Form Validation Class Initialized
INFO - 2020-09-02 15:38:44 --> File loaded: C:\xampp\htdocs\scholarship\institute\views\include/header.php
INFO - 2020-09-02 15:38:44 --> File loaded: C:\xampp\htdocs\scholarship\institute\views\include/footer.php
INFO - 2020-09-02 15:38:44 --> File loaded: C:\xampp\htdocs\scholarship\institute\views\include/msg.php
INFO - 2020-09-02 15:38:44 --> File loaded: C:\xampp\htdocs\scholarship\institute\views\auth/company-request.php
INFO - 2020-09-02 15:38:44 --> Final output sent to browser
DEBUG - 2020-09-02 15:38:44 --> Total execution time: 0.4593
INFO - 2020-09-02 15:38:51 --> Config Class Initialized
INFO - 2020-09-02 15:38:51 --> Hooks Class Initialized
DEBUG - 2020-09-02 15:38:52 --> UTF-8 Support Enabled
INFO - 2020-09-02 15:38:52 --> Utf8 Class Initialized
INFO - 2020-09-02 15:38:52 --> URI Class Initialized
INFO - 2020-09-02 15:38:52 --> Router Class Initialized
INFO - 2020-09-02 15:38:52 --> Output Class Initialized
INFO - 2020-09-02 15:38:52 --> Security Class Initialized
DEBUG - 2020-09-02 15:38:52 --> Global POST, GET and COOKIE data sanitized
INFO - 2020-09-02 15:38:52 --> CSRF cookie sent
INFO - 2020-09-02 15:38:52 --> Input Class Initialized
INFO - 2020-09-02 15:38:52 --> Language Class Initialized
INFO - 2020-09-02 15:38:52 --> Loader Class Initialized
INFO - 2020-09-02 15:38:52 --> Helper loaded: url_helper
INFO - 2020-09-02 15:38:52 --> Helper loaded: file_helper
INFO - 2020-09-02 15:38:52 --> Database Driver Class Initialized
INFO - 2020-09-02 15:38:52 --> Email Class Initialized
DEBUG - 2020-09-02 15:38:52 --> Session: "sess_save_path" is empty; using "session.save_path" value from php.ini.
INFO - 2020-09-02 15:38:52 --> Session: Class initialized using 'files' driver.
INFO - 2020-09-02 15:38:52 --> Controller Class Initialized
INFO - 2020-09-02 15:38:52 --> Model "M_auth" initialized
DEBUG - 2020-09-02 15:38:52 --> Sc_check class already loaded. Second attempt ignored.
INFO - 2020-09-02 15:38:52 --> Helper loaded: captcha_helper
INFO - 2020-09-02 15:38:52 --> Helper loaded: form_helper
INFO - 2020-09-02 15:38:52 --> Form Validation Class Initialized
INFO - 2020-09-02 15:38:52 --> File loaded: C:\xampp\htdocs\scholarship\institute\views\include/header.php
INFO - 2020-09-02 15:38:52 --> File loaded: C:\xampp\htdocs\scholarship\institute\views\include/footer.php
INFO - 2020-09-02 15:38:52 --> File loaded: C:\xampp\htdocs\scholarship\institute\views\include/msg.php
INFO - 2020-09-02 15:38:52 --> File loaded: C:\xampp\htdocs\scholarship\institute\views\auth/company-request.php
INFO - 2020-09-02 15:38:52 --> Final output sent to browser
DEBUG - 2020-09-02 15:38:52 --> Total execution time: 0.4700
INFO - 2020-09-02 15:38:58 --> Config Class Initialized
INFO - 2020-09-02 15:38:58 --> Hooks Class Initialized
DEBUG - 2020-09-02 15:38:58 --> UTF-8 Support Enabled
INFO - 2020-09-02 15:38:58 --> Utf8 Class Initialized
INFO - 2020-09-02 15:38:58 --> URI Class Initialized
INFO - 2020-09-02 15:38:58 --> Router Class Initialized
INFO - 2020-09-02 15:38:58 --> Output Class Initialized
INFO - 2020-09-02 15:38:58 --> Security Class Initialized
DEBUG - 2020-09-02 15:38:58 --> Global POST, GET and COOKIE data sanitized
INFO - 2020-09-02 15:38:58 --> CSRF cookie sent
INFO - 2020-09-02 15:38:58 --> CSRF token verified
INFO - 2020-09-02 15:38:58 --> Input Class Initialized
INFO - 2020-09-02 15:38:58 --> Language Class Initialized
INFO - 2020-09-02 15:38:58 --> Loader Class Initialized
INFO - 2020-09-02 15:38:58 --> Helper loaded: url_helper
INFO - 2020-09-02 15:38:58 --> Helper loaded: file_helper
INFO - 2020-09-02 15:38:58 --> Database Driver Class Initialized
INFO - 2020-09-02 15:38:58 --> Email Class Initialized
DEBUG - 2020-09-02 15:38:58 --> Session: "sess_save_path" is empty; using "session.save_path" value from php.ini.
INFO - 2020-09-02 15:38:58 --> Session: Class initialized using 'files' driver.
INFO - 2020-09-02 15:38:59 --> Controller Class Initialized
INFO - 2020-09-02 15:38:59 --> Model "M_auth" initialized
DEBUG - 2020-09-02 15:38:59 --> Sc_check class already loaded. Second attempt ignored.
INFO - 2020-09-02 15:38:59 --> Helper loaded: captcha_helper
INFO - 2020-09-02 15:38:59 --> Helper loaded: form_helper
INFO - 2020-09-02 15:38:59 --> Form Validation Class Initialized
INFO - 2020-09-02 15:38:59 --> Final output sent to browser
DEBUG - 2020-09-02 15:38:59 --> Total execution time: 0.2918
INFO - 2020-09-02 15:39:08 --> Config Class Initialized
INFO - 2020-09-02 15:39:08 --> Hooks Class Initialized
DEBUG - 2020-09-02 15:39:08 --> UTF-8 Support Enabled
INFO - 2020-09-02 15:39:08 --> Utf8 Class Initialized
INFO - 2020-09-02 15:39:08 --> URI Class Initialized
INFO - 2020-09-02 15:39:08 --> Router Class Initialized
INFO - 2020-09-02 15:39:08 --> Output Class Initialized
INFO - 2020-09-02 15:39:08 --> Security Class Initialized
DEBUG - 2020-09-02 15:39:08 --> Global POST, GET and COOKIE data sanitized
INFO - 2020-09-02 15:39:08 --> CSRF cookie sent
INFO - 2020-09-02 15:39:08 --> Input Class Initialized
INFO - 2020-09-02 15:39:08 --> Language Class Initialized
INFO - 2020-09-02 15:39:08 --> Loader Class Initialized
INFO - 2020-09-02 15:39:08 --> Helper loaded: url_helper
INFO - 2020-09-02 15:39:08 --> Helper loaded: file_helper
INFO - 2020-09-02 15:39:08 --> Database Driver Class Initialized
INFO - 2020-09-02 15:39:08 --> Email Class Initialized
DEBUG - 2020-09-02 15:39:08 --> Session: "sess_save_path" is empty; using "session.save_path" value from php.ini.
INFO - 2020-09-02 15:39:08 --> Session: Class initialized using 'files' driver.
INFO - 2020-09-02 15:39:08 --> Controller Class Initialized
INFO - 2020-09-02 15:39:08 --> Model "M_auth" initialized
DEBUG - 2020-09-02 15:39:08 --> Sc_check class already loaded. Second attempt ignored.
INFO - 2020-09-02 15:39:08 --> Helper loaded: captcha_helper
INFO - 2020-09-02 15:39:08 --> Helper loaded: form_helper
INFO - 2020-09-02 15:39:08 --> Form Validation Class Initialized
INFO - 2020-09-02 15:39:08 --> File loaded: C:\xampp\htdocs\scholarship\institute\views\include/header.php
INFO - 2020-09-02 15:39:08 --> File loaded: C:\xampp\htdocs\scholarship\institute\views\include/footer.php
INFO - 2020-09-02 15:39:08 --> File loaded: C:\xampp\htdocs\scholarship\institute\views\include/msg.php
INFO - 2020-09-02 15:39:08 --> File loaded: C:\xampp\htdocs\scholarship\institute\views\auth/company-request.php
INFO - 2020-09-02 15:39:08 --> Final output sent to browser
DEBUG - 2020-09-02 15:39:08 --> Total execution time: 0.3890
INFO - 2020-09-02 15:39:11 --> Config Class Initialized
INFO - 2020-09-02 15:39:11 --> Hooks Class Initialized
DEBUG - 2020-09-02 15:39:11 --> UTF-8 Support Enabled
INFO - 2020-09-02 15:39:11 --> Utf8 Class Initialized
INFO - 2020-09-02 15:39:11 --> URI Class Initialized
INFO - 2020-09-02 15:39:11 --> Router Class Initialized
INFO - 2020-09-02 15:39:11 --> Output Class Initialized
INFO - 2020-09-02 15:39:11 --> Security Class Initialized
DEBUG - 2020-09-02 15:39:11 --> Global POST, GET and COOKIE data sanitized
INFO - 2020-09-02 15:39:11 --> CSRF cookie sent
INFO - 2020-09-02 15:39:11 --> CSRF token verified
INFO - 2020-09-02 15:39:11 --> Input Class Initialized
INFO - 2020-09-02 15:39:11 --> Language Class Initialized
INFO - 2020-09-02 15:39:11 --> Loader Class Initialized
INFO - 2020-09-02 15:39:11 --> Helper loaded: url_helper
INFO - 2020-09-02 15:39:11 --> Helper loaded: file_helper
INFO - 2020-09-02 15:39:11 --> Database Driver Class Initialized
INFO - 2020-09-02 15:39:11 --> Email Class Initialized
DEBUG - 2020-09-02 15:39:11 --> Session: "sess_save_path" is empty; using "session.save_path" value from php.ini.
INFO - 2020-09-02 15:39:11 --> Session: Class initialized using 'files' driver.
INFO - 2020-09-02 15:39:11 --> Controller Class Initialized
INFO - 2020-09-02 15:39:11 --> Model "M_auth" initialized
DEBUG - 2020-09-02 15:39:11 --> Sc_check class already loaded. Second attempt ignored.
INFO - 2020-09-02 15:39:11 --> Helper loaded: captcha_helper
INFO - 2020-09-02 15:39:11 --> Helper loaded: form_helper
INFO - 2020-09-02 15:39:11 --> Form Validation Class Initialized
INFO - 2020-09-02 15:39:11 --> Final output sent to browser
DEBUG - 2020-09-02 15:39:11 --> Total execution time: 0.3248
INFO - 2020-09-02 15:39:13 --> Config Class Initialized
INFO - 2020-09-02 15:39:13 --> Hooks Class Initialized
DEBUG - 2020-09-02 15:39:13 --> UTF-8 Support Enabled
INFO - 2020-09-02 15:39:13 --> Utf8 Class Initialized
INFO - 2020-09-02 15:39:13 --> URI Class Initialized
INFO - 2020-09-02 15:39:13 --> Router Class Initialized
INFO - 2020-09-02 15:39:13 --> Output Class Initialized
INFO - 2020-09-02 15:39:13 --> Security Class Initialized
DEBUG - 2020-09-02 15:39:13 --> Global POST, GET and COOKIE data sanitized
INFO - 2020-09-02 15:39:13 --> CSRF cookie sent
INFO - 2020-09-02 15:39:13 --> CSRF token verified
INFO - 2020-09-02 15:39:13 --> Input Class Initialized
INFO - 2020-09-02 15:39:13 --> Language Class Initialized
INFO - 2020-09-02 15:39:13 --> Loader Class Initialized
INFO - 2020-09-02 15:39:13 --> Helper loaded: url_helper
INFO - 2020-09-02 15:39:13 --> Helper loaded: file_helper
INFO - 2020-09-02 15:39:13 --> Database Driver Class Initialized
INFO - 2020-09-02 15:39:13 --> Email Class Initialized
DEBUG - 2020-09-02 15:39:13 --> Session: "sess_save_path" is empty; using "session.save_path" value from php.ini.
INFO - 2020-09-02 15:39:13 --> Session: Class initialized using 'files' driver.
INFO - 2020-09-02 15:39:13 --> Controller Class Initialized
INFO - 2020-09-02 15:39:13 --> Model "M_auth" initialized
DEBUG - 2020-09-02 15:39:13 --> Sc_check class already loaded. Second attempt ignored.
INFO - 2020-09-02 15:39:13 --> Helper loaded: captcha_helper
INFO - 2020-09-02 15:39:13 --> Helper loaded: form_helper
INFO - 2020-09-02 15:39:13 --> Form Validation Class Initialized
INFO - 2020-09-02 15:39:14 --> Final output sent to browser
DEBUG - 2020-09-02 15:39:14 --> Total execution time: 0.4069
INFO - 2020-09-02 15:39:14 --> Config Class Initialized
INFO - 2020-09-02 15:39:14 --> Hooks Class Initialized
DEBUG - 2020-09-02 15:39:14 --> UTF-8 Support Enabled
INFO - 2020-09-02 15:39:14 --> Utf8 Class Initialized
INFO - 2020-09-02 15:39:14 --> URI Class Initialized
INFO - 2020-09-02 15:39:14 --> Router Class Initialized
INFO - 2020-09-02 15:39:14 --> Output Class Initialized
INFO - 2020-09-02 15:39:14 --> Security Class Initialized
DEBUG - 2020-09-02 15:39:14 --> Global POST, GET and COOKIE data sanitized
INFO - 2020-09-02 15:39:14 --> CSRF cookie sent
INFO - 2020-09-02 15:39:14 --> CSRF token verified
INFO - 2020-09-02 15:39:14 --> Input Class Initialized
INFO - 2020-09-02 15:39:14 --> Language Class Initialized
INFO - 2020-09-02 15:39:14 --> Loader Class Initialized
INFO - 2020-09-02 15:39:14 --> Helper loaded: url_helper
INFO - 2020-09-02 15:39:14 --> Helper loaded: file_helper
INFO - 2020-09-02 15:39:14 --> Database Driver Class Initialized
INFO - 2020-09-02 15:39:14 --> Email Class Initialized
DEBUG - 2020-09-02 15:39:14 --> Session: "sess_save_path" is empty; using "session.save_path" value from php.ini.
INFO - 2020-09-02 15:39:14 --> Session: Class initialized using 'files' driver.
INFO - 2020-09-02 15:39:14 --> Controller Class Initialized
INFO - 2020-09-02 15:39:14 --> Model "M_auth" initialized
DEBUG - 2020-09-02 15:39:14 --> Sc_check class already loaded. Second attempt ignored.
INFO - 2020-09-02 15:39:14 --> Helper loaded: captcha_helper
INFO - 2020-09-02 15:39:14 --> Helper loaded: form_helper
INFO - 2020-09-02 15:39:14 --> Form Validation Class Initialized
INFO - 2020-09-02 15:39:14 --> Final output sent to browser
DEBUG - 2020-09-02 15:39:14 --> Total execution time: 0.3384
INFO - 2020-09-02 15:39:17 --> Config Class Initialized
INFO - 2020-09-02 15:39:17 --> Hooks Class Initialized
DEBUG - 2020-09-02 15:39:17 --> UTF-8 Support Enabled
INFO - 2020-09-02 15:39:17 --> Utf8 Class Initialized
INFO - 2020-09-02 15:39:17 --> URI Class Initialized
INFO - 2020-09-02 15:39:17 --> Router Class Initialized
INFO - 2020-09-02 15:39:17 --> Output Class Initialized
INFO - 2020-09-02 15:39:17 --> Security Class Initialized
DEBUG - 2020-09-02 15:39:17 --> Global POST, GET and COOKIE data sanitized
INFO - 2020-09-02 15:39:17 --> CSRF cookie sent
INFO - 2020-09-02 15:39:17 --> CSRF token verified
INFO - 2020-09-02 15:39:17 --> Input Class Initialized
INFO - 2020-09-02 15:39:17 --> Language Class Initialized
INFO - 2020-09-02 15:39:17 --> Loader Class Initialized
INFO - 2020-09-02 15:39:17 --> Helper loaded: url_helper
INFO - 2020-09-02 15:39:17 --> Helper loaded: file_helper
INFO - 2020-09-02 15:39:17 --> Database Driver Class Initialized
INFO - 2020-09-02 15:39:17 --> Email Class Initialized
DEBUG - 2020-09-02 15:39:17 --> Session: "sess_save_path" is empty; using "session.save_path" value from php.ini.
INFO - 2020-09-02 15:39:17 --> Session: Class initialized using 'files' driver.
INFO - 2020-09-02 15:39:17 --> Controller Class Initialized
INFO - 2020-09-02 15:39:18 --> Model "M_auth" initialized
DEBUG - 2020-09-02 15:39:18 --> Sc_check class already loaded. Second attempt ignored.
INFO - 2020-09-02 15:39:18 --> Helper loaded: captcha_helper
INFO - 2020-09-02 15:39:18 --> Helper loaded: form_helper
INFO - 2020-09-02 15:39:18 --> Form Validation Class Initialized
INFO - 2020-09-02 15:39:18 --> Final output sent to browser
DEBUG - 2020-09-02 15:39:18 --> Total execution time: 0.2968
INFO - 2020-09-02 15:39:29 --> Config Class Initialized
INFO - 2020-09-02 15:39:29 --> Hooks Class Initialized
DEBUG - 2020-09-02 15:39:29 --> UTF-8 Support Enabled
INFO - 2020-09-02 15:39:29 --> Utf8 Class Initialized
INFO - 2020-09-02 15:39:29 --> URI Class Initialized
INFO - 2020-09-02 15:39:29 --> Router Class Initialized
INFO - 2020-09-02 15:39:29 --> Output Class Initialized
INFO - 2020-09-02 15:39:29 --> Security Class Initialized
DEBUG - 2020-09-02 15:39:29 --> Global POST, GET and COOKIE data sanitized
INFO - 2020-09-02 15:39:29 --> CSRF cookie sent
INFO - 2020-09-02 15:39:29 --> CSRF token verified
INFO - 2020-09-02 15:39:29 --> Input Class Initialized
INFO - 2020-09-02 15:39:29 --> Language Class Initialized
INFO - 2020-09-02 15:39:29 --> Loader Class Initialized
INFO - 2020-09-02 15:39:29 --> Helper loaded: url_helper
INFO - 2020-09-02 15:39:29 --> Helper loaded: file_helper
INFO - 2020-09-02 15:39:29 --> Database Driver Class Initialized
INFO - 2020-09-02 15:39:29 --> Email Class Initialized
DEBUG - 2020-09-02 15:39:29 --> Session: "sess_save_path" is empty; using "session.save_path" value from php.ini.
INFO - 2020-09-02 15:39:29 --> Session: Class initialized using 'files' driver.
INFO - 2020-09-02 15:39:29 --> Controller Class Initialized
INFO - 2020-09-02 15:39:29 --> Model "M_auth" initialized
DEBUG - 2020-09-02 15:39:29 --> Sc_check class already loaded. Second attempt ignored.
INFO - 2020-09-02 15:39:29 --> Helper loaded: captcha_helper
INFO - 2020-09-02 15:39:29 --> Helper loaded: form_helper
INFO - 2020-09-02 15:39:29 --> Form Validation Class Initialized
INFO - 2020-09-02 15:39:29 --> Language file loaded: language/english/form_validation_lang.php
INFO - 2020-09-02 15:39:29 --> Upload Class Initialized
DEBUG - 2020-09-02 15:39:29 --> Config file loaded: C:\xampp\htdocs\scholarship\institute\config/email.php
DEBUG - 2020-09-02 15:39:29 --> Email class already loaded. Second attempt ignored.
INFO - 2020-09-02 15:39:29 --> File loaded: C:\xampp\htdocs\scholarship\institute\views\mail/request.php
INFO - 2020-09-02 15:39:33 --> Language file loaded: language/english/email_lang.php
INFO - 2020-09-02 15:39:38 --> Config Class Initialized
INFO - 2020-09-02 15:39:38 --> Hooks Class Initialized
DEBUG - 2020-09-02 15:39:38 --> UTF-8 Support Enabled
INFO - 2020-09-02 15:39:38 --> Utf8 Class Initialized
INFO - 2020-09-02 15:39:38 --> URI Class Initialized
INFO - 2020-09-02 15:39:38 --> Router Class Initialized
INFO - 2020-09-02 15:39:38 --> Output Class Initialized
INFO - 2020-09-02 15:39:38 --> Security Class Initialized
DEBUG - 2020-09-02 15:39:38 --> Global POST, GET and COOKIE data sanitized
INFO - 2020-09-02 15:39:38 --> CSRF cookie sent
INFO - 2020-09-02 15:39:38 --> Input Class Initialized
INFO - 2020-09-02 15:39:38 --> Language Class Initialized
INFO - 2020-09-02 15:39:38 --> Loader Class Initialized
INFO - 2020-09-02 15:39:38 --> Helper loaded: url_helper
INFO - 2020-09-02 15:39:38 --> Helper loaded: file_helper
INFO - 2020-09-02 15:39:38 --> Database Driver Class Initialized
INFO - 2020-09-02 15:39:38 --> Email Class Initialized
DEBUG - 2020-09-02 15:39:38 --> Session: "sess_save_path" is empty; using "session.save_path" value from php.ini.
INFO - 2020-09-02 15:39:38 --> Session: Class initialized using 'files' driver.
INFO - 2020-09-02 15:39:38 --> Controller Class Initialized
INFO - 2020-09-02 15:39:38 --> Model "M_auth" initialized
DEBUG - 2020-09-02 15:39:38 --> Sc_check class already loaded. Second attempt ignored.
INFO - 2020-09-02 15:39:38 --> Helper loaded: captcha_helper
INFO - 2020-09-02 15:39:38 --> Helper loaded: form_helper
INFO - 2020-09-02 15:39:38 --> Form Validation Class Initialized
INFO - 2020-09-02 15:39:38 --> File loaded: C:\xampp\htdocs\scholarship\institute\views\include/header.php
INFO - 2020-09-02 15:39:38 --> File loaded: C:\xampp\htdocs\scholarship\institute\views\include/footer.php
INFO - 2020-09-02 15:39:38 --> File loaded: C:\xampp\htdocs\scholarship\institute\views\include/msg.php
INFO - 2020-09-02 15:39:38 --> File loaded: C:\xampp\htdocs\scholarship\institute\views\auth/company-request.php
INFO - 2020-09-02 15:39:38 --> Final output sent to browser
DEBUG - 2020-09-02 15:39:38 --> Total execution time: 0.2942
INFO - 2020-09-02 17:31:41 --> Config Class Initialized
INFO - 2020-09-02 17:31:41 --> Hooks Class Initialized
DEBUG - 2020-09-02 17:31:41 --> UTF-8 Support Enabled
INFO - 2020-09-02 17:31:41 --> Utf8 Class Initialized
INFO - 2020-09-02 17:31:41 --> URI Class Initialized
DEBUG - 2020-09-02 17:31:41 --> No URI present. Default controller set.
INFO - 2020-09-02 17:31:41 --> Router Class Initialized
INFO - 2020-09-02 17:31:41 --> Output Class Initialized
INFO - 2020-09-02 17:31:42 --> Security Class Initialized
DEBUG - 2020-09-02 17:31:42 --> Global POST, GET and COOKIE data sanitized
INFO - 2020-09-02 17:31:42 --> CSRF cookie sent
INFO - 2020-09-02 17:31:42 --> Input Class Initialized
INFO - 2020-09-02 17:31:42 --> Language Class Initialized
INFO - 2020-09-02 17:31:42 --> Loader Class Initialized
INFO - 2020-09-02 17:31:42 --> Helper loaded: url_helper
INFO - 2020-09-02 17:31:42 --> Helper loaded: file_helper
INFO - 2020-09-02 17:31:42 --> Database Driver Class Initialized
INFO - 2020-09-02 17:31:42 --> Email Class Initialized
DEBUG - 2020-09-02 17:31:42 --> Session: "sess_save_path" is empty; using "session.save_path" value from php.ini.
INFO - 2020-09-02 17:31:42 --> Session: Class initialized using 'files' driver.
INFO - 2020-09-02 17:31:42 --> Controller Class Initialized
INFO - 2020-09-02 17:31:42 --> Model "M_auth" initialized
DEBUG - 2020-09-02 17:31:42 --> Sc_check class already loaded. Second attempt ignored.
INFO - 2020-09-02 17:31:42 --> Helper loaded: captcha_helper
INFO - 2020-09-02 17:31:42 --> Helper loaded: form_helper
INFO - 2020-09-02 17:31:42 --> Form Validation Class Initialized
INFO - 2020-09-02 17:31:42 --> File loaded: C:\xampp\htdocs\scholarship\institute\views\include/header.php
INFO - 2020-09-02 17:31:42 --> File loaded: C:\xampp\htdocs\scholarship\institute\views\include/footer.php
INFO - 2020-09-02 17:31:42 --> File loaded: C:\xampp\htdocs\scholarship\institute\views\include/msg.php
INFO - 2020-09-02 17:31:42 --> File loaded: C:\xampp\htdocs\scholarship\institute\views\auth/login.php
INFO - 2020-09-02 17:31:42 --> Final output sent to browser
DEBUG - 2020-09-02 17:31:42 --> Total execution time: 0.7229
INFO - 2020-09-02 17:31:42 --> Config Class Initialized
INFO - 2020-09-02 17:31:42 --> Hooks Class Initialized
DEBUG - 2020-09-02 17:31:42 --> UTF-8 Support Enabled
INFO - 2020-09-02 17:31:42 --> Utf8 Class Initialized
INFO - 2020-09-02 17:31:42 --> URI Class Initialized
INFO - 2020-09-02 17:31:42 --> Router Class Initialized
INFO - 2020-09-02 17:31:42 --> Output Class Initialized
INFO - 2020-09-02 17:31:42 --> Security Class Initialized
DEBUG - 2020-09-02 17:31:42 --> Global POST, GET and COOKIE data sanitized
INFO - 2020-09-02 17:31:42 --> CSRF cookie sent
INFO - 2020-09-02 17:31:42 --> Input Class Initialized
INFO - 2020-09-02 17:31:42 --> Language Class Initialized
ERROR - 2020-09-02 17:31:42 --> 404 Page Not Found: Assets/css
INFO - 2020-09-02 17:31:55 --> Config Class Initialized
INFO - 2020-09-02 17:31:55 --> Hooks Class Initialized
DEBUG - 2020-09-02 17:31:55 --> UTF-8 Support Enabled
INFO - 2020-09-02 17:31:55 --> Utf8 Class Initialized
INFO - 2020-09-02 17:31:55 --> URI Class Initialized
INFO - 2020-09-02 17:31:55 --> Router Class Initialized
INFO - 2020-09-02 17:31:55 --> Output Class Initialized
INFO - 2020-09-02 17:31:55 --> Security Class Initialized
DEBUG - 2020-09-02 17:31:55 --> Global POST, GET and COOKIE data sanitized
INFO - 2020-09-02 17:31:55 --> CSRF cookie sent
INFO - 2020-09-02 17:31:55 --> CSRF token verified
INFO - 2020-09-02 17:31:55 --> Input Class Initialized
INFO - 2020-09-02 17:31:55 --> Language Class Initialized
INFO - 2020-09-02 17:31:55 --> Loader Class Initialized
INFO - 2020-09-02 17:31:55 --> Helper loaded: url_helper
INFO - 2020-09-02 17:31:55 --> Helper loaded: file_helper
INFO - 2020-09-02 17:31:55 --> Database Driver Class Initialized
INFO - 2020-09-02 17:31:55 --> Email Class Initialized
DEBUG - 2020-09-02 17:31:55 --> Session: "sess_save_path" is empty; using "session.save_path" value from php.ini.
INFO - 2020-09-02 17:31:55 --> Session: Class initialized using 'files' driver.
INFO - 2020-09-02 17:31:55 --> Controller Class Initialized
INFO - 2020-09-02 17:31:55 --> Model "M_auth" initialized
DEBUG - 2020-09-02 17:31:55 --> Sc_check class already loaded. Second attempt ignored.
INFO - 2020-09-02 17:31:55 --> Helper loaded: captcha_helper
INFO - 2020-09-02 17:31:55 --> Helper loaded: form_helper
INFO - 2020-09-02 17:31:55 --> Form Validation Class Initialized
DEBUG - 2020-09-02 17:31:55 --> Form_validation class already loaded. Second attempt ignored.
INFO - 2020-09-02 17:31:55 --> Config Class Initialized
INFO - 2020-09-02 17:31:55 --> Hooks Class Initialized
DEBUG - 2020-09-02 17:31:55 --> UTF-8 Support Enabled
INFO - 2020-09-02 17:31:55 --> Utf8 Class Initialized
INFO - 2020-09-02 17:31:55 --> URI Class Initialized
DEBUG - 2020-09-02 17:31:55 --> No URI present. Default controller set.
INFO - 2020-09-02 17:31:55 --> Router Class Initialized
INFO - 2020-09-02 17:31:55 --> Output Class Initialized
INFO - 2020-09-02 17:31:55 --> Security Class Initialized
DEBUG - 2020-09-02 17:31:55 --> Global POST, GET and COOKIE data sanitized
INFO - 2020-09-02 17:31:55 --> CSRF cookie sent
INFO - 2020-09-02 17:31:55 --> Input Class Initialized
INFO - 2020-09-02 17:31:55 --> Language Class Initialized
INFO - 2020-09-02 17:31:55 --> Loader Class Initialized
INFO - 2020-09-02 17:31:55 --> Helper loaded: url_helper
INFO - 2020-09-02 17:31:55 --> Helper loaded: file_helper
INFO - 2020-09-02 17:31:55 --> Database Driver Class Initialized
INFO - 2020-09-02 17:31:55 --> Email Class Initialized
DEBUG - 2020-09-02 17:31:55 --> Session: "sess_save_path" is empty; using "session.save_path" value from php.ini.
INFO - 2020-09-02 17:31:55 --> Session: Class initialized using 'files' driver.
INFO - 2020-09-02 17:31:55 --> Controller Class Initialized
INFO - 2020-09-02 17:31:55 --> Model "M_auth" initialized
DEBUG - 2020-09-02 17:31:55 --> Sc_check class already loaded. Second attempt ignored.
INFO - 2020-09-02 17:31:55 --> Helper loaded: captcha_helper
INFO - 2020-09-02 17:31:55 --> Helper loaded: form_helper
INFO - 2020-09-02 17:31:55 --> Form Validation Class Initialized
INFO - 2020-09-02 17:31:55 --> File loaded: C:\xampp\htdocs\scholarship\institute\views\include/header.php
INFO - 2020-09-02 17:31:55 --> File loaded: C:\xampp\htdocs\scholarship\institute\views\include/footer.php
INFO - 2020-09-02 17:31:55 --> File loaded: C:\xampp\htdocs\scholarship\institute\views\include/msg.php
INFO - 2020-09-02 17:31:55 --> File loaded: C:\xampp\htdocs\scholarship\institute\views\auth/login.php
INFO - 2020-09-02 17:31:55 --> Final output sent to browser
DEBUG - 2020-09-02 17:31:55 --> Total execution time: 0.4309
INFO - 2020-09-02 17:31:55 --> Config Class Initialized
INFO - 2020-09-02 17:31:56 --> Hooks Class Initialized
DEBUG - 2020-09-02 17:31:56 --> UTF-8 Support Enabled
INFO - 2020-09-02 17:31:56 --> Utf8 Class Initialized
INFO - 2020-09-02 17:31:56 --> URI Class Initialized
INFO - 2020-09-02 17:31:56 --> Router Class Initialized
INFO - 2020-09-02 17:31:56 --> Output Class Initialized
INFO - 2020-09-02 17:31:56 --> Security Class Initialized
DEBUG - 2020-09-02 17:31:56 --> Global POST, GET and COOKIE data sanitized
INFO - 2020-09-02 17:31:56 --> CSRF cookie sent
INFO - 2020-09-02 17:31:56 --> Input Class Initialized
INFO - 2020-09-02 17:31:56 --> Language Class Initialized
ERROR - 2020-09-02 17:31:56 --> 404 Page Not Found: Assets/css
INFO - 2020-09-02 17:32:07 --> Config Class Initialized
INFO - 2020-09-02 17:32:07 --> Hooks Class Initialized
DEBUG - 2020-09-02 17:32:07 --> UTF-8 Support Enabled
INFO - 2020-09-02 17:32:07 --> Utf8 Class Initialized
INFO - 2020-09-02 17:32:07 --> URI Class Initialized
INFO - 2020-09-02 17:32:07 --> Router Class Initialized
INFO - 2020-09-02 17:32:07 --> Output Class Initialized
INFO - 2020-09-02 17:32:07 --> Security Class Initialized
DEBUG - 2020-09-02 17:32:07 --> Global POST, GET and COOKIE data sanitized
INFO - 2020-09-02 17:32:07 --> CSRF cookie sent
INFO - 2020-09-02 17:32:07 --> CSRF token verified
INFO - 2020-09-02 17:32:07 --> Input Class Initialized
INFO - 2020-09-02 17:32:07 --> Language Class Initialized
INFO - 2020-09-02 17:32:07 --> Loader Class Initialized
INFO - 2020-09-02 17:32:08 --> Helper loaded: url_helper
INFO - 2020-09-02 17:32:08 --> Helper loaded: file_helper
INFO - 2020-09-02 17:32:08 --> Database Driver Class Initialized
INFO - 2020-09-02 17:32:08 --> Email Class Initialized
DEBUG - 2020-09-02 17:32:08 --> Session: "sess_save_path" is empty; using "session.save_path" value from php.ini.
INFO - 2020-09-02 17:32:08 --> Session: Class initialized using 'files' driver.
INFO - 2020-09-02 17:32:08 --> Controller Class Initialized
INFO - 2020-09-02 17:32:08 --> Model "M_auth" initialized
DEBUG - 2020-09-02 17:32:08 --> Sc_check class already loaded. Second attempt ignored.
INFO - 2020-09-02 17:32:08 --> Helper loaded: captcha_helper
INFO - 2020-09-02 17:32:08 --> Helper loaded: form_helper
INFO - 2020-09-02 17:32:08 --> Form Validation Class Initialized
DEBUG - 2020-09-02 17:32:08 --> Form_validation class already loaded. Second attempt ignored.
INFO - 2020-09-02 17:32:08 --> Language file loaded: language/english/form_validation_lang.php
INFO - 2020-09-02 17:32:08 --> ---------------------Success -- Institute Logged in with prathwi@5ine.in and IP aaddress ::1 --------------
INFO - 2020-09-02 17:32:08 --> Config Class Initialized
INFO - 2020-09-02 17:32:08 --> Hooks Class Initialized
DEBUG - 2020-09-02 17:32:08 --> UTF-8 Support Enabled
INFO - 2020-09-02 17:32:08 --> Utf8 Class Initialized
INFO - 2020-09-02 17:32:08 --> URI Class Initialized
INFO - 2020-09-02 17:32:08 --> Router Class Initialized
INFO - 2020-09-02 17:32:08 --> Output Class Initialized
INFO - 2020-09-02 17:32:08 --> Security Class Initialized
DEBUG - 2020-09-02 17:32:08 --> Global POST, GET and COOKIE data sanitized
INFO - 2020-09-02 17:32:08 --> CSRF cookie sent
INFO - 2020-09-02 17:32:08 --> Input Class Initialized
INFO - 2020-09-02 17:32:08 --> Language Class Initialized
INFO - 2020-09-02 17:32:08 --> Loader Class Initialized
INFO - 2020-09-02 17:32:08 --> Helper loaded: url_helper
INFO - 2020-09-02 17:32:08 --> Helper loaded: file_helper
INFO - 2020-09-02 17:32:08 --> Database Driver Class Initialized
INFO - 2020-09-02 17:32:08 --> Email Class Initialized
DEBUG - 2020-09-02 17:32:08 --> Session: "sess_save_path" is empty; using "session.save_path" value from php.ini.
INFO - 2020-09-02 17:32:08 --> Session: Class initialized using 'files' driver.
INFO - 2020-09-02 17:32:08 --> Controller Class Initialized
INFO - 2020-09-02 17:32:08 --> Model "M_dashboard" initialized
INFO - 2020-09-02 17:32:08 --> File loaded: C:\xampp\htdocs\scholarship\institute\views\include/header.php
INFO - 2020-09-02 17:32:08 --> File loaded: C:\xampp\htdocs\scholarship\institute\views\include/menu.php
INFO - 2020-09-02 17:32:08 --> File loaded: C:\xampp\htdocs\scholarship\institute\views\include/footer.php
INFO - 2020-09-02 17:32:08 --> File loaded: C:\xampp\htdocs\scholarship\institute\views\include/msg.php
INFO - 2020-09-02 17:32:08 --> File loaded: C:\xampp\htdocs\scholarship\institute\views\dashboard/request-list.php
INFO - 2020-09-02 17:32:08 --> Final output sent to browser
DEBUG - 2020-09-02 17:32:08 --> Total execution time: 0.5374
INFO - 2020-09-02 17:32:09 --> Config Class Initialized
INFO - 2020-09-02 17:32:09 --> Hooks Class Initialized
DEBUG - 2020-09-02 17:32:09 --> UTF-8 Support Enabled
INFO - 2020-09-02 17:32:09 --> Utf8 Class Initialized
INFO - 2020-09-02 17:32:09 --> URI Class Initialized
INFO - 2020-09-02 17:32:09 --> Router Class Initialized
INFO - 2020-09-02 17:32:09 --> Output Class Initialized
INFO - 2020-09-02 17:32:09 --> Security Class Initialized
DEBUG - 2020-09-02 17:32:09 --> Global POST, GET and COOKIE data sanitized
INFO - 2020-09-02 17:32:09 --> CSRF cookie sent
INFO - 2020-09-02 17:32:09 --> Input Class Initialized
INFO - 2020-09-02 17:32:09 --> Language Class Initialized
INFO - 2020-09-02 17:32:09 --> Loader Class Initialized
INFO - 2020-09-02 17:32:09 --> Helper loaded: url_helper
INFO - 2020-09-02 17:32:09 --> Helper loaded: file_helper
INFO - 2020-09-02 17:32:09 --> Database Driver Class Initialized
INFO - 2020-09-02 17:32:09 --> Email Class Initialized
DEBUG - 2020-09-02 17:32:09 --> Session: "sess_save_path" is empty; using "session.save_path" value from php.ini.
INFO - 2020-09-02 17:32:09 --> Session: Class initialized using 'files' driver.
INFO - 2020-09-02 17:32:09 --> Controller Class Initialized
INFO - 2020-09-02 17:32:09 --> Model "M_dashboard" initialized
INFO - 2020-09-02 17:32:09 --> Final output sent to browser
DEBUG - 2020-09-02 17:32:09 --> Total execution time: 0.3294
INFO - 2020-09-02 17:32:10 --> Config Class Initialized
INFO - 2020-09-02 17:32:10 --> Hooks Class Initialized
DEBUG - 2020-09-02 17:32:10 --> UTF-8 Support Enabled
INFO - 2020-09-02 17:32:10 --> Utf8 Class Initialized
INFO - 2020-09-02 17:32:11 --> URI Class Initialized
INFO - 2020-09-02 17:32:11 --> Router Class Initialized
INFO - 2020-09-02 17:32:11 --> Output Class Initialized
INFO - 2020-09-02 17:32:11 --> Security Class Initialized
DEBUG - 2020-09-02 17:32:11 --> Global POST, GET and COOKIE data sanitized
INFO - 2020-09-02 17:32:11 --> CSRF cookie sent
INFO - 2020-09-02 17:32:11 --> Input Class Initialized
INFO - 2020-09-02 17:32:11 --> Language Class Initialized
INFO - 2020-09-02 17:32:11 --> Loader Class Initialized
INFO - 2020-09-02 17:32:11 --> Helper loaded: url_helper
INFO - 2020-09-02 17:32:11 --> Helper loaded: file_helper
INFO - 2020-09-02 17:32:11 --> Database Driver Class Initialized
INFO - 2020-09-02 17:32:11 --> Email Class Initialized
DEBUG - 2020-09-02 17:32:11 --> Session: "sess_save_path" is empty; using "session.save_path" value from php.ini.
INFO - 2020-09-02 17:32:11 --> Session: Class initialized using 'files' driver.
INFO - 2020-09-02 17:32:11 --> Controller Class Initialized
INFO - 2020-09-02 17:32:11 --> Model "M_dashboard" initialized
INFO - 2020-09-02 17:32:11 --> File loaded: C:\xampp\htdocs\scholarship\institute\views\include/header.php
INFO - 2020-09-02 17:32:11 --> File loaded: C:\xampp\htdocs\scholarship\institute\views\include/menu.php
INFO - 2020-09-02 17:32:11 --> File loaded: C:\xampp\htdocs\scholarship\institute\views\include/footer.php
INFO - 2020-09-02 17:32:11 --> File loaded: C:\xampp\htdocs\scholarship\institute\views\include/msg.php
INFO - 2020-09-02 17:32:11 --> File loaded: C:\xampp\htdocs\scholarship\institute\views\dashboard/approve.php
INFO - 2020-09-02 17:32:11 --> Final output sent to browser
DEBUG - 2020-09-02 17:32:11 --> Total execution time: 0.4003
INFO - 2020-09-02 17:32:11 --> Config Class Initialized
INFO - 2020-09-02 17:32:11 --> Hooks Class Initialized
DEBUG - 2020-09-02 17:32:11 --> UTF-8 Support Enabled
INFO - 2020-09-02 17:32:11 --> Utf8 Class Initialized
INFO - 2020-09-02 17:32:11 --> URI Class Initialized
INFO - 2020-09-02 17:32:11 --> Router Class Initialized
INFO - 2020-09-02 17:32:11 --> Output Class Initialized
INFO - 2020-09-02 17:32:11 --> Security Class Initialized
DEBUG - 2020-09-02 17:32:11 --> Global POST, GET and COOKIE data sanitized
INFO - 2020-09-02 17:32:11 --> CSRF cookie sent
INFO - 2020-09-02 17:32:11 --> Input Class Initialized
INFO - 2020-09-02 17:32:12 --> Language Class Initialized
INFO - 2020-09-02 17:32:12 --> Loader Class Initialized
INFO - 2020-09-02 17:32:12 --> Helper loaded: url_helper
INFO - 2020-09-02 17:32:12 --> Helper loaded: file_helper
INFO - 2020-09-02 17:32:12 --> Database Driver Class Initialized
INFO - 2020-09-02 17:32:12 --> Email Class Initialized
DEBUG - 2020-09-02 17:32:12 --> Session: "sess_save_path" is empty; using "session.save_path" value from php.ini.
INFO - 2020-09-02 17:32:12 --> Session: Class initialized using 'files' driver.
INFO - 2020-09-02 17:32:12 --> Controller Class Initialized
INFO - 2020-09-02 17:32:12 --> Model "M_dashboard" initialized
INFO - 2020-09-02 17:32:12 --> Final output sent to browser
DEBUG - 2020-09-02 17:32:12 --> Total execution time: 0.4762
INFO - 2020-09-02 17:32:12 --> Config Class Initialized
INFO - 2020-09-02 17:32:12 --> Hooks Class Initialized
DEBUG - 2020-09-02 17:32:12 --> UTF-8 Support Enabled
INFO - 2020-09-02 17:32:12 --> Utf8 Class Initialized
INFO - 2020-09-02 17:32:12 --> URI Class Initialized
INFO - 2020-09-02 17:32:12 --> Router Class Initialized
INFO - 2020-09-02 17:32:12 --> Output Class Initialized
INFO - 2020-09-02 17:32:12 --> Security Class Initialized
DEBUG - 2020-09-02 17:32:12 --> Global POST, GET and COOKIE data sanitized
INFO - 2020-09-02 17:32:12 --> CSRF cookie sent
INFO - 2020-09-02 17:32:12 --> Input Class Initialized
INFO - 2020-09-02 17:32:12 --> Language Class Initialized
INFO - 2020-09-02 17:32:12 --> Loader Class Initialized
INFO - 2020-09-02 17:32:12 --> Helper loaded: url_helper
INFO - 2020-09-02 17:32:12 --> Helper loaded: file_helper
INFO - 2020-09-02 17:32:12 --> Database Driver Class Initialized
INFO - 2020-09-02 17:32:12 --> Email Class Initialized
DEBUG - 2020-09-02 17:32:12 --> Session: "sess_save_path" is empty; using "session.save_path" value from php.ini.
INFO - 2020-09-02 17:32:12 --> Session: Class initialized using 'files' driver.
INFO - 2020-09-02 17:32:12 --> Controller Class Initialized
INFO - 2020-09-02 17:32:12 --> Model "M_dashboard" initialized
INFO - 2020-09-02 17:32:13 --> File loaded: C:\xampp\htdocs\scholarship\institute\views\include/header.php
INFO - 2020-09-02 17:32:13 --> File loaded: C:\xampp\htdocs\scholarship\institute\views\include/menu.php
INFO - 2020-09-02 17:32:13 --> File loaded: C:\xampp\htdocs\scholarship\institute\views\include/footer.php
INFO - 2020-09-02 17:32:13 --> File loaded: C:\xampp\htdocs\scholarship\institute\views\include/msg.php
INFO - 2020-09-02 17:32:13 --> File loaded: C:\xampp\htdocs\scholarship\institute\views\dashboard/rejects.php
INFO - 2020-09-02 17:32:13 --> Final output sent to browser
DEBUG - 2020-09-02 17:32:13 --> Total execution time: 0.3947
INFO - 2020-09-02 17:32:13 --> Config Class Initialized
INFO - 2020-09-02 17:32:13 --> Hooks Class Initialized
DEBUG - 2020-09-02 17:32:13 --> UTF-8 Support Enabled
INFO - 2020-09-02 17:32:13 --> Utf8 Class Initialized
INFO - 2020-09-02 17:32:13 --> URI Class Initialized
INFO - 2020-09-02 17:32:13 --> Router Class Initialized
INFO - 2020-09-02 17:32:13 --> Output Class Initialized
INFO - 2020-09-02 17:32:13 --> Security Class Initialized
DEBUG - 2020-09-02 17:32:13 --> Global POST, GET and COOKIE data sanitized
INFO - 2020-09-02 17:32:13 --> CSRF cookie sent
INFO - 2020-09-02 17:32:13 --> Input Class Initialized
INFO - 2020-09-02 17:32:13 --> Language Class Initialized
INFO - 2020-09-02 17:32:13 --> Loader Class Initialized
INFO - 2020-09-02 17:32:13 --> Helper loaded: url_helper
INFO - 2020-09-02 17:32:13 --> Helper loaded: file_helper
INFO - 2020-09-02 17:32:13 --> Database Driver Class Initialized
INFO - 2020-09-02 17:32:13 --> Email Class Initialized
DEBUG - 2020-09-02 17:32:13 --> Session: "sess_save_path" is empty; using "session.save_path" value from php.ini.
INFO - 2020-09-02 17:32:13 --> Session: Class initialized using 'files' driver.
INFO - 2020-09-02 17:32:13 --> Controller Class Initialized
INFO - 2020-09-02 17:32:13 --> Model "M_dashboard" initialized
INFO - 2020-09-02 17:32:13 --> Final output sent to browser
DEBUG - 2020-09-02 17:32:13 --> Total execution time: 0.4742
INFO - 2020-09-02 17:32:15 --> Config Class Initialized
INFO - 2020-09-02 17:32:15 --> Hooks Class Initialized
DEBUG - 2020-09-02 17:32:15 --> UTF-8 Support Enabled
INFO - 2020-09-02 17:32:15 --> Utf8 Class Initialized
INFO - 2020-09-02 17:32:15 --> URI Class Initialized
INFO - 2020-09-02 17:32:15 --> Router Class Initialized
INFO - 2020-09-02 17:32:15 --> Output Class Initialized
INFO - 2020-09-02 17:32:15 --> Security Class Initialized
DEBUG - 2020-09-02 17:32:15 --> Global POST, GET and COOKIE data sanitized
INFO - 2020-09-02 17:32:15 --> CSRF cookie sent
INFO - 2020-09-02 17:32:15 --> Input Class Initialized
INFO - 2020-09-02 17:32:15 --> Language Class Initialized
INFO - 2020-09-02 17:32:15 --> Loader Class Initialized
INFO - 2020-09-02 17:32:15 --> Helper loaded: url_helper
INFO - 2020-09-02 17:32:15 --> Helper loaded: file_helper
INFO - 2020-09-02 17:32:15 --> Database Driver Class Initialized
INFO - 2020-09-02 17:32:15 --> Email Class Initialized
DEBUG - 2020-09-02 17:32:15 --> Session: "sess_save_path" is empty; using "session.save_path" value from php.ini.
INFO - 2020-09-02 17:32:15 --> Session: Class initialized using 'files' driver.
INFO - 2020-09-02 17:32:15 --> Controller Class Initialized
INFO - 2020-09-02 17:32:15 --> Model "M_auth" initialized
DEBUG - 2020-09-02 17:32:15 --> Sc_check class already loaded. Second attempt ignored.
INFO - 2020-09-02 17:32:15 --> Helper loaded: captcha_helper
INFO - 2020-09-02 17:32:15 --> Helper loaded: form_helper
INFO - 2020-09-02 17:32:15 --> Form Validation Class Initialized
INFO - 2020-09-02 17:32:15 --> Config Class Initialized
INFO - 2020-09-02 17:32:15 --> Hooks Class Initialized
DEBUG - 2020-09-02 17:32:15 --> UTF-8 Support Enabled
INFO - 2020-09-02 17:32:15 --> Utf8 Class Initialized
INFO - 2020-09-02 17:32:15 --> URI Class Initialized
DEBUG - 2020-09-02 17:32:15 --> No URI present. Default controller set.
INFO - 2020-09-02 17:32:15 --> Router Class Initialized
INFO - 2020-09-02 17:32:15 --> Output Class Initialized
INFO - 2020-09-02 17:32:15 --> Security Class Initialized
DEBUG - 2020-09-02 17:32:15 --> Global POST, GET and COOKIE data sanitized
INFO - 2020-09-02 17:32:15 --> CSRF cookie sent
INFO - 2020-09-02 17:32:15 --> Input Class Initialized
INFO - 2020-09-02 17:32:15 --> Language Class Initialized
INFO - 2020-09-02 17:32:15 --> Loader Class Initialized
INFO - 2020-09-02 17:32:15 --> Helper loaded: url_helper
INFO - 2020-09-02 17:32:15 --> Helper loaded: file_helper
INFO - 2020-09-02 17:32:15 --> Database Driver Class Initialized
INFO - 2020-09-02 17:32:15 --> Email Class Initialized
DEBUG - 2020-09-02 17:32:15 --> Session: "sess_save_path" is empty; using "session.save_path" value from php.ini.
INFO - 2020-09-02 17:32:15 --> Session: Class initialized using 'files' driver.
INFO - 2020-09-02 17:32:15 --> Controller Class Initialized
INFO - 2020-09-02 17:32:15 --> Model "M_auth" initialized
DEBUG - 2020-09-02 17:32:15 --> Sc_check class already loaded. Second attempt ignored.
INFO - 2020-09-02 17:32:15 --> Helper loaded: captcha_helper
INFO - 2020-09-02 17:32:15 --> Helper loaded: form_helper
INFO - 2020-09-02 17:32:15 --> Form Validation Class Initialized
INFO - 2020-09-02 17:32:15 --> File loaded: C:\xampp\htdocs\scholarship\institute\views\include/header.php
INFO - 2020-09-02 17:32:15 --> File loaded: C:\xampp\htdocs\scholarship\institute\views\include/footer.php
INFO - 2020-09-02 17:32:15 --> File loaded: C:\xampp\htdocs\scholarship\institute\views\include/msg.php
INFO - 2020-09-02 17:32:15 --> File loaded: C:\xampp\htdocs\scholarship\institute\views\auth/login.php
INFO - 2020-09-02 17:32:15 --> Final output sent to browser
DEBUG - 2020-09-02 17:32:15 --> Total execution time: 0.4213
INFO - 2020-09-02 17:32:15 --> Config Class Initialized
INFO - 2020-09-02 17:32:16 --> Hooks Class Initialized
DEBUG - 2020-09-02 17:32:16 --> UTF-8 Support Enabled
INFO - 2020-09-02 17:32:16 --> Utf8 Class Initialized
INFO - 2020-09-02 17:32:16 --> URI Class Initialized
INFO - 2020-09-02 17:32:16 --> Router Class Initialized
INFO - 2020-09-02 17:32:16 --> Output Class Initialized
INFO - 2020-09-02 17:32:16 --> Security Class Initialized
DEBUG - 2020-09-02 17:32:16 --> Global POST, GET and COOKIE data sanitized
INFO - 2020-09-02 17:32:16 --> CSRF cookie sent
INFO - 2020-09-02 17:32:16 --> Input Class Initialized
INFO - 2020-09-02 17:32:16 --> Language Class Initialized
ERROR - 2020-09-02 17:32:16 --> 404 Page Not Found: Assets/css
INFO - 2020-09-02 17:33:07 --> Config Class Initialized
INFO - 2020-09-02 17:33:07 --> Hooks Class Initialized
DEBUG - 2020-09-02 17:33:07 --> UTF-8 Support Enabled
INFO - 2020-09-02 17:33:07 --> Utf8 Class Initialized
INFO - 2020-09-02 17:33:07 --> URI Class Initialized
INFO - 2020-09-02 17:33:07 --> Router Class Initialized
INFO - 2020-09-02 17:33:07 --> Output Class Initialized
INFO - 2020-09-02 17:33:07 --> Security Class Initialized
DEBUG - 2020-09-02 17:33:07 --> Global POST, GET and COOKIE data sanitized
INFO - 2020-09-02 17:33:07 --> CSRF cookie sent
INFO - 2020-09-02 17:33:07 --> CSRF token verified
INFO - 2020-09-02 17:33:07 --> Input Class Initialized
INFO - 2020-09-02 17:33:07 --> Language Class Initialized
INFO - 2020-09-02 17:33:07 --> Loader Class Initialized
INFO - 2020-09-02 17:33:07 --> Helper loaded: url_helper
INFO - 2020-09-02 17:33:07 --> Helper loaded: file_helper
INFO - 2020-09-02 17:33:07 --> Database Driver Class Initialized
INFO - 2020-09-02 17:33:07 --> Email Class Initialized
DEBUG - 2020-09-02 17:33:07 --> Session: "sess_save_path" is empty; using "session.save_path" value from php.ini.
INFO - 2020-09-02 17:33:07 --> Session: Class initialized using 'files' driver.
INFO - 2020-09-02 17:33:07 --> Controller Class Initialized
INFO - 2020-09-02 17:33:07 --> Model "M_auth" initialized
DEBUG - 2020-09-02 17:33:07 --> Sc_check class already loaded. Second attempt ignored.
INFO - 2020-09-02 17:33:07 --> Helper loaded: captcha_helper
INFO - 2020-09-02 17:33:07 --> Helper loaded: form_helper
INFO - 2020-09-02 17:33:07 --> Form Validation Class Initialized
DEBUG - 2020-09-02 17:33:07 --> Form_validation class already loaded. Second attempt ignored.
INFO - 2020-09-02 17:33:07 --> Language file loaded: language/english/form_validation_lang.php
INFO - 2020-09-02 17:33:07 --> ---------------------Success -- Institute Logged in with prathwi@5ine.in and IP aaddress ::1 --------------
INFO - 2020-09-02 17:33:07 --> Config Class Initialized
INFO - 2020-09-02 17:33:07 --> Hooks Class Initialized
DEBUG - 2020-09-02 17:33:07 --> UTF-8 Support Enabled
INFO - 2020-09-02 17:33:07 --> Utf8 Class Initialized
INFO - 2020-09-02 17:33:07 --> URI Class Initialized
INFO - 2020-09-02 17:33:07 --> Router Class Initialized
INFO - 2020-09-02 17:33:07 --> Output Class Initialized
INFO - 2020-09-02 17:33:07 --> Security Class Initialized
DEBUG - 2020-09-02 17:33:07 --> Global POST, GET and COOKIE data sanitized
INFO - 2020-09-02 17:33:07 --> CSRF cookie sent
INFO - 2020-09-02 17:33:07 --> Input Class Initialized
INFO - 2020-09-02 17:33:07 --> Language Class Initialized
INFO - 2020-09-02 17:33:07 --> Loader Class Initialized
INFO - 2020-09-02 17:33:07 --> Helper loaded: url_helper
INFO - 2020-09-02 17:33:07 --> Helper loaded: file_helper
INFO - 2020-09-02 17:33:07 --> Database Driver Class Initialized
INFO - 2020-09-02 17:33:07 --> Email Class Initialized
DEBUG - 2020-09-02 17:33:07 --> Session: "sess_save_path" is empty; using "session.save_path" value from php.ini.
INFO - 2020-09-02 17:33:07 --> Session: Class initialized using 'files' driver.
INFO - 2020-09-02 17:33:07 --> Controller Class Initialized
INFO - 2020-09-02 17:33:07 --> Model "M_dashboard" initialized
INFO - 2020-09-02 17:33:07 --> File loaded: C:\xampp\htdocs\scholarship\institute\views\include/header.php
INFO - 2020-09-02 17:33:08 --> File loaded: C:\xampp\htdocs\scholarship\institute\views\include/menu.php
INFO - 2020-09-02 17:33:08 --> File loaded: C:\xampp\htdocs\scholarship\institute\views\include/footer.php
INFO - 2020-09-02 17:33:08 --> File loaded: C:\xampp\htdocs\scholarship\institute\views\include/msg.php
INFO - 2020-09-02 17:33:08 --> File loaded: C:\xampp\htdocs\scholarship\institute\views\dashboard/request-list.php
INFO - 2020-09-02 17:33:08 --> Final output sent to browser
DEBUG - 2020-09-02 17:33:08 --> Total execution time: 0.2674
INFO - 2020-09-02 17:33:08 --> Config Class Initialized
INFO - 2020-09-02 17:33:08 --> Hooks Class Initialized
DEBUG - 2020-09-02 17:33:08 --> UTF-8 Support Enabled
INFO - 2020-09-02 17:33:08 --> Utf8 Class Initialized
INFO - 2020-09-02 17:33:08 --> URI Class Initialized
INFO - 2020-09-02 17:33:08 --> Router Class Initialized
INFO - 2020-09-02 17:33:08 --> Output Class Initialized
INFO - 2020-09-02 17:33:08 --> Security Class Initialized
DEBUG - 2020-09-02 17:33:08 --> Global POST, GET and COOKIE data sanitized
INFO - 2020-09-02 17:33:08 --> CSRF cookie sent
INFO - 2020-09-02 17:33:08 --> Input Class Initialized
INFO - 2020-09-02 17:33:08 --> Language Class Initialized
INFO - 2020-09-02 17:33:08 --> Loader Class Initialized
INFO - 2020-09-02 17:33:08 --> Helper loaded: url_helper
INFO - 2020-09-02 17:33:08 --> Helper loaded: file_helper
INFO - 2020-09-02 17:33:08 --> Database Driver Class Initialized
INFO - 2020-09-02 17:33:08 --> Email Class Initialized
DEBUG - 2020-09-02 17:33:08 --> Session: "sess_save_path" is empty; using "session.save_path" value from php.ini.
INFO - 2020-09-02 17:33:08 --> Session: Class initialized using 'files' driver.
INFO - 2020-09-02 17:33:08 --> Controller Class Initialized
INFO - 2020-09-02 17:33:08 --> Model "M_dashboard" initialized
INFO - 2020-09-02 17:33:08 --> Final output sent to browser
DEBUG - 2020-09-02 17:33:08 --> Total execution time: 0.3974
INFO - 2020-09-02 17:33:09 --> Config Class Initialized
INFO - 2020-09-02 17:33:09 --> Hooks Class Initialized
DEBUG - 2020-09-02 17:33:09 --> UTF-8 Support Enabled
INFO - 2020-09-02 17:33:09 --> Utf8 Class Initialized
INFO - 2020-09-02 17:33:09 --> URI Class Initialized
INFO - 2020-09-02 17:33:09 --> Router Class Initialized
INFO - 2020-09-02 17:33:09 --> Output Class Initialized
INFO - 2020-09-02 17:33:09 --> Security Class Initialized
DEBUG - 2020-09-02 17:33:09 --> Global POST, GET and COOKIE data sanitized
INFO - 2020-09-02 17:33:09 --> CSRF cookie sent
INFO - 2020-09-02 17:33:09 --> Input Class Initialized
INFO - 2020-09-02 17:33:09 --> Language Class Initialized
INFO - 2020-09-02 17:33:09 --> Loader Class Initialized
INFO - 2020-09-02 17:33:09 --> Helper loaded: url_helper
INFO - 2020-09-02 17:33:09 --> Helper loaded: file_helper
INFO - 2020-09-02 17:33:09 --> Database Driver Class Initialized
INFO - 2020-09-02 17:33:09 --> Email Class Initialized
DEBUG - 2020-09-02 17:33:09 --> Session: "sess_save_path" is empty; using "session.save_path" value from php.ini.
INFO - 2020-09-02 17:33:09 --> Session: Class initialized using 'files' driver.
INFO - 2020-09-02 17:33:09 --> Controller Class Initialized
INFO - 2020-09-02 17:33:09 --> Model "M_dashboard" initialized
INFO - 2020-09-02 17:33:09 --> File loaded: C:\xampp\htdocs\scholarship\institute\views\include/header.php
INFO - 2020-09-02 17:33:09 --> File loaded: C:\xampp\htdocs\scholarship\institute\views\include/menu.php
INFO - 2020-09-02 17:33:09 --> File loaded: C:\xampp\htdocs\scholarship\institute\views\include/footer.php
INFO - 2020-09-02 17:33:10 --> File loaded: C:\xampp\htdocs\scholarship\institute\views\include/msg.php
INFO - 2020-09-02 17:33:10 --> File loaded: C:\xampp\htdocs\scholarship\institute\views\dashboard/approve.php
INFO - 2020-09-02 17:33:10 --> Final output sent to browser
DEBUG - 2020-09-02 17:33:10 --> Total execution time: 0.3543
INFO - 2020-09-02 17:33:10 --> Config Class Initialized
INFO - 2020-09-02 17:33:10 --> Hooks Class Initialized
DEBUG - 2020-09-02 17:33:10 --> UTF-8 Support Enabled
INFO - 2020-09-02 17:33:10 --> Utf8 Class Initialized
INFO - 2020-09-02 17:33:10 --> URI Class Initialized
INFO - 2020-09-02 17:33:10 --> Router Class Initialized
INFO - 2020-09-02 17:33:10 --> Output Class Initialized
INFO - 2020-09-02 17:33:10 --> Security Class Initialized
DEBUG - 2020-09-02 17:33:10 --> Global POST, GET and COOKIE data sanitized
INFO - 2020-09-02 17:33:10 --> CSRF cookie sent
INFO - 2020-09-02 17:33:10 --> Input Class Initialized
INFO - 2020-09-02 17:33:10 --> Language Class Initialized
INFO - 2020-09-02 17:33:10 --> Config Class Initialized
INFO - 2020-09-02 17:33:10 --> Hooks Class Initialized
DEBUG - 2020-09-02 17:33:10 --> UTF-8 Support Enabled
INFO - 2020-09-02 17:33:10 --> Utf8 Class Initialized
INFO - 2020-09-02 17:33:10 --> URI Class Initialized
INFO - 2020-09-02 17:33:10 --> Loader Class Initialized
INFO - 2020-09-02 17:33:10 --> Helper loaded: url_helper
INFO - 2020-09-02 17:33:10 --> Helper loaded: file_helper
INFO - 2020-09-02 17:33:10 --> Router Class Initialized
INFO - 2020-09-02 17:33:10 --> Database Driver Class Initialized
INFO - 2020-09-02 17:33:10 --> Email Class Initialized
INFO - 2020-09-02 17:33:10 --> Output Class Initialized
INFO - 2020-09-02 17:33:10 --> Security Class Initialized
DEBUG - 2020-09-02 17:33:10 --> Global POST, GET and COOKIE data sanitized
INFO - 2020-09-02 17:33:10 --> CSRF cookie sent
INFO - 2020-09-02 17:33:10 --> Input Class Initialized
INFO - 2020-09-02 17:33:10 --> Language Class Initialized
INFO - 2020-09-02 17:33:10 --> Loader Class Initialized
DEBUG - 2020-09-02 17:33:10 --> Session: "sess_save_path" is empty; using "session.save_path" value from php.ini.
INFO - 2020-09-02 17:33:10 --> Session: Class initialized using 'files' driver.
INFO - 2020-09-02 17:33:10 --> Controller Class Initialized
INFO - 2020-09-02 17:33:10 --> Model "M_dashboard" initialized
INFO - 2020-09-02 17:33:10 --> Final output sent to browser
INFO - 2020-09-02 17:33:10 --> Helper loaded: url_helper
INFO - 2020-09-02 17:33:10 --> Helper loaded: file_helper
DEBUG - 2020-09-02 17:33:10 --> Total execution time: 0.3856
INFO - 2020-09-02 17:33:10 --> Database Driver Class Initialized
INFO - 2020-09-02 17:33:10 --> Email Class Initialized
DEBUG - 2020-09-02 17:33:10 --> Session: "sess_save_path" is empty; using "session.save_path" value from php.ini.
INFO - 2020-09-02 17:33:10 --> Session: Class initialized using 'files' driver.
INFO - 2020-09-02 17:33:10 --> Controller Class Initialized
INFO - 2020-09-02 17:33:10 --> Model "M_dashboard" initialized
INFO - 2020-09-02 17:33:10 --> File loaded: C:\xampp\htdocs\scholarship\institute\views\include/header.php
INFO - 2020-09-02 17:33:10 --> File loaded: C:\xampp\htdocs\scholarship\institute\views\include/menu.php
INFO - 2020-09-02 17:33:10 --> File loaded: C:\xampp\htdocs\scholarship\institute\views\include/footer.php
INFO - 2020-09-02 17:33:10 --> File loaded: C:\xampp\htdocs\scholarship\institute\views\include/msg.php
INFO - 2020-09-02 17:33:10 --> File loaded: C:\xampp\htdocs\scholarship\institute\views\dashboard/rejects.php
INFO - 2020-09-02 17:33:10 --> Final output sent to browser
DEBUG - 2020-09-02 17:33:10 --> Total execution time: 0.2388
INFO - 2020-09-02 17:33:11 --> Config Class Initialized
INFO - 2020-09-02 17:33:11 --> Hooks Class Initialized
DEBUG - 2020-09-02 17:33:11 --> UTF-8 Support Enabled
INFO - 2020-09-02 17:33:11 --> Utf8 Class Initialized
INFO - 2020-09-02 17:33:11 --> URI Class Initialized
INFO - 2020-09-02 17:33:11 --> Router Class Initialized
INFO - 2020-09-02 17:33:11 --> Output Class Initialized
INFO - 2020-09-02 17:33:11 --> Security Class Initialized
DEBUG - 2020-09-02 17:33:11 --> Global POST, GET and COOKIE data sanitized
INFO - 2020-09-02 17:33:11 --> CSRF cookie sent
INFO - 2020-09-02 17:33:11 --> Input Class Initialized
INFO - 2020-09-02 17:33:11 --> Language Class Initialized
INFO - 2020-09-02 17:33:11 --> Loader Class Initialized
INFO - 2020-09-02 17:33:11 --> Helper loaded: url_helper
INFO - 2020-09-02 17:33:11 --> Helper loaded: file_helper
INFO - 2020-09-02 17:33:11 --> Database Driver Class Initialized
INFO - 2020-09-02 17:33:11 --> Email Class Initialized
DEBUG - 2020-09-02 17:33:11 --> Session: "sess_save_path" is empty; using "session.save_path" value from php.ini.
INFO - 2020-09-02 17:33:11 --> Session: Class initialized using 'files' driver.
INFO - 2020-09-02 17:33:11 --> Controller Class Initialized
INFO - 2020-09-02 17:33:11 --> Model "M_dashboard" initialized
INFO - 2020-09-02 17:33:11 --> Final output sent to browser
DEBUG - 2020-09-02 17:33:11 --> Total execution time: 0.4647
INFO - 2020-09-02 17:33:12 --> Config Class Initialized
INFO - 2020-09-02 17:33:12 --> Hooks Class Initialized
DEBUG - 2020-09-02 17:33:12 --> UTF-8 Support Enabled
INFO - 2020-09-02 17:33:12 --> Utf8 Class Initialized
INFO - 2020-09-02 17:33:12 --> URI Class Initialized
INFO - 2020-09-02 17:33:12 --> Router Class Initialized
INFO - 2020-09-02 17:33:12 --> Output Class Initialized
INFO - 2020-09-02 17:33:12 --> Security Class Initialized
DEBUG - 2020-09-02 17:33:12 --> Global POST, GET and COOKIE data sanitized
INFO - 2020-09-02 17:33:12 --> CSRF cookie sent
INFO - 2020-09-02 17:33:12 --> Input Class Initialized
INFO - 2020-09-02 17:33:12 --> Language Class Initialized
INFO - 2020-09-02 17:33:12 --> Loader Class Initialized
INFO - 2020-09-02 17:33:12 --> Helper loaded: url_helper
INFO - 2020-09-02 17:33:12 --> Helper loaded: file_helper
INFO - 2020-09-02 17:33:12 --> Database Driver Class Initialized
INFO - 2020-09-02 17:33:12 --> Email Class Initialized
DEBUG - 2020-09-02 17:33:12 --> Session: "sess_save_path" is empty; using "session.save_path" value from php.ini.
INFO - 2020-09-02 17:33:12 --> Session: Class initialized using 'files' driver.
INFO - 2020-09-02 17:33:12 --> Controller Class Initialized
INFO - 2020-09-02 17:33:13 --> Model "M_auth" initialized
DEBUG - 2020-09-02 17:33:13 --> Sc_check class already loaded. Second attempt ignored.
INFO - 2020-09-02 17:33:13 --> Helper loaded: captcha_helper
INFO - 2020-09-02 17:33:13 --> Helper loaded: form_helper
INFO - 2020-09-02 17:33:13 --> Form Validation Class Initialized
INFO - 2020-09-02 17:33:13 --> Config Class Initialized
INFO - 2020-09-02 17:33:13 --> Hooks Class Initialized
DEBUG - 2020-09-02 17:33:13 --> UTF-8 Support Enabled
INFO - 2020-09-02 17:33:13 --> Utf8 Class Initialized
INFO - 2020-09-02 17:33:13 --> URI Class Initialized
DEBUG - 2020-09-02 17:33:13 --> No URI present. Default controller set.
INFO - 2020-09-02 17:33:13 --> Router Class Initialized
INFO - 2020-09-02 17:33:13 --> Output Class Initialized
INFO - 2020-09-02 17:33:13 --> Security Class Initialized
DEBUG - 2020-09-02 17:33:13 --> Global POST, GET and COOKIE data sanitized
INFO - 2020-09-02 17:33:13 --> CSRF cookie sent
INFO - 2020-09-02 17:33:13 --> Input Class Initialized
INFO - 2020-09-02 17:33:13 --> Language Class Initialized
INFO - 2020-09-02 17:33:13 --> Loader Class Initialized
INFO - 2020-09-02 17:33:13 --> Helper loaded: url_helper
INFO - 2020-09-02 17:33:13 --> Helper loaded: file_helper
INFO - 2020-09-02 17:33:13 --> Database Driver Class Initialized
INFO - 2020-09-02 17:33:13 --> Email Class Initialized
DEBUG - 2020-09-02 17:33:13 --> Session: "sess_save_path" is empty; using "session.save_path" value from php.ini.
INFO - 2020-09-02 17:33:13 --> Session: Class initialized using 'files' driver.
INFO - 2020-09-02 17:33:13 --> Controller Class Initialized
INFO - 2020-09-02 17:33:13 --> Model "M_auth" initialized
DEBUG - 2020-09-02 17:33:13 --> Sc_check class already loaded. Second attempt ignored.
INFO - 2020-09-02 17:33:13 --> Helper loaded: captcha_helper
INFO - 2020-09-02 17:33:13 --> Helper loaded: form_helper
INFO - 2020-09-02 17:33:13 --> Form Validation Class Initialized
INFO - 2020-09-02 17:33:13 --> File loaded: C:\xampp\htdocs\scholarship\institute\views\include/header.php
INFO - 2020-09-02 17:33:13 --> File loaded: C:\xampp\htdocs\scholarship\institute\views\include/footer.php
INFO - 2020-09-02 17:33:13 --> File loaded: C:\xampp\htdocs\scholarship\institute\views\include/msg.php
INFO - 2020-09-02 17:33:13 --> File loaded: C:\xampp\htdocs\scholarship\institute\views\auth/login.php
INFO - 2020-09-02 17:33:13 --> Final output sent to browser
DEBUG - 2020-09-02 17:33:13 --> Total execution time: 0.4200
INFO - 2020-09-02 17:33:13 --> Config Class Initialized
INFO - 2020-09-02 17:33:13 --> Hooks Class Initialized
DEBUG - 2020-09-02 17:33:13 --> UTF-8 Support Enabled
INFO - 2020-09-02 17:33:13 --> Utf8 Class Initialized
INFO - 2020-09-02 17:33:13 --> URI Class Initialized
INFO - 2020-09-02 17:33:13 --> Router Class Initialized
INFO - 2020-09-02 17:33:13 --> Output Class Initialized
INFO - 2020-09-02 17:33:13 --> Security Class Initialized
DEBUG - 2020-09-02 17:33:13 --> Global POST, GET and COOKIE data sanitized
INFO - 2020-09-02 17:33:13 --> CSRF cookie sent
INFO - 2020-09-02 17:33:13 --> Input Class Initialized
INFO - 2020-09-02 17:33:13 --> Language Class Initialized
ERROR - 2020-09-02 17:33:13 --> 404 Page Not Found: Assets/css
