INFO - 2020-06-15 14:24:22 --> Config Class Initialized
INFO - 2020-06-15 14:24:22 --> Hooks Class Initialized
DEBUG - 2020-06-15 14:24:22 --> UTF-8 Support Enabled
INFO - 2020-06-15 14:24:22 --> Utf8 Class Initialized
INFO - 2020-06-15 14:24:22 --> URI Class Initialized
DEBUG - 2020-06-15 14:24:22 --> No URI present. Default controller set.
INFO - 2020-06-15 14:24:22 --> Router Class Initialized
INFO - 2020-06-15 14:24:22 --> Output Class Initialized
INFO - 2020-06-15 14:24:22 --> Security Class Initialized
DEBUG - 2020-06-15 14:24:22 --> Global POST, GET and COOKIE data sanitized
INFO - 2020-06-15 14:24:22 --> CSRF cookie sent
INFO - 2020-06-15 14:24:22 --> Input Class Initialized
INFO - 2020-06-15 14:24:22 --> Language Class Initialized
INFO - 2020-06-15 14:24:22 --> Loader Class Initialized
INFO - 2020-06-15 14:24:22 --> Helper loaded: url_helper
INFO - 2020-06-15 14:24:22 --> Helper loaded: file_helper
INFO - 2020-06-15 14:24:22 --> Database Driver Class Initialized
INFO - 2020-06-15 14:24:22 --> Email Class Initialized
DEBUG - 2020-06-15 14:24:23 --> Session: "sess_save_path" is empty; using "session.save_path" value from php.ini.
INFO - 2020-06-15 14:24:23 --> Session: Class initialized using 'files' driver.
INFO - 2020-06-15 14:24:23 --> Controller Class Initialized
INFO - 2020-06-15 14:24:23 --> Model "M_auth" initialized
DEBUG - 2020-06-15 14:24:23 --> Sc_check class already loaded. Second attempt ignored.
INFO - 2020-06-15 14:24:23 --> Helper loaded: captcha_helper
INFO - 2020-06-15 14:24:23 --> File loaded: C:\xampp\htdocs\scholarship\institute\views\include/header.php
INFO - 2020-06-15 14:24:23 --> File loaded: C:\xampp\htdocs\scholarship\institute\views\include/footer.php
INFO - 2020-06-15 14:24:23 --> File loaded: C:\xampp\htdocs\scholarship\institute\views\include/msg.php
INFO - 2020-06-15 14:24:23 --> File loaded: C:\xampp\htdocs\scholarship\institute\views\auth/login.php
INFO - 2020-06-15 14:24:23 --> Final output sent to browser
DEBUG - 2020-06-15 14:24:23 --> Total execution time: 0.6999
INFO - 2020-06-15 14:24:38 --> Config Class Initialized
INFO - 2020-06-15 14:24:38 --> Hooks Class Initialized
DEBUG - 2020-06-15 14:24:38 --> UTF-8 Support Enabled
INFO - 2020-06-15 14:24:38 --> Utf8 Class Initialized
INFO - 2020-06-15 14:24:38 --> URI Class Initialized
DEBUG - 2020-06-15 14:24:38 --> No URI present. Default controller set.
INFO - 2020-06-15 14:24:38 --> Router Class Initialized
INFO - 2020-06-15 14:24:38 --> Output Class Initialized
INFO - 2020-06-15 14:24:38 --> Security Class Initialized
DEBUG - 2020-06-15 14:24:38 --> Global POST, GET and COOKIE data sanitized
INFO - 2020-06-15 14:24:38 --> CSRF cookie sent
INFO - 2020-06-15 14:24:38 --> CSRF token verified
INFO - 2020-06-15 14:24:38 --> Input Class Initialized
INFO - 2020-06-15 14:24:38 --> Language Class Initialized
INFO - 2020-06-15 14:24:38 --> Loader Class Initialized
INFO - 2020-06-15 14:24:38 --> Helper loaded: url_helper
INFO - 2020-06-15 14:24:38 --> Helper loaded: file_helper
INFO - 2020-06-15 14:24:38 --> Database Driver Class Initialized
INFO - 2020-06-15 14:24:38 --> Email Class Initialized
DEBUG - 2020-06-15 14:24:38 --> Session: "sess_save_path" is empty; using "session.save_path" value from php.ini.
INFO - 2020-06-15 14:24:38 --> Session: Class initialized using 'files' driver.
INFO - 2020-06-15 14:24:38 --> Controller Class Initialized
INFO - 2020-06-15 14:24:38 --> Model "M_auth" initialized
DEBUG - 2020-06-15 14:24:38 --> Sc_check class already loaded. Second attempt ignored.
INFO - 2020-06-15 14:24:38 --> Helper loaded: captcha_helper
INFO - 2020-06-15 14:24:38 --> Helper loaded: form_helper
INFO - 2020-06-15 14:24:38 --> Form Validation Class Initialized
INFO - 2020-06-15 14:24:38 --> Config Class Initialized
INFO - 2020-06-15 14:24:38 --> Hooks Class Initialized
DEBUG - 2020-06-15 14:24:38 --> UTF-8 Support Enabled
INFO - 2020-06-15 14:24:38 --> Utf8 Class Initialized
INFO - 2020-06-15 14:24:38 --> URI Class Initialized
DEBUG - 2020-06-15 14:24:38 --> No URI present. Default controller set.
INFO - 2020-06-15 14:24:38 --> Router Class Initialized
INFO - 2020-06-15 14:24:38 --> Output Class Initialized
INFO - 2020-06-15 14:24:38 --> Security Class Initialized
DEBUG - 2020-06-15 14:24:38 --> Global POST, GET and COOKIE data sanitized
INFO - 2020-06-15 14:24:38 --> CSRF cookie sent
INFO - 2020-06-15 14:24:38 --> Input Class Initialized
INFO - 2020-06-15 14:24:38 --> Language Class Initialized
INFO - 2020-06-15 14:24:38 --> Loader Class Initialized
INFO - 2020-06-15 14:24:38 --> Helper loaded: url_helper
INFO - 2020-06-15 14:24:38 --> Helper loaded: file_helper
INFO - 2020-06-15 14:24:38 --> Database Driver Class Initialized
INFO - 2020-06-15 14:24:38 --> Email Class Initialized
DEBUG - 2020-06-15 14:24:38 --> Session: "sess_save_path" is empty; using "session.save_path" value from php.ini.
INFO - 2020-06-15 14:24:38 --> Session: Class initialized using 'files' driver.
INFO - 2020-06-15 14:24:38 --> Controller Class Initialized
INFO - 2020-06-15 14:24:38 --> Model "M_auth" initialized
DEBUG - 2020-06-15 14:24:38 --> Sc_check class already loaded. Second attempt ignored.
INFO - 2020-06-15 14:24:38 --> Helper loaded: captcha_helper
INFO - 2020-06-15 14:24:38 --> File loaded: C:\xampp\htdocs\scholarship\institute\views\include/header.php
INFO - 2020-06-15 14:24:38 --> File loaded: C:\xampp\htdocs\scholarship\institute\views\include/footer.php
INFO - 2020-06-15 14:24:38 --> File loaded: C:\xampp\htdocs\scholarship\institute\views\include/msg.php
INFO - 2020-06-15 14:24:38 --> File loaded: C:\xampp\htdocs\scholarship\institute\views\auth/login.php
INFO - 2020-06-15 14:24:38 --> Final output sent to browser
DEBUG - 2020-06-15 14:24:38 --> Total execution time: 0.3132
INFO - 2020-06-15 14:24:50 --> Config Class Initialized
INFO - 2020-06-15 14:24:50 --> Hooks Class Initialized
DEBUG - 2020-06-15 14:24:50 --> UTF-8 Support Enabled
INFO - 2020-06-15 14:24:50 --> Utf8 Class Initialized
INFO - 2020-06-15 14:24:50 --> URI Class Initialized
DEBUG - 2020-06-15 14:24:50 --> No URI present. Default controller set.
INFO - 2020-06-15 14:24:50 --> Router Class Initialized
INFO - 2020-06-15 14:24:50 --> Output Class Initialized
INFO - 2020-06-15 14:24:50 --> Security Class Initialized
DEBUG - 2020-06-15 14:24:50 --> Global POST, GET and COOKIE data sanitized
INFO - 2020-06-15 14:24:50 --> CSRF cookie sent
INFO - 2020-06-15 14:24:50 --> CSRF token verified
INFO - 2020-06-15 14:24:50 --> Input Class Initialized
INFO - 2020-06-15 14:24:50 --> Language Class Initialized
INFO - 2020-06-15 14:24:50 --> Loader Class Initialized
INFO - 2020-06-15 14:24:50 --> Helper loaded: url_helper
INFO - 2020-06-15 14:24:50 --> Helper loaded: file_helper
INFO - 2020-06-15 14:24:50 --> Database Driver Class Initialized
INFO - 2020-06-15 14:24:50 --> Email Class Initialized
DEBUG - 2020-06-15 14:24:50 --> Session: "sess_save_path" is empty; using "session.save_path" value from php.ini.
INFO - 2020-06-15 14:24:50 --> Session: Class initialized using 'files' driver.
INFO - 2020-06-15 14:24:50 --> Controller Class Initialized
INFO - 2020-06-15 14:24:50 --> Model "M_auth" initialized
DEBUG - 2020-06-15 14:24:50 --> Sc_check class already loaded. Second attempt ignored.
INFO - 2020-06-15 14:24:50 --> Helper loaded: captcha_helper
INFO - 2020-06-15 14:24:50 --> Helper loaded: form_helper
INFO - 2020-06-15 14:24:50 --> Form Validation Class Initialized
INFO - 2020-06-15 14:24:50 --> Language file loaded: language/english/form_validation_lang.php
ERROR - 2020-06-15 14:24:50 --> ---------------------Failed -- Institute Log in Failed and tried login with prathwi@5ine.in password and IP aaddress ::1 --------------
INFO - 2020-06-15 14:24:50 --> Config Class Initialized
INFO - 2020-06-15 14:24:50 --> Hooks Class Initialized
DEBUG - 2020-06-15 14:24:50 --> UTF-8 Support Enabled
INFO - 2020-06-15 14:24:50 --> Utf8 Class Initialized
INFO - 2020-06-15 14:24:50 --> URI Class Initialized
DEBUG - 2020-06-15 14:24:50 --> No URI present. Default controller set.
INFO - 2020-06-15 14:24:50 --> Router Class Initialized
INFO - 2020-06-15 14:24:50 --> Output Class Initialized
INFO - 2020-06-15 14:24:50 --> Security Class Initialized
DEBUG - 2020-06-15 14:24:50 --> Global POST, GET and COOKIE data sanitized
INFO - 2020-06-15 14:24:50 --> CSRF cookie sent
INFO - 2020-06-15 14:24:50 --> Input Class Initialized
INFO - 2020-06-15 14:24:50 --> Language Class Initialized
INFO - 2020-06-15 14:24:50 --> Loader Class Initialized
INFO - 2020-06-15 14:24:50 --> Helper loaded: url_helper
INFO - 2020-06-15 14:24:50 --> Helper loaded: file_helper
INFO - 2020-06-15 14:24:50 --> Database Driver Class Initialized
INFO - 2020-06-15 14:24:50 --> Email Class Initialized
DEBUG - 2020-06-15 14:24:50 --> Session: "sess_save_path" is empty; using "session.save_path" value from php.ini.
INFO - 2020-06-15 14:24:50 --> Session: Class initialized using 'files' driver.
INFO - 2020-06-15 14:24:50 --> Controller Class Initialized
INFO - 2020-06-15 14:24:50 --> Model "M_auth" initialized
DEBUG - 2020-06-15 14:24:50 --> Sc_check class already loaded. Second attempt ignored.
INFO - 2020-06-15 14:24:50 --> Helper loaded: captcha_helper
INFO - 2020-06-15 14:24:50 --> File loaded: C:\xampp\htdocs\scholarship\institute\views\include/header.php
INFO - 2020-06-15 14:24:51 --> File loaded: C:\xampp\htdocs\scholarship\institute\views\include/footer.php
INFO - 2020-06-15 14:24:51 --> File loaded: C:\xampp\htdocs\scholarship\institute\views\include/msg.php
INFO - 2020-06-15 14:24:51 --> File loaded: C:\xampp\htdocs\scholarship\institute\views\auth/login.php
INFO - 2020-06-15 14:24:51 --> Final output sent to browser
DEBUG - 2020-06-15 14:24:51 --> Total execution time: 0.2942
