INFO - 2020-08-13 12:48:47 --> Config Class Initialized
INFO - 2020-08-13 12:48:47 --> Hooks Class Initialized
DEBUG - 2020-08-13 12:48:47 --> UTF-8 Support Enabled
INFO - 2020-08-13 12:48:47 --> Utf8 Class Initialized
INFO - 2020-08-13 12:48:47 --> URI Class Initialized
DEBUG - 2020-08-13 12:48:47 --> No URI present. Default controller set.
INFO - 2020-08-13 12:48:47 --> Router Class Initialized
INFO - 2020-08-13 12:48:47 --> Output Class Initialized
INFO - 2020-08-13 12:48:47 --> Security Class Initialized
DEBUG - 2020-08-13 12:48:47 --> Global POST, GET and COOKIE data sanitized
INFO - 2020-08-13 12:48:47 --> Input Class Initialized
INFO - 2020-08-13 12:48:47 --> Language Class Initialized
INFO - 2020-08-13 12:48:47 --> Loader Class Initialized
INFO - 2020-08-13 12:48:47 --> Helper loaded: url_helper
INFO - 2020-08-13 12:48:47 --> Helper loaded: file_helper
INFO - 2020-08-13 12:48:47 --> Database Driver Class Initialized
INFO - 2020-08-13 12:48:47 --> Email Class Initialized
DEBUG - 2020-08-13 12:48:47 --> Session: "sess_save_path" is empty; using "session.save_path" value from php.ini.
INFO - 2020-08-13 12:48:47 --> Session: Class initialized using 'files' driver.
INFO - 2020-08-13 12:48:47 --> Controller Class Initialized
INFO - 2020-08-13 12:48:48 --> Model "M_auth" initialized
DEBUG - 2020-08-13 12:48:48 --> Sc_check class already loaded. Second attempt ignored.
INFO - 2020-08-13 12:48:48 --> Helper loaded: captcha_helper
INFO - 2020-08-13 12:48:48 --> File loaded: C:\xampp\htdocs\scholarship\institute\views\include/header.php
INFO - 2020-08-13 12:48:48 --> File loaded: C:\xampp\htdocs\scholarship\institute\views\include/footer.php
INFO - 2020-08-13 12:48:48 --> File loaded: C:\xampp\htdocs\scholarship\institute\views\include/msg.php
INFO - 2020-08-13 12:48:48 --> File loaded: C:\xampp\htdocs\scholarship\institute\views\auth/login.php
INFO - 2020-08-13 12:48:48 --> Final output sent to browser
DEBUG - 2020-08-13 12:48:48 --> Total execution time: 1.0564
INFO - 2020-08-13 12:48:48 --> Config Class Initialized
INFO - 2020-08-13 12:48:48 --> Hooks Class Initialized
DEBUG - 2020-08-13 12:48:48 --> UTF-8 Support Enabled
INFO - 2020-08-13 12:48:48 --> Utf8 Class Initialized
INFO - 2020-08-13 12:48:48 --> URI Class Initialized
INFO - 2020-08-13 12:48:48 --> Router Class Initialized
INFO - 2020-08-13 12:48:48 --> Output Class Initialized
INFO - 2020-08-13 12:48:48 --> Security Class Initialized
DEBUG - 2020-08-13 12:48:48 --> Global POST, GET and COOKIE data sanitized
INFO - 2020-08-13 12:48:48 --> Input Class Initialized
INFO - 2020-08-13 12:48:48 --> Language Class Initialized
ERROR - 2020-08-13 12:48:48 --> 404 Page Not Found: Assets/css
INFO - 2020-08-13 12:48:48 --> Config Class Initialized
INFO - 2020-08-13 12:48:48 --> Hooks Class Initialized
DEBUG - 2020-08-13 12:48:48 --> UTF-8 Support Enabled
INFO - 2020-08-13 12:48:48 --> Utf8 Class Initialized
INFO - 2020-08-13 12:48:48 --> URI Class Initialized
INFO - 2020-08-13 12:48:48 --> Router Class Initialized
INFO - 2020-08-13 12:48:48 --> Output Class Initialized
INFO - 2020-08-13 12:48:48 --> Security Class Initialized
DEBUG - 2020-08-13 12:48:48 --> Global POST, GET and COOKIE data sanitized
INFO - 2020-08-13 12:48:48 --> Input Class Initialized
INFO - 2020-08-13 12:48:48 --> Language Class Initialized
ERROR - 2020-08-13 12:48:48 --> 404 Page Not Found: Assets/css
