INFO - 2020-05-25 06:39:20 --> Config Class Initialized
INFO - 2020-05-25 06:39:20 --> Config Class Initialized
INFO - 2020-05-25 06:39:20 --> Config Class Initialized
INFO - 2020-05-25 06:39:20 --> Hooks Class Initialized
INFO - 2020-05-25 06:39:20 --> Hooks Class Initialized
INFO - 2020-05-25 06:39:20 --> Hooks Class Initialized
DEBUG - 2020-05-25 06:39:20 --> UTF-8 Support Enabled
DEBUG - 2020-05-25 06:39:20 --> UTF-8 Support Enabled
INFO - 2020-05-25 06:39:20 --> Utf8 Class Initialized
INFO - 2020-05-25 06:39:20 --> Utf8 Class Initialized
DEBUG - 2020-05-25 06:39:20 --> UTF-8 Support Enabled
INFO - 2020-05-25 06:39:20 --> Utf8 Class Initialized
INFO - 2020-05-25 06:39:20 --> URI Class Initialized
INFO - 2020-05-25 06:39:20 --> URI Class Initialized
INFO - 2020-05-25 06:39:20 --> URI Class Initialized
INFO - 2020-05-25 06:39:20 --> Router Class Initialized
INFO - 2020-05-25 06:39:20 --> Router Class Initialized
INFO - 2020-05-25 06:39:20 --> Router Class Initialized
INFO - 2020-05-25 06:39:20 --> Output Class Initialized
INFO - 2020-05-25 06:39:20 --> Output Class Initialized
INFO - 2020-05-25 06:39:20 --> Output Class Initialized
INFO - 2020-05-25 06:39:20 --> Security Class Initialized
INFO - 2020-05-25 06:39:20 --> Security Class Initialized
INFO - 2020-05-25 06:39:20 --> Security Class Initialized
DEBUG - 2020-05-25 06:39:20 --> Global POST, GET and COOKIE data sanitized
DEBUG - 2020-05-25 06:39:20 --> Global POST, GET and COOKIE data sanitized
DEBUG - 2020-05-25 06:39:20 --> Global POST, GET and COOKIE data sanitized
INFO - 2020-05-25 06:39:20 --> CSRF cookie sent
INFO - 2020-05-25 06:39:20 --> CSRF cookie sent
INFO - 2020-05-25 06:39:20 --> CSRF cookie sent
INFO - 2020-05-25 06:39:20 --> Input Class Initialized
INFO - 2020-05-25 06:39:20 --> Input Class Initialized
INFO - 2020-05-25 06:39:20 --> Input Class Initialized
INFO - 2020-05-25 06:39:20 --> Language Class Initialized
INFO - 2020-05-25 06:39:20 --> Language Class Initialized
INFO - 2020-05-25 06:39:20 --> Language Class Initialized
ERROR - 2020-05-25 06:39:20 --> 404 Page Not Found: Show-images/signature
ERROR - 2020-05-25 06:39:20 --> 404 Page Not Found: Show-images/seal
ERROR - 2020-05-25 06:39:20 --> 404 Page Not Found: Show-images/regfile
INFO - 2020-05-25 06:40:29 --> Config Class Initialized
INFO - 2020-05-25 06:40:29 --> Config Class Initialized
INFO - 2020-05-25 06:40:29 --> Hooks Class Initialized
INFO - 2020-05-25 06:40:29 --> Hooks Class Initialized
INFO - 2020-05-25 06:40:29 --> Config Class Initialized
INFO - 2020-05-25 06:40:29 --> Hooks Class Initialized
DEBUG - 2020-05-25 06:40:29 --> UTF-8 Support Enabled
DEBUG - 2020-05-25 06:40:29 --> UTF-8 Support Enabled
DEBUG - 2020-05-25 06:40:29 --> UTF-8 Support Enabled
INFO - 2020-05-25 06:40:29 --> Utf8 Class Initialized
INFO - 2020-05-25 06:40:29 --> URI Class Initialized
INFO - 2020-05-25 06:40:29 --> Router Class Initialized
INFO - 2020-05-25 06:40:29 --> Output Class Initialized
INFO - 2020-05-25 06:40:29 --> Security Class Initialized
INFO - 2020-05-25 06:40:29 --> Utf8 Class Initialized
DEBUG - 2020-05-25 06:40:29 --> Global POST, GET and COOKIE data sanitized
INFO - 2020-05-25 06:40:29 --> Utf8 Class Initialized
INFO - 2020-05-25 06:40:29 --> CSRF cookie sent
INFO - 2020-05-25 06:40:29 --> URI Class Initialized
INFO - 2020-05-25 06:40:29 --> URI Class Initialized
INFO - 2020-05-25 06:40:29 --> Input Class Initialized
INFO - 2020-05-25 06:40:29 --> Router Class Initialized
INFO - 2020-05-25 06:40:29 --> Router Class Initialized
INFO - 2020-05-25 06:40:29 --> Language Class Initialized
INFO - 2020-05-25 06:40:29 --> Output Class Initialized
INFO - 2020-05-25 06:40:29 --> Output Class Initialized
ERROR - 2020-05-25 06:40:29 --> 404 Page Not Found: Show-images/signature
INFO - 2020-05-25 06:40:29 --> Security Class Initialized
INFO - 2020-05-25 06:40:29 --> Security Class Initialized
DEBUG - 2020-05-25 06:40:29 --> Global POST, GET and COOKIE data sanitized
DEBUG - 2020-05-25 06:40:29 --> Global POST, GET and COOKIE data sanitized
INFO - 2020-05-25 06:40:29 --> CSRF cookie sent
INFO - 2020-05-25 06:40:29 --> CSRF cookie sent
INFO - 2020-05-25 06:40:29 --> Input Class Initialized
INFO - 2020-05-25 06:40:29 --> Input Class Initialized
INFO - 2020-05-25 06:40:29 --> Language Class Initialized
INFO - 2020-05-25 06:40:29 --> Language Class Initialized
ERROR - 2020-05-25 06:40:29 --> 404 Page Not Found: Show-images/regfile
ERROR - 2020-05-25 06:40:29 --> 404 Page Not Found: Show-images/seal
INFO - 2020-05-25 06:40:31 --> Config Class Initialized
INFO - 2020-05-25 06:40:31 --> Config Class Initialized
INFO - 2020-05-25 06:40:31 --> Config Class Initialized
INFO - 2020-05-25 06:40:31 --> Hooks Class Initialized
INFO - 2020-05-25 06:40:31 --> Hooks Class Initialized
INFO - 2020-05-25 06:40:31 --> Hooks Class Initialized
DEBUG - 2020-05-25 06:40:31 --> UTF-8 Support Enabled
INFO - 2020-05-25 06:40:31 --> Utf8 Class Initialized
DEBUG - 2020-05-25 06:40:31 --> UTF-8 Support Enabled
DEBUG - 2020-05-25 06:40:31 --> UTF-8 Support Enabled
INFO - 2020-05-25 06:40:31 --> Utf8 Class Initialized
INFO - 2020-05-25 06:40:31 --> Utf8 Class Initialized
INFO - 2020-05-25 06:40:31 --> URI Class Initialized
INFO - 2020-05-25 06:40:31 --> URI Class Initialized
INFO - 2020-05-25 06:40:31 --> URI Class Initialized
INFO - 2020-05-25 06:40:31 --> Router Class Initialized
INFO - 2020-05-25 06:40:31 --> Router Class Initialized
INFO - 2020-05-25 06:40:31 --> Output Class Initialized
INFO - 2020-05-25 06:40:31 --> Router Class Initialized
INFO - 2020-05-25 06:40:31 --> Security Class Initialized
INFO - 2020-05-25 06:40:31 --> Output Class Initialized
INFO - 2020-05-25 06:40:31 --> Output Class Initialized
INFO - 2020-05-25 06:40:31 --> Security Class Initialized
DEBUG - 2020-05-25 06:40:31 --> Global POST, GET and COOKIE data sanitized
INFO - 2020-05-25 06:40:31 --> Security Class Initialized
INFO - 2020-05-25 06:40:31 --> CSRF cookie sent
DEBUG - 2020-05-25 06:40:31 --> Global POST, GET and COOKIE data sanitized
DEBUG - 2020-05-25 06:40:31 --> Global POST, GET and COOKIE data sanitized
INFO - 2020-05-25 06:40:31 --> CSRF cookie sent
INFO - 2020-05-25 06:40:31 --> Input Class Initialized
INFO - 2020-05-25 06:40:31 --> CSRF cookie sent
INFO - 2020-05-25 06:40:31 --> Input Class Initialized
INFO - 2020-05-25 06:40:31 --> Input Class Initialized
INFO - 2020-05-25 06:40:31 --> Language Class Initialized
INFO - 2020-05-25 06:40:31 --> Language Class Initialized
INFO - 2020-05-25 06:40:31 --> Language Class Initialized
ERROR - 2020-05-25 06:40:31 --> 404 Page Not Found: Show-images/regfile
ERROR - 2020-05-25 06:40:31 --> 404 Page Not Found: Show-images/signature
ERROR - 2020-05-25 06:40:31 --> 404 Page Not Found: Show-images/seal
INFO - 2020-05-25 06:42:50 --> Config Class Initialized
INFO - 2020-05-25 06:42:50 --> Config Class Initialized
INFO - 2020-05-25 06:42:50 --> Config Class Initialized
INFO - 2020-05-25 06:42:50 --> Hooks Class Initialized
INFO - 2020-05-25 06:42:50 --> Hooks Class Initialized
INFO - 2020-05-25 06:42:50 --> Hooks Class Initialized
DEBUG - 2020-05-25 06:42:50 --> UTF-8 Support Enabled
DEBUG - 2020-05-25 06:42:50 --> UTF-8 Support Enabled
INFO - 2020-05-25 06:42:50 --> Utf8 Class Initialized
INFO - 2020-05-25 06:42:50 --> Utf8 Class Initialized
INFO - 2020-05-25 06:42:50 --> URI Class Initialized
DEBUG - 2020-05-25 06:42:50 --> UTF-8 Support Enabled
INFO - 2020-05-25 06:42:50 --> Utf8 Class Initialized
INFO - 2020-05-25 06:42:50 --> URI Class Initialized
INFO - 2020-05-25 06:42:50 --> Router Class Initialized
INFO - 2020-05-25 06:42:50 --> URI Class Initialized
INFO - 2020-05-25 06:42:50 --> Output Class Initialized
INFO - 2020-05-25 06:42:50 --> Router Class Initialized
INFO - 2020-05-25 06:42:50 --> Router Class Initialized
INFO - 2020-05-25 06:42:50 --> Output Class Initialized
INFO - 2020-05-25 06:42:50 --> Security Class Initialized
DEBUG - 2020-05-25 06:42:50 --> Global POST, GET and COOKIE data sanitized
INFO - 2020-05-25 06:42:50 --> Output Class Initialized
INFO - 2020-05-25 06:42:50 --> Security Class Initialized
INFO - 2020-05-25 06:42:50 --> CSRF cookie sent
DEBUG - 2020-05-25 06:42:50 --> Global POST, GET and COOKIE data sanitized
INFO - 2020-05-25 06:42:50 --> Security Class Initialized
INFO - 2020-05-25 06:42:50 --> Input Class Initialized
INFO - 2020-05-25 06:42:50 --> CSRF cookie sent
DEBUG - 2020-05-25 06:42:50 --> Global POST, GET and COOKIE data sanitized
INFO - 2020-05-25 06:42:50 --> CSRF cookie sent
INFO - 2020-05-25 06:42:50 --> Input Class Initialized
INFO - 2020-05-25 06:42:50 --> Language Class Initialized
INFO - 2020-05-25 06:42:50 --> Input Class Initialized
INFO - 2020-05-25 06:42:50 --> Language Class Initialized
ERROR - 2020-05-25 06:42:50 --> 404 Page Not Found: Show-images/signature
INFO - 2020-05-25 06:42:50 --> Language Class Initialized
ERROR - 2020-05-25 06:42:50 --> 404 Page Not Found: Show-images/regfile
ERROR - 2020-05-25 06:42:50 --> 404 Page Not Found: Show-images/seal
INFO - 2020-05-25 06:42:51 --> Config Class Initialized
INFO - 2020-05-25 06:42:51 --> Config Class Initialized
INFO - 2020-05-25 06:42:51 --> Config Class Initialized
INFO - 2020-05-25 06:42:51 --> Hooks Class Initialized
INFO - 2020-05-25 06:42:51 --> Hooks Class Initialized
INFO - 2020-05-25 06:42:51 --> Hooks Class Initialized
DEBUG - 2020-05-25 06:42:51 --> UTF-8 Support Enabled
DEBUG - 2020-05-25 06:42:51 --> UTF-8 Support Enabled
DEBUG - 2020-05-25 06:42:51 --> UTF-8 Support Enabled
INFO - 2020-05-25 06:42:51 --> Utf8 Class Initialized
INFO - 2020-05-25 06:42:51 --> Utf8 Class Initialized
INFO - 2020-05-25 06:42:51 --> Utf8 Class Initialized
INFO - 2020-05-25 06:42:51 --> URI Class Initialized
INFO - 2020-05-25 06:42:51 --> URI Class Initialized
INFO - 2020-05-25 06:42:51 --> URI Class Initialized
INFO - 2020-05-25 06:42:51 --> Router Class Initialized
INFO - 2020-05-25 06:42:51 --> Router Class Initialized
INFO - 2020-05-25 06:42:51 --> Router Class Initialized
INFO - 2020-05-25 06:42:51 --> Output Class Initialized
INFO - 2020-05-25 06:42:51 --> Output Class Initialized
INFO - 2020-05-25 06:42:51 --> Output Class Initialized
INFO - 2020-05-25 06:42:51 --> Security Class Initialized
INFO - 2020-05-25 06:42:51 --> Security Class Initialized
INFO - 2020-05-25 06:42:51 --> Security Class Initialized
DEBUG - 2020-05-25 06:42:51 --> Global POST, GET and COOKIE data sanitized
DEBUG - 2020-05-25 06:42:51 --> Global POST, GET and COOKIE data sanitized
DEBUG - 2020-05-25 06:42:51 --> Global POST, GET and COOKIE data sanitized
INFO - 2020-05-25 06:42:51 --> CSRF cookie sent
INFO - 2020-05-25 06:42:51 --> CSRF cookie sent
INFO - 2020-05-25 06:42:51 --> CSRF cookie sent
INFO - 2020-05-25 06:42:51 --> Input Class Initialized
INFO - 2020-05-25 06:42:51 --> Input Class Initialized
INFO - 2020-05-25 06:42:51 --> Input Class Initialized
INFO - 2020-05-25 06:42:51 --> Language Class Initialized
INFO - 2020-05-25 06:42:51 --> Language Class Initialized
INFO - 2020-05-25 06:42:51 --> Language Class Initialized
ERROR - 2020-05-25 06:42:51 --> 404 Page Not Found: Show-images/signature
ERROR - 2020-05-25 06:42:51 --> 404 Page Not Found: Show-images/regfile
ERROR - 2020-05-25 06:42:51 --> 404 Page Not Found: Show-images/seal
INFO - 2020-05-25 06:45:32 --> Config Class Initialized
INFO - 2020-05-25 06:45:32 --> Config Class Initialized
INFO - 2020-05-25 06:45:32 --> Hooks Class Initialized
INFO - 2020-05-25 06:45:32 --> Config Class Initialized
INFO - 2020-05-25 06:45:32 --> Hooks Class Initialized
INFO - 2020-05-25 06:45:32 --> Hooks Class Initialized
DEBUG - 2020-05-25 06:45:32 --> UTF-8 Support Enabled
INFO - 2020-05-25 06:45:32 --> Utf8 Class Initialized
DEBUG - 2020-05-25 06:45:32 --> UTF-8 Support Enabled
DEBUG - 2020-05-25 06:45:32 --> UTF-8 Support Enabled
INFO - 2020-05-25 06:45:32 --> Utf8 Class Initialized
INFO - 2020-05-25 06:45:32 --> Utf8 Class Initialized
INFO - 2020-05-25 06:45:32 --> URI Class Initialized
INFO - 2020-05-25 06:45:32 --> URI Class Initialized
INFO - 2020-05-25 06:45:32 --> URI Class Initialized
INFO - 2020-05-25 06:45:32 --> Router Class Initialized
INFO - 2020-05-25 06:45:32 --> Router Class Initialized
INFO - 2020-05-25 06:45:32 --> Router Class Initialized
INFO - 2020-05-25 06:45:32 --> Output Class Initialized
INFO - 2020-05-25 06:45:32 --> Output Class Initialized
INFO - 2020-05-25 06:45:32 --> Output Class Initialized
INFO - 2020-05-25 06:45:32 --> Security Class Initialized
INFO - 2020-05-25 06:45:32 --> Security Class Initialized
DEBUG - 2020-05-25 06:45:32 --> Global POST, GET and COOKIE data sanitized
INFO - 2020-05-25 06:45:32 --> Security Class Initialized
INFO - 2020-05-25 06:45:32 --> CSRF cookie sent
DEBUG - 2020-05-25 06:45:32 --> Global POST, GET and COOKIE data sanitized
DEBUG - 2020-05-25 06:45:32 --> Global POST, GET and COOKIE data sanitized
INFO - 2020-05-25 06:45:32 --> CSRF cookie sent
INFO - 2020-05-25 06:45:32 --> CSRF cookie sent
INFO - 2020-05-25 06:45:32 --> Input Class Initialized
INFO - 2020-05-25 06:45:32 --> Input Class Initialized
INFO - 2020-05-25 06:45:32 --> Input Class Initialized
INFO - 2020-05-25 06:45:32 --> Language Class Initialized
INFO - 2020-05-25 06:45:32 --> Language Class Initialized
INFO - 2020-05-25 06:45:32 --> Language Class Initialized
ERROR - 2020-05-25 06:45:32 --> 404 Page Not Found: Show-images/regfile
ERROR - 2020-05-25 06:45:32 --> 404 Page Not Found: Show-images/signature
ERROR - 2020-05-25 06:45:32 --> 404 Page Not Found: Show-images/seal
INFO - 2020-05-25 06:45:33 --> Config Class Initialized
INFO - 2020-05-25 06:45:33 --> Config Class Initialized
INFO - 2020-05-25 06:45:33 --> Config Class Initialized
INFO - 2020-05-25 06:45:33 --> Hooks Class Initialized
INFO - 2020-05-25 06:45:33 --> Hooks Class Initialized
INFO - 2020-05-25 06:45:33 --> Hooks Class Initialized
DEBUG - 2020-05-25 06:45:33 --> UTF-8 Support Enabled
DEBUG - 2020-05-25 06:45:33 --> UTF-8 Support Enabled
DEBUG - 2020-05-25 06:45:33 --> UTF-8 Support Enabled
INFO - 2020-05-25 06:45:33 --> Utf8 Class Initialized
INFO - 2020-05-25 06:45:33 --> Utf8 Class Initialized
INFO - 2020-05-25 06:45:33 --> Utf8 Class Initialized
INFO - 2020-05-25 06:45:33 --> URI Class Initialized
INFO - 2020-05-25 06:45:33 --> URI Class Initialized
INFO - 2020-05-25 06:45:33 --> URI Class Initialized
INFO - 2020-05-25 06:45:33 --> Router Class Initialized
INFO - 2020-05-25 06:45:33 --> Router Class Initialized
INFO - 2020-05-25 06:45:33 --> Router Class Initialized
INFO - 2020-05-25 06:45:33 --> Output Class Initialized
INFO - 2020-05-25 06:45:33 --> Output Class Initialized
INFO - 2020-05-25 06:45:33 --> Output Class Initialized
INFO - 2020-05-25 06:45:33 --> Security Class Initialized
INFO - 2020-05-25 06:45:33 --> Security Class Initialized
INFO - 2020-05-25 06:45:33 --> Security Class Initialized
DEBUG - 2020-05-25 06:45:33 --> Global POST, GET and COOKIE data sanitized
DEBUG - 2020-05-25 06:45:33 --> Global POST, GET and COOKIE data sanitized
DEBUG - 2020-05-25 06:45:33 --> Global POST, GET and COOKIE data sanitized
INFO - 2020-05-25 06:45:33 --> CSRF cookie sent
INFO - 2020-05-25 06:45:33 --> CSRF cookie sent
INFO - 2020-05-25 06:45:33 --> CSRF cookie sent
INFO - 2020-05-25 06:45:33 --> Input Class Initialized
INFO - 2020-05-25 06:45:33 --> Input Class Initialized
INFO - 2020-05-25 06:45:33 --> Input Class Initialized
INFO - 2020-05-25 06:45:33 --> Language Class Initialized
INFO - 2020-05-25 06:45:33 --> Language Class Initialized
INFO - 2020-05-25 06:45:33 --> Language Class Initialized
ERROR - 2020-05-25 06:45:33 --> 404 Page Not Found: Show-images/regfile
ERROR - 2020-05-25 06:45:33 --> 404 Page Not Found: Show-images/seal
ERROR - 2020-05-25 06:45:33 --> 404 Page Not Found: Show-images/signature
INFO - 2020-05-25 06:45:58 --> Config Class Initialized
INFO - 2020-05-25 06:45:58 --> Config Class Initialized
INFO - 2020-05-25 06:45:58 --> Hooks Class Initialized
INFO - 2020-05-25 06:45:58 --> Hooks Class Initialized
DEBUG - 2020-05-25 06:45:58 --> UTF-8 Support Enabled
DEBUG - 2020-05-25 06:45:58 --> UTF-8 Support Enabled
INFO - 2020-05-25 06:45:58 --> Config Class Initialized
INFO - 2020-05-25 06:45:58 --> Hooks Class Initialized
INFO - 2020-05-25 06:45:58 --> Utf8 Class Initialized
INFO - 2020-05-25 06:45:58 --> Utf8 Class Initialized
INFO - 2020-05-25 06:45:58 --> URI Class Initialized
INFO - 2020-05-25 06:45:58 --> URI Class Initialized
DEBUG - 2020-05-25 06:45:58 --> UTF-8 Support Enabled
INFO - 2020-05-25 06:45:58 --> Utf8 Class Initialized
INFO - 2020-05-25 06:45:58 --> Router Class Initialized
INFO - 2020-05-25 06:45:58 --> Router Class Initialized
INFO - 2020-05-25 06:45:58 --> URI Class Initialized
INFO - 2020-05-25 06:45:58 --> Output Class Initialized
INFO - 2020-05-25 06:45:58 --> Security Class Initialized
INFO - 2020-05-25 06:45:58 --> Router Class Initialized
INFO - 2020-05-25 06:45:58 --> Output Class Initialized
DEBUG - 2020-05-25 06:45:58 --> Global POST, GET and COOKIE data sanitized
INFO - 2020-05-25 06:45:58 --> Output Class Initialized
INFO - 2020-05-25 06:45:58 --> Security Class Initialized
INFO - 2020-05-25 06:45:59 --> CSRF cookie sent
INFO - 2020-05-25 06:45:59 --> Security Class Initialized
DEBUG - 2020-05-25 06:45:59 --> Global POST, GET and COOKIE data sanitized
INFO - 2020-05-25 06:45:59 --> CSRF cookie sent
DEBUG - 2020-05-25 06:45:59 --> Global POST, GET and COOKIE data sanitized
INFO - 2020-05-25 06:45:59 --> Input Class Initialized
INFO - 2020-05-25 06:45:59 --> CSRF cookie sent
INFO - 2020-05-25 06:45:59 --> Input Class Initialized
INFO - 2020-05-25 06:45:59 --> Language Class Initialized
INFO - 2020-05-25 06:45:59 --> Input Class Initialized
INFO - 2020-05-25 06:45:59 --> Language Class Initialized
ERROR - 2020-05-25 06:45:59 --> 404 Page Not Found: Show-images/regfile
INFO - 2020-05-25 06:45:59 --> Language Class Initialized
ERROR - 2020-05-25 06:45:59 --> 404 Page Not Found: Show-images/signature
ERROR - 2020-05-25 06:45:59 --> 404 Page Not Found: Show-images/seal
INFO - 2020-05-25 06:46:00 --> Config Class Initialized
INFO - 2020-05-25 06:46:00 --> Config Class Initialized
INFO - 2020-05-25 06:46:00 --> Config Class Initialized
INFO - 2020-05-25 06:46:00 --> Hooks Class Initialized
INFO - 2020-05-25 06:46:00 --> Hooks Class Initialized
INFO - 2020-05-25 06:46:00 --> Hooks Class Initialized
DEBUG - 2020-05-25 06:46:00 --> UTF-8 Support Enabled
DEBUG - 2020-05-25 06:46:00 --> UTF-8 Support Enabled
DEBUG - 2020-05-25 06:46:00 --> UTF-8 Support Enabled
INFO - 2020-05-25 06:46:00 --> Utf8 Class Initialized
INFO - 2020-05-25 06:46:00 --> Utf8 Class Initialized
INFO - 2020-05-25 06:46:00 --> Utf8 Class Initialized
INFO - 2020-05-25 06:46:00 --> URI Class Initialized
INFO - 2020-05-25 06:46:00 --> URI Class Initialized
INFO - 2020-05-25 06:46:00 --> URI Class Initialized
INFO - 2020-05-25 06:46:00 --> Router Class Initialized
INFO - 2020-05-25 06:46:00 --> Router Class Initialized
INFO - 2020-05-25 06:46:00 --> Router Class Initialized
INFO - 2020-05-25 06:46:00 --> Output Class Initialized
INFO - 2020-05-25 06:46:00 --> Output Class Initialized
INFO - 2020-05-25 06:46:00 --> Output Class Initialized
INFO - 2020-05-25 06:46:00 --> Security Class Initialized
INFO - 2020-05-25 06:46:00 --> Security Class Initialized
DEBUG - 2020-05-25 06:46:00 --> Global POST, GET and COOKIE data sanitized
INFO - 2020-05-25 06:46:00 --> Security Class Initialized
INFO - 2020-05-25 06:46:00 --> CSRF cookie sent
DEBUG - 2020-05-25 06:46:00 --> Global POST, GET and COOKIE data sanitized
DEBUG - 2020-05-25 06:46:00 --> Global POST, GET and COOKIE data sanitized
INFO - 2020-05-25 06:46:00 --> CSRF cookie sent
INFO - 2020-05-25 06:46:00 --> Input Class Initialized
INFO - 2020-05-25 06:46:00 --> CSRF cookie sent
INFO - 2020-05-25 06:46:00 --> Input Class Initialized
INFO - 2020-05-25 06:46:00 --> Input Class Initialized
INFO - 2020-05-25 06:46:00 --> Language Class Initialized
INFO - 2020-05-25 06:46:00 --> Language Class Initialized
INFO - 2020-05-25 06:46:00 --> Language Class Initialized
ERROR - 2020-05-25 06:46:00 --> 404 Page Not Found: Show-images/seal
ERROR - 2020-05-25 06:46:00 --> 404 Page Not Found: Show-images/signature
ERROR - 2020-05-25 06:46:00 --> 404 Page Not Found: Show-images/regfile
INFO - 2020-05-25 06:46:28 --> Config Class Initialized
INFO - 2020-05-25 06:46:28 --> Hooks Class Initialized
INFO - 2020-05-25 06:46:28 --> Config Class Initialized
INFO - 2020-05-25 06:46:28 --> Hooks Class Initialized
INFO - 2020-05-25 06:46:28 --> Config Class Initialized
DEBUG - 2020-05-25 06:46:28 --> UTF-8 Support Enabled
INFO - 2020-05-25 06:46:28 --> Utf8 Class Initialized
DEBUG - 2020-05-25 06:46:28 --> UTF-8 Support Enabled
INFO - 2020-05-25 06:46:28 --> Hooks Class Initialized
INFO - 2020-05-25 06:46:28 --> Utf8 Class Initialized
INFO - 2020-05-25 06:46:28 --> URI Class Initialized
DEBUG - 2020-05-25 06:46:28 --> UTF-8 Support Enabled
INFO - 2020-05-25 06:46:28 --> Utf8 Class Initialized
INFO - 2020-05-25 06:46:28 --> URI Class Initialized
INFO - 2020-05-25 06:46:28 --> Router Class Initialized
INFO - 2020-05-25 06:46:28 --> Router Class Initialized
INFO - 2020-05-25 06:46:28 --> URI Class Initialized
INFO - 2020-05-25 06:46:28 --> Output Class Initialized
INFO - 2020-05-25 06:46:28 --> Output Class Initialized
INFO - 2020-05-25 06:46:28 --> Router Class Initialized
INFO - 2020-05-25 06:46:28 --> Security Class Initialized
INFO - 2020-05-25 06:46:28 --> Security Class Initialized
INFO - 2020-05-25 06:46:28 --> Output Class Initialized
DEBUG - 2020-05-25 06:46:28 --> Global POST, GET and COOKIE data sanitized
INFO - 2020-05-25 06:46:28 --> CSRF cookie sent
DEBUG - 2020-05-25 06:46:28 --> Global POST, GET and COOKIE data sanitized
INFO - 2020-05-25 06:46:28 --> Security Class Initialized
INFO - 2020-05-25 06:46:29 --> Input Class Initialized
DEBUG - 2020-05-25 06:46:29 --> Global POST, GET and COOKIE data sanitized
INFO - 2020-05-25 06:46:29 --> CSRF cookie sent
INFO - 2020-05-25 06:46:29 --> CSRF cookie sent
INFO - 2020-05-25 06:46:29 --> Language Class Initialized
INFO - 2020-05-25 06:46:29 --> Input Class Initialized
INFO - 2020-05-25 06:46:29 --> Input Class Initialized
ERROR - 2020-05-25 06:46:29 --> 404 Page Not Found: Show-images/regfile
INFO - 2020-05-25 06:46:29 --> Language Class Initialized
INFO - 2020-05-25 06:46:29 --> Language Class Initialized
ERROR - 2020-05-25 06:46:29 --> 404 Page Not Found: Show-images/signature
ERROR - 2020-05-25 06:46:29 --> 404 Page Not Found: Show-images/seal
INFO - 2020-05-25 06:46:29 --> Config Class Initialized
INFO - 2020-05-25 06:46:29 --> Config Class Initialized
INFO - 2020-05-25 06:46:29 --> Config Class Initialized
INFO - 2020-05-25 06:46:29 --> Hooks Class Initialized
INFO - 2020-05-25 06:46:29 --> Hooks Class Initialized
INFO - 2020-05-25 06:46:29 --> Hooks Class Initialized
DEBUG - 2020-05-25 06:46:29 --> UTF-8 Support Enabled
DEBUG - 2020-05-25 06:46:29 --> UTF-8 Support Enabled
DEBUG - 2020-05-25 06:46:29 --> UTF-8 Support Enabled
INFO - 2020-05-25 06:46:29 --> Utf8 Class Initialized
INFO - 2020-05-25 06:46:29 --> Utf8 Class Initialized
INFO - 2020-05-25 06:46:29 --> Utf8 Class Initialized
INFO - 2020-05-25 06:46:29 --> URI Class Initialized
INFO - 2020-05-25 06:46:29 --> URI Class Initialized
INFO - 2020-05-25 06:46:29 --> URI Class Initialized
INFO - 2020-05-25 06:46:29 --> Router Class Initialized
INFO - 2020-05-25 06:46:29 --> Router Class Initialized
INFO - 2020-05-25 06:46:29 --> Router Class Initialized
INFO - 2020-05-25 06:46:29 --> Output Class Initialized
INFO - 2020-05-25 06:46:29 --> Output Class Initialized
INFO - 2020-05-25 06:46:29 --> Output Class Initialized
INFO - 2020-05-25 06:46:29 --> Security Class Initialized
INFO - 2020-05-25 06:46:29 --> Security Class Initialized
INFO - 2020-05-25 06:46:29 --> Security Class Initialized
DEBUG - 2020-05-25 06:46:29 --> Global POST, GET and COOKIE data sanitized
DEBUG - 2020-05-25 06:46:29 --> Global POST, GET and COOKIE data sanitized
DEBUG - 2020-05-25 06:46:29 --> Global POST, GET and COOKIE data sanitized
INFO - 2020-05-25 06:46:29 --> CSRF cookie sent
INFO - 2020-05-25 06:46:29 --> CSRF cookie sent
INFO - 2020-05-25 06:46:29 --> CSRF cookie sent
INFO - 2020-05-25 06:46:29 --> Input Class Initialized
INFO - 2020-05-25 06:46:29 --> Input Class Initialized
INFO - 2020-05-25 06:46:29 --> Input Class Initialized
INFO - 2020-05-25 06:46:29 --> Language Class Initialized
INFO - 2020-05-25 06:46:29 --> Language Class Initialized
INFO - 2020-05-25 06:46:29 --> Language Class Initialized
ERROR - 2020-05-25 06:46:29 --> 404 Page Not Found: Show-images/signature
ERROR - 2020-05-25 06:46:29 --> 404 Page Not Found: Show-images/seal
ERROR - 2020-05-25 06:46:29 --> 404 Page Not Found: Show-images/regfile
INFO - 2020-05-25 06:49:55 --> Config Class Initialized
INFO - 2020-05-25 06:49:55 --> Config Class Initialized
INFO - 2020-05-25 06:49:55 --> Config Class Initialized
INFO - 2020-05-25 06:49:55 --> Hooks Class Initialized
INFO - 2020-05-25 06:49:55 --> Hooks Class Initialized
INFO - 2020-05-25 06:49:55 --> Hooks Class Initialized
DEBUG - 2020-05-25 06:49:55 --> UTF-8 Support Enabled
DEBUG - 2020-05-25 06:49:55 --> UTF-8 Support Enabled
DEBUG - 2020-05-25 06:49:55 --> UTF-8 Support Enabled
INFO - 2020-05-25 06:49:55 --> Utf8 Class Initialized
INFO - 2020-05-25 06:49:55 --> Utf8 Class Initialized
INFO - 2020-05-25 06:49:55 --> Utf8 Class Initialized
INFO - 2020-05-25 06:49:55 --> URI Class Initialized
INFO - 2020-05-25 06:49:55 --> URI Class Initialized
INFO - 2020-05-25 06:49:55 --> URI Class Initialized
INFO - 2020-05-25 06:49:55 --> Router Class Initialized
INFO - 2020-05-25 06:49:55 --> Router Class Initialized
INFO - 2020-05-25 06:49:55 --> Router Class Initialized
INFO - 2020-05-25 06:49:55 --> Output Class Initialized
INFO - 2020-05-25 06:49:55 --> Output Class Initialized
INFO - 2020-05-25 06:49:55 --> Output Class Initialized
INFO - 2020-05-25 06:49:55 --> Security Class Initialized
INFO - 2020-05-25 06:49:55 --> Security Class Initialized
INFO - 2020-05-25 06:49:55 --> Security Class Initialized
DEBUG - 2020-05-25 06:49:55 --> Global POST, GET and COOKIE data sanitized
DEBUG - 2020-05-25 06:49:55 --> Global POST, GET and COOKIE data sanitized
DEBUG - 2020-05-25 06:49:55 --> Global POST, GET and COOKIE data sanitized
INFO - 2020-05-25 06:49:55 --> CSRF cookie sent
INFO - 2020-05-25 06:49:55 --> CSRF cookie sent
INFO - 2020-05-25 06:49:55 --> CSRF cookie sent
INFO - 2020-05-25 06:49:55 --> Input Class Initialized
INFO - 2020-05-25 06:49:55 --> Input Class Initialized
INFO - 2020-05-25 06:49:55 --> Input Class Initialized
INFO - 2020-05-25 06:49:55 --> Language Class Initialized
INFO - 2020-05-25 06:49:55 --> Language Class Initialized
INFO - 2020-05-25 06:49:55 --> Language Class Initialized
ERROR - 2020-05-25 06:49:55 --> 404 Page Not Found: Show-images/signature
ERROR - 2020-05-25 06:49:55 --> 404 Page Not Found: Show-images/regfile
ERROR - 2020-05-25 06:49:55 --> 404 Page Not Found: Show-images/seal
INFO - 2020-05-25 06:49:56 --> Config Class Initialized
INFO - 2020-05-25 06:49:56 --> Config Class Initialized
INFO - 2020-05-25 06:49:56 --> Config Class Initialized
INFO - 2020-05-25 06:49:56 --> Hooks Class Initialized
INFO - 2020-05-25 06:49:56 --> Hooks Class Initialized
INFO - 2020-05-25 06:49:56 --> Hooks Class Initialized
DEBUG - 2020-05-25 06:49:56 --> UTF-8 Support Enabled
DEBUG - 2020-05-25 06:49:56 --> UTF-8 Support Enabled
DEBUG - 2020-05-25 06:49:56 --> UTF-8 Support Enabled
INFO - 2020-05-25 06:49:56 --> Utf8 Class Initialized
INFO - 2020-05-25 06:49:56 --> Utf8 Class Initialized
INFO - 2020-05-25 06:49:56 --> Utf8 Class Initialized
INFO - 2020-05-25 06:49:56 --> URI Class Initialized
INFO - 2020-05-25 06:49:56 --> URI Class Initialized
INFO - 2020-05-25 06:49:56 --> URI Class Initialized
INFO - 2020-05-25 06:49:56 --> Router Class Initialized
INFO - 2020-05-25 06:49:56 --> Router Class Initialized
INFO - 2020-05-25 06:49:56 --> Router Class Initialized
INFO - 2020-05-25 06:49:56 --> Output Class Initialized
INFO - 2020-05-25 06:49:56 --> Output Class Initialized
INFO - 2020-05-25 06:49:56 --> Output Class Initialized
INFO - 2020-05-25 06:49:56 --> Security Class Initialized
INFO - 2020-05-25 06:49:56 --> Security Class Initialized
INFO - 2020-05-25 06:49:56 --> Security Class Initialized
DEBUG - 2020-05-25 06:49:56 --> Global POST, GET and COOKIE data sanitized
DEBUG - 2020-05-25 06:49:56 --> Global POST, GET and COOKIE data sanitized
DEBUG - 2020-05-25 06:49:56 --> Global POST, GET and COOKIE data sanitized
INFO - 2020-05-25 06:49:56 --> CSRF cookie sent
INFO - 2020-05-25 06:49:56 --> CSRF cookie sent
INFO - 2020-05-25 06:49:56 --> CSRF cookie sent
INFO - 2020-05-25 06:49:56 --> Input Class Initialized
INFO - 2020-05-25 06:49:56 --> Input Class Initialized
INFO - 2020-05-25 06:49:56 --> Input Class Initialized
INFO - 2020-05-25 06:49:56 --> Language Class Initialized
INFO - 2020-05-25 06:49:56 --> Language Class Initialized
INFO - 2020-05-25 06:49:56 --> Language Class Initialized
ERROR - 2020-05-25 06:49:56 --> 404 Page Not Found: Show-images/signature
ERROR - 2020-05-25 06:49:56 --> 404 Page Not Found: Show-images/regfile
ERROR - 2020-05-25 06:49:56 --> 404 Page Not Found: Show-images/seal
INFO - 2020-05-25 06:50:55 --> Config Class Initialized
INFO - 2020-05-25 06:50:55 --> Hooks Class Initialized
INFO - 2020-05-25 06:50:55 --> Config Class Initialized
DEBUG - 2020-05-25 06:50:55 --> UTF-8 Support Enabled
INFO - 2020-05-25 06:50:55 --> Config Class Initialized
INFO - 2020-05-25 06:50:55 --> Utf8 Class Initialized
INFO - 2020-05-25 06:50:55 --> Hooks Class Initialized
INFO - 2020-05-25 06:50:55 --> Hooks Class Initialized
INFO - 2020-05-25 06:50:55 --> URI Class Initialized
DEBUG - 2020-05-25 06:50:55 --> UTF-8 Support Enabled
INFO - 2020-05-25 06:50:55 --> Utf8 Class Initialized
INFO - 2020-05-25 06:50:55 --> Router Class Initialized
DEBUG - 2020-05-25 06:50:55 --> UTF-8 Support Enabled
INFO - 2020-05-25 06:50:55 --> Utf8 Class Initialized
INFO - 2020-05-25 06:50:55 --> URI Class Initialized
INFO - 2020-05-25 06:50:55 --> Output Class Initialized
INFO - 2020-05-25 06:50:55 --> URI Class Initialized
INFO - 2020-05-25 06:50:55 --> Security Class Initialized
INFO - 2020-05-25 06:50:55 --> Router Class Initialized
DEBUG - 2020-05-25 06:50:55 --> Global POST, GET and COOKIE data sanitized
INFO - 2020-05-25 06:50:55 --> Output Class Initialized
INFO - 2020-05-25 06:50:55 --> Router Class Initialized
INFO - 2020-05-25 06:50:55 --> CSRF cookie sent
INFO - 2020-05-25 06:50:55 --> Output Class Initialized
INFO - 2020-05-25 06:50:55 --> Security Class Initialized
INFO - 2020-05-25 06:50:55 --> Input Class Initialized
INFO - 2020-05-25 06:50:55 --> Security Class Initialized
INFO - 2020-05-25 06:50:55 --> Language Class Initialized
DEBUG - 2020-05-25 06:50:55 --> Global POST, GET and COOKIE data sanitized
DEBUG - 2020-05-25 06:50:55 --> Global POST, GET and COOKIE data sanitized
INFO - 2020-05-25 06:50:55 --> CSRF cookie sent
ERROR - 2020-05-25 06:50:55 --> 404 Page Not Found: Show-images/regfile
INFO - 2020-05-25 06:50:55 --> Input Class Initialized
INFO - 2020-05-25 06:50:55 --> Language Class Initialized
ERROR - 2020-05-25 06:50:55 --> 404 Page Not Found: Show-images/seal
INFO - 2020-05-25 06:50:55 --> CSRF cookie sent
INFO - 2020-05-25 06:50:55 --> Input Class Initialized
INFO - 2020-05-25 06:50:55 --> Language Class Initialized
ERROR - 2020-05-25 06:50:55 --> 404 Page Not Found: Show-images/signature
INFO - 2020-05-25 06:50:56 --> Config Class Initialized
INFO - 2020-05-25 06:50:56 --> Config Class Initialized
INFO - 2020-05-25 06:50:56 --> Config Class Initialized
INFO - 2020-05-25 06:50:56 --> Hooks Class Initialized
INFO - 2020-05-25 06:50:56 --> Hooks Class Initialized
INFO - 2020-05-25 06:50:56 --> Hooks Class Initialized
DEBUG - 2020-05-25 06:50:56 --> UTF-8 Support Enabled
DEBUG - 2020-05-25 06:50:56 --> UTF-8 Support Enabled
INFO - 2020-05-25 06:50:56 --> Utf8 Class Initialized
INFO - 2020-05-25 06:50:56 --> Utf8 Class Initialized
DEBUG - 2020-05-25 06:50:56 --> UTF-8 Support Enabled
INFO - 2020-05-25 06:50:56 --> Utf8 Class Initialized
INFO - 2020-05-25 06:50:56 --> URI Class Initialized
INFO - 2020-05-25 06:50:56 --> URI Class Initialized
INFO - 2020-05-25 06:50:56 --> URI Class Initialized
INFO - 2020-05-25 06:50:56 --> Router Class Initialized
INFO - 2020-05-25 06:50:56 --> Router Class Initialized
INFO - 2020-05-25 06:50:56 --> Router Class Initialized
INFO - 2020-05-25 06:50:56 --> Output Class Initialized
INFO - 2020-05-25 06:50:56 --> Output Class Initialized
INFO - 2020-05-25 06:50:56 --> Security Class Initialized
INFO - 2020-05-25 06:50:56 --> Security Class Initialized
INFO - 2020-05-25 06:50:56 --> Output Class Initialized
DEBUG - 2020-05-25 06:50:56 --> Global POST, GET and COOKIE data sanitized
DEBUG - 2020-05-25 06:50:56 --> Global POST, GET and COOKIE data sanitized
INFO - 2020-05-25 06:50:56 --> Security Class Initialized
INFO - 2020-05-25 06:50:56 --> CSRF cookie sent
INFO - 2020-05-25 06:50:56 --> CSRF cookie sent
DEBUG - 2020-05-25 06:50:56 --> Global POST, GET and COOKIE data sanitized
INFO - 2020-05-25 06:50:56 --> Input Class Initialized
INFO - 2020-05-25 06:50:56 --> CSRF cookie sent
INFO - 2020-05-25 06:50:56 --> Input Class Initialized
INFO - 2020-05-25 06:50:56 --> Input Class Initialized
INFO - 2020-05-25 06:50:56 --> Language Class Initialized
INFO - 2020-05-25 06:50:56 --> Language Class Initialized
INFO - 2020-05-25 06:50:56 --> Language Class Initialized
ERROR - 2020-05-25 06:50:56 --> 404 Page Not Found: Show-images/regfile
ERROR - 2020-05-25 06:50:56 --> 404 Page Not Found: Show-images/seal
ERROR - 2020-05-25 06:50:56 --> 404 Page Not Found: Show-images/signature
INFO - 2020-05-25 06:52:38 --> Config Class Initialized
INFO - 2020-05-25 06:52:38 --> Config Class Initialized
INFO - 2020-05-25 06:52:38 --> Config Class Initialized
INFO - 2020-05-25 06:52:38 --> Hooks Class Initialized
INFO - 2020-05-25 06:52:38 --> Hooks Class Initialized
INFO - 2020-05-25 06:52:38 --> Hooks Class Initialized
DEBUG - 2020-05-25 06:52:38 --> UTF-8 Support Enabled
DEBUG - 2020-05-25 06:52:38 --> UTF-8 Support Enabled
DEBUG - 2020-05-25 06:52:38 --> UTF-8 Support Enabled
INFO - 2020-05-25 06:52:38 --> Utf8 Class Initialized
INFO - 2020-05-25 06:52:38 --> Utf8 Class Initialized
INFO - 2020-05-25 06:52:38 --> Utf8 Class Initialized
INFO - 2020-05-25 06:52:38 --> URI Class Initialized
INFO - 2020-05-25 06:52:38 --> URI Class Initialized
INFO - 2020-05-25 06:52:38 --> URI Class Initialized
INFO - 2020-05-25 06:52:38 --> Router Class Initialized
INFO - 2020-05-25 06:52:38 --> Router Class Initialized
INFO - 2020-05-25 06:52:38 --> Router Class Initialized
INFO - 2020-05-25 06:52:38 --> Output Class Initialized
INFO - 2020-05-25 06:52:38 --> Output Class Initialized
INFO - 2020-05-25 06:52:38 --> Output Class Initialized
INFO - 2020-05-25 06:52:38 --> Security Class Initialized
INFO - 2020-05-25 06:52:38 --> Security Class Initialized
INFO - 2020-05-25 06:52:38 --> Security Class Initialized
DEBUG - 2020-05-25 06:52:38 --> Global POST, GET and COOKIE data sanitized
DEBUG - 2020-05-25 06:52:38 --> Global POST, GET and COOKIE data sanitized
DEBUG - 2020-05-25 06:52:38 --> Global POST, GET and COOKIE data sanitized
INFO - 2020-05-25 06:52:38 --> CSRF cookie sent
INFO - 2020-05-25 06:52:38 --> CSRF cookie sent
INFO - 2020-05-25 06:52:38 --> CSRF cookie sent
INFO - 2020-05-25 06:52:38 --> Input Class Initialized
INFO - 2020-05-25 06:52:38 --> Input Class Initialized
INFO - 2020-05-25 06:52:38 --> Input Class Initialized
INFO - 2020-05-25 06:52:38 --> Language Class Initialized
INFO - 2020-05-25 06:52:38 --> Language Class Initialized
INFO - 2020-05-25 06:52:38 --> Language Class Initialized
ERROR - 2020-05-25 06:52:38 --> 404 Page Not Found: Show-images/signature
ERROR - 2020-05-25 06:52:38 --> 404 Page Not Found: Show-images/seal
ERROR - 2020-05-25 06:52:38 --> 404 Page Not Found: Show-images/regfile
INFO - 2020-05-25 06:52:38 --> Config Class Initialized
INFO - 2020-05-25 06:52:38 --> Config Class Initialized
INFO - 2020-05-25 06:52:38 --> Config Class Initialized
INFO - 2020-05-25 06:52:38 --> Hooks Class Initialized
INFO - 2020-05-25 06:52:38 --> Hooks Class Initialized
INFO - 2020-05-25 06:52:38 --> Hooks Class Initialized
DEBUG - 2020-05-25 06:52:38 --> UTF-8 Support Enabled
DEBUG - 2020-05-25 06:52:38 --> UTF-8 Support Enabled
DEBUG - 2020-05-25 06:52:38 --> UTF-8 Support Enabled
INFO - 2020-05-25 06:52:38 --> Utf8 Class Initialized
INFO - 2020-05-25 06:52:38 --> Utf8 Class Initialized
INFO - 2020-05-25 06:52:38 --> Utf8 Class Initialized
INFO - 2020-05-25 06:52:38 --> URI Class Initialized
INFO - 2020-05-25 06:52:38 --> URI Class Initialized
INFO - 2020-05-25 06:52:38 --> URI Class Initialized
INFO - 2020-05-25 06:52:38 --> Router Class Initialized
INFO - 2020-05-25 06:52:38 --> Router Class Initialized
INFO - 2020-05-25 06:52:38 --> Router Class Initialized
INFO - 2020-05-25 06:52:38 --> Output Class Initialized
INFO - 2020-05-25 06:52:38 --> Output Class Initialized
INFO - 2020-05-25 06:52:38 --> Output Class Initialized
INFO - 2020-05-25 06:52:38 --> Security Class Initialized
INFO - 2020-05-25 06:52:38 --> Security Class Initialized
INFO - 2020-05-25 06:52:38 --> Security Class Initialized
DEBUG - 2020-05-25 06:52:38 --> Global POST, GET and COOKIE data sanitized
DEBUG - 2020-05-25 06:52:38 --> Global POST, GET and COOKIE data sanitized
DEBUG - 2020-05-25 06:52:38 --> Global POST, GET and COOKIE data sanitized
INFO - 2020-05-25 06:52:38 --> CSRF cookie sent
INFO - 2020-05-25 06:52:38 --> CSRF cookie sent
INFO - 2020-05-25 06:52:38 --> CSRF cookie sent
INFO - 2020-05-25 06:52:38 --> Input Class Initialized
INFO - 2020-05-25 06:52:38 --> Input Class Initialized
INFO - 2020-05-25 06:52:38 --> Input Class Initialized
INFO - 2020-05-25 06:52:38 --> Language Class Initialized
INFO - 2020-05-25 06:52:38 --> Language Class Initialized
INFO - 2020-05-25 06:52:38 --> Language Class Initialized
ERROR - 2020-05-25 06:52:39 --> 404 Page Not Found: Show-images/regfile
ERROR - 2020-05-25 06:52:39 --> 404 Page Not Found: Show-images/signature
ERROR - 2020-05-25 06:52:39 --> 404 Page Not Found: Show-images/seal
INFO - 2020-05-25 06:52:53 --> Config Class Initialized
INFO - 2020-05-25 06:52:53 --> Hooks Class Initialized
INFO - 2020-05-25 06:52:53 --> Config Class Initialized
INFO - 2020-05-25 06:52:53 --> Hooks Class Initialized
DEBUG - 2020-05-25 06:52:53 --> UTF-8 Support Enabled
DEBUG - 2020-05-25 06:52:53 --> UTF-8 Support Enabled
INFO - 2020-05-25 06:52:53 --> Config Class Initialized
INFO - 2020-05-25 06:52:53 --> Utf8 Class Initialized
INFO - 2020-05-25 06:52:53 --> Utf8 Class Initialized
INFO - 2020-05-25 06:52:53 --> Hooks Class Initialized
INFO - 2020-05-25 06:52:53 --> URI Class Initialized
INFO - 2020-05-25 06:52:53 --> URI Class Initialized
DEBUG - 2020-05-25 06:52:53 --> UTF-8 Support Enabled
INFO - 2020-05-25 06:52:53 --> Utf8 Class Initialized
INFO - 2020-05-25 06:52:53 --> Router Class Initialized
INFO - 2020-05-25 06:52:53 --> Router Class Initialized
INFO - 2020-05-25 06:52:53 --> URI Class Initialized
INFO - 2020-05-25 06:52:53 --> Output Class Initialized
INFO - 2020-05-25 06:52:53 --> Output Class Initialized
INFO - 2020-05-25 06:52:53 --> Security Class Initialized
INFO - 2020-05-25 06:52:53 --> Security Class Initialized
INFO - 2020-05-25 06:52:53 --> Router Class Initialized
INFO - 2020-05-25 06:52:53 --> Output Class Initialized
DEBUG - 2020-05-25 06:52:53 --> Global POST, GET and COOKIE data sanitized
DEBUG - 2020-05-25 06:52:53 --> Global POST, GET and COOKIE data sanitized
INFO - 2020-05-25 06:52:53 --> CSRF cookie sent
INFO - 2020-05-25 06:52:53 --> CSRF cookie sent
INFO - 2020-05-25 06:52:53 --> Security Class Initialized
INFO - 2020-05-25 06:52:53 --> Input Class Initialized
INFO - 2020-05-25 06:52:53 --> Input Class Initialized
DEBUG - 2020-05-25 06:52:53 --> Global POST, GET and COOKIE data sanitized
INFO - 2020-05-25 06:52:54 --> CSRF cookie sent
INFO - 2020-05-25 06:52:54 --> Language Class Initialized
INFO - 2020-05-25 06:52:54 --> Language Class Initialized
INFO - 2020-05-25 06:52:54 --> Input Class Initialized
INFO - 2020-05-25 06:52:54 --> Language Class Initialized
ERROR - 2020-05-25 06:52:54 --> 404 Page Not Found: Show-images/signature
ERROR - 2020-05-25 06:52:54 --> 404 Page Not Found: Show-images/regfile
ERROR - 2020-05-25 06:52:54 --> 404 Page Not Found: Show-images/seal
INFO - 2020-05-25 06:52:54 --> Config Class Initialized
INFO - 2020-05-25 06:52:54 --> Config Class Initialized
INFO - 2020-05-25 06:52:54 --> Config Class Initialized
INFO - 2020-05-25 06:52:54 --> Hooks Class Initialized
INFO - 2020-05-25 06:52:54 --> Hooks Class Initialized
INFO - 2020-05-25 06:52:54 --> Hooks Class Initialized
DEBUG - 2020-05-25 06:52:54 --> UTF-8 Support Enabled
DEBUG - 2020-05-25 06:52:54 --> UTF-8 Support Enabled
DEBUG - 2020-05-25 06:52:54 --> UTF-8 Support Enabled
INFO - 2020-05-25 06:52:54 --> Utf8 Class Initialized
INFO - 2020-05-25 06:52:54 --> Utf8 Class Initialized
INFO - 2020-05-25 06:52:54 --> Utf8 Class Initialized
INFO - 2020-05-25 06:52:54 --> URI Class Initialized
INFO - 2020-05-25 06:52:54 --> URI Class Initialized
INFO - 2020-05-25 06:52:54 --> URI Class Initialized
INFO - 2020-05-25 06:52:54 --> Router Class Initialized
INFO - 2020-05-25 06:52:54 --> Router Class Initialized
INFO - 2020-05-25 06:52:54 --> Router Class Initialized
INFO - 2020-05-25 06:52:54 --> Output Class Initialized
INFO - 2020-05-25 06:52:54 --> Output Class Initialized
INFO - 2020-05-25 06:52:54 --> Output Class Initialized
INFO - 2020-05-25 06:52:54 --> Security Class Initialized
INFO - 2020-05-25 06:52:54 --> Security Class Initialized
INFO - 2020-05-25 06:52:54 --> Security Class Initialized
DEBUG - 2020-05-25 06:52:54 --> Global POST, GET and COOKIE data sanitized
DEBUG - 2020-05-25 06:52:54 --> Global POST, GET and COOKIE data sanitized
DEBUG - 2020-05-25 06:52:54 --> Global POST, GET and COOKIE data sanitized
INFO - 2020-05-25 06:52:54 --> CSRF cookie sent
INFO - 2020-05-25 06:52:54 --> CSRF cookie sent
INFO - 2020-05-25 06:52:54 --> CSRF cookie sent
INFO - 2020-05-25 06:52:54 --> Input Class Initialized
INFO - 2020-05-25 06:52:54 --> Input Class Initialized
INFO - 2020-05-25 06:52:54 --> Input Class Initialized
INFO - 2020-05-25 06:52:54 --> Language Class Initialized
INFO - 2020-05-25 06:52:54 --> Language Class Initialized
INFO - 2020-05-25 06:52:54 --> Language Class Initialized
ERROR - 2020-05-25 06:52:54 --> 404 Page Not Found: Show-images/regfile
ERROR - 2020-05-25 06:52:54 --> 404 Page Not Found: Show-images/seal
ERROR - 2020-05-25 06:52:54 --> 404 Page Not Found: Show-images/signature
INFO - 2020-05-25 06:57:40 --> Config Class Initialized
INFO - 2020-05-25 06:57:40 --> Config Class Initialized
INFO - 2020-05-25 06:57:40 --> Hooks Class Initialized
INFO - 2020-05-25 06:57:40 --> Hooks Class Initialized
DEBUG - 2020-05-25 06:57:40 --> UTF-8 Support Enabled
DEBUG - 2020-05-25 06:57:40 --> UTF-8 Support Enabled
INFO - 2020-05-25 06:57:40 --> Utf8 Class Initialized
INFO - 2020-05-25 06:57:40 --> Utf8 Class Initialized
INFO - 2020-05-25 06:57:40 --> URI Class Initialized
INFO - 2020-05-25 06:57:40 --> URI Class Initialized
INFO - 2020-05-25 06:57:40 --> Router Class Initialized
INFO - 2020-05-25 06:57:40 --> Router Class Initialized
INFO - 2020-05-25 06:57:40 --> Output Class Initialized
INFO - 2020-05-25 06:57:40 --> Output Class Initialized
INFO - 2020-05-25 06:57:40 --> Security Class Initialized
INFO - 2020-05-25 06:57:40 --> Security Class Initialized
DEBUG - 2020-05-25 06:57:40 --> Global POST, GET and COOKIE data sanitized
DEBUG - 2020-05-25 06:57:40 --> Global POST, GET and COOKIE data sanitized
INFO - 2020-05-25 06:57:40 --> CSRF cookie sent
INFO - 2020-05-25 06:57:40 --> CSRF cookie sent
INFO - 2020-05-25 06:57:40 --> Input Class Initialized
INFO - 2020-05-25 06:57:40 --> Input Class Initialized
INFO - 2020-05-25 06:57:40 --> Language Class Initialized
INFO - 2020-05-25 06:57:40 --> Language Class Initialized
ERROR - 2020-05-25 06:57:40 --> 404 Page Not Found: Show-images/regfile
ERROR - 2020-05-25 06:57:40 --> 404 Page Not Found: Show-images/signature
INFO - 2020-05-25 06:57:40 --> Config Class Initialized
INFO - 2020-05-25 06:57:40 --> Hooks Class Initialized
DEBUG - 2020-05-25 06:57:40 --> UTF-8 Support Enabled
INFO - 2020-05-25 06:57:40 --> Utf8 Class Initialized
INFO - 2020-05-25 06:57:40 --> URI Class Initialized
INFO - 2020-05-25 06:57:40 --> Router Class Initialized
INFO - 2020-05-25 06:57:40 --> Output Class Initialized
INFO - 2020-05-25 06:57:40 --> Security Class Initialized
DEBUG - 2020-05-25 06:57:40 --> Global POST, GET and COOKIE data sanitized
INFO - 2020-05-25 06:57:40 --> CSRF cookie sent
INFO - 2020-05-25 06:57:40 --> Input Class Initialized
INFO - 2020-05-25 06:57:40 --> Language Class Initialized
ERROR - 2020-05-25 06:57:40 --> 404 Page Not Found: Show-images/seal
INFO - 2020-05-25 06:57:40 --> Config Class Initialized
INFO - 2020-05-25 06:57:40 --> Config Class Initialized
INFO - 2020-05-25 06:57:40 --> Config Class Initialized
INFO - 2020-05-25 06:57:40 --> Hooks Class Initialized
INFO - 2020-05-25 06:57:40 --> Hooks Class Initialized
INFO - 2020-05-25 06:57:40 --> Hooks Class Initialized
DEBUG - 2020-05-25 06:57:40 --> UTF-8 Support Enabled
DEBUG - 2020-05-25 06:57:40 --> UTF-8 Support Enabled
DEBUG - 2020-05-25 06:57:40 --> UTF-8 Support Enabled
INFO - 2020-05-25 06:57:40 --> Utf8 Class Initialized
INFO - 2020-05-25 06:57:40 --> Utf8 Class Initialized
INFO - 2020-05-25 06:57:40 --> Utf8 Class Initialized
INFO - 2020-05-25 06:57:40 --> URI Class Initialized
INFO - 2020-05-25 06:57:40 --> URI Class Initialized
INFO - 2020-05-25 06:57:40 --> URI Class Initialized
INFO - 2020-05-25 06:57:41 --> Router Class Initialized
INFO - 2020-05-25 06:57:41 --> Router Class Initialized
INFO - 2020-05-25 06:57:41 --> Router Class Initialized
INFO - 2020-05-25 06:57:41 --> Output Class Initialized
INFO - 2020-05-25 06:57:41 --> Output Class Initialized
INFO - 2020-05-25 06:57:41 --> Output Class Initialized
INFO - 2020-05-25 06:57:41 --> Security Class Initialized
INFO - 2020-05-25 06:57:41 --> Security Class Initialized
INFO - 2020-05-25 06:57:41 --> Security Class Initialized
DEBUG - 2020-05-25 06:57:41 --> Global POST, GET and COOKIE data sanitized
DEBUG - 2020-05-25 06:57:41 --> Global POST, GET and COOKIE data sanitized
DEBUG - 2020-05-25 06:57:41 --> Global POST, GET and COOKIE data sanitized
INFO - 2020-05-25 06:57:41 --> CSRF cookie sent
INFO - 2020-05-25 06:57:41 --> CSRF cookie sent
INFO - 2020-05-25 06:57:41 --> CSRF cookie sent
INFO - 2020-05-25 06:57:41 --> Input Class Initialized
INFO - 2020-05-25 06:57:41 --> Input Class Initialized
INFO - 2020-05-25 06:57:41 --> Input Class Initialized
INFO - 2020-05-25 06:57:41 --> Language Class Initialized
INFO - 2020-05-25 06:57:41 --> Language Class Initialized
INFO - 2020-05-25 06:57:41 --> Language Class Initialized
ERROR - 2020-05-25 06:57:41 --> 404 Page Not Found: Show-images/regfile
ERROR - 2020-05-25 06:57:41 --> 404 Page Not Found: Show-images/seal
ERROR - 2020-05-25 06:57:41 --> 404 Page Not Found: Show-images/signature
