INFO - 2020-03-17 11:16:31 --> Config Class Initialized
INFO - 2020-03-17 11:16:31 --> Hooks Class Initialized
INFO - 2020-03-17 11:16:31 --> Config Class Initialized
INFO - 2020-03-17 11:16:31 --> Config Class Initialized
DEBUG - 2020-03-17 11:16:31 --> UTF-8 Support Enabled
INFO - 2020-03-17 11:16:31 --> Utf8 Class Initialized
INFO - 2020-03-17 11:16:31 --> Hooks Class Initialized
INFO - 2020-03-17 11:16:31 --> Hooks Class Initialized
INFO - 2020-03-17 11:16:31 --> URI Class Initialized
DEBUG - 2020-03-17 11:16:31 --> UTF-8 Support Enabled
DEBUG - 2020-03-17 11:16:31 --> UTF-8 Support Enabled
INFO - 2020-03-17 11:16:31 --> Utf8 Class Initialized
INFO - 2020-03-17 11:16:31 --> Utf8 Class Initialized
INFO - 2020-03-17 11:16:31 --> URI Class Initialized
INFO - 2020-03-17 11:16:31 --> URI Class Initialized
INFO - 2020-03-17 11:16:31 --> Router Class Initialized
INFO - 2020-03-17 11:16:31 --> Router Class Initialized
INFO - 2020-03-17 11:16:31 --> Router Class Initialized
INFO - 2020-03-17 11:16:31 --> Output Class Initialized
INFO - 2020-03-17 11:16:31 --> Output Class Initialized
INFO - 2020-03-17 11:16:31 --> Output Class Initialized
INFO - 2020-03-17 11:16:31 --> Security Class Initialized
INFO - 2020-03-17 11:16:31 --> Security Class Initialized
INFO - 2020-03-17 11:16:31 --> Security Class Initialized
DEBUG - 2020-03-17 11:16:31 --> Global POST, GET and COOKIE data sanitized
INFO - 2020-03-17 11:16:31 --> CSRF cookie sent
DEBUG - 2020-03-17 11:16:31 --> Global POST, GET and COOKIE data sanitized
INFO - 2020-03-17 11:16:31 --> Input Class Initialized
DEBUG - 2020-03-17 11:16:31 --> Global POST, GET and COOKIE data sanitized
INFO - 2020-03-17 11:16:31 --> CSRF cookie sent
INFO - 2020-03-17 11:16:31 --> Language Class Initialized
INFO - 2020-03-17 11:16:31 --> CSRF cookie sent
INFO - 2020-03-17 11:16:31 --> Input Class Initialized
INFO - 2020-03-17 11:16:31 --> Input Class Initialized
INFO - 2020-03-17 11:16:32 --> Language Class Initialized
INFO - 2020-03-17 11:16:32 --> Language Class Initialized
ERROR - 2020-03-17 11:16:32 --> 404 Page Not Found: Show-images/seal
ERROR - 2020-03-17 11:16:32 --> 404 Page Not Found: Show-images/signature
ERROR - 2020-03-17 11:16:32 --> 404 Page Not Found: Show-images/regfile
INFO - 2020-03-17 11:16:32 --> Config Class Initialized
INFO - 2020-03-17 11:16:32 --> Hooks Class Initialized
INFO - 2020-03-17 11:16:32 --> Config Class Initialized
INFO - 2020-03-17 11:16:32 --> Hooks Class Initialized
DEBUG - 2020-03-17 11:16:32 --> UTF-8 Support Enabled
INFO - 2020-03-17 11:16:32 --> Config Class Initialized
INFO - 2020-03-17 11:16:32 --> Utf8 Class Initialized
INFO - 2020-03-17 11:16:32 --> Hooks Class Initialized
INFO - 2020-03-17 11:16:32 --> URI Class Initialized
DEBUG - 2020-03-17 11:16:32 --> UTF-8 Support Enabled
INFO - 2020-03-17 11:16:32 --> Utf8 Class Initialized
DEBUG - 2020-03-17 11:16:32 --> UTF-8 Support Enabled
INFO - 2020-03-17 11:16:32 --> Utf8 Class Initialized
INFO - 2020-03-17 11:16:32 --> Router Class Initialized
INFO - 2020-03-17 11:16:32 --> URI Class Initialized
INFO - 2020-03-17 11:16:32 --> URI Class Initialized
INFO - 2020-03-17 11:16:32 --> Output Class Initialized
INFO - 2020-03-17 11:16:32 --> Router Class Initialized
INFO - 2020-03-17 11:16:32 --> Security Class Initialized
DEBUG - 2020-03-17 11:16:32 --> Global POST, GET and COOKIE data sanitized
INFO - 2020-03-17 11:16:32 --> Router Class Initialized
INFO - 2020-03-17 11:16:32 --> Output Class Initialized
INFO - 2020-03-17 11:16:32 --> CSRF cookie sent
INFO - 2020-03-17 11:16:32 --> Input Class Initialized
INFO - 2020-03-17 11:16:32 --> Language Class Initialized
INFO - 2020-03-17 11:16:32 --> Security Class Initialized
INFO - 2020-03-17 11:16:32 --> Output Class Initialized
ERROR - 2020-03-17 11:16:32 --> 404 Page Not Found: Show-images/regfile
DEBUG - 2020-03-17 11:16:32 --> Global POST, GET and COOKIE data sanitized
INFO - 2020-03-17 11:16:32 --> Security Class Initialized
INFO - 2020-03-17 11:16:32 --> CSRF cookie sent
INFO - 2020-03-17 11:16:32 --> Input Class Initialized
DEBUG - 2020-03-17 11:16:32 --> Global POST, GET and COOKIE data sanitized
INFO - 2020-03-17 11:16:32 --> CSRF cookie sent
INFO - 2020-03-17 11:16:32 --> Language Class Initialized
INFO - 2020-03-17 11:16:32 --> Input Class Initialized
INFO - 2020-03-17 11:16:32 --> Language Class Initialized
ERROR - 2020-03-17 11:16:32 --> 404 Page Not Found: Show-images/signature
ERROR - 2020-03-17 11:16:32 --> 404 Page Not Found: Show-images/seal
INFO - 2020-03-17 12:12:08 --> Config Class Initialized
INFO - 2020-03-17 12:12:08 --> Config Class Initialized
INFO - 2020-03-17 12:12:08 --> Config Class Initialized
INFO - 2020-03-17 12:12:08 --> Hooks Class Initialized
INFO - 2020-03-17 12:12:08 --> Hooks Class Initialized
DEBUG - 2020-03-17 12:12:08 --> UTF-8 Support Enabled
DEBUG - 2020-03-17 12:12:08 --> UTF-8 Support Enabled
INFO - 2020-03-17 12:12:08 --> Utf8 Class Initialized
INFO - 2020-03-17 12:12:08 --> Utf8 Class Initialized
INFO - 2020-03-17 12:12:08 --> URI Class Initialized
INFO - 2020-03-17 12:12:08 --> Hooks Class Initialized
INFO - 2020-03-17 12:12:08 --> Router Class Initialized
INFO - 2020-03-17 12:12:08 --> Output Class Initialized
INFO - 2020-03-17 12:12:08 --> URI Class Initialized
DEBUG - 2020-03-17 12:12:08 --> UTF-8 Support Enabled
INFO - 2020-03-17 12:12:08 --> Security Class Initialized
INFO - 2020-03-17 12:12:08 --> Utf8 Class Initialized
DEBUG - 2020-03-17 12:12:08 --> Global POST, GET and COOKIE data sanitized
INFO - 2020-03-17 12:12:08 --> URI Class Initialized
INFO - 2020-03-17 12:12:08 --> Router Class Initialized
INFO - 2020-03-17 12:12:08 --> CSRF cookie sent
INFO - 2020-03-17 12:12:08 --> Input Class Initialized
INFO - 2020-03-17 12:12:08 --> Output Class Initialized
INFO - 2020-03-17 12:12:08 --> Router Class Initialized
INFO - 2020-03-17 12:12:08 --> Language Class Initialized
INFO - 2020-03-17 12:12:08 --> Security Class Initialized
INFO - 2020-03-17 12:12:08 --> Output Class Initialized
ERROR - 2020-03-17 12:12:08 --> 404 Page Not Found: Show-images/seal
DEBUG - 2020-03-17 12:12:08 --> Global POST, GET and COOKIE data sanitized
INFO - 2020-03-17 12:12:08 --> Security Class Initialized
INFO - 2020-03-17 12:12:08 --> CSRF cookie sent
INFO - 2020-03-17 12:12:08 --> Input Class Initialized
DEBUG - 2020-03-17 12:12:08 --> Global POST, GET and COOKIE data sanitized
INFO - 2020-03-17 12:12:08 --> Language Class Initialized
INFO - 2020-03-17 12:12:08 --> CSRF cookie sent
ERROR - 2020-03-17 12:12:08 --> 404 Page Not Found: Show-images/signature
INFO - 2020-03-17 12:12:08 --> Input Class Initialized
INFO - 2020-03-17 12:12:08 --> Language Class Initialized
ERROR - 2020-03-17 12:12:08 --> 404 Page Not Found: Show-images/regfile
INFO - 2020-03-17 12:12:08 --> Config Class Initialized
INFO - 2020-03-17 12:12:08 --> Config Class Initialized
INFO - 2020-03-17 12:12:08 --> Hooks Class Initialized
INFO - 2020-03-17 12:12:08 --> Hooks Class Initialized
DEBUG - 2020-03-17 12:12:08 --> UTF-8 Support Enabled
DEBUG - 2020-03-17 12:12:08 --> UTF-8 Support Enabled
INFO - 2020-03-17 12:12:08 --> Utf8 Class Initialized
INFO - 2020-03-17 12:12:08 --> Utf8 Class Initialized
INFO - 2020-03-17 12:12:08 --> URI Class Initialized
INFO - 2020-03-17 12:12:08 --> URI Class Initialized
INFO - 2020-03-17 12:12:08 --> Router Class Initialized
INFO - 2020-03-17 12:12:08 --> Router Class Initialized
INFO - 2020-03-17 12:12:08 --> Config Class Initialized
INFO - 2020-03-17 12:12:08 --> Output Class Initialized
INFO - 2020-03-17 12:12:08 --> Hooks Class Initialized
INFO - 2020-03-17 12:12:08 --> Output Class Initialized
INFO - 2020-03-17 12:12:08 --> Security Class Initialized
INFO - 2020-03-17 12:12:08 --> Security Class Initialized
DEBUG - 2020-03-17 12:12:08 --> UTF-8 Support Enabled
DEBUG - 2020-03-17 12:12:08 --> Global POST, GET and COOKIE data sanitized
INFO - 2020-03-17 12:12:08 --> Utf8 Class Initialized
INFO - 2020-03-17 12:12:08 --> CSRF cookie sent
INFO - 2020-03-17 12:12:08 --> Input Class Initialized
INFO - 2020-03-17 12:12:08 --> URI Class Initialized
DEBUG - 2020-03-17 12:12:08 --> Global POST, GET and COOKIE data sanitized
INFO - 2020-03-17 12:12:08 --> Language Class Initialized
INFO - 2020-03-17 12:12:08 --> CSRF cookie sent
INFO - 2020-03-17 12:12:08 --> Input Class Initialized
ERROR - 2020-03-17 12:12:08 --> 404 Page Not Found: Show-images/signature
INFO - 2020-03-17 12:12:08 --> Language Class Initialized
INFO - 2020-03-17 12:12:08 --> Router Class Initialized
ERROR - 2020-03-17 12:12:08 --> 404 Page Not Found: Show-images/regfile
INFO - 2020-03-17 12:12:08 --> Output Class Initialized
INFO - 2020-03-17 12:12:08 --> Security Class Initialized
DEBUG - 2020-03-17 12:12:08 --> Global POST, GET and COOKIE data sanitized
INFO - 2020-03-17 12:12:08 --> CSRF cookie sent
INFO - 2020-03-17 12:12:08 --> Input Class Initialized
INFO - 2020-03-17 12:12:08 --> Language Class Initialized
ERROR - 2020-03-17 12:12:08 --> 404 Page Not Found: Show-images/seal
INFO - 2020-03-17 12:14:06 --> Config Class Initialized
INFO - 2020-03-17 12:14:06 --> Hooks Class Initialized
DEBUG - 2020-03-17 12:14:06 --> UTF-8 Support Enabled
INFO - 2020-03-17 12:14:06 --> Utf8 Class Initialized
INFO - 2020-03-17 12:14:06 --> URI Class Initialized
INFO - 2020-03-17 12:14:06 --> Router Class Initialized
INFO - 2020-03-17 12:14:06 --> Output Class Initialized
INFO - 2020-03-17 12:14:06 --> Security Class Initialized
DEBUG - 2020-03-17 12:14:06 --> Global POST, GET and COOKIE data sanitized
INFO - 2020-03-17 12:14:06 --> CSRF cookie sent
INFO - 2020-03-17 12:14:06 --> Input Class Initialized
INFO - 2020-03-17 12:14:06 --> Language Class Initialized
INFO - 2020-03-17 12:14:06 --> Loader Class Initialized
INFO - 2020-03-17 12:14:06 --> Helper loaded: url_helper
INFO - 2020-03-17 12:14:06 --> Helper loaded: file_helper
INFO - 2020-03-17 12:14:06 --> Database Driver Class Initialized
INFO - 2020-03-17 12:14:06 --> Email Class Initialized
DEBUG - 2020-03-17 12:14:06 --> Session: "sess_save_path" is empty; using "session.save_path" value from php.ini.
INFO - 2020-03-17 12:14:06 --> Session: Class initialized using 'files' driver.
INFO - 2020-03-17 12:14:06 --> Controller Class Initialized
INFO - 2020-03-17 12:14:06 --> Model "M_auth" initialized
DEBUG - 2020-03-17 12:14:06 --> Sc_check class already loaded. Second attempt ignored.
INFO - 2020-03-17 12:14:06 --> Helper loaded: captcha_helper
INFO - 2020-03-17 12:14:06 --> Model "M_dashboard" initialized
ERROR - 2020-03-17 12:14:06 --> Severity: Warning --> require_once(C:/xampp/htdocs/vendor/autoload.php): failed to open stream: No such file or directory C:\xampp\htdocs\scholarship\institute\controllers\Auth.php 487
ERROR - 2020-03-17 12:14:06 --> Severity: Compile Error --> require_once(): Failed opening required 'C:/xampp/htdocs/vendor/autoload.php' (include_path='C:\xampp\php\PEAR') C:\xampp\htdocs\scholarship\institute\controllers\Auth.php 487
INFO - 2020-03-17 12:15:37 --> Config Class Initialized
INFO - 2020-03-17 12:15:37 --> Hooks Class Initialized
DEBUG - 2020-03-17 12:15:37 --> UTF-8 Support Enabled
INFO - 2020-03-17 12:15:37 --> Utf8 Class Initialized
INFO - 2020-03-17 12:15:37 --> URI Class Initialized
INFO - 2020-03-17 12:15:37 --> Router Class Initialized
INFO - 2020-03-17 12:15:37 --> Output Class Initialized
INFO - 2020-03-17 12:15:37 --> Security Class Initialized
DEBUG - 2020-03-17 12:15:37 --> Global POST, GET and COOKIE data sanitized
INFO - 2020-03-17 12:15:37 --> CSRF cookie sent
INFO - 2020-03-17 12:15:37 --> Input Class Initialized
INFO - 2020-03-17 12:15:37 --> Language Class Initialized
INFO - 2020-03-17 12:15:37 --> Loader Class Initialized
INFO - 2020-03-17 12:15:37 --> Helper loaded: url_helper
INFO - 2020-03-17 12:15:37 --> Helper loaded: file_helper
INFO - 2020-03-17 12:15:37 --> Database Driver Class Initialized
INFO - 2020-03-17 12:15:37 --> Email Class Initialized
DEBUG - 2020-03-17 12:15:37 --> Session: "sess_save_path" is empty; using "session.save_path" value from php.ini.
INFO - 2020-03-17 12:15:38 --> Session: Class initialized using 'files' driver.
INFO - 2020-03-17 12:15:38 --> Controller Class Initialized
INFO - 2020-03-17 12:15:38 --> Model "M_auth" initialized
DEBUG - 2020-03-17 12:15:38 --> Sc_check class already loaded. Second attempt ignored.
INFO - 2020-03-17 12:15:38 --> Helper loaded: captcha_helper
INFO - 2020-03-17 12:15:38 --> Model "M_dashboard" initialized
ERROR - 2020-03-17 12:15:39 --> Severity: Notice --> Undefined property: stdClass::$priciple_signature C:\xampp\htdocs\scholarship\institute\views\dashboard\pdf.php 80
ERROR - 2020-03-17 12:15:39 --> Severity: Notice --> Undefined property: stdClass::$seal C:\xampp\htdocs\scholarship\institute\views\dashboard\pdf.php 81
INFO - 2020-03-17 12:15:39 --> File loaded: C:\xampp\htdocs\scholarship\institute\views\dashboard/pdf.php
INFO - 2020-03-17 12:15:39 --> Config Class Initialized
INFO - 2020-03-17 12:15:39 --> Hooks Class Initialized
DEBUG - 2020-03-17 12:15:39 --> UTF-8 Support Enabled
INFO - 2020-03-17 12:15:39 --> Utf8 Class Initialized
INFO - 2020-03-17 12:15:39 --> URI Class Initialized
INFO - 2020-03-17 12:15:39 --> Router Class Initialized
INFO - 2020-03-17 12:15:39 --> Output Class Initialized
INFO - 2020-03-17 12:15:39 --> Security Class Initialized
DEBUG - 2020-03-17 12:15:39 --> Global POST, GET and COOKIE data sanitized
INFO - 2020-03-17 12:15:39 --> CSRF cookie sent
INFO - 2020-03-17 12:15:39 --> Input Class Initialized
INFO - 2020-03-17 12:15:39 --> Language Class Initialized
ERROR - 2020-03-17 12:15:39 --> 404 Page Not Found: %20div%20style=/index
INFO - 2020-03-17 12:15:39 --> Config Class Initialized
INFO - 2020-03-17 12:15:39 --> Hooks Class Initialized
DEBUG - 2020-03-17 12:15:39 --> UTF-8 Support Enabled
INFO - 2020-03-17 12:15:39 --> Utf8 Class Initialized
INFO - 2020-03-17 12:15:39 --> URI Class Initialized
INFO - 2020-03-17 12:15:39 --> Router Class Initialized
INFO - 2020-03-17 12:15:39 --> Output Class Initialized
INFO - 2020-03-17 12:15:39 --> Security Class Initialized
DEBUG - 2020-03-17 12:15:39 --> Global POST, GET and COOKIE data sanitized
INFO - 2020-03-17 12:15:39 --> CSRF cookie sent
INFO - 2020-03-17 12:15:39 --> Input Class Initialized
INFO - 2020-03-17 12:15:39 --> Language Class Initialized
ERROR - 2020-03-17 12:15:39 --> 404 Page Not Found: %20div%20style=/index
INFO - 2020-03-17 12:15:59 --> Config Class Initialized
INFO - 2020-03-17 12:15:59 --> Hooks Class Initialized
DEBUG - 2020-03-17 12:15:59 --> UTF-8 Support Enabled
INFO - 2020-03-17 12:15:59 --> Utf8 Class Initialized
INFO - 2020-03-17 12:15:59 --> URI Class Initialized
INFO - 2020-03-17 12:15:59 --> Router Class Initialized
INFO - 2020-03-17 12:15:59 --> Output Class Initialized
INFO - 2020-03-17 12:15:59 --> Security Class Initialized
DEBUG - 2020-03-17 12:15:59 --> Global POST, GET and COOKIE data sanitized
INFO - 2020-03-17 12:15:59 --> CSRF cookie sent
INFO - 2020-03-17 12:15:59 --> Input Class Initialized
INFO - 2020-03-17 12:15:59 --> Language Class Initialized
INFO - 2020-03-17 12:15:59 --> Loader Class Initialized
INFO - 2020-03-17 12:15:59 --> Helper loaded: url_helper
INFO - 2020-03-17 12:15:59 --> Helper loaded: file_helper
INFO - 2020-03-17 12:15:59 --> Database Driver Class Initialized
INFO - 2020-03-17 12:15:59 --> Email Class Initialized
DEBUG - 2020-03-17 12:15:59 --> Session: "sess_save_path" is empty; using "session.save_path" value from php.ini.
INFO - 2020-03-17 12:15:59 --> Session: Class initialized using 'files' driver.
INFO - 2020-03-17 12:15:59 --> Controller Class Initialized
INFO - 2020-03-17 12:15:59 --> Model "M_auth" initialized
DEBUG - 2020-03-17 12:15:59 --> Sc_check class already loaded. Second attempt ignored.
INFO - 2020-03-17 12:15:59 --> Helper loaded: captcha_helper
INFO - 2020-03-17 12:15:59 --> Model "M_dashboard" initialized
ERROR - 2020-03-17 12:15:59 --> Severity: Notice --> Undefined property: stdClass::$priciple_signature C:\xampp\htdocs\scholarship\institute\views\dashboard\pdf.php 80
ERROR - 2020-03-17 12:15:59 --> Severity: Notice --> Undefined property: stdClass::$seal C:\xampp\htdocs\scholarship\institute\views\dashboard\pdf.php 81
INFO - 2020-03-17 12:15:59 --> File loaded: C:\xampp\htdocs\scholarship\institute\views\dashboard/pdf.php
INFO - 2020-03-17 12:15:59 --> Final output sent to browser
DEBUG - 2020-03-17 12:15:59 --> Total execution time: 0.1366
INFO - 2020-03-17 12:16:10 --> Config Class Initialized
INFO - 2020-03-17 12:16:10 --> Hooks Class Initialized
DEBUG - 2020-03-17 12:16:10 --> UTF-8 Support Enabled
INFO - 2020-03-17 12:16:10 --> Utf8 Class Initialized
INFO - 2020-03-17 12:16:11 --> URI Class Initialized
INFO - 2020-03-17 12:16:11 --> Router Class Initialized
INFO - 2020-03-17 12:16:11 --> Output Class Initialized
INFO - 2020-03-17 12:16:11 --> Security Class Initialized
DEBUG - 2020-03-17 12:16:11 --> Global POST, GET and COOKIE data sanitized
INFO - 2020-03-17 12:16:11 --> CSRF cookie sent
INFO - 2020-03-17 12:16:11 --> Input Class Initialized
INFO - 2020-03-17 12:16:11 --> Language Class Initialized
INFO - 2020-03-17 12:16:11 --> Loader Class Initialized
INFO - 2020-03-17 12:16:11 --> Helper loaded: url_helper
INFO - 2020-03-17 12:16:11 --> Helper loaded: file_helper
INFO - 2020-03-17 12:16:11 --> Database Driver Class Initialized
INFO - 2020-03-17 12:16:11 --> Email Class Initialized
DEBUG - 2020-03-17 12:16:11 --> Session: "sess_save_path" is empty; using "session.save_path" value from php.ini.
INFO - 2020-03-17 12:16:11 --> Session: Class initialized using 'files' driver.
INFO - 2020-03-17 12:16:11 --> Controller Class Initialized
INFO - 2020-03-17 12:16:11 --> Model "M_auth" initialized
DEBUG - 2020-03-17 12:16:11 --> Sc_check class already loaded. Second attempt ignored.
INFO - 2020-03-17 12:16:11 --> Helper loaded: captcha_helper
INFO - 2020-03-17 12:16:11 --> Model "M_dashboard" initialized
ERROR - 2020-03-17 12:16:11 --> Severity: Notice --> Undefined property: stdClass::$priciple_signature C:\xampp\htdocs\scholarship\institute\views\dashboard\pdf.php 80
ERROR - 2020-03-17 12:16:11 --> Severity: Notice --> Undefined property: stdClass::$seal C:\xampp\htdocs\scholarship\institute\views\dashboard\pdf.php 81
INFO - 2020-03-17 12:16:11 --> File loaded: C:\xampp\htdocs\scholarship\institute\views\dashboard/pdf.php
INFO - 2020-03-17 12:16:11 --> Final output sent to browser
DEBUG - 2020-03-17 12:16:11 --> Total execution time: 0.1106
INFO - 2020-03-17 12:16:11 --> Config Class Initialized
INFO - 2020-03-17 12:16:11 --> Hooks Class Initialized
DEBUG - 2020-03-17 12:16:11 --> UTF-8 Support Enabled
INFO - 2020-03-17 12:16:11 --> Utf8 Class Initialized
INFO - 2020-03-17 12:16:11 --> URI Class Initialized
INFO - 2020-03-17 12:16:11 --> Router Class Initialized
INFO - 2020-03-17 12:16:11 --> Output Class Initialized
INFO - 2020-03-17 12:16:11 --> Security Class Initialized
DEBUG - 2020-03-17 12:16:11 --> Global POST, GET and COOKIE data sanitized
INFO - 2020-03-17 12:16:11 --> CSRF cookie sent
INFO - 2020-03-17 12:16:11 --> Input Class Initialized
INFO - 2020-03-17 12:16:11 --> Language Class Initialized
INFO - 2020-03-17 12:16:11 --> Loader Class Initialized
INFO - 2020-03-17 12:16:11 --> Helper loaded: url_helper
INFO - 2020-03-17 12:16:11 --> Helper loaded: file_helper
INFO - 2020-03-17 12:16:11 --> Database Driver Class Initialized
INFO - 2020-03-17 12:16:11 --> Email Class Initialized
DEBUG - 2020-03-17 12:16:11 --> Session: "sess_save_path" is empty; using "session.save_path" value from php.ini.
INFO - 2020-03-17 12:16:11 --> Session: Class initialized using 'files' driver.
INFO - 2020-03-17 12:16:11 --> Controller Class Initialized
INFO - 2020-03-17 12:16:11 --> Model "M_auth" initialized
DEBUG - 2020-03-17 12:16:11 --> Sc_check class already loaded. Second attempt ignored.
INFO - 2020-03-17 12:16:11 --> Helper loaded: captcha_helper
INFO - 2020-03-17 12:16:11 --> Model "M_dashboard" initialized
ERROR - 2020-03-17 12:16:11 --> Severity: Notice --> Trying to get property 'school_id' of non-object C:\xampp\htdocs\scholarship\institute\controllers\Auth.php 486
ERROR - 2020-03-17 12:16:11 --> Severity: Notice --> Trying to get property 'name' of non-object C:\xampp\htdocs\scholarship\institute\views\dashboard\pdf.php 60
ERROR - 2020-03-17 12:16:11 --> Severity: Notice --> Trying to get property 'prv_class' of non-object C:\xampp\htdocs\scholarship\institute\views\dashboard\pdf.php 61
ERROR - 2020-03-17 12:16:11 --> Severity: Notice --> Trying to get property 'prv_marks' of non-object C:\xampp\htdocs\scholarship\institute\views\dashboard\pdf.php 61
ERROR - 2020-03-17 12:16:11 --> Severity: Notice --> Trying to get property 'class' of non-object C:\xampp\htdocs\scholarship\institute\views\dashboard\pdf.php 67
ERROR - 2020-03-17 12:16:11 --> Severity: Notice --> Trying to get property 'dstctName' of non-object C:\xampp\htdocs\scholarship\institute\views\dashboard\pdf.php 74
ERROR - 2020-03-17 12:16:11 --> Severity: Notice --> Trying to get property 'talqName' of non-object C:\xampp\htdocs\scholarship\institute\views\dashboard\pdf.php 75
ERROR - 2020-03-17 12:16:11 --> Severity: Notice --> Trying to get property 'parent_phone' of non-object C:\xampp\htdocs\scholarship\institute\views\dashboard\pdf.php 77
ERROR - 2020-03-17 12:16:11 --> Severity: Notice --> Trying to get property 'priciple_signature' of non-object C:\xampp\htdocs\scholarship\institute\views\dashboard\pdf.php 80
ERROR - 2020-03-17 12:16:11 --> Severity: Notice --> Trying to get property 'seal' of non-object C:\xampp\htdocs\scholarship\institute\views\dashboard\pdf.php 81
INFO - 2020-03-17 12:16:11 --> File loaded: C:\xampp\htdocs\scholarship\institute\views\dashboard/pdf.php
INFO - 2020-03-17 12:16:11 --> Final output sent to browser
DEBUG - 2020-03-17 12:16:11 --> Total execution time: 0.1217
INFO - 2020-03-17 12:17:03 --> Config Class Initialized
INFO - 2020-03-17 12:17:03 --> Hooks Class Initialized
DEBUG - 2020-03-17 12:17:03 --> UTF-8 Support Enabled
INFO - 2020-03-17 12:17:03 --> Utf8 Class Initialized
INFO - 2020-03-17 12:17:03 --> URI Class Initialized
INFO - 2020-03-17 12:17:03 --> Router Class Initialized
INFO - 2020-03-17 12:17:03 --> Output Class Initialized
INFO - 2020-03-17 12:17:03 --> Security Class Initialized
DEBUG - 2020-03-17 12:17:03 --> Global POST, GET and COOKIE data sanitized
INFO - 2020-03-17 12:17:03 --> CSRF cookie sent
INFO - 2020-03-17 12:17:03 --> Input Class Initialized
INFO - 2020-03-17 12:17:03 --> Language Class Initialized
INFO - 2020-03-17 12:17:03 --> Loader Class Initialized
INFO - 2020-03-17 12:17:03 --> Helper loaded: url_helper
INFO - 2020-03-17 12:17:03 --> Helper loaded: file_helper
INFO - 2020-03-17 12:17:03 --> Database Driver Class Initialized
INFO - 2020-03-17 12:17:03 --> Email Class Initialized
DEBUG - 2020-03-17 12:17:03 --> Session: "sess_save_path" is empty; using "session.save_path" value from php.ini.
INFO - 2020-03-17 12:17:03 --> Session: Class initialized using 'files' driver.
INFO - 2020-03-17 12:17:03 --> Controller Class Initialized
INFO - 2020-03-17 12:17:03 --> Model "M_auth" initialized
DEBUG - 2020-03-17 12:17:03 --> Sc_check class already loaded. Second attempt ignored.
INFO - 2020-03-17 12:17:03 --> Helper loaded: captcha_helper
INFO - 2020-03-17 12:17:03 --> Model "M_dashboard" initialized
ERROR - 2020-03-17 12:17:03 --> Severity: Notice --> Undefined property: stdClass::$priciple_signature C:\xampp\htdocs\scholarship\institute\views\dashboard\pdf.php 80
ERROR - 2020-03-17 12:17:03 --> Severity: Notice --> Undefined property: stdClass::$seal C:\xampp\htdocs\scholarship\institute\views\dashboard\pdf.php 81
INFO - 2020-03-17 12:17:03 --> File loaded: C:\xampp\htdocs\scholarship\institute\views\dashboard/pdf.php
INFO - 2020-03-17 12:17:03 --> Final output sent to browser
DEBUG - 2020-03-17 12:17:03 --> Total execution time: 0.1011
INFO - 2020-03-17 12:17:03 --> Config Class Initialized
INFO - 2020-03-17 12:17:03 --> Hooks Class Initialized
DEBUG - 2020-03-17 12:17:03 --> UTF-8 Support Enabled
INFO - 2020-03-17 12:17:03 --> Utf8 Class Initialized
INFO - 2020-03-17 12:17:03 --> URI Class Initialized
INFO - 2020-03-17 12:17:03 --> Router Class Initialized
INFO - 2020-03-17 12:17:03 --> Output Class Initialized
INFO - 2020-03-17 12:17:03 --> Security Class Initialized
DEBUG - 2020-03-17 12:17:03 --> Global POST, GET and COOKIE data sanitized
INFO - 2020-03-17 12:17:03 --> CSRF cookie sent
INFO - 2020-03-17 12:17:03 --> Input Class Initialized
INFO - 2020-03-17 12:17:03 --> Language Class Initialized
INFO - 2020-03-17 12:17:03 --> Loader Class Initialized
INFO - 2020-03-17 12:17:03 --> Helper loaded: url_helper
INFO - 2020-03-17 12:17:03 --> Helper loaded: file_helper
INFO - 2020-03-17 12:17:03 --> Database Driver Class Initialized
INFO - 2020-03-17 12:17:03 --> Email Class Initialized
DEBUG - 2020-03-17 12:17:03 --> Session: "sess_save_path" is empty; using "session.save_path" value from php.ini.
INFO - 2020-03-17 12:17:03 --> Session: Class initialized using 'files' driver.
INFO - 2020-03-17 12:17:03 --> Controller Class Initialized
INFO - 2020-03-17 12:17:03 --> Model "M_auth" initialized
DEBUG - 2020-03-17 12:17:03 --> Sc_check class already loaded. Second attempt ignored.
INFO - 2020-03-17 12:17:03 --> Helper loaded: captcha_helper
INFO - 2020-03-17 12:17:03 --> Model "M_dashboard" initialized
ERROR - 2020-03-17 12:17:03 --> Severity: Notice --> Trying to get property 'school_id' of non-object C:\xampp\htdocs\scholarship\institute\controllers\Auth.php 486
ERROR - 2020-03-17 12:17:03 --> Severity: Notice --> Trying to get property 'name' of non-object C:\xampp\htdocs\scholarship\institute\views\dashboard\pdf.php 60
ERROR - 2020-03-17 12:17:03 --> Severity: Notice --> Trying to get property 'prv_class' of non-object C:\xampp\htdocs\scholarship\institute\views\dashboard\pdf.php 61
ERROR - 2020-03-17 12:17:03 --> Severity: Notice --> Trying to get property 'prv_marks' of non-object C:\xampp\htdocs\scholarship\institute\views\dashboard\pdf.php 61
ERROR - 2020-03-17 12:17:03 --> Severity: Notice --> Trying to get property 'class' of non-object C:\xampp\htdocs\scholarship\institute\views\dashboard\pdf.php 67
ERROR - 2020-03-17 12:17:03 --> Severity: Notice --> Trying to get property 'dstctName' of non-object C:\xampp\htdocs\scholarship\institute\views\dashboard\pdf.php 74
ERROR - 2020-03-17 12:17:03 --> Severity: Notice --> Trying to get property 'talqName' of non-object C:\xampp\htdocs\scholarship\institute\views\dashboard\pdf.php 75
ERROR - 2020-03-17 12:17:03 --> Severity: Notice --> Trying to get property 'parent_phone' of non-object C:\xampp\htdocs\scholarship\institute\views\dashboard\pdf.php 77
ERROR - 2020-03-17 12:17:03 --> Severity: Notice --> Trying to get property 'priciple_signature' of non-object C:\xampp\htdocs\scholarship\institute\views\dashboard\pdf.php 80
ERROR - 2020-03-17 12:17:03 --> Severity: Notice --> Trying to get property 'seal' of non-object C:\xampp\htdocs\scholarship\institute\views\dashboard\pdf.php 81
INFO - 2020-03-17 12:17:03 --> File loaded: C:\xampp\htdocs\scholarship\institute\views\dashboard/pdf.php
INFO - 2020-03-17 12:17:03 --> Final output sent to browser
DEBUG - 2020-03-17 12:17:03 --> Total execution time: 0.2282
INFO - 2020-03-17 12:18:46 --> Config Class Initialized
INFO - 2020-03-17 12:18:46 --> Hooks Class Initialized
DEBUG - 2020-03-17 12:18:46 --> UTF-8 Support Enabled
INFO - 2020-03-17 12:18:46 --> Utf8 Class Initialized
INFO - 2020-03-17 12:18:46 --> URI Class Initialized
INFO - 2020-03-17 12:18:46 --> Router Class Initialized
INFO - 2020-03-17 12:18:46 --> Output Class Initialized
INFO - 2020-03-17 12:18:46 --> Security Class Initialized
DEBUG - 2020-03-17 12:18:46 --> Global POST, GET and COOKIE data sanitized
INFO - 2020-03-17 12:18:46 --> CSRF cookie sent
INFO - 2020-03-17 12:18:46 --> Input Class Initialized
INFO - 2020-03-17 12:18:46 --> Language Class Initialized
INFO - 2020-03-17 12:18:46 --> Loader Class Initialized
INFO - 2020-03-17 12:18:46 --> Helper loaded: url_helper
INFO - 2020-03-17 12:18:46 --> Helper loaded: file_helper
INFO - 2020-03-17 12:18:46 --> Database Driver Class Initialized
INFO - 2020-03-17 12:18:46 --> Email Class Initialized
DEBUG - 2020-03-17 12:18:46 --> Session: "sess_save_path" is empty; using "session.save_path" value from php.ini.
INFO - 2020-03-17 12:18:46 --> Session: Class initialized using 'files' driver.
INFO - 2020-03-17 12:18:46 --> Controller Class Initialized
INFO - 2020-03-17 12:18:46 --> Model "M_auth" initialized
DEBUG - 2020-03-17 12:18:46 --> Sc_check class already loaded. Second attempt ignored.
INFO - 2020-03-17 12:18:46 --> Helper loaded: captcha_helper
INFO - 2020-03-17 12:18:46 --> Model "M_dashboard" initialized
ERROR - 2020-03-17 12:18:46 --> Severity: Notice --> Undefined property: stdClass::$priciple_signature C:\xampp\htdocs\scholarship\institute\views\dashboard\pdf.php 80
ERROR - 2020-03-17 12:18:46 --> Severity: Notice --> Undefined property: stdClass::$seal C:\xampp\htdocs\scholarship\institute\views\dashboard\pdf.php 81
INFO - 2020-03-17 12:18:47 --> File loaded: C:\xampp\htdocs\scholarship\institute\views\dashboard/pdf.php
INFO - 2020-03-17 12:18:47 --> Final output sent to browser
DEBUG - 2020-03-17 12:18:47 --> Total execution time: 0.0955
INFO - 2020-03-17 12:18:47 --> Config Class Initialized
INFO - 2020-03-17 12:18:47 --> Hooks Class Initialized
DEBUG - 2020-03-17 12:18:47 --> UTF-8 Support Enabled
INFO - 2020-03-17 12:18:47 --> Utf8 Class Initialized
INFO - 2020-03-17 12:18:47 --> URI Class Initialized
INFO - 2020-03-17 12:18:47 --> Router Class Initialized
INFO - 2020-03-17 12:18:47 --> Output Class Initialized
INFO - 2020-03-17 12:18:47 --> Security Class Initialized
DEBUG - 2020-03-17 12:18:47 --> Global POST, GET and COOKIE data sanitized
INFO - 2020-03-17 12:18:47 --> CSRF cookie sent
INFO - 2020-03-17 12:18:47 --> Input Class Initialized
INFO - 2020-03-17 12:18:47 --> Language Class Initialized
INFO - 2020-03-17 12:18:47 --> Loader Class Initialized
INFO - 2020-03-17 12:18:47 --> Helper loaded: url_helper
INFO - 2020-03-17 12:18:47 --> Helper loaded: file_helper
INFO - 2020-03-17 12:18:47 --> Database Driver Class Initialized
INFO - 2020-03-17 12:18:47 --> Email Class Initialized
DEBUG - 2020-03-17 12:18:47 --> Session: "sess_save_path" is empty; using "session.save_path" value from php.ini.
INFO - 2020-03-17 12:18:47 --> Session: Class initialized using 'files' driver.
INFO - 2020-03-17 12:18:47 --> Controller Class Initialized
INFO - 2020-03-17 12:18:47 --> Model "M_auth" initialized
DEBUG - 2020-03-17 12:18:47 --> Sc_check class already loaded. Second attempt ignored.
INFO - 2020-03-17 12:18:47 --> Helper loaded: captcha_helper
INFO - 2020-03-17 12:18:47 --> Model "M_dashboard" initialized
ERROR - 2020-03-17 12:18:47 --> Severity: Notice --> Trying to get property 'school_id' of non-object C:\xampp\htdocs\scholarship\institute\controllers\Auth.php 486
ERROR - 2020-03-17 12:18:47 --> Severity: Notice --> Trying to get property 'name' of non-object C:\xampp\htdocs\scholarship\institute\views\dashboard\pdf.php 60
ERROR - 2020-03-17 12:18:47 --> Severity: Notice --> Trying to get property 'prv_class' of non-object C:\xampp\htdocs\scholarship\institute\views\dashboard\pdf.php 61
ERROR - 2020-03-17 12:18:47 --> Severity: Notice --> Trying to get property 'prv_marks' of non-object C:\xampp\htdocs\scholarship\institute\views\dashboard\pdf.php 61
ERROR - 2020-03-17 12:18:47 --> Severity: Notice --> Trying to get property 'class' of non-object C:\xampp\htdocs\scholarship\institute\views\dashboard\pdf.php 67
ERROR - 2020-03-17 12:18:47 --> Severity: Notice --> Trying to get property 'dstctName' of non-object C:\xampp\htdocs\scholarship\institute\views\dashboard\pdf.php 74
ERROR - 2020-03-17 12:18:47 --> Severity: Notice --> Trying to get property 'talqName' of non-object C:\xampp\htdocs\scholarship\institute\views\dashboard\pdf.php 75
ERROR - 2020-03-17 12:18:47 --> Severity: Notice --> Trying to get property 'parent_phone' of non-object C:\xampp\htdocs\scholarship\institute\views\dashboard\pdf.php 77
ERROR - 2020-03-17 12:18:47 --> Severity: Notice --> Trying to get property 'priciple_signature' of non-object C:\xampp\htdocs\scholarship\institute\views\dashboard\pdf.php 80
ERROR - 2020-03-17 12:18:47 --> Severity: Notice --> Trying to get property 'seal' of non-object C:\xampp\htdocs\scholarship\institute\views\dashboard\pdf.php 81
INFO - 2020-03-17 12:18:47 --> File loaded: C:\xampp\htdocs\scholarship\institute\views\dashboard/pdf.php
INFO - 2020-03-17 12:18:47 --> Final output sent to browser
DEBUG - 2020-03-17 12:18:47 --> Total execution time: 0.1985
INFO - 2020-03-17 12:19:00 --> Config Class Initialized
INFO - 2020-03-17 12:19:00 --> Hooks Class Initialized
DEBUG - 2020-03-17 12:19:00 --> UTF-8 Support Enabled
INFO - 2020-03-17 12:19:00 --> Utf8 Class Initialized
INFO - 2020-03-17 12:19:00 --> URI Class Initialized
INFO - 2020-03-17 12:19:00 --> Router Class Initialized
INFO - 2020-03-17 12:19:00 --> Output Class Initialized
INFO - 2020-03-17 12:19:00 --> Security Class Initialized
DEBUG - 2020-03-17 12:19:00 --> Global POST, GET and COOKIE data sanitized
INFO - 2020-03-17 12:19:00 --> CSRF cookie sent
INFO - 2020-03-17 12:19:00 --> Input Class Initialized
INFO - 2020-03-17 12:19:00 --> Language Class Initialized
INFO - 2020-03-17 12:19:00 --> Loader Class Initialized
INFO - 2020-03-17 12:19:00 --> Helper loaded: url_helper
INFO - 2020-03-17 12:19:00 --> Helper loaded: file_helper
INFO - 2020-03-17 12:19:00 --> Database Driver Class Initialized
INFO - 2020-03-17 12:19:00 --> Email Class Initialized
DEBUG - 2020-03-17 12:19:00 --> Session: "sess_save_path" is empty; using "session.save_path" value from php.ini.
INFO - 2020-03-17 12:19:00 --> Session: Class initialized using 'files' driver.
INFO - 2020-03-17 12:19:00 --> Controller Class Initialized
INFO - 2020-03-17 12:19:00 --> Model "M_auth" initialized
DEBUG - 2020-03-17 12:19:00 --> Sc_check class already loaded. Second attempt ignored.
INFO - 2020-03-17 12:19:00 --> Helper loaded: captcha_helper
INFO - 2020-03-17 12:19:00 --> Model "M_dashboard" initialized
ERROR - 2020-03-17 12:19:00 --> Severity: Warning --> require_once(C:/xampp/htdocs/vendor/autoload.php): failed to open stream: No such file or directory C:\xampp\htdocs\scholarship\institute\controllers\Auth.php 487
ERROR - 2020-03-17 12:19:00 --> Severity: Compile Error --> require_once(): Failed opening required 'C:/xampp/htdocs/vendor/autoload.php' (include_path='C:\xampp\php\PEAR') C:\xampp\htdocs\scholarship\institute\controllers\Auth.php 487
INFO - 2020-03-17 12:19:08 --> Config Class Initialized
INFO - 2020-03-17 12:19:08 --> Hooks Class Initialized
DEBUG - 2020-03-17 12:19:08 --> UTF-8 Support Enabled
INFO - 2020-03-17 12:19:08 --> Utf8 Class Initialized
INFO - 2020-03-17 12:19:08 --> URI Class Initialized
INFO - 2020-03-17 12:19:08 --> Router Class Initialized
INFO - 2020-03-17 12:19:08 --> Output Class Initialized
INFO - 2020-03-17 12:19:08 --> Security Class Initialized
DEBUG - 2020-03-17 12:19:08 --> Global POST, GET and COOKIE data sanitized
INFO - 2020-03-17 12:19:08 --> CSRF cookie sent
INFO - 2020-03-17 12:19:08 --> Input Class Initialized
INFO - 2020-03-17 12:19:08 --> Language Class Initialized
INFO - 2020-03-17 12:19:08 --> Loader Class Initialized
INFO - 2020-03-17 12:19:08 --> Helper loaded: url_helper
INFO - 2020-03-17 12:19:08 --> Helper loaded: file_helper
INFO - 2020-03-17 12:19:08 --> Database Driver Class Initialized
INFO - 2020-03-17 12:19:08 --> Email Class Initialized
DEBUG - 2020-03-17 12:19:08 --> Session: "sess_save_path" is empty; using "session.save_path" value from php.ini.
INFO - 2020-03-17 12:19:08 --> Session: Class initialized using 'files' driver.
INFO - 2020-03-17 12:19:08 --> Controller Class Initialized
INFO - 2020-03-17 12:19:08 --> Model "M_auth" initialized
DEBUG - 2020-03-17 12:19:08 --> Sc_check class already loaded. Second attempt ignored.
INFO - 2020-03-17 12:19:08 --> Helper loaded: captcha_helper
INFO - 2020-03-17 12:19:08 --> Model "M_dashboard" initialized
ERROR - 2020-03-17 12:19:09 --> Severity: Notice --> Undefined property: stdClass::$priciple_signature C:\xampp\htdocs\scholarship\institute\views\dashboard\pdf.php 80
ERROR - 2020-03-17 12:19:09 --> Severity: Notice --> Undefined property: stdClass::$seal C:\xampp\htdocs\scholarship\institute\views\dashboard\pdf.php 81
INFO - 2020-03-17 12:19:09 --> File loaded: C:\xampp\htdocs\scholarship\institute\views\dashboard/pdf.php
INFO - 2020-03-17 12:19:09 --> Config Class Initialized
INFO - 2020-03-17 12:19:09 --> Hooks Class Initialized
DEBUG - 2020-03-17 12:19:09 --> UTF-8 Support Enabled
INFO - 2020-03-17 12:19:09 --> Utf8 Class Initialized
INFO - 2020-03-17 12:19:09 --> URI Class Initialized
INFO - 2020-03-17 12:19:09 --> Router Class Initialized
INFO - 2020-03-17 12:19:09 --> Output Class Initialized
INFO - 2020-03-17 12:19:09 --> Security Class Initialized
DEBUG - 2020-03-17 12:19:09 --> Global POST, GET and COOKIE data sanitized
INFO - 2020-03-17 12:19:09 --> CSRF cookie sent
INFO - 2020-03-17 12:19:09 --> Input Class Initialized
INFO - 2020-03-17 12:19:09 --> Language Class Initialized
ERROR - 2020-03-17 12:19:09 --> 404 Page Not Found: %20div%20style=/index
INFO - 2020-03-17 12:19:09 --> Config Class Initialized
INFO - 2020-03-17 12:19:09 --> Hooks Class Initialized
DEBUG - 2020-03-17 12:19:09 --> UTF-8 Support Enabled
INFO - 2020-03-17 12:19:09 --> Utf8 Class Initialized
INFO - 2020-03-17 12:19:09 --> URI Class Initialized
INFO - 2020-03-17 12:19:09 --> Router Class Initialized
INFO - 2020-03-17 12:19:09 --> Output Class Initialized
INFO - 2020-03-17 12:19:09 --> Security Class Initialized
DEBUG - 2020-03-17 12:19:09 --> Global POST, GET and COOKIE data sanitized
INFO - 2020-03-17 12:19:09 --> CSRF cookie sent
INFO - 2020-03-17 12:19:09 --> Input Class Initialized
INFO - 2020-03-17 12:19:09 --> Language Class Initialized
ERROR - 2020-03-17 12:19:09 --> 404 Page Not Found: %20div%20style=/index
INFO - 2020-03-17 12:19:18 --> Config Class Initialized
INFO - 2020-03-17 12:19:18 --> Hooks Class Initialized
DEBUG - 2020-03-17 12:19:18 --> UTF-8 Support Enabled
INFO - 2020-03-17 12:19:18 --> Utf8 Class Initialized
INFO - 2020-03-17 12:19:18 --> URI Class Initialized
INFO - 2020-03-17 12:19:18 --> Router Class Initialized
INFO - 2020-03-17 12:19:18 --> Output Class Initialized
INFO - 2020-03-17 12:19:18 --> Security Class Initialized
DEBUG - 2020-03-17 12:19:18 --> Global POST, GET and COOKIE data sanitized
INFO - 2020-03-17 12:19:18 --> CSRF cookie sent
INFO - 2020-03-17 12:19:18 --> Input Class Initialized
INFO - 2020-03-17 12:19:18 --> Language Class Initialized
INFO - 2020-03-17 12:19:18 --> Loader Class Initialized
INFO - 2020-03-17 12:19:18 --> Helper loaded: url_helper
INFO - 2020-03-17 12:19:18 --> Helper loaded: file_helper
INFO - 2020-03-17 12:19:18 --> Database Driver Class Initialized
INFO - 2020-03-17 12:19:18 --> Email Class Initialized
DEBUG - 2020-03-17 12:19:18 --> Session: "sess_save_path" is empty; using "session.save_path" value from php.ini.
INFO - 2020-03-17 12:19:18 --> Session: Class initialized using 'files' driver.
INFO - 2020-03-17 12:19:18 --> Controller Class Initialized
INFO - 2020-03-17 12:19:18 --> Model "M_auth" initialized
DEBUG - 2020-03-17 12:19:18 --> Sc_check class already loaded. Second attempt ignored.
INFO - 2020-03-17 12:19:18 --> Helper loaded: captcha_helper
INFO - 2020-03-17 12:19:18 --> Model "M_dashboard" initialized
ERROR - 2020-03-17 12:19:18 --> Severity: Notice --> Undefined property: stdClass::$priciple_signature C:\xampp\htdocs\scholarship\institute\views\dashboard\pdf.php 80
ERROR - 2020-03-17 12:19:18 --> Severity: Notice --> Undefined property: stdClass::$seal C:\xampp\htdocs\scholarship\institute\views\dashboard\pdf.php 81
INFO - 2020-03-17 12:19:18 --> File loaded: C:\xampp\htdocs\scholarship\institute\views\dashboard/pdf.php
INFO - 2020-03-17 12:19:18 --> Final output sent to browser
DEBUG - 2020-03-17 12:19:18 --> Total execution time: 0.1059
INFO - 2020-03-17 12:19:18 --> Config Class Initialized
INFO - 2020-03-17 12:19:18 --> Hooks Class Initialized
DEBUG - 2020-03-17 12:19:18 --> UTF-8 Support Enabled
INFO - 2020-03-17 12:19:18 --> Utf8 Class Initialized
INFO - 2020-03-17 12:19:18 --> URI Class Initialized
INFO - 2020-03-17 12:19:18 --> Router Class Initialized
INFO - 2020-03-17 12:19:18 --> Output Class Initialized
INFO - 2020-03-17 12:19:18 --> Security Class Initialized
DEBUG - 2020-03-17 12:19:18 --> Global POST, GET and COOKIE data sanitized
INFO - 2020-03-17 12:19:18 --> CSRF cookie sent
INFO - 2020-03-17 12:19:18 --> Input Class Initialized
INFO - 2020-03-17 12:19:18 --> Language Class Initialized
INFO - 2020-03-17 12:19:18 --> Loader Class Initialized
INFO - 2020-03-17 12:19:18 --> Helper loaded: url_helper
INFO - 2020-03-17 12:19:18 --> Helper loaded: file_helper
INFO - 2020-03-17 12:19:18 --> Database Driver Class Initialized
INFO - 2020-03-17 12:19:18 --> Email Class Initialized
DEBUG - 2020-03-17 12:19:18 --> Session: "sess_save_path" is empty; using "session.save_path" value from php.ini.
INFO - 2020-03-17 12:19:18 --> Session: Class initialized using 'files' driver.
INFO - 2020-03-17 12:19:18 --> Controller Class Initialized
INFO - 2020-03-17 12:19:18 --> Model "M_auth" initialized
DEBUG - 2020-03-17 12:19:18 --> Sc_check class already loaded. Second attempt ignored.
INFO - 2020-03-17 12:19:18 --> Helper loaded: captcha_helper
INFO - 2020-03-17 12:19:18 --> Model "M_dashboard" initialized
ERROR - 2020-03-17 12:19:18 --> Severity: Notice --> Trying to get property 'school_id' of non-object C:\xampp\htdocs\scholarship\institute\controllers\Auth.php 486
ERROR - 2020-03-17 12:19:18 --> Severity: Notice --> Trying to get property 'name' of non-object C:\xampp\htdocs\scholarship\institute\views\dashboard\pdf.php 60
ERROR - 2020-03-17 12:19:18 --> Severity: Notice --> Trying to get property 'prv_class' of non-object C:\xampp\htdocs\scholarship\institute\views\dashboard\pdf.php 61
ERROR - 2020-03-17 12:19:18 --> Severity: Notice --> Trying to get property 'prv_marks' of non-object C:\xampp\htdocs\scholarship\institute\views\dashboard\pdf.php 61
ERROR - 2020-03-17 12:19:18 --> Severity: Notice --> Trying to get property 'class' of non-object C:\xampp\htdocs\scholarship\institute\views\dashboard\pdf.php 67
ERROR - 2020-03-17 12:19:18 --> Severity: Notice --> Trying to get property 'dstctName' of non-object C:\xampp\htdocs\scholarship\institute\views\dashboard\pdf.php 74
ERROR - 2020-03-17 12:19:18 --> Severity: Notice --> Trying to get property 'talqName' of non-object C:\xampp\htdocs\scholarship\institute\views\dashboard\pdf.php 75
ERROR - 2020-03-17 12:19:18 --> Severity: Notice --> Trying to get property 'parent_phone' of non-object C:\xampp\htdocs\scholarship\institute\views\dashboard\pdf.php 77
ERROR - 2020-03-17 12:19:18 --> Severity: Notice --> Trying to get property 'priciple_signature' of non-object C:\xampp\htdocs\scholarship\institute\views\dashboard\pdf.php 80
ERROR - 2020-03-17 12:19:18 --> Severity: Notice --> Trying to get property 'seal' of non-object C:\xampp\htdocs\scholarship\institute\views\dashboard\pdf.php 81
INFO - 2020-03-17 12:19:18 --> File loaded: C:\xampp\htdocs\scholarship\institute\views\dashboard/pdf.php
INFO - 2020-03-17 12:19:18 --> Final output sent to browser
DEBUG - 2020-03-17 12:19:18 --> Total execution time: 0.2371
INFO - 2020-03-17 12:20:05 --> Config Class Initialized
INFO - 2020-03-17 12:20:05 --> Hooks Class Initialized
DEBUG - 2020-03-17 12:20:05 --> UTF-8 Support Enabled
INFO - 2020-03-17 12:20:05 --> Utf8 Class Initialized
INFO - 2020-03-17 12:20:05 --> URI Class Initialized
INFO - 2020-03-17 12:20:05 --> Router Class Initialized
INFO - 2020-03-17 12:20:05 --> Output Class Initialized
INFO - 2020-03-17 12:20:05 --> Security Class Initialized
DEBUG - 2020-03-17 12:20:05 --> Global POST, GET and COOKIE data sanitized
INFO - 2020-03-17 12:20:05 --> CSRF cookie sent
INFO - 2020-03-17 12:20:05 --> Input Class Initialized
INFO - 2020-03-17 12:20:05 --> Language Class Initialized
INFO - 2020-03-17 12:20:05 --> Loader Class Initialized
INFO - 2020-03-17 12:20:05 --> Helper loaded: url_helper
INFO - 2020-03-17 12:20:05 --> Helper loaded: file_helper
INFO - 2020-03-17 12:20:05 --> Database Driver Class Initialized
INFO - 2020-03-17 12:20:05 --> Email Class Initialized
DEBUG - 2020-03-17 12:20:05 --> Session: "sess_save_path" is empty; using "session.save_path" value from php.ini.
INFO - 2020-03-17 12:20:05 --> Session: Class initialized using 'files' driver.
INFO - 2020-03-17 12:20:05 --> Controller Class Initialized
INFO - 2020-03-17 12:20:05 --> Model "M_auth" initialized
DEBUG - 2020-03-17 12:20:05 --> Sc_check class already loaded. Second attempt ignored.
INFO - 2020-03-17 12:20:05 --> Helper loaded: captcha_helper
INFO - 2020-03-17 12:20:05 --> Model "M_dashboard" initialized
INFO - 2020-03-17 12:20:05 --> File loaded: C:\xampp\htdocs\scholarship\institute\views\dashboard/pdf.php
INFO - 2020-03-17 12:20:05 --> Final output sent to browser
DEBUG - 2020-03-17 12:20:05 --> Total execution time: 0.0929
INFO - 2020-03-17 12:20:05 --> Config Class Initialized
INFO - 2020-03-17 12:20:05 --> Config Class Initialized
INFO - 2020-03-17 12:20:05 --> Hooks Class Initialized
INFO - 2020-03-17 12:20:05 --> Hooks Class Initialized
DEBUG - 2020-03-17 12:20:05 --> UTF-8 Support Enabled
INFO - 2020-03-17 12:20:05 --> Utf8 Class Initialized
INFO - 2020-03-17 12:20:05 --> URI Class Initialized
DEBUG - 2020-03-17 12:20:05 --> UTF-8 Support Enabled
INFO - 2020-03-17 12:20:05 --> Router Class Initialized
INFO - 2020-03-17 12:20:05 --> Output Class Initialized
INFO - 2020-03-17 12:20:05 --> Security Class Initialized
INFO - 2020-03-17 12:20:05 --> Utf8 Class Initialized
DEBUG - 2020-03-17 12:20:05 --> Global POST, GET and COOKIE data sanitized
INFO - 2020-03-17 12:20:05 --> CSRF cookie sent
INFO - 2020-03-17 12:20:05 --> URI Class Initialized
INFO - 2020-03-17 12:20:05 --> Input Class Initialized
INFO - 2020-03-17 12:20:05 --> Router Class Initialized
INFO - 2020-03-17 12:20:05 --> Language Class Initialized
INFO - 2020-03-17 12:20:05 --> Output Class Initialized
ERROR - 2020-03-17 12:20:05 --> 404 Page Not Found: Student/institute-certificate
INFO - 2020-03-17 12:20:05 --> Security Class Initialized
DEBUG - 2020-03-17 12:20:05 --> Global POST, GET and COOKIE data sanitized
INFO - 2020-03-17 12:20:05 --> CSRF cookie sent
INFO - 2020-03-17 12:20:05 --> Input Class Initialized
INFO - 2020-03-17 12:20:05 --> Language Class Initialized
ERROR - 2020-03-17 12:20:05 --> 404 Page Not Found: Student/institute-certificate
INFO - 2020-03-17 12:20:43 --> Config Class Initialized
INFO - 2020-03-17 12:20:43 --> Hooks Class Initialized
DEBUG - 2020-03-17 12:20:43 --> UTF-8 Support Enabled
INFO - 2020-03-17 12:20:43 --> Utf8 Class Initialized
INFO - 2020-03-17 12:20:43 --> URI Class Initialized
INFO - 2020-03-17 12:20:43 --> Router Class Initialized
INFO - 2020-03-17 12:20:43 --> Output Class Initialized
INFO - 2020-03-17 12:20:43 --> Security Class Initialized
DEBUG - 2020-03-17 12:20:43 --> Global POST, GET and COOKIE data sanitized
INFO - 2020-03-17 12:20:43 --> CSRF cookie sent
INFO - 2020-03-17 12:20:43 --> Input Class Initialized
INFO - 2020-03-17 12:20:43 --> Language Class Initialized
INFO - 2020-03-17 12:20:43 --> Loader Class Initialized
INFO - 2020-03-17 12:20:43 --> Helper loaded: url_helper
INFO - 2020-03-17 12:20:43 --> Helper loaded: file_helper
INFO - 2020-03-17 12:20:43 --> Database Driver Class Initialized
INFO - 2020-03-17 12:20:43 --> Email Class Initialized
DEBUG - 2020-03-17 12:20:43 --> Session: "sess_save_path" is empty; using "session.save_path" value from php.ini.
INFO - 2020-03-17 12:20:43 --> Session: Class initialized using 'files' driver.
INFO - 2020-03-17 12:20:43 --> Controller Class Initialized
INFO - 2020-03-17 12:20:43 --> Model "M_auth" initialized
DEBUG - 2020-03-17 12:20:43 --> Sc_check class already loaded. Second attempt ignored.
INFO - 2020-03-17 12:20:43 --> Helper loaded: captcha_helper
INFO - 2020-03-17 12:20:43 --> Model "M_dashboard" initialized
INFO - 2020-03-17 12:20:43 --> File loaded: C:\xampp\htdocs\scholarship\institute\views\dashboard/pdf.php
INFO - 2020-03-17 12:20:43 --> Final output sent to browser
DEBUG - 2020-03-17 12:20:43 --> Total execution time: 0.1000
INFO - 2020-03-17 12:22:34 --> Config Class Initialized
INFO - 2020-03-17 12:22:34 --> Hooks Class Initialized
DEBUG - 2020-03-17 12:22:34 --> UTF-8 Support Enabled
INFO - 2020-03-17 12:22:34 --> Utf8 Class Initialized
INFO - 2020-03-17 12:22:34 --> URI Class Initialized
INFO - 2020-03-17 12:22:34 --> Router Class Initialized
INFO - 2020-03-17 12:22:34 --> Output Class Initialized
INFO - 2020-03-17 12:22:34 --> Security Class Initialized
DEBUG - 2020-03-17 12:22:34 --> Global POST, GET and COOKIE data sanitized
INFO - 2020-03-17 12:22:34 --> CSRF cookie sent
INFO - 2020-03-17 12:22:34 --> Input Class Initialized
INFO - 2020-03-17 12:22:34 --> Language Class Initialized
INFO - 2020-03-17 12:22:34 --> Loader Class Initialized
INFO - 2020-03-17 12:22:34 --> Helper loaded: url_helper
INFO - 2020-03-17 12:22:34 --> Helper loaded: file_helper
INFO - 2020-03-17 12:22:34 --> Database Driver Class Initialized
INFO - 2020-03-17 12:22:34 --> Email Class Initialized
DEBUG - 2020-03-17 12:22:34 --> Session: "sess_save_path" is empty; using "session.save_path" value from php.ini.
INFO - 2020-03-17 12:22:34 --> Session: Class initialized using 'files' driver.
INFO - 2020-03-17 12:22:34 --> Controller Class Initialized
INFO - 2020-03-17 12:22:34 --> Model "M_auth" initialized
DEBUG - 2020-03-17 12:22:34 --> Sc_check class already loaded. Second attempt ignored.
INFO - 2020-03-17 12:22:34 --> Helper loaded: captcha_helper
INFO - 2020-03-17 12:22:34 --> Model "M_dashboard" initialized
INFO - 2020-03-17 12:22:34 --> File loaded: C:\xampp\htdocs\scholarship\institute\views\dashboard/pdf.php
INFO - 2020-03-17 12:22:34 --> Final output sent to browser
DEBUG - 2020-03-17 12:22:34 --> Total execution time: 0.1158
INFO - 2020-03-17 12:23:12 --> Config Class Initialized
INFO - 2020-03-17 12:23:12 --> Hooks Class Initialized
DEBUG - 2020-03-17 12:23:12 --> UTF-8 Support Enabled
INFO - 2020-03-17 12:23:12 --> Utf8 Class Initialized
INFO - 2020-03-17 12:23:12 --> URI Class Initialized
INFO - 2020-03-17 12:23:12 --> Router Class Initialized
INFO - 2020-03-17 12:23:12 --> Output Class Initialized
INFO - 2020-03-17 12:23:12 --> Security Class Initialized
DEBUG - 2020-03-17 12:23:12 --> Global POST, GET and COOKIE data sanitized
INFO - 2020-03-17 12:23:12 --> CSRF cookie sent
INFO - 2020-03-17 12:23:12 --> Input Class Initialized
INFO - 2020-03-17 12:23:12 --> Language Class Initialized
INFO - 2020-03-17 12:23:12 --> Loader Class Initialized
INFO - 2020-03-17 12:23:12 --> Helper loaded: url_helper
INFO - 2020-03-17 12:23:12 --> Helper loaded: file_helper
INFO - 2020-03-17 12:23:12 --> Database Driver Class Initialized
INFO - 2020-03-17 12:23:12 --> Email Class Initialized
DEBUG - 2020-03-17 12:23:12 --> Session: "sess_save_path" is empty; using "session.save_path" value from php.ini.
INFO - 2020-03-17 12:23:12 --> Session: Class initialized using 'files' driver.
INFO - 2020-03-17 12:23:12 --> Controller Class Initialized
INFO - 2020-03-17 12:23:12 --> Model "M_auth" initialized
DEBUG - 2020-03-17 12:23:12 --> Sc_check class already loaded. Second attempt ignored.
INFO - 2020-03-17 12:23:12 --> Helper loaded: captcha_helper
INFO - 2020-03-17 12:23:12 --> Model "M_dashboard" initialized
INFO - 2020-03-17 12:23:12 --> File loaded: C:\xampp\htdocs\scholarship\institute\views\dashboard/pdf.php
INFO - 2020-03-17 12:23:12 --> Final output sent to browser
DEBUG - 2020-03-17 12:23:12 --> Total execution time: 0.0867
INFO - 2020-03-17 12:23:48 --> Config Class Initialized
INFO - 2020-03-17 12:23:48 --> Hooks Class Initialized
DEBUG - 2020-03-17 12:23:48 --> UTF-8 Support Enabled
INFO - 2020-03-17 12:23:48 --> Utf8 Class Initialized
INFO - 2020-03-17 12:23:48 --> URI Class Initialized
INFO - 2020-03-17 12:23:48 --> Router Class Initialized
INFO - 2020-03-17 12:23:48 --> Output Class Initialized
INFO - 2020-03-17 12:23:48 --> Security Class Initialized
DEBUG - 2020-03-17 12:23:48 --> Global POST, GET and COOKIE data sanitized
INFO - 2020-03-17 12:23:48 --> CSRF cookie sent
INFO - 2020-03-17 12:23:48 --> Input Class Initialized
INFO - 2020-03-17 12:23:48 --> Language Class Initialized
INFO - 2020-03-17 12:23:48 --> Loader Class Initialized
INFO - 2020-03-17 12:23:48 --> Helper loaded: url_helper
INFO - 2020-03-17 12:23:48 --> Helper loaded: file_helper
INFO - 2020-03-17 12:23:48 --> Database Driver Class Initialized
INFO - 2020-03-17 12:23:48 --> Email Class Initialized
DEBUG - 2020-03-17 12:23:49 --> Session: "sess_save_path" is empty; using "session.save_path" value from php.ini.
INFO - 2020-03-17 12:23:49 --> Session: Class initialized using 'files' driver.
INFO - 2020-03-17 12:23:49 --> Controller Class Initialized
INFO - 2020-03-17 12:23:49 --> Model "M_auth" initialized
DEBUG - 2020-03-17 12:23:49 --> Sc_check class already loaded. Second attempt ignored.
INFO - 2020-03-17 12:23:49 --> Helper loaded: captcha_helper
INFO - 2020-03-17 12:23:49 --> Model "M_dashboard" initialized
INFO - 2020-03-17 12:23:49 --> File loaded: C:\xampp\htdocs\scholarship\institute\views\dashboard/pdf.php
INFO - 2020-03-17 12:23:49 --> Final output sent to browser
DEBUG - 2020-03-17 12:23:49 --> Total execution time: 0.0814
INFO - 2020-03-17 12:24:12 --> Config Class Initialized
INFO - 2020-03-17 12:24:12 --> Hooks Class Initialized
DEBUG - 2020-03-17 12:24:12 --> UTF-8 Support Enabled
INFO - 2020-03-17 12:24:12 --> Utf8 Class Initialized
INFO - 2020-03-17 12:24:12 --> URI Class Initialized
INFO - 2020-03-17 12:24:12 --> Router Class Initialized
INFO - 2020-03-17 12:24:12 --> Output Class Initialized
INFO - 2020-03-17 12:24:12 --> Security Class Initialized
DEBUG - 2020-03-17 12:24:12 --> Global POST, GET and COOKIE data sanitized
INFO - 2020-03-17 12:24:12 --> CSRF cookie sent
INFO - 2020-03-17 12:24:12 --> Input Class Initialized
INFO - 2020-03-17 12:24:12 --> Language Class Initialized
INFO - 2020-03-17 12:24:12 --> Loader Class Initialized
INFO - 2020-03-17 12:24:12 --> Helper loaded: url_helper
INFO - 2020-03-17 12:24:12 --> Helper loaded: file_helper
INFO - 2020-03-17 12:24:12 --> Database Driver Class Initialized
INFO - 2020-03-17 12:24:12 --> Email Class Initialized
DEBUG - 2020-03-17 12:24:12 --> Session: "sess_save_path" is empty; using "session.save_path" value from php.ini.
INFO - 2020-03-17 12:24:12 --> Session: Class initialized using 'files' driver.
INFO - 2020-03-17 12:24:12 --> Controller Class Initialized
INFO - 2020-03-17 12:24:12 --> Model "M_auth" initialized
DEBUG - 2020-03-17 12:24:12 --> Sc_check class already loaded. Second attempt ignored.
INFO - 2020-03-17 12:24:12 --> Helper loaded: captcha_helper
INFO - 2020-03-17 12:24:12 --> Model "M_dashboard" initialized
INFO - 2020-03-17 12:24:12 --> File loaded: C:\xampp\htdocs\scholarship\institute\views\dashboard/pdf.php
INFO - 2020-03-17 12:24:12 --> Final output sent to browser
DEBUG - 2020-03-17 12:24:12 --> Total execution time: 0.1082
INFO - 2020-03-17 12:25:45 --> Config Class Initialized
INFO - 2020-03-17 12:25:45 --> Hooks Class Initialized
DEBUG - 2020-03-17 12:25:45 --> UTF-8 Support Enabled
INFO - 2020-03-17 12:25:45 --> Utf8 Class Initialized
INFO - 2020-03-17 12:25:45 --> URI Class Initialized
INFO - 2020-03-17 12:25:45 --> Router Class Initialized
INFO - 2020-03-17 12:25:45 --> Output Class Initialized
INFO - 2020-03-17 12:25:45 --> Security Class Initialized
DEBUG - 2020-03-17 12:25:45 --> Global POST, GET and COOKIE data sanitized
INFO - 2020-03-17 12:25:45 --> CSRF cookie sent
INFO - 2020-03-17 12:25:45 --> Input Class Initialized
INFO - 2020-03-17 12:25:45 --> Language Class Initialized
INFO - 2020-03-17 12:25:45 --> Loader Class Initialized
INFO - 2020-03-17 12:25:45 --> Helper loaded: url_helper
INFO - 2020-03-17 12:25:45 --> Helper loaded: file_helper
INFO - 2020-03-17 12:25:45 --> Database Driver Class Initialized
INFO - 2020-03-17 12:25:45 --> Email Class Initialized
DEBUG - 2020-03-17 12:25:45 --> Session: "sess_save_path" is empty; using "session.save_path" value from php.ini.
INFO - 2020-03-17 12:25:45 --> Session: Class initialized using 'files' driver.
INFO - 2020-03-17 12:25:45 --> Controller Class Initialized
INFO - 2020-03-17 12:25:45 --> Model "M_auth" initialized
DEBUG - 2020-03-17 12:25:45 --> Sc_check class already loaded. Second attempt ignored.
INFO - 2020-03-17 12:25:45 --> Helper loaded: captcha_helper
INFO - 2020-03-17 12:25:45 --> Model "M_dashboard" initialized
ERROR - 2020-03-17 12:25:45 --> Severity: Warning --> require_once(C:/xampp/htdocs/vendor/autoload.php): failed to open stream: No such file or directory C:\xampp\htdocs\scholarship\institute\controllers\Auth.php 487
ERROR - 2020-03-17 12:25:45 --> Severity: Compile Error --> require_once(): Failed opening required 'C:/xampp/htdocs/vendor/autoload.php' (include_path='C:\xampp\php\PEAR') C:\xampp\htdocs\scholarship\institute\controllers\Auth.php 487
