INFO - 2020-09-04 09:19:49 --> Config Class Initialized
INFO - 2020-09-04 09:19:49 --> Hooks Class Initialized
DEBUG - 2020-09-04 09:19:49 --> UTF-8 Support Enabled
INFO - 2020-09-04 09:19:49 --> Utf8 Class Initialized
INFO - 2020-09-04 09:19:49 --> URI Class Initialized
DEBUG - 2020-09-04 09:19:50 --> No URI present. Default controller set.
INFO - 2020-09-04 09:19:50 --> Router Class Initialized
INFO - 2020-09-04 09:19:50 --> Output Class Initialized
INFO - 2020-09-04 09:19:50 --> Security Class Initialized
DEBUG - 2020-09-04 09:19:50 --> Global POST, GET and COOKIE data sanitized
INFO - 2020-09-04 09:19:50 --> CSRF cookie sent
INFO - 2020-09-04 09:19:50 --> Input Class Initialized
INFO - 2020-09-04 09:19:50 --> Language Class Initialized
INFO - 2020-09-04 09:19:50 --> Loader Class Initialized
INFO - 2020-09-04 09:19:50 --> Helper loaded: url_helper
INFO - 2020-09-04 09:19:50 --> Helper loaded: file_helper
INFO - 2020-09-04 09:19:50 --> Database Driver Class Initialized
INFO - 2020-09-04 09:19:50 --> Email Class Initialized
DEBUG - 2020-09-04 09:19:50 --> Session: "sess_save_path" is empty; using "session.save_path" value from php.ini.
INFO - 2020-09-04 09:19:50 --> Session: Class initialized using 'files' driver.
INFO - 2020-09-04 09:19:50 --> Controller Class Initialized
INFO - 2020-09-04 09:19:50 --> Model "M_auth" initialized
DEBUG - 2020-09-04 09:19:50 --> Sc_check class already loaded. Second attempt ignored.
INFO - 2020-09-04 09:19:50 --> Helper loaded: captcha_helper
INFO - 2020-09-04 09:19:50 --> Helper loaded: form_helper
INFO - 2020-09-04 09:19:50 --> Form Validation Class Initialized
INFO - 2020-09-04 09:19:50 --> File loaded: C:\xampp\htdocs\scholarship\institute\views\include/header.php
INFO - 2020-09-04 09:19:50 --> File loaded: C:\xampp\htdocs\scholarship\institute\views\include/footer.php
INFO - 2020-09-04 09:19:50 --> File loaded: C:\xampp\htdocs\scholarship\institute\views\include/msg.php
INFO - 2020-09-04 09:19:50 --> File loaded: C:\xampp\htdocs\scholarship\institute\views\auth/login.php
INFO - 2020-09-04 09:19:50 --> Final output sent to browser
DEBUG - 2020-09-04 09:19:50 --> Total execution time: 0.9932
