INFO - 2020-08-26 15:55:28 --> Config Class Initialized
INFO - 2020-08-26 15:55:28 --> Hooks Class Initialized
DEBUG - 2020-08-26 15:55:28 --> UTF-8 Support Enabled
INFO - 2020-08-26 15:55:28 --> Utf8 Class Initialized
INFO - 2020-08-26 15:55:28 --> URI Class Initialized
DEBUG - 2020-08-26 15:55:28 --> No URI present. Default controller set.
INFO - 2020-08-26 15:55:28 --> Router Class Initialized
INFO - 2020-08-26 15:55:29 --> Output Class Initialized
INFO - 2020-08-26 15:55:29 --> Security Class Initialized
DEBUG - 2020-08-26 15:55:29 --> Global POST, GET and COOKIE data sanitized
INFO - 2020-08-26 15:55:29 --> CSRF cookie sent
INFO - 2020-08-26 15:55:29 --> Input Class Initialized
INFO - 2020-08-26 15:55:29 --> Language Class Initialized
INFO - 2020-08-26 15:55:29 --> Loader Class Initialized
INFO - 2020-08-26 15:55:29 --> Helper loaded: url_helper
INFO - 2020-08-26 15:55:29 --> Helper loaded: file_helper
INFO - 2020-08-26 15:55:29 --> Database Driver Class Initialized
INFO - 2020-08-26 15:55:29 --> Email Class Initialized
DEBUG - 2020-08-26 15:55:29 --> Session: "sess_save_path" is empty; using "session.save_path" value from php.ini.
INFO - 2020-08-26 15:55:29 --> Session: Class initialized using 'files' driver.
INFO - 2020-08-26 15:55:29 --> Controller Class Initialized
INFO - 2020-08-26 15:55:29 --> Model "M_auth" initialized
DEBUG - 2020-08-26 15:55:29 --> Sc_check class already loaded. Second attempt ignored.
INFO - 2020-08-26 15:55:29 --> Helper loaded: captcha_helper
INFO - 2020-08-26 15:55:29 --> File loaded: C:\xampp\htdocs\scholarship\institute\views\include/header.php
INFO - 2020-08-26 15:55:29 --> File loaded: C:\xampp\htdocs\scholarship\institute\views\include/footer.php
INFO - 2020-08-26 15:55:29 --> File loaded: C:\xampp\htdocs\scholarship\institute\views\include/msg.php
INFO - 2020-08-26 15:55:29 --> File loaded: C:\xampp\htdocs\scholarship\institute\views\auth/login.php
INFO - 2020-08-26 15:55:29 --> Final output sent to browser
DEBUG - 2020-08-26 15:55:29 --> Total execution time: 0.8693
INFO - 2020-08-26 15:55:29 --> Config Class Initialized
INFO - 2020-08-26 15:55:29 --> Hooks Class Initialized
DEBUG - 2020-08-26 15:55:29 --> UTF-8 Support Enabled
INFO - 2020-08-26 15:55:29 --> Utf8 Class Initialized
INFO - 2020-08-26 15:55:29 --> URI Class Initialized
INFO - 2020-08-26 15:55:29 --> Router Class Initialized
INFO - 2020-08-26 15:55:29 --> Output Class Initialized
INFO - 2020-08-26 15:55:29 --> Security Class Initialized
DEBUG - 2020-08-26 15:55:29 --> Global POST, GET and COOKIE data sanitized
INFO - 2020-08-26 15:55:29 --> CSRF cookie sent
INFO - 2020-08-26 15:55:29 --> Input Class Initialized
INFO - 2020-08-26 15:55:29 --> Language Class Initialized
ERROR - 2020-08-26 15:55:29 --> 404 Page Not Found: Assets/css
INFO - 2020-08-26 15:55:36 --> Config Class Initialized
INFO - 2020-08-26 15:55:36 --> Hooks Class Initialized
DEBUG - 2020-08-26 15:55:36 --> UTF-8 Support Enabled
INFO - 2020-08-26 15:55:36 --> Utf8 Class Initialized
INFO - 2020-08-26 15:55:36 --> URI Class Initialized
INFO - 2020-08-26 15:55:36 --> Router Class Initialized
INFO - 2020-08-26 15:55:36 --> Output Class Initialized
INFO - 2020-08-26 15:55:36 --> Security Class Initialized
DEBUG - 2020-08-26 15:55:36 --> Global POST, GET and COOKIE data sanitized
INFO - 2020-08-26 15:55:36 --> CSRF cookie sent
INFO - 2020-08-26 15:55:36 --> Input Class Initialized
INFO - 2020-08-26 15:55:36 --> Language Class Initialized
INFO - 2020-08-26 15:55:36 --> Loader Class Initialized
INFO - 2020-08-26 15:55:36 --> Helper loaded: url_helper
INFO - 2020-08-26 15:55:36 --> Helper loaded: file_helper
INFO - 2020-08-26 15:55:36 --> Database Driver Class Initialized
INFO - 2020-08-26 15:55:36 --> Email Class Initialized
DEBUG - 2020-08-26 15:55:36 --> Session: "sess_save_path" is empty; using "session.save_path" value from php.ini.
INFO - 2020-08-26 15:55:36 --> Session: Class initialized using 'files' driver.
INFO - 2020-08-26 15:55:36 --> Controller Class Initialized
INFO - 2020-08-26 15:55:36 --> Model "M_auth" initialized
DEBUG - 2020-08-26 15:55:36 --> Sc_check class already loaded. Second attempt ignored.
INFO - 2020-08-26 15:55:36 --> Helper loaded: captcha_helper
INFO - 2020-08-26 15:55:36 --> File loaded: C:\xampp\htdocs\scholarship\institute\views\include/header.php
INFO - 2020-08-26 15:55:36 --> File loaded: C:\xampp\htdocs\scholarship\institute\views\include/footer.php
INFO - 2020-08-26 15:55:36 --> File loaded: C:\xampp\htdocs\scholarship\institute\views\include/msg.php
INFO - 2020-08-26 15:55:36 --> File loaded: C:\xampp\htdocs\scholarship\institute\views\auth/register.php
INFO - 2020-08-26 15:55:36 --> Final output sent to browser
DEBUG - 2020-08-26 15:55:36 --> Total execution time: 0.3429
