INFO - 2020-08-29 12:46:16 --> Config Class Initialized
INFO - 2020-08-29 12:46:16 --> Hooks Class Initialized
DEBUG - 2020-08-29 12:46:16 --> UTF-8 Support Enabled
INFO - 2020-08-29 12:46:16 --> Utf8 Class Initialized
INFO - 2020-08-29 12:46:16 --> URI Class Initialized
DEBUG - 2020-08-29 12:46:16 --> No URI present. Default controller set.
INFO - 2020-08-29 12:46:16 --> Router Class Initialized
INFO - 2020-08-29 12:46:16 --> Output Class Initialized
INFO - 2020-08-29 12:46:16 --> Security Class Initialized
DEBUG - 2020-08-29 12:46:16 --> Global POST, GET and COOKIE data sanitized
INFO - 2020-08-29 12:46:16 --> CSRF cookie sent
INFO - 2020-08-29 12:46:17 --> Input Class Initialized
INFO - 2020-08-29 12:46:17 --> Language Class Initialized
INFO - 2020-08-29 12:46:17 --> Loader Class Initialized
INFO - 2020-08-29 12:46:17 --> Helper loaded: url_helper
INFO - 2020-08-29 12:46:17 --> Helper loaded: file_helper
INFO - 2020-08-29 12:46:17 --> Database Driver Class Initialized
INFO - 2020-08-29 12:46:17 --> Email Class Initialized
DEBUG - 2020-08-29 12:46:17 --> Session: "sess_save_path" is empty; using "session.save_path" value from php.ini.
INFO - 2020-08-29 12:46:17 --> Session: Class initialized using 'files' driver.
INFO - 2020-08-29 12:46:17 --> Controller Class Initialized
INFO - 2020-08-29 12:46:17 --> Model "M_auth" initialized
DEBUG - 2020-08-29 12:46:17 --> Sc_check class already loaded. Second attempt ignored.
INFO - 2020-08-29 12:46:17 --> Helper loaded: captcha_helper
INFO - 2020-08-29 12:46:17 --> File loaded: C:\xampp\htdocs\scholarship\institute\views\include/header.php
INFO - 2020-08-29 12:46:17 --> File loaded: C:\xampp\htdocs\scholarship\institute\views\include/footer.php
INFO - 2020-08-29 12:46:17 --> File loaded: C:\xampp\htdocs\scholarship\institute\views\include/msg.php
INFO - 2020-08-29 12:46:17 --> File loaded: C:\xampp\htdocs\scholarship\institute\views\auth/login.php
INFO - 2020-08-29 12:46:17 --> Final output sent to browser
DEBUG - 2020-08-29 12:46:17 --> Total execution time: 1.0119
INFO - 2020-08-29 12:46:17 --> Config Class Initialized
INFO - 2020-08-29 12:46:17 --> Hooks Class Initialized
DEBUG - 2020-08-29 12:46:17 --> UTF-8 Support Enabled
INFO - 2020-08-29 12:46:17 --> Utf8 Class Initialized
INFO - 2020-08-29 12:46:18 --> URI Class Initialized
INFO - 2020-08-29 12:46:18 --> Router Class Initialized
INFO - 2020-08-29 12:46:18 --> Output Class Initialized
INFO - 2020-08-29 12:46:18 --> Security Class Initialized
DEBUG - 2020-08-29 12:46:18 --> Global POST, GET and COOKIE data sanitized
INFO - 2020-08-29 12:46:18 --> CSRF cookie sent
INFO - 2020-08-29 12:46:18 --> Input Class Initialized
INFO - 2020-08-29 12:46:18 --> Language Class Initialized
ERROR - 2020-08-29 12:46:18 --> 404 Page Not Found: Assets/css
INFO - 2020-08-29 12:50:50 --> Config Class Initialized
INFO - 2020-08-29 12:50:50 --> Hooks Class Initialized
DEBUG - 2020-08-29 12:50:50 --> UTF-8 Support Enabled
INFO - 2020-08-29 12:50:50 --> Utf8 Class Initialized
INFO - 2020-08-29 12:50:50 --> URI Class Initialized
INFO - 2020-08-29 12:50:50 --> Router Class Initialized
INFO - 2020-08-29 12:50:50 --> Output Class Initialized
INFO - 2020-08-29 12:50:50 --> Security Class Initialized
DEBUG - 2020-08-29 12:50:50 --> Global POST, GET and COOKIE data sanitized
INFO - 2020-08-29 12:50:50 --> CSRF cookie sent
INFO - 2020-08-29 12:50:50 --> Input Class Initialized
INFO - 2020-08-29 12:50:50 --> Language Class Initialized
INFO - 2020-08-29 12:50:50 --> Loader Class Initialized
INFO - 2020-08-29 12:50:50 --> Helper loaded: url_helper
INFO - 2020-08-29 12:50:50 --> Helper loaded: file_helper
INFO - 2020-08-29 12:50:50 --> Database Driver Class Initialized
INFO - 2020-08-29 12:50:50 --> Email Class Initialized
DEBUG - 2020-08-29 12:50:50 --> Session: "sess_save_path" is empty; using "session.save_path" value from php.ini.
INFO - 2020-08-29 12:50:50 --> Session: Class initialized using 'files' driver.
INFO - 2020-08-29 12:50:50 --> Controller Class Initialized
INFO - 2020-08-29 12:50:50 --> Model "M_auth" initialized
DEBUG - 2020-08-29 12:50:50 --> Sc_check class already loaded. Second attempt ignored.
INFO - 2020-08-29 12:50:50 --> Helper loaded: captcha_helper
INFO - 2020-08-29 12:50:50 --> File loaded: C:\xampp\htdocs\scholarship\institute\views\include/header.php
INFO - 2020-08-29 12:50:50 --> File loaded: C:\xampp\htdocs\scholarship\institute\views\include/footer.php
INFO - 2020-08-29 12:50:50 --> File loaded: C:\xampp\htdocs\scholarship\institute\views\include/msg.php
INFO - 2020-08-29 12:50:50 --> File loaded: C:\xampp\htdocs\scholarship\institute\views\auth/register.php
INFO - 2020-08-29 12:50:50 --> Final output sent to browser
DEBUG - 2020-08-29 12:50:50 --> Total execution time: 0.2759
INFO - 2020-08-29 12:50:52 --> Config Class Initialized
INFO - 2020-08-29 12:50:52 --> Hooks Class Initialized
DEBUG - 2020-08-29 12:50:52 --> UTF-8 Support Enabled
INFO - 2020-08-29 12:50:52 --> Utf8 Class Initialized
INFO - 2020-08-29 12:50:52 --> URI Class Initialized
INFO - 2020-08-29 12:50:52 --> Router Class Initialized
INFO - 2020-08-29 12:50:52 --> Output Class Initialized
INFO - 2020-08-29 12:50:52 --> Security Class Initialized
DEBUG - 2020-08-29 12:50:52 --> Global POST, GET and COOKIE data sanitized
INFO - 2020-08-29 12:50:52 --> CSRF cookie sent
INFO - 2020-08-29 12:50:52 --> CSRF token verified
INFO - 2020-08-29 12:50:52 --> Input Class Initialized
INFO - 2020-08-29 12:50:52 --> Language Class Initialized
INFO - 2020-08-29 12:50:52 --> Loader Class Initialized
INFO - 2020-08-29 12:50:52 --> Helper loaded: url_helper
INFO - 2020-08-29 12:50:52 --> Helper loaded: file_helper
INFO - 2020-08-29 12:50:52 --> Database Driver Class Initialized
INFO - 2020-08-29 12:50:52 --> Email Class Initialized
DEBUG - 2020-08-29 12:50:52 --> Session: "sess_save_path" is empty; using "session.save_path" value from php.ini.
INFO - 2020-08-29 12:50:52 --> Session: Class initialized using 'files' driver.
INFO - 2020-08-29 12:50:52 --> Controller Class Initialized
INFO - 2020-08-29 12:50:52 --> Model "M_auth" initialized
DEBUG - 2020-08-29 12:50:52 --> Sc_check class already loaded. Second attempt ignored.
INFO - 2020-08-29 12:50:52 --> Helper loaded: captcha_helper
INFO - 2020-08-29 12:50:52 --> Final output sent to browser
DEBUG - 2020-08-29 12:50:52 --> Total execution time: 0.3785
INFO - 2020-08-29 12:50:54 --> Config Class Initialized
INFO - 2020-08-29 12:50:54 --> Hooks Class Initialized
DEBUG - 2020-08-29 12:50:54 --> UTF-8 Support Enabled
INFO - 2020-08-29 12:50:54 --> Utf8 Class Initialized
INFO - 2020-08-29 12:50:54 --> URI Class Initialized
INFO - 2020-08-29 12:50:54 --> Router Class Initialized
INFO - 2020-08-29 12:50:54 --> Output Class Initialized
INFO - 2020-08-29 12:50:54 --> Security Class Initialized
DEBUG - 2020-08-29 12:50:54 --> Global POST, GET and COOKIE data sanitized
INFO - 2020-08-29 12:50:54 --> CSRF cookie sent
INFO - 2020-08-29 12:50:54 --> CSRF token verified
INFO - 2020-08-29 12:50:54 --> Input Class Initialized
INFO - 2020-08-29 12:50:54 --> Language Class Initialized
INFO - 2020-08-29 12:50:54 --> Loader Class Initialized
INFO - 2020-08-29 12:50:54 --> Helper loaded: url_helper
INFO - 2020-08-29 12:50:54 --> Helper loaded: file_helper
INFO - 2020-08-29 12:50:54 --> Database Driver Class Initialized
INFO - 2020-08-29 12:50:54 --> Email Class Initialized
DEBUG - 2020-08-29 12:50:54 --> Session: "sess_save_path" is empty; using "session.save_path" value from php.ini.
INFO - 2020-08-29 12:50:54 --> Session: Class initialized using 'files' driver.
INFO - 2020-08-29 12:50:54 --> Controller Class Initialized
INFO - 2020-08-29 12:50:54 --> Model "M_auth" initialized
DEBUG - 2020-08-29 12:50:54 --> Sc_check class already loaded. Second attempt ignored.
INFO - 2020-08-29 12:50:54 --> Helper loaded: captcha_helper
INFO - 2020-08-29 12:50:54 --> Final output sent to browser
DEBUG - 2020-08-29 12:50:54 --> Total execution time: 0.2397
INFO - 2020-08-29 12:50:56 --> Config Class Initialized
INFO - 2020-08-29 12:50:56 --> Hooks Class Initialized
DEBUG - 2020-08-29 12:50:56 --> UTF-8 Support Enabled
INFO - 2020-08-29 12:50:56 --> Utf8 Class Initialized
INFO - 2020-08-29 12:50:56 --> URI Class Initialized
INFO - 2020-08-29 12:50:56 --> Router Class Initialized
INFO - 2020-08-29 12:50:56 --> Output Class Initialized
INFO - 2020-08-29 12:50:56 --> Security Class Initialized
DEBUG - 2020-08-29 12:50:56 --> Global POST, GET and COOKIE data sanitized
INFO - 2020-08-29 12:50:56 --> CSRF cookie sent
INFO - 2020-08-29 12:50:56 --> CSRF token verified
INFO - 2020-08-29 12:50:56 --> Input Class Initialized
INFO - 2020-08-29 12:50:56 --> Language Class Initialized
INFO - 2020-08-29 12:50:56 --> Loader Class Initialized
INFO - 2020-08-29 12:50:56 --> Helper loaded: url_helper
INFO - 2020-08-29 12:50:56 --> Helper loaded: file_helper
INFO - 2020-08-29 12:50:56 --> Database Driver Class Initialized
INFO - 2020-08-29 12:50:56 --> Email Class Initialized
DEBUG - 2020-08-29 12:50:56 --> Session: "sess_save_path" is empty; using "session.save_path" value from php.ini.
INFO - 2020-08-29 12:50:56 --> Session: Class initialized using 'files' driver.
INFO - 2020-08-29 12:50:56 --> Controller Class Initialized
INFO - 2020-08-29 12:50:56 --> Model "M_auth" initialized
DEBUG - 2020-08-29 12:50:56 --> Sc_check class already loaded. Second attempt ignored.
INFO - 2020-08-29 12:50:56 --> Helper loaded: captcha_helper
INFO - 2020-08-29 12:50:56 --> Final output sent to browser
DEBUG - 2020-08-29 12:50:56 --> Total execution time: 0.3073
INFO - 2020-08-29 12:50:58 --> Config Class Initialized
INFO - 2020-08-29 12:50:58 --> Hooks Class Initialized
DEBUG - 2020-08-29 12:50:58 --> UTF-8 Support Enabled
INFO - 2020-08-29 12:50:58 --> Utf8 Class Initialized
INFO - 2020-08-29 12:50:58 --> URI Class Initialized
INFO - 2020-08-29 12:50:58 --> Router Class Initialized
INFO - 2020-08-29 12:50:58 --> Output Class Initialized
INFO - 2020-08-29 12:50:58 --> Security Class Initialized
DEBUG - 2020-08-29 12:50:58 --> Global POST, GET and COOKIE data sanitized
INFO - 2020-08-29 12:50:58 --> CSRF cookie sent
INFO - 2020-08-29 12:50:58 --> CSRF token verified
INFO - 2020-08-29 12:50:58 --> Input Class Initialized
INFO - 2020-08-29 12:50:58 --> Language Class Initialized
INFO - 2020-08-29 12:50:58 --> Loader Class Initialized
INFO - 2020-08-29 12:50:58 --> Helper loaded: url_helper
INFO - 2020-08-29 12:50:58 --> Helper loaded: file_helper
INFO - 2020-08-29 12:50:58 --> Database Driver Class Initialized
INFO - 2020-08-29 12:50:58 --> Email Class Initialized
DEBUG - 2020-08-29 12:50:58 --> Session: "sess_save_path" is empty; using "session.save_path" value from php.ini.
INFO - 2020-08-29 12:50:58 --> Session: Class initialized using 'files' driver.
INFO - 2020-08-29 12:50:58 --> Controller Class Initialized
INFO - 2020-08-29 12:50:58 --> Model "M_auth" initialized
DEBUG - 2020-08-29 12:50:58 --> Sc_check class already loaded. Second attempt ignored.
INFO - 2020-08-29 12:50:58 --> Helper loaded: captcha_helper
INFO - 2020-08-29 12:50:58 --> Final output sent to browser
DEBUG - 2020-08-29 12:50:58 --> Total execution time: 0.3082
INFO - 2020-08-29 12:51:05 --> Config Class Initialized
INFO - 2020-08-29 12:51:05 --> Hooks Class Initialized
DEBUG - 2020-08-29 12:51:05 --> UTF-8 Support Enabled
INFO - 2020-08-29 12:51:05 --> Utf8 Class Initialized
INFO - 2020-08-29 12:51:05 --> URI Class Initialized
INFO - 2020-08-29 12:51:05 --> Router Class Initialized
INFO - 2020-08-29 12:51:05 --> Output Class Initialized
INFO - 2020-08-29 12:51:05 --> Security Class Initialized
DEBUG - 2020-08-29 12:51:05 --> Global POST, GET and COOKIE data sanitized
INFO - 2020-08-29 12:51:05 --> CSRF cookie sent
INFO - 2020-08-29 12:51:05 --> CSRF token verified
INFO - 2020-08-29 12:51:05 --> Input Class Initialized
INFO - 2020-08-29 12:51:05 --> Language Class Initialized
INFO - 2020-08-29 12:51:05 --> Loader Class Initialized
INFO - 2020-08-29 12:51:05 --> Helper loaded: url_helper
INFO - 2020-08-29 12:51:05 --> Helper loaded: file_helper
INFO - 2020-08-29 12:51:05 --> Database Driver Class Initialized
INFO - 2020-08-29 12:51:05 --> Email Class Initialized
DEBUG - 2020-08-29 12:51:05 --> Session: "sess_save_path" is empty; using "session.save_path" value from php.ini.
INFO - 2020-08-29 12:51:05 --> Session: Class initialized using 'files' driver.
INFO - 2020-08-29 12:51:05 --> Controller Class Initialized
INFO - 2020-08-29 12:51:05 --> Model "M_auth" initialized
DEBUG - 2020-08-29 12:51:05 --> Sc_check class already loaded. Second attempt ignored.
INFO - 2020-08-29 12:51:05 --> Helper loaded: captcha_helper
INFO - 2020-08-29 12:51:05 --> Final output sent to browser
DEBUG - 2020-08-29 12:51:05 --> Total execution time: 0.2984
INFO - 2020-08-29 12:51:22 --> Config Class Initialized
INFO - 2020-08-29 12:51:22 --> Hooks Class Initialized
DEBUG - 2020-08-29 12:51:22 --> UTF-8 Support Enabled
INFO - 2020-08-29 12:51:22 --> Utf8 Class Initialized
INFO - 2020-08-29 12:51:22 --> URI Class Initialized
INFO - 2020-08-29 12:51:22 --> Router Class Initialized
INFO - 2020-08-29 12:51:22 --> Output Class Initialized
INFO - 2020-08-29 12:51:22 --> Security Class Initialized
DEBUG - 2020-08-29 12:51:22 --> Global POST, GET and COOKIE data sanitized
INFO - 2020-08-29 12:51:22 --> CSRF cookie sent
INFO - 2020-08-29 12:51:22 --> CSRF token verified
INFO - 2020-08-29 12:51:22 --> Input Class Initialized
INFO - 2020-08-29 12:51:22 --> Language Class Initialized
INFO - 2020-08-29 12:51:22 --> Loader Class Initialized
INFO - 2020-08-29 12:51:22 --> Helper loaded: url_helper
INFO - 2020-08-29 12:51:22 --> Helper loaded: file_helper
INFO - 2020-08-29 12:51:22 --> Database Driver Class Initialized
INFO - 2020-08-29 12:51:22 --> Email Class Initialized
DEBUG - 2020-08-29 12:51:22 --> Session: "sess_save_path" is empty; using "session.save_path" value from php.ini.
INFO - 2020-08-29 12:51:22 --> Session: Class initialized using 'files' driver.
INFO - 2020-08-29 12:51:22 --> Controller Class Initialized
INFO - 2020-08-29 12:51:22 --> Model "M_auth" initialized
DEBUG - 2020-08-29 12:51:22 --> Sc_check class already loaded. Second attempt ignored.
INFO - 2020-08-29 12:51:22 --> Helper loaded: captcha_helper
INFO - 2020-08-29 12:51:22 --> Helper loaded: form_helper
INFO - 2020-08-29 12:51:22 --> Form Validation Class Initialized
INFO - 2020-08-29 12:51:22 --> Language file loaded: language/english/form_validation_lang.php
INFO - 2020-08-29 12:51:22 --> Upload Class Initialized
DEBUG - 2020-08-29 12:51:22 --> Upload class already loaded. Second attempt ignored.
DEBUG - 2020-08-29 12:51:23 --> Upload class already loaded. Second attempt ignored.
INFO - 2020-08-29 12:51:23 --> Helper loaded: string_helper
DEBUG - 2020-08-29 12:51:23 --> Config file loaded: C:\xampp\htdocs\scholarship\institute\config/email.php
DEBUG - 2020-08-29 12:51:23 --> Email class already loaded. Second attempt ignored.
INFO - 2020-08-29 12:51:23 --> File loaded: C:\xampp\htdocs\scholarship\institute\views\mail/reg-verify.php
INFO - 2020-08-29 12:51:25 --> Language file loaded: language/english/email_lang.php
INFO - 2020-08-29 12:51:29 --> File loaded: C:\xampp\htdocs\scholarship\institute\views\include/header.php
INFO - 2020-08-29 12:51:29 --> File loaded: C:\xampp\htdocs\scholarship\institute\views\include/footer.php
INFO - 2020-08-29 12:51:30 --> File loaded: C:\xampp\htdocs\scholarship\institute\views\auth/reg-thank.php
INFO - 2020-08-29 12:51:30 --> Final output sent to browser
DEBUG - 2020-08-29 12:51:30 --> Total execution time: 7.5020
INFO - 2020-08-29 12:51:30 --> Config Class Initialized
INFO - 2020-08-29 12:51:30 --> Hooks Class Initialized
INFO - 2020-08-29 12:51:30 --> Config Class Initialized
INFO - 2020-08-29 12:51:30 --> Hooks Class Initialized
DEBUG - 2020-08-29 12:51:30 --> UTF-8 Support Enabled
INFO - 2020-08-29 12:51:30 --> Utf8 Class Initialized
INFO - 2020-08-29 12:51:30 --> URI Class Initialized
DEBUG - 2020-08-29 12:51:30 --> UTF-8 Support Enabled
INFO - 2020-08-29 12:51:30 --> Utf8 Class Initialized
INFO - 2020-08-29 12:51:30 --> URI Class Initialized
INFO - 2020-08-29 12:51:30 --> Router Class Initialized
INFO - 2020-08-29 12:51:30 --> Output Class Initialized
INFO - 2020-08-29 12:51:30 --> Router Class Initialized
INFO - 2020-08-29 12:51:30 --> Output Class Initialized
INFO - 2020-08-29 12:51:30 --> Security Class Initialized
DEBUG - 2020-08-29 12:51:30 --> Global POST, GET and COOKIE data sanitized
INFO - 2020-08-29 12:51:30 --> CSRF cookie sent
INFO - 2020-08-29 12:51:30 --> Input Class Initialized
INFO - 2020-08-29 12:51:30 --> Language Class Initialized
ERROR - 2020-08-29 12:51:30 --> 404 Page Not Found: Assets/js
INFO - 2020-08-29 12:51:30 --> Security Class Initialized
DEBUG - 2020-08-29 12:51:30 --> Global POST, GET and COOKIE data sanitized
INFO - 2020-08-29 12:51:30 --> CSRF cookie sent
INFO - 2020-08-29 12:51:30 --> Input Class Initialized
INFO - 2020-08-29 12:51:30 --> Language Class Initialized
ERROR - 2020-08-29 12:51:30 --> 404 Page Not Found: Assets/js
INFO - 2020-08-29 12:51:30 --> Config Class Initialized
INFO - 2020-08-29 12:51:30 --> Hooks Class Initialized
DEBUG - 2020-08-29 12:51:30 --> UTF-8 Support Enabled
INFO - 2020-08-29 12:51:30 --> Utf8 Class Initialized
INFO - 2020-08-29 12:51:30 --> URI Class Initialized
INFO - 2020-08-29 12:51:30 --> Router Class Initialized
INFO - 2020-08-29 12:51:30 --> Output Class Initialized
INFO - 2020-08-29 12:51:30 --> Security Class Initialized
DEBUG - 2020-08-29 12:51:30 --> Global POST, GET and COOKIE data sanitized
INFO - 2020-08-29 12:51:30 --> CSRF cookie sent
INFO - 2020-08-29 12:51:30 --> Input Class Initialized
INFO - 2020-08-29 12:51:30 --> Language Class Initialized
ERROR - 2020-08-29 12:51:30 --> 404 Page Not Found: Assets/js
INFO - 2020-08-29 12:51:37 --> Config Class Initialized
INFO - 2020-08-29 12:51:37 --> Hooks Class Initialized
DEBUG - 2020-08-29 12:51:37 --> UTF-8 Support Enabled
INFO - 2020-08-29 12:51:37 --> Utf8 Class Initialized
INFO - 2020-08-29 12:51:37 --> URI Class Initialized
INFO - 2020-08-29 12:51:37 --> Router Class Initialized
INFO - 2020-08-29 12:51:37 --> Output Class Initialized
INFO - 2020-08-29 12:51:37 --> Security Class Initialized
DEBUG - 2020-08-29 12:51:37 --> Global POST, GET and COOKIE data sanitized
INFO - 2020-08-29 12:51:37 --> CSRF cookie sent
INFO - 2020-08-29 12:51:37 --> Input Class Initialized
INFO - 2020-08-29 12:51:37 --> Language Class Initialized
INFO - 2020-08-29 12:51:37 --> Loader Class Initialized
INFO - 2020-08-29 12:51:37 --> Helper loaded: url_helper
INFO - 2020-08-29 12:51:37 --> Helper loaded: file_helper
INFO - 2020-08-29 12:51:37 --> Database Driver Class Initialized
INFO - 2020-08-29 12:51:37 --> Email Class Initialized
DEBUG - 2020-08-29 12:51:37 --> Session: "sess_save_path" is empty; using "session.save_path" value from php.ini.
INFO - 2020-08-29 12:51:37 --> Session: Class initialized using 'files' driver.
INFO - 2020-08-29 12:51:37 --> Controller Class Initialized
INFO - 2020-08-29 12:51:37 --> Model "M_auth" initialized
DEBUG - 2020-08-29 12:51:37 --> Sc_check class already loaded. Second attempt ignored.
INFO - 2020-08-29 12:51:37 --> Helper loaded: captcha_helper
INFO - 2020-08-29 12:51:37 --> File loaded: C:\xampp\htdocs\scholarship\institute\views\include/header.php
INFO - 2020-08-29 12:51:37 --> File loaded: C:\xampp\htdocs\scholarship\institute\views\include/footer.php
INFO - 2020-08-29 12:51:37 --> File loaded: C:\xampp\htdocs\scholarship\institute\views\include/msg.php
INFO - 2020-08-29 12:51:37 --> File loaded: C:\xampp\htdocs\scholarship\institute\views\auth/register.php
INFO - 2020-08-29 12:51:37 --> Final output sent to browser
DEBUG - 2020-08-29 12:51:37 --> Total execution time: 0.2987
INFO - 2020-08-29 12:51:40 --> Config Class Initialized
INFO - 2020-08-29 12:51:40 --> Hooks Class Initialized
DEBUG - 2020-08-29 12:51:40 --> UTF-8 Support Enabled
INFO - 2020-08-29 12:51:40 --> Utf8 Class Initialized
INFO - 2020-08-29 12:51:40 --> URI Class Initialized
INFO - 2020-08-29 12:51:40 --> Router Class Initialized
INFO - 2020-08-29 12:51:40 --> Output Class Initialized
INFO - 2020-08-29 12:51:40 --> Security Class Initialized
DEBUG - 2020-08-29 12:51:40 --> Global POST, GET and COOKIE data sanitized
INFO - 2020-08-29 12:51:40 --> CSRF cookie sent
INFO - 2020-08-29 12:51:40 --> CSRF token verified
INFO - 2020-08-29 12:51:40 --> Input Class Initialized
INFO - 2020-08-29 12:51:40 --> Language Class Initialized
INFO - 2020-08-29 12:51:40 --> Loader Class Initialized
INFO - 2020-08-29 12:51:40 --> Helper loaded: url_helper
INFO - 2020-08-29 12:51:40 --> Helper loaded: file_helper
INFO - 2020-08-29 12:51:40 --> Database Driver Class Initialized
INFO - 2020-08-29 12:51:40 --> Email Class Initialized
DEBUG - 2020-08-29 12:51:40 --> Session: "sess_save_path" is empty; using "session.save_path" value from php.ini.
INFO - 2020-08-29 12:51:40 --> Session: Class initialized using 'files' driver.
INFO - 2020-08-29 12:51:40 --> Controller Class Initialized
INFO - 2020-08-29 12:51:40 --> Model "M_auth" initialized
DEBUG - 2020-08-29 12:51:40 --> Sc_check class already loaded. Second attempt ignored.
INFO - 2020-08-29 12:51:40 --> Helper loaded: captcha_helper
INFO - 2020-08-29 12:51:40 --> Final output sent to browser
DEBUG - 2020-08-29 12:51:40 --> Total execution time: 0.2354
INFO - 2020-08-29 12:51:41 --> Config Class Initialized
INFO - 2020-08-29 12:51:41 --> Hooks Class Initialized
DEBUG - 2020-08-29 12:51:41 --> UTF-8 Support Enabled
INFO - 2020-08-29 12:51:41 --> Utf8 Class Initialized
INFO - 2020-08-29 12:51:41 --> URI Class Initialized
INFO - 2020-08-29 12:51:41 --> Router Class Initialized
INFO - 2020-08-29 12:51:41 --> Output Class Initialized
INFO - 2020-08-29 12:51:41 --> Security Class Initialized
DEBUG - 2020-08-29 12:51:41 --> Global POST, GET and COOKIE data sanitized
INFO - 2020-08-29 12:51:41 --> CSRF cookie sent
INFO - 2020-08-29 12:51:41 --> CSRF token verified
INFO - 2020-08-29 12:51:41 --> Input Class Initialized
INFO - 2020-08-29 12:51:41 --> Language Class Initialized
INFO - 2020-08-29 12:51:41 --> Loader Class Initialized
INFO - 2020-08-29 12:51:41 --> Helper loaded: url_helper
INFO - 2020-08-29 12:51:41 --> Helper loaded: file_helper
INFO - 2020-08-29 12:51:41 --> Database Driver Class Initialized
INFO - 2020-08-29 12:51:41 --> Email Class Initialized
DEBUG - 2020-08-29 12:51:41 --> Session: "sess_save_path" is empty; using "session.save_path" value from php.ini.
INFO - 2020-08-29 12:51:41 --> Session: Class initialized using 'files' driver.
INFO - 2020-08-29 12:51:41 --> Controller Class Initialized
INFO - 2020-08-29 12:51:41 --> Model "M_auth" initialized
DEBUG - 2020-08-29 12:51:41 --> Sc_check class already loaded. Second attempt ignored.
INFO - 2020-08-29 12:51:41 --> Helper loaded: captcha_helper
INFO - 2020-08-29 12:51:41 --> Final output sent to browser
DEBUG - 2020-08-29 12:51:41 --> Total execution time: 0.2716
INFO - 2020-08-29 12:51:45 --> Config Class Initialized
INFO - 2020-08-29 12:51:45 --> Hooks Class Initialized
DEBUG - 2020-08-29 12:51:45 --> UTF-8 Support Enabled
INFO - 2020-08-29 12:51:45 --> Utf8 Class Initialized
INFO - 2020-08-29 12:51:45 --> URI Class Initialized
INFO - 2020-08-29 12:51:45 --> Router Class Initialized
INFO - 2020-08-29 12:51:45 --> Output Class Initialized
INFO - 2020-08-29 12:51:45 --> Security Class Initialized
DEBUG - 2020-08-29 12:51:45 --> Global POST, GET and COOKIE data sanitized
INFO - 2020-08-29 12:51:45 --> CSRF cookie sent
INFO - 2020-08-29 12:51:45 --> CSRF token verified
INFO - 2020-08-29 12:51:45 --> Input Class Initialized
INFO - 2020-08-29 12:51:45 --> Language Class Initialized
INFO - 2020-08-29 12:51:45 --> Loader Class Initialized
INFO - 2020-08-29 12:51:45 --> Helper loaded: url_helper
INFO - 2020-08-29 12:51:45 --> Helper loaded: file_helper
INFO - 2020-08-29 12:51:45 --> Database Driver Class Initialized
INFO - 2020-08-29 12:51:45 --> Email Class Initialized
DEBUG - 2020-08-29 12:51:45 --> Session: "sess_save_path" is empty; using "session.save_path" value from php.ini.
INFO - 2020-08-29 12:51:45 --> Session: Class initialized using 'files' driver.
INFO - 2020-08-29 12:51:45 --> Controller Class Initialized
INFO - 2020-08-29 12:51:45 --> Model "M_auth" initialized
DEBUG - 2020-08-29 12:51:45 --> Sc_check class already loaded. Second attempt ignored.
INFO - 2020-08-29 12:51:45 --> Helper loaded: captcha_helper
INFO - 2020-08-29 12:51:45 --> Final output sent to browser
DEBUG - 2020-08-29 12:51:45 --> Total execution time: 0.2262
INFO - 2020-08-29 12:51:46 --> Config Class Initialized
INFO - 2020-08-29 12:51:46 --> Hooks Class Initialized
DEBUG - 2020-08-29 12:51:46 --> UTF-8 Support Enabled
INFO - 2020-08-29 12:51:46 --> Utf8 Class Initialized
INFO - 2020-08-29 12:51:46 --> URI Class Initialized
INFO - 2020-08-29 12:51:47 --> Router Class Initialized
INFO - 2020-08-29 12:51:47 --> Output Class Initialized
INFO - 2020-08-29 12:51:47 --> Security Class Initialized
DEBUG - 2020-08-29 12:51:47 --> Global POST, GET and COOKIE data sanitized
INFO - 2020-08-29 12:51:47 --> CSRF cookie sent
INFO - 2020-08-29 12:51:47 --> CSRF token verified
INFO - 2020-08-29 12:51:47 --> Input Class Initialized
INFO - 2020-08-29 12:51:47 --> Language Class Initialized
INFO - 2020-08-29 12:51:47 --> Loader Class Initialized
INFO - 2020-08-29 12:51:47 --> Helper loaded: url_helper
INFO - 2020-08-29 12:51:47 --> Helper loaded: file_helper
INFO - 2020-08-29 12:51:47 --> Database Driver Class Initialized
INFO - 2020-08-29 12:51:47 --> Email Class Initialized
DEBUG - 2020-08-29 12:51:47 --> Session: "sess_save_path" is empty; using "session.save_path" value from php.ini.
INFO - 2020-08-29 12:51:47 --> Session: Class initialized using 'files' driver.
INFO - 2020-08-29 12:51:47 --> Controller Class Initialized
INFO - 2020-08-29 12:51:47 --> Model "M_auth" initialized
DEBUG - 2020-08-29 12:51:47 --> Sc_check class already loaded. Second attempt ignored.
INFO - 2020-08-29 12:51:47 --> Helper loaded: captcha_helper
INFO - 2020-08-29 12:51:47 --> Final output sent to browser
DEBUG - 2020-08-29 12:51:47 --> Total execution time: 0.2221
INFO - 2020-08-29 12:51:48 --> Config Class Initialized
INFO - 2020-08-29 12:51:48 --> Hooks Class Initialized
DEBUG - 2020-08-29 12:51:48 --> UTF-8 Support Enabled
INFO - 2020-08-29 12:51:48 --> Utf8 Class Initialized
INFO - 2020-08-29 12:51:48 --> URI Class Initialized
INFO - 2020-08-29 12:51:48 --> Router Class Initialized
INFO - 2020-08-29 12:51:48 --> Output Class Initialized
INFO - 2020-08-29 12:51:48 --> Security Class Initialized
DEBUG - 2020-08-29 12:51:48 --> Global POST, GET and COOKIE data sanitized
INFO - 2020-08-29 12:51:48 --> CSRF cookie sent
INFO - 2020-08-29 12:51:48 --> CSRF token verified
INFO - 2020-08-29 12:51:48 --> Input Class Initialized
INFO - 2020-08-29 12:51:48 --> Language Class Initialized
INFO - 2020-08-29 12:51:48 --> Loader Class Initialized
INFO - 2020-08-29 12:51:48 --> Helper loaded: url_helper
INFO - 2020-08-29 12:51:48 --> Helper loaded: file_helper
INFO - 2020-08-29 12:51:48 --> Database Driver Class Initialized
INFO - 2020-08-29 12:51:48 --> Email Class Initialized
DEBUG - 2020-08-29 12:51:48 --> Session: "sess_save_path" is empty; using "session.save_path" value from php.ini.
INFO - 2020-08-29 12:51:48 --> Session: Class initialized using 'files' driver.
INFO - 2020-08-29 12:51:48 --> Controller Class Initialized
INFO - 2020-08-29 12:51:48 --> Model "M_auth" initialized
DEBUG - 2020-08-29 12:51:48 --> Sc_check class already loaded. Second attempt ignored.
INFO - 2020-08-29 12:51:48 --> Helper loaded: captcha_helper
INFO - 2020-08-29 12:51:48 --> Final output sent to browser
DEBUG - 2020-08-29 12:51:48 --> Total execution time: 0.2583
INFO - 2020-08-29 12:51:52 --> Config Class Initialized
INFO - 2020-08-29 12:51:52 --> Hooks Class Initialized
DEBUG - 2020-08-29 12:51:52 --> UTF-8 Support Enabled
INFO - 2020-08-29 12:51:52 --> Utf8 Class Initialized
INFO - 2020-08-29 12:51:52 --> URI Class Initialized
INFO - 2020-08-29 12:51:52 --> Router Class Initialized
INFO - 2020-08-29 12:51:52 --> Output Class Initialized
INFO - 2020-08-29 12:51:52 --> Security Class Initialized
DEBUG - 2020-08-29 12:51:52 --> Global POST, GET and COOKIE data sanitized
INFO - 2020-08-29 12:51:52 --> CSRF cookie sent
INFO - 2020-08-29 12:51:52 --> CSRF token verified
INFO - 2020-08-29 12:51:52 --> Input Class Initialized
INFO - 2020-08-29 12:51:52 --> Language Class Initialized
INFO - 2020-08-29 12:51:52 --> Loader Class Initialized
INFO - 2020-08-29 12:51:52 --> Helper loaded: url_helper
INFO - 2020-08-29 12:51:52 --> Helper loaded: file_helper
INFO - 2020-08-29 12:51:52 --> Database Driver Class Initialized
INFO - 2020-08-29 12:51:52 --> Email Class Initialized
DEBUG - 2020-08-29 12:51:52 --> Session: "sess_save_path" is empty; using "session.save_path" value from php.ini.
INFO - 2020-08-29 12:51:52 --> Session: Class initialized using 'files' driver.
INFO - 2020-08-29 12:51:52 --> Controller Class Initialized
INFO - 2020-08-29 12:51:52 --> Model "M_auth" initialized
DEBUG - 2020-08-29 12:51:52 --> Sc_check class already loaded. Second attempt ignored.
INFO - 2020-08-29 12:51:52 --> Helper loaded: captcha_helper
INFO - 2020-08-29 12:51:52 --> Final output sent to browser
DEBUG - 2020-08-29 12:51:52 --> Total execution time: 0.2954
INFO - 2020-08-29 12:51:59 --> Config Class Initialized
INFO - 2020-08-29 12:51:59 --> Hooks Class Initialized
DEBUG - 2020-08-29 12:51:59 --> UTF-8 Support Enabled
INFO - 2020-08-29 12:51:59 --> Utf8 Class Initialized
INFO - 2020-08-29 12:51:59 --> URI Class Initialized
INFO - 2020-08-29 12:51:59 --> Router Class Initialized
INFO - 2020-08-29 12:51:59 --> Output Class Initialized
INFO - 2020-08-29 12:51:59 --> Security Class Initialized
DEBUG - 2020-08-29 12:51:59 --> Global POST, GET and COOKIE data sanitized
INFO - 2020-08-29 12:51:59 --> CSRF cookie sent
INFO - 2020-08-29 12:51:59 --> CSRF token verified
INFO - 2020-08-29 12:51:59 --> Input Class Initialized
INFO - 2020-08-29 12:51:59 --> Language Class Initialized
INFO - 2020-08-29 12:51:59 --> Loader Class Initialized
INFO - 2020-08-29 12:51:59 --> Helper loaded: url_helper
INFO - 2020-08-29 12:51:59 --> Helper loaded: file_helper
INFO - 2020-08-29 12:51:59 --> Database Driver Class Initialized
INFO - 2020-08-29 12:51:59 --> Email Class Initialized
DEBUG - 2020-08-29 12:51:59 --> Session: "sess_save_path" is empty; using "session.save_path" value from php.ini.
INFO - 2020-08-29 12:51:59 --> Session: Class initialized using 'files' driver.
INFO - 2020-08-29 12:51:59 --> Controller Class Initialized
INFO - 2020-08-29 12:51:59 --> Model "M_auth" initialized
DEBUG - 2020-08-29 12:51:59 --> Sc_check class already loaded. Second attempt ignored.
INFO - 2020-08-29 12:51:59 --> Helper loaded: captcha_helper
INFO - 2020-08-29 12:51:59 --> Final output sent to browser
DEBUG - 2020-08-29 12:51:59 --> Total execution time: 0.3118
INFO - 2020-08-29 12:52:16 --> Config Class Initialized
INFO - 2020-08-29 12:52:16 --> Hooks Class Initialized
DEBUG - 2020-08-29 12:52:16 --> UTF-8 Support Enabled
INFO - 2020-08-29 12:52:16 --> Utf8 Class Initialized
INFO - 2020-08-29 12:52:16 --> URI Class Initialized
INFO - 2020-08-29 12:52:16 --> Router Class Initialized
INFO - 2020-08-29 12:52:16 --> Output Class Initialized
INFO - 2020-08-29 12:52:16 --> Security Class Initialized
DEBUG - 2020-08-29 12:52:16 --> Global POST, GET and COOKIE data sanitized
INFO - 2020-08-29 12:52:16 --> CSRF cookie sent
INFO - 2020-08-29 12:52:16 --> CSRF token verified
INFO - 2020-08-29 12:52:16 --> Input Class Initialized
INFO - 2020-08-29 12:52:16 --> Language Class Initialized
INFO - 2020-08-29 12:52:16 --> Loader Class Initialized
INFO - 2020-08-29 12:52:16 --> Helper loaded: url_helper
INFO - 2020-08-29 12:52:16 --> Helper loaded: file_helper
INFO - 2020-08-29 12:52:16 --> Database Driver Class Initialized
INFO - 2020-08-29 12:52:16 --> Email Class Initialized
DEBUG - 2020-08-29 12:52:16 --> Session: "sess_save_path" is empty; using "session.save_path" value from php.ini.
INFO - 2020-08-29 12:52:16 --> Session: Class initialized using 'files' driver.
INFO - 2020-08-29 12:52:16 --> Controller Class Initialized
INFO - 2020-08-29 12:52:16 --> Model "M_auth" initialized
DEBUG - 2020-08-29 12:52:16 --> Sc_check class already loaded. Second attempt ignored.
INFO - 2020-08-29 12:52:16 --> Helper loaded: captcha_helper
INFO - 2020-08-29 12:52:16 --> Helper loaded: form_helper
INFO - 2020-08-29 12:52:16 --> Form Validation Class Initialized
INFO - 2020-08-29 12:52:16 --> Language file loaded: language/english/form_validation_lang.php
INFO - 2020-08-29 12:52:16 --> Upload Class Initialized
DEBUG - 2020-08-29 12:52:16 --> Upload class already loaded. Second attempt ignored.
DEBUG - 2020-08-29 12:52:16 --> Upload class already loaded. Second attempt ignored.
INFO - 2020-08-29 12:52:16 --> Helper loaded: string_helper
DEBUG - 2020-08-29 12:52:16 --> Config file loaded: C:\xampp\htdocs\scholarship\institute\config/email.php
DEBUG - 2020-08-29 12:52:16 --> Email class already loaded. Second attempt ignored.
INFO - 2020-08-29 12:52:16 --> File loaded: C:\xampp\htdocs\scholarship\institute\views\mail/reg-verify.php
INFO - 2020-08-29 12:52:18 --> Language file loaded: language/english/email_lang.php
INFO - 2020-08-29 12:52:21 --> File loaded: C:\xampp\htdocs\scholarship\institute\views\include/header.php
INFO - 2020-08-29 12:52:21 --> File loaded: C:\xampp\htdocs\scholarship\institute\views\include/footer.php
INFO - 2020-08-29 12:52:21 --> File loaded: C:\xampp\htdocs\scholarship\institute\views\auth/reg-thank.php
INFO - 2020-08-29 12:52:21 --> Final output sent to browser
DEBUG - 2020-08-29 12:52:21 --> Total execution time: 5.6255
INFO - 2020-08-29 12:52:21 --> Config Class Initialized
INFO - 2020-08-29 12:52:21 --> Hooks Class Initialized
INFO - 2020-08-29 12:52:21 --> Config Class Initialized
INFO - 2020-08-29 12:52:21 --> Hooks Class Initialized
DEBUG - 2020-08-29 12:52:21 --> UTF-8 Support Enabled
DEBUG - 2020-08-29 12:52:21 --> UTF-8 Support Enabled
INFO - 2020-08-29 12:52:21 --> Utf8 Class Initialized
INFO - 2020-08-29 12:52:21 --> URI Class Initialized
INFO - 2020-08-29 12:52:21 --> Router Class Initialized
INFO - 2020-08-29 12:52:22 --> Output Class Initialized
INFO - 2020-08-29 12:52:22 --> Security Class Initialized
DEBUG - 2020-08-29 12:52:22 --> Global POST, GET and COOKIE data sanitized
INFO - 2020-08-29 12:52:22 --> CSRF cookie sent
INFO - 2020-08-29 12:52:22 --> Input Class Initialized
INFO - 2020-08-29 12:52:22 --> Language Class Initialized
INFO - 2020-08-29 12:52:22 --> Utf8 Class Initialized
ERROR - 2020-08-29 12:52:22 --> 404 Page Not Found: Assets/js
INFO - 2020-08-29 12:52:22 --> URI Class Initialized
INFO - 2020-08-29 12:52:22 --> Router Class Initialized
INFO - 2020-08-29 12:52:22 --> Output Class Initialized
INFO - 2020-08-29 12:52:22 --> Security Class Initialized
DEBUG - 2020-08-29 12:52:22 --> Global POST, GET and COOKIE data sanitized
INFO - 2020-08-29 12:52:22 --> CSRF cookie sent
INFO - 2020-08-29 12:52:22 --> Input Class Initialized
INFO - 2020-08-29 12:52:22 --> Language Class Initialized
ERROR - 2020-08-29 12:52:22 --> 404 Page Not Found: Assets/js
INFO - 2020-08-29 12:52:22 --> Config Class Initialized
INFO - 2020-08-29 12:52:22 --> Hooks Class Initialized
DEBUG - 2020-08-29 12:52:22 --> UTF-8 Support Enabled
INFO - 2020-08-29 12:52:22 --> Utf8 Class Initialized
INFO - 2020-08-29 12:52:22 --> URI Class Initialized
INFO - 2020-08-29 12:52:22 --> Router Class Initialized
INFO - 2020-08-29 12:52:22 --> Output Class Initialized
INFO - 2020-08-29 12:52:22 --> Security Class Initialized
DEBUG - 2020-08-29 12:52:22 --> Global POST, GET and COOKIE data sanitized
INFO - 2020-08-29 12:52:22 --> CSRF cookie sent
INFO - 2020-08-29 12:52:22 --> Input Class Initialized
INFO - 2020-08-29 12:52:22 --> Language Class Initialized
ERROR - 2020-08-29 12:52:22 --> 404 Page Not Found: Assets/js
INFO - 2020-08-29 12:52:27 --> Config Class Initialized
INFO - 2020-08-29 12:52:27 --> Hooks Class Initialized
DEBUG - 2020-08-29 12:52:27 --> UTF-8 Support Enabled
INFO - 2020-08-29 12:52:27 --> Utf8 Class Initialized
INFO - 2020-08-29 12:52:27 --> URI Class Initialized
INFO - 2020-08-29 12:52:27 --> Router Class Initialized
INFO - 2020-08-29 12:52:27 --> Output Class Initialized
INFO - 2020-08-29 12:52:27 --> Security Class Initialized
DEBUG - 2020-08-29 12:52:27 --> Global POST, GET and COOKIE data sanitized
INFO - 2020-08-29 12:52:27 --> CSRF cookie sent
INFO - 2020-08-29 12:52:27 --> Input Class Initialized
INFO - 2020-08-29 12:52:27 --> Language Class Initialized
INFO - 2020-08-29 12:52:27 --> Loader Class Initialized
INFO - 2020-08-29 12:52:27 --> Helper loaded: url_helper
INFO - 2020-08-29 12:52:27 --> Helper loaded: file_helper
INFO - 2020-08-29 12:52:27 --> Database Driver Class Initialized
INFO - 2020-08-29 12:52:27 --> Email Class Initialized
DEBUG - 2020-08-29 12:52:27 --> Session: "sess_save_path" is empty; using "session.save_path" value from php.ini.
INFO - 2020-08-29 12:52:27 --> Session: Class initialized using 'files' driver.
INFO - 2020-08-29 12:52:27 --> Controller Class Initialized
INFO - 2020-08-29 12:52:28 --> Model "M_auth" initialized
DEBUG - 2020-08-29 12:52:28 --> Sc_check class already loaded. Second attempt ignored.
INFO - 2020-08-29 12:52:28 --> Helper loaded: captcha_helper
INFO - 2020-08-29 12:52:28 --> File loaded: C:\xampp\htdocs\scholarship\institute\views\include/header.php
INFO - 2020-08-29 12:52:28 --> File loaded: C:\xampp\htdocs\scholarship\institute\views\include/footer.php
INFO - 2020-08-29 12:52:28 --> File loaded: C:\xampp\htdocs\scholarship\institute\views\include/msg.php
INFO - 2020-08-29 12:52:28 --> File loaded: C:\xampp\htdocs\scholarship\institute\views\auth/register.php
INFO - 2020-08-29 12:52:28 --> Final output sent to browser
DEBUG - 2020-08-29 12:52:28 --> Total execution time: 0.3188
INFO - 2020-08-29 12:53:45 --> Config Class Initialized
INFO - 2020-08-29 12:53:45 --> Hooks Class Initialized
DEBUG - 2020-08-29 12:53:45 --> UTF-8 Support Enabled
INFO - 2020-08-29 12:53:45 --> Utf8 Class Initialized
INFO - 2020-08-29 12:53:45 --> URI Class Initialized
INFO - 2020-08-29 12:53:45 --> Router Class Initialized
INFO - 2020-08-29 12:53:45 --> Output Class Initialized
INFO - 2020-08-29 12:53:45 --> Security Class Initialized
DEBUG - 2020-08-29 12:53:45 --> Global POST, GET and COOKIE data sanitized
INFO - 2020-08-29 12:53:45 --> CSRF cookie sent
INFO - 2020-08-29 12:53:45 --> CSRF token verified
INFO - 2020-08-29 12:53:45 --> Input Class Initialized
INFO - 2020-08-29 12:53:45 --> Language Class Initialized
INFO - 2020-08-29 12:53:45 --> Loader Class Initialized
INFO - 2020-08-29 12:53:45 --> Helper loaded: url_helper
INFO - 2020-08-29 12:53:45 --> Helper loaded: file_helper
INFO - 2020-08-29 12:53:45 --> Database Driver Class Initialized
INFO - 2020-08-29 12:53:45 --> Email Class Initialized
DEBUG - 2020-08-29 12:53:45 --> Session: "sess_save_path" is empty; using "session.save_path" value from php.ini.
INFO - 2020-08-29 12:53:45 --> Session: Class initialized using 'files' driver.
INFO - 2020-08-29 12:53:45 --> Controller Class Initialized
INFO - 2020-08-29 12:53:45 --> Model "M_auth" initialized
DEBUG - 2020-08-29 12:53:45 --> Sc_check class already loaded. Second attempt ignored.
INFO - 2020-08-29 12:53:45 --> Helper loaded: captcha_helper
INFO - 2020-08-29 12:53:45 --> Final output sent to browser
DEBUG - 2020-08-29 12:53:45 --> Total execution time: 0.2154
INFO - 2020-08-29 12:53:46 --> Config Class Initialized
INFO - 2020-08-29 12:53:46 --> Hooks Class Initialized
DEBUG - 2020-08-29 12:53:46 --> UTF-8 Support Enabled
INFO - 2020-08-29 12:53:46 --> Utf8 Class Initialized
INFO - 2020-08-29 12:53:46 --> URI Class Initialized
INFO - 2020-08-29 12:53:46 --> Router Class Initialized
INFO - 2020-08-29 12:53:46 --> Output Class Initialized
INFO - 2020-08-29 12:53:46 --> Security Class Initialized
DEBUG - 2020-08-29 12:53:46 --> Global POST, GET and COOKIE data sanitized
INFO - 2020-08-29 12:53:46 --> CSRF cookie sent
INFO - 2020-08-29 12:53:46 --> CSRF token verified
INFO - 2020-08-29 12:53:46 --> Input Class Initialized
INFO - 2020-08-29 12:53:46 --> Language Class Initialized
INFO - 2020-08-29 12:53:46 --> Loader Class Initialized
INFO - 2020-08-29 12:53:46 --> Helper loaded: url_helper
INFO - 2020-08-29 12:53:46 --> Helper loaded: file_helper
INFO - 2020-08-29 12:53:46 --> Database Driver Class Initialized
INFO - 2020-08-29 12:53:46 --> Email Class Initialized
DEBUG - 2020-08-29 12:53:46 --> Session: "sess_save_path" is empty; using "session.save_path" value from php.ini.
INFO - 2020-08-29 12:53:46 --> Session: Class initialized using 'files' driver.
INFO - 2020-08-29 12:53:46 --> Controller Class Initialized
INFO - 2020-08-29 12:53:46 --> Model "M_auth" initialized
DEBUG - 2020-08-29 12:53:46 --> Sc_check class already loaded. Second attempt ignored.
INFO - 2020-08-29 12:53:46 --> Helper loaded: captcha_helper
INFO - 2020-08-29 12:53:46 --> Final output sent to browser
DEBUG - 2020-08-29 12:53:46 --> Total execution time: 0.2455
INFO - 2020-08-29 12:53:48 --> Config Class Initialized
INFO - 2020-08-29 12:53:48 --> Hooks Class Initialized
DEBUG - 2020-08-29 12:53:48 --> UTF-8 Support Enabled
INFO - 2020-08-29 12:53:48 --> Utf8 Class Initialized
INFO - 2020-08-29 12:53:48 --> URI Class Initialized
INFO - 2020-08-29 12:53:48 --> Router Class Initialized
INFO - 2020-08-29 12:53:48 --> Output Class Initialized
INFO - 2020-08-29 12:53:48 --> Security Class Initialized
DEBUG - 2020-08-29 12:53:48 --> Global POST, GET and COOKIE data sanitized
INFO - 2020-08-29 12:53:48 --> CSRF cookie sent
INFO - 2020-08-29 12:53:48 --> CSRF token verified
INFO - 2020-08-29 12:53:48 --> Input Class Initialized
INFO - 2020-08-29 12:53:48 --> Language Class Initialized
INFO - 2020-08-29 12:53:48 --> Loader Class Initialized
INFO - 2020-08-29 12:53:48 --> Helper loaded: url_helper
INFO - 2020-08-29 12:53:48 --> Helper loaded: file_helper
INFO - 2020-08-29 12:53:48 --> Database Driver Class Initialized
INFO - 2020-08-29 12:53:48 --> Email Class Initialized
DEBUG - 2020-08-29 12:53:48 --> Session: "sess_save_path" is empty; using "session.save_path" value from php.ini.
INFO - 2020-08-29 12:53:48 --> Session: Class initialized using 'files' driver.
INFO - 2020-08-29 12:53:48 --> Controller Class Initialized
INFO - 2020-08-29 12:53:48 --> Model "M_auth" initialized
DEBUG - 2020-08-29 12:53:48 --> Sc_check class already loaded. Second attempt ignored.
INFO - 2020-08-29 12:53:48 --> Helper loaded: captcha_helper
INFO - 2020-08-29 12:53:48 --> Final output sent to browser
DEBUG - 2020-08-29 12:53:48 --> Total execution time: 0.2294
INFO - 2020-08-29 12:53:49 --> Config Class Initialized
INFO - 2020-08-29 12:53:49 --> Hooks Class Initialized
DEBUG - 2020-08-29 12:53:49 --> UTF-8 Support Enabled
INFO - 2020-08-29 12:53:49 --> Utf8 Class Initialized
INFO - 2020-08-29 12:53:49 --> URI Class Initialized
INFO - 2020-08-29 12:53:49 --> Router Class Initialized
INFO - 2020-08-29 12:53:49 --> Output Class Initialized
INFO - 2020-08-29 12:53:49 --> Security Class Initialized
DEBUG - 2020-08-29 12:53:49 --> Global POST, GET and COOKIE data sanitized
INFO - 2020-08-29 12:53:49 --> CSRF cookie sent
INFO - 2020-08-29 12:53:49 --> CSRF token verified
INFO - 2020-08-29 12:53:49 --> Input Class Initialized
INFO - 2020-08-29 12:53:49 --> Language Class Initialized
INFO - 2020-08-29 12:53:49 --> Loader Class Initialized
INFO - 2020-08-29 12:53:49 --> Helper loaded: url_helper
INFO - 2020-08-29 12:53:49 --> Helper loaded: file_helper
INFO - 2020-08-29 12:53:49 --> Database Driver Class Initialized
INFO - 2020-08-29 12:53:49 --> Email Class Initialized
DEBUG - 2020-08-29 12:53:49 --> Session: "sess_save_path" is empty; using "session.save_path" value from php.ini.
INFO - 2020-08-29 12:53:49 --> Session: Class initialized using 'files' driver.
INFO - 2020-08-29 12:53:49 --> Controller Class Initialized
INFO - 2020-08-29 12:53:49 --> Model "M_auth" initialized
DEBUG - 2020-08-29 12:53:49 --> Sc_check class already loaded. Second attempt ignored.
INFO - 2020-08-29 12:53:49 --> Helper loaded: captcha_helper
INFO - 2020-08-29 12:53:49 --> Final output sent to browser
DEBUG - 2020-08-29 12:53:49 --> Total execution time: 0.2235
INFO - 2020-08-29 12:53:50 --> Config Class Initialized
INFO - 2020-08-29 12:53:50 --> Hooks Class Initialized
DEBUG - 2020-08-29 12:53:50 --> UTF-8 Support Enabled
INFO - 2020-08-29 12:53:50 --> Utf8 Class Initialized
INFO - 2020-08-29 12:53:50 --> URI Class Initialized
INFO - 2020-08-29 12:53:50 --> Router Class Initialized
INFO - 2020-08-29 12:53:50 --> Output Class Initialized
INFO - 2020-08-29 12:53:50 --> Security Class Initialized
DEBUG - 2020-08-29 12:53:50 --> Global POST, GET and COOKIE data sanitized
INFO - 2020-08-29 12:53:50 --> CSRF cookie sent
INFO - 2020-08-29 12:53:50 --> CSRF token verified
INFO - 2020-08-29 12:53:50 --> Input Class Initialized
INFO - 2020-08-29 12:53:50 --> Language Class Initialized
INFO - 2020-08-29 12:53:50 --> Loader Class Initialized
INFO - 2020-08-29 12:53:50 --> Helper loaded: url_helper
INFO - 2020-08-29 12:53:50 --> Helper loaded: file_helper
INFO - 2020-08-29 12:53:50 --> Database Driver Class Initialized
INFO - 2020-08-29 12:53:50 --> Email Class Initialized
DEBUG - 2020-08-29 12:53:50 --> Session: "sess_save_path" is empty; using "session.save_path" value from php.ini.
INFO - 2020-08-29 12:53:50 --> Session: Class initialized using 'files' driver.
INFO - 2020-08-29 12:53:50 --> Controller Class Initialized
INFO - 2020-08-29 12:53:50 --> Model "M_auth" initialized
DEBUG - 2020-08-29 12:53:50 --> Sc_check class already loaded. Second attempt ignored.
INFO - 2020-08-29 12:53:50 --> Helper loaded: captcha_helper
INFO - 2020-08-29 12:53:50 --> Final output sent to browser
DEBUG - 2020-08-29 12:53:50 --> Total execution time: 0.2349
INFO - 2020-08-29 12:53:52 --> Config Class Initialized
INFO - 2020-08-29 12:53:52 --> Hooks Class Initialized
DEBUG - 2020-08-29 12:53:52 --> UTF-8 Support Enabled
INFO - 2020-08-29 12:53:52 --> Utf8 Class Initialized
INFO - 2020-08-29 12:53:52 --> URI Class Initialized
INFO - 2020-08-29 12:53:52 --> Router Class Initialized
INFO - 2020-08-29 12:53:52 --> Output Class Initialized
INFO - 2020-08-29 12:53:52 --> Security Class Initialized
DEBUG - 2020-08-29 12:53:52 --> Global POST, GET and COOKIE data sanitized
INFO - 2020-08-29 12:53:52 --> CSRF cookie sent
INFO - 2020-08-29 12:53:52 --> CSRF token verified
INFO - 2020-08-29 12:53:52 --> Input Class Initialized
INFO - 2020-08-29 12:53:52 --> Language Class Initialized
INFO - 2020-08-29 12:53:52 --> Loader Class Initialized
INFO - 2020-08-29 12:53:52 --> Helper loaded: url_helper
INFO - 2020-08-29 12:53:52 --> Helper loaded: file_helper
INFO - 2020-08-29 12:53:52 --> Database Driver Class Initialized
INFO - 2020-08-29 12:53:52 --> Email Class Initialized
DEBUG - 2020-08-29 12:53:52 --> Session: "sess_save_path" is empty; using "session.save_path" value from php.ini.
INFO - 2020-08-29 12:53:52 --> Session: Class initialized using 'files' driver.
INFO - 2020-08-29 12:53:52 --> Controller Class Initialized
INFO - 2020-08-29 12:53:52 --> Model "M_auth" initialized
DEBUG - 2020-08-29 12:53:52 --> Sc_check class already loaded. Second attempt ignored.
INFO - 2020-08-29 12:53:52 --> Helper loaded: captcha_helper
INFO - 2020-08-29 12:53:52 --> Final output sent to browser
DEBUG - 2020-08-29 12:53:52 --> Total execution time: 0.2643
INFO - 2020-08-29 12:53:58 --> Config Class Initialized
INFO - 2020-08-29 12:53:59 --> Hooks Class Initialized
DEBUG - 2020-08-29 12:53:59 --> UTF-8 Support Enabled
INFO - 2020-08-29 12:53:59 --> Utf8 Class Initialized
INFO - 2020-08-29 12:53:59 --> URI Class Initialized
INFO - 2020-08-29 12:53:59 --> Router Class Initialized
INFO - 2020-08-29 12:53:59 --> Output Class Initialized
INFO - 2020-08-29 12:53:59 --> Security Class Initialized
DEBUG - 2020-08-29 12:53:59 --> Global POST, GET and COOKIE data sanitized
INFO - 2020-08-29 12:53:59 --> CSRF cookie sent
INFO - 2020-08-29 12:53:59 --> CSRF token verified
INFO - 2020-08-29 12:53:59 --> Input Class Initialized
INFO - 2020-08-29 12:53:59 --> Language Class Initialized
INFO - 2020-08-29 12:53:59 --> Loader Class Initialized
INFO - 2020-08-29 12:53:59 --> Helper loaded: url_helper
INFO - 2020-08-29 12:53:59 --> Helper loaded: file_helper
INFO - 2020-08-29 12:53:59 --> Database Driver Class Initialized
INFO - 2020-08-29 12:53:59 --> Email Class Initialized
DEBUG - 2020-08-29 12:53:59 --> Session: "sess_save_path" is empty; using "session.save_path" value from php.ini.
INFO - 2020-08-29 12:53:59 --> Session: Class initialized using 'files' driver.
INFO - 2020-08-29 12:53:59 --> Controller Class Initialized
INFO - 2020-08-29 12:53:59 --> Model "M_auth" initialized
DEBUG - 2020-08-29 12:53:59 --> Sc_check class already loaded. Second attempt ignored.
INFO - 2020-08-29 12:53:59 --> Helper loaded: captcha_helper
INFO - 2020-08-29 12:53:59 --> Final output sent to browser
DEBUG - 2020-08-29 12:53:59 --> Total execution time: 0.3052
INFO - 2020-08-29 12:54:24 --> Config Class Initialized
INFO - 2020-08-29 12:54:24 --> Hooks Class Initialized
DEBUG - 2020-08-29 12:54:24 --> UTF-8 Support Enabled
INFO - 2020-08-29 12:54:24 --> Utf8 Class Initialized
INFO - 2020-08-29 12:54:24 --> URI Class Initialized
INFO - 2020-08-29 12:54:24 --> Router Class Initialized
INFO - 2020-08-29 12:54:24 --> Output Class Initialized
INFO - 2020-08-29 12:54:24 --> Security Class Initialized
DEBUG - 2020-08-29 12:54:24 --> Global POST, GET and COOKIE data sanitized
INFO - 2020-08-29 12:54:24 --> CSRF cookie sent
INFO - 2020-08-29 12:54:24 --> CSRF token verified
INFO - 2020-08-29 12:54:24 --> Input Class Initialized
INFO - 2020-08-29 12:54:24 --> Language Class Initialized
INFO - 2020-08-29 12:54:24 --> Loader Class Initialized
INFO - 2020-08-29 12:54:24 --> Helper loaded: url_helper
INFO - 2020-08-29 12:54:24 --> Helper loaded: file_helper
INFO - 2020-08-29 12:54:25 --> Database Driver Class Initialized
INFO - 2020-08-29 12:54:25 --> Email Class Initialized
DEBUG - 2020-08-29 12:54:25 --> Session: "sess_save_path" is empty; using "session.save_path" value from php.ini.
INFO - 2020-08-29 12:54:25 --> Session: Class initialized using 'files' driver.
INFO - 2020-08-29 12:54:25 --> Controller Class Initialized
INFO - 2020-08-29 12:54:25 --> Model "M_auth" initialized
DEBUG - 2020-08-29 12:54:25 --> Sc_check class already loaded. Second attempt ignored.
INFO - 2020-08-29 12:54:25 --> Helper loaded: captcha_helper
INFO - 2020-08-29 12:54:25 --> Helper loaded: form_helper
INFO - 2020-08-29 12:54:25 --> Form Validation Class Initialized
INFO - 2020-08-29 12:54:25 --> Language file loaded: language/english/form_validation_lang.php
INFO - 2020-08-29 12:54:25 --> Upload Class Initialized
DEBUG - 2020-08-29 12:54:25 --> Upload class already loaded. Second attempt ignored.
DEBUG - 2020-08-29 12:54:25 --> Upload class already loaded. Second attempt ignored.
INFO - 2020-08-29 12:54:25 --> Helper loaded: string_helper
DEBUG - 2020-08-29 12:54:25 --> Config file loaded: C:\xampp\htdocs\scholarship\institute\config/email.php
DEBUG - 2020-08-29 12:54:25 --> Email class already loaded. Second attempt ignored.
INFO - 2020-08-29 12:54:25 --> File loaded: C:\xampp\htdocs\scholarship\institute\views\mail/reg-verify.php
INFO - 2020-08-29 12:54:28 --> Language file loaded: language/english/email_lang.php
INFO - 2020-08-29 12:54:32 --> File loaded: C:\xampp\htdocs\scholarship\institute\views\include/header.php
INFO - 2020-08-29 12:54:32 --> File loaded: C:\xampp\htdocs\scholarship\institute\views\include/footer.php
INFO - 2020-08-29 12:54:32 --> File loaded: C:\xampp\htdocs\scholarship\institute\views\auth/reg-thank.php
INFO - 2020-08-29 12:54:32 --> Final output sent to browser
DEBUG - 2020-08-29 12:54:32 --> Total execution time: 7.9764
INFO - 2020-08-29 12:54:32 --> Config Class Initialized
INFO - 2020-08-29 12:54:32 --> Config Class Initialized
INFO - 2020-08-29 12:54:32 --> Hooks Class Initialized
INFO - 2020-08-29 12:54:32 --> Hooks Class Initialized
DEBUG - 2020-08-29 12:54:32 --> UTF-8 Support Enabled
INFO - 2020-08-29 12:54:32 --> Utf8 Class Initialized
INFO - 2020-08-29 12:54:32 --> URI Class Initialized
INFO - 2020-08-29 12:54:32 --> Router Class Initialized
INFO - 2020-08-29 12:54:32 --> Output Class Initialized
INFO - 2020-08-29 12:54:32 --> Security Class Initialized
DEBUG - 2020-08-29 12:54:32 --> Global POST, GET and COOKIE data sanitized
INFO - 2020-08-29 12:54:32 --> CSRF cookie sent
INFO - 2020-08-29 12:54:32 --> Input Class Initialized
INFO - 2020-08-29 12:54:32 --> Language Class Initialized
DEBUG - 2020-08-29 12:54:32 --> UTF-8 Support Enabled
INFO - 2020-08-29 12:54:32 --> Utf8 Class Initialized
INFO - 2020-08-29 12:54:32 --> URI Class Initialized
INFO - 2020-08-29 12:54:32 --> Router Class Initialized
INFO - 2020-08-29 12:54:32 --> Output Class Initialized
ERROR - 2020-08-29 12:54:32 --> 404 Page Not Found: Assets/js
INFO - 2020-08-29 12:54:32 --> Security Class Initialized
DEBUG - 2020-08-29 12:54:33 --> Global POST, GET and COOKIE data sanitized
INFO - 2020-08-29 12:54:33 --> CSRF cookie sent
INFO - 2020-08-29 12:54:33 --> Input Class Initialized
INFO - 2020-08-29 12:54:33 --> Language Class Initialized
ERROR - 2020-08-29 12:54:33 --> 404 Page Not Found: Assets/js
INFO - 2020-08-29 12:54:33 --> Config Class Initialized
INFO - 2020-08-29 12:54:33 --> Hooks Class Initialized
DEBUG - 2020-08-29 12:54:33 --> UTF-8 Support Enabled
INFO - 2020-08-29 12:54:33 --> Utf8 Class Initialized
INFO - 2020-08-29 12:54:33 --> URI Class Initialized
INFO - 2020-08-29 12:54:33 --> Router Class Initialized
INFO - 2020-08-29 12:54:33 --> Output Class Initialized
INFO - 2020-08-29 12:54:33 --> Security Class Initialized
DEBUG - 2020-08-29 12:54:33 --> Global POST, GET and COOKIE data sanitized
INFO - 2020-08-29 12:54:33 --> CSRF cookie sent
INFO - 2020-08-29 12:54:33 --> Input Class Initialized
INFO - 2020-08-29 12:54:33 --> Language Class Initialized
ERROR - 2020-08-29 12:54:33 --> 404 Page Not Found: Assets/js
