INFO - 2020-03-11 07:00:34 --> Config Class Initialized
INFO - 2020-03-11 07:00:34 --> Hooks Class Initialized
DEBUG - 2020-03-11 07:00:34 --> UTF-8 Support Enabled
INFO - 2020-03-11 07:00:34 --> Utf8 Class Initialized
INFO - 2020-03-11 07:00:34 --> URI Class Initialized
DEBUG - 2020-03-11 07:00:34 --> No URI present. Default controller set.
INFO - 2020-03-11 07:00:34 --> Router Class Initialized
INFO - 2020-03-11 07:00:34 --> Output Class Initialized
INFO - 2020-03-11 07:00:34 --> Security Class Initialized
DEBUG - 2020-03-11 07:00:34 --> Global POST, GET and COOKIE data sanitized
INFO - 2020-03-11 07:00:34 --> CSRF cookie sent
INFO - 2020-03-11 07:00:34 --> Input Class Initialized
INFO - 2020-03-11 07:00:34 --> Language Class Initialized
INFO - 2020-03-11 07:00:34 --> Loader Class Initialized
INFO - 2020-03-11 07:00:34 --> Helper loaded: url_helper
INFO - 2020-03-11 07:00:34 --> Helper loaded: file_helper
INFO - 2020-03-11 07:00:34 --> Database Driver Class Initialized
INFO - 2020-03-11 07:00:34 --> Email Class Initialized
DEBUG - 2020-03-11 07:00:34 --> Session: "sess_save_path" is empty; using "session.save_path" value from php.ini.
INFO - 2020-03-11 07:00:34 --> Session: Class initialized using 'files' driver.
INFO - 2020-03-11 07:00:34 --> Controller Class Initialized
INFO - 2020-03-11 07:00:34 --> Model "M_auth" initialized
INFO - 2020-03-11 07:00:34 --> File loaded: C:\xampp\htdocs\scholarship\institute\views\include/header.php
INFO - 2020-03-11 07:00:34 --> File loaded: C:\xampp\htdocs\scholarship\institute\views\include/footer.php
INFO - 2020-03-11 07:00:34 --> File loaded: C:\xampp\htdocs\scholarship\institute\views\include/msg.php
INFO - 2020-03-11 07:00:34 --> File loaded: C:\xampp\htdocs\scholarship\institute\views\auth/login.php
INFO - 2020-03-11 07:00:34 --> Final output sent to browser
DEBUG - 2020-03-11 07:00:34 --> Total execution time: 0.2698
INFO - 2020-03-11 07:00:39 --> Config Class Initialized
INFO - 2020-03-11 07:00:39 --> Hooks Class Initialized
DEBUG - 2020-03-11 07:00:39 --> UTF-8 Support Enabled
INFO - 2020-03-11 07:00:39 --> Utf8 Class Initialized
INFO - 2020-03-11 07:00:39 --> URI Class Initialized
DEBUG - 2020-03-11 07:00:39 --> No URI present. Default controller set.
INFO - 2020-03-11 07:00:39 --> Router Class Initialized
INFO - 2020-03-11 07:00:39 --> Output Class Initialized
INFO - 2020-03-11 07:00:39 --> Security Class Initialized
DEBUG - 2020-03-11 07:00:39 --> Global POST, GET and COOKIE data sanitized
INFO - 2020-03-11 07:00:39 --> CSRF cookie sent
INFO - 2020-03-11 07:00:39 --> CSRF token verified
INFO - 2020-03-11 07:00:39 --> Input Class Initialized
INFO - 2020-03-11 07:00:39 --> Language Class Initialized
INFO - 2020-03-11 07:00:39 --> Loader Class Initialized
INFO - 2020-03-11 07:00:39 --> Helper loaded: url_helper
INFO - 2020-03-11 07:00:39 --> Helper loaded: file_helper
INFO - 2020-03-11 07:00:39 --> Database Driver Class Initialized
INFO - 2020-03-11 07:00:39 --> Email Class Initialized
DEBUG - 2020-03-11 07:00:39 --> Session: "sess_save_path" is empty; using "session.save_path" value from php.ini.
INFO - 2020-03-11 07:00:39 --> Session: Class initialized using 'files' driver.
INFO - 2020-03-11 07:00:39 --> Controller Class Initialized
INFO - 2020-03-11 07:00:39 --> Model "M_auth" initialized
INFO - 2020-03-11 07:00:39 --> Helper loaded: form_helper
INFO - 2020-03-11 07:00:39 --> Form Validation Class Initialized
INFO - 2020-03-11 07:00:39 --> Language file loaded: language/english/form_validation_lang.php
INFO - 2020-03-11 07:00:39 --> ---------------------Success -- Institute Logged in with prathwi@5ine.in and IP aaddress ::1 --------------
INFO - 2020-03-11 07:00:39 --> Config Class Initialized
INFO - 2020-03-11 07:00:39 --> Hooks Class Initialized
DEBUG - 2020-03-11 07:00:39 --> UTF-8 Support Enabled
INFO - 2020-03-11 07:00:39 --> Utf8 Class Initialized
INFO - 2020-03-11 07:00:39 --> URI Class Initialized
INFO - 2020-03-11 07:00:39 --> Router Class Initialized
INFO - 2020-03-11 07:00:39 --> Output Class Initialized
INFO - 2020-03-11 07:00:39 --> Security Class Initialized
DEBUG - 2020-03-11 07:00:39 --> Global POST, GET and COOKIE data sanitized
INFO - 2020-03-11 07:00:39 --> CSRF cookie sent
INFO - 2020-03-11 07:00:39 --> Input Class Initialized
INFO - 2020-03-11 07:00:39 --> Language Class Initialized
INFO - 2020-03-11 07:00:39 --> Loader Class Initialized
INFO - 2020-03-11 07:00:39 --> Helper loaded: url_helper
INFO - 2020-03-11 07:00:39 --> Helper loaded: file_helper
INFO - 2020-03-11 07:00:39 --> Database Driver Class Initialized
INFO - 2020-03-11 07:00:39 --> Email Class Initialized
DEBUG - 2020-03-11 07:00:39 --> Session: "sess_save_path" is empty; using "session.save_path" value from php.ini.
INFO - 2020-03-11 07:00:39 --> Session: Class initialized using 'files' driver.
INFO - 2020-03-11 07:00:39 --> Controller Class Initialized
INFO - 2020-03-11 07:00:39 --> Model "M_dashboard" initialized
INFO - 2020-03-11 07:00:39 --> Config Class Initialized
INFO - 2020-03-11 07:00:39 --> Hooks Class Initialized
DEBUG - 2020-03-11 07:00:39 --> UTF-8 Support Enabled
INFO - 2020-03-11 07:00:39 --> Utf8 Class Initialized
INFO - 2020-03-11 07:00:39 --> URI Class Initialized
DEBUG - 2020-03-11 07:00:39 --> No URI present. Default controller set.
INFO - 2020-03-11 07:00:39 --> Router Class Initialized
INFO - 2020-03-11 07:00:39 --> Output Class Initialized
INFO - 2020-03-11 07:00:39 --> Security Class Initialized
DEBUG - 2020-03-11 07:00:39 --> Global POST, GET and COOKIE data sanitized
INFO - 2020-03-11 07:00:39 --> CSRF cookie sent
INFO - 2020-03-11 07:00:39 --> Input Class Initialized
INFO - 2020-03-11 07:00:39 --> Language Class Initialized
INFO - 2020-03-11 07:00:39 --> Loader Class Initialized
INFO - 2020-03-11 07:00:39 --> Helper loaded: url_helper
INFO - 2020-03-11 07:00:39 --> Helper loaded: file_helper
INFO - 2020-03-11 07:00:39 --> Database Driver Class Initialized
INFO - 2020-03-11 07:00:39 --> Email Class Initialized
DEBUG - 2020-03-11 07:00:39 --> Session: "sess_save_path" is empty; using "session.save_path" value from php.ini.
INFO - 2020-03-11 07:00:39 --> Session: Class initialized using 'files' driver.
INFO - 2020-03-11 07:00:39 --> Controller Class Initialized
INFO - 2020-03-11 07:00:39 --> Model "M_auth" initialized
INFO - 2020-03-11 07:00:39 --> File loaded: C:\xampp\htdocs\scholarship\institute\views\include/header.php
INFO - 2020-03-11 07:00:39 --> File loaded: C:\xampp\htdocs\scholarship\institute\views\include/footer.php
INFO - 2020-03-11 07:00:39 --> File loaded: C:\xampp\htdocs\scholarship\institute\views\include/msg.php
INFO - 2020-03-11 07:00:39 --> File loaded: C:\xampp\htdocs\scholarship\institute\views\auth/login.php
INFO - 2020-03-11 07:00:39 --> Final output sent to browser
DEBUG - 2020-03-11 07:00:39 --> Total execution time: 0.1424
INFO - 2020-03-11 07:00:43 --> Config Class Initialized
INFO - 2020-03-11 07:00:43 --> Hooks Class Initialized
DEBUG - 2020-03-11 07:00:43 --> UTF-8 Support Enabled
INFO - 2020-03-11 07:00:43 --> Utf8 Class Initialized
INFO - 2020-03-11 07:00:43 --> URI Class Initialized
DEBUG - 2020-03-11 07:00:43 --> No URI present. Default controller set.
INFO - 2020-03-11 07:00:43 --> Router Class Initialized
INFO - 2020-03-11 07:00:43 --> Output Class Initialized
INFO - 2020-03-11 07:00:43 --> Security Class Initialized
DEBUG - 2020-03-11 07:00:43 --> Global POST, GET and COOKIE data sanitized
INFO - 2020-03-11 07:00:43 --> CSRF cookie sent
INFO - 2020-03-11 07:00:43 --> CSRF token verified
INFO - 2020-03-11 07:00:43 --> Input Class Initialized
INFO - 2020-03-11 07:00:43 --> Language Class Initialized
INFO - 2020-03-11 07:00:43 --> Loader Class Initialized
INFO - 2020-03-11 07:00:43 --> Helper loaded: url_helper
INFO - 2020-03-11 07:00:43 --> Helper loaded: file_helper
INFO - 2020-03-11 07:00:43 --> Database Driver Class Initialized
INFO - 2020-03-11 07:00:43 --> Email Class Initialized
DEBUG - 2020-03-11 07:00:43 --> Session: "sess_save_path" is empty; using "session.save_path" value from php.ini.
INFO - 2020-03-11 07:00:43 --> Session: Class initialized using 'files' driver.
INFO - 2020-03-11 07:00:43 --> Controller Class Initialized
INFO - 2020-03-11 07:00:43 --> Model "M_auth" initialized
INFO - 2020-03-11 07:00:43 --> Helper loaded: form_helper
INFO - 2020-03-11 07:00:43 --> Form Validation Class Initialized
INFO - 2020-03-11 07:00:43 --> Language file loaded: language/english/form_validation_lang.php
ERROR - 2020-03-11 07:00:43 --> ---------------------Failed -- Institute Log in Failed and tried login with prathwiek.5ine@gmail.com password and IP aaddress ::1 --------------
INFO - 2020-03-11 07:00:43 --> Config Class Initialized
INFO - 2020-03-11 07:00:43 --> Hooks Class Initialized
DEBUG - 2020-03-11 07:00:43 --> UTF-8 Support Enabled
INFO - 2020-03-11 07:00:43 --> Utf8 Class Initialized
INFO - 2020-03-11 07:00:43 --> URI Class Initialized
DEBUG - 2020-03-11 07:00:43 --> No URI present. Default controller set.
INFO - 2020-03-11 07:00:43 --> Router Class Initialized
INFO - 2020-03-11 07:00:43 --> Output Class Initialized
INFO - 2020-03-11 07:00:43 --> Security Class Initialized
DEBUG - 2020-03-11 07:00:43 --> Global POST, GET and COOKIE data sanitized
INFO - 2020-03-11 07:00:43 --> CSRF cookie sent
INFO - 2020-03-11 07:00:43 --> Input Class Initialized
INFO - 2020-03-11 07:00:43 --> Language Class Initialized
INFO - 2020-03-11 07:00:43 --> Loader Class Initialized
INFO - 2020-03-11 07:00:43 --> Helper loaded: url_helper
INFO - 2020-03-11 07:00:43 --> Helper loaded: file_helper
INFO - 2020-03-11 07:00:43 --> Database Driver Class Initialized
INFO - 2020-03-11 07:00:43 --> Email Class Initialized
DEBUG - 2020-03-11 07:00:43 --> Session: "sess_save_path" is empty; using "session.save_path" value from php.ini.
INFO - 2020-03-11 07:00:43 --> Session: Class initialized using 'files' driver.
INFO - 2020-03-11 07:00:43 --> Controller Class Initialized
INFO - 2020-03-11 07:00:43 --> Model "M_auth" initialized
INFO - 2020-03-11 07:00:43 --> File loaded: C:\xampp\htdocs\scholarship\institute\views\include/header.php
INFO - 2020-03-11 07:00:43 --> File loaded: C:\xampp\htdocs\scholarship\institute\views\include/footer.php
INFO - 2020-03-11 07:00:43 --> File loaded: C:\xampp\htdocs\scholarship\institute\views\include/msg.php
INFO - 2020-03-11 07:00:43 --> File loaded: C:\xampp\htdocs\scholarship\institute\views\auth/login.php
INFO - 2020-03-11 07:00:43 --> Final output sent to browser
DEBUG - 2020-03-11 07:00:43 --> Total execution time: 0.0734
INFO - 2020-03-11 07:00:47 --> Config Class Initialized
INFO - 2020-03-11 07:00:47 --> Hooks Class Initialized
DEBUG - 2020-03-11 07:00:47 --> UTF-8 Support Enabled
INFO - 2020-03-11 07:00:47 --> Utf8 Class Initialized
INFO - 2020-03-11 07:00:47 --> URI Class Initialized
DEBUG - 2020-03-11 07:00:47 --> No URI present. Default controller set.
INFO - 2020-03-11 07:00:47 --> Router Class Initialized
INFO - 2020-03-11 07:00:47 --> Output Class Initialized
INFO - 2020-03-11 07:00:47 --> Security Class Initialized
DEBUG - 2020-03-11 07:00:47 --> Global POST, GET and COOKIE data sanitized
INFO - 2020-03-11 07:00:47 --> CSRF cookie sent
INFO - 2020-03-11 07:00:47 --> CSRF token verified
INFO - 2020-03-11 07:00:47 --> Input Class Initialized
INFO - 2020-03-11 07:00:47 --> Language Class Initialized
INFO - 2020-03-11 07:00:47 --> Loader Class Initialized
INFO - 2020-03-11 07:00:47 --> Helper loaded: url_helper
INFO - 2020-03-11 07:00:47 --> Helper loaded: file_helper
INFO - 2020-03-11 07:00:47 --> Database Driver Class Initialized
INFO - 2020-03-11 07:00:47 --> Email Class Initialized
DEBUG - 2020-03-11 07:00:47 --> Session: "sess_save_path" is empty; using "session.save_path" value from php.ini.
INFO - 2020-03-11 07:00:47 --> Session: Class initialized using 'files' driver.
INFO - 2020-03-11 07:00:47 --> Controller Class Initialized
INFO - 2020-03-11 07:00:47 --> Model "M_auth" initialized
INFO - 2020-03-11 07:00:47 --> Helper loaded: form_helper
INFO - 2020-03-11 07:00:47 --> Form Validation Class Initialized
INFO - 2020-03-11 07:00:47 --> Language file loaded: language/english/form_validation_lang.php
INFO - 2020-03-11 07:00:47 --> ---------------------Success -- Institute Logged in with prathwi@5ine.in and IP aaddress ::1 --------------
INFO - 2020-03-11 07:00:47 --> Config Class Initialized
INFO - 2020-03-11 07:00:47 --> Hooks Class Initialized
DEBUG - 2020-03-11 07:00:47 --> UTF-8 Support Enabled
INFO - 2020-03-11 07:00:47 --> Utf8 Class Initialized
INFO - 2020-03-11 07:00:47 --> URI Class Initialized
INFO - 2020-03-11 07:00:47 --> Router Class Initialized
INFO - 2020-03-11 07:00:47 --> Output Class Initialized
INFO - 2020-03-11 07:00:47 --> Security Class Initialized
DEBUG - 2020-03-11 07:00:47 --> Global POST, GET and COOKIE data sanitized
INFO - 2020-03-11 07:00:47 --> CSRF cookie sent
INFO - 2020-03-11 07:00:47 --> Input Class Initialized
INFO - 2020-03-11 07:00:47 --> Language Class Initialized
INFO - 2020-03-11 07:00:47 --> Loader Class Initialized
INFO - 2020-03-11 07:00:47 --> Helper loaded: url_helper
INFO - 2020-03-11 07:00:47 --> Helper loaded: file_helper
INFO - 2020-03-11 07:00:47 --> Database Driver Class Initialized
INFO - 2020-03-11 07:00:47 --> Email Class Initialized
DEBUG - 2020-03-11 07:00:47 --> Session: "sess_save_path" is empty; using "session.save_path" value from php.ini.
INFO - 2020-03-11 07:00:47 --> Session: Class initialized using 'files' driver.
INFO - 2020-03-11 07:00:47 --> Controller Class Initialized
INFO - 2020-03-11 07:00:47 --> Model "M_dashboard" initialized
INFO - 2020-03-11 07:00:47 --> File loaded: C:\xampp\htdocs\scholarship\institute\views\include/header.php
INFO - 2020-03-11 07:00:47 --> File loaded: C:\xampp\htdocs\scholarship\institute\views\include/menu.php
INFO - 2020-03-11 07:00:47 --> File loaded: C:\xampp\htdocs\scholarship\institute\views\include/footer.php
INFO - 2020-03-11 07:00:47 --> File loaded: C:\xampp\htdocs\scholarship\institute\views\include/msg.php
INFO - 2020-03-11 07:00:47 --> File loaded: C:\xampp\htdocs\scholarship\institute\views\dashboard/request-list.php
INFO - 2020-03-11 07:00:47 --> Final output sent to browser
DEBUG - 2020-03-11 07:00:47 --> Total execution time: 0.1444
INFO - 2020-03-11 07:00:47 --> Config Class Initialized
INFO - 2020-03-11 07:00:47 --> Hooks Class Initialized
DEBUG - 2020-03-11 07:00:47 --> UTF-8 Support Enabled
INFO - 2020-03-11 07:00:47 --> Utf8 Class Initialized
INFO - 2020-03-11 07:00:47 --> URI Class Initialized
INFO - 2020-03-11 07:00:47 --> Router Class Initialized
INFO - 2020-03-11 07:00:47 --> Output Class Initialized
INFO - 2020-03-11 07:00:47 --> Security Class Initialized
DEBUG - 2020-03-11 07:00:47 --> Global POST, GET and COOKIE data sanitized
INFO - 2020-03-11 07:00:47 --> CSRF cookie sent
INFO - 2020-03-11 07:00:47 --> Input Class Initialized
INFO - 2020-03-11 07:00:47 --> Language Class Initialized
INFO - 2020-03-11 07:00:47 --> Loader Class Initialized
INFO - 2020-03-11 07:00:47 --> Helper loaded: url_helper
INFO - 2020-03-11 07:00:47 --> Helper loaded: file_helper
INFO - 2020-03-11 07:00:47 --> Database Driver Class Initialized
INFO - 2020-03-11 07:00:47 --> Email Class Initialized
DEBUG - 2020-03-11 07:00:47 --> Session: "sess_save_path" is empty; using "session.save_path" value from php.ini.
INFO - 2020-03-11 07:00:47 --> Session: Class initialized using 'files' driver.
INFO - 2020-03-11 07:00:47 --> Controller Class Initialized
INFO - 2020-03-11 07:00:47 --> Model "M_dashboard" initialized
INFO - 2020-03-11 07:00:47 --> Final output sent to browser
DEBUG - 2020-03-11 07:00:47 --> Total execution time: 0.1105
INFO - 2020-03-11 07:00:50 --> Config Class Initialized
INFO - 2020-03-11 07:00:50 --> Hooks Class Initialized
DEBUG - 2020-03-11 07:00:50 --> UTF-8 Support Enabled
INFO - 2020-03-11 07:00:50 --> Utf8 Class Initialized
INFO - 2020-03-11 07:00:50 --> URI Class Initialized
INFO - 2020-03-11 07:00:50 --> Router Class Initialized
INFO - 2020-03-11 07:00:50 --> Output Class Initialized
INFO - 2020-03-11 07:00:50 --> Security Class Initialized
DEBUG - 2020-03-11 07:00:50 --> Global POST, GET and COOKIE data sanitized
INFO - 2020-03-11 07:00:50 --> CSRF cookie sent
INFO - 2020-03-11 07:00:50 --> Input Class Initialized
INFO - 2020-03-11 07:00:50 --> Language Class Initialized
INFO - 2020-03-11 07:00:50 --> Loader Class Initialized
INFO - 2020-03-11 07:00:50 --> Helper loaded: url_helper
INFO - 2020-03-11 07:00:50 --> Helper loaded: file_helper
INFO - 2020-03-11 07:00:50 --> Database Driver Class Initialized
INFO - 2020-03-11 07:00:50 --> Email Class Initialized
DEBUG - 2020-03-11 07:00:50 --> Session: "sess_save_path" is empty; using "session.save_path" value from php.ini.
INFO - 2020-03-11 07:00:50 --> Session: Class initialized using 'files' driver.
INFO - 2020-03-11 07:00:50 --> Controller Class Initialized
INFO - 2020-03-11 07:00:50 --> Model "M_dashboard" initialized
INFO - 2020-03-11 07:00:50 --> File loaded: C:\xampp\htdocs\scholarship\institute\views\include/header.php
INFO - 2020-03-11 07:00:50 --> File loaded: C:\xampp\htdocs\scholarship\institute\views\include/menu.php
INFO - 2020-03-11 07:00:50 --> File loaded: C:\xampp\htdocs\scholarship\institute\views\include/footer.php
INFO - 2020-03-11 07:00:50 --> File loaded: C:\xampp\htdocs\scholarship\institute\views\include/msg.php
INFO - 2020-03-11 07:00:50 --> File loaded: C:\xampp\htdocs\scholarship\institute\views\dashboard/approve.php
INFO - 2020-03-11 07:00:50 --> Final output sent to browser
DEBUG - 2020-03-11 07:00:50 --> Total execution time: 0.1167
INFO - 2020-03-11 07:00:51 --> Config Class Initialized
INFO - 2020-03-11 07:00:51 --> Hooks Class Initialized
DEBUG - 2020-03-11 07:00:51 --> UTF-8 Support Enabled
INFO - 2020-03-11 07:00:51 --> Utf8 Class Initialized
INFO - 2020-03-11 07:00:51 --> URI Class Initialized
INFO - 2020-03-11 07:00:51 --> Router Class Initialized
INFO - 2020-03-11 07:00:51 --> Output Class Initialized
INFO - 2020-03-11 07:00:51 --> Security Class Initialized
DEBUG - 2020-03-11 07:00:51 --> Global POST, GET and COOKIE data sanitized
INFO - 2020-03-11 07:00:51 --> CSRF cookie sent
INFO - 2020-03-11 07:00:51 --> Input Class Initialized
INFO - 2020-03-11 07:00:51 --> Language Class Initialized
INFO - 2020-03-11 07:00:51 --> Loader Class Initialized
INFO - 2020-03-11 07:00:51 --> Helper loaded: url_helper
INFO - 2020-03-11 07:00:51 --> Helper loaded: file_helper
INFO - 2020-03-11 07:00:51 --> Database Driver Class Initialized
INFO - 2020-03-11 07:00:51 --> Email Class Initialized
DEBUG - 2020-03-11 07:00:51 --> Session: "sess_save_path" is empty; using "session.save_path" value from php.ini.
INFO - 2020-03-11 07:00:51 --> Session: Class initialized using 'files' driver.
INFO - 2020-03-11 07:00:51 --> Controller Class Initialized
INFO - 2020-03-11 07:00:51 --> Model "M_dashboard" initialized
INFO - 2020-03-11 07:00:51 --> Final output sent to browser
DEBUG - 2020-03-11 07:00:51 --> Total execution time: 0.1202
INFO - 2020-03-11 07:00:53 --> Config Class Initialized
INFO - 2020-03-11 07:00:53 --> Hooks Class Initialized
DEBUG - 2020-03-11 07:00:53 --> UTF-8 Support Enabled
INFO - 2020-03-11 07:00:53 --> Utf8 Class Initialized
INFO - 2020-03-11 07:00:53 --> URI Class Initialized
INFO - 2020-03-11 07:00:53 --> Router Class Initialized
INFO - 2020-03-11 07:00:53 --> Output Class Initialized
INFO - 2020-03-11 07:00:53 --> Security Class Initialized
DEBUG - 2020-03-11 07:00:53 --> Global POST, GET and COOKIE data sanitized
INFO - 2020-03-11 07:00:53 --> CSRF cookie sent
INFO - 2020-03-11 07:00:53 --> Input Class Initialized
INFO - 2020-03-11 07:00:53 --> Language Class Initialized
INFO - 2020-03-11 07:00:53 --> Loader Class Initialized
INFO - 2020-03-11 07:00:53 --> Helper loaded: url_helper
INFO - 2020-03-11 07:00:53 --> Helper loaded: file_helper
INFO - 2020-03-11 07:00:53 --> Database Driver Class Initialized
INFO - 2020-03-11 07:00:53 --> Email Class Initialized
DEBUG - 2020-03-11 07:00:53 --> Session: "sess_save_path" is empty; using "session.save_path" value from php.ini.
INFO - 2020-03-11 07:00:53 --> Session: Class initialized using 'files' driver.
INFO - 2020-03-11 07:00:53 --> Controller Class Initialized
INFO - 2020-03-11 07:00:53 --> Model "M_auth" initialized
INFO - 2020-03-11 07:00:53 --> Config Class Initialized
INFO - 2020-03-11 07:00:53 --> Hooks Class Initialized
DEBUG - 2020-03-11 07:00:53 --> UTF-8 Support Enabled
INFO - 2020-03-11 07:00:53 --> Utf8 Class Initialized
INFO - 2020-03-11 07:00:53 --> URI Class Initialized
DEBUG - 2020-03-11 07:00:53 --> No URI present. Default controller set.
INFO - 2020-03-11 07:00:53 --> Router Class Initialized
INFO - 2020-03-11 07:00:53 --> Output Class Initialized
INFO - 2020-03-11 07:00:53 --> Security Class Initialized
DEBUG - 2020-03-11 07:00:53 --> Global POST, GET and COOKIE data sanitized
INFO - 2020-03-11 07:00:53 --> CSRF cookie sent
INFO - 2020-03-11 07:00:53 --> Input Class Initialized
INFO - 2020-03-11 07:00:53 --> Language Class Initialized
INFO - 2020-03-11 07:00:53 --> Loader Class Initialized
INFO - 2020-03-11 07:00:53 --> Helper loaded: url_helper
INFO - 2020-03-11 07:00:53 --> Helper loaded: file_helper
INFO - 2020-03-11 07:00:53 --> Database Driver Class Initialized
INFO - 2020-03-11 07:00:53 --> Email Class Initialized
DEBUG - 2020-03-11 07:00:53 --> Session: "sess_save_path" is empty; using "session.save_path" value from php.ini.
INFO - 2020-03-11 07:00:53 --> Session: Class initialized using 'files' driver.
INFO - 2020-03-11 07:00:53 --> Controller Class Initialized
INFO - 2020-03-11 07:00:53 --> Model "M_auth" initialized
INFO - 2020-03-11 07:00:53 --> File loaded: C:\xampp\htdocs\scholarship\institute\views\include/header.php
INFO - 2020-03-11 07:00:53 --> File loaded: C:\xampp\htdocs\scholarship\institute\views\include/footer.php
INFO - 2020-03-11 07:00:53 --> File loaded: C:\xampp\htdocs\scholarship\institute\views\include/msg.php
INFO - 2020-03-11 07:00:53 --> File loaded: C:\xampp\htdocs\scholarship\institute\views\auth/login.php
INFO - 2020-03-11 07:00:53 --> Final output sent to browser
DEBUG - 2020-03-11 07:00:53 --> Total execution time: 0.0761
INFO - 2020-03-11 07:00:56 --> Config Class Initialized
INFO - 2020-03-11 07:00:56 --> Hooks Class Initialized
DEBUG - 2020-03-11 07:00:56 --> UTF-8 Support Enabled
INFO - 2020-03-11 07:00:56 --> Utf8 Class Initialized
INFO - 2020-03-11 07:00:56 --> URI Class Initialized
DEBUG - 2020-03-11 07:00:56 --> No URI present. Default controller set.
INFO - 2020-03-11 07:00:56 --> Router Class Initialized
INFO - 2020-03-11 07:00:56 --> Output Class Initialized
INFO - 2020-03-11 07:00:56 --> Security Class Initialized
DEBUG - 2020-03-11 07:00:56 --> Global POST, GET and COOKIE data sanitized
INFO - 2020-03-11 07:00:56 --> CSRF cookie sent
INFO - 2020-03-11 07:00:56 --> CSRF token verified
INFO - 2020-03-11 07:00:56 --> Input Class Initialized
INFO - 2020-03-11 07:00:56 --> Language Class Initialized
INFO - 2020-03-11 07:00:56 --> Loader Class Initialized
INFO - 2020-03-11 07:00:56 --> Helper loaded: url_helper
INFO - 2020-03-11 07:00:56 --> Helper loaded: file_helper
INFO - 2020-03-11 07:00:56 --> Database Driver Class Initialized
INFO - 2020-03-11 07:00:56 --> Email Class Initialized
DEBUG - 2020-03-11 07:00:56 --> Session: "sess_save_path" is empty; using "session.save_path" value from php.ini.
INFO - 2020-03-11 07:00:56 --> Session: Class initialized using 'files' driver.
INFO - 2020-03-11 07:00:56 --> Controller Class Initialized
INFO - 2020-03-11 07:00:56 --> Model "M_auth" initialized
INFO - 2020-03-11 07:00:56 --> Helper loaded: form_helper
INFO - 2020-03-11 07:00:56 --> Form Validation Class Initialized
INFO - 2020-03-11 07:00:56 --> Language file loaded: language/english/form_validation_lang.php
INFO - 2020-03-11 07:00:56 --> ---------------------Success -- Institute Logged in with prathwi@5ine.in and IP aaddress ::1 --------------
INFO - 2020-03-11 07:00:56 --> Config Class Initialized
INFO - 2020-03-11 07:00:56 --> Hooks Class Initialized
DEBUG - 2020-03-11 07:00:56 --> UTF-8 Support Enabled
INFO - 2020-03-11 07:00:56 --> Utf8 Class Initialized
INFO - 2020-03-11 07:00:56 --> URI Class Initialized
INFO - 2020-03-11 07:00:56 --> Router Class Initialized
INFO - 2020-03-11 07:00:56 --> Output Class Initialized
INFO - 2020-03-11 07:00:56 --> Security Class Initialized
DEBUG - 2020-03-11 07:00:56 --> Global POST, GET and COOKIE data sanitized
INFO - 2020-03-11 07:00:56 --> CSRF cookie sent
INFO - 2020-03-11 07:00:56 --> Input Class Initialized
INFO - 2020-03-11 07:00:56 --> Language Class Initialized
INFO - 2020-03-11 07:00:56 --> Loader Class Initialized
INFO - 2020-03-11 07:00:56 --> Helper loaded: url_helper
INFO - 2020-03-11 07:00:56 --> Helper loaded: file_helper
INFO - 2020-03-11 07:00:56 --> Database Driver Class Initialized
INFO - 2020-03-11 07:00:56 --> Email Class Initialized
DEBUG - 2020-03-11 07:00:56 --> Session: "sess_save_path" is empty; using "session.save_path" value from php.ini.
INFO - 2020-03-11 07:00:56 --> Session: Class initialized using 'files' driver.
INFO - 2020-03-11 07:00:56 --> Controller Class Initialized
INFO - 2020-03-11 07:00:56 --> Model "M_dashboard" initialized
INFO - 2020-03-11 07:00:56 --> Config Class Initialized
INFO - 2020-03-11 07:00:56 --> Hooks Class Initialized
DEBUG - 2020-03-11 07:00:56 --> UTF-8 Support Enabled
INFO - 2020-03-11 07:00:56 --> Utf8 Class Initialized
INFO - 2020-03-11 07:00:56 --> URI Class Initialized
DEBUG - 2020-03-11 07:00:56 --> No URI present. Default controller set.
INFO - 2020-03-11 07:00:56 --> Router Class Initialized
INFO - 2020-03-11 07:00:56 --> Output Class Initialized
INFO - 2020-03-11 07:00:56 --> Security Class Initialized
DEBUG - 2020-03-11 07:00:56 --> Global POST, GET and COOKIE data sanitized
INFO - 2020-03-11 07:00:56 --> CSRF cookie sent
INFO - 2020-03-11 07:00:56 --> Input Class Initialized
INFO - 2020-03-11 07:00:56 --> Language Class Initialized
INFO - 2020-03-11 07:00:56 --> Loader Class Initialized
INFO - 2020-03-11 07:00:56 --> Helper loaded: url_helper
INFO - 2020-03-11 07:00:56 --> Helper loaded: file_helper
INFO - 2020-03-11 07:00:56 --> Database Driver Class Initialized
INFO - 2020-03-11 07:00:56 --> Email Class Initialized
DEBUG - 2020-03-11 07:00:56 --> Session: "sess_save_path" is empty; using "session.save_path" value from php.ini.
INFO - 2020-03-11 07:00:56 --> Session: Class initialized using 'files' driver.
INFO - 2020-03-11 07:00:56 --> Controller Class Initialized
INFO - 2020-03-11 07:00:56 --> Model "M_auth" initialized
INFO - 2020-03-11 07:00:56 --> File loaded: C:\xampp\htdocs\scholarship\institute\views\include/header.php
INFO - 2020-03-11 07:00:56 --> File loaded: C:\xampp\htdocs\scholarship\institute\views\include/footer.php
INFO - 2020-03-11 07:00:56 --> File loaded: C:\xampp\htdocs\scholarship\institute\views\include/msg.php
INFO - 2020-03-11 07:00:56 --> File loaded: C:\xampp\htdocs\scholarship\institute\views\auth/login.php
INFO - 2020-03-11 07:00:56 --> Final output sent to browser
DEBUG - 2020-03-11 07:00:56 --> Total execution time: 0.0930
INFO - 2020-03-11 07:01:01 --> Config Class Initialized
INFO - 2020-03-11 07:01:01 --> Hooks Class Initialized
DEBUG - 2020-03-11 07:01:01 --> UTF-8 Support Enabled
INFO - 2020-03-11 07:01:01 --> Utf8 Class Initialized
INFO - 2020-03-11 07:01:01 --> URI Class Initialized
DEBUG - 2020-03-11 07:01:01 --> No URI present. Default controller set.
INFO - 2020-03-11 07:01:01 --> Router Class Initialized
INFO - 2020-03-11 07:01:01 --> Output Class Initialized
INFO - 2020-03-11 07:01:01 --> Security Class Initialized
DEBUG - 2020-03-11 07:01:01 --> Global POST, GET and COOKIE data sanitized
INFO - 2020-03-11 07:01:01 --> CSRF cookie sent
INFO - 2020-03-11 07:01:01 --> CSRF token verified
INFO - 2020-03-11 07:01:01 --> Input Class Initialized
INFO - 2020-03-11 07:01:01 --> Language Class Initialized
INFO - 2020-03-11 07:01:01 --> Loader Class Initialized
INFO - 2020-03-11 07:01:01 --> Helper loaded: url_helper
INFO - 2020-03-11 07:01:01 --> Helper loaded: file_helper
INFO - 2020-03-11 07:01:01 --> Database Driver Class Initialized
INFO - 2020-03-11 07:01:01 --> Email Class Initialized
DEBUG - 2020-03-11 07:01:01 --> Session: "sess_save_path" is empty; using "session.save_path" value from php.ini.
INFO - 2020-03-11 07:01:01 --> Session: Class initialized using 'files' driver.
INFO - 2020-03-11 07:01:01 --> Controller Class Initialized
INFO - 2020-03-11 07:01:01 --> Model "M_auth" initialized
INFO - 2020-03-11 07:01:01 --> Helper loaded: form_helper
INFO - 2020-03-11 07:01:01 --> Form Validation Class Initialized
INFO - 2020-03-11 07:01:01 --> Language file loaded: language/english/form_validation_lang.php
INFO - 2020-03-11 07:01:01 --> ---------------------Success -- Institute Logged in with prathwi@5ine.in and IP aaddress ::1 --------------
INFO - 2020-03-11 07:01:01 --> Config Class Initialized
INFO - 2020-03-11 07:01:01 --> Hooks Class Initialized
DEBUG - 2020-03-11 07:01:01 --> UTF-8 Support Enabled
INFO - 2020-03-11 07:01:01 --> Utf8 Class Initialized
INFO - 2020-03-11 07:01:01 --> URI Class Initialized
INFO - 2020-03-11 07:01:01 --> Router Class Initialized
INFO - 2020-03-11 07:01:01 --> Output Class Initialized
INFO - 2020-03-11 07:01:01 --> Security Class Initialized
DEBUG - 2020-03-11 07:01:01 --> Global POST, GET and COOKIE data sanitized
INFO - 2020-03-11 07:01:01 --> CSRF cookie sent
INFO - 2020-03-11 07:01:01 --> Input Class Initialized
INFO - 2020-03-11 07:01:01 --> Language Class Initialized
INFO - 2020-03-11 07:01:01 --> Loader Class Initialized
INFO - 2020-03-11 07:01:01 --> Helper loaded: url_helper
INFO - 2020-03-11 07:01:01 --> Helper loaded: file_helper
INFO - 2020-03-11 07:01:01 --> Database Driver Class Initialized
INFO - 2020-03-11 07:01:01 --> Email Class Initialized
DEBUG - 2020-03-11 07:01:01 --> Session: "sess_save_path" is empty; using "session.save_path" value from php.ini.
INFO - 2020-03-11 07:01:01 --> Session: Class initialized using 'files' driver.
INFO - 2020-03-11 07:01:01 --> Controller Class Initialized
INFO - 2020-03-11 07:01:01 --> Model "M_dashboard" initialized
INFO - 2020-03-11 07:01:01 --> File loaded: C:\xampp\htdocs\scholarship\institute\views\include/header.php
INFO - 2020-03-11 07:01:01 --> File loaded: C:\xampp\htdocs\scholarship\institute\views\include/menu.php
INFO - 2020-03-11 07:01:01 --> File loaded: C:\xampp\htdocs\scholarship\institute\views\include/footer.php
INFO - 2020-03-11 07:01:01 --> File loaded: C:\xampp\htdocs\scholarship\institute\views\include/msg.php
INFO - 2020-03-11 07:01:01 --> File loaded: C:\xampp\htdocs\scholarship\institute\views\dashboard/request-list.php
INFO - 2020-03-11 07:01:01 --> Final output sent to browser
DEBUG - 2020-03-11 07:01:01 --> Total execution time: 0.0967
INFO - 2020-03-11 07:01:01 --> Config Class Initialized
INFO - 2020-03-11 07:01:01 --> Hooks Class Initialized
DEBUG - 2020-03-11 07:01:01 --> UTF-8 Support Enabled
INFO - 2020-03-11 07:01:01 --> Utf8 Class Initialized
INFO - 2020-03-11 07:01:01 --> URI Class Initialized
INFO - 2020-03-11 07:01:01 --> Router Class Initialized
INFO - 2020-03-11 07:01:01 --> Output Class Initialized
INFO - 2020-03-11 07:01:01 --> Security Class Initialized
DEBUG - 2020-03-11 07:01:01 --> Global POST, GET and COOKIE data sanitized
INFO - 2020-03-11 07:01:01 --> CSRF cookie sent
INFO - 2020-03-11 07:01:01 --> Input Class Initialized
INFO - 2020-03-11 07:01:01 --> Language Class Initialized
INFO - 2020-03-11 07:01:01 --> Loader Class Initialized
INFO - 2020-03-11 07:01:01 --> Helper loaded: url_helper
INFO - 2020-03-11 07:01:01 --> Helper loaded: file_helper
INFO - 2020-03-11 07:01:01 --> Database Driver Class Initialized
INFO - 2020-03-11 07:01:01 --> Email Class Initialized
DEBUG - 2020-03-11 07:01:01 --> Session: "sess_save_path" is empty; using "session.save_path" value from php.ini.
INFO - 2020-03-11 07:01:01 --> Session: Class initialized using 'files' driver.
INFO - 2020-03-11 07:01:01 --> Controller Class Initialized
INFO - 2020-03-11 07:01:01 --> Model "M_dashboard" initialized
INFO - 2020-03-11 07:01:01 --> Final output sent to browser
DEBUG - 2020-03-11 07:01:01 --> Total execution time: 0.1118
INFO - 2020-03-11 07:01:05 --> Config Class Initialized
INFO - 2020-03-11 07:01:05 --> Hooks Class Initialized
DEBUG - 2020-03-11 07:01:05 --> UTF-8 Support Enabled
INFO - 2020-03-11 07:01:05 --> Utf8 Class Initialized
INFO - 2020-03-11 07:01:05 --> URI Class Initialized
INFO - 2020-03-11 07:01:05 --> Router Class Initialized
INFO - 2020-03-11 07:01:05 --> Output Class Initialized
INFO - 2020-03-11 07:01:05 --> Security Class Initialized
DEBUG - 2020-03-11 07:01:05 --> Global POST, GET and COOKIE data sanitized
INFO - 2020-03-11 07:01:05 --> CSRF cookie sent
INFO - 2020-03-11 07:01:05 --> Input Class Initialized
INFO - 2020-03-11 07:01:06 --> Language Class Initialized
INFO - 2020-03-11 07:01:06 --> Loader Class Initialized
INFO - 2020-03-11 07:01:06 --> Helper loaded: url_helper
INFO - 2020-03-11 07:01:06 --> Helper loaded: file_helper
INFO - 2020-03-11 07:01:06 --> Database Driver Class Initialized
INFO - 2020-03-11 07:01:06 --> Email Class Initialized
DEBUG - 2020-03-11 07:01:06 --> Session: "sess_save_path" is empty; using "session.save_path" value from php.ini.
INFO - 2020-03-11 07:01:06 --> Session: Class initialized using 'files' driver.
INFO - 2020-03-11 07:01:06 --> Controller Class Initialized
INFO - 2020-03-11 07:01:06 --> Model "M_dashboard" initialized
INFO - 2020-03-11 07:01:06 --> File loaded: C:\xampp\htdocs\scholarship\institute\views\include/header.php
INFO - 2020-03-11 07:01:06 --> File loaded: C:\xampp\htdocs\scholarship\institute\views\include/menu.php
INFO - 2020-03-11 07:01:06 --> File loaded: C:\xampp\htdocs\scholarship\institute\views\include/footer.php
INFO - 2020-03-11 07:01:06 --> File loaded: C:\xampp\htdocs\scholarship\institute\views\include/msg.php
INFO - 2020-03-11 07:01:06 --> File loaded: C:\xampp\htdocs\scholarship\institute\views\dashboard/approve.php
INFO - 2020-03-11 07:01:06 --> Final output sent to browser
DEBUG - 2020-03-11 07:01:06 --> Total execution time: 0.0753
INFO - 2020-03-11 07:01:06 --> Config Class Initialized
INFO - 2020-03-11 07:01:06 --> Hooks Class Initialized
DEBUG - 2020-03-11 07:01:06 --> UTF-8 Support Enabled
INFO - 2020-03-11 07:01:06 --> Utf8 Class Initialized
INFO - 2020-03-11 07:01:06 --> URI Class Initialized
INFO - 2020-03-11 07:01:06 --> Router Class Initialized
INFO - 2020-03-11 07:01:06 --> Output Class Initialized
INFO - 2020-03-11 07:01:06 --> Security Class Initialized
DEBUG - 2020-03-11 07:01:06 --> Global POST, GET and COOKIE data sanitized
INFO - 2020-03-11 07:01:06 --> CSRF cookie sent
INFO - 2020-03-11 07:01:06 --> Input Class Initialized
INFO - 2020-03-11 07:01:06 --> Language Class Initialized
INFO - 2020-03-11 07:01:06 --> Loader Class Initialized
INFO - 2020-03-11 07:01:06 --> Helper loaded: url_helper
INFO - 2020-03-11 07:01:06 --> Helper loaded: file_helper
INFO - 2020-03-11 07:01:06 --> Database Driver Class Initialized
INFO - 2020-03-11 07:01:06 --> Email Class Initialized
DEBUG - 2020-03-11 07:01:06 --> Session: "sess_save_path" is empty; using "session.save_path" value from php.ini.
INFO - 2020-03-11 07:01:06 --> Session: Class initialized using 'files' driver.
INFO - 2020-03-11 07:01:06 --> Controller Class Initialized
INFO - 2020-03-11 07:01:06 --> Model "M_dashboard" initialized
INFO - 2020-03-11 07:01:06 --> Final output sent to browser
DEBUG - 2020-03-11 07:01:06 --> Total execution time: 0.1144
INFO - 2020-03-11 07:01:08 --> Config Class Initialized
INFO - 2020-03-11 07:01:08 --> Hooks Class Initialized
DEBUG - 2020-03-11 07:01:08 --> UTF-8 Support Enabled
INFO - 2020-03-11 07:01:08 --> Utf8 Class Initialized
INFO - 2020-03-11 07:01:08 --> URI Class Initialized
INFO - 2020-03-11 07:01:08 --> Router Class Initialized
INFO - 2020-03-11 07:01:08 --> Output Class Initialized
INFO - 2020-03-11 07:01:08 --> Security Class Initialized
DEBUG - 2020-03-11 07:01:08 --> Global POST, GET and COOKIE data sanitized
INFO - 2020-03-11 07:01:08 --> CSRF cookie sent
INFO - 2020-03-11 07:01:08 --> Input Class Initialized
INFO - 2020-03-11 07:01:08 --> Language Class Initialized
INFO - 2020-03-11 07:01:08 --> Loader Class Initialized
INFO - 2020-03-11 07:01:08 --> Helper loaded: url_helper
INFO - 2020-03-11 07:01:08 --> Helper loaded: file_helper
INFO - 2020-03-11 07:01:08 --> Database Driver Class Initialized
INFO - 2020-03-11 07:01:08 --> Email Class Initialized
DEBUG - 2020-03-11 07:01:08 --> Session: "sess_save_path" is empty; using "session.save_path" value from php.ini.
INFO - 2020-03-11 07:01:08 --> Session: Class initialized using 'files' driver.
INFO - 2020-03-11 07:01:08 --> Controller Class Initialized
INFO - 2020-03-11 07:01:08 --> Model "M_auth" initialized
INFO - 2020-03-11 07:01:08 --> Config Class Initialized
INFO - 2020-03-11 07:01:08 --> Hooks Class Initialized
DEBUG - 2020-03-11 07:01:08 --> UTF-8 Support Enabled
INFO - 2020-03-11 07:01:08 --> Utf8 Class Initialized
INFO - 2020-03-11 07:01:08 --> URI Class Initialized
DEBUG - 2020-03-11 07:01:08 --> No URI present. Default controller set.
INFO - 2020-03-11 07:01:08 --> Router Class Initialized
INFO - 2020-03-11 07:01:08 --> Output Class Initialized
INFO - 2020-03-11 07:01:09 --> Security Class Initialized
DEBUG - 2020-03-11 07:01:09 --> Global POST, GET and COOKIE data sanitized
INFO - 2020-03-11 07:01:09 --> CSRF cookie sent
INFO - 2020-03-11 07:01:09 --> Input Class Initialized
INFO - 2020-03-11 07:01:09 --> Language Class Initialized
INFO - 2020-03-11 07:01:09 --> Loader Class Initialized
INFO - 2020-03-11 07:01:09 --> Helper loaded: url_helper
INFO - 2020-03-11 07:01:09 --> Helper loaded: file_helper
INFO - 2020-03-11 07:01:09 --> Database Driver Class Initialized
INFO - 2020-03-11 07:01:09 --> Email Class Initialized
DEBUG - 2020-03-11 07:01:09 --> Session: "sess_save_path" is empty; using "session.save_path" value from php.ini.
INFO - 2020-03-11 07:01:09 --> Session: Class initialized using 'files' driver.
INFO - 2020-03-11 07:01:09 --> Controller Class Initialized
INFO - 2020-03-11 07:01:09 --> Model "M_auth" initialized
INFO - 2020-03-11 07:01:09 --> File loaded: C:\xampp\htdocs\scholarship\institute\views\include/header.php
INFO - 2020-03-11 07:01:09 --> File loaded: C:\xampp\htdocs\scholarship\institute\views\include/footer.php
INFO - 2020-03-11 07:01:09 --> File loaded: C:\xampp\htdocs\scholarship\institute\views\include/msg.php
INFO - 2020-03-11 07:01:09 --> File loaded: C:\xampp\htdocs\scholarship\institute\views\auth/login.php
INFO - 2020-03-11 07:01:09 --> Final output sent to browser
DEBUG - 2020-03-11 07:01:09 --> Total execution time: 0.0631
INFO - 2020-03-11 08:45:14 --> Config Class Initialized
INFO - 2020-03-11 08:45:14 --> Hooks Class Initialized
DEBUG - 2020-03-11 08:45:14 --> UTF-8 Support Enabled
INFO - 2020-03-11 08:45:14 --> Utf8 Class Initialized
INFO - 2020-03-11 08:45:14 --> URI Class Initialized
INFO - 2020-03-11 08:45:14 --> Router Class Initialized
INFO - 2020-03-11 08:45:14 --> Output Class Initialized
INFO - 2020-03-11 08:45:14 --> Security Class Initialized
DEBUG - 2020-03-11 08:45:14 --> Global POST, GET and COOKIE data sanitized
INFO - 2020-03-11 08:45:14 --> CSRF cookie sent
INFO - 2020-03-11 08:45:14 --> Input Class Initialized
INFO - 2020-03-11 08:45:14 --> Language Class Initialized
ERROR - 2020-03-11 08:45:14 --> 404 Page Not Found: Regfile/marks%20card.jfif
INFO - 2020-03-11 08:45:17 --> Config Class Initialized
INFO - 2020-03-11 08:45:17 --> Hooks Class Initialized
DEBUG - 2020-03-11 08:45:17 --> UTF-8 Support Enabled
INFO - 2020-03-11 08:45:17 --> Utf8 Class Initialized
INFO - 2020-03-11 08:45:17 --> URI Class Initialized
INFO - 2020-03-11 08:45:17 --> Router Class Initialized
INFO - 2020-03-11 08:45:17 --> Output Class Initialized
INFO - 2020-03-11 08:45:17 --> Security Class Initialized
DEBUG - 2020-03-11 08:45:17 --> Global POST, GET and COOKIE data sanitized
INFO - 2020-03-11 08:45:17 --> CSRF cookie sent
INFO - 2020-03-11 08:45:17 --> Input Class Initialized
INFO - 2020-03-11 08:45:17 --> Language Class Initialized
ERROR - 2020-03-11 08:45:17 --> 404 Page Not Found: Regfile/marks%20card.jfif
INFO - 2020-03-11 15:12:33 --> Config Class Initialized
INFO - 2020-03-11 15:12:33 --> Hooks Class Initialized
DEBUG - 2020-03-11 15:12:33 --> UTF-8 Support Enabled
INFO - 2020-03-11 15:12:33 --> Utf8 Class Initialized
INFO - 2020-03-11 15:12:33 --> URI Class Initialized
DEBUG - 2020-03-11 15:12:33 --> No URI present. Default controller set.
INFO - 2020-03-11 15:12:33 --> Router Class Initialized
INFO - 2020-03-11 15:12:33 --> Output Class Initialized
INFO - 2020-03-11 15:12:33 --> Security Class Initialized
DEBUG - 2020-03-11 15:12:33 --> Global POST, GET and COOKIE data sanitized
INFO - 2020-03-11 15:12:33 --> CSRF cookie sent
INFO - 2020-03-11 15:12:33 --> Input Class Initialized
INFO - 2020-03-11 15:12:33 --> Language Class Initialized
INFO - 2020-03-11 15:12:33 --> Loader Class Initialized
INFO - 2020-03-11 15:12:33 --> Helper loaded: url_helper
INFO - 2020-03-11 15:12:33 --> Helper loaded: file_helper
INFO - 2020-03-11 15:12:33 --> Database Driver Class Initialized
INFO - 2020-03-11 15:12:33 --> Email Class Initialized
DEBUG - 2020-03-11 15:12:33 --> Session: "sess_save_path" is empty; using "session.save_path" value from php.ini.
INFO - 2020-03-11 15:12:33 --> Session: Class initialized using 'files' driver.
INFO - 2020-03-11 15:12:33 --> Controller Class Initialized
INFO - 2020-03-11 15:12:33 --> Model "M_auth" initialized
INFO - 2020-03-11 15:12:33 --> File loaded: C:\xampp\htdocs\scholarship\institute\views\include/header.php
INFO - 2020-03-11 15:12:33 --> File loaded: C:\xampp\htdocs\scholarship\institute\views\include/footer.php
INFO - 2020-03-11 15:12:33 --> File loaded: C:\xampp\htdocs\scholarship\institute\views\include/msg.php
INFO - 2020-03-11 15:12:33 --> File loaded: C:\xampp\htdocs\scholarship\institute\views\auth/login.php
INFO - 2020-03-11 15:12:33 --> Final output sent to browser
DEBUG - 2020-03-11 15:12:33 --> Total execution time: 0.2149
INFO - 2020-03-11 15:12:46 --> Config Class Initialized
INFO - 2020-03-11 15:12:46 --> Hooks Class Initialized
DEBUG - 2020-03-11 15:12:46 --> UTF-8 Support Enabled
INFO - 2020-03-11 15:12:46 --> Utf8 Class Initialized
INFO - 2020-03-11 15:12:46 --> URI Class Initialized
DEBUG - 2020-03-11 15:12:46 --> No URI present. Default controller set.
INFO - 2020-03-11 15:12:46 --> Router Class Initialized
INFO - 2020-03-11 15:12:46 --> Output Class Initialized
INFO - 2020-03-11 15:12:46 --> Security Class Initialized
DEBUG - 2020-03-11 15:12:46 --> Global POST, GET and COOKIE data sanitized
INFO - 2020-03-11 15:12:46 --> CSRF cookie sent
INFO - 2020-03-11 15:12:46 --> CSRF token verified
INFO - 2020-03-11 15:12:46 --> Input Class Initialized
INFO - 2020-03-11 15:12:46 --> Language Class Initialized
INFO - 2020-03-11 15:12:46 --> Loader Class Initialized
INFO - 2020-03-11 15:12:46 --> Helper loaded: url_helper
INFO - 2020-03-11 15:12:46 --> Helper loaded: file_helper
INFO - 2020-03-11 15:12:46 --> Database Driver Class Initialized
INFO - 2020-03-11 15:12:46 --> Email Class Initialized
DEBUG - 2020-03-11 15:12:46 --> Session: "sess_save_path" is empty; using "session.save_path" value from php.ini.
INFO - 2020-03-11 15:12:46 --> Session: Class initialized using 'files' driver.
INFO - 2020-03-11 15:12:46 --> Controller Class Initialized
INFO - 2020-03-11 15:12:46 --> Model "M_auth" initialized
INFO - 2020-03-11 15:12:46 --> Helper loaded: form_helper
INFO - 2020-03-11 15:12:46 --> Form Validation Class Initialized
INFO - 2020-03-11 15:12:46 --> Language file loaded: language/english/form_validation_lang.php
ERROR - 2020-03-11 15:12:46 --> ---------------------Failed -- Institute Log in Failed and tried login with jainrohith9@gmail.com password and IP aaddress ::1 --------------
INFO - 2020-03-11 15:12:46 --> Config Class Initialized
INFO - 2020-03-11 15:12:46 --> Hooks Class Initialized
DEBUG - 2020-03-11 15:12:46 --> UTF-8 Support Enabled
INFO - 2020-03-11 15:12:46 --> Utf8 Class Initialized
INFO - 2020-03-11 15:12:46 --> URI Class Initialized
DEBUG - 2020-03-11 15:12:46 --> No URI present. Default controller set.
INFO - 2020-03-11 15:12:46 --> Router Class Initialized
INFO - 2020-03-11 15:12:46 --> Output Class Initialized
INFO - 2020-03-11 15:12:46 --> Security Class Initialized
DEBUG - 2020-03-11 15:12:46 --> Global POST, GET and COOKIE data sanitized
INFO - 2020-03-11 15:12:46 --> CSRF cookie sent
INFO - 2020-03-11 15:12:46 --> Input Class Initialized
INFO - 2020-03-11 15:12:46 --> Language Class Initialized
INFO - 2020-03-11 15:12:46 --> Loader Class Initialized
INFO - 2020-03-11 15:12:46 --> Helper loaded: url_helper
INFO - 2020-03-11 15:12:46 --> Helper loaded: file_helper
INFO - 2020-03-11 15:12:46 --> Database Driver Class Initialized
INFO - 2020-03-11 15:12:46 --> Email Class Initialized
DEBUG - 2020-03-11 15:12:46 --> Session: "sess_save_path" is empty; using "session.save_path" value from php.ini.
INFO - 2020-03-11 15:12:46 --> Session: Class initialized using 'files' driver.
INFO - 2020-03-11 15:12:46 --> Controller Class Initialized
INFO - 2020-03-11 15:12:46 --> Model "M_auth" initialized
INFO - 2020-03-11 15:12:46 --> File loaded: C:\xampp\htdocs\scholarship\institute\views\include/header.php
INFO - 2020-03-11 15:12:46 --> File loaded: C:\xampp\htdocs\scholarship\institute\views\include/footer.php
INFO - 2020-03-11 15:12:46 --> File loaded: C:\xampp\htdocs\scholarship\institute\views\include/msg.php
INFO - 2020-03-11 15:12:46 --> File loaded: C:\xampp\htdocs\scholarship\institute\views\auth/login.php
INFO - 2020-03-11 15:12:46 --> Final output sent to browser
DEBUG - 2020-03-11 15:12:46 --> Total execution time: 0.1131
INFO - 2020-03-11 15:14:03 --> Config Class Initialized
INFO - 2020-03-11 15:14:03 --> Hooks Class Initialized
DEBUG - 2020-03-11 15:14:03 --> UTF-8 Support Enabled
INFO - 2020-03-11 15:14:03 --> Utf8 Class Initialized
INFO - 2020-03-11 15:14:03 --> URI Class Initialized
DEBUG - 2020-03-11 15:14:03 --> No URI present. Default controller set.
INFO - 2020-03-11 15:14:03 --> Router Class Initialized
INFO - 2020-03-11 15:14:03 --> Output Class Initialized
INFO - 2020-03-11 15:14:03 --> Security Class Initialized
DEBUG - 2020-03-11 15:14:03 --> Global POST, GET and COOKIE data sanitized
INFO - 2020-03-11 15:14:03 --> CSRF cookie sent
INFO - 2020-03-11 15:14:03 --> Input Class Initialized
INFO - 2020-03-11 15:14:03 --> Language Class Initialized
INFO - 2020-03-11 15:14:03 --> Loader Class Initialized
INFO - 2020-03-11 15:14:03 --> Helper loaded: url_helper
INFO - 2020-03-11 15:14:03 --> Helper loaded: file_helper
INFO - 2020-03-11 15:14:03 --> Database Driver Class Initialized
INFO - 2020-03-11 15:14:03 --> Email Class Initialized
DEBUG - 2020-03-11 15:14:03 --> Session: "sess_save_path" is empty; using "session.save_path" value from php.ini.
INFO - 2020-03-11 15:14:03 --> Session: Class initialized using 'files' driver.
INFO - 2020-03-11 15:14:03 --> Controller Class Initialized
INFO - 2020-03-11 15:14:03 --> Model "M_auth" initialized
INFO - 2020-03-11 15:14:03 --> File loaded: C:\xampp\htdocs\scholarship\institute\views\include/header.php
INFO - 2020-03-11 15:14:03 --> File loaded: C:\xampp\htdocs\scholarship\institute\views\include/footer.php
INFO - 2020-03-11 15:14:03 --> File loaded: C:\xampp\htdocs\scholarship\institute\views\include/msg.php
INFO - 2020-03-11 15:14:03 --> File loaded: C:\xampp\htdocs\scholarship\institute\views\auth/login.php
INFO - 2020-03-11 15:14:03 --> Final output sent to browser
DEBUG - 2020-03-11 15:14:03 --> Total execution time: 0.0886
INFO - 2020-03-11 15:14:25 --> Config Class Initialized
INFO - 2020-03-11 15:14:25 --> Hooks Class Initialized
DEBUG - 2020-03-11 15:14:25 --> UTF-8 Support Enabled
INFO - 2020-03-11 15:14:25 --> Utf8 Class Initialized
INFO - 2020-03-11 15:14:25 --> URI Class Initialized
INFO - 2020-03-11 15:14:25 --> Router Class Initialized
INFO - 2020-03-11 15:14:25 --> Output Class Initialized
INFO - 2020-03-11 15:14:25 --> Security Class Initialized
DEBUG - 2020-03-11 15:14:25 --> Global POST, GET and COOKIE data sanitized
INFO - 2020-03-11 15:14:25 --> CSRF cookie sent
INFO - 2020-03-11 15:14:25 --> Input Class Initialized
INFO - 2020-03-11 15:14:25 --> Language Class Initialized
INFO - 2020-03-11 15:14:25 --> Loader Class Initialized
INFO - 2020-03-11 15:14:25 --> Helper loaded: url_helper
INFO - 2020-03-11 15:14:25 --> Helper loaded: file_helper
INFO - 2020-03-11 15:14:25 --> Database Driver Class Initialized
INFO - 2020-03-11 15:14:25 --> Email Class Initialized
DEBUG - 2020-03-11 15:14:25 --> Session: "sess_save_path" is empty; using "session.save_path" value from php.ini.
INFO - 2020-03-11 15:14:25 --> Session: Class initialized using 'files' driver.
INFO - 2020-03-11 15:14:25 --> Controller Class Initialized
INFO - 2020-03-11 15:14:25 --> Model "M_auth" initialized
INFO - 2020-03-11 15:14:25 --> File loaded: C:\xampp\htdocs\scholarship\institute\views\include/header.php
INFO - 2020-03-11 15:14:25 --> File loaded: C:\xampp\htdocs\scholarship\institute\views\include/footer.php
INFO - 2020-03-11 15:14:25 --> File loaded: C:\xampp\htdocs\scholarship\institute\views\include/msg.php
INFO - 2020-03-11 15:14:25 --> File loaded: C:\xampp\htdocs\scholarship\institute\views\auth/register.php
INFO - 2020-03-11 15:14:25 --> Final output sent to browser
DEBUG - 2020-03-11 15:14:25 --> Total execution time: 0.1073
INFO - 2020-03-11 15:14:31 --> Config Class Initialized
INFO - 2020-03-11 15:14:31 --> Hooks Class Initialized
DEBUG - 2020-03-11 15:14:31 --> UTF-8 Support Enabled
INFO - 2020-03-11 15:14:31 --> Utf8 Class Initialized
INFO - 2020-03-11 15:14:31 --> URI Class Initialized
INFO - 2020-03-11 15:14:31 --> Router Class Initialized
INFO - 2020-03-11 15:14:31 --> Output Class Initialized
INFO - 2020-03-11 15:14:31 --> Security Class Initialized
DEBUG - 2020-03-11 15:14:31 --> Global POST, GET and COOKIE data sanitized
INFO - 2020-03-11 15:14:31 --> CSRF cookie sent
INFO - 2020-03-11 15:14:31 --> CSRF token verified
INFO - 2020-03-11 15:14:31 --> Input Class Initialized
INFO - 2020-03-11 15:14:31 --> Language Class Initialized
INFO - 2020-03-11 15:14:31 --> Loader Class Initialized
INFO - 2020-03-11 15:14:31 --> Helper loaded: url_helper
INFO - 2020-03-11 15:14:31 --> Helper loaded: file_helper
INFO - 2020-03-11 15:14:31 --> Database Driver Class Initialized
INFO - 2020-03-11 15:14:31 --> Email Class Initialized
DEBUG - 2020-03-11 15:14:31 --> Session: "sess_save_path" is empty; using "session.save_path" value from php.ini.
INFO - 2020-03-11 15:14:31 --> Session: Class initialized using 'files' driver.
INFO - 2020-03-11 15:14:31 --> Controller Class Initialized
INFO - 2020-03-11 15:14:31 --> Model "M_auth" initialized
INFO - 2020-03-11 15:14:31 --> Final output sent to browser
DEBUG - 2020-03-11 15:14:31 --> Total execution time: 0.0759
INFO - 2020-03-11 15:14:33 --> Config Class Initialized
INFO - 2020-03-11 15:14:33 --> Hooks Class Initialized
DEBUG - 2020-03-11 15:14:33 --> UTF-8 Support Enabled
INFO - 2020-03-11 15:14:33 --> Utf8 Class Initialized
INFO - 2020-03-11 15:14:33 --> URI Class Initialized
INFO - 2020-03-11 15:14:33 --> Router Class Initialized
INFO - 2020-03-11 15:14:33 --> Output Class Initialized
INFO - 2020-03-11 15:14:33 --> Security Class Initialized
DEBUG - 2020-03-11 15:14:33 --> Global POST, GET and COOKIE data sanitized
INFO - 2020-03-11 15:14:33 --> CSRF cookie sent
INFO - 2020-03-11 15:14:33 --> CSRF token verified
INFO - 2020-03-11 15:14:33 --> Input Class Initialized
INFO - 2020-03-11 15:14:33 --> Language Class Initialized
INFO - 2020-03-11 15:14:33 --> Loader Class Initialized
INFO - 2020-03-11 15:14:33 --> Helper loaded: url_helper
INFO - 2020-03-11 15:14:33 --> Helper loaded: file_helper
INFO - 2020-03-11 15:14:33 --> Database Driver Class Initialized
INFO - 2020-03-11 15:14:33 --> Email Class Initialized
DEBUG - 2020-03-11 15:14:33 --> Session: "sess_save_path" is empty; using "session.save_path" value from php.ini.
INFO - 2020-03-11 15:14:33 --> Session: Class initialized using 'files' driver.
INFO - 2020-03-11 15:14:33 --> Controller Class Initialized
INFO - 2020-03-11 15:14:33 --> Model "M_auth" initialized
INFO - 2020-03-11 15:14:33 --> Final output sent to browser
DEBUG - 2020-03-11 15:14:33 --> Total execution time: 0.0943
INFO - 2020-03-11 15:14:35 --> Config Class Initialized
INFO - 2020-03-11 15:14:35 --> Hooks Class Initialized
DEBUG - 2020-03-11 15:14:35 --> UTF-8 Support Enabled
INFO - 2020-03-11 15:14:35 --> Utf8 Class Initialized
INFO - 2020-03-11 15:14:35 --> URI Class Initialized
INFO - 2020-03-11 15:14:35 --> Router Class Initialized
INFO - 2020-03-11 15:14:35 --> Output Class Initialized
INFO - 2020-03-11 15:14:35 --> Security Class Initialized
DEBUG - 2020-03-11 15:14:35 --> Global POST, GET and COOKIE data sanitized
INFO - 2020-03-11 15:14:35 --> CSRF cookie sent
INFO - 2020-03-11 15:14:35 --> CSRF token verified
INFO - 2020-03-11 15:14:35 --> Input Class Initialized
INFO - 2020-03-11 15:14:35 --> Language Class Initialized
INFO - 2020-03-11 15:14:35 --> Loader Class Initialized
INFO - 2020-03-11 15:14:35 --> Helper loaded: url_helper
INFO - 2020-03-11 15:14:35 --> Helper loaded: file_helper
INFO - 2020-03-11 15:14:35 --> Database Driver Class Initialized
INFO - 2020-03-11 15:14:35 --> Email Class Initialized
DEBUG - 2020-03-11 15:14:35 --> Session: "sess_save_path" is empty; using "session.save_path" value from php.ini.
INFO - 2020-03-11 15:14:35 --> Session: Class initialized using 'files' driver.
INFO - 2020-03-11 15:14:35 --> Controller Class Initialized
INFO - 2020-03-11 15:14:35 --> Model "M_auth" initialized
INFO - 2020-03-11 15:14:35 --> Final output sent to browser
DEBUG - 2020-03-11 15:14:35 --> Total execution time: 0.0707
INFO - 2020-03-11 15:17:22 --> Config Class Initialized
INFO - 2020-03-11 15:17:22 --> Hooks Class Initialized
DEBUG - 2020-03-11 15:17:22 --> UTF-8 Support Enabled
INFO - 2020-03-11 15:17:22 --> Utf8 Class Initialized
INFO - 2020-03-11 15:17:22 --> URI Class Initialized
DEBUG - 2020-03-11 15:17:22 --> No URI present. Default controller set.
INFO - 2020-03-11 15:17:22 --> Router Class Initialized
INFO - 2020-03-11 15:17:22 --> Output Class Initialized
INFO - 2020-03-11 15:17:22 --> Security Class Initialized
DEBUG - 2020-03-11 15:17:22 --> Global POST, GET and COOKIE data sanitized
INFO - 2020-03-11 15:17:22 --> CSRF cookie sent
INFO - 2020-03-11 15:17:22 --> Input Class Initialized
INFO - 2020-03-11 15:17:22 --> Language Class Initialized
INFO - 2020-03-11 15:17:22 --> Loader Class Initialized
INFO - 2020-03-11 15:17:22 --> Helper loaded: url_helper
INFO - 2020-03-11 15:17:22 --> Helper loaded: file_helper
INFO - 2020-03-11 15:17:22 --> Database Driver Class Initialized
INFO - 2020-03-11 15:17:22 --> Email Class Initialized
DEBUG - 2020-03-11 15:17:22 --> Session: "sess_save_path" is empty; using "session.save_path" value from php.ini.
INFO - 2020-03-11 15:17:22 --> Session: Class initialized using 'files' driver.
INFO - 2020-03-11 15:17:22 --> Controller Class Initialized
INFO - 2020-03-11 15:17:22 --> Model "M_auth" initialized
INFO - 2020-03-11 15:17:22 --> File loaded: C:\xampp\htdocs\scholarship\institute\views\include/header.php
INFO - 2020-03-11 15:17:22 --> File loaded: C:\xampp\htdocs\scholarship\institute\views\include/footer.php
INFO - 2020-03-11 15:17:22 --> File loaded: C:\xampp\htdocs\scholarship\institute\views\include/msg.php
INFO - 2020-03-11 15:17:22 --> File loaded: C:\xampp\htdocs\scholarship\institute\views\auth/login.php
INFO - 2020-03-11 15:17:22 --> Final output sent to browser
DEBUG - 2020-03-11 15:17:22 --> Total execution time: 0.0806
INFO - 2020-03-11 15:20:33 --> Config Class Initialized
INFO - 2020-03-11 15:20:33 --> Hooks Class Initialized
DEBUG - 2020-03-11 15:20:33 --> UTF-8 Support Enabled
INFO - 2020-03-11 15:20:33 --> Utf8 Class Initialized
INFO - 2020-03-11 15:20:33 --> URI Class Initialized
DEBUG - 2020-03-11 15:20:33 --> No URI present. Default controller set.
INFO - 2020-03-11 15:20:33 --> Router Class Initialized
INFO - 2020-03-11 15:20:33 --> Output Class Initialized
INFO - 2020-03-11 15:20:33 --> Security Class Initialized
DEBUG - 2020-03-11 15:20:33 --> Global POST, GET and COOKIE data sanitized
INFO - 2020-03-11 15:20:33 --> CSRF cookie sent
INFO - 2020-03-11 15:20:33 --> Input Class Initialized
INFO - 2020-03-11 15:20:33 --> Language Class Initialized
INFO - 2020-03-11 15:20:33 --> Loader Class Initialized
INFO - 2020-03-11 15:20:33 --> Helper loaded: url_helper
INFO - 2020-03-11 15:20:33 --> Helper loaded: file_helper
INFO - 2020-03-11 15:20:33 --> Database Driver Class Initialized
INFO - 2020-03-11 15:20:33 --> Email Class Initialized
DEBUG - 2020-03-11 15:20:33 --> Session: "sess_save_path" is empty; using "session.save_path" value from php.ini.
INFO - 2020-03-11 15:20:33 --> Session: Class initialized using 'files' driver.
INFO - 2020-03-11 15:20:33 --> Controller Class Initialized
INFO - 2020-03-11 15:20:33 --> Model "M_auth" initialized
INFO - 2020-03-11 15:20:33 --> File loaded: C:\xampp\htdocs\scholarship\institute\views\include/header.php
INFO - 2020-03-11 15:20:33 --> File loaded: C:\xampp\htdocs\scholarship\institute\views\include/footer.php
INFO - 2020-03-11 15:20:33 --> File loaded: C:\xampp\htdocs\scholarship\institute\views\include/msg.php
INFO - 2020-03-11 15:20:33 --> File loaded: C:\xampp\htdocs\scholarship\institute\views\auth/login.php
INFO - 2020-03-11 15:20:33 --> Final output sent to browser
DEBUG - 2020-03-11 15:20:33 --> Total execution time: 0.0778
