INFO - 2020-09-09 09:54:25 --> Config Class Initialized
INFO - 2020-09-09 09:54:25 --> Config Class Initialized
INFO - 2020-09-09 09:54:25 --> Config Class Initialized
INFO - 2020-09-09 09:54:25 --> Hooks Class Initialized
INFO - 2020-09-09 09:54:25 --> Hooks Class Initialized
DEBUG - 2020-09-09 09:54:25 --> UTF-8 Support Enabled
DEBUG - 2020-09-09 09:54:25 --> UTF-8 Support Enabled
INFO - 2020-09-09 09:54:25 --> Utf8 Class Initialized
INFO - 2020-09-09 09:54:25 --> Utf8 Class Initialized
INFO - 2020-09-09 09:54:25 --> URI Class Initialized
INFO - 2020-09-09 09:54:25 --> URI Class Initialized
INFO - 2020-09-09 09:54:25 --> Hooks Class Initialized
DEBUG - 2020-09-09 09:54:25 --> UTF-8 Support Enabled
INFO - 2020-09-09 09:54:25 --> Utf8 Class Initialized
INFO - 2020-09-09 09:54:25 --> Router Class Initialized
INFO - 2020-09-09 09:54:25 --> URI Class Initialized
INFO - 2020-09-09 09:54:25 --> Router Class Initialized
INFO - 2020-09-09 09:54:25 --> Router Class Initialized
INFO - 2020-09-09 09:54:25 --> Output Class Initialized
INFO - 2020-09-09 09:54:25 --> Output Class Initialized
INFO - 2020-09-09 09:54:25 --> Security Class Initialized
INFO - 2020-09-09 09:54:25 --> Security Class Initialized
DEBUG - 2020-09-09 09:54:25 --> Global POST, GET and COOKIE data sanitized
INFO - 2020-09-09 09:54:25 --> CSRF cookie sent
INFO - 2020-09-09 09:54:25 --> Input Class Initialized
INFO - 2020-09-09 09:54:25 --> Output Class Initialized
INFO - 2020-09-09 09:54:25 --> Language Class Initialized
INFO - 2020-09-09 09:54:25 --> Security Class Initialized
DEBUG - 2020-09-09 09:54:25 --> Global POST, GET and COOKIE data sanitized
INFO - 2020-09-09 09:54:25 --> CSRF cookie sent
INFO - 2020-09-09 09:54:25 --> Input Class Initialized
INFO - 2020-09-09 09:54:25 --> Language Class Initialized
DEBUG - 2020-09-09 09:54:26 --> Global POST, GET and COOKIE data sanitized
INFO - 2020-09-09 09:54:26 --> Loader Class Initialized
INFO - 2020-09-09 09:54:26 --> CSRF cookie sent
INFO - 2020-09-09 09:54:26 --> Loader Class Initialized
INFO - 2020-09-09 09:54:26 --> Input Class Initialized
INFO - 2020-09-09 09:54:26 --> Helper loaded: url_helper
INFO - 2020-09-09 09:54:26 --> Helper loaded: url_helper
INFO - 2020-09-09 09:54:26 --> Helper loaded: file_helper
INFO - 2020-09-09 09:54:26 --> Helper loaded: file_helper
INFO - 2020-09-09 09:54:26 --> Language Class Initialized
INFO - 2020-09-09 09:54:26 --> Database Driver Class Initialized
INFO - 2020-09-09 09:54:26 --> Loader Class Initialized
INFO - 2020-09-09 09:54:26 --> Helper loaded: url_helper
INFO - 2020-09-09 09:54:26 --> Database Driver Class Initialized
INFO - 2020-09-09 09:54:26 --> Helper loaded: file_helper
INFO - 2020-09-09 09:54:26 --> Database Driver Class Initialized
INFO - 2020-09-09 09:54:26 --> Email Class Initialized
INFO - 2020-09-09 09:54:26 --> Email Class Initialized
INFO - 2020-09-09 09:54:26 --> Email Class Initialized
DEBUG - 2020-09-09 09:54:26 --> Session: "sess_save_path" is empty; using "session.save_path" value from php.ini.
INFO - 2020-09-09 09:54:26 --> Session: Class initialized using 'files' driver.
DEBUG - 2020-09-09 09:54:26 --> Session: "sess_save_path" is empty; using "session.save_path" value from php.ini.
DEBUG - 2020-09-09 09:54:26 --> Session: "sess_save_path" is empty; using "session.save_path" value from php.ini.
INFO - 2020-09-09 09:54:26 --> Controller Class Initialized
INFO - 2020-09-09 09:54:26 --> Model "M_auth" initialized
DEBUG - 2020-09-09 09:54:26 --> Sc_check class already loaded. Second attempt ignored.
INFO - 2020-09-09 09:54:26 --> Helper loaded: captcha_helper
INFO - 2020-09-09 09:54:26 --> Helper loaded: form_helper
INFO - 2020-09-09 09:54:26 --> Form Validation Class Initialized
ERROR - 2020-09-09 09:54:26 --> Severity: Warning --> fopen(regfile/902ecb5e86d911741f021bedde4f4692.jpg): failed to open stream: No such file or directory C:\xampp\htdocs\scholarship\institute\controllers\Auth.php 664
ERROR - 2020-09-09 09:54:26 --> Severity: Warning --> filesize(): stat failed for regfile/902ecb5e86d911741f021bedde4f4692.jpg C:\xampp\htdocs\scholarship\institute\controllers\Auth.php 666
ERROR - 2020-09-09 09:54:26 --> Severity: Warning --> fpassthru() expects parameter 1 to be resource, boolean given C:\xampp\htdocs\scholarship\institute\controllers\Auth.php 667
INFO - 2020-09-09 09:54:26 --> Final output sent to browser
DEBUG - 2020-09-09 09:54:26 --> Total execution time: 0.5270
INFO - 2020-09-09 09:54:26 --> Session: Class initialized using 'files' driver.
INFO - 2020-09-09 09:54:26 --> Controller Class Initialized
INFO - 2020-09-09 09:54:26 --> Model "M_auth" initialized
DEBUG - 2020-09-09 09:54:26 --> Sc_check class already loaded. Second attempt ignored.
INFO - 2020-09-09 09:54:26 --> Helper loaded: captcha_helper
INFO - 2020-09-09 09:54:26 --> Helper loaded: form_helper
INFO - 2020-09-09 09:54:26 --> Form Validation Class Initialized
ERROR - 2020-09-09 09:54:26 --> Severity: Warning --> fopen(seal/260920c3b9151e4151f8068c3d4b0ade.png): failed to open stream: No such file or directory C:\xampp\htdocs\scholarship\institute\controllers\Auth.php 664
ERROR - 2020-09-09 09:54:26 --> Severity: Warning --> filesize(): stat failed for seal/260920c3b9151e4151f8068c3d4b0ade.png C:\xampp\htdocs\scholarship\institute\controllers\Auth.php 666
ERROR - 2020-09-09 09:54:26 --> Severity: Warning --> fpassthru() expects parameter 1 to be resource, boolean given C:\xampp\htdocs\scholarship\institute\controllers\Auth.php 667
INFO - 2020-09-09 09:54:26 --> Final output sent to browser
DEBUG - 2020-09-09 09:54:26 --> Total execution time: 0.6976
INFO - 2020-09-09 09:54:26 --> Session: Class initialized using 'files' driver.
INFO - 2020-09-09 09:54:26 --> Controller Class Initialized
INFO - 2020-09-09 09:54:26 --> Model "M_auth" initialized
DEBUG - 2020-09-09 09:54:26 --> Sc_check class already loaded. Second attempt ignored.
INFO - 2020-09-09 09:54:26 --> Helper loaded: captcha_helper
INFO - 2020-09-09 09:54:26 --> Helper loaded: form_helper
INFO - 2020-09-09 09:54:26 --> Form Validation Class Initialized
ERROR - 2020-09-09 09:54:26 --> Severity: Warning --> fopen(signature/edd73256da75fbdff4588bba26462cdb.png): failed to open stream: No such file or directory C:\xampp\htdocs\scholarship\institute\controllers\Auth.php 664
ERROR - 2020-09-09 09:54:26 --> Severity: Warning --> filesize(): stat failed for signature/edd73256da75fbdff4588bba26462cdb.png C:\xampp\htdocs\scholarship\institute\controllers\Auth.php 666
ERROR - 2020-09-09 09:54:26 --> Severity: Warning --> fpassthru() expects parameter 1 to be resource, boolean given C:\xampp\htdocs\scholarship\institute\controllers\Auth.php 667
INFO - 2020-09-09 09:54:26 --> Final output sent to browser
DEBUG - 2020-09-09 09:54:26 --> Total execution time: 0.8509
INFO - 2020-09-09 09:54:27 --> Config Class Initialized
INFO - 2020-09-09 09:54:27 --> Config Class Initialized
INFO - 2020-09-09 09:54:27 --> Hooks Class Initialized
DEBUG - 2020-09-09 09:54:27 --> UTF-8 Support Enabled
INFO - 2020-09-09 09:54:27 --> Utf8 Class Initialized
INFO - 2020-09-09 09:54:27 --> URI Class Initialized
INFO - 2020-09-09 09:54:27 --> Config Class Initialized
INFO - 2020-09-09 09:54:27 --> Hooks Class Initialized
INFO - 2020-09-09 09:54:27 --> Router Class Initialized
DEBUG - 2020-09-09 09:54:27 --> UTF-8 Support Enabled
INFO - 2020-09-09 09:54:27 --> Utf8 Class Initialized
INFO - 2020-09-09 09:54:27 --> URI Class Initialized
INFO - 2020-09-09 09:54:27 --> Hooks Class Initialized
INFO - 2020-09-09 09:54:27 --> Output Class Initialized
INFO - 2020-09-09 09:54:27 --> Security Class Initialized
DEBUG - 2020-09-09 09:54:27 --> UTF-8 Support Enabled
INFO - 2020-09-09 09:54:27 --> Utf8 Class Initialized
DEBUG - 2020-09-09 09:54:27 --> Global POST, GET and COOKIE data sanitized
INFO - 2020-09-09 09:54:27 --> URI Class Initialized
INFO - 2020-09-09 09:54:27 --> CSRF cookie sent
INFO - 2020-09-09 09:54:27 --> Input Class Initialized
INFO - 2020-09-09 09:54:27 --> Router Class Initialized
INFO - 2020-09-09 09:54:27 --> Language Class Initialized
INFO - 2020-09-09 09:54:27 --> Output Class Initialized
INFO - 2020-09-09 09:54:27 --> Security Class Initialized
INFO - 2020-09-09 09:54:27 --> Loader Class Initialized
INFO - 2020-09-09 09:54:27 --> Router Class Initialized
INFO - 2020-09-09 09:54:27 --> Helper loaded: url_helper
INFO - 2020-09-09 09:54:27 --> Output Class Initialized
INFO - 2020-09-09 09:54:27 --> Helper loaded: file_helper
INFO - 2020-09-09 09:54:27 --> Security Class Initialized
DEBUG - 2020-09-09 09:54:27 --> Global POST, GET and COOKIE data sanitized
INFO - 2020-09-09 09:54:27 --> CSRF cookie sent
INFO - 2020-09-09 09:54:27 --> Input Class Initialized
INFO - 2020-09-09 09:54:27 --> Language Class Initialized
DEBUG - 2020-09-09 09:54:27 --> Global POST, GET and COOKIE data sanitized
INFO - 2020-09-09 09:54:27 --> Database Driver Class Initialized
INFO - 2020-09-09 09:54:27 --> Loader Class Initialized
INFO - 2020-09-09 09:54:27 --> Email Class Initialized
INFO - 2020-09-09 09:54:27 --> Helper loaded: url_helper
INFO - 2020-09-09 09:54:27 --> Helper loaded: file_helper
INFO - 2020-09-09 09:54:27 --> CSRF cookie sent
DEBUG - 2020-09-09 09:54:27 --> Session: "sess_save_path" is empty; using "session.save_path" value from php.ini.
INFO - 2020-09-09 09:54:27 --> Session: Class initialized using 'files' driver.
INFO - 2020-09-09 09:54:27 --> Controller Class Initialized
INFO - 2020-09-09 09:54:27 --> Database Driver Class Initialized
INFO - 2020-09-09 09:54:27 --> Model "M_auth" initialized
DEBUG - 2020-09-09 09:54:27 --> Sc_check class already loaded. Second attempt ignored.
INFO - 2020-09-09 09:54:27 --> Helper loaded: captcha_helper
INFO - 2020-09-09 09:54:27 --> Email Class Initialized
INFO - 2020-09-09 09:54:27 --> Helper loaded: form_helper
DEBUG - 2020-09-09 09:54:27 --> Session: "sess_save_path" is empty; using "session.save_path" value from php.ini.
INFO - 2020-09-09 09:54:27 --> Form Validation Class Initialized
INFO - 2020-09-09 09:54:27 --> Input Class Initialized
ERROR - 2020-09-09 09:54:27 --> Severity: Warning --> fopen(regfile/902ecb5e86d911741f021bedde4f4692.jpg): failed to open stream: No such file or directory C:\xampp\htdocs\scholarship\institute\controllers\Auth.php 664
ERROR - 2020-09-09 09:54:27 --> Severity: Warning --> filesize(): stat failed for regfile/902ecb5e86d911741f021bedde4f4692.jpg C:\xampp\htdocs\scholarship\institute\controllers\Auth.php 666
ERROR - 2020-09-09 09:54:27 --> Severity: Warning --> fpassthru() expects parameter 1 to be resource, boolean given C:\xampp\htdocs\scholarship\institute\controllers\Auth.php 667
INFO - 2020-09-09 09:54:27 --> Final output sent to browser
DEBUG - 2020-09-09 09:54:27 --> Total execution time: 0.1430
INFO - 2020-09-09 09:54:27 --> Session: Class initialized using 'files' driver.
INFO - 2020-09-09 09:54:27 --> Language Class Initialized
INFO - 2020-09-09 09:54:27 --> Controller Class Initialized
INFO - 2020-09-09 09:54:27 --> Model "M_auth" initialized
DEBUG - 2020-09-09 09:54:27 --> Sc_check class already loaded. Second attempt ignored.
INFO - 2020-09-09 09:54:27 --> Helper loaded: captcha_helper
INFO - 2020-09-09 09:54:27 --> Helper loaded: form_helper
INFO - 2020-09-09 09:54:27 --> Loader Class Initialized
INFO - 2020-09-09 09:54:27 --> Helper loaded: url_helper
INFO - 2020-09-09 09:54:27 --> Helper loaded: file_helper
INFO - 2020-09-09 09:54:27 --> Form Validation Class Initialized
INFO - 2020-09-09 09:54:27 --> Database Driver Class Initialized
ERROR - 2020-09-09 09:54:27 --> Severity: Warning --> fopen(seal/260920c3b9151e4151f8068c3d4b0ade.png): failed to open stream: No such file or directory C:\xampp\htdocs\scholarship\institute\controllers\Auth.php 664
INFO - 2020-09-09 09:54:27 --> Email Class Initialized
DEBUG - 2020-09-09 09:54:27 --> Session: "sess_save_path" is empty; using "session.save_path" value from php.ini.
ERROR - 2020-09-09 09:54:27 --> Severity: Warning --> filesize(): stat failed for seal/260920c3b9151e4151f8068c3d4b0ade.png C:\xampp\htdocs\scholarship\institute\controllers\Auth.php 666
ERROR - 2020-09-09 09:54:27 --> Severity: Warning --> fpassthru() expects parameter 1 to be resource, boolean given C:\xampp\htdocs\scholarship\institute\controllers\Auth.php 667
INFO - 2020-09-09 09:54:27 --> Final output sent to browser
DEBUG - 2020-09-09 09:54:27 --> Total execution time: 0.2811
INFO - 2020-09-09 09:54:27 --> Session: Class initialized using 'files' driver.
INFO - 2020-09-09 09:54:27 --> Controller Class Initialized
INFO - 2020-09-09 09:54:27 --> Model "M_auth" initialized
DEBUG - 2020-09-09 09:54:27 --> Sc_check class already loaded. Second attempt ignored.
INFO - 2020-09-09 09:54:27 --> Helper loaded: captcha_helper
INFO - 2020-09-09 09:54:27 --> Helper loaded: form_helper
INFO - 2020-09-09 09:54:27 --> Form Validation Class Initialized
ERROR - 2020-09-09 09:54:28 --> Severity: Warning --> fopen(signature/edd73256da75fbdff4588bba26462cdb.png): failed to open stream: No such file or directory C:\xampp\htdocs\scholarship\institute\controllers\Auth.php 664
ERROR - 2020-09-09 09:54:28 --> Severity: Warning --> filesize(): stat failed for signature/edd73256da75fbdff4588bba26462cdb.png C:\xampp\htdocs\scholarship\institute\controllers\Auth.php 666
ERROR - 2020-09-09 09:54:28 --> Severity: Warning --> fpassthru() expects parameter 1 to be resource, boolean given C:\xampp\htdocs\scholarship\institute\controllers\Auth.php 667
INFO - 2020-09-09 09:54:28 --> Final output sent to browser
DEBUG - 2020-09-09 09:54:28 --> Total execution time: 0.4943
INFO - 2020-09-09 09:58:02 --> Config Class Initialized
INFO - 2020-09-09 09:58:02 --> Config Class Initialized
INFO - 2020-09-09 09:58:02 --> Config Class Initialized
INFO - 2020-09-09 09:58:02 --> Hooks Class Initialized
INFO - 2020-09-09 09:58:02 --> Hooks Class Initialized
DEBUG - 2020-09-09 09:58:02 --> UTF-8 Support Enabled
INFO - 2020-09-09 09:58:02 --> Utf8 Class Initialized
DEBUG - 2020-09-09 09:58:02 --> UTF-8 Support Enabled
INFO - 2020-09-09 09:58:02 --> Utf8 Class Initialized
INFO - 2020-09-09 09:58:02 --> URI Class Initialized
INFO - 2020-09-09 09:58:02 --> Hooks Class Initialized
INFO - 2020-09-09 09:58:02 --> Router Class Initialized
INFO - 2020-09-09 09:58:02 --> URI Class Initialized
INFO - 2020-09-09 09:58:02 --> Router Class Initialized
INFO - 2020-09-09 09:58:02 --> Output Class Initialized
INFO - 2020-09-09 09:58:02 --> Security Class Initialized
DEBUG - 2020-09-09 09:58:02 --> Global POST, GET and COOKIE data sanitized
DEBUG - 2020-09-09 09:58:02 --> UTF-8 Support Enabled
INFO - 2020-09-09 09:58:02 --> Utf8 Class Initialized
INFO - 2020-09-09 09:58:02 --> Output Class Initialized
INFO - 2020-09-09 09:58:02 --> Security Class Initialized
INFO - 2020-09-09 09:58:02 --> URI Class Initialized
DEBUG - 2020-09-09 09:58:02 --> Global POST, GET and COOKIE data sanitized
INFO - 2020-09-09 09:58:02 --> Router Class Initialized
INFO - 2020-09-09 09:58:02 --> CSRF cookie sent
INFO - 2020-09-09 09:58:02 --> Input Class Initialized
INFO - 2020-09-09 09:58:02 --> Language Class Initialized
INFO - 2020-09-09 09:58:02 --> Output Class Initialized
INFO - 2020-09-09 09:58:02 --> Security Class Initialized
DEBUG - 2020-09-09 09:58:02 --> Global POST, GET and COOKIE data sanitized
INFO - 2020-09-09 09:58:02 --> CSRF cookie sent
INFO - 2020-09-09 09:58:02 --> Input Class Initialized
INFO - 2020-09-09 09:58:02 --> Language Class Initialized
INFO - 2020-09-09 09:58:02 --> Loader Class Initialized
INFO - 2020-09-09 09:58:02 --> Loader Class Initialized
INFO - 2020-09-09 09:58:02 --> Helper loaded: url_helper
INFO - 2020-09-09 09:58:02 --> Helper loaded: file_helper
INFO - 2020-09-09 09:58:02 --> Helper loaded: url_helper
INFO - 2020-09-09 09:58:02 --> Helper loaded: file_helper
INFO - 2020-09-09 09:58:02 --> CSRF cookie sent
INFO - 2020-09-09 09:58:02 --> Input Class Initialized
INFO - 2020-09-09 09:58:02 --> Database Driver Class Initialized
INFO - 2020-09-09 09:58:02 --> Language Class Initialized
INFO - 2020-09-09 09:58:02 --> Email Class Initialized
INFO - 2020-09-09 09:58:02 --> Loader Class Initialized
INFO - 2020-09-09 09:58:02 --> Helper loaded: url_helper
INFO - 2020-09-09 09:58:02 --> Helper loaded: file_helper
DEBUG - 2020-09-09 09:58:02 --> Session: "sess_save_path" is empty; using "session.save_path" value from php.ini.
INFO - 2020-09-09 09:58:02 --> Database Driver Class Initialized
INFO - 2020-09-09 09:58:02 --> Database Driver Class Initialized
INFO - 2020-09-09 09:58:02 --> Email Class Initialized
INFO - 2020-09-09 09:58:02 --> Email Class Initialized
DEBUG - 2020-09-09 09:58:02 --> Session: "sess_save_path" is empty; using "session.save_path" value from php.ini.
INFO - 2020-09-09 09:58:02 --> Session: Class initialized using 'files' driver.
DEBUG - 2020-09-09 09:58:02 --> Session: "sess_save_path" is empty; using "session.save_path" value from php.ini.
INFO - 2020-09-09 09:58:02 --> Controller Class Initialized
INFO - 2020-09-09 09:58:02 --> Model "M_auth" initialized
DEBUG - 2020-09-09 09:58:02 --> Sc_check class already loaded. Second attempt ignored.
INFO - 2020-09-09 09:58:02 --> Helper loaded: captcha_helper
INFO - 2020-09-09 09:58:02 --> Helper loaded: form_helper
INFO - 2020-09-09 09:58:02 --> Form Validation Class Initialized
ERROR - 2020-09-09 09:58:02 --> Severity: Warning --> fopen(signature/edd73256da75fbdff4588bba26462cdb.png): failed to open stream: No such file or directory C:\xampp\htdocs\scholarship\institute\controllers\Auth.php 664
ERROR - 2020-09-09 09:58:03 --> Severity: Warning --> filesize(): stat failed for signature/edd73256da75fbdff4588bba26462cdb.png C:\xampp\htdocs\scholarship\institute\controllers\Auth.php 666
ERROR - 2020-09-09 09:58:03 --> Severity: Warning --> fpassthru() expects parameter 1 to be resource, boolean given C:\xampp\htdocs\scholarship\institute\controllers\Auth.php 667
INFO - 2020-09-09 09:58:03 --> Final output sent to browser
DEBUG - 2020-09-09 09:58:03 --> Total execution time: 0.3527
INFO - 2020-09-09 09:58:03 --> Session: Class initialized using 'files' driver.
INFO - 2020-09-09 09:58:03 --> Controller Class Initialized
INFO - 2020-09-09 09:58:03 --> Model "M_auth" initialized
DEBUG - 2020-09-09 09:58:03 --> Sc_check class already loaded. Second attempt ignored.
INFO - 2020-09-09 09:58:03 --> Helper loaded: captcha_helper
INFO - 2020-09-09 09:58:03 --> Helper loaded: form_helper
INFO - 2020-09-09 09:58:03 --> Form Validation Class Initialized
ERROR - 2020-09-09 09:58:03 --> Severity: Warning --> fopen(regfile/902ecb5e86d911741f021bedde4f4692.jpg): failed to open stream: No such file or directory C:\xampp\htdocs\scholarship\institute\controllers\Auth.php 664
ERROR - 2020-09-09 09:58:03 --> Severity: Warning --> filesize(): stat failed for regfile/902ecb5e86d911741f021bedde4f4692.jpg C:\xampp\htdocs\scholarship\institute\controllers\Auth.php 666
ERROR - 2020-09-09 09:58:03 --> Severity: Warning --> fpassthru() expects parameter 1 to be resource, boolean given C:\xampp\htdocs\scholarship\institute\controllers\Auth.php 667
INFO - 2020-09-09 09:58:03 --> Final output sent to browser
DEBUG - 2020-09-09 09:58:03 --> Total execution time: 0.5121
INFO - 2020-09-09 09:58:03 --> Session: Class initialized using 'files' driver.
INFO - 2020-09-09 09:58:03 --> Controller Class Initialized
INFO - 2020-09-09 09:58:03 --> Model "M_auth" initialized
DEBUG - 2020-09-09 09:58:03 --> Sc_check class already loaded. Second attempt ignored.
INFO - 2020-09-09 09:58:03 --> Helper loaded: captcha_helper
INFO - 2020-09-09 09:58:03 --> Helper loaded: form_helper
INFO - 2020-09-09 09:58:03 --> Form Validation Class Initialized
ERROR - 2020-09-09 09:58:03 --> Severity: Warning --> fopen(seal/260920c3b9151e4151f8068c3d4b0ade.png): failed to open stream: No such file or directory C:\xampp\htdocs\scholarship\institute\controllers\Auth.php 664
ERROR - 2020-09-09 09:58:03 --> Severity: Warning --> filesize(): stat failed for seal/260920c3b9151e4151f8068c3d4b0ade.png C:\xampp\htdocs\scholarship\institute\controllers\Auth.php 666
ERROR - 2020-09-09 09:58:03 --> Severity: Warning --> fpassthru() expects parameter 1 to be resource, boolean given C:\xampp\htdocs\scholarship\institute\controllers\Auth.php 667
INFO - 2020-09-09 09:58:03 --> Final output sent to browser
DEBUG - 2020-09-09 09:58:03 --> Total execution time: 0.6798
INFO - 2020-09-09 12:23:38 --> Config Class Initialized
INFO - 2020-09-09 12:23:38 --> Hooks Class Initialized
DEBUG - 2020-09-09 12:23:38 --> UTF-8 Support Enabled
INFO - 2020-09-09 12:23:38 --> Utf8 Class Initialized
INFO - 2020-09-09 12:23:38 --> URI Class Initialized
INFO - 2020-09-09 12:23:38 --> Router Class Initialized
INFO - 2020-09-09 12:23:38 --> Output Class Initialized
INFO - 2020-09-09 12:23:38 --> Security Class Initialized
DEBUG - 2020-09-09 12:23:38 --> Global POST, GET and COOKIE data sanitized
INFO - 2020-09-09 12:23:38 --> CSRF cookie sent
INFO - 2020-09-09 12:23:38 --> Input Class Initialized
INFO - 2020-09-09 12:23:38 --> Language Class Initialized
INFO - 2020-09-09 12:23:38 --> Loader Class Initialized
INFO - 2020-09-09 12:23:38 --> Helper loaded: url_helper
INFO - 2020-09-09 12:23:38 --> Helper loaded: file_helper
INFO - 2020-09-09 12:23:38 --> Database Driver Class Initialized
INFO - 2020-09-09 12:23:38 --> Email Class Initialized
DEBUG - 2020-09-09 12:23:38 --> Session: "sess_save_path" is empty; using "session.save_path" value from php.ini.
INFO - 2020-09-09 12:23:38 --> Session: Class initialized using 'files' driver.
INFO - 2020-09-09 12:23:38 --> Controller Class Initialized
INFO - 2020-09-09 12:23:38 --> Model "M_auth" initialized
DEBUG - 2020-09-09 12:23:38 --> Sc_check class already loaded. Second attempt ignored.
INFO - 2020-09-09 12:23:38 --> Helper loaded: captcha_helper
INFO - 2020-09-09 12:23:38 --> Helper loaded: form_helper
INFO - 2020-09-09 12:23:38 --> Form Validation Class Initialized
INFO - 2020-09-09 12:23:38 --> Final output sent to browser
DEBUG - 2020-09-09 12:23:38 --> Total execution time: 0.5990
