INFO - 2020-06-01 11:58:37 --> Config Class Initialized
INFO - 2020-06-01 11:58:37 --> Hooks Class Initialized
DEBUG - 2020-06-01 11:58:37 --> UTF-8 Support Enabled
INFO - 2020-06-01 11:58:37 --> Utf8 Class Initialized
INFO - 2020-06-01 11:58:37 --> URI Class Initialized
INFO - 2020-06-01 11:58:37 --> Router Class Initialized
INFO - 2020-06-01 11:58:37 --> Output Class Initialized
INFO - 2020-06-01 11:58:37 --> Security Class Initialized
DEBUG - 2020-06-01 11:58:37 --> Global POST, GET and COOKIE data sanitized
INFO - 2020-06-01 11:58:37 --> CSRF cookie sent
INFO - 2020-06-01 11:58:37 --> Input Class Initialized
INFO - 2020-06-01 11:58:38 --> Language Class Initialized
INFO - 2020-06-01 11:58:38 --> Loader Class Initialized
INFO - 2020-06-01 11:58:38 --> Helper loaded: url_helper
INFO - 2020-06-01 11:58:38 --> Helper loaded: file_helper
INFO - 2020-06-01 11:58:38 --> Helper loaded: text_helper
INFO - 2020-06-01 11:58:38 --> Helper loaded: string_helper
INFO - 2020-06-01 11:58:38 --> Database Driver Class Initialized
INFO - 2020-06-01 11:58:38 --> Email Class Initialized
DEBUG - 2020-06-01 11:58:38 --> Session: "sess_save_path" is empty; using "session.save_path" value from php.ini.
INFO - 2020-06-01 11:58:38 --> Session: Class initialized using 'files' driver.
INFO - 2020-06-01 11:58:38 --> Helper loaded: form_helper
INFO - 2020-06-01 11:58:38 --> Form Validation Class Initialized
INFO - 2020-06-01 11:58:38 --> Controller Class Initialized
INFO - 2020-06-01 11:58:38 --> Model "M_auth" initialized
DEBUG - 2020-06-01 11:58:38 --> Sc_check class already loaded. Second attempt ignored.
INFO - 2020-06-01 11:58:38 --> Helper loaded: captcha_helper
INFO - 2020-06-01 11:58:38 --> Config Class Initialized
INFO - 2020-06-01 11:58:38 --> Hooks Class Initialized
DEBUG - 2020-06-01 11:58:38 --> UTF-8 Support Enabled
INFO - 2020-06-01 11:58:38 --> Utf8 Class Initialized
INFO - 2020-06-01 11:58:38 --> URI Class Initialized
DEBUG - 2020-06-01 11:58:38 --> No URI present. Default controller set.
INFO - 2020-06-01 11:58:38 --> Router Class Initialized
INFO - 2020-06-01 11:58:38 --> Output Class Initialized
INFO - 2020-06-01 11:58:38 --> Security Class Initialized
DEBUG - 2020-06-01 11:58:38 --> Global POST, GET and COOKIE data sanitized
INFO - 2020-06-01 11:58:38 --> CSRF cookie sent
INFO - 2020-06-01 11:58:38 --> Input Class Initialized
INFO - 2020-06-01 11:58:38 --> Language Class Initialized
INFO - 2020-06-01 11:58:38 --> Loader Class Initialized
INFO - 2020-06-01 11:58:38 --> Helper loaded: url_helper
INFO - 2020-06-01 11:58:38 --> Helper loaded: file_helper
INFO - 2020-06-01 11:58:38 --> Helper loaded: text_helper
INFO - 2020-06-01 11:58:38 --> Helper loaded: string_helper
INFO - 2020-06-01 11:58:38 --> Database Driver Class Initialized
INFO - 2020-06-01 11:58:38 --> Email Class Initialized
DEBUG - 2020-06-01 11:58:38 --> Session: "sess_save_path" is empty; using "session.save_path" value from php.ini.
INFO - 2020-06-01 11:58:38 --> Session: Class initialized using 'files' driver.
INFO - 2020-06-01 11:58:38 --> Helper loaded: form_helper
INFO - 2020-06-01 11:58:38 --> Form Validation Class Initialized
INFO - 2020-06-01 11:58:38 --> Controller Class Initialized
INFO - 2020-06-01 11:58:38 --> Model "M_auth" initialized
DEBUG - 2020-06-01 11:58:38 --> Sc_check class already loaded. Second attempt ignored.
INFO - 2020-06-01 11:58:38 --> Helper loaded: captcha_helper
INFO - 2020-06-01 11:58:39 --> File loaded: C:\xampp\htdocs\scholarship\admin\views\include/header.php
INFO - 2020-06-01 11:58:39 --> File loaded: C:\xampp\htdocs\scholarship\admin\views\include/footer.php
INFO - 2020-06-01 11:58:39 --> File loaded: C:\xampp\htdocs\scholarship\admin\views\include/msg.php
INFO - 2020-06-01 11:58:39 --> File loaded: C:\xampp\htdocs\scholarship\admin\views\auth/login.php
INFO - 2020-06-01 11:58:39 --> Final output sent to browser
DEBUG - 2020-06-01 11:58:39 --> Total execution time: 0.3865
