INFO - 2020-09-04 09:41:58 --> Config Class Initialized
INFO - 2020-09-04 09:41:58 --> Hooks Class Initialized
DEBUG - 2020-09-04 09:41:58 --> UTF-8 Support Enabled
INFO - 2020-09-04 09:41:58 --> Utf8 Class Initialized
INFO - 2020-09-04 09:41:58 --> URI Class Initialized
DEBUG - 2020-09-04 09:41:58 --> No URI present. Default controller set.
INFO - 2020-09-04 09:41:58 --> Router Class Initialized
INFO - 2020-09-04 09:41:58 --> Output Class Initialized
INFO - 2020-09-04 09:41:58 --> Security Class Initialized
DEBUG - 2020-09-04 09:41:58 --> Global POST, GET and COOKIE data sanitized
INFO - 2020-09-04 09:41:58 --> CSRF cookie sent
INFO - 2020-09-04 09:41:58 --> Input Class Initialized
INFO - 2020-09-04 09:41:58 --> Language Class Initialized
INFO - 2020-09-04 09:41:58 --> Loader Class Initialized
INFO - 2020-09-04 09:41:58 --> Helper loaded: url_helper
INFO - 2020-09-04 09:41:58 --> Helper loaded: file_helper
INFO - 2020-09-04 09:41:59 --> Helper loaded: text_helper
INFO - 2020-09-04 09:41:59 --> Helper loaded: string_helper
INFO - 2020-09-04 09:41:59 --> Database Driver Class Initialized
INFO - 2020-09-04 09:41:59 --> Email Class Initialized
DEBUG - 2020-09-04 09:41:59 --> Session: "sess_save_path" is empty; using "session.save_path" value from php.ini.
INFO - 2020-09-04 09:41:59 --> Session: Class initialized using 'files' driver.
INFO - 2020-09-04 09:41:59 --> Helper loaded: form_helper
INFO - 2020-09-04 09:41:59 --> Form Validation Class Initialized
INFO - 2020-09-04 09:41:59 --> Controller Class Initialized
INFO - 2020-09-04 09:41:59 --> Model "M_auth" initialized
DEBUG - 2020-09-04 09:41:59 --> Sc_check class already loaded. Second attempt ignored.
INFO - 2020-09-04 09:41:59 --> Helper loaded: captcha_helper
INFO - 2020-09-04 09:41:59 --> File loaded: C:\xampp\htdocs\scholarship\admin\views\include/header.php
INFO - 2020-09-04 09:41:59 --> File loaded: C:\xampp\htdocs\scholarship\admin\views\include/footer.php
INFO - 2020-09-04 09:41:59 --> File loaded: C:\xampp\htdocs\scholarship\admin\views\include/msg.php
INFO - 2020-09-04 09:41:59 --> File loaded: C:\xampp\htdocs\scholarship\admin\views\auth/login.php
INFO - 2020-09-04 09:41:59 --> Final output sent to browser
DEBUG - 2020-09-04 09:41:59 --> Total execution time: 0.8654
INFO - 2020-09-04 09:42:16 --> Config Class Initialized
INFO - 2020-09-04 09:42:16 --> Hooks Class Initialized
DEBUG - 2020-09-04 09:42:16 --> UTF-8 Support Enabled
INFO - 2020-09-04 09:42:16 --> Utf8 Class Initialized
INFO - 2020-09-04 09:42:16 --> URI Class Initialized
INFO - 2020-09-04 09:42:16 --> Router Class Initialized
INFO - 2020-09-04 09:42:16 --> Output Class Initialized
INFO - 2020-09-04 09:42:16 --> Security Class Initialized
DEBUG - 2020-09-04 09:42:16 --> Global POST, GET and COOKIE data sanitized
INFO - 2020-09-04 09:42:16 --> CSRF cookie sent
INFO - 2020-09-04 09:42:16 --> CSRF token verified
INFO - 2020-09-04 09:42:16 --> Input Class Initialized
INFO - 2020-09-04 09:42:16 --> Language Class Initialized
INFO - 2020-09-04 09:42:16 --> Loader Class Initialized
INFO - 2020-09-04 09:42:16 --> Helper loaded: url_helper
INFO - 2020-09-04 09:42:16 --> Helper loaded: file_helper
INFO - 2020-09-04 09:42:16 --> Helper loaded: text_helper
INFO - 2020-09-04 09:42:16 --> Helper loaded: string_helper
INFO - 2020-09-04 09:42:16 --> Database Driver Class Initialized
INFO - 2020-09-04 09:42:16 --> Email Class Initialized
DEBUG - 2020-09-04 09:42:16 --> Session: "sess_save_path" is empty; using "session.save_path" value from php.ini.
INFO - 2020-09-04 09:42:16 --> Session: Class initialized using 'files' driver.
INFO - 2020-09-04 09:42:16 --> Helper loaded: form_helper
INFO - 2020-09-04 09:42:16 --> Form Validation Class Initialized
INFO - 2020-09-04 09:42:16 --> Controller Class Initialized
INFO - 2020-09-04 09:42:16 --> Model "M_auth" initialized
DEBUG - 2020-09-04 09:42:16 --> Sc_check class already loaded. Second attempt ignored.
INFO - 2020-09-04 09:42:16 --> Helper loaded: captcha_helper
DEBUG - 2020-09-04 09:42:16 --> Form_validation class already loaded. Second attempt ignored.
INFO - 2020-09-04 09:42:16 --> Language file loaded: language/english/form_validation_lang.php
INFO - 2020-09-04 09:42:16 --> ---------------------Success -- Admin Logged in with prathwi@5ine.in and IP aaddress ::1 --------------
INFO - 2020-09-04 09:42:17 --> Config Class Initialized
INFO - 2020-09-04 09:42:17 --> Hooks Class Initialized
DEBUG - 2020-09-04 09:42:17 --> UTF-8 Support Enabled
INFO - 2020-09-04 09:42:17 --> Utf8 Class Initialized
INFO - 2020-09-04 09:42:17 --> URI Class Initialized
INFO - 2020-09-04 09:42:17 --> Router Class Initialized
INFO - 2020-09-04 09:42:17 --> Output Class Initialized
INFO - 2020-09-04 09:42:17 --> Security Class Initialized
DEBUG - 2020-09-04 09:42:17 --> Global POST, GET and COOKIE data sanitized
INFO - 2020-09-04 09:42:17 --> CSRF cookie sent
INFO - 2020-09-04 09:42:17 --> Input Class Initialized
INFO - 2020-09-04 09:42:17 --> Language Class Initialized
INFO - 2020-09-04 09:42:17 --> Loader Class Initialized
INFO - 2020-09-04 09:42:17 --> Helper loaded: url_helper
INFO - 2020-09-04 09:42:17 --> Helper loaded: file_helper
INFO - 2020-09-04 09:42:17 --> Helper loaded: text_helper
INFO - 2020-09-04 09:42:17 --> Helper loaded: string_helper
INFO - 2020-09-04 09:42:17 --> Database Driver Class Initialized
INFO - 2020-09-04 09:42:17 --> Email Class Initialized
DEBUG - 2020-09-04 09:42:17 --> Session: "sess_save_path" is empty; using "session.save_path" value from php.ini.
INFO - 2020-09-04 09:42:17 --> Session: Class initialized using 'files' driver.
INFO - 2020-09-04 09:42:17 --> Helper loaded: form_helper
INFO - 2020-09-04 09:42:17 --> Form Validation Class Initialized
INFO - 2020-09-04 09:42:17 --> Controller Class Initialized
INFO - 2020-09-04 09:42:17 --> Model "M_dashboard" initialized
DEBUG - 2020-09-04 09:42:17 --> Sc_check class already loaded. Second attempt ignored.
INFO - 2020-09-04 09:42:17 --> File loaded: C:\xampp\htdocs\scholarship\admin\views\include/header.php
INFO - 2020-09-04 09:42:17 --> File loaded: C:\xampp\htdocs\scholarship\admin\views\include/menu.php
INFO - 2020-09-04 09:42:17 --> File loaded: C:\xampp\htdocs\scholarship\admin\views\include/footer.php
INFO - 2020-09-04 09:42:17 --> File loaded: C:\xampp\htdocs\scholarship\admin\views\include/msg.php
INFO - 2020-09-04 09:42:17 --> File loaded: C:\xampp\htdocs\scholarship\admin\views\dashboard/index.php
INFO - 2020-09-04 09:42:17 --> Final output sent to browser
DEBUG - 2020-09-04 09:42:17 --> Total execution time: 0.6143
INFO - 2020-09-04 09:42:18 --> Config Class Initialized
INFO - 2020-09-04 09:42:18 --> Hooks Class Initialized
DEBUG - 2020-09-04 09:42:18 --> UTF-8 Support Enabled
INFO - 2020-09-04 09:42:18 --> Utf8 Class Initialized
INFO - 2020-09-04 09:42:18 --> URI Class Initialized
INFO - 2020-09-04 09:42:18 --> Router Class Initialized
INFO - 2020-09-04 09:42:18 --> Output Class Initialized
INFO - 2020-09-04 09:42:18 --> Security Class Initialized
DEBUG - 2020-09-04 09:42:18 --> Global POST, GET and COOKIE data sanitized
INFO - 2020-09-04 09:42:18 --> CSRF cookie sent
INFO - 2020-09-04 09:42:18 --> Input Class Initialized
INFO - 2020-09-04 09:42:18 --> Language Class Initialized
INFO - 2020-09-04 09:42:18 --> Loader Class Initialized
INFO - 2020-09-04 09:42:18 --> Helper loaded: url_helper
INFO - 2020-09-04 09:42:18 --> Helper loaded: file_helper
INFO - 2020-09-04 09:42:18 --> Helper loaded: text_helper
INFO - 2020-09-04 09:42:18 --> Helper loaded: string_helper
INFO - 2020-09-04 09:42:18 --> Database Driver Class Initialized
INFO - 2020-09-04 09:42:18 --> Email Class Initialized
DEBUG - 2020-09-04 09:42:18 --> Session: "sess_save_path" is empty; using "session.save_path" value from php.ini.
INFO - 2020-09-04 09:42:18 --> Session: Class initialized using 'files' driver.
INFO - 2020-09-04 09:42:18 --> Helper loaded: form_helper
INFO - 2020-09-04 09:42:18 --> Form Validation Class Initialized
INFO - 2020-09-04 09:42:18 --> Controller Class Initialized
INFO - 2020-09-04 09:42:18 --> Model "M_dashboard" initialized
DEBUG - 2020-09-04 09:42:18 --> Sc_check class already loaded. Second attempt ignored.
INFO - 2020-09-04 09:42:18 --> Final output sent to browser
DEBUG - 2020-09-04 09:42:18 --> Total execution time: 0.3417
INFO - 2020-09-04 09:42:54 --> Config Class Initialized
INFO - 2020-09-04 09:42:54 --> Hooks Class Initialized
DEBUG - 2020-09-04 09:42:54 --> UTF-8 Support Enabled
INFO - 2020-09-04 09:42:54 --> Utf8 Class Initialized
INFO - 2020-09-04 09:42:54 --> URI Class Initialized
INFO - 2020-09-04 09:42:54 --> Router Class Initialized
INFO - 2020-09-04 09:42:54 --> Output Class Initialized
INFO - 2020-09-04 09:42:54 --> Security Class Initialized
DEBUG - 2020-09-04 09:42:54 --> Global POST, GET and COOKIE data sanitized
INFO - 2020-09-04 09:42:54 --> CSRF cookie sent
INFO - 2020-09-04 09:42:54 --> Input Class Initialized
INFO - 2020-09-04 09:42:54 --> Language Class Initialized
INFO - 2020-09-04 09:42:54 --> Loader Class Initialized
INFO - 2020-09-04 09:42:54 --> Helper loaded: url_helper
INFO - 2020-09-04 09:42:54 --> Helper loaded: file_helper
INFO - 2020-09-04 09:42:54 --> Helper loaded: text_helper
INFO - 2020-09-04 09:42:54 --> Helper loaded: string_helper
INFO - 2020-09-04 09:42:54 --> Database Driver Class Initialized
INFO - 2020-09-04 09:42:54 --> Email Class Initialized
DEBUG - 2020-09-04 09:42:54 --> Session: "sess_save_path" is empty; using "session.save_path" value from php.ini.
INFO - 2020-09-04 09:42:54 --> Session: Class initialized using 'files' driver.
INFO - 2020-09-04 09:42:54 --> Helper loaded: form_helper
INFO - 2020-09-04 09:42:54 --> Form Validation Class Initialized
INFO - 2020-09-04 09:42:54 --> Controller Class Initialized
INFO - 2020-09-04 09:42:54 --> Model "M_employee" initialized
DEBUG - 2020-09-04 09:42:54 --> Sc_check class already loaded. Second attempt ignored.
DEBUG - 2020-09-04 09:42:54 --> Encryption: Auto-configured driver 'openssl'.
INFO - 2020-09-04 09:42:54 --> Encryption: OpenSSL initialized with method AES-128-CBC.
INFO - 2020-09-04 09:42:54 --> Encryption Class Initialized
INFO - 2020-09-04 09:42:54 --> File loaded: C:\xampp\htdocs\scholarship\admin\views\include/header.php
INFO - 2020-09-04 09:42:54 --> File loaded: C:\xampp\htdocs\scholarship\admin\views\include/menu.php
INFO - 2020-09-04 09:42:54 --> File loaded: C:\xampp\htdocs\scholarship\admin\views\include/footer.php
INFO - 2020-09-04 09:42:54 --> File loaded: C:\xampp\htdocs\scholarship\admin\views\include/msg.php
INFO - 2020-09-04 09:42:54 --> File loaded: C:\xampp\htdocs\scholarship\admin\views\employee/list.php
INFO - 2020-09-04 09:42:54 --> Final output sent to browser
DEBUG - 2020-09-04 09:42:54 --> Total execution time: 0.5099
INFO - 2020-09-04 09:43:06 --> Config Class Initialized
INFO - 2020-09-04 09:43:06 --> Hooks Class Initialized
DEBUG - 2020-09-04 09:43:06 --> UTF-8 Support Enabled
INFO - 2020-09-04 09:43:06 --> Utf8 Class Initialized
INFO - 2020-09-04 09:43:06 --> URI Class Initialized
INFO - 2020-09-04 09:43:06 --> Router Class Initialized
INFO - 2020-09-04 09:43:06 --> Output Class Initialized
INFO - 2020-09-04 09:43:06 --> Security Class Initialized
DEBUG - 2020-09-04 09:43:06 --> Global POST, GET and COOKIE data sanitized
INFO - 2020-09-04 09:43:06 --> CSRF cookie sent
INFO - 2020-09-04 09:43:06 --> Input Class Initialized
INFO - 2020-09-04 09:43:06 --> Language Class Initialized
INFO - 2020-09-04 09:43:06 --> Loader Class Initialized
INFO - 2020-09-04 09:43:06 --> Helper loaded: url_helper
INFO - 2020-09-04 09:43:06 --> Helper loaded: file_helper
INFO - 2020-09-04 09:43:06 --> Helper loaded: text_helper
INFO - 2020-09-04 09:43:06 --> Helper loaded: string_helper
INFO - 2020-09-04 09:43:06 --> Database Driver Class Initialized
INFO - 2020-09-04 09:43:06 --> Email Class Initialized
DEBUG - 2020-09-04 09:43:06 --> Session: "sess_save_path" is empty; using "session.save_path" value from php.ini.
INFO - 2020-09-04 09:43:06 --> Session: Class initialized using 'files' driver.
INFO - 2020-09-04 09:43:06 --> Helper loaded: form_helper
INFO - 2020-09-04 09:43:06 --> Form Validation Class Initialized
INFO - 2020-09-04 09:43:06 --> Controller Class Initialized
INFO - 2020-09-04 09:43:06 --> Model "M_dashboard" initialized
DEBUG - 2020-09-04 09:43:06 --> Sc_check class already loaded. Second attempt ignored.
INFO - 2020-09-04 09:43:06 --> File loaded: C:\xampp\htdocs\scholarship\admin\views\include/header.php
INFO - 2020-09-04 09:43:06 --> File loaded: C:\xampp\htdocs\scholarship\admin\views\include/menu.php
INFO - 2020-09-04 09:43:06 --> File loaded: C:\xampp\htdocs\scholarship\admin\views\include/footer.php
INFO - 2020-09-04 09:43:06 --> File loaded: C:\xampp\htdocs\scholarship\admin\views\include/msg.php
INFO - 2020-09-04 09:43:06 --> File loaded: C:\xampp\htdocs\scholarship\admin\views\dashboard/index.php
INFO - 2020-09-04 09:43:06 --> Final output sent to browser
DEBUG - 2020-09-04 09:43:06 --> Total execution time: 0.3787
INFO - 2020-09-04 09:43:07 --> Config Class Initialized
INFO - 2020-09-04 09:43:07 --> Hooks Class Initialized
DEBUG - 2020-09-04 09:43:07 --> UTF-8 Support Enabled
INFO - 2020-09-04 09:43:07 --> Utf8 Class Initialized
INFO - 2020-09-04 09:43:07 --> URI Class Initialized
INFO - 2020-09-04 09:43:07 --> Router Class Initialized
INFO - 2020-09-04 09:43:07 --> Output Class Initialized
INFO - 2020-09-04 09:43:07 --> Security Class Initialized
DEBUG - 2020-09-04 09:43:07 --> Global POST, GET and COOKIE data sanitized
INFO - 2020-09-04 09:43:07 --> CSRF cookie sent
INFO - 2020-09-04 09:43:07 --> Input Class Initialized
INFO - 2020-09-04 09:43:07 --> Language Class Initialized
INFO - 2020-09-04 09:43:07 --> Loader Class Initialized
INFO - 2020-09-04 09:43:07 --> Helper loaded: url_helper
INFO - 2020-09-04 09:43:07 --> Helper loaded: file_helper
INFO - 2020-09-04 09:43:07 --> Helper loaded: text_helper
INFO - 2020-09-04 09:43:07 --> Helper loaded: string_helper
INFO - 2020-09-04 09:43:07 --> Database Driver Class Initialized
INFO - 2020-09-04 09:43:07 --> Email Class Initialized
DEBUG - 2020-09-04 09:43:07 --> Session: "sess_save_path" is empty; using "session.save_path" value from php.ini.
INFO - 2020-09-04 09:43:07 --> Session: Class initialized using 'files' driver.
INFO - 2020-09-04 09:43:07 --> Helper loaded: form_helper
INFO - 2020-09-04 09:43:07 --> Form Validation Class Initialized
INFO - 2020-09-04 09:43:07 --> Controller Class Initialized
INFO - 2020-09-04 09:43:07 --> Model "M_dashboard" initialized
DEBUG - 2020-09-04 09:43:07 --> Sc_check class already loaded. Second attempt ignored.
INFO - 2020-09-04 09:43:07 --> Final output sent to browser
DEBUG - 2020-09-04 09:43:07 --> Total execution time: 0.3947
INFO - 2020-09-04 09:43:13 --> Config Class Initialized
INFO - 2020-09-04 09:43:13 --> Hooks Class Initialized
DEBUG - 2020-09-04 09:43:13 --> UTF-8 Support Enabled
INFO - 2020-09-04 09:43:13 --> Utf8 Class Initialized
INFO - 2020-09-04 09:43:13 --> URI Class Initialized
INFO - 2020-09-04 09:43:13 --> Router Class Initialized
INFO - 2020-09-04 09:43:13 --> Output Class Initialized
INFO - 2020-09-04 09:43:13 --> Security Class Initialized
DEBUG - 2020-09-04 09:43:13 --> Global POST, GET and COOKIE data sanitized
INFO - 2020-09-04 09:43:13 --> CSRF cookie sent
INFO - 2020-09-04 09:43:13 --> Input Class Initialized
INFO - 2020-09-04 09:43:13 --> Language Class Initialized
INFO - 2020-09-04 09:43:13 --> Loader Class Initialized
INFO - 2020-09-04 09:43:13 --> Helper loaded: url_helper
INFO - 2020-09-04 09:43:13 --> Helper loaded: file_helper
INFO - 2020-09-04 09:43:13 --> Helper loaded: text_helper
INFO - 2020-09-04 09:43:13 --> Helper loaded: string_helper
INFO - 2020-09-04 09:43:14 --> Database Driver Class Initialized
INFO - 2020-09-04 09:43:14 --> Email Class Initialized
DEBUG - 2020-09-04 09:43:14 --> Session: "sess_save_path" is empty; using "session.save_path" value from php.ini.
INFO - 2020-09-04 09:43:14 --> Session: Class initialized using 'files' driver.
INFO - 2020-09-04 09:43:14 --> Helper loaded: form_helper
INFO - 2020-09-04 09:43:14 --> Form Validation Class Initialized
INFO - 2020-09-04 09:43:14 --> Controller Class Initialized
INFO - 2020-09-04 09:43:14 --> Model "M_employee" initialized
DEBUG - 2020-09-04 09:43:14 --> Sc_check class already loaded. Second attempt ignored.
DEBUG - 2020-09-04 09:43:14 --> Encryption: Auto-configured driver 'openssl'.
INFO - 2020-09-04 09:43:14 --> Encryption: OpenSSL initialized with method AES-128-CBC.
INFO - 2020-09-04 09:43:14 --> Encryption Class Initialized
INFO - 2020-09-04 09:43:14 --> File loaded: C:\xampp\htdocs\scholarship\admin\views\include/header.php
INFO - 2020-09-04 09:43:14 --> File loaded: C:\xampp\htdocs\scholarship\admin\views\include/menu.php
INFO - 2020-09-04 09:43:14 --> File loaded: C:\xampp\htdocs\scholarship\admin\views\include/footer.php
INFO - 2020-09-04 09:43:14 --> File loaded: C:\xampp\htdocs\scholarship\admin\views\include/msg.php
INFO - 2020-09-04 09:43:14 --> File loaded: C:\xampp\htdocs\scholarship\admin\views\employee/list.php
INFO - 2020-09-04 09:43:14 --> Final output sent to browser
DEBUG - 2020-09-04 09:43:14 --> Total execution time: 0.3419
INFO - 2020-09-04 09:43:21 --> Config Class Initialized
INFO - 2020-09-04 09:43:21 --> Hooks Class Initialized
DEBUG - 2020-09-04 09:43:21 --> UTF-8 Support Enabled
INFO - 2020-09-04 09:43:21 --> Utf8 Class Initialized
INFO - 2020-09-04 09:43:21 --> URI Class Initialized
INFO - 2020-09-04 09:43:21 --> Router Class Initialized
INFO - 2020-09-04 09:43:21 --> Output Class Initialized
INFO - 2020-09-04 09:43:21 --> Security Class Initialized
DEBUG - 2020-09-04 09:43:21 --> Global POST, GET and COOKIE data sanitized
INFO - 2020-09-04 09:43:21 --> CSRF cookie sent
INFO - 2020-09-04 09:43:21 --> Input Class Initialized
INFO - 2020-09-04 09:43:21 --> Language Class Initialized
INFO - 2020-09-04 09:43:21 --> Loader Class Initialized
INFO - 2020-09-04 09:43:21 --> Helper loaded: url_helper
INFO - 2020-09-04 09:43:21 --> Helper loaded: file_helper
INFO - 2020-09-04 09:43:21 --> Helper loaded: text_helper
INFO - 2020-09-04 09:43:21 --> Helper loaded: string_helper
INFO - 2020-09-04 09:43:21 --> Database Driver Class Initialized
INFO - 2020-09-04 09:43:21 --> Email Class Initialized
DEBUG - 2020-09-04 09:43:21 --> Session: "sess_save_path" is empty; using "session.save_path" value from php.ini.
INFO - 2020-09-04 09:43:21 --> Session: Class initialized using 'files' driver.
INFO - 2020-09-04 09:43:21 --> Helper loaded: form_helper
INFO - 2020-09-04 09:43:21 --> Form Validation Class Initialized
INFO - 2020-09-04 09:43:21 --> Controller Class Initialized
INFO - 2020-09-04 09:43:21 --> Model "M_employee" initialized
DEBUG - 2020-09-04 09:43:21 --> Sc_check class already loaded. Second attempt ignored.
DEBUG - 2020-09-04 09:43:21 --> Encryption: Auto-configured driver 'openssl'.
INFO - 2020-09-04 09:43:21 --> Encryption: OpenSSL initialized with method AES-128-CBC.
INFO - 2020-09-04 09:43:21 --> Encryption Class Initialized
INFO - 2020-09-04 09:43:21 --> File loaded: C:\xampp\htdocs\scholarship\admin\views\include/header.php
INFO - 2020-09-04 09:43:21 --> File loaded: C:\xampp\htdocs\scholarship\admin\views\include/menu.php
INFO - 2020-09-04 09:43:21 --> File loaded: C:\xampp\htdocs\scholarship\admin\views\include/footer.php
INFO - 2020-09-04 09:43:21 --> File loaded: C:\xampp\htdocs\scholarship\admin\views\include/msg.php
INFO - 2020-09-04 09:43:21 --> File loaded: C:\xampp\htdocs\scholarship\admin\views\employee/list.php
INFO - 2020-09-04 09:43:21 --> Final output sent to browser
DEBUG - 2020-09-04 09:43:21 --> Total execution time: 0.3386
INFO - 2020-09-04 09:43:24 --> Config Class Initialized
INFO - 2020-09-04 09:43:24 --> Hooks Class Initialized
DEBUG - 2020-09-04 09:43:24 --> UTF-8 Support Enabled
INFO - 2020-09-04 09:43:24 --> Utf8 Class Initialized
INFO - 2020-09-04 09:43:24 --> URI Class Initialized
INFO - 2020-09-04 09:43:24 --> Router Class Initialized
INFO - 2020-09-04 09:43:24 --> Output Class Initialized
INFO - 2020-09-04 09:43:24 --> Security Class Initialized
DEBUG - 2020-09-04 09:43:24 --> Global POST, GET and COOKIE data sanitized
INFO - 2020-09-04 09:43:24 --> CSRF cookie sent
INFO - 2020-09-04 09:43:24 --> Input Class Initialized
INFO - 2020-09-04 09:43:24 --> Language Class Initialized
INFO - 2020-09-04 09:43:24 --> Loader Class Initialized
INFO - 2020-09-04 09:43:24 --> Helper loaded: url_helper
INFO - 2020-09-04 09:43:24 --> Helper loaded: file_helper
INFO - 2020-09-04 09:43:24 --> Helper loaded: text_helper
INFO - 2020-09-04 09:43:24 --> Helper loaded: string_helper
INFO - 2020-09-04 09:43:24 --> Database Driver Class Initialized
INFO - 2020-09-04 09:43:24 --> Email Class Initialized
DEBUG - 2020-09-04 09:43:24 --> Session: "sess_save_path" is empty; using "session.save_path" value from php.ini.
INFO - 2020-09-04 09:43:24 --> Session: Class initialized using 'files' driver.
INFO - 2020-09-04 09:43:24 --> Helper loaded: form_helper
INFO - 2020-09-04 09:43:24 --> Form Validation Class Initialized
INFO - 2020-09-04 09:43:24 --> Controller Class Initialized
INFO - 2020-09-04 09:43:24 --> Model "M_employee" initialized
DEBUG - 2020-09-04 09:43:24 --> Sc_check class already loaded. Second attempt ignored.
INFO - 2020-09-04 09:43:24 --> Model "M_auth" initialized
INFO - 2020-09-04 09:43:24 --> File loaded: C:\xampp\htdocs\scholarship\admin\views\include/header.php
INFO - 2020-09-04 09:43:24 --> File loaded: C:\xampp\htdocs\scholarship\admin\views\include/menu.php
INFO - 2020-09-04 09:43:24 --> File loaded: C:\xampp\htdocs\scholarship\admin\views\include/footer.php
INFO - 2020-09-04 09:43:25 --> File loaded: C:\xampp\htdocs\scholarship\admin\views\include/msg.php
INFO - 2020-09-04 09:43:25 --> File loaded: C:\xampp\htdocs\scholarship\admin\views\employee/add.php
INFO - 2020-09-04 09:43:25 --> Final output sent to browser
DEBUG - 2020-09-04 09:43:25 --> Total execution time: 0.5630
INFO - 2020-09-04 09:43:35 --> Config Class Initialized
INFO - 2020-09-04 09:43:35 --> Hooks Class Initialized
DEBUG - 2020-09-04 09:43:35 --> UTF-8 Support Enabled
INFO - 2020-09-04 09:43:35 --> Utf8 Class Initialized
INFO - 2020-09-04 09:43:35 --> URI Class Initialized
INFO - 2020-09-04 09:43:35 --> Router Class Initialized
INFO - 2020-09-04 09:43:35 --> Output Class Initialized
INFO - 2020-09-04 09:43:35 --> Security Class Initialized
DEBUG - 2020-09-04 09:43:35 --> Global POST, GET and COOKIE data sanitized
INFO - 2020-09-04 09:43:35 --> CSRF cookie sent
INFO - 2020-09-04 09:43:35 --> Input Class Initialized
INFO - 2020-09-04 09:43:35 --> Language Class Initialized
INFO - 2020-09-04 09:43:35 --> Loader Class Initialized
INFO - 2020-09-04 09:43:35 --> Helper loaded: url_helper
INFO - 2020-09-04 09:43:35 --> Helper loaded: file_helper
INFO - 2020-09-04 09:43:35 --> Helper loaded: text_helper
INFO - 2020-09-04 09:43:35 --> Helper loaded: string_helper
INFO - 2020-09-04 09:43:35 --> Database Driver Class Initialized
INFO - 2020-09-04 09:43:35 --> Email Class Initialized
DEBUG - 2020-09-04 09:43:35 --> Session: "sess_save_path" is empty; using "session.save_path" value from php.ini.
INFO - 2020-09-04 09:43:35 --> Session: Class initialized using 'files' driver.
INFO - 2020-09-04 09:43:35 --> Helper loaded: form_helper
INFO - 2020-09-04 09:43:35 --> Form Validation Class Initialized
INFO - 2020-09-04 09:43:35 --> Controller Class Initialized
INFO - 2020-09-04 09:43:35 --> Model "M_fees" initialized
DEBUG - 2020-09-04 09:43:35 --> Encryption: Auto-configured driver 'openssl'.
INFO - 2020-09-04 09:43:35 --> Encryption: OpenSSL initialized with method AES-128-CBC.
INFO - 2020-09-04 09:43:35 --> Encryption Class Initialized
INFO - 2020-09-04 09:43:35 --> File loaded: C:\xampp\htdocs\scholarship\admin\views\include/header.php
INFO - 2020-09-04 09:43:35 --> File loaded: C:\xampp\htdocs\scholarship\admin\views\include/menu.php
INFO - 2020-09-04 09:43:35 --> File loaded: C:\xampp\htdocs\scholarship\admin\views\include/footer.php
INFO - 2020-09-04 09:43:35 --> File loaded: C:\xampp\htdocs\scholarship\admin\views\include/msg.php
INFO - 2020-09-04 09:43:35 --> File loaded: C:\xampp\htdocs\scholarship\admin\views\fees/list.php
INFO - 2020-09-04 09:43:35 --> Final output sent to browser
DEBUG - 2020-09-04 09:43:35 --> Total execution time: 0.4781
INFO - 2020-09-04 09:43:42 --> Config Class Initialized
INFO - 2020-09-04 09:43:42 --> Hooks Class Initialized
DEBUG - 2020-09-04 09:43:43 --> UTF-8 Support Enabled
INFO - 2020-09-04 09:43:43 --> Utf8 Class Initialized
INFO - 2020-09-04 09:43:43 --> URI Class Initialized
INFO - 2020-09-04 09:43:43 --> Router Class Initialized
INFO - 2020-09-04 09:43:43 --> Output Class Initialized
INFO - 2020-09-04 09:43:43 --> Security Class Initialized
DEBUG - 2020-09-04 09:43:43 --> Global POST, GET and COOKIE data sanitized
INFO - 2020-09-04 09:43:43 --> CSRF cookie sent
INFO - 2020-09-04 09:43:43 --> Input Class Initialized
INFO - 2020-09-04 09:43:43 --> Language Class Initialized
INFO - 2020-09-04 09:43:43 --> Loader Class Initialized
INFO - 2020-09-04 09:43:43 --> Helper loaded: url_helper
INFO - 2020-09-04 09:43:43 --> Helper loaded: file_helper
INFO - 2020-09-04 09:43:43 --> Helper loaded: text_helper
INFO - 2020-09-04 09:43:43 --> Helper loaded: string_helper
INFO - 2020-09-04 09:43:43 --> Database Driver Class Initialized
INFO - 2020-09-04 09:43:43 --> Email Class Initialized
DEBUG - 2020-09-04 09:43:43 --> Session: "sess_save_path" is empty; using "session.save_path" value from php.ini.
INFO - 2020-09-04 09:43:43 --> Session: Class initialized using 'files' driver.
INFO - 2020-09-04 09:43:43 --> Helper loaded: form_helper
INFO - 2020-09-04 09:43:43 --> Form Validation Class Initialized
INFO - 2020-09-04 09:43:43 --> Controller Class Initialized
INFO - 2020-09-04 09:43:43 --> Model "M_fees" initialized
INFO - 2020-09-04 09:43:43 --> Model "M_auth" initialized
INFO - 2020-09-04 09:43:43 --> File loaded: C:\xampp\htdocs\scholarship\admin\views\include/header.php
INFO - 2020-09-04 09:43:43 --> File loaded: C:\xampp\htdocs\scholarship\admin\views\include/menu.php
INFO - 2020-09-04 09:43:43 --> File loaded: C:\xampp\htdocs\scholarship\admin\views\include/footer.php
INFO - 2020-09-04 09:43:43 --> File loaded: C:\xampp\htdocs\scholarship\admin\views\include/msg.php
INFO - 2020-09-04 09:43:43 --> File loaded: C:\xampp\htdocs\scholarship\admin\views\fees/add.php
INFO - 2020-09-04 09:43:43 --> Final output sent to browser
DEBUG - 2020-09-04 09:43:43 --> Total execution time: 0.3929
INFO - 2020-09-04 09:43:45 --> Config Class Initialized
INFO - 2020-09-04 09:43:45 --> Hooks Class Initialized
DEBUG - 2020-09-04 09:43:45 --> UTF-8 Support Enabled
INFO - 2020-09-04 09:43:45 --> Utf8 Class Initialized
INFO - 2020-09-04 09:43:45 --> URI Class Initialized
INFO - 2020-09-04 09:43:45 --> Router Class Initialized
INFO - 2020-09-04 09:43:45 --> Output Class Initialized
INFO - 2020-09-04 09:43:45 --> Security Class Initialized
DEBUG - 2020-09-04 09:43:45 --> Global POST, GET and COOKIE data sanitized
INFO - 2020-09-04 09:43:45 --> CSRF cookie sent
INFO - 2020-09-04 09:43:45 --> Input Class Initialized
INFO - 2020-09-04 09:43:45 --> Language Class Initialized
INFO - 2020-09-04 09:43:45 --> Loader Class Initialized
INFO - 2020-09-04 09:43:45 --> Helper loaded: url_helper
INFO - 2020-09-04 09:43:45 --> Helper loaded: file_helper
INFO - 2020-09-04 09:43:45 --> Helper loaded: text_helper
INFO - 2020-09-04 09:43:45 --> Helper loaded: string_helper
INFO - 2020-09-04 09:43:45 --> Database Driver Class Initialized
INFO - 2020-09-04 09:43:45 --> Email Class Initialized
DEBUG - 2020-09-04 09:43:45 --> Session: "sess_save_path" is empty; using "session.save_path" value from php.ini.
INFO - 2020-09-04 09:43:45 --> Session: Class initialized using 'files' driver.
INFO - 2020-09-04 09:43:45 --> Helper loaded: form_helper
INFO - 2020-09-04 09:43:45 --> Form Validation Class Initialized
INFO - 2020-09-04 09:43:45 --> Controller Class Initialized
INFO - 2020-09-04 09:43:45 --> Model "M_fees" initialized
DEBUG - 2020-09-04 09:43:45 --> Encryption: Auto-configured driver 'openssl'.
INFO - 2020-09-04 09:43:45 --> Encryption: OpenSSL initialized with method AES-128-CBC.
INFO - 2020-09-04 09:43:45 --> Encryption Class Initialized
INFO - 2020-09-04 09:43:45 --> File loaded: C:\xampp\htdocs\scholarship\admin\views\include/header.php
INFO - 2020-09-04 09:43:45 --> File loaded: C:\xampp\htdocs\scholarship\admin\views\include/menu.php
INFO - 2020-09-04 09:43:45 --> File loaded: C:\xampp\htdocs\scholarship\admin\views\include/footer.php
INFO - 2020-09-04 09:43:45 --> File loaded: C:\xampp\htdocs\scholarship\admin\views\include/msg.php
INFO - 2020-09-04 09:43:45 --> File loaded: C:\xampp\htdocs\scholarship\admin\views\fees/list.php
INFO - 2020-09-04 09:43:45 --> Final output sent to browser
DEBUG - 2020-09-04 09:43:45 --> Total execution time: 0.3434
INFO - 2020-09-04 09:43:50 --> Config Class Initialized
INFO - 2020-09-04 09:43:50 --> Hooks Class Initialized
DEBUG - 2020-09-04 09:43:50 --> UTF-8 Support Enabled
INFO - 2020-09-04 09:43:50 --> Utf8 Class Initialized
INFO - 2020-09-04 09:43:50 --> URI Class Initialized
INFO - 2020-09-04 09:43:50 --> Router Class Initialized
INFO - 2020-09-04 09:43:50 --> Output Class Initialized
INFO - 2020-09-04 09:43:50 --> Security Class Initialized
DEBUG - 2020-09-04 09:43:51 --> Global POST, GET and COOKIE data sanitized
INFO - 2020-09-04 09:43:51 --> CSRF cookie sent
INFO - 2020-09-04 09:43:51 --> Input Class Initialized
INFO - 2020-09-04 09:43:51 --> Language Class Initialized
INFO - 2020-09-04 09:43:51 --> Loader Class Initialized
INFO - 2020-09-04 09:43:51 --> Helper loaded: url_helper
INFO - 2020-09-04 09:43:51 --> Helper loaded: file_helper
INFO - 2020-09-04 09:43:51 --> Helper loaded: text_helper
INFO - 2020-09-04 09:43:51 --> Helper loaded: string_helper
INFO - 2020-09-04 09:43:51 --> Database Driver Class Initialized
INFO - 2020-09-04 09:43:51 --> Email Class Initialized
DEBUG - 2020-09-04 09:43:51 --> Session: "sess_save_path" is empty; using "session.save_path" value from php.ini.
INFO - 2020-09-04 09:43:51 --> Session: Class initialized using 'files' driver.
INFO - 2020-09-04 09:43:51 --> Helper loaded: form_helper
INFO - 2020-09-04 09:43:51 --> Form Validation Class Initialized
INFO - 2020-09-04 09:43:51 --> Controller Class Initialized
INFO - 2020-09-04 09:43:51 --> Model "M_school" initialized
DEBUG - 2020-09-04 09:43:51 --> Email class already loaded. Second attempt ignored.
INFO - 2020-09-04 09:43:51 --> Upload Class Initialized
INFO - 2020-09-04 09:43:51 --> Upload Class Initialized
INFO - 2020-09-04 09:43:52 --> File loaded: C:\xampp\htdocs\scholarship\admin\views\include/header.php
INFO - 2020-09-04 09:43:52 --> File loaded: C:\xampp\htdocs\scholarship\admin\views\include/menu.php
INFO - 2020-09-04 09:43:52 --> File loaded: C:\xampp\htdocs\scholarship\admin\views\include/footer.php
INFO - 2020-09-04 09:43:52 --> File loaded: C:\xampp\htdocs\scholarship\admin\views\include/msg.php
INFO - 2020-09-04 09:43:52 --> File loaded: C:\xampp\htdocs\scholarship\admin\views\school/all.php
INFO - 2020-09-04 09:43:52 --> Final output sent to browser
DEBUG - 2020-09-04 09:43:52 --> Total execution time: 1.2363
INFO - 2020-09-04 09:43:53 --> Config Class Initialized
INFO - 2020-09-04 09:43:53 --> Hooks Class Initialized
DEBUG - 2020-09-04 09:43:53 --> UTF-8 Support Enabled
INFO - 2020-09-04 09:43:53 --> Utf8 Class Initialized
INFO - 2020-09-04 09:43:53 --> URI Class Initialized
INFO - 2020-09-04 09:43:53 --> Router Class Initialized
INFO - 2020-09-04 09:43:53 --> Output Class Initialized
INFO - 2020-09-04 09:43:53 --> Security Class Initialized
DEBUG - 2020-09-04 09:43:53 --> Global POST, GET and COOKIE data sanitized
INFO - 2020-09-04 09:43:53 --> CSRF cookie sent
INFO - 2020-09-04 09:43:53 --> CSRF token verified
INFO - 2020-09-04 09:43:53 --> Input Class Initialized
INFO - 2020-09-04 09:43:53 --> Language Class Initialized
INFO - 2020-09-04 09:43:53 --> Loader Class Initialized
INFO - 2020-09-04 09:43:53 --> Helper loaded: url_helper
INFO - 2020-09-04 09:43:53 --> Helper loaded: file_helper
INFO - 2020-09-04 09:43:53 --> Helper loaded: text_helper
INFO - 2020-09-04 09:43:53 --> Helper loaded: string_helper
INFO - 2020-09-04 09:43:53 --> Database Driver Class Initialized
INFO - 2020-09-04 09:43:53 --> Email Class Initialized
DEBUG - 2020-09-04 09:43:53 --> Session: "sess_save_path" is empty; using "session.save_path" value from php.ini.
INFO - 2020-09-04 09:43:53 --> Session: Class initialized using 'files' driver.
INFO - 2020-09-04 09:43:53 --> Helper loaded: form_helper
INFO - 2020-09-04 09:43:53 --> Form Validation Class Initialized
INFO - 2020-09-04 09:43:53 --> Controller Class Initialized
INFO - 2020-09-04 09:43:53 --> Model "M_school" initialized
DEBUG - 2020-09-04 09:43:53 --> Email class already loaded. Second attempt ignored.
INFO - 2020-09-04 09:43:53 --> Upload Class Initialized
INFO - 2020-09-04 09:43:53 --> Upload Class Initialized
INFO - 2020-09-04 09:43:53 --> Final output sent to browser
DEBUG - 2020-09-04 09:43:53 --> Total execution time: 0.5859
INFO - 2020-09-04 09:45:42 --> Config Class Initialized
INFO - 2020-09-04 09:45:42 --> Hooks Class Initialized
DEBUG - 2020-09-04 09:45:42 --> UTF-8 Support Enabled
INFO - 2020-09-04 09:45:42 --> Utf8 Class Initialized
INFO - 2020-09-04 09:45:42 --> URI Class Initialized
INFO - 2020-09-04 09:45:42 --> Router Class Initialized
INFO - 2020-09-04 09:45:42 --> Output Class Initialized
INFO - 2020-09-04 09:45:42 --> Security Class Initialized
DEBUG - 2020-09-04 09:45:42 --> Global POST, GET and COOKIE data sanitized
INFO - 2020-09-04 09:45:42 --> CSRF cookie sent
INFO - 2020-09-04 09:45:42 --> Input Class Initialized
INFO - 2020-09-04 09:45:42 --> Language Class Initialized
INFO - 2020-09-04 09:45:42 --> Loader Class Initialized
INFO - 2020-09-04 09:45:42 --> Helper loaded: url_helper
INFO - 2020-09-04 09:45:42 --> Helper loaded: file_helper
INFO - 2020-09-04 09:45:42 --> Helper loaded: text_helper
INFO - 2020-09-04 09:45:42 --> Helper loaded: string_helper
INFO - 2020-09-04 09:45:42 --> Database Driver Class Initialized
INFO - 2020-09-04 09:45:42 --> Email Class Initialized
DEBUG - 2020-09-04 09:45:42 --> Session: "sess_save_path" is empty; using "session.save_path" value from php.ini.
INFO - 2020-09-04 09:45:42 --> Session: Class initialized using 'files' driver.
INFO - 2020-09-04 09:45:42 --> Helper loaded: form_helper
INFO - 2020-09-04 09:45:42 --> Form Validation Class Initialized
INFO - 2020-09-04 09:45:42 --> Controller Class Initialized
INFO - 2020-09-04 09:45:42 --> Model "M_school" initialized
DEBUG - 2020-09-04 09:45:42 --> Email class already loaded. Second attempt ignored.
INFO - 2020-09-04 09:45:42 --> Upload Class Initialized
INFO - 2020-09-04 09:45:42 --> Upload Class Initialized
INFO - 2020-09-04 09:45:42 --> File loaded: C:\xampp\htdocs\scholarship\admin\views\include/header.php
INFO - 2020-09-04 09:45:42 --> File loaded: C:\xampp\htdocs\scholarship\admin\views\include/menu.php
INFO - 2020-09-04 09:45:42 --> File loaded: C:\xampp\htdocs\scholarship\admin\views\include/footer.php
INFO - 2020-09-04 09:45:42 --> File loaded: C:\xampp\htdocs\scholarship\admin\views\include/msg.php
INFO - 2020-09-04 09:45:42 --> File loaded: C:\xampp\htdocs\scholarship\admin\views\school/all.php
INFO - 2020-09-04 09:45:42 --> Final output sent to browser
DEBUG - 2020-09-04 09:45:42 --> Total execution time: 0.4128
INFO - 2020-09-04 09:45:44 --> Config Class Initialized
INFO - 2020-09-04 09:45:44 --> Hooks Class Initialized
DEBUG - 2020-09-04 09:45:44 --> UTF-8 Support Enabled
INFO - 2020-09-04 09:45:44 --> Utf8 Class Initialized
INFO - 2020-09-04 09:45:44 --> URI Class Initialized
INFO - 2020-09-04 09:45:44 --> Router Class Initialized
INFO - 2020-09-04 09:45:44 --> Output Class Initialized
INFO - 2020-09-04 09:45:44 --> Security Class Initialized
DEBUG - 2020-09-04 09:45:44 --> Global POST, GET and COOKIE data sanitized
INFO - 2020-09-04 09:45:44 --> CSRF cookie sent
INFO - 2020-09-04 09:45:44 --> CSRF token verified
INFO - 2020-09-04 09:45:44 --> Input Class Initialized
INFO - 2020-09-04 09:45:44 --> Language Class Initialized
INFO - 2020-09-04 09:45:44 --> Loader Class Initialized
INFO - 2020-09-04 09:45:44 --> Helper loaded: url_helper
INFO - 2020-09-04 09:45:44 --> Helper loaded: file_helper
INFO - 2020-09-04 09:45:44 --> Helper loaded: text_helper
INFO - 2020-09-04 09:45:44 --> Helper loaded: string_helper
INFO - 2020-09-04 09:45:44 --> Database Driver Class Initialized
INFO - 2020-09-04 09:45:44 --> Email Class Initialized
DEBUG - 2020-09-04 09:45:44 --> Session: "sess_save_path" is empty; using "session.save_path" value from php.ini.
INFO - 2020-09-04 09:45:44 --> Session: Class initialized using 'files' driver.
INFO - 2020-09-04 09:45:44 --> Helper loaded: form_helper
INFO - 2020-09-04 09:45:44 --> Form Validation Class Initialized
INFO - 2020-09-04 09:45:44 --> Controller Class Initialized
INFO - 2020-09-04 09:45:44 --> Model "M_school" initialized
DEBUG - 2020-09-04 09:45:44 --> Email class already loaded. Second attempt ignored.
INFO - 2020-09-04 09:45:44 --> Upload Class Initialized
INFO - 2020-09-04 09:45:44 --> Upload Class Initialized
INFO - 2020-09-04 09:45:44 --> Final output sent to browser
DEBUG - 2020-09-04 09:45:44 --> Total execution time: 0.6217
INFO - 2020-09-04 09:47:03 --> Config Class Initialized
INFO - 2020-09-04 09:47:03 --> Hooks Class Initialized
DEBUG - 2020-09-04 09:47:03 --> UTF-8 Support Enabled
INFO - 2020-09-04 09:47:03 --> Utf8 Class Initialized
INFO - 2020-09-04 09:47:03 --> URI Class Initialized
INFO - 2020-09-04 09:47:03 --> Router Class Initialized
INFO - 2020-09-04 09:47:03 --> Output Class Initialized
INFO - 2020-09-04 09:47:03 --> Security Class Initialized
DEBUG - 2020-09-04 09:47:03 --> Global POST, GET and COOKIE data sanitized
INFO - 2020-09-04 09:47:03 --> CSRF cookie sent
INFO - 2020-09-04 09:47:03 --> Input Class Initialized
INFO - 2020-09-04 09:47:03 --> Language Class Initialized
INFO - 2020-09-04 09:47:03 --> Loader Class Initialized
INFO - 2020-09-04 09:47:03 --> Helper loaded: url_helper
INFO - 2020-09-04 09:47:03 --> Helper loaded: file_helper
INFO - 2020-09-04 09:47:03 --> Helper loaded: text_helper
INFO - 2020-09-04 09:47:03 --> Helper loaded: string_helper
INFO - 2020-09-04 09:47:03 --> Database Driver Class Initialized
INFO - 2020-09-04 09:47:03 --> Email Class Initialized
DEBUG - 2020-09-04 09:47:03 --> Session: "sess_save_path" is empty; using "session.save_path" value from php.ini.
INFO - 2020-09-04 09:47:03 --> Session: Class initialized using 'files' driver.
INFO - 2020-09-04 09:47:03 --> Helper loaded: form_helper
INFO - 2020-09-04 09:47:03 --> Form Validation Class Initialized
INFO - 2020-09-04 09:47:03 --> Controller Class Initialized
INFO - 2020-09-04 09:47:03 --> Model "M_scholar" initialized
INFO - 2020-09-04 09:47:03 --> Model "M_school" initialized
INFO - 2020-09-04 09:47:03 --> File loaded: C:\xampp\htdocs\scholarship\admin\views\include/header.php
INFO - 2020-09-04 09:47:03 --> File loaded: C:\xampp\htdocs\scholarship\admin\views\include/menu.php
INFO - 2020-09-04 09:47:03 --> File loaded: C:\xampp\htdocs\scholarship\admin\views\include/footer.php
INFO - 2020-09-04 09:47:03 --> File loaded: C:\xampp\htdocs\scholarship\admin\views\scholar/list.php
INFO - 2020-09-04 09:47:03 --> Final output sent to browser
DEBUG - 2020-09-04 09:47:03 --> Total execution time: 0.4337
INFO - 2020-09-04 09:47:05 --> Config Class Initialized
INFO - 2020-09-04 09:47:05 --> Hooks Class Initialized
DEBUG - 2020-09-04 09:47:05 --> UTF-8 Support Enabled
INFO - 2020-09-04 09:47:05 --> Utf8 Class Initialized
INFO - 2020-09-04 09:47:05 --> URI Class Initialized
INFO - 2020-09-04 09:47:05 --> Router Class Initialized
INFO - 2020-09-04 09:47:05 --> Output Class Initialized
INFO - 2020-09-04 09:47:05 --> Security Class Initialized
DEBUG - 2020-09-04 09:47:05 --> Global POST, GET and COOKIE data sanitized
INFO - 2020-09-04 09:47:05 --> CSRF cookie sent
INFO - 2020-09-04 09:47:05 --> CSRF token verified
INFO - 2020-09-04 09:47:05 --> Input Class Initialized
INFO - 2020-09-04 09:47:05 --> Language Class Initialized
INFO - 2020-09-04 09:47:05 --> Loader Class Initialized
INFO - 2020-09-04 09:47:05 --> Helper loaded: url_helper
INFO - 2020-09-04 09:47:05 --> Helper loaded: file_helper
INFO - 2020-09-04 09:47:05 --> Helper loaded: text_helper
INFO - 2020-09-04 09:47:05 --> Helper loaded: string_helper
INFO - 2020-09-04 09:47:05 --> Database Driver Class Initialized
INFO - 2020-09-04 09:47:05 --> Email Class Initialized
DEBUG - 2020-09-04 09:47:05 --> Session: "sess_save_path" is empty; using "session.save_path" value from php.ini.
INFO - 2020-09-04 09:47:05 --> Session: Class initialized using 'files' driver.
INFO - 2020-09-04 09:47:05 --> Helper loaded: form_helper
INFO - 2020-09-04 09:47:05 --> Form Validation Class Initialized
INFO - 2020-09-04 09:47:05 --> Controller Class Initialized
INFO - 2020-09-04 09:47:05 --> Model "M_scholar" initialized
INFO - 2020-09-04 09:47:05 --> Model "M_school" initialized
INFO - 2020-09-04 09:47:05 --> Final output sent to browser
DEBUG - 2020-09-04 09:47:05 --> Total execution time: 0.5188
INFO - 2020-09-04 09:47:16 --> Config Class Initialized
INFO - 2020-09-04 09:47:16 --> Hooks Class Initialized
DEBUG - 2020-09-04 09:47:16 --> UTF-8 Support Enabled
INFO - 2020-09-04 09:47:16 --> Utf8 Class Initialized
INFO - 2020-09-04 09:47:16 --> URI Class Initialized
INFO - 2020-09-04 09:47:16 --> Router Class Initialized
INFO - 2020-09-04 09:47:16 --> Output Class Initialized
INFO - 2020-09-04 09:47:16 --> Security Class Initialized
DEBUG - 2020-09-04 09:47:16 --> Global POST, GET and COOKIE data sanitized
INFO - 2020-09-04 09:47:16 --> CSRF cookie sent
INFO - 2020-09-04 09:47:16 --> Input Class Initialized
INFO - 2020-09-04 09:47:16 --> Language Class Initialized
INFO - 2020-09-04 09:47:16 --> Loader Class Initialized
INFO - 2020-09-04 09:47:16 --> Helper loaded: url_helper
INFO - 2020-09-04 09:47:16 --> Helper loaded: file_helper
INFO - 2020-09-04 09:47:16 --> Helper loaded: text_helper
INFO - 2020-09-04 09:47:16 --> Helper loaded: string_helper
INFO - 2020-09-04 09:47:16 --> Database Driver Class Initialized
INFO - 2020-09-04 09:47:16 --> Email Class Initialized
DEBUG - 2020-09-04 09:47:16 --> Session: "sess_save_path" is empty; using "session.save_path" value from php.ini.
INFO - 2020-09-04 09:47:16 --> Session: Class initialized using 'files' driver.
INFO - 2020-09-04 09:47:16 --> Helper loaded: form_helper
INFO - 2020-09-04 09:47:16 --> Form Validation Class Initialized
INFO - 2020-09-04 09:47:16 --> Controller Class Initialized
INFO - 2020-09-04 09:47:16 --> Model "M_scholar" initialized
INFO - 2020-09-04 09:47:16 --> Model "M_school" initialized
INFO - 2020-09-04 09:47:16 --> File loaded: C:\xampp\htdocs\scholarship\admin\views\include/header.php
INFO - 2020-09-04 09:47:16 --> File loaded: C:\xampp\htdocs\scholarship\admin\views\include/menu.php
INFO - 2020-09-04 09:47:16 --> File loaded: C:\xampp\htdocs\scholarship\admin\views\include/footer.php
INFO - 2020-09-04 09:47:16 --> File loaded: C:\xampp\htdocs\scholarship\admin\views\scholar/list.php
INFO - 2020-09-04 09:47:16 --> Final output sent to browser
DEBUG - 2020-09-04 09:47:16 --> Total execution time: 0.3110
INFO - 2020-09-04 09:47:17 --> Config Class Initialized
INFO - 2020-09-04 09:47:17 --> Hooks Class Initialized
DEBUG - 2020-09-04 09:47:17 --> UTF-8 Support Enabled
INFO - 2020-09-04 09:47:17 --> Utf8 Class Initialized
INFO - 2020-09-04 09:47:17 --> URI Class Initialized
INFO - 2020-09-04 09:47:17 --> Router Class Initialized
INFO - 2020-09-04 09:47:17 --> Output Class Initialized
INFO - 2020-09-04 09:47:17 --> Security Class Initialized
DEBUG - 2020-09-04 09:47:17 --> Global POST, GET and COOKIE data sanitized
INFO - 2020-09-04 09:47:17 --> CSRF cookie sent
INFO - 2020-09-04 09:47:17 --> CSRF token verified
INFO - 2020-09-04 09:47:17 --> Input Class Initialized
INFO - 2020-09-04 09:47:17 --> Language Class Initialized
INFO - 2020-09-04 09:47:17 --> Loader Class Initialized
INFO - 2020-09-04 09:47:17 --> Helper loaded: url_helper
INFO - 2020-09-04 09:47:18 --> Helper loaded: file_helper
INFO - 2020-09-04 09:47:18 --> Helper loaded: text_helper
INFO - 2020-09-04 09:47:18 --> Helper loaded: string_helper
INFO - 2020-09-04 09:47:18 --> Database Driver Class Initialized
INFO - 2020-09-04 09:47:18 --> Email Class Initialized
DEBUG - 2020-09-04 09:47:18 --> Session: "sess_save_path" is empty; using "session.save_path" value from php.ini.
INFO - 2020-09-04 09:47:18 --> Session: Class initialized using 'files' driver.
INFO - 2020-09-04 09:47:18 --> Helper loaded: form_helper
INFO - 2020-09-04 09:47:18 --> Form Validation Class Initialized
INFO - 2020-09-04 09:47:18 --> Controller Class Initialized
INFO - 2020-09-04 09:47:18 --> Model "M_scholar" initialized
INFO - 2020-09-04 09:47:18 --> Model "M_school" initialized
INFO - 2020-09-04 09:47:18 --> Final output sent to browser
DEBUG - 2020-09-04 09:47:18 --> Total execution time: 0.5589
INFO - 2020-09-04 09:47:20 --> Config Class Initialized
INFO - 2020-09-04 09:47:20 --> Hooks Class Initialized
DEBUG - 2020-09-04 09:47:20 --> UTF-8 Support Enabled
INFO - 2020-09-04 09:47:20 --> Utf8 Class Initialized
INFO - 2020-09-04 09:47:20 --> URI Class Initialized
INFO - 2020-09-04 09:47:20 --> Router Class Initialized
INFO - 2020-09-04 09:47:20 --> Output Class Initialized
INFO - 2020-09-04 09:47:20 --> Security Class Initialized
DEBUG - 2020-09-04 09:47:20 --> Global POST, GET and COOKIE data sanitized
INFO - 2020-09-04 09:47:20 --> CSRF cookie sent
INFO - 2020-09-04 09:47:21 --> Input Class Initialized
INFO - 2020-09-04 09:47:21 --> Language Class Initialized
INFO - 2020-09-04 09:47:21 --> Loader Class Initialized
INFO - 2020-09-04 09:47:21 --> Helper loaded: url_helper
INFO - 2020-09-04 09:47:21 --> Helper loaded: file_helper
INFO - 2020-09-04 09:47:21 --> Helper loaded: text_helper
INFO - 2020-09-04 09:47:21 --> Helper loaded: string_helper
INFO - 2020-09-04 09:47:21 --> Database Driver Class Initialized
INFO - 2020-09-04 09:47:21 --> Email Class Initialized
DEBUG - 2020-09-04 09:47:21 --> Session: "sess_save_path" is empty; using "session.save_path" value from php.ini.
INFO - 2020-09-04 09:47:21 --> Session: Class initialized using 'files' driver.
INFO - 2020-09-04 09:47:21 --> Helper loaded: form_helper
INFO - 2020-09-04 09:47:21 --> Form Validation Class Initialized
INFO - 2020-09-04 09:47:21 --> Controller Class Initialized
INFO - 2020-09-04 09:47:21 --> Model "M_scholar" initialized
INFO - 2020-09-04 09:47:21 --> Model "M_school" initialized
INFO - 2020-09-04 09:47:21 --> File loaded: C:\xampp\htdocs\scholarship\admin\views\include/header.php
INFO - 2020-09-04 09:47:21 --> File loaded: C:\xampp\htdocs\scholarship\admin\views\include/menu.php
INFO - 2020-09-04 09:47:21 --> File loaded: C:\xampp\htdocs\scholarship\admin\views\include/footer.php
INFO - 2020-09-04 09:47:21 --> File loaded: C:\xampp\htdocs\scholarship\admin\views\include/msg.php
INFO - 2020-09-04 09:47:21 --> File loaded: C:\xampp\htdocs\scholarship\admin\views\scholar/application.php
INFO - 2020-09-04 09:47:21 --> Final output sent to browser
DEBUG - 2020-09-04 09:47:21 --> Total execution time: 0.7029
INFO - 2020-09-04 09:47:44 --> Config Class Initialized
INFO - 2020-09-04 09:47:44 --> Hooks Class Initialized
DEBUG - 2020-09-04 09:47:45 --> UTF-8 Support Enabled
INFO - 2020-09-04 09:47:45 --> Utf8 Class Initialized
INFO - 2020-09-04 09:47:45 --> URI Class Initialized
INFO - 2020-09-04 09:47:45 --> Router Class Initialized
INFO - 2020-09-04 09:47:45 --> Output Class Initialized
INFO - 2020-09-04 09:47:45 --> Security Class Initialized
DEBUG - 2020-09-04 09:47:45 --> Global POST, GET and COOKIE data sanitized
INFO - 2020-09-04 09:47:45 --> CSRF cookie sent
INFO - 2020-09-04 09:47:45 --> Input Class Initialized
INFO - 2020-09-04 09:47:45 --> Language Class Initialized
INFO - 2020-09-04 09:47:45 --> Loader Class Initialized
INFO - 2020-09-04 09:47:45 --> Helper loaded: url_helper
INFO - 2020-09-04 09:47:45 --> Helper loaded: file_helper
INFO - 2020-09-04 09:47:45 --> Helper loaded: text_helper
INFO - 2020-09-04 09:47:45 --> Helper loaded: string_helper
INFO - 2020-09-04 09:47:45 --> Database Driver Class Initialized
INFO - 2020-09-04 09:47:45 --> Email Class Initialized
DEBUG - 2020-09-04 09:47:45 --> Session: "sess_save_path" is empty; using "session.save_path" value from php.ini.
INFO - 2020-09-04 09:47:45 --> Session: Class initialized using 'files' driver.
INFO - 2020-09-04 09:47:45 --> Helper loaded: form_helper
INFO - 2020-09-04 09:47:45 --> Form Validation Class Initialized
INFO - 2020-09-04 09:47:45 --> Controller Class Initialized
INFO - 2020-09-04 09:47:45 --> Model "M_auth" initialized
DEBUG - 2020-09-04 09:47:45 --> Sc_check class already loaded. Second attempt ignored.
INFO - 2020-09-04 09:47:45 --> Helper loaded: captcha_helper
INFO - 2020-09-04 09:47:45 --> Config Class Initialized
INFO - 2020-09-04 09:47:45 --> Hooks Class Initialized
DEBUG - 2020-09-04 09:47:45 --> UTF-8 Support Enabled
INFO - 2020-09-04 09:47:45 --> Utf8 Class Initialized
INFO - 2020-09-04 09:47:45 --> URI Class Initialized
DEBUG - 2020-09-04 09:47:45 --> No URI present. Default controller set.
INFO - 2020-09-04 09:47:45 --> Router Class Initialized
INFO - 2020-09-04 09:47:45 --> Output Class Initialized
INFO - 2020-09-04 09:47:45 --> Security Class Initialized
DEBUG - 2020-09-04 09:47:45 --> Global POST, GET and COOKIE data sanitized
INFO - 2020-09-04 09:47:45 --> CSRF cookie sent
INFO - 2020-09-04 09:47:45 --> Input Class Initialized
INFO - 2020-09-04 09:47:45 --> Language Class Initialized
INFO - 2020-09-04 09:47:45 --> Loader Class Initialized
INFO - 2020-09-04 09:47:45 --> Helper loaded: url_helper
INFO - 2020-09-04 09:47:45 --> Helper loaded: file_helper
INFO - 2020-09-04 09:47:45 --> Helper loaded: text_helper
INFO - 2020-09-04 09:47:45 --> Helper loaded: string_helper
INFO - 2020-09-04 09:47:45 --> Database Driver Class Initialized
INFO - 2020-09-04 09:47:45 --> Email Class Initialized
DEBUG - 2020-09-04 09:47:45 --> Session: "sess_save_path" is empty; using "session.save_path" value from php.ini.
INFO - 2020-09-04 09:47:45 --> Session: Class initialized using 'files' driver.
INFO - 2020-09-04 09:47:45 --> Helper loaded: form_helper
INFO - 2020-09-04 09:47:45 --> Form Validation Class Initialized
INFO - 2020-09-04 09:47:45 --> Controller Class Initialized
INFO - 2020-09-04 09:47:45 --> Model "M_auth" initialized
DEBUG - 2020-09-04 09:47:45 --> Sc_check class already loaded. Second attempt ignored.
INFO - 2020-09-04 09:47:45 --> Helper loaded: captcha_helper
INFO - 2020-09-04 09:47:45 --> File loaded: C:\xampp\htdocs\scholarship\admin\views\include/header.php
INFO - 2020-09-04 09:47:45 --> File loaded: C:\xampp\htdocs\scholarship\admin\views\include/footer.php
INFO - 2020-09-04 09:47:45 --> File loaded: C:\xampp\htdocs\scholarship\admin\views\include/msg.php
INFO - 2020-09-04 09:47:45 --> File loaded: C:\xampp\htdocs\scholarship\admin\views\auth/login.php
INFO - 2020-09-04 09:47:45 --> Final output sent to browser
DEBUG - 2020-09-04 09:47:45 --> Total execution time: 0.3058
