INFO - 2020-03-12 04:57:18 --> Config Class Initialized
INFO - 2020-03-12 04:57:18 --> Hooks Class Initialized
DEBUG - 2020-03-12 04:57:18 --> UTF-8 Support Enabled
INFO - 2020-03-12 04:57:18 --> Utf8 Class Initialized
INFO - 2020-03-12 04:57:18 --> URI Class Initialized
DEBUG - 2020-03-12 04:57:18 --> No URI present. Default controller set.
INFO - 2020-03-12 04:57:18 --> Router Class Initialized
INFO - 2020-03-12 04:57:18 --> Output Class Initialized
INFO - 2020-03-12 04:57:18 --> Security Class Initialized
DEBUG - 2020-03-12 04:57:18 --> Global POST, GET and COOKIE data sanitized
INFO - 2020-03-12 04:57:18 --> CSRF cookie sent
INFO - 2020-03-12 04:57:18 --> Input Class Initialized
INFO - 2020-03-12 04:57:18 --> Language Class Initialized
INFO - 2020-03-12 04:57:18 --> Loader Class Initialized
INFO - 2020-03-12 04:57:18 --> Helper loaded: url_helper
INFO - 2020-03-12 04:57:18 --> Helper loaded: file_helper
INFO - 2020-03-12 04:57:18 --> Helper loaded: text_helper
INFO - 2020-03-12 04:57:18 --> Helper loaded: string_helper
INFO - 2020-03-12 04:57:18 --> Database Driver Class Initialized
INFO - 2020-03-12 04:57:18 --> Email Class Initialized
DEBUG - 2020-03-12 04:57:18 --> Session: "sess_save_path" is empty; using "session.save_path" value from php.ini.
INFO - 2020-03-12 04:57:18 --> Session: Class initialized using 'files' driver.
INFO - 2020-03-12 04:57:18 --> Helper loaded: form_helper
INFO - 2020-03-12 04:57:18 --> Form Validation Class Initialized
INFO - 2020-03-12 04:57:18 --> Controller Class Initialized
INFO - 2020-03-12 04:57:18 --> Model "M_auth" initialized
INFO - 2020-03-12 04:57:18 --> File loaded: C:\xampp\htdocs\scholarship\admin\views\include/header.php
INFO - 2020-03-12 04:57:18 --> File loaded: C:\xampp\htdocs\scholarship\admin\views\include/footer.php
INFO - 2020-03-12 04:57:18 --> File loaded: C:\xampp\htdocs\scholarship\admin\views\include/msg.php
INFO - 2020-03-12 04:57:18 --> File loaded: C:\xampp\htdocs\scholarship\admin\views\auth/login.php
INFO - 2020-03-12 04:57:18 --> Final output sent to browser
DEBUG - 2020-03-12 04:57:18 --> Total execution time: 0.2944
INFO - 2020-03-12 04:57:37 --> Config Class Initialized
INFO - 2020-03-12 04:57:37 --> Hooks Class Initialized
DEBUG - 2020-03-12 04:57:37 --> UTF-8 Support Enabled
INFO - 2020-03-12 04:57:37 --> Utf8 Class Initialized
INFO - 2020-03-12 04:57:37 --> URI Class Initialized
DEBUG - 2020-03-12 04:57:37 --> No URI present. Default controller set.
INFO - 2020-03-12 04:57:37 --> Router Class Initialized
INFO - 2020-03-12 04:57:37 --> Output Class Initialized
INFO - 2020-03-12 04:57:37 --> Security Class Initialized
DEBUG - 2020-03-12 04:57:37 --> Global POST, GET and COOKIE data sanitized
INFO - 2020-03-12 04:57:37 --> CSRF cookie sent
INFO - 2020-03-12 04:57:37 --> Input Class Initialized
INFO - 2020-03-12 04:57:37 --> Language Class Initialized
INFO - 2020-03-12 04:57:37 --> Loader Class Initialized
INFO - 2020-03-12 04:57:37 --> Helper loaded: url_helper
INFO - 2020-03-12 04:57:37 --> Helper loaded: file_helper
INFO - 2020-03-12 04:57:37 --> Helper loaded: text_helper
INFO - 2020-03-12 04:57:37 --> Helper loaded: string_helper
INFO - 2020-03-12 04:57:37 --> Database Driver Class Initialized
INFO - 2020-03-12 04:57:37 --> Email Class Initialized
DEBUG - 2020-03-12 04:57:37 --> Session: "sess_save_path" is empty; using "session.save_path" value from php.ini.
INFO - 2020-03-12 04:57:37 --> Session: Class initialized using 'files' driver.
INFO - 2020-03-12 04:57:37 --> Helper loaded: form_helper
INFO - 2020-03-12 04:57:37 --> Form Validation Class Initialized
INFO - 2020-03-12 04:57:37 --> Controller Class Initialized
INFO - 2020-03-12 04:57:37 --> Model "M_auth" initialized
INFO - 2020-03-12 04:57:37 --> File loaded: C:\xampp\htdocs\scholarship\admin\views\include/header.php
INFO - 2020-03-12 04:57:37 --> File loaded: C:\xampp\htdocs\scholarship\admin\views\include/footer.php
INFO - 2020-03-12 04:57:37 --> File loaded: C:\xampp\htdocs\scholarship\admin\views\include/msg.php
INFO - 2020-03-12 04:57:37 --> File loaded: C:\xampp\htdocs\scholarship\admin\views\auth/login.php
INFO - 2020-03-12 04:57:37 --> Final output sent to browser
DEBUG - 2020-03-12 04:57:37 --> Total execution time: 0.1128
INFO - 2020-03-12 04:57:41 --> Config Class Initialized
INFO - 2020-03-12 04:57:41 --> Hooks Class Initialized
DEBUG - 2020-03-12 04:57:41 --> UTF-8 Support Enabled
INFO - 2020-03-12 04:57:41 --> Utf8 Class Initialized
INFO - 2020-03-12 04:57:41 --> URI Class Initialized
INFO - 2020-03-12 04:57:41 --> Router Class Initialized
INFO - 2020-03-12 04:57:41 --> Output Class Initialized
INFO - 2020-03-12 04:57:41 --> Security Class Initialized
DEBUG - 2020-03-12 04:57:41 --> Global POST, GET and COOKIE data sanitized
INFO - 2020-03-12 04:57:41 --> CSRF cookie sent
INFO - 2020-03-12 04:57:41 --> CSRF token verified
INFO - 2020-03-12 04:57:41 --> Input Class Initialized
INFO - 2020-03-12 04:57:41 --> Language Class Initialized
INFO - 2020-03-12 04:57:41 --> Loader Class Initialized
INFO - 2020-03-12 04:57:41 --> Helper loaded: url_helper
INFO - 2020-03-12 04:57:41 --> Helper loaded: file_helper
INFO - 2020-03-12 04:57:41 --> Helper loaded: text_helper
INFO - 2020-03-12 04:57:41 --> Helper loaded: string_helper
INFO - 2020-03-12 04:57:41 --> Database Driver Class Initialized
INFO - 2020-03-12 04:57:41 --> Email Class Initialized
DEBUG - 2020-03-12 04:57:41 --> Session: "sess_save_path" is empty; using "session.save_path" value from php.ini.
INFO - 2020-03-12 04:57:41 --> Session: Class initialized using 'files' driver.
INFO - 2020-03-12 04:57:41 --> Helper loaded: form_helper
INFO - 2020-03-12 04:57:41 --> Form Validation Class Initialized
INFO - 2020-03-12 04:57:41 --> Controller Class Initialized
INFO - 2020-03-12 04:57:41 --> Model "M_auth" initialized
DEBUG - 2020-03-12 04:57:41 --> Form_validation class already loaded. Second attempt ignored.
INFO - 2020-03-12 04:57:41 --> Language file loaded: language/english/form_validation_lang.php
INFO - 2020-03-12 04:57:42 --> ---------------------Success -- Admin Logged in with prathwi@5ine.in and IP aaddress ::1 --------------
INFO - 2020-03-12 04:57:42 --> Config Class Initialized
INFO - 2020-03-12 04:57:42 --> Hooks Class Initialized
DEBUG - 2020-03-12 04:57:42 --> UTF-8 Support Enabled
INFO - 2020-03-12 04:57:42 --> Utf8 Class Initialized
INFO - 2020-03-12 04:57:42 --> URI Class Initialized
INFO - 2020-03-12 04:57:42 --> Router Class Initialized
INFO - 2020-03-12 04:57:42 --> Output Class Initialized
INFO - 2020-03-12 04:57:42 --> Security Class Initialized
DEBUG - 2020-03-12 04:57:42 --> Global POST, GET and COOKIE data sanitized
INFO - 2020-03-12 04:57:42 --> CSRF cookie sent
INFO - 2020-03-12 04:57:42 --> Input Class Initialized
INFO - 2020-03-12 04:57:42 --> Language Class Initialized
INFO - 2020-03-12 04:57:42 --> Loader Class Initialized
INFO - 2020-03-12 04:57:42 --> Helper loaded: url_helper
INFO - 2020-03-12 04:57:42 --> Helper loaded: file_helper
INFO - 2020-03-12 04:57:42 --> Helper loaded: text_helper
INFO - 2020-03-12 04:57:42 --> Helper loaded: string_helper
INFO - 2020-03-12 04:57:42 --> Database Driver Class Initialized
INFO - 2020-03-12 04:57:42 --> Email Class Initialized
DEBUG - 2020-03-12 04:57:42 --> Session: "sess_save_path" is empty; using "session.save_path" value from php.ini.
INFO - 2020-03-12 04:57:42 --> Session: Class initialized using 'files' driver.
INFO - 2020-03-12 04:57:42 --> Helper loaded: form_helper
INFO - 2020-03-12 04:57:42 --> Form Validation Class Initialized
INFO - 2020-03-12 04:57:42 --> Controller Class Initialized
INFO - 2020-03-12 04:57:42 --> Model "M_dashboard" initialized
INFO - 2020-03-12 04:57:42 --> File loaded: C:\xampp\htdocs\scholarship\admin\views\include/header.php
INFO - 2020-03-12 04:57:42 --> File loaded: C:\xampp\htdocs\scholarship\admin\views\include/menu.php
INFO - 2020-03-12 04:57:42 --> File loaded: C:\xampp\htdocs\scholarship\admin\views\include/footer.php
INFO - 2020-03-12 04:57:42 --> File loaded: C:\xampp\htdocs\scholarship\admin\views\include/msg.php
INFO - 2020-03-12 04:57:42 --> File loaded: C:\xampp\htdocs\scholarship\admin\views\dashboard/index.php
INFO - 2020-03-12 04:57:42 --> Final output sent to browser
DEBUG - 2020-03-12 04:57:42 --> Total execution time: 0.4422
INFO - 2020-03-12 04:57:42 --> Config Class Initialized
INFO - 2020-03-12 04:57:42 --> Hooks Class Initialized
DEBUG - 2020-03-12 04:57:42 --> UTF-8 Support Enabled
INFO - 2020-03-12 04:57:42 --> Utf8 Class Initialized
INFO - 2020-03-12 04:57:42 --> URI Class Initialized
INFO - 2020-03-12 04:57:42 --> Router Class Initialized
INFO - 2020-03-12 04:57:42 --> Output Class Initialized
INFO - 2020-03-12 04:57:43 --> Security Class Initialized
DEBUG - 2020-03-12 04:57:43 --> Global POST, GET and COOKIE data sanitized
INFO - 2020-03-12 04:57:43 --> CSRF cookie sent
INFO - 2020-03-12 04:57:43 --> Input Class Initialized
INFO - 2020-03-12 04:57:43 --> Language Class Initialized
INFO - 2020-03-12 04:57:43 --> Loader Class Initialized
INFO - 2020-03-12 04:57:43 --> Helper loaded: url_helper
INFO - 2020-03-12 04:57:43 --> Helper loaded: file_helper
INFO - 2020-03-12 04:57:43 --> Helper loaded: text_helper
INFO - 2020-03-12 04:57:43 --> Helper loaded: string_helper
INFO - 2020-03-12 04:57:43 --> Database Driver Class Initialized
INFO - 2020-03-12 04:57:43 --> Email Class Initialized
DEBUG - 2020-03-12 04:57:43 --> Session: "sess_save_path" is empty; using "session.save_path" value from php.ini.
INFO - 2020-03-12 04:57:43 --> Session: Class initialized using 'files' driver.
INFO - 2020-03-12 04:57:43 --> Helper loaded: form_helper
INFO - 2020-03-12 04:57:43 --> Form Validation Class Initialized
INFO - 2020-03-12 04:57:43 --> Controller Class Initialized
INFO - 2020-03-12 04:57:43 --> Model "M_dashboard" initialized
INFO - 2020-03-12 04:57:43 --> Final output sent to browser
DEBUG - 2020-03-12 04:57:43 --> Total execution time: 0.1106
INFO - 2020-03-12 04:57:59 --> Config Class Initialized
INFO - 2020-03-12 04:57:59 --> Hooks Class Initialized
DEBUG - 2020-03-12 04:57:59 --> UTF-8 Support Enabled
INFO - 2020-03-12 04:57:59 --> Utf8 Class Initialized
INFO - 2020-03-12 04:57:59 --> URI Class Initialized
INFO - 2020-03-12 04:57:59 --> Router Class Initialized
INFO - 2020-03-12 04:57:59 --> Output Class Initialized
INFO - 2020-03-12 04:57:59 --> Security Class Initialized
DEBUG - 2020-03-12 04:57:59 --> Global POST, GET and COOKIE data sanitized
INFO - 2020-03-12 04:57:59 --> CSRF cookie sent
INFO - 2020-03-12 04:57:59 --> Input Class Initialized
INFO - 2020-03-12 04:57:59 --> Language Class Initialized
INFO - 2020-03-12 04:57:59 --> Loader Class Initialized
INFO - 2020-03-12 04:57:59 --> Helper loaded: url_helper
INFO - 2020-03-12 04:57:59 --> Helper loaded: file_helper
INFO - 2020-03-12 04:57:59 --> Helper loaded: text_helper
INFO - 2020-03-12 04:57:59 --> Helper loaded: string_helper
INFO - 2020-03-12 04:57:59 --> Database Driver Class Initialized
INFO - 2020-03-12 04:57:59 --> Email Class Initialized
DEBUG - 2020-03-12 04:57:59 --> Session: "sess_save_path" is empty; using "session.save_path" value from php.ini.
INFO - 2020-03-12 04:57:59 --> Session: Class initialized using 'files' driver.
INFO - 2020-03-12 04:57:59 --> Helper loaded: form_helper
INFO - 2020-03-12 04:57:59 --> Form Validation Class Initialized
INFO - 2020-03-12 04:57:59 --> Controller Class Initialized
INFO - 2020-03-12 04:57:59 --> Model "M_school" initialized
DEBUG - 2020-03-12 04:57:59 --> Email class already loaded. Second attempt ignored.
INFO - 2020-03-12 04:57:59 --> Upload Class Initialized
INFO - 2020-03-12 04:57:59 --> Upload Class Initialized
DEBUG - 2020-03-12 04:58:00 --> Encryption: Auto-configured driver 'openssl'.
INFO - 2020-03-12 04:58:00 --> Encryption: OpenSSL initialized with method AES-128-CBC.
INFO - 2020-03-12 04:58:00 --> Encryption Class Initialized
INFO - 2020-03-12 04:58:00 --> File loaded: C:\xampp\htdocs\scholarship\admin\views\include/header.php
INFO - 2020-03-12 04:58:00 --> File loaded: C:\xampp\htdocs\scholarship\admin\views\include/menu.php
INFO - 2020-03-12 04:58:00 --> File loaded: C:\xampp\htdocs\scholarship\admin\views\include/footer.php
INFO - 2020-03-12 04:58:00 --> File loaded: C:\xampp\htdocs\scholarship\admin\views\include/msg.php
INFO - 2020-03-12 04:58:00 --> File loaded: C:\xampp\htdocs\scholarship\admin\views\school/list.php
INFO - 2020-03-12 04:58:00 --> Final output sent to browser
DEBUG - 2020-03-12 04:58:00 --> Total execution time: 1.0926
INFO - 2020-03-12 04:58:02 --> Config Class Initialized
INFO - 2020-03-12 04:58:02 --> Hooks Class Initialized
DEBUG - 2020-03-12 04:58:02 --> UTF-8 Support Enabled
INFO - 2020-03-12 04:58:02 --> Utf8 Class Initialized
INFO - 2020-03-12 04:58:02 --> URI Class Initialized
INFO - 2020-03-12 04:58:02 --> Router Class Initialized
INFO - 2020-03-12 04:58:02 --> Output Class Initialized
INFO - 2020-03-12 04:58:02 --> Security Class Initialized
DEBUG - 2020-03-12 04:58:02 --> Global POST, GET and COOKIE data sanitized
INFO - 2020-03-12 04:58:02 --> CSRF cookie sent
INFO - 2020-03-12 04:58:02 --> Input Class Initialized
INFO - 2020-03-12 04:58:02 --> Language Class Initialized
INFO - 2020-03-12 04:58:02 --> Loader Class Initialized
INFO - 2020-03-12 04:58:02 --> Helper loaded: url_helper
INFO - 2020-03-12 04:58:02 --> Helper loaded: file_helper
INFO - 2020-03-12 04:58:02 --> Helper loaded: text_helper
INFO - 2020-03-12 04:58:02 --> Helper loaded: string_helper
INFO - 2020-03-12 04:58:02 --> Database Driver Class Initialized
INFO - 2020-03-12 04:58:02 --> Email Class Initialized
DEBUG - 2020-03-12 04:58:02 --> Session: "sess_save_path" is empty; using "session.save_path" value from php.ini.
INFO - 2020-03-12 04:58:02 --> Session: Class initialized using 'files' driver.
INFO - 2020-03-12 04:58:02 --> Helper loaded: form_helper
INFO - 2020-03-12 04:58:02 --> Form Validation Class Initialized
INFO - 2020-03-12 04:58:02 --> Controller Class Initialized
INFO - 2020-03-12 04:58:02 --> Model "M_school" initialized
DEBUG - 2020-03-12 04:58:02 --> Email class already loaded. Second attempt ignored.
INFO - 2020-03-12 04:58:02 --> Upload Class Initialized
INFO - 2020-03-12 04:58:02 --> Upload Class Initialized
INFO - 2020-03-12 04:58:03 --> File loaded: C:\xampp\htdocs\scholarship\admin\views\include/header.php
INFO - 2020-03-12 04:58:03 --> File loaded: C:\xampp\htdocs\scholarship\admin\views\include/menu.php
INFO - 2020-03-12 04:58:03 --> File loaded: C:\xampp\htdocs\scholarship\admin\views\include/footer.php
INFO - 2020-03-12 04:58:03 --> File loaded: C:\xampp\htdocs\scholarship\admin\views\include/msg.php
INFO - 2020-03-12 04:58:03 --> File loaded: C:\xampp\htdocs\scholarship\admin\views\school/detail.php
INFO - 2020-03-12 04:58:03 --> Final output sent to browser
DEBUG - 2020-03-12 04:58:03 --> Total execution time: 0.1467
INFO - 2020-03-12 05:00:26 --> Config Class Initialized
INFO - 2020-03-12 05:00:26 --> Hooks Class Initialized
DEBUG - 2020-03-12 05:00:26 --> UTF-8 Support Enabled
INFO - 2020-03-12 05:00:26 --> Utf8 Class Initialized
INFO - 2020-03-12 05:00:26 --> URI Class Initialized
DEBUG - 2020-03-12 05:00:26 --> No URI present. Default controller set.
INFO - 2020-03-12 05:00:26 --> Router Class Initialized
INFO - 2020-03-12 05:00:27 --> Output Class Initialized
INFO - 2020-03-12 05:00:27 --> Security Class Initialized
DEBUG - 2020-03-12 05:00:27 --> Global POST, GET and COOKIE data sanitized
INFO - 2020-03-12 05:00:27 --> CSRF cookie sent
INFO - 2020-03-12 05:00:27 --> Input Class Initialized
INFO - 2020-03-12 05:00:27 --> Language Class Initialized
INFO - 2020-03-12 05:00:27 --> Loader Class Initialized
INFO - 2020-03-12 05:00:27 --> Helper loaded: url_helper
INFO - 2020-03-12 05:00:27 --> Helper loaded: file_helper
INFO - 2020-03-12 05:00:27 --> Helper loaded: text_helper
INFO - 2020-03-12 05:00:27 --> Helper loaded: string_helper
INFO - 2020-03-12 05:00:27 --> Database Driver Class Initialized
INFO - 2020-03-12 05:00:27 --> Email Class Initialized
DEBUG - 2020-03-12 05:00:27 --> Session: "sess_save_path" is empty; using "session.save_path" value from php.ini.
INFO - 2020-03-12 05:00:27 --> Session: Class initialized using 'files' driver.
INFO - 2020-03-12 05:00:27 --> Helper loaded: form_helper
INFO - 2020-03-12 05:00:27 --> Form Validation Class Initialized
INFO - 2020-03-12 05:00:27 --> Controller Class Initialized
INFO - 2020-03-12 05:00:27 --> Model "M_auth" initialized
INFO - 2020-03-12 05:00:27 --> File loaded: C:\xampp\htdocs\scholarship\admin\views\include/header.php
INFO - 2020-03-12 05:00:27 --> File loaded: C:\xampp\htdocs\scholarship\admin\views\include/footer.php
INFO - 2020-03-12 05:00:27 --> File loaded: C:\xampp\htdocs\scholarship\admin\views\include/msg.php
INFO - 2020-03-12 05:00:27 --> File loaded: C:\xampp\htdocs\scholarship\admin\views\auth/login.php
INFO - 2020-03-12 05:00:27 --> Final output sent to browser
DEBUG - 2020-03-12 05:00:27 --> Total execution time: 0.5264
INFO - 2020-03-12 05:01:30 --> Config Class Initialized
INFO - 2020-03-12 05:01:30 --> Hooks Class Initialized
DEBUG - 2020-03-12 05:01:30 --> UTF-8 Support Enabled
INFO - 2020-03-12 05:01:30 --> Utf8 Class Initialized
INFO - 2020-03-12 05:01:30 --> URI Class Initialized
INFO - 2020-03-12 05:01:30 --> Router Class Initialized
INFO - 2020-03-12 05:01:30 --> Output Class Initialized
INFO - 2020-03-12 05:01:30 --> Security Class Initialized
DEBUG - 2020-03-12 05:01:30 --> Global POST, GET and COOKIE data sanitized
INFO - 2020-03-12 05:01:30 --> CSRF cookie sent
INFO - 2020-03-12 05:01:30 --> Input Class Initialized
INFO - 2020-03-12 05:01:30 --> Language Class Initialized
INFO - 2020-03-12 05:01:31 --> Loader Class Initialized
INFO - 2020-03-12 05:01:31 --> Helper loaded: url_helper
INFO - 2020-03-12 05:01:31 --> Helper loaded: file_helper
INFO - 2020-03-12 05:01:31 --> Helper loaded: text_helper
INFO - 2020-03-12 05:01:31 --> Helper loaded: string_helper
INFO - 2020-03-12 05:01:31 --> Database Driver Class Initialized
INFO - 2020-03-12 05:01:31 --> Email Class Initialized
DEBUG - 2020-03-12 05:01:31 --> Session: "sess_save_path" is empty; using "session.save_path" value from php.ini.
INFO - 2020-03-12 05:01:31 --> Session: Class initialized using 'files' driver.
INFO - 2020-03-12 05:01:31 --> Helper loaded: form_helper
INFO - 2020-03-12 05:01:31 --> Form Validation Class Initialized
INFO - 2020-03-12 05:01:31 --> Controller Class Initialized
INFO - 2020-03-12 05:01:31 --> Model "M_school" initialized
DEBUG - 2020-03-12 05:01:31 --> Email class already loaded. Second attempt ignored.
INFO - 2020-03-12 05:01:31 --> Upload Class Initialized
INFO - 2020-03-12 05:01:31 --> Upload Class Initialized
DEBUG - 2020-03-12 05:01:31 --> Encryption: Auto-configured driver 'openssl'.
INFO - 2020-03-12 05:01:31 --> Encryption: OpenSSL initialized with method AES-128-CBC.
INFO - 2020-03-12 05:01:31 --> Encryption Class Initialized
INFO - 2020-03-12 05:01:31 --> File loaded: C:\xampp\htdocs\scholarship\admin\views\include/header.php
INFO - 2020-03-12 05:01:31 --> File loaded: C:\xampp\htdocs\scholarship\admin\views\include/menu.php
INFO - 2020-03-12 05:01:31 --> File loaded: C:\xampp\htdocs\scholarship\admin\views\include/footer.php
INFO - 2020-03-12 05:01:31 --> File loaded: C:\xampp\htdocs\scholarship\admin\views\include/msg.php
INFO - 2020-03-12 05:01:31 --> File loaded: C:\xampp\htdocs\scholarship\admin\views\school/detail.php
INFO - 2020-03-12 05:01:31 --> Final output sent to browser
DEBUG - 2020-03-12 05:01:31 --> Total execution time: 0.7996
INFO - 2020-03-12 05:01:35 --> Config Class Initialized
INFO - 2020-03-12 05:01:35 --> Hooks Class Initialized
DEBUG - 2020-03-12 05:01:35 --> UTF-8 Support Enabled
INFO - 2020-03-12 05:01:35 --> Utf8 Class Initialized
INFO - 2020-03-12 05:01:35 --> URI Class Initialized
INFO - 2020-03-12 05:01:35 --> Router Class Initialized
INFO - 2020-03-12 05:01:35 --> Output Class Initialized
INFO - 2020-03-12 05:01:35 --> Security Class Initialized
DEBUG - 2020-03-12 05:01:35 --> Global POST, GET and COOKIE data sanitized
INFO - 2020-03-12 05:01:35 --> CSRF cookie sent
INFO - 2020-03-12 05:01:35 --> Input Class Initialized
INFO - 2020-03-12 05:01:35 --> Language Class Initialized
INFO - 2020-03-12 05:01:35 --> Loader Class Initialized
INFO - 2020-03-12 05:01:35 --> Helper loaded: url_helper
INFO - 2020-03-12 05:01:35 --> Helper loaded: file_helper
INFO - 2020-03-12 05:01:35 --> Helper loaded: text_helper
INFO - 2020-03-12 05:01:35 --> Helper loaded: string_helper
INFO - 2020-03-12 05:01:35 --> Database Driver Class Initialized
INFO - 2020-03-12 05:01:35 --> Email Class Initialized
DEBUG - 2020-03-12 05:01:35 --> Session: "sess_save_path" is empty; using "session.save_path" value from php.ini.
INFO - 2020-03-12 05:01:35 --> Session: Class initialized using 'files' driver.
INFO - 2020-03-12 05:01:35 --> Helper loaded: form_helper
INFO - 2020-03-12 05:01:35 --> Form Validation Class Initialized
INFO - 2020-03-12 05:01:35 --> Controller Class Initialized
INFO - 2020-03-12 05:01:35 --> Model "M_scholar" initialized
INFO - 2020-03-12 05:01:35 --> Model "M_school" initialized
INFO - 2020-03-12 05:01:36 --> File loaded: C:\xampp\htdocs\scholarship\admin\views\include/header.php
INFO - 2020-03-12 05:01:36 --> File loaded: C:\xampp\htdocs\scholarship\admin\views\include/menu.php
INFO - 2020-03-12 05:01:36 --> File loaded: C:\xampp\htdocs\scholarship\admin\views\include/footer.php
INFO - 2020-03-12 05:01:36 --> File loaded: C:\xampp\htdocs\scholarship\admin\views\include/msg.php
INFO - 2020-03-12 05:01:36 --> File loaded: C:\xampp\htdocs\scholarship\admin\views\scholar/application.php
INFO - 2020-03-12 05:01:36 --> Final output sent to browser
DEBUG - 2020-03-12 05:01:36 --> Total execution time: 0.6725
INFO - 2020-03-12 05:01:39 --> Config Class Initialized
INFO - 2020-03-12 05:01:39 --> Hooks Class Initialized
DEBUG - 2020-03-12 05:01:39 --> UTF-8 Support Enabled
INFO - 2020-03-12 05:01:39 --> Utf8 Class Initialized
INFO - 2020-03-12 05:01:39 --> URI Class Initialized
INFO - 2020-03-12 05:01:39 --> Router Class Initialized
INFO - 2020-03-12 05:01:39 --> Output Class Initialized
INFO - 2020-03-12 05:01:39 --> Security Class Initialized
DEBUG - 2020-03-12 05:01:39 --> Global POST, GET and COOKIE data sanitized
INFO - 2020-03-12 05:01:39 --> CSRF cookie sent
INFO - 2020-03-12 05:01:39 --> Input Class Initialized
INFO - 2020-03-12 05:01:39 --> Language Class Initialized
INFO - 2020-03-12 05:01:39 --> Loader Class Initialized
INFO - 2020-03-12 05:01:39 --> Helper loaded: url_helper
INFO - 2020-03-12 05:01:39 --> Helper loaded: file_helper
INFO - 2020-03-12 05:01:39 --> Helper loaded: text_helper
INFO - 2020-03-12 05:01:39 --> Helper loaded: string_helper
INFO - 2020-03-12 05:01:39 --> Database Driver Class Initialized
INFO - 2020-03-12 05:01:39 --> Email Class Initialized
DEBUG - 2020-03-12 05:01:39 --> Session: "sess_save_path" is empty; using "session.save_path" value from php.ini.
INFO - 2020-03-12 05:01:39 --> Session: Class initialized using 'files' driver.
INFO - 2020-03-12 05:01:39 --> Helper loaded: form_helper
INFO - 2020-03-12 05:01:39 --> Form Validation Class Initialized
INFO - 2020-03-12 05:01:39 --> Controller Class Initialized
INFO - 2020-03-12 05:01:39 --> Model "M_scholar" initialized
INFO - 2020-03-12 05:01:39 --> Model "M_school" initialized
INFO - 2020-03-12 05:01:39 --> File loaded: C:\xampp\htdocs\scholarship\admin\views\include/header.php
INFO - 2020-03-12 05:01:39 --> File loaded: C:\xampp\htdocs\scholarship\admin\views\include/menu.php
INFO - 2020-03-12 05:01:39 --> File loaded: C:\xampp\htdocs\scholarship\admin\views\include/footer.php
INFO - 2020-03-12 05:01:39 --> File loaded: C:\xampp\htdocs\scholarship\admin\views\include/msg.php
INFO - 2020-03-12 05:01:39 --> File loaded: C:\xampp\htdocs\scholarship\admin\views\scholar/application.php
INFO - 2020-03-12 05:01:39 --> Final output sent to browser
DEBUG - 2020-03-12 05:01:39 --> Total execution time: 0.1523
INFO - 2020-03-12 05:02:47 --> Config Class Initialized
INFO - 2020-03-12 05:02:47 --> Hooks Class Initialized
DEBUG - 2020-03-12 05:02:47 --> UTF-8 Support Enabled
INFO - 2020-03-12 05:02:47 --> Utf8 Class Initialized
INFO - 2020-03-12 05:02:47 --> URI Class Initialized
INFO - 2020-03-12 05:02:47 --> Router Class Initialized
INFO - 2020-03-12 05:02:47 --> Output Class Initialized
INFO - 2020-03-12 05:02:47 --> Security Class Initialized
DEBUG - 2020-03-12 05:02:47 --> Global POST, GET and COOKIE data sanitized
INFO - 2020-03-12 05:02:47 --> CSRF cookie sent
INFO - 2020-03-12 05:02:47 --> Input Class Initialized
INFO - 2020-03-12 05:02:47 --> Language Class Initialized
INFO - 2020-03-12 05:02:47 --> Loader Class Initialized
INFO - 2020-03-12 05:02:47 --> Helper loaded: url_helper
INFO - 2020-03-12 05:02:47 --> Helper loaded: file_helper
INFO - 2020-03-12 05:02:47 --> Helper loaded: text_helper
INFO - 2020-03-12 05:02:47 --> Helper loaded: string_helper
INFO - 2020-03-12 05:02:47 --> Database Driver Class Initialized
INFO - 2020-03-12 05:02:47 --> Email Class Initialized
DEBUG - 2020-03-12 05:02:47 --> Session: "sess_save_path" is empty; using "session.save_path" value from php.ini.
INFO - 2020-03-12 05:02:47 --> Session: Class initialized using 'files' driver.
INFO - 2020-03-12 05:02:47 --> Helper loaded: form_helper
INFO - 2020-03-12 05:02:47 --> Form Validation Class Initialized
INFO - 2020-03-12 05:02:47 --> Controller Class Initialized
INFO - 2020-03-12 05:02:47 --> Model "M_school" initialized
INFO - 2020-03-12 05:02:47 --> Model "M_industry" initialized
INFO - 2020-03-12 05:02:47 --> File loaded: C:\xampp\htdocs\scholarship\admin\views\include/header.php
INFO - 2020-03-12 05:02:47 --> File loaded: C:\xampp\htdocs\scholarship\admin\views\include/menu.php
INFO - 2020-03-12 05:02:47 --> File loaded: C:\xampp\htdocs\scholarship\admin\views\include/footer.php
INFO - 2020-03-12 05:02:47 --> File loaded: C:\xampp\htdocs\scholarship\admin\views\include/msg.php
INFO - 2020-03-12 05:02:47 --> File loaded: C:\xampp\htdocs\scholarship\admin\views\industry/list.php
INFO - 2020-03-12 05:02:47 --> Final output sent to browser
DEBUG - 2020-03-12 05:02:47 --> Total execution time: 0.2840
INFO - 2020-03-12 05:02:48 --> Config Class Initialized
INFO - 2020-03-12 05:02:48 --> Hooks Class Initialized
DEBUG - 2020-03-12 05:02:48 --> UTF-8 Support Enabled
INFO - 2020-03-12 05:02:48 --> Utf8 Class Initialized
INFO - 2020-03-12 05:02:48 --> URI Class Initialized
INFO - 2020-03-12 05:02:48 --> Router Class Initialized
INFO - 2020-03-12 05:02:48 --> Output Class Initialized
INFO - 2020-03-12 05:02:48 --> Security Class Initialized
DEBUG - 2020-03-12 05:02:48 --> Global POST, GET and COOKIE data sanitized
INFO - 2020-03-12 05:02:48 --> CSRF cookie sent
INFO - 2020-03-12 05:02:48 --> CSRF token verified
INFO - 2020-03-12 05:02:48 --> Input Class Initialized
INFO - 2020-03-12 05:02:48 --> Language Class Initialized
INFO - 2020-03-12 05:02:48 --> Loader Class Initialized
INFO - 2020-03-12 05:02:48 --> Helper loaded: url_helper
INFO - 2020-03-12 05:02:48 --> Helper loaded: file_helper
INFO - 2020-03-12 05:02:48 --> Helper loaded: text_helper
INFO - 2020-03-12 05:02:48 --> Helper loaded: string_helper
INFO - 2020-03-12 05:02:48 --> Database Driver Class Initialized
INFO - 2020-03-12 05:02:48 --> Email Class Initialized
DEBUG - 2020-03-12 05:02:48 --> Session: "sess_save_path" is empty; using "session.save_path" value from php.ini.
INFO - 2020-03-12 05:02:48 --> Session: Class initialized using 'files' driver.
INFO - 2020-03-12 05:02:48 --> Helper loaded: form_helper
INFO - 2020-03-12 05:02:48 --> Form Validation Class Initialized
INFO - 2020-03-12 05:02:48 --> Controller Class Initialized
INFO - 2020-03-12 05:02:48 --> Model "M_school" initialized
INFO - 2020-03-12 05:02:48 --> Model "M_industry" initialized
INFO - 2020-03-12 05:02:48 --> Final output sent to browser
DEBUG - 2020-03-12 05:02:48 --> Total execution time: 0.1715
INFO - 2020-03-12 05:02:51 --> Config Class Initialized
INFO - 2020-03-12 05:02:51 --> Hooks Class Initialized
DEBUG - 2020-03-12 05:02:51 --> UTF-8 Support Enabled
INFO - 2020-03-12 05:02:51 --> Utf8 Class Initialized
INFO - 2020-03-12 05:02:51 --> URI Class Initialized
INFO - 2020-03-12 05:02:51 --> Router Class Initialized
INFO - 2020-03-12 05:02:51 --> Output Class Initialized
INFO - 2020-03-12 05:02:51 --> Security Class Initialized
DEBUG - 2020-03-12 05:02:51 --> Global POST, GET and COOKIE data sanitized
INFO - 2020-03-12 05:02:51 --> CSRF cookie sent
INFO - 2020-03-12 05:02:51 --> Input Class Initialized
INFO - 2020-03-12 05:02:51 --> Language Class Initialized
INFO - 2020-03-12 05:02:51 --> Loader Class Initialized
INFO - 2020-03-12 05:02:51 --> Helper loaded: url_helper
INFO - 2020-03-12 05:02:51 --> Helper loaded: file_helper
INFO - 2020-03-12 05:02:51 --> Helper loaded: text_helper
INFO - 2020-03-12 05:02:51 --> Helper loaded: string_helper
INFO - 2020-03-12 05:02:51 --> Database Driver Class Initialized
INFO - 2020-03-12 05:02:51 --> Email Class Initialized
DEBUG - 2020-03-12 05:02:51 --> Session: "sess_save_path" is empty; using "session.save_path" value from php.ini.
INFO - 2020-03-12 05:02:51 --> Session: Class initialized using 'files' driver.
INFO - 2020-03-12 05:02:51 --> Helper loaded: form_helper
INFO - 2020-03-12 05:02:51 --> Form Validation Class Initialized
INFO - 2020-03-12 05:02:51 --> Controller Class Initialized
INFO - 2020-03-12 05:02:51 --> Model "M_school" initialized
INFO - 2020-03-12 05:02:51 --> Model "M_industry" initialized
DEBUG - 2020-03-12 05:02:51 --> Encryption: Auto-configured driver 'openssl'.
INFO - 2020-03-12 05:02:51 --> Encryption: OpenSSL initialized with method AES-128-CBC.
INFO - 2020-03-12 05:02:51 --> Encryption Class Initialized
INFO - 2020-03-12 05:02:51 --> File loaded: C:\xampp\htdocs\scholarship\admin\views\include/header.php
INFO - 2020-03-12 05:02:51 --> File loaded: C:\xampp\htdocs\scholarship\admin\views\include/menu.php
INFO - 2020-03-12 05:02:51 --> File loaded: C:\xampp\htdocs\scholarship\admin\views\include/footer.php
INFO - 2020-03-12 05:02:51 --> File loaded: C:\xampp\htdocs\scholarship\admin\views\include/msg.php
INFO - 2020-03-12 05:02:51 --> File loaded: C:\xampp\htdocs\scholarship\admin\views\industry/detail.php
INFO - 2020-03-12 05:02:51 --> Final output sent to browser
DEBUG - 2020-03-12 05:02:51 --> Total execution time: 0.1121
INFO - 2020-03-12 05:02:59 --> Config Class Initialized
INFO - 2020-03-12 05:02:59 --> Hooks Class Initialized
DEBUG - 2020-03-12 05:02:59 --> UTF-8 Support Enabled
INFO - 2020-03-12 05:02:59 --> Utf8 Class Initialized
INFO - 2020-03-12 05:02:59 --> URI Class Initialized
INFO - 2020-03-12 05:02:59 --> Router Class Initialized
INFO - 2020-03-12 05:02:59 --> Output Class Initialized
INFO - 2020-03-12 05:02:59 --> Security Class Initialized
DEBUG - 2020-03-12 05:02:59 --> Global POST, GET and COOKIE data sanitized
INFO - 2020-03-12 05:02:59 --> CSRF cookie sent
INFO - 2020-03-12 05:02:59 --> Input Class Initialized
INFO - 2020-03-12 05:02:59 --> Language Class Initialized
INFO - 2020-03-12 05:02:59 --> Loader Class Initialized
INFO - 2020-03-12 05:02:59 --> Helper loaded: url_helper
INFO - 2020-03-12 05:02:59 --> Helper loaded: file_helper
INFO - 2020-03-12 05:02:59 --> Helper loaded: text_helper
INFO - 2020-03-12 05:02:59 --> Helper loaded: string_helper
INFO - 2020-03-12 05:02:59 --> Database Driver Class Initialized
INFO - 2020-03-12 05:02:59 --> Email Class Initialized
DEBUG - 2020-03-12 05:02:59 --> Session: "sess_save_path" is empty; using "session.save_path" value from php.ini.
INFO - 2020-03-12 05:02:59 --> Session: Class initialized using 'files' driver.
INFO - 2020-03-12 05:02:59 --> Helper loaded: form_helper
INFO - 2020-03-12 05:02:59 --> Form Validation Class Initialized
INFO - 2020-03-12 05:02:59 --> Controller Class Initialized
INFO - 2020-03-12 05:02:59 --> Model "M_school" initialized
INFO - 2020-03-12 05:02:59 --> Model "M_industry" initialized
INFO - 2020-03-12 05:02:59 --> File loaded: C:\xampp\htdocs\scholarship\admin\views\include/header.php
INFO - 2020-03-12 05:02:59 --> File loaded: C:\xampp\htdocs\scholarship\admin\views\include/menu.php
INFO - 2020-03-12 05:02:59 --> File loaded: C:\xampp\htdocs\scholarship\admin\views\include/footer.php
INFO - 2020-03-12 05:02:59 --> File loaded: C:\xampp\htdocs\scholarship\admin\views\include/msg.php
INFO - 2020-03-12 05:02:59 --> File loaded: C:\xampp\htdocs\scholarship\admin\views\industry/list.php
INFO - 2020-03-12 05:02:59 --> Final output sent to browser
DEBUG - 2020-03-12 05:02:59 --> Total execution time: 0.1873
INFO - 2020-03-12 05:03:00 --> Config Class Initialized
INFO - 2020-03-12 05:03:00 --> Hooks Class Initialized
DEBUG - 2020-03-12 05:03:00 --> UTF-8 Support Enabled
INFO - 2020-03-12 05:03:00 --> Utf8 Class Initialized
INFO - 2020-03-12 05:03:00 --> URI Class Initialized
INFO - 2020-03-12 05:03:00 --> Router Class Initialized
INFO - 2020-03-12 05:03:00 --> Output Class Initialized
INFO - 2020-03-12 05:03:00 --> Security Class Initialized
DEBUG - 2020-03-12 05:03:00 --> Global POST, GET and COOKIE data sanitized
INFO - 2020-03-12 05:03:00 --> CSRF cookie sent
INFO - 2020-03-12 05:03:00 --> CSRF token verified
INFO - 2020-03-12 05:03:00 --> Input Class Initialized
INFO - 2020-03-12 05:03:00 --> Language Class Initialized
INFO - 2020-03-12 05:03:00 --> Loader Class Initialized
INFO - 2020-03-12 05:03:00 --> Helper loaded: url_helper
INFO - 2020-03-12 05:03:00 --> Helper loaded: file_helper
INFO - 2020-03-12 05:03:00 --> Helper loaded: text_helper
INFO - 2020-03-12 05:03:00 --> Helper loaded: string_helper
INFO - 2020-03-12 05:03:00 --> Database Driver Class Initialized
INFO - 2020-03-12 05:03:00 --> Email Class Initialized
DEBUG - 2020-03-12 05:03:00 --> Session: "sess_save_path" is empty; using "session.save_path" value from php.ini.
INFO - 2020-03-12 05:03:00 --> Session: Class initialized using 'files' driver.
INFO - 2020-03-12 05:03:00 --> Helper loaded: form_helper
INFO - 2020-03-12 05:03:00 --> Form Validation Class Initialized
INFO - 2020-03-12 05:03:00 --> Controller Class Initialized
INFO - 2020-03-12 05:03:00 --> Model "M_school" initialized
INFO - 2020-03-12 05:03:00 --> Model "M_industry" initialized
INFO - 2020-03-12 05:03:00 --> Final output sent to browser
DEBUG - 2020-03-12 05:03:00 --> Total execution time: 0.1684
INFO - 2020-03-12 05:03:02 --> Config Class Initialized
INFO - 2020-03-12 05:03:02 --> Hooks Class Initialized
DEBUG - 2020-03-12 05:03:02 --> UTF-8 Support Enabled
INFO - 2020-03-12 05:03:02 --> Utf8 Class Initialized
INFO - 2020-03-12 05:03:02 --> URI Class Initialized
INFO - 2020-03-12 05:03:02 --> Router Class Initialized
INFO - 2020-03-12 05:03:02 --> Output Class Initialized
INFO - 2020-03-12 05:03:02 --> Security Class Initialized
DEBUG - 2020-03-12 05:03:02 --> Global POST, GET and COOKIE data sanitized
INFO - 2020-03-12 05:03:02 --> CSRF cookie sent
INFO - 2020-03-12 05:03:02 --> Input Class Initialized
INFO - 2020-03-12 05:03:02 --> Language Class Initialized
INFO - 2020-03-12 05:03:02 --> Loader Class Initialized
INFO - 2020-03-12 05:03:02 --> Helper loaded: url_helper
INFO - 2020-03-12 05:03:02 --> Helper loaded: file_helper
INFO - 2020-03-12 05:03:02 --> Helper loaded: text_helper
INFO - 2020-03-12 05:03:02 --> Helper loaded: string_helper
INFO - 2020-03-12 05:03:02 --> Database Driver Class Initialized
INFO - 2020-03-12 05:03:02 --> Email Class Initialized
DEBUG - 2020-03-12 05:03:02 --> Session: "sess_save_path" is empty; using "session.save_path" value from php.ini.
INFO - 2020-03-12 05:03:02 --> Session: Class initialized using 'files' driver.
INFO - 2020-03-12 05:03:02 --> Helper loaded: form_helper
INFO - 2020-03-12 05:03:02 --> Form Validation Class Initialized
INFO - 2020-03-12 05:03:02 --> Controller Class Initialized
INFO - 2020-03-12 05:03:02 --> Model "M_school" initialized
INFO - 2020-03-12 05:03:02 --> Model "M_industry" initialized
DEBUG - 2020-03-12 05:03:02 --> Encryption: Auto-configured driver 'openssl'.
INFO - 2020-03-12 05:03:02 --> Encryption: OpenSSL initialized with method AES-128-CBC.
INFO - 2020-03-12 05:03:02 --> Encryption Class Initialized
INFO - 2020-03-12 05:03:02 --> File loaded: C:\xampp\htdocs\scholarship\admin\views\include/header.php
INFO - 2020-03-12 05:03:02 --> File loaded: C:\xampp\htdocs\scholarship\admin\views\include/menu.php
INFO - 2020-03-12 05:03:02 --> File loaded: C:\xampp\htdocs\scholarship\admin\views\include/footer.php
INFO - 2020-03-12 05:03:02 --> File loaded: C:\xampp\htdocs\scholarship\admin\views\include/msg.php
INFO - 2020-03-12 05:03:02 --> File loaded: C:\xampp\htdocs\scholarship\admin\views\industry/detail.php
INFO - 2020-03-12 05:03:02 --> Final output sent to browser
DEBUG - 2020-03-12 05:03:02 --> Total execution time: 0.1074
INFO - 2020-03-12 05:03:19 --> Config Class Initialized
INFO - 2020-03-12 05:03:19 --> Hooks Class Initialized
DEBUG - 2020-03-12 05:03:19 --> UTF-8 Support Enabled
INFO - 2020-03-12 05:03:19 --> Utf8 Class Initialized
INFO - 2020-03-12 05:03:19 --> URI Class Initialized
INFO - 2020-03-12 05:03:19 --> Router Class Initialized
INFO - 2020-03-12 05:03:19 --> Output Class Initialized
INFO - 2020-03-12 05:03:19 --> Security Class Initialized
DEBUG - 2020-03-12 05:03:19 --> Global POST, GET and COOKIE data sanitized
INFO - 2020-03-12 05:03:19 --> CSRF cookie sent
INFO - 2020-03-12 05:03:19 --> Input Class Initialized
INFO - 2020-03-12 05:03:19 --> Language Class Initialized
INFO - 2020-03-12 05:03:19 --> Loader Class Initialized
INFO - 2020-03-12 05:03:19 --> Helper loaded: url_helper
INFO - 2020-03-12 05:03:19 --> Helper loaded: file_helper
INFO - 2020-03-12 05:03:19 --> Helper loaded: text_helper
INFO - 2020-03-12 05:03:19 --> Helper loaded: string_helper
INFO - 2020-03-12 05:03:19 --> Database Driver Class Initialized
INFO - 2020-03-12 05:03:19 --> Email Class Initialized
DEBUG - 2020-03-12 05:03:19 --> Session: "sess_save_path" is empty; using "session.save_path" value from php.ini.
INFO - 2020-03-12 05:03:19 --> Session: Class initialized using 'files' driver.
INFO - 2020-03-12 05:03:19 --> Helper loaded: form_helper
INFO - 2020-03-12 05:03:19 --> Form Validation Class Initialized
INFO - 2020-03-12 05:03:19 --> Controller Class Initialized
INFO - 2020-03-12 05:03:19 --> Model "M_scholar" initialized
INFO - 2020-03-12 05:03:19 --> Model "M_school" initialized
INFO - 2020-03-12 05:03:19 --> File loaded: C:\xampp\htdocs\scholarship\admin\views\include/header.php
INFO - 2020-03-12 05:03:19 --> File loaded: C:\xampp\htdocs\scholarship\admin\views\include/menu.php
INFO - 2020-03-12 05:03:19 --> File loaded: C:\xampp\htdocs\scholarship\admin\views\include/footer.php
INFO - 2020-03-12 05:03:19 --> File loaded: C:\xampp\htdocs\scholarship\admin\views\include/msg.php
INFO - 2020-03-12 05:03:19 --> File loaded: C:\xampp\htdocs\scholarship\admin\views\scholar/application.php
INFO - 2020-03-12 05:03:19 --> Final output sent to browser
DEBUG - 2020-03-12 05:03:19 --> Total execution time: 0.1322
INFO - 2020-03-12 05:03:20 --> Config Class Initialized
INFO - 2020-03-12 05:03:20 --> Hooks Class Initialized
DEBUG - 2020-03-12 05:03:20 --> UTF-8 Support Enabled
INFO - 2020-03-12 05:03:20 --> Utf8 Class Initialized
INFO - 2020-03-12 05:03:20 --> URI Class Initialized
INFO - 2020-03-12 05:03:20 --> Router Class Initialized
INFO - 2020-03-12 05:03:20 --> Output Class Initialized
INFO - 2020-03-12 05:03:20 --> Security Class Initialized
DEBUG - 2020-03-12 05:03:20 --> Global POST, GET and COOKIE data sanitized
INFO - 2020-03-12 05:03:20 --> CSRF cookie sent
INFO - 2020-03-12 05:03:20 --> Input Class Initialized
INFO - 2020-03-12 05:03:20 --> Language Class Initialized
INFO - 2020-03-12 05:03:20 --> Loader Class Initialized
INFO - 2020-03-12 05:03:20 --> Helper loaded: url_helper
INFO - 2020-03-12 05:03:20 --> Helper loaded: file_helper
INFO - 2020-03-12 05:03:20 --> Helper loaded: text_helper
INFO - 2020-03-12 05:03:20 --> Helper loaded: string_helper
INFO - 2020-03-12 05:03:20 --> Database Driver Class Initialized
INFO - 2020-03-12 05:03:20 --> Email Class Initialized
DEBUG - 2020-03-12 05:03:20 --> Session: "sess_save_path" is empty; using "session.save_path" value from php.ini.
INFO - 2020-03-12 05:03:20 --> Session: Class initialized using 'files' driver.
INFO - 2020-03-12 05:03:20 --> Helper loaded: form_helper
INFO - 2020-03-12 05:03:20 --> Form Validation Class Initialized
INFO - 2020-03-12 05:03:20 --> Controller Class Initialized
INFO - 2020-03-12 05:03:20 --> Model "M_scholar" initialized
INFO - 2020-03-12 05:03:20 --> Model "M_school" initialized
INFO - 2020-03-12 05:03:20 --> File loaded: C:\xampp\htdocs\scholarship\admin\views\include/header.php
INFO - 2020-03-12 05:03:20 --> File loaded: C:\xampp\htdocs\scholarship\admin\views\include/menu.php
INFO - 2020-03-12 05:03:20 --> File loaded: C:\xampp\htdocs\scholarship\admin\views\include/footer.php
INFO - 2020-03-12 05:03:20 --> File loaded: C:\xampp\htdocs\scholarship\admin\views\include/msg.php
INFO - 2020-03-12 05:03:20 --> File loaded: C:\xampp\htdocs\scholarship\admin\views\scholar/application.php
INFO - 2020-03-12 05:03:20 --> Final output sent to browser
DEBUG - 2020-03-12 05:03:20 --> Total execution time: 0.1401
INFO - 2020-03-12 05:03:20 --> Config Class Initialized
INFO - 2020-03-12 05:03:20 --> Hooks Class Initialized
DEBUG - 2020-03-12 05:03:20 --> UTF-8 Support Enabled
INFO - 2020-03-12 05:03:20 --> Utf8 Class Initialized
INFO - 2020-03-12 05:03:20 --> URI Class Initialized
INFO - 2020-03-12 05:03:20 --> Router Class Initialized
INFO - 2020-03-12 05:03:20 --> Output Class Initialized
INFO - 2020-03-12 05:03:20 --> Security Class Initialized
DEBUG - 2020-03-12 05:03:20 --> Global POST, GET and COOKIE data sanitized
INFO - 2020-03-12 05:03:20 --> CSRF cookie sent
INFO - 2020-03-12 05:03:20 --> Input Class Initialized
INFO - 2020-03-12 05:03:20 --> Language Class Initialized
INFO - 2020-03-12 05:03:20 --> Loader Class Initialized
INFO - 2020-03-12 05:03:20 --> Helper loaded: url_helper
INFO - 2020-03-12 05:03:20 --> Helper loaded: file_helper
INFO - 2020-03-12 05:03:20 --> Helper loaded: text_helper
INFO - 2020-03-12 05:03:20 --> Helper loaded: string_helper
INFO - 2020-03-12 05:03:20 --> Database Driver Class Initialized
INFO - 2020-03-12 05:03:20 --> Email Class Initialized
DEBUG - 2020-03-12 05:03:20 --> Session: "sess_save_path" is empty; using "session.save_path" value from php.ini.
INFO - 2020-03-12 05:03:20 --> Session: Class initialized using 'files' driver.
INFO - 2020-03-12 05:03:20 --> Helper loaded: form_helper
INFO - 2020-03-12 05:03:20 --> Form Validation Class Initialized
INFO - 2020-03-12 05:03:20 --> Controller Class Initialized
INFO - 2020-03-12 05:03:20 --> Model "M_scholar" initialized
INFO - 2020-03-12 05:03:20 --> Model "M_school" initialized
INFO - 2020-03-12 05:03:20 --> File loaded: C:\xampp\htdocs\scholarship\admin\views\include/header.php
INFO - 2020-03-12 05:03:20 --> File loaded: C:\xampp\htdocs\scholarship\admin\views\include/menu.php
INFO - 2020-03-12 05:03:20 --> File loaded: C:\xampp\htdocs\scholarship\admin\views\include/footer.php
INFO - 2020-03-12 05:03:20 --> File loaded: C:\xampp\htdocs\scholarship\admin\views\include/msg.php
INFO - 2020-03-12 05:03:20 --> File loaded: C:\xampp\htdocs\scholarship\admin\views\scholar/application.php
INFO - 2020-03-12 05:03:20 --> Final output sent to browser
DEBUG - 2020-03-12 05:03:20 --> Total execution time: 0.1614
INFO - 2020-03-12 05:05:56 --> Config Class Initialized
INFO - 2020-03-12 05:05:56 --> Hooks Class Initialized
DEBUG - 2020-03-12 05:05:56 --> UTF-8 Support Enabled
INFO - 2020-03-12 05:05:56 --> Utf8 Class Initialized
INFO - 2020-03-12 05:05:56 --> URI Class Initialized
INFO - 2020-03-12 05:05:56 --> Router Class Initialized
INFO - 2020-03-12 05:05:56 --> Output Class Initialized
INFO - 2020-03-12 05:05:56 --> Security Class Initialized
DEBUG - 2020-03-12 05:05:56 --> Global POST, GET and COOKIE data sanitized
INFO - 2020-03-12 05:05:56 --> CSRF cookie sent
INFO - 2020-03-12 05:05:56 --> Input Class Initialized
INFO - 2020-03-12 05:05:56 --> Language Class Initialized
INFO - 2020-03-12 05:05:56 --> Loader Class Initialized
INFO - 2020-03-12 05:05:56 --> Helper loaded: url_helper
INFO - 2020-03-12 05:05:56 --> Helper loaded: file_helper
INFO - 2020-03-12 05:05:56 --> Helper loaded: text_helper
INFO - 2020-03-12 05:05:56 --> Helper loaded: string_helper
INFO - 2020-03-12 05:05:56 --> Database Driver Class Initialized
INFO - 2020-03-12 05:05:56 --> Email Class Initialized
DEBUG - 2020-03-12 05:05:56 --> Session: "sess_save_path" is empty; using "session.save_path" value from php.ini.
INFO - 2020-03-12 05:05:56 --> Session: Class initialized using 'files' driver.
INFO - 2020-03-12 05:05:56 --> Helper loaded: form_helper
INFO - 2020-03-12 05:05:56 --> Form Validation Class Initialized
INFO - 2020-03-12 05:05:56 --> Controller Class Initialized
INFO - 2020-03-12 05:05:56 --> Model "M_school" initialized
INFO - 2020-03-12 05:05:56 --> Model "M_industry" initialized
INFO - 2020-03-12 05:05:56 --> File loaded: C:\xampp\htdocs\scholarship\admin\views\include/header.php
INFO - 2020-03-12 05:05:56 --> File loaded: C:\xampp\htdocs\scholarship\admin\views\include/menu.php
INFO - 2020-03-12 05:05:56 --> File loaded: C:\xampp\htdocs\scholarship\admin\views\include/footer.php
INFO - 2020-03-12 05:05:56 --> File loaded: C:\xampp\htdocs\scholarship\admin\views\include/msg.php
INFO - 2020-03-12 05:05:56 --> File loaded: C:\xampp\htdocs\scholarship\admin\views\industry/list.php
INFO - 2020-03-12 05:05:56 --> Final output sent to browser
DEBUG - 2020-03-12 05:05:56 --> Total execution time: 0.1512
INFO - 2020-03-12 05:05:57 --> Config Class Initialized
INFO - 2020-03-12 05:05:57 --> Hooks Class Initialized
DEBUG - 2020-03-12 05:05:57 --> UTF-8 Support Enabled
INFO - 2020-03-12 05:05:57 --> Utf8 Class Initialized
INFO - 2020-03-12 05:05:57 --> URI Class Initialized
INFO - 2020-03-12 05:05:57 --> Router Class Initialized
INFO - 2020-03-12 05:05:57 --> Output Class Initialized
INFO - 2020-03-12 05:05:57 --> Security Class Initialized
DEBUG - 2020-03-12 05:05:57 --> Global POST, GET and COOKIE data sanitized
INFO - 2020-03-12 05:05:57 --> CSRF cookie sent
INFO - 2020-03-12 05:05:57 --> CSRF token verified
INFO - 2020-03-12 05:05:57 --> Input Class Initialized
INFO - 2020-03-12 05:05:57 --> Language Class Initialized
INFO - 2020-03-12 05:05:57 --> Loader Class Initialized
INFO - 2020-03-12 05:05:57 --> Helper loaded: url_helper
INFO - 2020-03-12 05:05:57 --> Helper loaded: file_helper
INFO - 2020-03-12 05:05:57 --> Helper loaded: text_helper
INFO - 2020-03-12 05:05:57 --> Helper loaded: string_helper
INFO - 2020-03-12 05:05:57 --> Database Driver Class Initialized
INFO - 2020-03-12 05:05:57 --> Email Class Initialized
DEBUG - 2020-03-12 05:05:57 --> Session: "sess_save_path" is empty; using "session.save_path" value from php.ini.
INFO - 2020-03-12 05:05:57 --> Session: Class initialized using 'files' driver.
INFO - 2020-03-12 05:05:57 --> Helper loaded: form_helper
INFO - 2020-03-12 05:05:57 --> Form Validation Class Initialized
INFO - 2020-03-12 05:05:57 --> Controller Class Initialized
INFO - 2020-03-12 05:05:57 --> Model "M_school" initialized
INFO - 2020-03-12 05:05:57 --> Model "M_industry" initialized
INFO - 2020-03-12 05:05:57 --> Final output sent to browser
DEBUG - 2020-03-12 05:05:57 --> Total execution time: 0.1592
INFO - 2020-03-12 07:52:59 --> Config Class Initialized
INFO - 2020-03-12 07:52:59 --> Hooks Class Initialized
DEBUG - 2020-03-12 07:52:59 --> UTF-8 Support Enabled
INFO - 2020-03-12 07:52:59 --> Utf8 Class Initialized
INFO - 2020-03-12 07:52:59 --> URI Class Initialized
INFO - 2020-03-12 07:52:59 --> Router Class Initialized
INFO - 2020-03-12 07:52:59 --> Output Class Initialized
INFO - 2020-03-12 07:52:59 --> Security Class Initialized
DEBUG - 2020-03-12 07:52:59 --> Global POST, GET and COOKIE data sanitized
INFO - 2020-03-12 07:52:59 --> CSRF cookie sent
INFO - 2020-03-12 07:52:59 --> Input Class Initialized
INFO - 2020-03-12 07:52:59 --> Language Class Initialized
INFO - 2020-03-12 07:52:59 --> Loader Class Initialized
INFO - 2020-03-12 07:52:59 --> Helper loaded: url_helper
INFO - 2020-03-12 07:52:59 --> Helper loaded: file_helper
INFO - 2020-03-12 07:52:59 --> Helper loaded: text_helper
INFO - 2020-03-12 07:52:59 --> Helper loaded: string_helper
INFO - 2020-03-12 07:52:59 --> Database Driver Class Initialized
INFO - 2020-03-12 07:52:59 --> Email Class Initialized
DEBUG - 2020-03-12 07:52:59 --> Session: "sess_save_path" is empty; using "session.save_path" value from php.ini.
INFO - 2020-03-12 07:52:59 --> Session: Class initialized using 'files' driver.
INFO - 2020-03-12 07:52:59 --> Helper loaded: form_helper
INFO - 2020-03-12 07:52:59 --> Form Validation Class Initialized
INFO - 2020-03-12 07:52:59 --> Controller Class Initialized
INFO - 2020-03-12 07:52:59 --> Model "M_auth" initialized
INFO - 2020-03-12 07:52:59 --> Config Class Initialized
INFO - 2020-03-12 07:52:59 --> Hooks Class Initialized
DEBUG - 2020-03-12 07:52:59 --> UTF-8 Support Enabled
INFO - 2020-03-12 07:52:59 --> Utf8 Class Initialized
INFO - 2020-03-12 07:52:59 --> URI Class Initialized
DEBUG - 2020-03-12 07:52:59 --> No URI present. Default controller set.
INFO - 2020-03-12 07:52:59 --> Router Class Initialized
INFO - 2020-03-12 07:52:59 --> Output Class Initialized
INFO - 2020-03-12 07:52:59 --> Security Class Initialized
DEBUG - 2020-03-12 07:52:59 --> Global POST, GET and COOKIE data sanitized
INFO - 2020-03-12 07:52:59 --> CSRF cookie sent
INFO - 2020-03-12 07:52:59 --> Input Class Initialized
INFO - 2020-03-12 07:52:59 --> Language Class Initialized
INFO - 2020-03-12 07:52:59 --> Loader Class Initialized
INFO - 2020-03-12 07:52:59 --> Helper loaded: url_helper
INFO - 2020-03-12 07:52:59 --> Helper loaded: file_helper
INFO - 2020-03-12 07:52:59 --> Helper loaded: text_helper
INFO - 2020-03-12 07:52:59 --> Helper loaded: string_helper
INFO - 2020-03-12 07:52:59 --> Database Driver Class Initialized
INFO - 2020-03-12 07:52:59 --> Email Class Initialized
DEBUG - 2020-03-12 07:52:59 --> Session: "sess_save_path" is empty; using "session.save_path" value from php.ini.
INFO - 2020-03-12 07:52:59 --> Session: Class initialized using 'files' driver.
INFO - 2020-03-12 07:52:59 --> Helper loaded: form_helper
INFO - 2020-03-12 07:52:59 --> Form Validation Class Initialized
INFO - 2020-03-12 07:52:59 --> Controller Class Initialized
INFO - 2020-03-12 07:52:59 --> Model "M_auth" initialized
INFO - 2020-03-12 07:52:59 --> File loaded: C:\xampp\htdocs\scholarship\admin\views\include/header.php
INFO - 2020-03-12 07:52:59 --> File loaded: C:\xampp\htdocs\scholarship\admin\views\include/footer.php
INFO - 2020-03-12 07:52:59 --> File loaded: C:\xampp\htdocs\scholarship\admin\views\include/msg.php
INFO - 2020-03-12 07:52:59 --> File loaded: C:\xampp\htdocs\scholarship\admin\views\auth/login.php
INFO - 2020-03-12 07:52:59 --> Final output sent to browser
DEBUG - 2020-03-12 07:52:59 --> Total execution time: 0.0907
