INFO - 2020-03-18 05:16:51 --> Config Class Initialized
INFO - 2020-03-18 05:16:51 --> Hooks Class Initialized
DEBUG - 2020-03-18 05:16:51 --> UTF-8 Support Enabled
INFO - 2020-03-18 05:16:51 --> Utf8 Class Initialized
INFO - 2020-03-18 05:16:51 --> URI Class Initialized
DEBUG - 2020-03-18 05:16:51 --> No URI present. Default controller set.
INFO - 2020-03-18 05:16:51 --> Router Class Initialized
INFO - 2020-03-18 05:16:51 --> Output Class Initialized
INFO - 2020-03-18 05:16:51 --> Security Class Initialized
DEBUG - 2020-03-18 05:16:51 --> Global POST, GET and COOKIE data sanitized
INFO - 2020-03-18 05:16:51 --> CSRF cookie sent
INFO - 2020-03-18 05:16:51 --> Input Class Initialized
INFO - 2020-03-18 05:16:51 --> Language Class Initialized
INFO - 2020-03-18 05:16:51 --> Loader Class Initialized
INFO - 2020-03-18 05:16:51 --> Helper loaded: url_helper
INFO - 2020-03-18 05:16:51 --> Helper loaded: file_helper
INFO - 2020-03-18 05:16:51 --> Helper loaded: text_helper
INFO - 2020-03-18 05:16:51 --> Helper loaded: string_helper
INFO - 2020-03-18 05:16:51 --> Database Driver Class Initialized
INFO - 2020-03-18 05:16:51 --> Email Class Initialized
DEBUG - 2020-03-18 05:16:51 --> Session: "sess_save_path" is empty; using "session.save_path" value from php.ini.
INFO - 2020-03-18 05:16:51 --> Session: Class initialized using 'files' driver.
INFO - 2020-03-18 05:16:51 --> Helper loaded: form_helper
INFO - 2020-03-18 05:16:51 --> Form Validation Class Initialized
INFO - 2020-03-18 05:16:51 --> Controller Class Initialized
INFO - 2020-03-18 05:16:51 --> Model "M_auth" initialized
DEBUG - 2020-03-18 05:16:51 --> Sc_check class already loaded. Second attempt ignored.
INFO - 2020-03-18 05:16:51 --> Helper loaded: captcha_helper
INFO - 2020-03-18 05:16:51 --> File loaded: C:\xampp\htdocs\scholarship\admin\views\include/header.php
INFO - 2020-03-18 05:16:51 --> File loaded: C:\xampp\htdocs\scholarship\admin\views\include/footer.php
INFO - 2020-03-18 05:16:51 --> File loaded: C:\xampp\htdocs\scholarship\admin\views\include/msg.php
INFO - 2020-03-18 05:16:51 --> File loaded: C:\xampp\htdocs\scholarship\admin\views\auth/login.php
INFO - 2020-03-18 05:16:51 --> Final output sent to browser
DEBUG - 2020-03-18 05:16:51 --> Total execution time: 0.4137
INFO - 2020-03-18 05:17:07 --> Config Class Initialized
INFO - 2020-03-18 05:17:07 --> Hooks Class Initialized
DEBUG - 2020-03-18 05:17:07 --> UTF-8 Support Enabled
INFO - 2020-03-18 05:17:07 --> Utf8 Class Initialized
INFO - 2020-03-18 05:17:07 --> URI Class Initialized
INFO - 2020-03-18 05:17:07 --> Router Class Initialized
INFO - 2020-03-18 05:17:07 --> Output Class Initialized
INFO - 2020-03-18 05:17:07 --> Security Class Initialized
DEBUG - 2020-03-18 05:17:07 --> Global POST, GET and COOKIE data sanitized
INFO - 2020-03-18 05:17:07 --> CSRF cookie sent
INFO - 2020-03-18 05:17:07 --> CSRF token verified
INFO - 2020-03-18 05:17:07 --> Input Class Initialized
INFO - 2020-03-18 05:17:07 --> Language Class Initialized
INFO - 2020-03-18 05:17:07 --> Loader Class Initialized
INFO - 2020-03-18 05:17:07 --> Helper loaded: url_helper
INFO - 2020-03-18 05:17:07 --> Helper loaded: file_helper
INFO - 2020-03-18 05:17:07 --> Helper loaded: text_helper
INFO - 2020-03-18 05:17:07 --> Helper loaded: string_helper
INFO - 2020-03-18 05:17:07 --> Database Driver Class Initialized
INFO - 2020-03-18 05:17:07 --> Email Class Initialized
DEBUG - 2020-03-18 05:17:07 --> Session: "sess_save_path" is empty; using "session.save_path" value from php.ini.
INFO - 2020-03-18 05:17:07 --> Session: Class initialized using 'files' driver.
INFO - 2020-03-18 05:17:07 --> Helper loaded: form_helper
INFO - 2020-03-18 05:17:07 --> Form Validation Class Initialized
INFO - 2020-03-18 05:17:07 --> Controller Class Initialized
INFO - 2020-03-18 05:17:07 --> Model "M_auth" initialized
DEBUG - 2020-03-18 05:17:07 --> Sc_check class already loaded. Second attempt ignored.
INFO - 2020-03-18 05:17:07 --> Helper loaded: captcha_helper
DEBUG - 2020-03-18 05:17:07 --> Form_validation class already loaded. Second attempt ignored.
INFO - 2020-03-18 05:17:07 --> Language file loaded: language/english/form_validation_lang.php
INFO - 2020-03-18 05:17:07 --> ---------------------Success -- Admin Logged in with prathwi@5ine.in and IP aaddress ::1 --------------
INFO - 2020-03-18 05:17:07 --> Config Class Initialized
INFO - 2020-03-18 05:17:07 --> Hooks Class Initialized
DEBUG - 2020-03-18 05:17:07 --> UTF-8 Support Enabled
INFO - 2020-03-18 05:17:07 --> Utf8 Class Initialized
INFO - 2020-03-18 05:17:07 --> URI Class Initialized
INFO - 2020-03-18 05:17:07 --> Router Class Initialized
INFO - 2020-03-18 05:17:07 --> Output Class Initialized
INFO - 2020-03-18 05:17:07 --> Security Class Initialized
DEBUG - 2020-03-18 05:17:07 --> Global POST, GET and COOKIE data sanitized
INFO - 2020-03-18 05:17:07 --> CSRF cookie sent
INFO - 2020-03-18 05:17:07 --> Input Class Initialized
INFO - 2020-03-18 05:17:07 --> Language Class Initialized
INFO - 2020-03-18 05:17:07 --> Loader Class Initialized
INFO - 2020-03-18 05:17:07 --> Helper loaded: url_helper
INFO - 2020-03-18 05:17:07 --> Helper loaded: file_helper
INFO - 2020-03-18 05:17:07 --> Helper loaded: text_helper
INFO - 2020-03-18 05:17:07 --> Helper loaded: string_helper
INFO - 2020-03-18 05:17:07 --> Database Driver Class Initialized
INFO - 2020-03-18 05:17:07 --> Email Class Initialized
DEBUG - 2020-03-18 05:17:07 --> Session: "sess_save_path" is empty; using "session.save_path" value from php.ini.
INFO - 2020-03-18 05:17:07 --> Session: Class initialized using 'files' driver.
INFO - 2020-03-18 05:17:07 --> Helper loaded: form_helper
INFO - 2020-03-18 05:17:07 --> Form Validation Class Initialized
INFO - 2020-03-18 05:17:07 --> Controller Class Initialized
INFO - 2020-03-18 05:17:07 --> Model "M_dashboard" initialized
DEBUG - 2020-03-18 05:17:07 --> Sc_check class already loaded. Second attempt ignored.
INFO - 2020-03-18 05:17:07 --> File loaded: C:\xampp\htdocs\scholarship\admin\views\include/header.php
INFO - 2020-03-18 05:17:08 --> File loaded: C:\xampp\htdocs\scholarship\admin\views\include/menu.php
INFO - 2020-03-18 05:17:08 --> File loaded: C:\xampp\htdocs\scholarship\admin\views\include/footer.php
INFO - 2020-03-18 05:17:08 --> File loaded: C:\xampp\htdocs\scholarship\admin\views\include/msg.php
INFO - 2020-03-18 05:17:08 --> File loaded: C:\xampp\htdocs\scholarship\admin\views\dashboard/index.php
INFO - 2020-03-18 05:17:08 --> Final output sent to browser
DEBUG - 2020-03-18 05:17:08 --> Total execution time: 0.4123
INFO - 2020-03-18 05:17:08 --> Config Class Initialized
INFO - 2020-03-18 05:17:08 --> Hooks Class Initialized
DEBUG - 2020-03-18 05:17:08 --> UTF-8 Support Enabled
INFO - 2020-03-18 05:17:08 --> Utf8 Class Initialized
INFO - 2020-03-18 05:17:08 --> URI Class Initialized
INFO - 2020-03-18 05:17:08 --> Router Class Initialized
INFO - 2020-03-18 05:17:08 --> Output Class Initialized
INFO - 2020-03-18 05:17:08 --> Security Class Initialized
DEBUG - 2020-03-18 05:17:08 --> Global POST, GET and COOKIE data sanitized
INFO - 2020-03-18 05:17:08 --> CSRF cookie sent
INFO - 2020-03-18 05:17:08 --> Input Class Initialized
INFO - 2020-03-18 05:17:08 --> Language Class Initialized
INFO - 2020-03-18 05:17:08 --> Loader Class Initialized
INFO - 2020-03-18 05:17:08 --> Helper loaded: url_helper
INFO - 2020-03-18 05:17:08 --> Helper loaded: file_helper
INFO - 2020-03-18 05:17:08 --> Helper loaded: text_helper
INFO - 2020-03-18 05:17:08 --> Helper loaded: string_helper
INFO - 2020-03-18 05:17:08 --> Database Driver Class Initialized
INFO - 2020-03-18 05:17:08 --> Email Class Initialized
DEBUG - 2020-03-18 05:17:08 --> Session: "sess_save_path" is empty; using "session.save_path" value from php.ini.
INFO - 2020-03-18 05:17:08 --> Session: Class initialized using 'files' driver.
INFO - 2020-03-18 05:17:08 --> Helper loaded: form_helper
INFO - 2020-03-18 05:17:08 --> Form Validation Class Initialized
INFO - 2020-03-18 05:17:08 --> Controller Class Initialized
INFO - 2020-03-18 05:17:08 --> Model "M_dashboard" initialized
DEBUG - 2020-03-18 05:17:08 --> Sc_check class already loaded. Second attempt ignored.
INFO - 2020-03-18 05:17:08 --> Final output sent to browser
DEBUG - 2020-03-18 05:17:08 --> Total execution time: 0.0914
INFO - 2020-03-18 05:23:24 --> Config Class Initialized
INFO - 2020-03-18 05:23:24 --> Hooks Class Initialized
DEBUG - 2020-03-18 05:23:24 --> UTF-8 Support Enabled
INFO - 2020-03-18 05:23:24 --> Utf8 Class Initialized
INFO - 2020-03-18 05:23:24 --> URI Class Initialized
INFO - 2020-03-18 05:23:24 --> Router Class Initialized
INFO - 2020-03-18 05:23:24 --> Output Class Initialized
INFO - 2020-03-18 05:23:24 --> Security Class Initialized
DEBUG - 2020-03-18 05:23:24 --> Global POST, GET and COOKIE data sanitized
INFO - 2020-03-18 05:23:24 --> CSRF cookie sent
INFO - 2020-03-18 05:23:24 --> Input Class Initialized
INFO - 2020-03-18 05:23:24 --> Language Class Initialized
INFO - 2020-03-18 05:23:24 --> Loader Class Initialized
INFO - 2020-03-18 05:23:24 --> Helper loaded: url_helper
INFO - 2020-03-18 05:23:24 --> Helper loaded: file_helper
INFO - 2020-03-18 05:23:24 --> Helper loaded: text_helper
INFO - 2020-03-18 05:23:24 --> Helper loaded: string_helper
INFO - 2020-03-18 05:23:24 --> Database Driver Class Initialized
INFO - 2020-03-18 05:23:24 --> Email Class Initialized
DEBUG - 2020-03-18 05:23:24 --> Session: "sess_save_path" is empty; using "session.save_path" value from php.ini.
INFO - 2020-03-18 05:23:24 --> Session: Class initialized using 'files' driver.
INFO - 2020-03-18 05:23:24 --> Helper loaded: form_helper
INFO - 2020-03-18 05:23:24 --> Form Validation Class Initialized
INFO - 2020-03-18 05:23:24 --> Controller Class Initialized
INFO - 2020-03-18 05:23:24 --> Model "M_fees" initialized
DEBUG - 2020-03-18 05:23:25 --> Encryption: Auto-configured driver 'openssl'.
INFO - 2020-03-18 05:23:25 --> Encryption: OpenSSL initialized with method AES-128-CBC.
INFO - 2020-03-18 05:23:25 --> Encryption Class Initialized
INFO - 2020-03-18 05:23:25 --> File loaded: C:\xampp\htdocs\scholarship\admin\views\include/header.php
INFO - 2020-03-18 05:23:25 --> File loaded: C:\xampp\htdocs\scholarship\admin\views\include/menu.php
INFO - 2020-03-18 05:23:25 --> File loaded: C:\xampp\htdocs\scholarship\admin\views\include/footer.php
INFO - 2020-03-18 05:23:25 --> File loaded: C:\xampp\htdocs\scholarship\admin\views\include/msg.php
INFO - 2020-03-18 05:23:25 --> File loaded: C:\xampp\htdocs\scholarship\admin\views\fees/list.php
INFO - 2020-03-18 05:23:25 --> Final output sent to browser
DEBUG - 2020-03-18 05:23:25 --> Total execution time: 0.2852
INFO - 2020-03-18 05:23:27 --> Config Class Initialized
INFO - 2020-03-18 05:23:27 --> Hooks Class Initialized
DEBUG - 2020-03-18 05:23:27 --> UTF-8 Support Enabled
INFO - 2020-03-18 05:23:27 --> Utf8 Class Initialized
INFO - 2020-03-18 05:23:27 --> URI Class Initialized
INFO - 2020-03-18 05:23:27 --> Router Class Initialized
INFO - 2020-03-18 05:23:27 --> Output Class Initialized
INFO - 2020-03-18 05:23:27 --> Security Class Initialized
DEBUG - 2020-03-18 05:23:27 --> Global POST, GET and COOKIE data sanitized
INFO - 2020-03-18 05:23:27 --> CSRF cookie sent
INFO - 2020-03-18 05:23:27 --> Input Class Initialized
INFO - 2020-03-18 05:23:27 --> Language Class Initialized
INFO - 2020-03-18 05:23:27 --> Loader Class Initialized
INFO - 2020-03-18 05:23:27 --> Helper loaded: url_helper
INFO - 2020-03-18 05:23:27 --> Helper loaded: file_helper
INFO - 2020-03-18 05:23:27 --> Helper loaded: text_helper
INFO - 2020-03-18 05:23:27 --> Helper loaded: string_helper
INFO - 2020-03-18 05:23:27 --> Database Driver Class Initialized
INFO - 2020-03-18 05:23:27 --> Email Class Initialized
DEBUG - 2020-03-18 05:23:27 --> Session: "sess_save_path" is empty; using "session.save_path" value from php.ini.
INFO - 2020-03-18 05:23:27 --> Session: Class initialized using 'files' driver.
INFO - 2020-03-18 05:23:27 --> Helper loaded: form_helper
INFO - 2020-03-18 05:23:27 --> Form Validation Class Initialized
INFO - 2020-03-18 05:23:27 --> Controller Class Initialized
INFO - 2020-03-18 05:23:27 --> Model "M_school" initialized
DEBUG - 2020-03-18 05:23:27 --> Email class already loaded. Second attempt ignored.
INFO - 2020-03-18 05:23:27 --> Upload Class Initialized
INFO - 2020-03-18 05:23:27 --> Upload Class Initialized
INFO - 2020-03-18 05:23:28 --> File loaded: C:\xampp\htdocs\scholarship\admin\views\include/header.php
INFO - 2020-03-18 05:23:28 --> File loaded: C:\xampp\htdocs\scholarship\admin\views\include/menu.php
INFO - 2020-03-18 05:23:28 --> File loaded: C:\xampp\htdocs\scholarship\admin\views\include/footer.php
INFO - 2020-03-18 05:23:28 --> File loaded: C:\xampp\htdocs\scholarship\admin\views\include/msg.php
INFO - 2020-03-18 05:23:28 --> File loaded: C:\xampp\htdocs\scholarship\admin\views\school/all.php
INFO - 2020-03-18 05:23:28 --> Final output sent to browser
DEBUG - 2020-03-18 05:23:28 --> Total execution time: 1.0369
INFO - 2020-03-18 05:23:29 --> Config Class Initialized
INFO - 2020-03-18 05:23:29 --> Hooks Class Initialized
DEBUG - 2020-03-18 05:23:29 --> UTF-8 Support Enabled
INFO - 2020-03-18 05:23:29 --> Utf8 Class Initialized
INFO - 2020-03-18 05:23:29 --> URI Class Initialized
INFO - 2020-03-18 05:23:29 --> Router Class Initialized
INFO - 2020-03-18 05:23:29 --> Output Class Initialized
INFO - 2020-03-18 05:23:29 --> Security Class Initialized
DEBUG - 2020-03-18 05:23:29 --> Global POST, GET and COOKIE data sanitized
INFO - 2020-03-18 05:23:29 --> CSRF cookie sent
INFO - 2020-03-18 05:23:29 --> CSRF token verified
INFO - 2020-03-18 05:23:29 --> Input Class Initialized
INFO - 2020-03-18 05:23:29 --> Language Class Initialized
INFO - 2020-03-18 05:23:29 --> Loader Class Initialized
INFO - 2020-03-18 05:23:29 --> Helper loaded: url_helper
INFO - 2020-03-18 05:23:29 --> Helper loaded: file_helper
INFO - 2020-03-18 05:23:29 --> Helper loaded: text_helper
INFO - 2020-03-18 05:23:29 --> Helper loaded: string_helper
INFO - 2020-03-18 05:23:29 --> Database Driver Class Initialized
INFO - 2020-03-18 05:23:29 --> Email Class Initialized
DEBUG - 2020-03-18 05:23:29 --> Session: "sess_save_path" is empty; using "session.save_path" value from php.ini.
INFO - 2020-03-18 05:23:29 --> Session: Class initialized using 'files' driver.
INFO - 2020-03-18 05:23:29 --> Helper loaded: form_helper
INFO - 2020-03-18 05:23:29 --> Form Validation Class Initialized
INFO - 2020-03-18 05:23:29 --> Controller Class Initialized
INFO - 2020-03-18 05:23:29 --> Model "M_school" initialized
DEBUG - 2020-03-18 05:23:29 --> Email class already loaded. Second attempt ignored.
INFO - 2020-03-18 05:23:29 --> Upload Class Initialized
INFO - 2020-03-18 05:23:29 --> Upload Class Initialized
INFO - 2020-03-18 05:23:29 --> Final output sent to browser
DEBUG - 2020-03-18 05:23:29 --> Total execution time: 0.2780
INFO - 2020-03-18 05:27:04 --> Config Class Initialized
INFO - 2020-03-18 05:27:04 --> Hooks Class Initialized
DEBUG - 2020-03-18 05:27:04 --> UTF-8 Support Enabled
INFO - 2020-03-18 05:27:04 --> Utf8 Class Initialized
INFO - 2020-03-18 05:27:04 --> URI Class Initialized
INFO - 2020-03-18 05:27:04 --> Router Class Initialized
INFO - 2020-03-18 05:27:04 --> Output Class Initialized
INFO - 2020-03-18 05:27:04 --> Security Class Initialized
DEBUG - 2020-03-18 05:27:04 --> Global POST, GET and COOKIE data sanitized
INFO - 2020-03-18 05:27:04 --> CSRF cookie sent
INFO - 2020-03-18 05:27:04 --> Input Class Initialized
INFO - 2020-03-18 05:27:04 --> Language Class Initialized
INFO - 2020-03-18 05:27:04 --> Loader Class Initialized
INFO - 2020-03-18 05:27:04 --> Helper loaded: url_helper
INFO - 2020-03-18 05:27:04 --> Helper loaded: file_helper
INFO - 2020-03-18 05:27:04 --> Helper loaded: text_helper
INFO - 2020-03-18 05:27:04 --> Helper loaded: string_helper
INFO - 2020-03-18 05:27:04 --> Database Driver Class Initialized
INFO - 2020-03-18 05:27:04 --> Email Class Initialized
DEBUG - 2020-03-18 05:27:04 --> Session: "sess_save_path" is empty; using "session.save_path" value from php.ini.
INFO - 2020-03-18 05:27:04 --> Session: Class initialized using 'files' driver.
INFO - 2020-03-18 05:27:04 --> Helper loaded: form_helper
INFO - 2020-03-18 05:27:04 --> Form Validation Class Initialized
INFO - 2020-03-18 05:27:04 --> Controller Class Initialized
INFO - 2020-03-18 05:27:04 --> Model "M_employee" initialized
DEBUG - 2020-03-18 05:27:04 --> Sc_check class already loaded. Second attempt ignored.
DEBUG - 2020-03-18 05:27:04 --> Encryption: Auto-configured driver 'openssl'.
INFO - 2020-03-18 05:27:04 --> Encryption: OpenSSL initialized with method AES-128-CBC.
INFO - 2020-03-18 05:27:04 --> Encryption Class Initialized
INFO - 2020-03-18 05:27:04 --> File loaded: C:\xampp\htdocs\scholarship\admin\views\include/header.php
INFO - 2020-03-18 05:27:04 --> File loaded: C:\xampp\htdocs\scholarship\admin\views\include/menu.php
INFO - 2020-03-18 05:27:04 --> File loaded: C:\xampp\htdocs\scholarship\admin\views\include/footer.php
INFO - 2020-03-18 05:27:04 --> File loaded: C:\xampp\htdocs\scholarship\admin\views\include/msg.php
INFO - 2020-03-18 05:27:04 --> File loaded: C:\xampp\htdocs\scholarship\admin\views\employee/list.php
INFO - 2020-03-18 05:27:04 --> Final output sent to browser
DEBUG - 2020-03-18 05:27:04 --> Total execution time: 0.3623
INFO - 2020-03-18 05:31:33 --> Config Class Initialized
INFO - 2020-03-18 05:31:33 --> Hooks Class Initialized
DEBUG - 2020-03-18 05:31:33 --> UTF-8 Support Enabled
INFO - 2020-03-18 05:31:33 --> Utf8 Class Initialized
INFO - 2020-03-18 05:31:33 --> URI Class Initialized
INFO - 2020-03-18 05:31:33 --> Router Class Initialized
INFO - 2020-03-18 05:31:33 --> Output Class Initialized
INFO - 2020-03-18 05:31:33 --> Security Class Initialized
DEBUG - 2020-03-18 05:31:33 --> Global POST, GET and COOKIE data sanitized
INFO - 2020-03-18 05:31:33 --> CSRF cookie sent
INFO - 2020-03-18 05:31:33 --> Input Class Initialized
INFO - 2020-03-18 05:31:33 --> Language Class Initialized
INFO - 2020-03-18 05:31:33 --> Loader Class Initialized
INFO - 2020-03-18 05:31:33 --> Helper loaded: url_helper
INFO - 2020-03-18 05:31:33 --> Helper loaded: file_helper
INFO - 2020-03-18 05:31:33 --> Helper loaded: text_helper
INFO - 2020-03-18 05:31:33 --> Helper loaded: string_helper
INFO - 2020-03-18 05:31:33 --> Database Driver Class Initialized
INFO - 2020-03-18 05:31:33 --> Email Class Initialized
DEBUG - 2020-03-18 05:31:33 --> Session: "sess_save_path" is empty; using "session.save_path" value from php.ini.
INFO - 2020-03-18 05:31:33 --> Session: Class initialized using 'files' driver.
INFO - 2020-03-18 05:31:33 --> Helper loaded: form_helper
INFO - 2020-03-18 05:31:33 --> Form Validation Class Initialized
INFO - 2020-03-18 05:31:33 --> Controller Class Initialized
INFO - 2020-03-18 05:31:33 --> Model "M_employee" initialized
DEBUG - 2020-03-18 05:31:33 --> Sc_check class already loaded. Second attempt ignored.
DEBUG - 2020-03-18 05:31:33 --> Encryption: Auto-configured driver 'openssl'.
INFO - 2020-03-18 05:31:33 --> Encryption: OpenSSL initialized with method AES-128-CBC.
INFO - 2020-03-18 05:31:33 --> Encryption Class Initialized
INFO - 2020-03-18 05:31:33 --> File loaded: C:\xampp\htdocs\scholarship\admin\views\include/header.php
INFO - 2020-03-18 05:31:33 --> File loaded: C:\xampp\htdocs\scholarship\admin\views\include/menu.php
INFO - 2020-03-18 05:31:33 --> File loaded: C:\xampp\htdocs\scholarship\admin\views\include/footer.php
INFO - 2020-03-18 05:31:33 --> File loaded: C:\xampp\htdocs\scholarship\admin\views\include/msg.php
INFO - 2020-03-18 05:31:33 --> File loaded: C:\xampp\htdocs\scholarship\admin\views\employee/list.php
INFO - 2020-03-18 05:31:33 --> Final output sent to browser
DEBUG - 2020-03-18 05:31:33 --> Total execution time: 0.1287
INFO - 2020-03-18 05:31:43 --> Config Class Initialized
INFO - 2020-03-18 05:31:43 --> Hooks Class Initialized
DEBUG - 2020-03-18 05:31:43 --> UTF-8 Support Enabled
INFO - 2020-03-18 05:31:43 --> Utf8 Class Initialized
INFO - 2020-03-18 05:31:43 --> URI Class Initialized
INFO - 2020-03-18 05:31:43 --> Router Class Initialized
INFO - 2020-03-18 05:31:43 --> Output Class Initialized
INFO - 2020-03-18 05:31:43 --> Security Class Initialized
DEBUG - 2020-03-18 05:31:43 --> Global POST, GET and COOKIE data sanitized
INFO - 2020-03-18 05:31:43 --> CSRF cookie sent
INFO - 2020-03-18 05:31:43 --> Input Class Initialized
INFO - 2020-03-18 05:31:43 --> Language Class Initialized
INFO - 2020-03-18 05:31:43 --> Loader Class Initialized
INFO - 2020-03-18 05:31:43 --> Helper loaded: url_helper
INFO - 2020-03-18 05:31:43 --> Helper loaded: file_helper
INFO - 2020-03-18 05:31:43 --> Helper loaded: text_helper
INFO - 2020-03-18 05:31:43 --> Helper loaded: string_helper
INFO - 2020-03-18 05:31:43 --> Database Driver Class Initialized
INFO - 2020-03-18 05:31:43 --> Email Class Initialized
DEBUG - 2020-03-18 05:31:43 --> Session: "sess_save_path" is empty; using "session.save_path" value from php.ini.
INFO - 2020-03-18 05:31:43 --> Session: Class initialized using 'files' driver.
INFO - 2020-03-18 05:31:43 --> Helper loaded: form_helper
INFO - 2020-03-18 05:31:43 --> Form Validation Class Initialized
INFO - 2020-03-18 05:31:43 --> Controller Class Initialized
INFO - 2020-03-18 05:31:43 --> Model "M_employee" initialized
DEBUG - 2020-03-18 05:31:43 --> Sc_check class already loaded. Second attempt ignored.
DEBUG - 2020-03-18 05:31:43 --> Encryption: Auto-configured driver 'openssl'.
INFO - 2020-03-18 05:31:43 --> Encryption: OpenSSL initialized with method AES-128-CBC.
INFO - 2020-03-18 05:31:43 --> Encryption Class Initialized
INFO - 2020-03-18 05:31:43 --> File loaded: C:\xampp\htdocs\scholarship\admin\views\include/header.php
INFO - 2020-03-18 05:31:43 --> File loaded: C:\xampp\htdocs\scholarship\admin\views\include/menu.php
INFO - 2020-03-18 05:31:43 --> File loaded: C:\xampp\htdocs\scholarship\admin\views\include/footer.php
INFO - 2020-03-18 05:31:43 --> File loaded: C:\xampp\htdocs\scholarship\admin\views\include/msg.php
INFO - 2020-03-18 05:31:43 --> File loaded: C:\xampp\htdocs\scholarship\admin\views\employee/list.php
INFO - 2020-03-18 05:31:43 --> Final output sent to browser
DEBUG - 2020-03-18 05:31:43 --> Total execution time: 0.0955
INFO - 2020-03-18 05:35:23 --> Config Class Initialized
INFO - 2020-03-18 05:35:23 --> Hooks Class Initialized
DEBUG - 2020-03-18 05:35:23 --> UTF-8 Support Enabled
INFO - 2020-03-18 05:35:23 --> Utf8 Class Initialized
INFO - 2020-03-18 05:35:23 --> URI Class Initialized
INFO - 2020-03-18 05:35:23 --> Router Class Initialized
INFO - 2020-03-18 05:35:23 --> Output Class Initialized
INFO - 2020-03-18 05:35:23 --> Security Class Initialized
DEBUG - 2020-03-18 05:35:23 --> Global POST, GET and COOKIE data sanitized
INFO - 2020-03-18 05:35:23 --> CSRF cookie sent
INFO - 2020-03-18 05:35:23 --> Input Class Initialized
INFO - 2020-03-18 05:35:23 --> Language Class Initialized
INFO - 2020-03-18 05:35:23 --> Loader Class Initialized
INFO - 2020-03-18 05:35:23 --> Helper loaded: url_helper
INFO - 2020-03-18 05:35:23 --> Helper loaded: file_helper
INFO - 2020-03-18 05:35:23 --> Helper loaded: text_helper
INFO - 2020-03-18 05:35:23 --> Helper loaded: string_helper
INFO - 2020-03-18 05:35:23 --> Database Driver Class Initialized
INFO - 2020-03-18 05:35:23 --> Email Class Initialized
DEBUG - 2020-03-18 05:35:23 --> Session: "sess_save_path" is empty; using "session.save_path" value from php.ini.
INFO - 2020-03-18 05:35:23 --> Session: Class initialized using 'files' driver.
INFO - 2020-03-18 05:35:23 --> Helper loaded: form_helper
INFO - 2020-03-18 05:35:23 --> Form Validation Class Initialized
INFO - 2020-03-18 05:35:23 --> Controller Class Initialized
INFO - 2020-03-18 05:35:23 --> Model "M_auth" initialized
DEBUG - 2020-03-18 05:35:23 --> Sc_check class already loaded. Second attempt ignored.
INFO - 2020-03-18 05:35:23 --> Helper loaded: captcha_helper
INFO - 2020-03-18 05:35:23 --> Config Class Initialized
INFO - 2020-03-18 05:35:23 --> Hooks Class Initialized
DEBUG - 2020-03-18 05:35:23 --> UTF-8 Support Enabled
INFO - 2020-03-18 05:35:23 --> Utf8 Class Initialized
INFO - 2020-03-18 05:35:23 --> URI Class Initialized
DEBUG - 2020-03-18 05:35:23 --> No URI present. Default controller set.
INFO - 2020-03-18 05:35:23 --> Router Class Initialized
INFO - 2020-03-18 05:35:23 --> Output Class Initialized
INFO - 2020-03-18 05:35:23 --> Security Class Initialized
DEBUG - 2020-03-18 05:35:23 --> Global POST, GET and COOKIE data sanitized
INFO - 2020-03-18 05:35:23 --> CSRF cookie sent
INFO - 2020-03-18 05:35:23 --> Input Class Initialized
INFO - 2020-03-18 05:35:23 --> Language Class Initialized
INFO - 2020-03-18 05:35:23 --> Loader Class Initialized
INFO - 2020-03-18 05:35:23 --> Helper loaded: url_helper
INFO - 2020-03-18 05:35:23 --> Helper loaded: file_helper
INFO - 2020-03-18 05:35:23 --> Helper loaded: text_helper
INFO - 2020-03-18 05:35:23 --> Helper loaded: string_helper
INFO - 2020-03-18 05:35:23 --> Database Driver Class Initialized
INFO - 2020-03-18 05:35:23 --> Email Class Initialized
DEBUG - 2020-03-18 05:35:23 --> Session: "sess_save_path" is empty; using "session.save_path" value from php.ini.
INFO - 2020-03-18 05:35:23 --> Session: Class initialized using 'files' driver.
INFO - 2020-03-18 05:35:23 --> Helper loaded: form_helper
INFO - 2020-03-18 05:35:23 --> Form Validation Class Initialized
INFO - 2020-03-18 05:35:23 --> Controller Class Initialized
INFO - 2020-03-18 05:35:23 --> Model "M_auth" initialized
DEBUG - 2020-03-18 05:35:23 --> Sc_check class already loaded. Second attempt ignored.
INFO - 2020-03-18 05:35:23 --> Helper loaded: captcha_helper
INFO - 2020-03-18 05:35:23 --> File loaded: C:\xampp\htdocs\scholarship\admin\views\include/header.php
INFO - 2020-03-18 05:35:23 --> File loaded: C:\xampp\htdocs\scholarship\admin\views\include/footer.php
INFO - 2020-03-18 05:35:23 --> File loaded: C:\xampp\htdocs\scholarship\admin\views\include/msg.php
INFO - 2020-03-18 05:35:23 --> File loaded: C:\xampp\htdocs\scholarship\admin\views\auth/login.php
INFO - 2020-03-18 05:35:23 --> Final output sent to browser
DEBUG - 2020-03-18 05:35:23 --> Total execution time: 0.0882
INFO - 2020-03-18 11:56:26 --> Config Class Initialized
INFO - 2020-03-18 11:56:26 --> Hooks Class Initialized
DEBUG - 2020-03-18 11:56:26 --> UTF-8 Support Enabled
INFO - 2020-03-18 11:56:26 --> Utf8 Class Initialized
INFO - 2020-03-18 11:56:26 --> URI Class Initialized
DEBUG - 2020-03-18 11:56:26 --> No URI present. Default controller set.
INFO - 2020-03-18 11:56:26 --> Router Class Initialized
INFO - 2020-03-18 11:56:26 --> Output Class Initialized
INFO - 2020-03-18 11:56:26 --> Security Class Initialized
DEBUG - 2020-03-18 11:56:26 --> Global POST, GET and COOKIE data sanitized
INFO - 2020-03-18 11:56:26 --> CSRF cookie sent
INFO - 2020-03-18 11:56:26 --> Input Class Initialized
INFO - 2020-03-18 11:56:26 --> Language Class Initialized
INFO - 2020-03-18 11:56:26 --> Loader Class Initialized
INFO - 2020-03-18 11:56:26 --> Helper loaded: url_helper
INFO - 2020-03-18 11:56:26 --> Helper loaded: file_helper
INFO - 2020-03-18 11:56:26 --> Helper loaded: text_helper
INFO - 2020-03-18 11:56:26 --> Helper loaded: string_helper
INFO - 2020-03-18 11:56:26 --> Database Driver Class Initialized
INFO - 2020-03-18 11:56:26 --> Email Class Initialized
DEBUG - 2020-03-18 11:56:26 --> Session: "sess_save_path" is empty; using "session.save_path" value from php.ini.
INFO - 2020-03-18 11:56:26 --> Session: Class initialized using 'files' driver.
INFO - 2020-03-18 11:56:26 --> Helper loaded: form_helper
INFO - 2020-03-18 11:56:26 --> Form Validation Class Initialized
INFO - 2020-03-18 11:56:26 --> Controller Class Initialized
INFO - 2020-03-18 11:56:26 --> Model "M_auth" initialized
DEBUG - 2020-03-18 11:56:26 --> Sc_check class already loaded. Second attempt ignored.
INFO - 2020-03-18 11:56:26 --> Helper loaded: captcha_helper
INFO - 2020-03-18 11:56:26 --> File loaded: C:\xampp\htdocs\scholarship\admin\views\include/header.php
INFO - 2020-03-18 11:56:26 --> File loaded: C:\xampp\htdocs\scholarship\admin\views\include/footer.php
INFO - 2020-03-18 11:56:26 --> File loaded: C:\xampp\htdocs\scholarship\admin\views\include/msg.php
INFO - 2020-03-18 11:56:26 --> File loaded: C:\xampp\htdocs\scholarship\admin\views\auth/login.php
INFO - 2020-03-18 11:56:26 --> Final output sent to browser
DEBUG - 2020-03-18 11:56:26 --> Total execution time: 0.5314
INFO - 2020-03-18 11:56:58 --> Config Class Initialized
INFO - 2020-03-18 11:56:58 --> Hooks Class Initialized
DEBUG - 2020-03-18 11:56:58 --> UTF-8 Support Enabled
INFO - 2020-03-18 11:56:58 --> Utf8 Class Initialized
INFO - 2020-03-18 11:56:58 --> URI Class Initialized
INFO - 2020-03-18 11:56:58 --> Router Class Initialized
INFO - 2020-03-18 11:56:58 --> Output Class Initialized
INFO - 2020-03-18 11:56:58 --> Security Class Initialized
DEBUG - 2020-03-18 11:56:58 --> Global POST, GET and COOKIE data sanitized
INFO - 2020-03-18 11:56:58 --> CSRF cookie sent
INFO - 2020-03-18 11:56:58 --> CSRF token verified
INFO - 2020-03-18 11:56:58 --> Input Class Initialized
INFO - 2020-03-18 11:56:58 --> Language Class Initialized
INFO - 2020-03-18 11:56:58 --> Loader Class Initialized
INFO - 2020-03-18 11:56:58 --> Helper loaded: url_helper
INFO - 2020-03-18 11:56:58 --> Helper loaded: file_helper
INFO - 2020-03-18 11:56:58 --> Helper loaded: text_helper
INFO - 2020-03-18 11:56:58 --> Helper loaded: string_helper
INFO - 2020-03-18 11:56:58 --> Database Driver Class Initialized
INFO - 2020-03-18 11:56:58 --> Email Class Initialized
DEBUG - 2020-03-18 11:56:58 --> Session: "sess_save_path" is empty; using "session.save_path" value from php.ini.
INFO - 2020-03-18 11:56:58 --> Session: Class initialized using 'files' driver.
INFO - 2020-03-18 11:56:58 --> Helper loaded: form_helper
INFO - 2020-03-18 11:56:58 --> Form Validation Class Initialized
INFO - 2020-03-18 11:56:58 --> Controller Class Initialized
INFO - 2020-03-18 11:56:58 --> Model "M_auth" initialized
DEBUG - 2020-03-18 11:56:58 --> Sc_check class already loaded. Second attempt ignored.
INFO - 2020-03-18 11:56:58 --> Helper loaded: captcha_helper
DEBUG - 2020-03-18 11:56:58 --> Form_validation class already loaded. Second attempt ignored.
INFO - 2020-03-18 11:56:58 --> Language file loaded: language/english/form_validation_lang.php
INFO - 2020-03-18 11:56:58 --> ---------------------Success -- Admin Logged in with prathwi@5ine.in and IP aaddress ::1 --------------
INFO - 2020-03-18 11:56:58 --> Config Class Initialized
INFO - 2020-03-18 11:56:58 --> Hooks Class Initialized
DEBUG - 2020-03-18 11:56:58 --> UTF-8 Support Enabled
INFO - 2020-03-18 11:56:58 --> Utf8 Class Initialized
INFO - 2020-03-18 11:56:58 --> URI Class Initialized
INFO - 2020-03-18 11:56:58 --> Router Class Initialized
INFO - 2020-03-18 11:56:58 --> Output Class Initialized
INFO - 2020-03-18 11:56:58 --> Security Class Initialized
DEBUG - 2020-03-18 11:56:58 --> Global POST, GET and COOKIE data sanitized
INFO - 2020-03-18 11:56:58 --> CSRF cookie sent
INFO - 2020-03-18 11:56:58 --> Input Class Initialized
INFO - 2020-03-18 11:56:58 --> Language Class Initialized
INFO - 2020-03-18 11:56:58 --> Loader Class Initialized
INFO - 2020-03-18 11:56:58 --> Helper loaded: url_helper
INFO - 2020-03-18 11:56:58 --> Helper loaded: file_helper
INFO - 2020-03-18 11:56:58 --> Helper loaded: text_helper
INFO - 2020-03-18 11:56:58 --> Helper loaded: string_helper
INFO - 2020-03-18 11:56:58 --> Database Driver Class Initialized
INFO - 2020-03-18 11:56:58 --> Email Class Initialized
DEBUG - 2020-03-18 11:56:58 --> Session: "sess_save_path" is empty; using "session.save_path" value from php.ini.
INFO - 2020-03-18 11:56:58 --> Session: Class initialized using 'files' driver.
INFO - 2020-03-18 11:56:58 --> Helper loaded: form_helper
INFO - 2020-03-18 11:56:58 --> Form Validation Class Initialized
INFO - 2020-03-18 11:56:58 --> Controller Class Initialized
INFO - 2020-03-18 11:56:58 --> Model "M_dashboard" initialized
DEBUG - 2020-03-18 11:56:58 --> Sc_check class already loaded. Second attempt ignored.
INFO - 2020-03-18 11:56:59 --> File loaded: C:\xampp\htdocs\scholarship\admin\views\include/header.php
INFO - 2020-03-18 11:56:59 --> File loaded: C:\xampp\htdocs\scholarship\admin\views\include/menu.php
INFO - 2020-03-18 11:56:59 --> File loaded: C:\xampp\htdocs\scholarship\admin\views\include/footer.php
INFO - 2020-03-18 11:56:59 --> File loaded: C:\xampp\htdocs\scholarship\admin\views\include/msg.php
INFO - 2020-03-18 11:56:59 --> File loaded: C:\xampp\htdocs\scholarship\admin\views\dashboard/index.php
INFO - 2020-03-18 11:56:59 --> Final output sent to browser
DEBUG - 2020-03-18 11:56:59 --> Total execution time: 0.5547
INFO - 2020-03-18 11:56:59 --> Config Class Initialized
INFO - 2020-03-18 11:56:59 --> Hooks Class Initialized
DEBUG - 2020-03-18 11:56:59 --> UTF-8 Support Enabled
INFO - 2020-03-18 11:56:59 --> Utf8 Class Initialized
INFO - 2020-03-18 11:56:59 --> URI Class Initialized
INFO - 2020-03-18 11:56:59 --> Router Class Initialized
INFO - 2020-03-18 11:56:59 --> Output Class Initialized
INFO - 2020-03-18 11:56:59 --> Security Class Initialized
DEBUG - 2020-03-18 11:56:59 --> Global POST, GET and COOKIE data sanitized
INFO - 2020-03-18 11:56:59 --> CSRF cookie sent
INFO - 2020-03-18 11:56:59 --> Input Class Initialized
INFO - 2020-03-18 11:56:59 --> Language Class Initialized
INFO - 2020-03-18 11:56:59 --> Loader Class Initialized
INFO - 2020-03-18 11:56:59 --> Helper loaded: url_helper
INFO - 2020-03-18 11:56:59 --> Helper loaded: file_helper
INFO - 2020-03-18 11:56:59 --> Helper loaded: text_helper
INFO - 2020-03-18 11:56:59 --> Helper loaded: string_helper
INFO - 2020-03-18 11:56:59 --> Database Driver Class Initialized
INFO - 2020-03-18 11:56:59 --> Email Class Initialized
DEBUG - 2020-03-18 11:56:59 --> Session: "sess_save_path" is empty; using "session.save_path" value from php.ini.
INFO - 2020-03-18 11:56:59 --> Session: Class initialized using 'files' driver.
INFO - 2020-03-18 11:56:59 --> Helper loaded: form_helper
INFO - 2020-03-18 11:56:59 --> Form Validation Class Initialized
INFO - 2020-03-18 11:56:59 --> Controller Class Initialized
INFO - 2020-03-18 11:56:59 --> Model "M_dashboard" initialized
DEBUG - 2020-03-18 11:56:59 --> Sc_check class already loaded. Second attempt ignored.
INFO - 2020-03-18 11:56:59 --> Final output sent to browser
DEBUG - 2020-03-18 11:56:59 --> Total execution time: 0.2883
INFO - 2020-03-18 11:58:03 --> Config Class Initialized
INFO - 2020-03-18 11:58:03 --> Hooks Class Initialized
DEBUG - 2020-03-18 11:58:03 --> UTF-8 Support Enabled
INFO - 2020-03-18 11:58:03 --> Utf8 Class Initialized
INFO - 2020-03-18 11:58:03 --> URI Class Initialized
INFO - 2020-03-18 11:58:03 --> Router Class Initialized
INFO - 2020-03-18 11:58:03 --> Output Class Initialized
INFO - 2020-03-18 11:58:03 --> Security Class Initialized
DEBUG - 2020-03-18 11:58:03 --> Global POST, GET and COOKIE data sanitized
INFO - 2020-03-18 11:58:03 --> CSRF cookie sent
INFO - 2020-03-18 11:58:03 --> Input Class Initialized
INFO - 2020-03-18 11:58:03 --> Language Class Initialized
INFO - 2020-03-18 11:58:03 --> Loader Class Initialized
INFO - 2020-03-18 11:58:03 --> Helper loaded: url_helper
INFO - 2020-03-18 11:58:03 --> Helper loaded: file_helper
INFO - 2020-03-18 11:58:03 --> Helper loaded: text_helper
INFO - 2020-03-18 11:58:03 --> Helper loaded: string_helper
INFO - 2020-03-18 11:58:03 --> Database Driver Class Initialized
INFO - 2020-03-18 11:58:03 --> Email Class Initialized
DEBUG - 2020-03-18 11:58:03 --> Session: "sess_save_path" is empty; using "session.save_path" value from php.ini.
INFO - 2020-03-18 11:58:03 --> Session: Class initialized using 'files' driver.
INFO - 2020-03-18 11:58:03 --> Helper loaded: form_helper
INFO - 2020-03-18 11:58:03 --> Form Validation Class Initialized
INFO - 2020-03-18 11:58:03 --> Controller Class Initialized
INFO - 2020-03-18 11:58:03 --> Model "M_scholar" initialized
INFO - 2020-03-18 11:58:03 --> Model "M_school" initialized
INFO - 2020-03-18 11:58:03 --> Model "M_reports" initialized
INFO - 2020-03-18 11:58:03 --> File loaded: C:\xampp\htdocs\scholarship\admin\views\include/header.php
INFO - 2020-03-18 11:58:03 --> File loaded: C:\xampp\htdocs\scholarship\admin\views\include/menu.php
INFO - 2020-03-18 11:58:03 --> File loaded: C:\xampp\htdocs\scholarship\admin\views\include/footer.php
INFO - 2020-03-18 11:58:03 --> File loaded: C:\xampp\htdocs\scholarship\admin\views\reports/scholarship.php
INFO - 2020-03-18 11:58:03 --> Final output sent to browser
DEBUG - 2020-03-18 11:58:03 --> Total execution time: 0.3284
INFO - 2020-03-18 11:58:26 --> Config Class Initialized
INFO - 2020-03-18 11:58:26 --> Hooks Class Initialized
DEBUG - 2020-03-18 11:58:26 --> UTF-8 Support Enabled
INFO - 2020-03-18 11:58:26 --> Utf8 Class Initialized
INFO - 2020-03-18 11:58:26 --> URI Class Initialized
INFO - 2020-03-18 11:58:27 --> Router Class Initialized
INFO - 2020-03-18 11:58:27 --> Output Class Initialized
INFO - 2020-03-18 11:58:27 --> Security Class Initialized
DEBUG - 2020-03-18 11:58:27 --> Global POST, GET and COOKIE data sanitized
INFO - 2020-03-18 11:58:27 --> CSRF cookie sent
INFO - 2020-03-18 11:58:27 --> Input Class Initialized
INFO - 2020-03-18 11:58:27 --> Language Class Initialized
INFO - 2020-03-18 11:58:27 --> Loader Class Initialized
INFO - 2020-03-18 11:58:27 --> Helper loaded: url_helper
INFO - 2020-03-18 11:58:27 --> Helper loaded: file_helper
INFO - 2020-03-18 11:58:27 --> Helper loaded: text_helper
INFO - 2020-03-18 11:58:27 --> Helper loaded: string_helper
INFO - 2020-03-18 11:58:27 --> Database Driver Class Initialized
INFO - 2020-03-18 11:58:27 --> Email Class Initialized
DEBUG - 2020-03-18 11:58:27 --> Session: "sess_save_path" is empty; using "session.save_path" value from php.ini.
INFO - 2020-03-18 11:58:27 --> Session: Class initialized using 'files' driver.
INFO - 2020-03-18 11:58:27 --> Helper loaded: form_helper
INFO - 2020-03-18 11:58:27 --> Form Validation Class Initialized
INFO - 2020-03-18 11:58:27 --> Controller Class Initialized
INFO - 2020-03-18 11:58:27 --> Model "M_scholar" initialized
INFO - 2020-03-18 11:58:27 --> Model "M_school" initialized
INFO - 2020-03-18 11:58:27 --> Model "M_reports" initialized
ERROR - 2020-03-18 11:58:27 --> Query error: Not unique table/alias: 'ab' - Invalid query: SELECT `ab`.`category`
FROM `application` `a`
LEFT JOIN `applicant_marks` `am` ON `am`.`application_id` = `a`.`id`
LEFT JOIN `applicant_basic_detail` `ab` ON `ab`.`application_id` = `a`.`id`
LEFT JOIN `applicant_basic_detail` `ab` ON `ab`.`application_id` = `a`.`id`
WHERE `a`.`application_year` = '2019'
AND `a`.`status` = '1'
AND `a`.`application_state` = '4'
INFO - 2020-03-18 11:58:27 --> Language file loaded: language/english/db_lang.php
INFO - 2020-03-18 11:58:41 --> Config Class Initialized
INFO - 2020-03-18 11:58:41 --> Hooks Class Initialized
DEBUG - 2020-03-18 11:58:41 --> UTF-8 Support Enabled
INFO - 2020-03-18 11:58:41 --> Utf8 Class Initialized
INFO - 2020-03-18 11:58:41 --> URI Class Initialized
INFO - 2020-03-18 11:58:41 --> Router Class Initialized
INFO - 2020-03-18 11:58:41 --> Output Class Initialized
INFO - 2020-03-18 11:58:41 --> Security Class Initialized
DEBUG - 2020-03-18 11:58:41 --> Global POST, GET and COOKIE data sanitized
INFO - 2020-03-18 11:58:41 --> CSRF cookie sent
INFO - 2020-03-18 11:58:41 --> Input Class Initialized
INFO - 2020-03-18 11:58:41 --> Language Class Initialized
INFO - 2020-03-18 11:58:41 --> Loader Class Initialized
INFO - 2020-03-18 11:58:41 --> Helper loaded: url_helper
INFO - 2020-03-18 11:58:41 --> Helper loaded: file_helper
INFO - 2020-03-18 11:58:41 --> Helper loaded: text_helper
INFO - 2020-03-18 11:58:41 --> Helper loaded: string_helper
INFO - 2020-03-18 11:58:41 --> Database Driver Class Initialized
INFO - 2020-03-18 11:58:41 --> Email Class Initialized
DEBUG - 2020-03-18 11:58:41 --> Session: "sess_save_path" is empty; using "session.save_path" value from php.ini.
INFO - 2020-03-18 11:58:41 --> Session: Class initialized using 'files' driver.
INFO - 2020-03-18 11:58:41 --> Helper loaded: form_helper
INFO - 2020-03-18 11:58:41 --> Form Validation Class Initialized
INFO - 2020-03-18 11:58:41 --> Controller Class Initialized
INFO - 2020-03-18 11:58:41 --> Model "M_scholar" initialized
INFO - 2020-03-18 11:58:41 --> Model "M_school" initialized
INFO - 2020-03-18 11:58:41 --> Model "M_reports" initialized
INFO - 2020-03-18 12:03:21 --> Config Class Initialized
INFO - 2020-03-18 12:03:21 --> Hooks Class Initialized
DEBUG - 2020-03-18 12:03:21 --> UTF-8 Support Enabled
INFO - 2020-03-18 12:03:21 --> Utf8 Class Initialized
INFO - 2020-03-18 12:03:21 --> URI Class Initialized
INFO - 2020-03-18 12:03:21 --> Router Class Initialized
INFO - 2020-03-18 12:03:21 --> Output Class Initialized
INFO - 2020-03-18 12:03:22 --> Security Class Initialized
DEBUG - 2020-03-18 12:03:22 --> Global POST, GET and COOKIE data sanitized
INFO - 2020-03-18 12:03:22 --> CSRF cookie sent
INFO - 2020-03-18 12:03:22 --> Input Class Initialized
INFO - 2020-03-18 12:03:22 --> Language Class Initialized
INFO - 2020-03-18 12:03:22 --> Loader Class Initialized
INFO - 2020-03-18 12:03:22 --> Helper loaded: url_helper
INFO - 2020-03-18 12:03:22 --> Helper loaded: file_helper
INFO - 2020-03-18 12:03:22 --> Helper loaded: text_helper
INFO - 2020-03-18 12:03:22 --> Helper loaded: string_helper
INFO - 2020-03-18 12:03:22 --> Database Driver Class Initialized
INFO - 2020-03-18 12:03:22 --> Email Class Initialized
DEBUG - 2020-03-18 12:03:22 --> Session: "sess_save_path" is empty; using "session.save_path" value from php.ini.
INFO - 2020-03-18 12:03:22 --> Session: Class initialized using 'files' driver.
INFO - 2020-03-18 12:03:22 --> Helper loaded: form_helper
INFO - 2020-03-18 12:03:22 --> Form Validation Class Initialized
INFO - 2020-03-18 12:03:22 --> Controller Class Initialized
INFO - 2020-03-18 12:03:22 --> Model "M_scholar" initialized
INFO - 2020-03-18 12:03:22 --> Model "M_school" initialized
INFO - 2020-03-18 12:03:22 --> Model "M_reports" initialized
ERROR - 2020-03-18 12:03:22 --> Query error: Unknown column 'ab.graduation' in 'on clause' - Invalid query: SELECT `fs`.`amount`
FROM `application` `a`
LEFT JOIN `applicant_marks` `am` ON `am`.`application_id` = `a`.`id`
LEFT JOIN `applicant_basic_detail` `ab` ON `ab`.`application_id` = `a`.`id`
LEFT JOIN `gradution` `gr` ON `gr`.`id` = `ab`.`graduation`
LEFT JOIN `fees` `fs` ON `fs`.`class` = `gr`.`id`
WHERE `a`.`application_year` = '2019'
AND `a`.`status` = '1'
AND `a`.`application_state` = '4'
INFO - 2020-03-18 12:03:22 --> Language file loaded: language/english/db_lang.php
INFO - 2020-03-18 12:03:56 --> Config Class Initialized
INFO - 2020-03-18 12:03:56 --> Hooks Class Initialized
DEBUG - 2020-03-18 12:03:56 --> UTF-8 Support Enabled
INFO - 2020-03-18 12:03:56 --> Utf8 Class Initialized
INFO - 2020-03-18 12:03:56 --> URI Class Initialized
INFO - 2020-03-18 12:03:56 --> Router Class Initialized
INFO - 2020-03-18 12:03:56 --> Output Class Initialized
INFO - 2020-03-18 12:03:56 --> Security Class Initialized
DEBUG - 2020-03-18 12:03:56 --> Global POST, GET and COOKIE data sanitized
INFO - 2020-03-18 12:03:56 --> CSRF cookie sent
INFO - 2020-03-18 12:03:56 --> Input Class Initialized
INFO - 2020-03-18 12:03:56 --> Language Class Initialized
INFO - 2020-03-18 12:03:56 --> Loader Class Initialized
INFO - 2020-03-18 12:03:56 --> Helper loaded: url_helper
INFO - 2020-03-18 12:03:56 --> Helper loaded: file_helper
INFO - 2020-03-18 12:03:56 --> Helper loaded: text_helper
INFO - 2020-03-18 12:03:56 --> Helper loaded: string_helper
INFO - 2020-03-18 12:03:56 --> Database Driver Class Initialized
INFO - 2020-03-18 12:03:56 --> Email Class Initialized
DEBUG - 2020-03-18 12:03:56 --> Session: "sess_save_path" is empty; using "session.save_path" value from php.ini.
INFO - 2020-03-18 12:03:56 --> Session: Class initialized using 'files' driver.
INFO - 2020-03-18 12:03:56 --> Helper loaded: form_helper
INFO - 2020-03-18 12:03:56 --> Form Validation Class Initialized
INFO - 2020-03-18 12:03:56 --> Controller Class Initialized
INFO - 2020-03-18 12:03:56 --> Model "M_scholar" initialized
INFO - 2020-03-18 12:03:56 --> Model "M_school" initialized
INFO - 2020-03-18 12:03:56 --> Model "M_reports" initialized
ERROR - 2020-03-18 12:03:56 --> Query error: You have an error in your SQL syntax; check the manual that corresponds to your MariaDB server version for the right syntax to use near 'as `grid`
LEFT JOIN `fees` `fs` ON `fs`.`class` = `gr`.`id`
WHERE `a`.`applicati' at line 5 - Invalid query: SELECT `fs`.`amount`
FROM `application` `a`
LEFT JOIN `applicant_marks` `am` ON `am`.`application_id` = `a`.`id`
LEFT JOIN `applicant_basic_detail` `ab` ON `ab`.`application_id` = `a`.`id`
LEFT JOIN `gradution` `gr` ON `gr`.`id` = `ab`.`graduation` as `grid`
LEFT JOIN `fees` `fs` ON `fs`.`class` = `gr`.`id`
WHERE `a`.`application_year` = '2019'
AND `a`.`status` = '1'
AND `a`.`application_state` = '4'
INFO - 2020-03-18 12:03:56 --> Language file loaded: language/english/db_lang.php
INFO - 2020-03-18 12:04:17 --> Config Class Initialized
INFO - 2020-03-18 12:04:17 --> Hooks Class Initialized
DEBUG - 2020-03-18 12:04:17 --> UTF-8 Support Enabled
INFO - 2020-03-18 12:04:17 --> Utf8 Class Initialized
INFO - 2020-03-18 12:04:17 --> URI Class Initialized
INFO - 2020-03-18 12:04:17 --> Router Class Initialized
INFO - 2020-03-18 12:04:17 --> Output Class Initialized
INFO - 2020-03-18 12:04:17 --> Security Class Initialized
DEBUG - 2020-03-18 12:04:17 --> Global POST, GET and COOKIE data sanitized
INFO - 2020-03-18 12:04:17 --> CSRF cookie sent
INFO - 2020-03-18 12:04:17 --> Input Class Initialized
INFO - 2020-03-18 12:04:17 --> Language Class Initialized
INFO - 2020-03-18 12:04:17 --> Loader Class Initialized
INFO - 2020-03-18 12:04:17 --> Helper loaded: url_helper
INFO - 2020-03-18 12:04:17 --> Helper loaded: file_helper
INFO - 2020-03-18 12:04:17 --> Helper loaded: text_helper
INFO - 2020-03-18 12:04:17 --> Helper loaded: string_helper
INFO - 2020-03-18 12:04:17 --> Database Driver Class Initialized
INFO - 2020-03-18 12:04:18 --> Email Class Initialized
DEBUG - 2020-03-18 12:04:18 --> Session: "sess_save_path" is empty; using "session.save_path" value from php.ini.
INFO - 2020-03-18 12:04:18 --> Session: Class initialized using 'files' driver.
INFO - 2020-03-18 12:04:18 --> Helper loaded: form_helper
INFO - 2020-03-18 12:04:18 --> Form Validation Class Initialized
INFO - 2020-03-18 12:04:18 --> Controller Class Initialized
INFO - 2020-03-18 12:04:18 --> Model "M_scholar" initialized
INFO - 2020-03-18 12:04:18 --> Model "M_school" initialized
INFO - 2020-03-18 12:04:18 --> Model "M_reports" initialized
INFO - 2020-03-18 12:05:36 --> Config Class Initialized
INFO - 2020-03-18 12:05:36 --> Hooks Class Initialized
DEBUG - 2020-03-18 12:05:36 --> UTF-8 Support Enabled
INFO - 2020-03-18 12:05:36 --> Utf8 Class Initialized
INFO - 2020-03-18 12:05:36 --> URI Class Initialized
INFO - 2020-03-18 12:05:36 --> Router Class Initialized
INFO - 2020-03-18 12:05:36 --> Output Class Initialized
INFO - 2020-03-18 12:05:36 --> Security Class Initialized
DEBUG - 2020-03-18 12:05:36 --> Global POST, GET and COOKIE data sanitized
INFO - 2020-03-18 12:05:36 --> CSRF cookie sent
INFO - 2020-03-18 12:05:36 --> Input Class Initialized
INFO - 2020-03-18 12:05:36 --> Language Class Initialized
INFO - 2020-03-18 12:05:36 --> Loader Class Initialized
INFO - 2020-03-18 12:05:36 --> Helper loaded: url_helper
INFO - 2020-03-18 12:05:36 --> Helper loaded: file_helper
INFO - 2020-03-18 12:05:36 --> Helper loaded: text_helper
INFO - 2020-03-18 12:05:36 --> Helper loaded: string_helper
INFO - 2020-03-18 12:05:36 --> Database Driver Class Initialized
INFO - 2020-03-18 12:05:36 --> Email Class Initialized
DEBUG - 2020-03-18 12:05:36 --> Session: "sess_save_path" is empty; using "session.save_path" value from php.ini.
INFO - 2020-03-18 12:05:36 --> Session: Class initialized using 'files' driver.
INFO - 2020-03-18 12:05:36 --> Helper loaded: form_helper
INFO - 2020-03-18 12:05:36 --> Form Validation Class Initialized
INFO - 2020-03-18 12:05:36 --> Controller Class Initialized
INFO - 2020-03-18 12:05:36 --> Model "M_scholar" initialized
INFO - 2020-03-18 12:05:37 --> Model "M_school" initialized
INFO - 2020-03-18 12:05:37 --> Model "M_reports" initialized
INFO - 2020-03-18 12:06:00 --> Config Class Initialized
INFO - 2020-03-18 12:06:00 --> Hooks Class Initialized
DEBUG - 2020-03-18 12:06:00 --> UTF-8 Support Enabled
INFO - 2020-03-18 12:06:00 --> Utf8 Class Initialized
INFO - 2020-03-18 12:06:00 --> URI Class Initialized
INFO - 2020-03-18 12:06:00 --> Router Class Initialized
INFO - 2020-03-18 12:06:00 --> Output Class Initialized
INFO - 2020-03-18 12:06:00 --> Security Class Initialized
DEBUG - 2020-03-18 12:06:00 --> Global POST, GET and COOKIE data sanitized
INFO - 2020-03-18 12:06:00 --> CSRF cookie sent
INFO - 2020-03-18 12:06:00 --> Input Class Initialized
INFO - 2020-03-18 12:06:00 --> Language Class Initialized
INFO - 2020-03-18 12:06:00 --> Loader Class Initialized
INFO - 2020-03-18 12:06:00 --> Helper loaded: url_helper
INFO - 2020-03-18 12:06:00 --> Helper loaded: file_helper
INFO - 2020-03-18 12:06:00 --> Helper loaded: text_helper
INFO - 2020-03-18 12:06:00 --> Helper loaded: string_helper
INFO - 2020-03-18 12:06:00 --> Database Driver Class Initialized
INFO - 2020-03-18 12:06:00 --> Email Class Initialized
DEBUG - 2020-03-18 12:06:00 --> Session: "sess_save_path" is empty; using "session.save_path" value from php.ini.
INFO - 2020-03-18 12:06:00 --> Session: Class initialized using 'files' driver.
INFO - 2020-03-18 12:06:00 --> Helper loaded: form_helper
INFO - 2020-03-18 12:06:00 --> Form Validation Class Initialized
INFO - 2020-03-18 12:06:00 --> Controller Class Initialized
INFO - 2020-03-18 12:06:00 --> Model "M_scholar" initialized
INFO - 2020-03-18 12:06:00 --> Model "M_school" initialized
INFO - 2020-03-18 12:06:00 --> Model "M_reports" initialized
INFO - 2020-03-18 12:06:09 --> Config Class Initialized
INFO - 2020-03-18 12:06:09 --> Hooks Class Initialized
DEBUG - 2020-03-18 12:06:09 --> UTF-8 Support Enabled
INFO - 2020-03-18 12:06:09 --> Utf8 Class Initialized
INFO - 2020-03-18 12:06:09 --> URI Class Initialized
INFO - 2020-03-18 12:06:09 --> Router Class Initialized
INFO - 2020-03-18 12:06:10 --> Output Class Initialized
INFO - 2020-03-18 12:06:10 --> Security Class Initialized
DEBUG - 2020-03-18 12:06:10 --> Global POST, GET and COOKIE data sanitized
INFO - 2020-03-18 12:06:10 --> CSRF cookie sent
INFO - 2020-03-18 12:06:10 --> Input Class Initialized
INFO - 2020-03-18 12:06:10 --> Language Class Initialized
INFO - 2020-03-18 12:06:10 --> Loader Class Initialized
INFO - 2020-03-18 12:06:10 --> Helper loaded: url_helper
INFO - 2020-03-18 12:06:10 --> Helper loaded: file_helper
INFO - 2020-03-18 12:06:10 --> Helper loaded: text_helper
INFO - 2020-03-18 12:06:10 --> Helper loaded: string_helper
INFO - 2020-03-18 12:06:10 --> Database Driver Class Initialized
INFO - 2020-03-18 12:06:10 --> Email Class Initialized
DEBUG - 2020-03-18 12:06:10 --> Session: "sess_save_path" is empty; using "session.save_path" value from php.ini.
INFO - 2020-03-18 12:06:10 --> Session: Class initialized using 'files' driver.
INFO - 2020-03-18 12:06:10 --> Helper loaded: form_helper
INFO - 2020-03-18 12:06:10 --> Form Validation Class Initialized
INFO - 2020-03-18 12:06:10 --> Controller Class Initialized
INFO - 2020-03-18 12:06:10 --> Model "M_scholar" initialized
INFO - 2020-03-18 12:06:10 --> Model "M_school" initialized
INFO - 2020-03-18 12:06:10 --> Model "M_reports" initialized
INFO - 2020-03-18 12:06:19 --> Config Class Initialized
INFO - 2020-03-18 12:06:19 --> Hooks Class Initialized
DEBUG - 2020-03-18 12:06:19 --> UTF-8 Support Enabled
INFO - 2020-03-18 12:06:19 --> Utf8 Class Initialized
INFO - 2020-03-18 12:06:19 --> URI Class Initialized
INFO - 2020-03-18 12:06:19 --> Router Class Initialized
INFO - 2020-03-18 12:06:19 --> Output Class Initialized
INFO - 2020-03-18 12:06:19 --> Security Class Initialized
DEBUG - 2020-03-18 12:06:19 --> Global POST, GET and COOKIE data sanitized
INFO - 2020-03-18 12:06:19 --> CSRF cookie sent
INFO - 2020-03-18 12:06:19 --> Input Class Initialized
INFO - 2020-03-18 12:06:19 --> Language Class Initialized
INFO - 2020-03-18 12:06:19 --> Loader Class Initialized
INFO - 2020-03-18 12:06:19 --> Helper loaded: url_helper
INFO - 2020-03-18 12:06:19 --> Helper loaded: file_helper
INFO - 2020-03-18 12:06:19 --> Helper loaded: text_helper
INFO - 2020-03-18 12:06:19 --> Helper loaded: string_helper
INFO - 2020-03-18 12:06:19 --> Database Driver Class Initialized
INFO - 2020-03-18 12:06:19 --> Email Class Initialized
DEBUG - 2020-03-18 12:06:19 --> Session: "sess_save_path" is empty; using "session.save_path" value from php.ini.
INFO - 2020-03-18 12:06:19 --> Session: Class initialized using 'files' driver.
INFO - 2020-03-18 12:06:19 --> Helper loaded: form_helper
INFO - 2020-03-18 12:06:19 --> Form Validation Class Initialized
INFO - 2020-03-18 12:06:19 --> Controller Class Initialized
INFO - 2020-03-18 12:06:19 --> Model "M_scholar" initialized
INFO - 2020-03-18 12:06:19 --> Model "M_school" initialized
INFO - 2020-03-18 12:06:19 --> Model "M_reports" initialized
INFO - 2020-03-18 12:06:32 --> Config Class Initialized
INFO - 2020-03-18 12:06:32 --> Hooks Class Initialized
DEBUG - 2020-03-18 12:06:32 --> UTF-8 Support Enabled
INFO - 2020-03-18 12:06:32 --> Utf8 Class Initialized
INFO - 2020-03-18 12:06:32 --> URI Class Initialized
INFO - 2020-03-18 12:06:32 --> Router Class Initialized
INFO - 2020-03-18 12:06:32 --> Output Class Initialized
INFO - 2020-03-18 12:06:32 --> Security Class Initialized
DEBUG - 2020-03-18 12:06:32 --> Global POST, GET and COOKIE data sanitized
INFO - 2020-03-18 12:06:32 --> CSRF cookie sent
INFO - 2020-03-18 12:06:32 --> Input Class Initialized
INFO - 2020-03-18 12:06:32 --> Language Class Initialized
INFO - 2020-03-18 12:06:32 --> Loader Class Initialized
INFO - 2020-03-18 12:06:32 --> Helper loaded: url_helper
INFO - 2020-03-18 12:06:32 --> Helper loaded: file_helper
INFO - 2020-03-18 12:06:32 --> Helper loaded: text_helper
INFO - 2020-03-18 12:06:32 --> Helper loaded: string_helper
INFO - 2020-03-18 12:06:32 --> Database Driver Class Initialized
INFO - 2020-03-18 12:06:32 --> Email Class Initialized
DEBUG - 2020-03-18 12:06:32 --> Session: "sess_save_path" is empty; using "session.save_path" value from php.ini.
INFO - 2020-03-18 12:06:32 --> Session: Class initialized using 'files' driver.
INFO - 2020-03-18 12:06:32 --> Helper loaded: form_helper
INFO - 2020-03-18 12:06:32 --> Form Validation Class Initialized
INFO - 2020-03-18 12:06:32 --> Controller Class Initialized
INFO - 2020-03-18 12:06:32 --> Model "M_scholar" initialized
INFO - 2020-03-18 12:06:32 --> Model "M_school" initialized
INFO - 2020-03-18 12:06:32 --> Model "M_reports" initialized
INFO - 2020-03-18 12:06:50 --> Config Class Initialized
INFO - 2020-03-18 12:06:50 --> Hooks Class Initialized
DEBUG - 2020-03-18 12:06:50 --> UTF-8 Support Enabled
INFO - 2020-03-18 12:06:50 --> Utf8 Class Initialized
INFO - 2020-03-18 12:06:50 --> URI Class Initialized
INFO - 2020-03-18 12:06:50 --> Router Class Initialized
INFO - 2020-03-18 12:06:50 --> Output Class Initialized
INFO - 2020-03-18 12:06:50 --> Security Class Initialized
DEBUG - 2020-03-18 12:06:50 --> Global POST, GET and COOKIE data sanitized
INFO - 2020-03-18 12:06:50 --> CSRF cookie sent
INFO - 2020-03-18 12:06:50 --> Input Class Initialized
INFO - 2020-03-18 12:06:50 --> Language Class Initialized
INFO - 2020-03-18 12:06:50 --> Loader Class Initialized
INFO - 2020-03-18 12:06:50 --> Helper loaded: url_helper
INFO - 2020-03-18 12:06:50 --> Helper loaded: file_helper
INFO - 2020-03-18 12:06:50 --> Helper loaded: text_helper
INFO - 2020-03-18 12:06:50 --> Helper loaded: string_helper
INFO - 2020-03-18 12:06:50 --> Database Driver Class Initialized
INFO - 2020-03-18 12:06:50 --> Email Class Initialized
DEBUG - 2020-03-18 12:06:50 --> Session: "sess_save_path" is empty; using "session.save_path" value from php.ini.
INFO - 2020-03-18 12:06:50 --> Session: Class initialized using 'files' driver.
INFO - 2020-03-18 12:06:50 --> Helper loaded: form_helper
INFO - 2020-03-18 12:06:50 --> Form Validation Class Initialized
INFO - 2020-03-18 12:06:50 --> Controller Class Initialized
INFO - 2020-03-18 12:06:50 --> Model "M_scholar" initialized
INFO - 2020-03-18 12:06:50 --> Model "M_school" initialized
INFO - 2020-03-18 12:06:50 --> Model "M_reports" initialized
INFO - 2020-03-18 12:06:57 --> Config Class Initialized
INFO - 2020-03-18 12:06:57 --> Hooks Class Initialized
DEBUG - 2020-03-18 12:06:57 --> UTF-8 Support Enabled
INFO - 2020-03-18 12:06:57 --> Utf8 Class Initialized
INFO - 2020-03-18 12:06:57 --> URI Class Initialized
INFO - 2020-03-18 12:06:57 --> Router Class Initialized
INFO - 2020-03-18 12:06:57 --> Output Class Initialized
INFO - 2020-03-18 12:06:57 --> Security Class Initialized
DEBUG - 2020-03-18 12:06:57 --> Global POST, GET and COOKIE data sanitized
INFO - 2020-03-18 12:06:57 --> CSRF cookie sent
INFO - 2020-03-18 12:06:57 --> Input Class Initialized
INFO - 2020-03-18 12:06:57 --> Language Class Initialized
INFO - 2020-03-18 12:06:57 --> Loader Class Initialized
INFO - 2020-03-18 12:06:57 --> Helper loaded: url_helper
INFO - 2020-03-18 12:06:57 --> Helper loaded: file_helper
INFO - 2020-03-18 12:06:57 --> Helper loaded: text_helper
INFO - 2020-03-18 12:06:57 --> Helper loaded: string_helper
INFO - 2020-03-18 12:06:57 --> Database Driver Class Initialized
INFO - 2020-03-18 12:06:57 --> Email Class Initialized
DEBUG - 2020-03-18 12:06:57 --> Session: "sess_save_path" is empty; using "session.save_path" value from php.ini.
INFO - 2020-03-18 12:06:57 --> Session: Class initialized using 'files' driver.
INFO - 2020-03-18 12:06:57 --> Helper loaded: form_helper
INFO - 2020-03-18 12:06:57 --> Form Validation Class Initialized
INFO - 2020-03-18 12:06:57 --> Controller Class Initialized
INFO - 2020-03-18 12:06:57 --> Model "M_scholar" initialized
INFO - 2020-03-18 12:06:57 --> Model "M_school" initialized
INFO - 2020-03-18 12:06:57 --> Model "M_reports" initialized
INFO - 2020-03-18 12:21:03 --> Config Class Initialized
INFO - 2020-03-18 12:21:03 --> Hooks Class Initialized
DEBUG - 2020-03-18 12:21:03 --> UTF-8 Support Enabled
INFO - 2020-03-18 12:21:03 --> Utf8 Class Initialized
INFO - 2020-03-18 12:21:03 --> URI Class Initialized
INFO - 2020-03-18 12:21:03 --> Router Class Initialized
INFO - 2020-03-18 12:21:03 --> Output Class Initialized
INFO - 2020-03-18 12:21:03 --> Security Class Initialized
DEBUG - 2020-03-18 12:21:03 --> Global POST, GET and COOKIE data sanitized
INFO - 2020-03-18 12:21:03 --> CSRF cookie sent
INFO - 2020-03-18 12:21:03 --> Input Class Initialized
INFO - 2020-03-18 12:21:03 --> Language Class Initialized
INFO - 2020-03-18 12:21:03 --> Loader Class Initialized
INFO - 2020-03-18 12:21:03 --> Helper loaded: url_helper
INFO - 2020-03-18 12:21:03 --> Helper loaded: file_helper
INFO - 2020-03-18 12:21:03 --> Helper loaded: text_helper
INFO - 2020-03-18 12:21:03 --> Helper loaded: string_helper
INFO - 2020-03-18 12:21:03 --> Database Driver Class Initialized
INFO - 2020-03-18 12:21:04 --> Email Class Initialized
DEBUG - 2020-03-18 12:21:04 --> Session: "sess_save_path" is empty; using "session.save_path" value from php.ini.
INFO - 2020-03-18 12:21:04 --> Session: Class initialized using 'files' driver.
INFO - 2020-03-18 12:21:04 --> Helper loaded: form_helper
INFO - 2020-03-18 12:21:04 --> Form Validation Class Initialized
INFO - 2020-03-18 12:21:04 --> Controller Class Initialized
INFO - 2020-03-18 12:21:04 --> Model "M_scholar" initialized
INFO - 2020-03-18 12:21:04 --> Model "M_school" initialized
INFO - 2020-03-18 12:21:04 --> Model "M_reports" initialized
INFO - 2020-03-18 12:22:46 --> Config Class Initialized
INFO - 2020-03-18 12:22:46 --> Hooks Class Initialized
DEBUG - 2020-03-18 12:22:46 --> UTF-8 Support Enabled
INFO - 2020-03-18 12:22:46 --> Utf8 Class Initialized
INFO - 2020-03-18 12:22:46 --> URI Class Initialized
INFO - 2020-03-18 12:22:46 --> Router Class Initialized
INFO - 2020-03-18 12:22:46 --> Output Class Initialized
INFO - 2020-03-18 12:22:46 --> Security Class Initialized
DEBUG - 2020-03-18 12:22:46 --> Global POST, GET and COOKIE data sanitized
INFO - 2020-03-18 12:22:46 --> CSRF cookie sent
INFO - 2020-03-18 12:22:46 --> Input Class Initialized
INFO - 2020-03-18 12:22:46 --> Language Class Initialized
INFO - 2020-03-18 12:22:46 --> Loader Class Initialized
INFO - 2020-03-18 12:22:46 --> Helper loaded: url_helper
INFO - 2020-03-18 12:22:46 --> Helper loaded: file_helper
INFO - 2020-03-18 12:22:46 --> Helper loaded: text_helper
INFO - 2020-03-18 12:22:46 --> Helper loaded: string_helper
INFO - 2020-03-18 12:22:46 --> Database Driver Class Initialized
INFO - 2020-03-18 12:22:46 --> Email Class Initialized
DEBUG - 2020-03-18 12:22:46 --> Session: "sess_save_path" is empty; using "session.save_path" value from php.ini.
INFO - 2020-03-18 12:22:46 --> Session: Class initialized using 'files' driver.
INFO - 2020-03-18 12:22:46 --> Helper loaded: form_helper
INFO - 2020-03-18 12:22:46 --> Form Validation Class Initialized
INFO - 2020-03-18 12:22:46 --> Controller Class Initialized
INFO - 2020-03-18 12:22:46 --> Model "M_scholar" initialized
INFO - 2020-03-18 12:22:46 --> Model "M_school" initialized
INFO - 2020-03-18 12:22:46 --> Model "M_reports" initialized
INFO - 2020-03-18 12:22:57 --> Config Class Initialized
INFO - 2020-03-18 12:22:57 --> Hooks Class Initialized
DEBUG - 2020-03-18 12:22:57 --> UTF-8 Support Enabled
INFO - 2020-03-18 12:22:57 --> Utf8 Class Initialized
INFO - 2020-03-18 12:22:57 --> URI Class Initialized
INFO - 2020-03-18 12:22:57 --> Router Class Initialized
INFO - 2020-03-18 12:22:57 --> Output Class Initialized
INFO - 2020-03-18 12:22:57 --> Security Class Initialized
DEBUG - 2020-03-18 12:22:57 --> Global POST, GET and COOKIE data sanitized
INFO - 2020-03-18 12:22:57 --> CSRF cookie sent
INFO - 2020-03-18 12:22:57 --> Input Class Initialized
INFO - 2020-03-18 12:22:57 --> Language Class Initialized
INFO - 2020-03-18 12:22:57 --> Loader Class Initialized
INFO - 2020-03-18 12:22:57 --> Helper loaded: url_helper
INFO - 2020-03-18 12:22:57 --> Helper loaded: file_helper
INFO - 2020-03-18 12:22:57 --> Helper loaded: text_helper
INFO - 2020-03-18 12:22:57 --> Helper loaded: string_helper
INFO - 2020-03-18 12:22:57 --> Database Driver Class Initialized
INFO - 2020-03-18 12:22:57 --> Email Class Initialized
DEBUG - 2020-03-18 12:22:57 --> Session: "sess_save_path" is empty; using "session.save_path" value from php.ini.
INFO - 2020-03-18 12:22:57 --> Session: Class initialized using 'files' driver.
INFO - 2020-03-18 12:22:57 --> Helper loaded: form_helper
INFO - 2020-03-18 12:22:57 --> Form Validation Class Initialized
INFO - 2020-03-18 12:22:57 --> Controller Class Initialized
INFO - 2020-03-18 12:22:57 --> Model "M_scholar" initialized
INFO - 2020-03-18 12:22:57 --> Model "M_school" initialized
INFO - 2020-03-18 12:22:57 --> Model "M_reports" initialized
INFO - 2020-03-18 12:22:57 --> File loaded: C:\xampp\htdocs\scholarship\admin\views\include/header.php
INFO - 2020-03-18 12:22:57 --> File loaded: C:\xampp\htdocs\scholarship\admin\views\include/menu.php
INFO - 2020-03-18 12:22:57 --> File loaded: C:\xampp\htdocs\scholarship\admin\views\include/footer.php
INFO - 2020-03-18 12:22:57 --> File loaded: C:\xampp\htdocs\scholarship\admin\views\reports/scholarship.php
INFO - 2020-03-18 12:22:57 --> Final output sent to browser
DEBUG - 2020-03-18 12:22:57 --> Total execution time: 0.3447
INFO - 2020-03-18 12:25:08 --> Config Class Initialized
INFO - 2020-03-18 12:25:08 --> Hooks Class Initialized
DEBUG - 2020-03-18 12:25:08 --> UTF-8 Support Enabled
INFO - 2020-03-18 12:25:08 --> Utf8 Class Initialized
INFO - 2020-03-18 12:25:08 --> URI Class Initialized
INFO - 2020-03-18 12:25:08 --> Router Class Initialized
INFO - 2020-03-18 12:25:08 --> Output Class Initialized
INFO - 2020-03-18 12:25:08 --> Security Class Initialized
DEBUG - 2020-03-18 12:25:08 --> Global POST, GET and COOKIE data sanitized
INFO - 2020-03-18 12:25:08 --> CSRF cookie sent
INFO - 2020-03-18 12:25:08 --> Input Class Initialized
INFO - 2020-03-18 12:25:08 --> Language Class Initialized
INFO - 2020-03-18 12:25:08 --> Loader Class Initialized
INFO - 2020-03-18 12:25:08 --> Helper loaded: url_helper
INFO - 2020-03-18 12:25:08 --> Helper loaded: file_helper
INFO - 2020-03-18 12:25:08 --> Helper loaded: text_helper
INFO - 2020-03-18 12:25:08 --> Helper loaded: string_helper
INFO - 2020-03-18 12:25:08 --> Database Driver Class Initialized
INFO - 2020-03-18 12:25:08 --> Email Class Initialized
DEBUG - 2020-03-18 12:25:08 --> Session: "sess_save_path" is empty; using "session.save_path" value from php.ini.
INFO - 2020-03-18 12:25:08 --> Session: Class initialized using 'files' driver.
INFO - 2020-03-18 12:25:08 --> Helper loaded: form_helper
INFO - 2020-03-18 12:25:08 --> Form Validation Class Initialized
INFO - 2020-03-18 12:25:08 --> Controller Class Initialized
INFO - 2020-03-18 12:25:08 --> Model "M_scholar" initialized
INFO - 2020-03-18 12:25:08 --> Model "M_school" initialized
INFO - 2020-03-18 12:25:08 --> Model "M_reports" initialized
INFO - 2020-03-18 12:25:08 --> File loaded: C:\xampp\htdocs\scholarship\admin\views\include/header.php
INFO - 2020-03-18 12:25:08 --> File loaded: C:\xampp\htdocs\scholarship\admin\views\include/menu.php
INFO - 2020-03-18 12:25:08 --> File loaded: C:\xampp\htdocs\scholarship\admin\views\include/footer.php
INFO - 2020-03-18 12:25:08 --> File loaded: C:\xampp\htdocs\scholarship\admin\views\reports/scholarship.php
INFO - 2020-03-18 12:25:08 --> Final output sent to browser
DEBUG - 2020-03-18 12:25:08 --> Total execution time: 0.2814
INFO - 2020-03-18 12:25:11 --> Config Class Initialized
INFO - 2020-03-18 12:25:12 --> Hooks Class Initialized
DEBUG - 2020-03-18 12:25:12 --> UTF-8 Support Enabled
INFO - 2020-03-18 12:25:12 --> Utf8 Class Initialized
INFO - 2020-03-18 12:25:12 --> URI Class Initialized
INFO - 2020-03-18 12:25:12 --> Router Class Initialized
INFO - 2020-03-18 12:25:12 --> Output Class Initialized
INFO - 2020-03-18 12:25:12 --> Security Class Initialized
DEBUG - 2020-03-18 12:25:12 --> Global POST, GET and COOKIE data sanitized
INFO - 2020-03-18 12:25:12 --> CSRF cookie sent
INFO - 2020-03-18 12:25:12 --> Input Class Initialized
INFO - 2020-03-18 12:25:12 --> Language Class Initialized
INFO - 2020-03-18 12:25:12 --> Loader Class Initialized
INFO - 2020-03-18 12:25:12 --> Helper loaded: url_helper
INFO - 2020-03-18 12:25:12 --> Helper loaded: file_helper
INFO - 2020-03-18 12:25:12 --> Helper loaded: text_helper
INFO - 2020-03-18 12:25:12 --> Helper loaded: string_helper
INFO - 2020-03-18 12:25:12 --> Database Driver Class Initialized
INFO - 2020-03-18 12:25:12 --> Email Class Initialized
DEBUG - 2020-03-18 12:25:12 --> Session: "sess_save_path" is empty; using "session.save_path" value from php.ini.
INFO - 2020-03-18 12:25:12 --> Session: Class initialized using 'files' driver.
INFO - 2020-03-18 12:25:12 --> Helper loaded: form_helper
INFO - 2020-03-18 12:25:12 --> Form Validation Class Initialized
INFO - 2020-03-18 12:25:12 --> Controller Class Initialized
INFO - 2020-03-18 12:25:12 --> Model "M_scholar" initialized
INFO - 2020-03-18 12:25:12 --> Model "M_school" initialized
INFO - 2020-03-18 12:25:12 --> Model "M_reports" initialized
INFO - 2020-03-18 12:25:12 --> File loaded: C:\xampp\htdocs\scholarship\admin\views\include/header.php
INFO - 2020-03-18 12:25:12 --> File loaded: C:\xampp\htdocs\scholarship\admin\views\include/menu.php
INFO - 2020-03-18 12:25:12 --> File loaded: C:\xampp\htdocs\scholarship\admin\views\include/footer.php
INFO - 2020-03-18 12:25:12 --> File loaded: C:\xampp\htdocs\scholarship\admin\views\reports/scholarship.php
INFO - 2020-03-18 12:25:12 --> Final output sent to browser
DEBUG - 2020-03-18 12:25:12 --> Total execution time: 0.2908
INFO - 2020-03-18 12:25:30 --> Config Class Initialized
INFO - 2020-03-18 12:25:30 --> Hooks Class Initialized
DEBUG - 2020-03-18 12:25:30 --> UTF-8 Support Enabled
INFO - 2020-03-18 12:25:30 --> Utf8 Class Initialized
INFO - 2020-03-18 12:25:30 --> URI Class Initialized
INFO - 2020-03-18 12:25:30 --> Router Class Initialized
INFO - 2020-03-18 12:25:30 --> Output Class Initialized
INFO - 2020-03-18 12:25:30 --> Security Class Initialized
DEBUG - 2020-03-18 12:25:30 --> Global POST, GET and COOKIE data sanitized
INFO - 2020-03-18 12:25:30 --> CSRF cookie sent
INFO - 2020-03-18 12:25:30 --> Input Class Initialized
INFO - 2020-03-18 12:25:30 --> Language Class Initialized
INFO - 2020-03-18 12:25:30 --> Loader Class Initialized
INFO - 2020-03-18 12:25:30 --> Helper loaded: url_helper
INFO - 2020-03-18 12:25:30 --> Helper loaded: file_helper
INFO - 2020-03-18 12:25:31 --> Helper loaded: text_helper
INFO - 2020-03-18 12:25:31 --> Helper loaded: string_helper
INFO - 2020-03-18 12:25:31 --> Database Driver Class Initialized
INFO - 2020-03-18 12:25:31 --> Email Class Initialized
DEBUG - 2020-03-18 12:25:31 --> Session: "sess_save_path" is empty; using "session.save_path" value from php.ini.
INFO - 2020-03-18 12:25:31 --> Session: Class initialized using 'files' driver.
INFO - 2020-03-18 12:25:31 --> Helper loaded: form_helper
INFO - 2020-03-18 12:25:31 --> Form Validation Class Initialized
INFO - 2020-03-18 12:25:31 --> Controller Class Initialized
INFO - 2020-03-18 12:25:31 --> Model "M_scholar" initialized
INFO - 2020-03-18 12:25:31 --> Model "M_school" initialized
INFO - 2020-03-18 12:25:31 --> Model "M_reports" initialized
INFO - 2020-03-18 12:25:31 --> File loaded: C:\xampp\htdocs\scholarship\admin\views\include/header.php
INFO - 2020-03-18 12:25:31 --> File loaded: C:\xampp\htdocs\scholarship\admin\views\include/menu.php
ERROR - 2020-03-18 12:25:31 --> Severity: 4096 --> Object of class stdClass could not be converted to string C:\xampp\htdocs\scholarship\admin\views\reports\scholarship.php 124
ERROR - 2020-03-18 12:25:31 --> Severity: 4096 --> Object of class stdClass could not be converted to string C:\xampp\htdocs\scholarship\admin\views\reports\scholarship.php 124
INFO - 2020-03-18 12:25:31 --> File loaded: C:\xampp\htdocs\scholarship\admin\views\include/footer.php
INFO - 2020-03-18 12:25:31 --> File loaded: C:\xampp\htdocs\scholarship\admin\views\reports/scholarship.php
INFO - 2020-03-18 12:25:31 --> Final output sent to browser
DEBUG - 2020-03-18 12:25:31 --> Total execution time: 0.3616
INFO - 2020-03-18 12:25:43 --> Config Class Initialized
INFO - 2020-03-18 12:25:43 --> Hooks Class Initialized
DEBUG - 2020-03-18 12:25:43 --> UTF-8 Support Enabled
INFO - 2020-03-18 12:25:43 --> Utf8 Class Initialized
INFO - 2020-03-18 12:25:43 --> URI Class Initialized
INFO - 2020-03-18 12:25:43 --> Router Class Initialized
INFO - 2020-03-18 12:25:43 --> Output Class Initialized
INFO - 2020-03-18 12:25:43 --> Security Class Initialized
DEBUG - 2020-03-18 12:25:43 --> Global POST, GET and COOKIE data sanitized
INFO - 2020-03-18 12:25:43 --> CSRF cookie sent
INFO - 2020-03-18 12:25:43 --> Input Class Initialized
INFO - 2020-03-18 12:25:43 --> Language Class Initialized
INFO - 2020-03-18 12:25:43 --> Loader Class Initialized
INFO - 2020-03-18 12:25:43 --> Helper loaded: url_helper
INFO - 2020-03-18 12:25:43 --> Helper loaded: file_helper
INFO - 2020-03-18 12:25:43 --> Helper loaded: text_helper
INFO - 2020-03-18 12:25:43 --> Helper loaded: string_helper
INFO - 2020-03-18 12:25:43 --> Database Driver Class Initialized
INFO - 2020-03-18 12:25:43 --> Email Class Initialized
DEBUG - 2020-03-18 12:25:43 --> Session: "sess_save_path" is empty; using "session.save_path" value from php.ini.
INFO - 2020-03-18 12:25:43 --> Session: Class initialized using 'files' driver.
INFO - 2020-03-18 12:25:44 --> Helper loaded: form_helper
INFO - 2020-03-18 12:25:44 --> Form Validation Class Initialized
INFO - 2020-03-18 12:25:44 --> Controller Class Initialized
INFO - 2020-03-18 12:25:44 --> Model "M_scholar" initialized
INFO - 2020-03-18 12:25:44 --> Model "M_school" initialized
INFO - 2020-03-18 12:25:44 --> Model "M_reports" initialized
INFO - 2020-03-18 12:25:44 --> File loaded: C:\xampp\htdocs\scholarship\admin\views\include/header.php
INFO - 2020-03-18 12:25:44 --> File loaded: C:\xampp\htdocs\scholarship\admin\views\include/menu.php
INFO - 2020-03-18 12:25:44 --> File loaded: C:\xampp\htdocs\scholarship\admin\views\include/footer.php
INFO - 2020-03-18 12:25:44 --> File loaded: C:\xampp\htdocs\scholarship\admin\views\reports/scholarship.php
INFO - 2020-03-18 12:25:44 --> Final output sent to browser
DEBUG - 2020-03-18 12:25:44 --> Total execution time: 0.3155
INFO - 2020-03-18 12:26:09 --> Config Class Initialized
INFO - 2020-03-18 12:26:09 --> Hooks Class Initialized
DEBUG - 2020-03-18 12:26:09 --> UTF-8 Support Enabled
INFO - 2020-03-18 12:26:09 --> Utf8 Class Initialized
INFO - 2020-03-18 12:26:09 --> URI Class Initialized
INFO - 2020-03-18 12:26:09 --> Router Class Initialized
INFO - 2020-03-18 12:26:09 --> Output Class Initialized
INFO - 2020-03-18 12:26:09 --> Security Class Initialized
DEBUG - 2020-03-18 12:26:09 --> Global POST, GET and COOKIE data sanitized
INFO - 2020-03-18 12:26:09 --> CSRF cookie sent
INFO - 2020-03-18 12:26:09 --> Input Class Initialized
INFO - 2020-03-18 12:26:09 --> Language Class Initialized
INFO - 2020-03-18 12:26:09 --> Loader Class Initialized
INFO - 2020-03-18 12:26:09 --> Helper loaded: url_helper
INFO - 2020-03-18 12:26:09 --> Helper loaded: file_helper
INFO - 2020-03-18 12:26:09 --> Helper loaded: text_helper
INFO - 2020-03-18 12:26:09 --> Helper loaded: string_helper
INFO - 2020-03-18 12:26:09 --> Database Driver Class Initialized
INFO - 2020-03-18 12:26:09 --> Email Class Initialized
DEBUG - 2020-03-18 12:26:09 --> Session: "sess_save_path" is empty; using "session.save_path" value from php.ini.
INFO - 2020-03-18 12:26:09 --> Session: Class initialized using 'files' driver.
INFO - 2020-03-18 12:26:09 --> Helper loaded: form_helper
INFO - 2020-03-18 12:26:09 --> Form Validation Class Initialized
INFO - 2020-03-18 12:26:09 --> Controller Class Initialized
INFO - 2020-03-18 12:26:09 --> Model "M_scholar" initialized
INFO - 2020-03-18 12:26:09 --> Model "M_school" initialized
INFO - 2020-03-18 12:26:09 --> Model "M_reports" initialized
INFO - 2020-03-18 12:26:09 --> File loaded: C:\xampp\htdocs\scholarship\admin\views\include/header.php
INFO - 2020-03-18 12:26:09 --> File loaded: C:\xampp\htdocs\scholarship\admin\views\include/menu.php
INFO - 2020-03-18 12:26:09 --> File loaded: C:\xampp\htdocs\scholarship\admin\views\include/footer.php
INFO - 2020-03-18 12:26:09 --> File loaded: C:\xampp\htdocs\scholarship\admin\views\reports/scholarship.php
INFO - 2020-03-18 12:26:09 --> Final output sent to browser
DEBUG - 2020-03-18 12:26:09 --> Total execution time: 0.3566
INFO - 2020-03-18 12:26:18 --> Config Class Initialized
INFO - 2020-03-18 12:26:18 --> Hooks Class Initialized
DEBUG - 2020-03-18 12:26:18 --> UTF-8 Support Enabled
INFO - 2020-03-18 12:26:18 --> Utf8 Class Initialized
INFO - 2020-03-18 12:26:18 --> URI Class Initialized
INFO - 2020-03-18 12:26:18 --> Router Class Initialized
INFO - 2020-03-18 12:26:18 --> Output Class Initialized
INFO - 2020-03-18 12:26:18 --> Security Class Initialized
DEBUG - 2020-03-18 12:26:18 --> Global POST, GET and COOKIE data sanitized
INFO - 2020-03-18 12:26:18 --> CSRF cookie sent
INFO - 2020-03-18 12:26:18 --> Input Class Initialized
INFO - 2020-03-18 12:26:18 --> Language Class Initialized
INFO - 2020-03-18 12:26:18 --> Loader Class Initialized
INFO - 2020-03-18 12:26:18 --> Helper loaded: url_helper
INFO - 2020-03-18 12:26:18 --> Helper loaded: file_helper
INFO - 2020-03-18 12:26:18 --> Helper loaded: text_helper
INFO - 2020-03-18 12:26:18 --> Helper loaded: string_helper
INFO - 2020-03-18 12:26:18 --> Database Driver Class Initialized
INFO - 2020-03-18 12:26:18 --> Email Class Initialized
DEBUG - 2020-03-18 12:26:18 --> Session: "sess_save_path" is empty; using "session.save_path" value from php.ini.
INFO - 2020-03-18 12:26:18 --> Session: Class initialized using 'files' driver.
INFO - 2020-03-18 12:26:18 --> Helper loaded: form_helper
INFO - 2020-03-18 12:26:18 --> Form Validation Class Initialized
INFO - 2020-03-18 12:26:18 --> Controller Class Initialized
INFO - 2020-03-18 12:26:18 --> Model "M_scholar" initialized
INFO - 2020-03-18 12:26:18 --> Model "M_school" initialized
INFO - 2020-03-18 12:26:18 --> Model "M_reports" initialized
INFO - 2020-03-18 12:26:18 --> File loaded: C:\xampp\htdocs\scholarship\admin\views\include/header.php
INFO - 2020-03-18 12:26:18 --> File loaded: C:\xampp\htdocs\scholarship\admin\views\include/menu.php
INFO - 2020-03-18 12:26:18 --> File loaded: C:\xampp\htdocs\scholarship\admin\views\include/footer.php
INFO - 2020-03-18 12:26:18 --> File loaded: C:\xampp\htdocs\scholarship\admin\views\reports/scholarship.php
INFO - 2020-03-18 12:26:18 --> Final output sent to browser
DEBUG - 2020-03-18 12:26:18 --> Total execution time: 0.3281
INFO - 2020-03-18 12:27:52 --> Config Class Initialized
INFO - 2020-03-18 12:27:52 --> Hooks Class Initialized
DEBUG - 2020-03-18 12:27:52 --> UTF-8 Support Enabled
INFO - 2020-03-18 12:27:52 --> Utf8 Class Initialized
INFO - 2020-03-18 12:27:52 --> URI Class Initialized
INFO - 2020-03-18 12:27:52 --> Router Class Initialized
INFO - 2020-03-18 12:27:52 --> Output Class Initialized
INFO - 2020-03-18 12:27:52 --> Security Class Initialized
DEBUG - 2020-03-18 12:27:52 --> Global POST, GET and COOKIE data sanitized
INFO - 2020-03-18 12:27:52 --> CSRF cookie sent
INFO - 2020-03-18 12:27:52 --> Input Class Initialized
INFO - 2020-03-18 12:27:52 --> Language Class Initialized
INFO - 2020-03-18 12:27:53 --> Loader Class Initialized
INFO - 2020-03-18 12:27:53 --> Helper loaded: url_helper
INFO - 2020-03-18 12:27:53 --> Helper loaded: file_helper
INFO - 2020-03-18 12:27:53 --> Helper loaded: text_helper
INFO - 2020-03-18 12:27:53 --> Helper loaded: string_helper
INFO - 2020-03-18 12:27:53 --> Database Driver Class Initialized
INFO - 2020-03-18 12:27:53 --> Email Class Initialized
DEBUG - 2020-03-18 12:27:53 --> Session: "sess_save_path" is empty; using "session.save_path" value from php.ini.
INFO - 2020-03-18 12:27:53 --> Session: Class initialized using 'files' driver.
INFO - 2020-03-18 12:27:53 --> Helper loaded: form_helper
INFO - 2020-03-18 12:27:53 --> Form Validation Class Initialized
INFO - 2020-03-18 12:27:53 --> Controller Class Initialized
INFO - 2020-03-18 12:27:53 --> Model "M_scholar" initialized
INFO - 2020-03-18 12:27:53 --> Model "M_school" initialized
INFO - 2020-03-18 12:27:53 --> Model "M_reports" initialized
INFO - 2020-03-18 12:27:53 --> File loaded: C:\xampp\htdocs\scholarship\admin\views\include/header.php
INFO - 2020-03-18 12:27:53 --> File loaded: C:\xampp\htdocs\scholarship\admin\views\include/menu.php
INFO - 2020-03-18 12:27:53 --> File loaded: C:\xampp\htdocs\scholarship\admin\views\include/footer.php
INFO - 2020-03-18 12:27:53 --> File loaded: C:\xampp\htdocs\scholarship\admin\views\reports/scholarship.php
INFO - 2020-03-18 12:27:53 --> Final output sent to browser
DEBUG - 2020-03-18 12:27:53 --> Total execution time: 0.2853
INFO - 2020-03-18 12:27:58 --> Config Class Initialized
INFO - 2020-03-18 12:27:58 --> Hooks Class Initialized
DEBUG - 2020-03-18 12:27:58 --> UTF-8 Support Enabled
INFO - 2020-03-18 12:27:58 --> Utf8 Class Initialized
INFO - 2020-03-18 12:27:58 --> URI Class Initialized
INFO - 2020-03-18 12:27:58 --> Router Class Initialized
INFO - 2020-03-18 12:27:58 --> Output Class Initialized
INFO - 2020-03-18 12:27:58 --> Security Class Initialized
DEBUG - 2020-03-18 12:27:58 --> Global POST, GET and COOKIE data sanitized
INFO - 2020-03-18 12:27:58 --> CSRF cookie sent
INFO - 2020-03-18 12:27:58 --> Input Class Initialized
INFO - 2020-03-18 12:27:58 --> Language Class Initialized
INFO - 2020-03-18 12:27:58 --> Loader Class Initialized
INFO - 2020-03-18 12:27:58 --> Helper loaded: url_helper
INFO - 2020-03-18 12:27:58 --> Helper loaded: file_helper
INFO - 2020-03-18 12:27:58 --> Helper loaded: text_helper
INFO - 2020-03-18 12:27:58 --> Helper loaded: string_helper
INFO - 2020-03-18 12:27:58 --> Database Driver Class Initialized
INFO - 2020-03-18 12:27:58 --> Email Class Initialized
DEBUG - 2020-03-18 12:27:58 --> Session: "sess_save_path" is empty; using "session.save_path" value from php.ini.
INFO - 2020-03-18 12:27:58 --> Session: Class initialized using 'files' driver.
INFO - 2020-03-18 12:27:58 --> Helper loaded: form_helper
INFO - 2020-03-18 12:27:58 --> Form Validation Class Initialized
INFO - 2020-03-18 12:27:58 --> Controller Class Initialized
INFO - 2020-03-18 12:27:58 --> Model "M_scholar" initialized
INFO - 2020-03-18 12:27:58 --> Model "M_school" initialized
INFO - 2020-03-18 12:27:58 --> Model "M_reports" initialized
INFO - 2020-03-18 12:27:58 --> File loaded: C:\xampp\htdocs\scholarship\admin\views\include/header.php
INFO - 2020-03-18 12:27:58 --> File loaded: C:\xampp\htdocs\scholarship\admin\views\include/menu.php
INFO - 2020-03-18 12:27:58 --> File loaded: C:\xampp\htdocs\scholarship\admin\views\include/footer.php
INFO - 2020-03-18 12:27:58 --> File loaded: C:\xampp\htdocs\scholarship\admin\views\reports/scholarship.php
INFO - 2020-03-18 12:27:58 --> Final output sent to browser
DEBUG - 2020-03-18 12:27:58 --> Total execution time: 0.2795
INFO - 2020-03-18 12:28:02 --> Config Class Initialized
INFO - 2020-03-18 12:28:02 --> Hooks Class Initialized
DEBUG - 2020-03-18 12:28:02 --> UTF-8 Support Enabled
INFO - 2020-03-18 12:28:02 --> Utf8 Class Initialized
INFO - 2020-03-18 12:28:02 --> URI Class Initialized
INFO - 2020-03-18 12:28:02 --> Router Class Initialized
INFO - 2020-03-18 12:28:02 --> Output Class Initialized
INFO - 2020-03-18 12:28:02 --> Security Class Initialized
DEBUG - 2020-03-18 12:28:02 --> Global POST, GET and COOKIE data sanitized
INFO - 2020-03-18 12:28:02 --> CSRF cookie sent
INFO - 2020-03-18 12:28:02 --> Input Class Initialized
INFO - 2020-03-18 12:28:02 --> Language Class Initialized
INFO - 2020-03-18 12:28:02 --> Loader Class Initialized
INFO - 2020-03-18 12:28:02 --> Helper loaded: url_helper
INFO - 2020-03-18 12:28:02 --> Helper loaded: file_helper
INFO - 2020-03-18 12:28:02 --> Helper loaded: text_helper
INFO - 2020-03-18 12:28:02 --> Helper loaded: string_helper
INFO - 2020-03-18 12:28:02 --> Database Driver Class Initialized
INFO - 2020-03-18 12:28:02 --> Email Class Initialized
DEBUG - 2020-03-18 12:28:02 --> Session: "sess_save_path" is empty; using "session.save_path" value from php.ini.
INFO - 2020-03-18 12:28:02 --> Session: Class initialized using 'files' driver.
INFO - 2020-03-18 12:28:02 --> Helper loaded: form_helper
INFO - 2020-03-18 12:28:02 --> Form Validation Class Initialized
INFO - 2020-03-18 12:28:02 --> Controller Class Initialized
INFO - 2020-03-18 12:28:02 --> Model "M_scholar" initialized
INFO - 2020-03-18 12:28:02 --> Model "M_school" initialized
INFO - 2020-03-18 12:28:02 --> Model "M_reports" initialized
INFO - 2020-03-18 12:28:02 --> File loaded: C:\xampp\htdocs\scholarship\admin\views\include/header.php
INFO - 2020-03-18 12:28:02 --> File loaded: C:\xampp\htdocs\scholarship\admin\views\include/menu.php
INFO - 2020-03-18 12:28:02 --> File loaded: C:\xampp\htdocs\scholarship\admin\views\include/footer.php
INFO - 2020-03-18 12:28:02 --> File loaded: C:\xampp\htdocs\scholarship\admin\views\reports/scholarship.php
INFO - 2020-03-18 12:28:02 --> Final output sent to browser
DEBUG - 2020-03-18 12:28:02 --> Total execution time: 0.2897
INFO - 2020-03-18 12:34:32 --> Config Class Initialized
INFO - 2020-03-18 12:34:32 --> Hooks Class Initialized
DEBUG - 2020-03-18 12:34:32 --> UTF-8 Support Enabled
INFO - 2020-03-18 12:34:32 --> Utf8 Class Initialized
INFO - 2020-03-18 12:34:32 --> URI Class Initialized
INFO - 2020-03-18 12:34:32 --> Router Class Initialized
INFO - 2020-03-18 12:34:32 --> Output Class Initialized
INFO - 2020-03-18 12:34:32 --> Security Class Initialized
DEBUG - 2020-03-18 12:34:32 --> Global POST, GET and COOKIE data sanitized
INFO - 2020-03-18 12:34:32 --> CSRF cookie sent
INFO - 2020-03-18 12:34:32 --> Input Class Initialized
INFO - 2020-03-18 12:34:32 --> Language Class Initialized
INFO - 2020-03-18 12:34:32 --> Loader Class Initialized
INFO - 2020-03-18 12:34:32 --> Helper loaded: url_helper
INFO - 2020-03-18 12:34:32 --> Helper loaded: file_helper
INFO - 2020-03-18 12:34:32 --> Helper loaded: text_helper
INFO - 2020-03-18 12:34:32 --> Helper loaded: string_helper
INFO - 2020-03-18 12:34:32 --> Database Driver Class Initialized
INFO - 2020-03-18 12:34:32 --> Email Class Initialized
DEBUG - 2020-03-18 12:34:32 --> Session: "sess_save_path" is empty; using "session.save_path" value from php.ini.
INFO - 2020-03-18 12:34:32 --> Session: Class initialized using 'files' driver.
INFO - 2020-03-18 12:34:32 --> Helper loaded: form_helper
INFO - 2020-03-18 12:34:32 --> Form Validation Class Initialized
INFO - 2020-03-18 12:34:32 --> Controller Class Initialized
INFO - 2020-03-18 12:34:32 --> Model "M_scholar" initialized
INFO - 2020-03-18 12:34:32 --> Model "M_school" initialized
INFO - 2020-03-18 12:34:32 --> Model "M_reports" initialized
INFO - 2020-03-18 12:34:32 --> File loaded: C:\xampp\htdocs\scholarship\admin\views\include/header.php
INFO - 2020-03-18 12:34:32 --> File loaded: C:\xampp\htdocs\scholarship\admin\views\include/menu.php
INFO - 2020-03-18 12:34:32 --> File loaded: C:\xampp\htdocs\scholarship\admin\views\include/footer.php
INFO - 2020-03-18 12:34:32 --> File loaded: C:\xampp\htdocs\scholarship\admin\views\reports/scholarship.php
INFO - 2020-03-18 12:34:32 --> Final output sent to browser
DEBUG - 2020-03-18 12:34:32 --> Total execution time: 0.2747
INFO - 2020-03-18 12:34:34 --> Config Class Initialized
INFO - 2020-03-18 12:34:34 --> Hooks Class Initialized
DEBUG - 2020-03-18 12:34:34 --> UTF-8 Support Enabled
INFO - 2020-03-18 12:34:34 --> Utf8 Class Initialized
INFO - 2020-03-18 12:34:34 --> URI Class Initialized
INFO - 2020-03-18 12:34:34 --> Router Class Initialized
INFO - 2020-03-18 12:34:34 --> Output Class Initialized
INFO - 2020-03-18 12:34:34 --> Security Class Initialized
DEBUG - 2020-03-18 12:34:34 --> Global POST, GET and COOKIE data sanitized
INFO - 2020-03-18 12:34:34 --> CSRF cookie sent
INFO - 2020-03-18 12:34:34 --> Input Class Initialized
INFO - 2020-03-18 12:34:34 --> Language Class Initialized
INFO - 2020-03-18 12:34:34 --> Loader Class Initialized
INFO - 2020-03-18 12:34:34 --> Helper loaded: url_helper
INFO - 2020-03-18 12:34:34 --> Helper loaded: file_helper
INFO - 2020-03-18 12:34:34 --> Helper loaded: text_helper
INFO - 2020-03-18 12:34:34 --> Helper loaded: string_helper
INFO - 2020-03-18 12:34:34 --> Database Driver Class Initialized
INFO - 2020-03-18 12:34:34 --> Email Class Initialized
DEBUG - 2020-03-18 12:34:34 --> Session: "sess_save_path" is empty; using "session.save_path" value from php.ini.
INFO - 2020-03-18 12:34:34 --> Session: Class initialized using 'files' driver.
INFO - 2020-03-18 12:34:34 --> Helper loaded: form_helper
INFO - 2020-03-18 12:34:34 --> Form Validation Class Initialized
INFO - 2020-03-18 12:34:34 --> Controller Class Initialized
INFO - 2020-03-18 12:34:34 --> Model "M_scholar" initialized
INFO - 2020-03-18 12:34:34 --> Model "M_school" initialized
INFO - 2020-03-18 12:34:34 --> Model "M_reports" initialized
INFO - 2020-03-18 12:34:34 --> File loaded: C:\xampp\htdocs\scholarship\admin\views\include/header.php
INFO - 2020-03-18 12:34:34 --> File loaded: C:\xampp\htdocs\scholarship\admin\views\include/menu.php
INFO - 2020-03-18 12:34:34 --> File loaded: C:\xampp\htdocs\scholarship\admin\views\include/footer.php
INFO - 2020-03-18 12:34:34 --> File loaded: C:\xampp\htdocs\scholarship\admin\views\reports/scholarship.php
INFO - 2020-03-18 12:34:34 --> Final output sent to browser
DEBUG - 2020-03-18 12:34:34 --> Total execution time: 0.2666
INFO - 2020-03-18 12:34:37 --> Config Class Initialized
INFO - 2020-03-18 12:34:37 --> Hooks Class Initialized
DEBUG - 2020-03-18 12:34:37 --> UTF-8 Support Enabled
INFO - 2020-03-18 12:34:37 --> Utf8 Class Initialized
INFO - 2020-03-18 12:34:37 --> URI Class Initialized
INFO - 2020-03-18 12:34:37 --> Router Class Initialized
INFO - 2020-03-18 12:34:37 --> Output Class Initialized
INFO - 2020-03-18 12:34:37 --> Security Class Initialized
DEBUG - 2020-03-18 12:34:37 --> Global POST, GET and COOKIE data sanitized
INFO - 2020-03-18 12:34:37 --> CSRF cookie sent
INFO - 2020-03-18 12:34:37 --> Input Class Initialized
INFO - 2020-03-18 12:34:37 --> Language Class Initialized
INFO - 2020-03-18 12:34:37 --> Loader Class Initialized
INFO - 2020-03-18 12:34:37 --> Helper loaded: url_helper
INFO - 2020-03-18 12:34:37 --> Helper loaded: file_helper
INFO - 2020-03-18 12:34:37 --> Helper loaded: text_helper
INFO - 2020-03-18 12:34:37 --> Helper loaded: string_helper
INFO - 2020-03-18 12:34:37 --> Database Driver Class Initialized
INFO - 2020-03-18 12:34:37 --> Email Class Initialized
DEBUG - 2020-03-18 12:34:37 --> Session: "sess_save_path" is empty; using "session.save_path" value from php.ini.
INFO - 2020-03-18 12:34:37 --> Session: Class initialized using 'files' driver.
INFO - 2020-03-18 12:34:37 --> Helper loaded: form_helper
INFO - 2020-03-18 12:34:37 --> Form Validation Class Initialized
INFO - 2020-03-18 12:34:37 --> Controller Class Initialized
INFO - 2020-03-18 12:34:37 --> Model "M_scholar" initialized
INFO - 2020-03-18 12:34:37 --> Model "M_school" initialized
INFO - 2020-03-18 12:34:37 --> Model "M_reports" initialized
INFO - 2020-03-18 12:34:37 --> File loaded: C:\xampp\htdocs\scholarship\admin\views\include/header.php
INFO - 2020-03-18 12:34:37 --> File loaded: C:\xampp\htdocs\scholarship\admin\views\include/menu.php
INFO - 2020-03-18 12:34:37 --> File loaded: C:\xampp\htdocs\scholarship\admin\views\include/footer.php
INFO - 2020-03-18 12:34:37 --> File loaded: C:\xampp\htdocs\scholarship\admin\views\reports/scholarship.php
INFO - 2020-03-18 12:34:37 --> Final output sent to browser
DEBUG - 2020-03-18 12:34:37 --> Total execution time: 0.2805
INFO - 2020-03-18 12:34:42 --> Config Class Initialized
INFO - 2020-03-18 12:34:42 --> Hooks Class Initialized
DEBUG - 2020-03-18 12:34:42 --> UTF-8 Support Enabled
INFO - 2020-03-18 12:34:42 --> Utf8 Class Initialized
INFO - 2020-03-18 12:34:42 --> URI Class Initialized
INFO - 2020-03-18 12:34:42 --> Router Class Initialized
INFO - 2020-03-18 12:34:42 --> Output Class Initialized
INFO - 2020-03-18 12:34:42 --> Security Class Initialized
DEBUG - 2020-03-18 12:34:43 --> Global POST, GET and COOKIE data sanitized
INFO - 2020-03-18 12:34:43 --> CSRF cookie sent
INFO - 2020-03-18 12:34:43 --> Input Class Initialized
INFO - 2020-03-18 12:34:43 --> Language Class Initialized
INFO - 2020-03-18 12:34:43 --> Loader Class Initialized
INFO - 2020-03-18 12:34:43 --> Helper loaded: url_helper
INFO - 2020-03-18 12:34:43 --> Helper loaded: file_helper
INFO - 2020-03-18 12:34:43 --> Helper loaded: text_helper
INFO - 2020-03-18 12:34:43 --> Helper loaded: string_helper
INFO - 2020-03-18 12:34:43 --> Database Driver Class Initialized
INFO - 2020-03-18 12:34:43 --> Email Class Initialized
DEBUG - 2020-03-18 12:34:43 --> Session: "sess_save_path" is empty; using "session.save_path" value from php.ini.
INFO - 2020-03-18 12:34:43 --> Session: Class initialized using 'files' driver.
INFO - 2020-03-18 12:34:43 --> Helper loaded: form_helper
INFO - 2020-03-18 12:34:43 --> Form Validation Class Initialized
INFO - 2020-03-18 12:34:43 --> Controller Class Initialized
INFO - 2020-03-18 12:34:43 --> Model "M_scholar" initialized
INFO - 2020-03-18 12:34:43 --> Model "M_school" initialized
INFO - 2020-03-18 12:34:43 --> Model "M_reports" initialized
INFO - 2020-03-18 12:34:43 --> File loaded: C:\xampp\htdocs\scholarship\admin\views\include/header.php
INFO - 2020-03-18 12:34:43 --> File loaded: C:\xampp\htdocs\scholarship\admin\views\include/menu.php
INFO - 2020-03-18 12:34:43 --> File loaded: C:\xampp\htdocs\scholarship\admin\views\include/footer.php
INFO - 2020-03-18 12:34:43 --> File loaded: C:\xampp\htdocs\scholarship\admin\views\reports/scholarship.php
INFO - 2020-03-18 12:34:43 --> Final output sent to browser
DEBUG - 2020-03-18 12:34:43 --> Total execution time: 0.2897
INFO - 2020-03-18 12:34:47 --> Config Class Initialized
INFO - 2020-03-18 12:34:47 --> Hooks Class Initialized
DEBUG - 2020-03-18 12:34:47 --> UTF-8 Support Enabled
INFO - 2020-03-18 12:34:47 --> Utf8 Class Initialized
INFO - 2020-03-18 12:34:47 --> URI Class Initialized
INFO - 2020-03-18 12:34:47 --> Router Class Initialized
INFO - 2020-03-18 12:34:47 --> Output Class Initialized
INFO - 2020-03-18 12:34:47 --> Security Class Initialized
DEBUG - 2020-03-18 12:34:47 --> Global POST, GET and COOKIE data sanitized
INFO - 2020-03-18 12:34:47 --> CSRF cookie sent
INFO - 2020-03-18 12:34:47 --> Input Class Initialized
INFO - 2020-03-18 12:34:47 --> Language Class Initialized
INFO - 2020-03-18 12:34:47 --> Loader Class Initialized
INFO - 2020-03-18 12:34:47 --> Helper loaded: url_helper
INFO - 2020-03-18 12:34:47 --> Helper loaded: file_helper
INFO - 2020-03-18 12:34:47 --> Helper loaded: text_helper
INFO - 2020-03-18 12:34:47 --> Helper loaded: string_helper
INFO - 2020-03-18 12:34:47 --> Database Driver Class Initialized
INFO - 2020-03-18 12:34:47 --> Email Class Initialized
DEBUG - 2020-03-18 12:34:47 --> Session: "sess_save_path" is empty; using "session.save_path" value from php.ini.
INFO - 2020-03-18 12:34:47 --> Session: Class initialized using 'files' driver.
INFO - 2020-03-18 12:34:47 --> Helper loaded: form_helper
INFO - 2020-03-18 12:34:47 --> Form Validation Class Initialized
INFO - 2020-03-18 12:34:47 --> Controller Class Initialized
INFO - 2020-03-18 12:34:47 --> Model "M_scholar" initialized
INFO - 2020-03-18 12:34:47 --> Model "M_school" initialized
INFO - 2020-03-18 12:34:47 --> Model "M_reports" initialized
INFO - 2020-03-18 12:34:47 --> File loaded: C:\xampp\htdocs\scholarship\admin\views\include/header.php
INFO - 2020-03-18 12:34:47 --> File loaded: C:\xampp\htdocs\scholarship\admin\views\include/menu.php
INFO - 2020-03-18 12:34:47 --> File loaded: C:\xampp\htdocs\scholarship\admin\views\include/footer.php
INFO - 2020-03-18 12:34:47 --> File loaded: C:\xampp\htdocs\scholarship\admin\views\reports/scholarship.php
INFO - 2020-03-18 12:34:47 --> Final output sent to browser
DEBUG - 2020-03-18 12:34:47 --> Total execution time: 0.2841
