INFO - 2020-08-11 16:27:52 --> Config Class Initialized
INFO - 2020-08-11 16:27:52 --> Hooks Class Initialized
DEBUG - 2020-08-11 16:27:52 --> UTF-8 Support Enabled
INFO - 2020-08-11 16:27:52 --> Utf8 Class Initialized
INFO - 2020-08-11 16:27:52 --> URI Class Initialized
DEBUG - 2020-08-11 16:27:52 --> No URI present. Default controller set.
INFO - 2020-08-11 16:27:52 --> Router Class Initialized
INFO - 2020-08-11 16:27:52 --> Output Class Initialized
INFO - 2020-08-11 16:27:52 --> Security Class Initialized
DEBUG - 2020-08-11 16:27:52 --> Global POST, GET and COOKIE data sanitized
INFO - 2020-08-11 16:27:52 --> CSRF cookie sent
INFO - 2020-08-11 16:27:52 --> Input Class Initialized
INFO - 2020-08-11 16:27:52 --> Language Class Initialized
INFO - 2020-08-11 16:27:52 --> Loader Class Initialized
INFO - 2020-08-11 16:27:52 --> Helper loaded: url_helper
INFO - 2020-08-11 16:27:52 --> Helper loaded: file_helper
INFO - 2020-08-11 16:27:52 --> Helper loaded: text_helper
INFO - 2020-08-11 16:27:52 --> Helper loaded: string_helper
INFO - 2020-08-11 16:27:52 --> Database Driver Class Initialized
INFO - 2020-08-11 16:27:52 --> Email Class Initialized
DEBUG - 2020-08-11 16:27:52 --> Session: "sess_save_path" is empty; using "session.save_path" value from php.ini.
INFO - 2020-08-11 16:27:53 --> Session: Class initialized using 'files' driver.
INFO - 2020-08-11 16:27:53 --> Helper loaded: form_helper
INFO - 2020-08-11 16:27:53 --> Form Validation Class Initialized
INFO - 2020-08-11 16:27:53 --> Controller Class Initialized
INFO - 2020-08-11 16:27:53 --> Model "M_auth" initialized
DEBUG - 2020-08-11 16:27:53 --> Sc_check class already loaded. Second attempt ignored.
INFO - 2020-08-11 16:27:53 --> Helper loaded: captcha_helper
INFO - 2020-08-11 16:27:53 --> File loaded: C:\xampp\htdocs\scholarship\admin\views\include/header.php
INFO - 2020-08-11 16:27:53 --> File loaded: C:\xampp\htdocs\scholarship\admin\views\include/footer.php
INFO - 2020-08-11 16:27:53 --> File loaded: C:\xampp\htdocs\scholarship\admin\views\include/msg.php
INFO - 2020-08-11 16:27:53 --> File loaded: C:\xampp\htdocs\scholarship\admin\views\auth/login.php
INFO - 2020-08-11 16:27:53 --> Final output sent to browser
DEBUG - 2020-08-11 16:27:53 --> Total execution time: 0.8529
INFO - 2020-08-11 16:28:09 --> Config Class Initialized
INFO - 2020-08-11 16:28:09 --> Hooks Class Initialized
DEBUG - 2020-08-11 16:28:09 --> UTF-8 Support Enabled
INFO - 2020-08-11 16:28:09 --> Utf8 Class Initialized
INFO - 2020-08-11 16:28:09 --> URI Class Initialized
INFO - 2020-08-11 16:28:09 --> Router Class Initialized
INFO - 2020-08-11 16:28:09 --> Output Class Initialized
INFO - 2020-08-11 16:28:09 --> Security Class Initialized
DEBUG - 2020-08-11 16:28:09 --> Global POST, GET and COOKIE data sanitized
INFO - 2020-08-11 16:28:09 --> CSRF cookie sent
INFO - 2020-08-11 16:28:09 --> CSRF token verified
INFO - 2020-08-11 16:28:09 --> Input Class Initialized
INFO - 2020-08-11 16:28:09 --> Language Class Initialized
INFO - 2020-08-11 16:28:09 --> Loader Class Initialized
INFO - 2020-08-11 16:28:09 --> Helper loaded: url_helper
INFO - 2020-08-11 16:28:09 --> Helper loaded: file_helper
INFO - 2020-08-11 16:28:09 --> Helper loaded: text_helper
INFO - 2020-08-11 16:28:09 --> Helper loaded: string_helper
INFO - 2020-08-11 16:28:09 --> Database Driver Class Initialized
INFO - 2020-08-11 16:28:09 --> Email Class Initialized
DEBUG - 2020-08-11 16:28:09 --> Session: "sess_save_path" is empty; using "session.save_path" value from php.ini.
INFO - 2020-08-11 16:28:09 --> Session: Class initialized using 'files' driver.
INFO - 2020-08-11 16:28:09 --> Helper loaded: form_helper
INFO - 2020-08-11 16:28:09 --> Form Validation Class Initialized
INFO - 2020-08-11 16:28:09 --> Controller Class Initialized
INFO - 2020-08-11 16:28:09 --> Model "M_auth" initialized
DEBUG - 2020-08-11 16:28:09 --> Sc_check class already loaded. Second attempt ignored.
INFO - 2020-08-11 16:28:09 --> Helper loaded: captcha_helper
DEBUG - 2020-08-11 16:28:09 --> Form_validation class already loaded. Second attempt ignored.
INFO - 2020-08-11 16:28:09 --> Language file loaded: language/english/form_validation_lang.php
INFO - 2020-08-11 16:28:09 --> ---------------------Success -- Admin Logged in with prathwi@5ine.in and IP aaddress ::1 --------------
INFO - 2020-08-11 16:28:09 --> Config Class Initialized
INFO - 2020-08-11 16:28:09 --> Hooks Class Initialized
DEBUG - 2020-08-11 16:28:09 --> UTF-8 Support Enabled
INFO - 2020-08-11 16:28:09 --> Utf8 Class Initialized
INFO - 2020-08-11 16:28:09 --> URI Class Initialized
INFO - 2020-08-11 16:28:09 --> Router Class Initialized
INFO - 2020-08-11 16:28:09 --> Output Class Initialized
INFO - 2020-08-11 16:28:09 --> Security Class Initialized
DEBUG - 2020-08-11 16:28:09 --> Global POST, GET and COOKIE data sanitized
INFO - 2020-08-11 16:28:09 --> CSRF cookie sent
INFO - 2020-08-11 16:28:09 --> Input Class Initialized
INFO - 2020-08-11 16:28:09 --> Language Class Initialized
INFO - 2020-08-11 16:28:09 --> Loader Class Initialized
INFO - 2020-08-11 16:28:09 --> Helper loaded: url_helper
INFO - 2020-08-11 16:28:09 --> Helper loaded: file_helper
INFO - 2020-08-11 16:28:09 --> Helper loaded: text_helper
INFO - 2020-08-11 16:28:09 --> Helper loaded: string_helper
INFO - 2020-08-11 16:28:09 --> Database Driver Class Initialized
INFO - 2020-08-11 16:28:09 --> Email Class Initialized
DEBUG - 2020-08-11 16:28:09 --> Session: "sess_save_path" is empty; using "session.save_path" value from php.ini.
INFO - 2020-08-11 16:28:09 --> Session: Class initialized using 'files' driver.
INFO - 2020-08-11 16:28:09 --> Helper loaded: form_helper
INFO - 2020-08-11 16:28:09 --> Form Validation Class Initialized
INFO - 2020-08-11 16:28:09 --> Controller Class Initialized
INFO - 2020-08-11 16:28:09 --> Model "M_dashboard" initialized
DEBUG - 2020-08-11 16:28:09 --> Sc_check class already loaded. Second attempt ignored.
ERROR - 2020-08-11 16:28:09 --> Query error: Table 'scholarship.reg_schools' doesn't exist - Invalid query: SELECT *
FROM `reg_schools`
INFO - 2020-08-11 16:28:09 --> Language file loaded: language/english/db_lang.php
INFO - 2020-08-11 16:32:58 --> Config Class Initialized
INFO - 2020-08-11 16:32:58 --> Hooks Class Initialized
DEBUG - 2020-08-11 16:32:58 --> UTF-8 Support Enabled
INFO - 2020-08-11 16:32:58 --> Utf8 Class Initialized
INFO - 2020-08-11 16:32:58 --> URI Class Initialized
INFO - 2020-08-11 16:32:58 --> Router Class Initialized
INFO - 2020-08-11 16:32:58 --> Output Class Initialized
INFO - 2020-08-11 16:32:58 --> Security Class Initialized
DEBUG - 2020-08-11 16:32:58 --> Global POST, GET and COOKIE data sanitized
INFO - 2020-08-11 16:32:59 --> CSRF cookie sent
INFO - 2020-08-11 16:32:59 --> Input Class Initialized
INFO - 2020-08-11 16:32:59 --> Language Class Initialized
INFO - 2020-08-11 16:32:59 --> Loader Class Initialized
INFO - 2020-08-11 16:32:59 --> Helper loaded: url_helper
INFO - 2020-08-11 16:32:59 --> Helper loaded: file_helper
INFO - 2020-08-11 16:32:59 --> Helper loaded: text_helper
INFO - 2020-08-11 16:32:59 --> Helper loaded: string_helper
INFO - 2020-08-11 16:32:59 --> Database Driver Class Initialized
INFO - 2020-08-11 16:32:59 --> Email Class Initialized
DEBUG - 2020-08-11 16:32:59 --> Session: "sess_save_path" is empty; using "session.save_path" value from php.ini.
INFO - 2020-08-11 16:32:59 --> Session: Class initialized using 'files' driver.
INFO - 2020-08-11 16:32:59 --> Helper loaded: form_helper
INFO - 2020-08-11 16:32:59 --> Form Validation Class Initialized
INFO - 2020-08-11 16:32:59 --> Controller Class Initialized
INFO - 2020-08-11 16:32:59 --> Model "M_dashboard" initialized
DEBUG - 2020-08-11 16:32:59 --> Sc_check class already loaded. Second attempt ignored.
INFO - 2020-08-11 16:32:59 --> File loaded: C:\xampp\htdocs\scholarship\admin\views\include/header.php
INFO - 2020-08-11 16:32:59 --> File loaded: C:\xampp\htdocs\scholarship\admin\views\include/menu.php
INFO - 2020-08-11 16:32:59 --> File loaded: C:\xampp\htdocs\scholarship\admin\views\include/footer.php
INFO - 2020-08-11 16:32:59 --> File loaded: C:\xampp\htdocs\scholarship\admin\views\include/msg.php
INFO - 2020-08-11 16:32:59 --> File loaded: C:\xampp\htdocs\scholarship\admin\views\dashboard/index.php
INFO - 2020-08-11 16:32:59 --> Final output sent to browser
DEBUG - 2020-08-11 16:32:59 --> Total execution time: 0.9271
INFO - 2020-08-11 16:33:00 --> Config Class Initialized
INFO - 2020-08-11 16:33:00 --> Hooks Class Initialized
DEBUG - 2020-08-11 16:33:00 --> UTF-8 Support Enabled
INFO - 2020-08-11 16:33:00 --> Utf8 Class Initialized
INFO - 2020-08-11 16:33:00 --> URI Class Initialized
INFO - 2020-08-11 16:33:00 --> Router Class Initialized
INFO - 2020-08-11 16:33:00 --> Output Class Initialized
INFO - 2020-08-11 16:33:00 --> Security Class Initialized
DEBUG - 2020-08-11 16:33:00 --> Global POST, GET and COOKIE data sanitized
INFO - 2020-08-11 16:33:00 --> CSRF cookie sent
INFO - 2020-08-11 16:33:00 --> Input Class Initialized
INFO - 2020-08-11 16:33:00 --> Language Class Initialized
INFO - 2020-08-11 16:33:00 --> Loader Class Initialized
INFO - 2020-08-11 16:33:00 --> Helper loaded: url_helper
INFO - 2020-08-11 16:33:00 --> Helper loaded: file_helper
INFO - 2020-08-11 16:33:00 --> Helper loaded: text_helper
INFO - 2020-08-11 16:33:00 --> Helper loaded: string_helper
INFO - 2020-08-11 16:33:00 --> Database Driver Class Initialized
INFO - 2020-08-11 16:33:00 --> Email Class Initialized
DEBUG - 2020-08-11 16:33:00 --> Session: "sess_save_path" is empty; using "session.save_path" value from php.ini.
INFO - 2020-08-11 16:33:00 --> Session: Class initialized using 'files' driver.
INFO - 2020-08-11 16:33:00 --> Helper loaded: form_helper
INFO - 2020-08-11 16:33:00 --> Form Validation Class Initialized
INFO - 2020-08-11 16:33:00 --> Controller Class Initialized
INFO - 2020-08-11 16:33:00 --> Model "M_dashboard" initialized
DEBUG - 2020-08-11 16:33:00 --> Sc_check class already loaded. Second attempt ignored.
INFO - 2020-08-11 16:33:00 --> Final output sent to browser
DEBUG - 2020-08-11 16:33:00 --> Total execution time: 0.4039
