INFO - 2020-03-06 06:28:21 --> Config Class Initialized
INFO - 2020-03-06 06:28:21 --> Hooks Class Initialized
DEBUG - 2020-03-06 06:28:21 --> UTF-8 Support Enabled
INFO - 2020-03-06 06:28:21 --> Utf8 Class Initialized
INFO - 2020-03-06 06:28:21 --> URI Class Initialized
DEBUG - 2020-03-06 06:28:21 --> No URI present. Default controller set.
INFO - 2020-03-06 06:28:21 --> Router Class Initialized
INFO - 2020-03-06 06:28:21 --> Output Class Initialized
INFO - 2020-03-06 06:28:21 --> Security Class Initialized
DEBUG - 2020-03-06 06:28:21 --> Global POST, GET and COOKIE data sanitized
INFO - 2020-03-06 06:28:22 --> Input Class Initialized
INFO - 2020-03-06 06:28:22 --> Language Class Initialized
INFO - 2020-03-06 06:28:22 --> Loader Class Initialized
INFO - 2020-03-06 06:28:22 --> Helper loaded: url_helper
INFO - 2020-03-06 06:28:22 --> Helper loaded: file_helper
INFO - 2020-03-06 06:28:22 --> Helper loaded: text_helper
INFO - 2020-03-06 06:28:22 --> Helper loaded: string_helper
INFO - 2020-03-06 06:28:22 --> Database Driver Class Initialized
INFO - 2020-03-06 06:28:22 --> Email Class Initialized
DEBUG - 2020-03-06 06:28:22 --> Session: "sess_save_path" is empty; using "session.save_path" value from php.ini.
INFO - 2020-03-06 06:28:22 --> Session: Class initialized using 'files' driver.
INFO - 2020-03-06 06:28:22 --> Helper loaded: form_helper
INFO - 2020-03-06 06:28:22 --> Form Validation Class Initialized
INFO - 2020-03-06 06:28:22 --> Controller Class Initialized
INFO - 2020-03-06 06:28:22 --> Model "M_auth" initialized
INFO - 2020-03-06 06:28:22 --> File loaded: C:\xampp\htdocs\scholarship\admin\views\include/header.php
INFO - 2020-03-06 06:28:22 --> File loaded: C:\xampp\htdocs\scholarship\admin\views\include/footer.php
INFO - 2020-03-06 06:28:22 --> File loaded: C:\xampp\htdocs\scholarship\admin\views\include/msg.php
INFO - 2020-03-06 06:28:22 --> File loaded: C:\xampp\htdocs\scholarship\admin\views\auth/login.php
INFO - 2020-03-06 06:28:22 --> Final output sent to browser
DEBUG - 2020-03-06 06:28:22 --> Total execution time: 0.2740
INFO - 2020-03-06 06:28:26 --> Config Class Initialized
INFO - 2020-03-06 06:28:26 --> Hooks Class Initialized
DEBUG - 2020-03-06 06:28:26 --> UTF-8 Support Enabled
INFO - 2020-03-06 06:28:26 --> Utf8 Class Initialized
INFO - 2020-03-06 06:28:26 --> URI Class Initialized
INFO - 2020-03-06 06:28:26 --> Router Class Initialized
INFO - 2020-03-06 06:28:26 --> Output Class Initialized
INFO - 2020-03-06 06:28:26 --> Security Class Initialized
DEBUG - 2020-03-06 06:28:26 --> Global POST, GET and COOKIE data sanitized
INFO - 2020-03-06 06:28:26 --> Input Class Initialized
INFO - 2020-03-06 06:28:26 --> Language Class Initialized
INFO - 2020-03-06 06:28:26 --> Loader Class Initialized
INFO - 2020-03-06 06:28:26 --> Helper loaded: url_helper
INFO - 2020-03-06 06:28:26 --> Helper loaded: file_helper
INFO - 2020-03-06 06:28:26 --> Helper loaded: text_helper
INFO - 2020-03-06 06:28:26 --> Helper loaded: string_helper
INFO - 2020-03-06 06:28:26 --> Database Driver Class Initialized
INFO - 2020-03-06 06:28:26 --> Email Class Initialized
DEBUG - 2020-03-06 06:28:26 --> Session: "sess_save_path" is empty; using "session.save_path" value from php.ini.
INFO - 2020-03-06 06:28:26 --> Session: Class initialized using 'files' driver.
INFO - 2020-03-06 06:28:26 --> Helper loaded: form_helper
INFO - 2020-03-06 06:28:26 --> Form Validation Class Initialized
INFO - 2020-03-06 06:28:26 --> Controller Class Initialized
INFO - 2020-03-06 06:28:26 --> Model "M_auth" initialized
DEBUG - 2020-03-06 06:28:26 --> Form_validation class already loaded. Second attempt ignored.
INFO - 2020-03-06 06:28:26 --> Language file loaded: language/english/form_validation_lang.php
INFO - 2020-03-06 06:28:26 --> ---------------------Success -- Admin Logged in with prathwi@5ine.in and IP aaddress 127.0.0.1 --------------
INFO - 2020-03-06 06:28:26 --> Config Class Initialized
INFO - 2020-03-06 06:28:26 --> Hooks Class Initialized
DEBUG - 2020-03-06 06:28:26 --> UTF-8 Support Enabled
INFO - 2020-03-06 06:28:26 --> Utf8 Class Initialized
INFO - 2020-03-06 06:28:26 --> URI Class Initialized
INFO - 2020-03-06 06:28:26 --> Router Class Initialized
INFO - 2020-03-06 06:28:26 --> Output Class Initialized
INFO - 2020-03-06 06:28:26 --> Security Class Initialized
DEBUG - 2020-03-06 06:28:26 --> Global POST, GET and COOKIE data sanitized
INFO - 2020-03-06 06:28:26 --> Input Class Initialized
INFO - 2020-03-06 06:28:26 --> Language Class Initialized
INFO - 2020-03-06 06:28:26 --> Loader Class Initialized
INFO - 2020-03-06 06:28:26 --> Helper loaded: url_helper
INFO - 2020-03-06 06:28:26 --> Helper loaded: file_helper
INFO - 2020-03-06 06:28:26 --> Helper loaded: text_helper
INFO - 2020-03-06 06:28:26 --> Helper loaded: string_helper
INFO - 2020-03-06 06:28:26 --> Database Driver Class Initialized
INFO - 2020-03-06 06:28:26 --> Email Class Initialized
DEBUG - 2020-03-06 06:28:26 --> Session: "sess_save_path" is empty; using "session.save_path" value from php.ini.
INFO - 2020-03-06 06:28:26 --> Session: Class initialized using 'files' driver.
INFO - 2020-03-06 06:28:26 --> Helper loaded: form_helper
INFO - 2020-03-06 06:28:26 --> Form Validation Class Initialized
INFO - 2020-03-06 06:28:26 --> Controller Class Initialized
INFO - 2020-03-06 06:28:26 --> Model "M_dashboard" initialized
INFO - 2020-03-06 06:28:26 --> File loaded: C:\xampp\htdocs\scholarship\admin\views\include/header.php
INFO - 2020-03-06 06:28:26 --> File loaded: C:\xampp\htdocs\scholarship\admin\views\include/menu.php
INFO - 2020-03-06 06:28:26 --> File loaded: C:\xampp\htdocs\scholarship\admin\views\include/footer.php
INFO - 2020-03-06 06:28:26 --> File loaded: C:\xampp\htdocs\scholarship\admin\views\include/msg.php
INFO - 2020-03-06 06:28:26 --> File loaded: C:\xampp\htdocs\scholarship\admin\views\dashboard/index.php
INFO - 2020-03-06 06:28:26 --> Final output sent to browser
DEBUG - 2020-03-06 06:28:26 --> Total execution time: 0.1915
INFO - 2020-03-06 06:28:26 --> Config Class Initialized
INFO - 2020-03-06 06:28:26 --> Hooks Class Initialized
DEBUG - 2020-03-06 06:28:27 --> UTF-8 Support Enabled
INFO - 2020-03-06 06:28:27 --> Utf8 Class Initialized
INFO - 2020-03-06 06:28:27 --> URI Class Initialized
INFO - 2020-03-06 06:28:27 --> Router Class Initialized
INFO - 2020-03-06 06:28:27 --> Output Class Initialized
INFO - 2020-03-06 06:28:27 --> Security Class Initialized
DEBUG - 2020-03-06 06:28:27 --> Global POST, GET and COOKIE data sanitized
INFO - 2020-03-06 06:28:27 --> Input Class Initialized
INFO - 2020-03-06 06:28:27 --> Language Class Initialized
INFO - 2020-03-06 06:28:27 --> Loader Class Initialized
INFO - 2020-03-06 06:28:27 --> Helper loaded: url_helper
INFO - 2020-03-06 06:28:27 --> Helper loaded: file_helper
INFO - 2020-03-06 06:28:27 --> Helper loaded: text_helper
INFO - 2020-03-06 06:28:27 --> Helper loaded: string_helper
INFO - 2020-03-06 06:28:27 --> Database Driver Class Initialized
INFO - 2020-03-06 06:28:27 --> Email Class Initialized
DEBUG - 2020-03-06 06:28:27 --> Session: "sess_save_path" is empty; using "session.save_path" value from php.ini.
INFO - 2020-03-06 06:28:27 --> Session: Class initialized using 'files' driver.
INFO - 2020-03-06 06:28:27 --> Helper loaded: form_helper
INFO - 2020-03-06 06:28:27 --> Form Validation Class Initialized
INFO - 2020-03-06 06:28:27 --> Controller Class Initialized
INFO - 2020-03-06 06:28:27 --> Model "M_dashboard" initialized
INFO - 2020-03-06 06:28:27 --> Final output sent to browser
DEBUG - 2020-03-06 06:28:27 --> Total execution time: 0.1400
INFO - 2020-03-06 06:28:29 --> Config Class Initialized
INFO - 2020-03-06 06:28:29 --> Hooks Class Initialized
DEBUG - 2020-03-06 06:28:29 --> UTF-8 Support Enabled
INFO - 2020-03-06 06:28:29 --> Utf8 Class Initialized
INFO - 2020-03-06 06:28:29 --> URI Class Initialized
INFO - 2020-03-06 06:28:29 --> Router Class Initialized
INFO - 2020-03-06 06:28:29 --> Output Class Initialized
INFO - 2020-03-06 06:28:29 --> Security Class Initialized
DEBUG - 2020-03-06 06:28:29 --> Global POST, GET and COOKIE data sanitized
INFO - 2020-03-06 06:28:29 --> Input Class Initialized
INFO - 2020-03-06 06:28:29 --> Language Class Initialized
INFO - 2020-03-06 06:28:29 --> Loader Class Initialized
INFO - 2020-03-06 06:28:29 --> Helper loaded: url_helper
INFO - 2020-03-06 06:28:29 --> Helper loaded: file_helper
INFO - 2020-03-06 06:28:29 --> Helper loaded: text_helper
INFO - 2020-03-06 06:28:29 --> Helper loaded: string_helper
INFO - 2020-03-06 06:28:29 --> Database Driver Class Initialized
INFO - 2020-03-06 06:28:29 --> Email Class Initialized
DEBUG - 2020-03-06 06:28:29 --> Session: "sess_save_path" is empty; using "session.save_path" value from php.ini.
INFO - 2020-03-06 06:28:29 --> Session: Class initialized using 'files' driver.
INFO - 2020-03-06 06:28:29 --> Helper loaded: form_helper
INFO - 2020-03-06 06:28:29 --> Form Validation Class Initialized
INFO - 2020-03-06 06:28:29 --> Controller Class Initialized
INFO - 2020-03-06 06:28:29 --> Model "M_dashboard" initialized
INFO - 2020-03-06 06:28:29 --> File loaded: C:\xampp\htdocs\scholarship\admin\views\include/header.php
INFO - 2020-03-06 06:28:29 --> File loaded: C:\xampp\htdocs\scholarship\admin\views\include/menu.php
INFO - 2020-03-06 06:28:29 --> File loaded: C:\xampp\htdocs\scholarship\admin\views\include/footer.php
INFO - 2020-03-06 06:28:29 --> File loaded: C:\xampp\htdocs\scholarship\admin\views\include/msg.php
INFO - 2020-03-06 06:28:29 --> File loaded: C:\xampp\htdocs\scholarship\admin\views\dashboard/profile.php
INFO - 2020-03-06 06:28:29 --> Final output sent to browser
DEBUG - 2020-03-06 06:28:29 --> Total execution time: 0.1007
INFO - 2020-03-06 06:28:31 --> Config Class Initialized
INFO - 2020-03-06 06:28:31 --> Hooks Class Initialized
DEBUG - 2020-03-06 06:28:31 --> UTF-8 Support Enabled
INFO - 2020-03-06 06:28:31 --> Utf8 Class Initialized
INFO - 2020-03-06 06:28:31 --> URI Class Initialized
INFO - 2020-03-06 06:28:31 --> Router Class Initialized
INFO - 2020-03-06 06:28:31 --> Output Class Initialized
INFO - 2020-03-06 06:28:31 --> Security Class Initialized
DEBUG - 2020-03-06 06:28:31 --> Global POST, GET and COOKIE data sanitized
INFO - 2020-03-06 06:28:31 --> Input Class Initialized
INFO - 2020-03-06 06:28:31 --> Language Class Initialized
INFO - 2020-03-06 06:28:31 --> Loader Class Initialized
INFO - 2020-03-06 06:28:31 --> Helper loaded: url_helper
INFO - 2020-03-06 06:28:31 --> Helper loaded: file_helper
INFO - 2020-03-06 06:28:31 --> Helper loaded: text_helper
INFO - 2020-03-06 06:28:31 --> Helper loaded: string_helper
INFO - 2020-03-06 06:28:31 --> Database Driver Class Initialized
INFO - 2020-03-06 06:28:31 --> Email Class Initialized
DEBUG - 2020-03-06 06:28:31 --> Session: "sess_save_path" is empty; using "session.save_path" value from php.ini.
INFO - 2020-03-06 06:28:31 --> Session: Class initialized using 'files' driver.
INFO - 2020-03-06 06:28:31 --> Helper loaded: form_helper
INFO - 2020-03-06 06:28:31 --> Form Validation Class Initialized
INFO - 2020-03-06 06:28:31 --> Controller Class Initialized
INFO - 2020-03-06 06:28:31 --> Model "M_dashboard" initialized
INFO - 2020-03-06 06:28:31 --> File loaded: C:\xampp\htdocs\scholarship\admin\views\include/header.php
INFO - 2020-03-06 06:28:31 --> File loaded: C:\xampp\htdocs\scholarship\admin\views\include/menu.php
INFO - 2020-03-06 06:28:31 --> File loaded: C:\xampp\htdocs\scholarship\admin\views\include/footer.php
INFO - 2020-03-06 06:28:31 --> File loaded: C:\xampp\htdocs\scholarship\admin\views\include/msg.php
INFO - 2020-03-06 06:28:31 --> File loaded: C:\xampp\htdocs\scholarship\admin\views\dashboard/change-password.php
INFO - 2020-03-06 06:28:31 --> Final output sent to browser
DEBUG - 2020-03-06 06:28:31 --> Total execution time: 0.1048
INFO - 2020-03-06 06:28:34 --> Config Class Initialized
INFO - 2020-03-06 06:28:34 --> Hooks Class Initialized
DEBUG - 2020-03-06 06:28:34 --> UTF-8 Support Enabled
INFO - 2020-03-06 06:28:34 --> Utf8 Class Initialized
INFO - 2020-03-06 06:28:34 --> URI Class Initialized
INFO - 2020-03-06 06:28:34 --> Router Class Initialized
INFO - 2020-03-06 06:28:34 --> Output Class Initialized
INFO - 2020-03-06 06:28:34 --> Security Class Initialized
DEBUG - 2020-03-06 06:28:34 --> Global POST, GET and COOKIE data sanitized
INFO - 2020-03-06 06:28:34 --> Input Class Initialized
INFO - 2020-03-06 06:28:34 --> Language Class Initialized
INFO - 2020-03-06 06:28:34 --> Loader Class Initialized
INFO - 2020-03-06 06:28:34 --> Helper loaded: url_helper
INFO - 2020-03-06 06:28:34 --> Helper loaded: file_helper
INFO - 2020-03-06 06:28:34 --> Helper loaded: text_helper
INFO - 2020-03-06 06:28:34 --> Helper loaded: string_helper
INFO - 2020-03-06 06:28:34 --> Database Driver Class Initialized
INFO - 2020-03-06 06:28:34 --> Email Class Initialized
DEBUG - 2020-03-06 06:28:34 --> Session: "sess_save_path" is empty; using "session.save_path" value from php.ini.
INFO - 2020-03-06 06:28:34 --> Session: Class initialized using 'files' driver.
INFO - 2020-03-06 06:28:34 --> Helper loaded: form_helper
INFO - 2020-03-06 06:28:34 --> Form Validation Class Initialized
INFO - 2020-03-06 06:28:34 --> Controller Class Initialized
INFO - 2020-03-06 06:28:34 --> Model "M_auth" initialized
INFO - 2020-03-06 06:28:34 --> Config Class Initialized
INFO - 2020-03-06 06:28:34 --> Hooks Class Initialized
DEBUG - 2020-03-06 06:28:34 --> UTF-8 Support Enabled
INFO - 2020-03-06 06:28:34 --> Utf8 Class Initialized
INFO - 2020-03-06 06:28:34 --> URI Class Initialized
DEBUG - 2020-03-06 06:28:34 --> No URI present. Default controller set.
INFO - 2020-03-06 06:28:34 --> Router Class Initialized
INFO - 2020-03-06 06:28:34 --> Output Class Initialized
INFO - 2020-03-06 06:28:34 --> Security Class Initialized
DEBUG - 2020-03-06 06:28:34 --> Global POST, GET and COOKIE data sanitized
INFO - 2020-03-06 06:28:34 --> Input Class Initialized
INFO - 2020-03-06 06:28:34 --> Language Class Initialized
INFO - 2020-03-06 06:28:34 --> Loader Class Initialized
INFO - 2020-03-06 06:28:34 --> Helper loaded: url_helper
INFO - 2020-03-06 06:28:34 --> Helper loaded: file_helper
INFO - 2020-03-06 06:28:34 --> Helper loaded: text_helper
INFO - 2020-03-06 06:28:34 --> Helper loaded: string_helper
INFO - 2020-03-06 06:28:34 --> Database Driver Class Initialized
INFO - 2020-03-06 06:28:34 --> Email Class Initialized
DEBUG - 2020-03-06 06:28:34 --> Session: "sess_save_path" is empty; using "session.save_path" value from php.ini.
INFO - 2020-03-06 06:28:34 --> Session: Class initialized using 'files' driver.
INFO - 2020-03-06 06:28:34 --> Helper loaded: form_helper
INFO - 2020-03-06 06:28:34 --> Form Validation Class Initialized
INFO - 2020-03-06 06:28:34 --> Controller Class Initialized
INFO - 2020-03-06 06:28:34 --> Model "M_auth" initialized
INFO - 2020-03-06 06:28:34 --> File loaded: C:\xampp\htdocs\scholarship\admin\views\include/header.php
INFO - 2020-03-06 06:28:34 --> File loaded: C:\xampp\htdocs\scholarship\admin\views\include/footer.php
INFO - 2020-03-06 06:28:34 --> File loaded: C:\xampp\htdocs\scholarship\admin\views\include/msg.php
INFO - 2020-03-06 06:28:34 --> File loaded: C:\xampp\htdocs\scholarship\admin\views\auth/login.php
INFO - 2020-03-06 06:28:34 --> Final output sent to browser
DEBUG - 2020-03-06 06:28:34 --> Total execution time: 0.1051
