INFO - 2020-06-09 12:17:29 --> Config Class Initialized
INFO - 2020-06-09 12:17:29 --> Hooks Class Initialized
DEBUG - 2020-06-09 12:17:29 --> UTF-8 Support Enabled
INFO - 2020-06-09 12:17:29 --> Utf8 Class Initialized
INFO - 2020-06-09 12:17:29 --> URI Class Initialized
DEBUG - 2020-06-09 12:17:29 --> No URI present. Default controller set.
INFO - 2020-06-09 12:17:29 --> Router Class Initialized
INFO - 2020-06-09 12:17:30 --> Output Class Initialized
INFO - 2020-06-09 12:17:30 --> Security Class Initialized
DEBUG - 2020-06-09 12:17:30 --> Global POST, GET and COOKIE data sanitized
INFO - 2020-06-09 12:17:30 --> CSRF cookie sent
INFO - 2020-06-09 12:17:30 --> Input Class Initialized
INFO - 2020-06-09 12:17:30 --> Language Class Initialized
INFO - 2020-06-09 12:17:30 --> Loader Class Initialized
INFO - 2020-06-09 12:17:30 --> Helper loaded: url_helper
INFO - 2020-06-09 12:17:30 --> Helper loaded: file_helper
INFO - 2020-06-09 12:17:30 --> Helper loaded: text_helper
INFO - 2020-06-09 12:17:30 --> Helper loaded: string_helper
INFO - 2020-06-09 12:17:30 --> Database Driver Class Initialized
INFO - 2020-06-09 12:17:30 --> Email Class Initialized
DEBUG - 2020-06-09 12:17:30 --> Session: "sess_save_path" is empty; using "session.save_path" value from php.ini.
INFO - 2020-06-09 12:17:30 --> Session: Class initialized using 'files' driver.
INFO - 2020-06-09 12:17:30 --> Helper loaded: form_helper
INFO - 2020-06-09 12:17:30 --> Form Validation Class Initialized
INFO - 2020-06-09 12:17:30 --> Controller Class Initialized
INFO - 2020-06-09 12:17:30 --> Model "M_auth" initialized
DEBUG - 2020-06-09 12:17:30 --> Sc_check class already loaded. Second attempt ignored.
INFO - 2020-06-09 12:17:30 --> Helper loaded: captcha_helper
INFO - 2020-06-09 12:17:30 --> File loaded: C:\xampp\htdocs\scholarship\admin\views\include/header.php
INFO - 2020-06-09 12:17:30 --> File loaded: C:\xampp\htdocs\scholarship\admin\views\include/footer.php
INFO - 2020-06-09 12:17:30 --> File loaded: C:\xampp\htdocs\scholarship\admin\views\include/msg.php
INFO - 2020-06-09 12:17:30 --> File loaded: C:\xampp\htdocs\scholarship\admin\views\auth/login.php
INFO - 2020-06-09 12:17:30 --> Final output sent to browser
DEBUG - 2020-06-09 12:17:30 --> Total execution time: 0.6280
INFO - 2020-06-09 12:17:43 --> Config Class Initialized
INFO - 2020-06-09 12:17:43 --> Hooks Class Initialized
DEBUG - 2020-06-09 12:17:43 --> UTF-8 Support Enabled
INFO - 2020-06-09 12:17:43 --> Utf8 Class Initialized
INFO - 2020-06-09 12:17:43 --> URI Class Initialized
INFO - 2020-06-09 12:17:43 --> Router Class Initialized
INFO - 2020-06-09 12:17:43 --> Output Class Initialized
INFO - 2020-06-09 12:17:43 --> Security Class Initialized
DEBUG - 2020-06-09 12:17:43 --> Global POST, GET and COOKIE data sanitized
INFO - 2020-06-09 12:17:43 --> CSRF cookie sent
INFO - 2020-06-09 12:17:43 --> CSRF token verified
INFO - 2020-06-09 12:17:43 --> Input Class Initialized
INFO - 2020-06-09 12:17:43 --> Language Class Initialized
INFO - 2020-06-09 12:17:43 --> Loader Class Initialized
INFO - 2020-06-09 12:17:43 --> Helper loaded: url_helper
INFO - 2020-06-09 12:17:43 --> Helper loaded: file_helper
INFO - 2020-06-09 12:17:43 --> Helper loaded: text_helper
INFO - 2020-06-09 12:17:43 --> Helper loaded: string_helper
INFO - 2020-06-09 12:17:43 --> Database Driver Class Initialized
INFO - 2020-06-09 12:17:43 --> Email Class Initialized
DEBUG - 2020-06-09 12:17:43 --> Session: "sess_save_path" is empty; using "session.save_path" value from php.ini.
INFO - 2020-06-09 12:17:43 --> Session: Class initialized using 'files' driver.
INFO - 2020-06-09 12:17:43 --> Helper loaded: form_helper
INFO - 2020-06-09 12:17:43 --> Form Validation Class Initialized
INFO - 2020-06-09 12:17:43 --> Controller Class Initialized
INFO - 2020-06-09 12:17:43 --> Model "M_auth" initialized
DEBUG - 2020-06-09 12:17:43 --> Sc_check class already loaded. Second attempt ignored.
INFO - 2020-06-09 12:17:43 --> Helper loaded: captcha_helper
DEBUG - 2020-06-09 12:17:43 --> Form_validation class already loaded. Second attempt ignored.
INFO - 2020-06-09 12:17:43 --> Language file loaded: language/english/form_validation_lang.php
INFO - 2020-06-09 12:17:43 --> ---------------------Success -- Admin Logged in with prathwi@5ine.in and IP aaddress ::1 --------------
INFO - 2020-06-09 12:17:43 --> Config Class Initialized
INFO - 2020-06-09 12:17:43 --> Hooks Class Initialized
DEBUG - 2020-06-09 12:17:43 --> UTF-8 Support Enabled
INFO - 2020-06-09 12:17:43 --> Utf8 Class Initialized
INFO - 2020-06-09 12:17:43 --> URI Class Initialized
INFO - 2020-06-09 12:17:43 --> Router Class Initialized
INFO - 2020-06-09 12:17:43 --> Output Class Initialized
INFO - 2020-06-09 12:17:43 --> Security Class Initialized
DEBUG - 2020-06-09 12:17:43 --> Global POST, GET and COOKIE data sanitized
INFO - 2020-06-09 12:17:43 --> CSRF cookie sent
INFO - 2020-06-09 12:17:43 --> Input Class Initialized
INFO - 2020-06-09 12:17:43 --> Language Class Initialized
INFO - 2020-06-09 12:17:43 --> Loader Class Initialized
INFO - 2020-06-09 12:17:43 --> Helper loaded: url_helper
INFO - 2020-06-09 12:17:43 --> Helper loaded: file_helper
INFO - 2020-06-09 12:17:43 --> Helper loaded: text_helper
INFO - 2020-06-09 12:17:43 --> Helper loaded: string_helper
INFO - 2020-06-09 12:17:44 --> Database Driver Class Initialized
INFO - 2020-06-09 12:17:44 --> Email Class Initialized
DEBUG - 2020-06-09 12:17:44 --> Session: "sess_save_path" is empty; using "session.save_path" value from php.ini.
INFO - 2020-06-09 12:17:44 --> Session: Class initialized using 'files' driver.
INFO - 2020-06-09 12:17:44 --> Helper loaded: form_helper
INFO - 2020-06-09 12:17:44 --> Form Validation Class Initialized
INFO - 2020-06-09 12:17:44 --> Controller Class Initialized
INFO - 2020-06-09 12:17:44 --> Model "M_dashboard" initialized
DEBUG - 2020-06-09 12:17:44 --> Sc_check class already loaded. Second attempt ignored.
INFO - 2020-06-09 12:17:44 --> File loaded: C:\xampp\htdocs\scholarship\admin\views\include/header.php
INFO - 2020-06-09 12:17:44 --> File loaded: C:\xampp\htdocs\scholarship\admin\views\include/menu.php
INFO - 2020-06-09 12:17:44 --> File loaded: C:\xampp\htdocs\scholarship\admin\views\include/footer.php
INFO - 2020-06-09 12:17:44 --> File loaded: C:\xampp\htdocs\scholarship\admin\views\include/msg.php
INFO - 2020-06-09 12:17:44 --> File loaded: C:\xampp\htdocs\scholarship\admin\views\dashboard/index.php
INFO - 2020-06-09 12:17:44 --> Final output sent to browser
DEBUG - 2020-06-09 12:17:44 --> Total execution time: 0.7710
INFO - 2020-06-09 12:17:45 --> Config Class Initialized
INFO - 2020-06-09 12:17:45 --> Hooks Class Initialized
DEBUG - 2020-06-09 12:17:45 --> UTF-8 Support Enabled
INFO - 2020-06-09 12:17:45 --> Utf8 Class Initialized
INFO - 2020-06-09 12:17:45 --> URI Class Initialized
INFO - 2020-06-09 12:17:45 --> Router Class Initialized
INFO - 2020-06-09 12:17:45 --> Output Class Initialized
INFO - 2020-06-09 12:17:45 --> Security Class Initialized
DEBUG - 2020-06-09 12:17:45 --> Global POST, GET and COOKIE data sanitized
INFO - 2020-06-09 12:17:45 --> CSRF cookie sent
INFO - 2020-06-09 12:17:45 --> Input Class Initialized
INFO - 2020-06-09 12:17:45 --> Language Class Initialized
INFO - 2020-06-09 12:17:45 --> Loader Class Initialized
INFO - 2020-06-09 12:17:45 --> Helper loaded: url_helper
INFO - 2020-06-09 12:17:45 --> Helper loaded: file_helper
INFO - 2020-06-09 12:17:45 --> Helper loaded: text_helper
INFO - 2020-06-09 12:17:45 --> Helper loaded: string_helper
INFO - 2020-06-09 12:17:45 --> Database Driver Class Initialized
INFO - 2020-06-09 12:17:45 --> Email Class Initialized
DEBUG - 2020-06-09 12:17:45 --> Session: "sess_save_path" is empty; using "session.save_path" value from php.ini.
INFO - 2020-06-09 12:17:45 --> Session: Class initialized using 'files' driver.
INFO - 2020-06-09 12:17:45 --> Helper loaded: form_helper
INFO - 2020-06-09 12:17:45 --> Form Validation Class Initialized
INFO - 2020-06-09 12:17:45 --> Controller Class Initialized
INFO - 2020-06-09 12:17:45 --> Model "M_dashboard" initialized
DEBUG - 2020-06-09 12:17:45 --> Sc_check class already loaded. Second attempt ignored.
INFO - 2020-06-09 12:17:45 --> Final output sent to browser
DEBUG - 2020-06-09 12:17:45 --> Total execution time: 0.2732
INFO - 2020-06-09 12:18:09 --> Config Class Initialized
INFO - 2020-06-09 12:18:09 --> Hooks Class Initialized
DEBUG - 2020-06-09 12:18:09 --> UTF-8 Support Enabled
INFO - 2020-06-09 12:18:09 --> Utf8 Class Initialized
INFO - 2020-06-09 12:18:09 --> URI Class Initialized
INFO - 2020-06-09 12:18:09 --> Router Class Initialized
INFO - 2020-06-09 12:18:09 --> Output Class Initialized
INFO - 2020-06-09 12:18:09 --> Security Class Initialized
DEBUG - 2020-06-09 12:18:09 --> Global POST, GET and COOKIE data sanitized
INFO - 2020-06-09 12:18:09 --> CSRF cookie sent
INFO - 2020-06-09 12:18:09 --> Input Class Initialized
INFO - 2020-06-09 12:18:09 --> Language Class Initialized
INFO - 2020-06-09 12:18:09 --> Loader Class Initialized
INFO - 2020-06-09 12:18:09 --> Helper loaded: url_helper
INFO - 2020-06-09 12:18:09 --> Helper loaded: file_helper
INFO - 2020-06-09 12:18:09 --> Helper loaded: text_helper
INFO - 2020-06-09 12:18:09 --> Helper loaded: string_helper
INFO - 2020-06-09 12:18:09 --> Database Driver Class Initialized
INFO - 2020-06-09 12:18:09 --> Email Class Initialized
DEBUG - 2020-06-09 12:18:09 --> Session: "sess_save_path" is empty; using "session.save_path" value from php.ini.
INFO - 2020-06-09 12:18:10 --> Session: Class initialized using 'files' driver.
INFO - 2020-06-09 12:18:10 --> Helper loaded: form_helper
INFO - 2020-06-09 12:18:10 --> Form Validation Class Initialized
INFO - 2020-06-09 12:18:10 --> Controller Class Initialized
INFO - 2020-06-09 12:18:10 --> Model "M_scholar" initialized
INFO - 2020-06-09 12:18:10 --> Model "M_school" initialized
INFO - 2020-06-09 12:18:10 --> Model "M_reports" initialized
INFO - 2020-06-09 12:18:10 --> File loaded: C:\xampp\htdocs\scholarship\admin\views\include/header.php
INFO - 2020-06-09 12:18:10 --> File loaded: C:\xampp\htdocs\scholarship\admin\views\include/menu.php
INFO - 2020-06-09 12:18:10 --> File loaded: C:\xampp\htdocs\scholarship\admin\views\include/footer.php
INFO - 2020-06-09 12:18:10 --> File loaded: C:\xampp\htdocs\scholarship\admin\views\include/msg.php
INFO - 2020-06-09 12:18:10 --> File loaded: C:\xampp\htdocs\scholarship\admin\views\dashboard/contribution-dashboard.php
INFO - 2020-06-09 12:18:10 --> Final output sent to browser
DEBUG - 2020-06-09 12:18:10 --> Total execution time: 0.5444
INFO - 2020-06-09 12:18:10 --> Config Class Initialized
INFO - 2020-06-09 12:18:10 --> Hooks Class Initialized
DEBUG - 2020-06-09 12:18:10 --> UTF-8 Support Enabled
INFO - 2020-06-09 12:18:10 --> Utf8 Class Initialized
INFO - 2020-06-09 12:18:10 --> URI Class Initialized
INFO - 2020-06-09 12:18:10 --> Router Class Initialized
INFO - 2020-06-09 12:18:10 --> Output Class Initialized
INFO - 2020-06-09 12:18:10 --> Security Class Initialized
DEBUG - 2020-06-09 12:18:10 --> Global POST, GET and COOKIE data sanitized
INFO - 2020-06-09 12:18:10 --> CSRF cookie sent
INFO - 2020-06-09 12:18:10 --> Input Class Initialized
INFO - 2020-06-09 12:18:10 --> Language Class Initialized
INFO - 2020-06-09 12:18:10 --> Loader Class Initialized
INFO - 2020-06-09 12:18:10 --> Helper loaded: url_helper
INFO - 2020-06-09 12:18:10 --> Helper loaded: file_helper
INFO - 2020-06-09 12:18:10 --> Helper loaded: text_helper
INFO - 2020-06-09 12:18:10 --> Helper loaded: string_helper
INFO - 2020-06-09 12:18:10 --> Database Driver Class Initialized
INFO - 2020-06-09 12:18:10 --> Email Class Initialized
DEBUG - 2020-06-09 12:18:10 --> Session: "sess_save_path" is empty; using "session.save_path" value from php.ini.
INFO - 2020-06-09 12:18:10 --> Session: Class initialized using 'files' driver.
INFO - 2020-06-09 12:18:10 --> Helper loaded: form_helper
INFO - 2020-06-09 12:18:10 --> Form Validation Class Initialized
INFO - 2020-06-09 12:18:10 --> Controller Class Initialized
INFO - 2020-06-09 12:18:10 --> Model "M_scholar" initialized
INFO - 2020-06-09 12:18:10 --> Model "M_school" initialized
INFO - 2020-06-09 12:18:10 --> Model "M_reports" initialized
INFO - 2020-06-09 12:18:11 --> Final output sent to browser
DEBUG - 2020-06-09 12:18:11 --> Total execution time: 0.3155
INFO - 2020-06-09 12:18:13 --> Config Class Initialized
INFO - 2020-06-09 12:18:13 --> Hooks Class Initialized
DEBUG - 2020-06-09 12:18:13 --> UTF-8 Support Enabled
INFO - 2020-06-09 12:18:13 --> Utf8 Class Initialized
INFO - 2020-06-09 12:18:13 --> URI Class Initialized
INFO - 2020-06-09 12:18:13 --> Router Class Initialized
INFO - 2020-06-09 12:18:13 --> Output Class Initialized
INFO - 2020-06-09 12:18:13 --> Security Class Initialized
DEBUG - 2020-06-09 12:18:13 --> Global POST, GET and COOKIE data sanitized
INFO - 2020-06-09 12:18:13 --> CSRF cookie sent
INFO - 2020-06-09 12:18:13 --> Input Class Initialized
INFO - 2020-06-09 12:18:13 --> Language Class Initialized
INFO - 2020-06-09 12:18:13 --> Loader Class Initialized
INFO - 2020-06-09 12:18:13 --> Helper loaded: url_helper
INFO - 2020-06-09 12:18:13 --> Helper loaded: file_helper
INFO - 2020-06-09 12:18:13 --> Helper loaded: text_helper
INFO - 2020-06-09 12:18:13 --> Helper loaded: string_helper
INFO - 2020-06-09 12:18:13 --> Database Driver Class Initialized
INFO - 2020-06-09 12:18:13 --> Email Class Initialized
DEBUG - 2020-06-09 12:18:13 --> Session: "sess_save_path" is empty; using "session.save_path" value from php.ini.
INFO - 2020-06-09 12:18:13 --> Session: Class initialized using 'files' driver.
INFO - 2020-06-09 12:18:13 --> Helper loaded: form_helper
INFO - 2020-06-09 12:18:13 --> Form Validation Class Initialized
INFO - 2020-06-09 12:18:13 --> Controller Class Initialized
INFO - 2020-06-09 12:18:13 --> Model "M_school" initialized
INFO - 2020-06-09 12:18:13 --> Model "M_payments" initialized
DEBUG - 2020-06-09 12:18:14 --> Encryption: Auto-configured driver 'openssl'.
INFO - 2020-06-09 12:18:14 --> Encryption: OpenSSL initialized with method AES-128-CBC.
INFO - 2020-06-09 12:18:14 --> Encryption Class Initialized
INFO - 2020-06-09 12:18:14 --> File loaded: C:\xampp\htdocs\scholarship\admin\views\include/header.php
INFO - 2020-06-09 12:18:14 --> File loaded: C:\xampp\htdocs\scholarship\admin\views\include/menu.php
INFO - 2020-06-09 12:18:14 --> File loaded: C:\xampp\htdocs\scholarship\admin\views\include/footer.php
INFO - 2020-06-09 12:18:14 --> File loaded: C:\xampp\htdocs\scholarship\admin\views\include/msg.php
INFO - 2020-06-09 12:18:14 --> File loaded: C:\xampp\htdocs\scholarship\admin\views\industry/payment.php
INFO - 2020-06-09 12:18:14 --> Final output sent to browser
DEBUG - 2020-06-09 12:18:14 --> Total execution time: 0.6723
INFO - 2020-06-09 12:18:14 --> Config Class Initialized
INFO - 2020-06-09 12:18:14 --> Hooks Class Initialized
DEBUG - 2020-06-09 12:18:14 --> UTF-8 Support Enabled
INFO - 2020-06-09 12:18:14 --> Utf8 Class Initialized
INFO - 2020-06-09 12:18:14 --> URI Class Initialized
INFO - 2020-06-09 12:18:14 --> Router Class Initialized
INFO - 2020-06-09 12:18:14 --> Output Class Initialized
INFO - 2020-06-09 12:18:14 --> Security Class Initialized
DEBUG - 2020-06-09 12:18:14 --> Global POST, GET and COOKIE data sanitized
INFO - 2020-06-09 12:18:14 --> CSRF cookie sent
INFO - 2020-06-09 12:18:14 --> Input Class Initialized
INFO - 2020-06-09 12:18:14 --> Language Class Initialized
INFO - 2020-06-09 12:18:14 --> Loader Class Initialized
INFO - 2020-06-09 12:18:14 --> Helper loaded: url_helper
INFO - 2020-06-09 12:18:14 --> Helper loaded: file_helper
INFO - 2020-06-09 12:18:14 --> Helper loaded: text_helper
INFO - 2020-06-09 12:18:14 --> Helper loaded: string_helper
INFO - 2020-06-09 12:18:14 --> Database Driver Class Initialized
INFO - 2020-06-09 12:18:14 --> Email Class Initialized
DEBUG - 2020-06-09 12:18:14 --> Session: "sess_save_path" is empty; using "session.save_path" value from php.ini.
INFO - 2020-06-09 12:18:14 --> Session: Class initialized using 'files' driver.
INFO - 2020-06-09 12:18:14 --> Config Class Initialized
INFO - 2020-06-09 12:18:14 --> Helper loaded: form_helper
INFO - 2020-06-09 12:18:14 --> Form Validation Class Initialized
INFO - 2020-06-09 12:18:14 --> Controller Class Initialized
INFO - 2020-06-09 12:18:14 --> Model "M_school" initialized
INFO - 2020-06-09 12:18:14 --> Hooks Class Initialized
INFO - 2020-06-09 12:18:14 --> Model "M_payments" initialized
DEBUG - 2020-06-09 12:18:14 --> UTF-8 Support Enabled
INFO - 2020-06-09 12:18:14 --> Utf8 Class Initialized
INFO - 2020-06-09 12:18:15 --> URI Class Initialized
INFO - 2020-06-09 12:18:15 --> Router Class Initialized
INFO - 2020-06-09 12:18:15 --> Output Class Initialized
INFO - 2020-06-09 12:18:15 --> Security Class Initialized
DEBUG - 2020-06-09 12:18:15 --> Global POST, GET and COOKIE data sanitized
INFO - 2020-06-09 12:18:15 --> CSRF cookie sent
DEBUG - 2020-06-09 12:18:15 --> Encryption: Auto-configured driver 'openssl'.
INFO - 2020-06-09 12:18:15 --> Encryption: OpenSSL initialized with method AES-128-CBC.
INFO - 2020-06-09 12:18:15 --> Encryption Class Initialized
INFO - 2020-06-09 12:18:15 --> File loaded: C:\xampp\htdocs\scholarship\admin\views\include/header.php
INFO - 2020-06-09 12:18:15 --> File loaded: C:\xampp\htdocs\scholarship\admin\views\include/menu.php
INFO - 2020-06-09 12:18:15 --> File loaded: C:\xampp\htdocs\scholarship\admin\views\include/footer.php
INFO - 2020-06-09 12:18:15 --> Input Class Initialized
INFO - 2020-06-09 12:18:15 --> Language Class Initialized
INFO - 2020-06-09 12:18:15 --> Loader Class Initialized
INFO - 2020-06-09 12:18:15 --> Helper loaded: url_helper
INFO - 2020-06-09 12:18:15 --> Helper loaded: file_helper
INFO - 2020-06-09 12:18:15 --> Helper loaded: text_helper
INFO - 2020-06-09 12:18:15 --> File loaded: C:\xampp\htdocs\scholarship\admin\views\include/msg.php
INFO - 2020-06-09 12:18:15 --> Helper loaded: string_helper
INFO - 2020-06-09 12:18:15 --> File loaded: C:\xampp\htdocs\scholarship\admin\views\industry/pend_payment.php
INFO - 2020-06-09 12:18:15 --> Database Driver Class Initialized
INFO - 2020-06-09 12:18:15 --> Email Class Initialized
INFO - 2020-06-09 12:18:15 --> Final output sent to browser
DEBUG - 2020-06-09 12:18:15 --> Session: "sess_save_path" is empty; using "session.save_path" value from php.ini.
DEBUG - 2020-06-09 12:18:15 --> Total execution time: 0.7912
INFO - 2020-06-09 12:18:15 --> Session: Class initialized using 'files' driver.
INFO - 2020-06-09 12:18:15 --> Helper loaded: form_helper
INFO - 2020-06-09 12:18:15 --> Form Validation Class Initialized
INFO - 2020-06-09 12:18:15 --> Controller Class Initialized
INFO - 2020-06-09 12:18:15 --> Model "M_scholar" initialized
INFO - 2020-06-09 12:18:15 --> Model "M_school" initialized
INFO - 2020-06-09 12:18:15 --> Model "M_reports" initialized
INFO - 2020-06-09 12:18:15 --> File loaded: C:\xampp\htdocs\scholarship\admin\views\include/header.php
INFO - 2020-06-09 12:18:15 --> File loaded: C:\xampp\htdocs\scholarship\admin\views\include/menu.php
INFO - 2020-06-09 12:18:15 --> File loaded: C:\xampp\htdocs\scholarship\admin\views\include/footer.php
INFO - 2020-06-09 12:18:15 --> File loaded: C:\xampp\htdocs\scholarship\admin\views\reports/contribution.php
INFO - 2020-06-09 12:18:15 --> Final output sent to browser
DEBUG - 2020-06-09 12:18:15 --> Total execution time: 0.8044
INFO - 2020-06-09 12:20:06 --> Config Class Initialized
INFO - 2020-06-09 12:20:06 --> Hooks Class Initialized
DEBUG - 2020-06-09 12:20:06 --> UTF-8 Support Enabled
INFO - 2020-06-09 12:20:06 --> Utf8 Class Initialized
INFO - 2020-06-09 12:20:06 --> URI Class Initialized
INFO - 2020-06-09 12:20:06 --> Router Class Initialized
INFO - 2020-06-09 12:20:06 --> Output Class Initialized
INFO - 2020-06-09 12:20:06 --> Security Class Initialized
DEBUG - 2020-06-09 12:20:06 --> Global POST, GET and COOKIE data sanitized
INFO - 2020-06-09 12:20:06 --> CSRF cookie sent
INFO - 2020-06-09 12:20:06 --> Input Class Initialized
INFO - 2020-06-09 12:20:06 --> Language Class Initialized
INFO - 2020-06-09 12:20:06 --> Loader Class Initialized
INFO - 2020-06-09 12:20:06 --> Helper loaded: url_helper
INFO - 2020-06-09 12:20:06 --> Helper loaded: file_helper
INFO - 2020-06-09 12:20:06 --> Helper loaded: text_helper
INFO - 2020-06-09 12:20:06 --> Helper loaded: string_helper
INFO - 2020-06-09 12:20:06 --> Database Driver Class Initialized
INFO - 2020-06-09 12:20:06 --> Email Class Initialized
DEBUG - 2020-06-09 12:20:07 --> Session: "sess_save_path" is empty; using "session.save_path" value from php.ini.
INFO - 2020-06-09 12:20:07 --> Session: Class initialized using 'files' driver.
INFO - 2020-06-09 12:20:07 --> Helper loaded: form_helper
INFO - 2020-06-09 12:20:07 --> Form Validation Class Initialized
INFO - 2020-06-09 12:20:07 --> Controller Class Initialized
INFO - 2020-06-09 12:20:07 --> Model "M_school" initialized
INFO - 2020-06-09 12:20:07 --> Model "M_payments" initialized
DEBUG - 2020-06-09 12:20:08 --> Encryption_url class already loaded. Second attempt ignored.
INFO - 2020-06-09 12:20:08 --> File loaded: C:\xampp\htdocs\scholarship\admin\views\industry/reciept_download.php
INFO - 2020-06-09 12:20:12 --> Config Class Initialized
INFO - 2020-06-09 12:20:12 --> Hooks Class Initialized
DEBUG - 2020-06-09 12:20:12 --> UTF-8 Support Enabled
INFO - 2020-06-09 12:20:12 --> Utf8 Class Initialized
INFO - 2020-06-09 12:20:12 --> URI Class Initialized
INFO - 2020-06-09 12:20:12 --> Router Class Initialized
INFO - 2020-06-09 12:20:12 --> Output Class Initialized
INFO - 2020-06-09 12:20:12 --> Security Class Initialized
DEBUG - 2020-06-09 12:20:12 --> Global POST, GET and COOKIE data sanitized
INFO - 2020-06-09 12:20:12 --> CSRF cookie sent
INFO - 2020-06-09 12:20:12 --> Input Class Initialized
INFO - 2020-06-09 12:20:12 --> Language Class Initialized
INFO - 2020-06-09 12:20:12 --> Loader Class Initialized
INFO - 2020-06-09 12:20:12 --> Helper loaded: url_helper
INFO - 2020-06-09 12:20:12 --> Helper loaded: file_helper
INFO - 2020-06-09 12:20:12 --> Helper loaded: text_helper
INFO - 2020-06-09 12:20:12 --> Helper loaded: string_helper
INFO - 2020-06-09 12:20:12 --> Database Driver Class Initialized
INFO - 2020-06-09 12:20:12 --> Email Class Initialized
DEBUG - 2020-06-09 12:20:12 --> Session: "sess_save_path" is empty; using "session.save_path" value from php.ini.
INFO - 2020-06-09 12:20:12 --> Session: Class initialized using 'files' driver.
INFO - 2020-06-09 12:20:12 --> Helper loaded: form_helper
INFO - 2020-06-09 12:20:12 --> Form Validation Class Initialized
INFO - 2020-06-09 12:20:12 --> Controller Class Initialized
INFO - 2020-06-09 12:20:12 --> Model "M_school" initialized
INFO - 2020-06-09 12:20:12 --> Model "M_payments" initialized
DEBUG - 2020-06-09 12:20:12 --> Encryption: Auto-configured driver 'openssl'.
INFO - 2020-06-09 12:20:12 --> Encryption: OpenSSL initialized with method AES-128-CBC.
INFO - 2020-06-09 12:20:12 --> Encryption Class Initialized
INFO - 2020-06-09 12:20:12 --> File loaded: C:\xampp\htdocs\scholarship\admin\views\include/header.php
INFO - 2020-06-09 12:20:12 --> File loaded: C:\xampp\htdocs\scholarship\admin\views\include/menu.php
INFO - 2020-06-09 12:20:12 --> File loaded: C:\xampp\htdocs\scholarship\admin\views\include/footer.php
INFO - 2020-06-09 12:20:12 --> File loaded: C:\xampp\htdocs\scholarship\admin\views\include/msg.php
INFO - 2020-06-09 12:20:12 --> File loaded: C:\xampp\htdocs\scholarship\admin\views\industry/pend_payment.php
INFO - 2020-06-09 12:20:13 --> Final output sent to browser
DEBUG - 2020-06-09 12:20:13 --> Total execution time: 0.7708
INFO - 2020-06-09 12:20:26 --> Config Class Initialized
INFO - 2020-06-09 12:20:26 --> Hooks Class Initialized
DEBUG - 2020-06-09 12:20:26 --> UTF-8 Support Enabled
INFO - 2020-06-09 12:20:26 --> Utf8 Class Initialized
INFO - 2020-06-09 12:20:26 --> URI Class Initialized
INFO - 2020-06-09 12:20:26 --> Router Class Initialized
INFO - 2020-06-09 12:20:26 --> Output Class Initialized
INFO - 2020-06-09 12:20:26 --> Security Class Initialized
DEBUG - 2020-06-09 12:20:26 --> Global POST, GET and COOKIE data sanitized
INFO - 2020-06-09 12:20:26 --> CSRF cookie sent
INFO - 2020-06-09 12:20:26 --> Input Class Initialized
INFO - 2020-06-09 12:20:26 --> Language Class Initialized
INFO - 2020-06-09 12:20:26 --> Loader Class Initialized
INFO - 2020-06-09 12:20:26 --> Helper loaded: url_helper
INFO - 2020-06-09 12:20:26 --> Helper loaded: file_helper
INFO - 2020-06-09 12:20:26 --> Helper loaded: text_helper
INFO - 2020-06-09 12:20:26 --> Helper loaded: string_helper
INFO - 2020-06-09 12:20:26 --> Database Driver Class Initialized
INFO - 2020-06-09 12:20:26 --> Email Class Initialized
DEBUG - 2020-06-09 12:20:26 --> Session: "sess_save_path" is empty; using "session.save_path" value from php.ini.
INFO - 2020-06-09 12:20:26 --> Session: Class initialized using 'files' driver.
INFO - 2020-06-09 12:20:26 --> Helper loaded: form_helper
INFO - 2020-06-09 12:20:26 --> Form Validation Class Initialized
INFO - 2020-06-09 12:20:26 --> Controller Class Initialized
INFO - 2020-06-09 12:20:26 --> Model "M_scholar" initialized
INFO - 2020-06-09 12:20:26 --> Model "M_school" initialized
INFO - 2020-06-09 12:20:26 --> Model "M_reports" initialized
INFO - 2020-06-09 12:20:26 --> File loaded: C:\xampp\htdocs\scholarship\admin\views\include/header.php
INFO - 2020-06-09 12:20:26 --> File loaded: C:\xampp\htdocs\scholarship\admin\views\include/menu.php
INFO - 2020-06-09 12:20:26 --> File loaded: C:\xampp\htdocs\scholarship\admin\views\include/footer.php
INFO - 2020-06-09 12:20:26 --> File loaded: C:\xampp\htdocs\scholarship\admin\views\reports/contribution.php
INFO - 2020-06-09 12:20:26 --> Final output sent to browser
DEBUG - 2020-06-09 12:20:26 --> Total execution time: 0.4378
INFO - 2020-06-09 12:20:44 --> Config Class Initialized
INFO - 2020-06-09 12:20:44 --> Hooks Class Initialized
DEBUG - 2020-06-09 12:20:44 --> UTF-8 Support Enabled
INFO - 2020-06-09 12:20:44 --> Utf8 Class Initialized
INFO - 2020-06-09 12:20:44 --> URI Class Initialized
INFO - 2020-06-09 12:20:44 --> Router Class Initialized
INFO - 2020-06-09 12:20:44 --> Output Class Initialized
INFO - 2020-06-09 12:20:44 --> Security Class Initialized
DEBUG - 2020-06-09 12:20:44 --> Global POST, GET and COOKIE data sanitized
INFO - 2020-06-09 12:20:44 --> CSRF cookie sent
INFO - 2020-06-09 12:20:44 --> Input Class Initialized
INFO - 2020-06-09 12:20:44 --> Language Class Initialized
INFO - 2020-06-09 12:20:44 --> Loader Class Initialized
INFO - 2020-06-09 12:20:44 --> Helper loaded: url_helper
INFO - 2020-06-09 12:20:44 --> Helper loaded: file_helper
INFO - 2020-06-09 12:20:44 --> Helper loaded: text_helper
INFO - 2020-06-09 12:20:44 --> Helper loaded: string_helper
INFO - 2020-06-09 12:20:44 --> Database Driver Class Initialized
INFO - 2020-06-09 12:20:44 --> Email Class Initialized
DEBUG - 2020-06-09 12:20:44 --> Session: "sess_save_path" is empty; using "session.save_path" value from php.ini.
INFO - 2020-06-09 12:20:44 --> Session: Class initialized using 'files' driver.
INFO - 2020-06-09 12:20:44 --> Helper loaded: form_helper
INFO - 2020-06-09 12:20:44 --> Form Validation Class Initialized
INFO - 2020-06-09 12:20:44 --> Controller Class Initialized
INFO - 2020-06-09 12:20:44 --> Model "M_scholar" initialized
INFO - 2020-06-09 12:20:44 --> Model "M_school" initialized
INFO - 2020-06-09 12:20:44 --> Model "M_reports" initialized
INFO - 2020-06-09 12:20:44 --> File loaded: C:\xampp\htdocs\scholarship\admin\views\include/header.php
INFO - 2020-06-09 12:20:44 --> File loaded: C:\xampp\htdocs\scholarship\admin\views\include/menu.php
INFO - 2020-06-09 12:20:44 --> File loaded: C:\xampp\htdocs\scholarship\admin\views\include/footer.php
INFO - 2020-06-09 12:20:44 --> File loaded: C:\xampp\htdocs\scholarship\admin\views\reports/contribution.php
INFO - 2020-06-09 12:20:44 --> Final output sent to browser
DEBUG - 2020-06-09 12:20:44 --> Total execution time: 0.4825
