INFO - 2020-08-04 10:31:18 --> Config Class Initialized
INFO - 2020-08-04 10:31:18 --> Hooks Class Initialized
DEBUG - 2020-08-04 10:31:18 --> UTF-8 Support Enabled
INFO - 2020-08-04 10:31:18 --> Utf8 Class Initialized
INFO - 2020-08-04 10:31:18 --> URI Class Initialized
INFO - 2020-08-04 10:31:18 --> Config Class Initialized
INFO - 2020-08-04 10:31:18 --> Hooks Class Initialized
DEBUG - 2020-08-04 10:31:18 --> UTF-8 Support Enabled
INFO - 2020-08-04 10:31:18 --> Utf8 Class Initialized
INFO - 2020-08-04 10:31:18 --> URI Class Initialized
INFO - 2020-08-04 10:31:18 --> Router Class Initialized
INFO - 2020-08-04 10:31:18 --> Router Class Initialized
INFO - 2020-08-04 10:31:18 --> Output Class Initialized
INFO - 2020-08-04 10:31:18 --> Security Class Initialized
INFO - 2020-08-04 10:31:18 --> Output Class Initialized
DEBUG - 2020-08-04 10:31:18 --> Global POST, GET and COOKIE data sanitized
INFO - 2020-08-04 10:31:18 --> CSRF cookie sent
INFO - 2020-08-04 10:31:18 --> Input Class Initialized
INFO - 2020-08-04 10:31:18 --> Language Class Initialized
ERROR - 2020-08-04 10:31:18 --> 404 Page Not Found: Assets/image
INFO - 2020-08-04 10:31:18 --> Security Class Initialized
DEBUG - 2020-08-04 10:31:18 --> Global POST, GET and COOKIE data sanitized
INFO - 2020-08-04 10:31:18 --> CSRF cookie sent
INFO - 2020-08-04 10:31:18 --> Input Class Initialized
INFO - 2020-08-04 10:31:18 --> Language Class Initialized
ERROR - 2020-08-04 10:31:18 --> 404 Page Not Found: Assets/images
