INFO - 2020-03-09 07:37:34 --> Config Class Initialized
INFO - 2020-03-09 07:37:34 --> Hooks Class Initialized
DEBUG - 2020-03-09 07:37:34 --> UTF-8 Support Enabled
INFO - 2020-03-09 07:37:34 --> Utf8 Class Initialized
INFO - 2020-03-09 07:37:34 --> URI Class Initialized
DEBUG - 2020-03-09 07:37:34 --> No URI present. Default controller set.
INFO - 2020-03-09 07:37:34 --> Router Class Initialized
INFO - 2020-03-09 07:37:34 --> Output Class Initialized
INFO - 2020-03-09 07:37:34 --> Security Class Initialized
DEBUG - 2020-03-09 07:37:34 --> Global POST, GET and COOKIE data sanitized
INFO - 2020-03-09 07:37:34 --> Input Class Initialized
INFO - 2020-03-09 07:37:34 --> Language Class Initialized
INFO - 2020-03-09 07:37:34 --> Loader Class Initialized
INFO - 2020-03-09 07:37:34 --> Helper loaded: url_helper
INFO - 2020-03-09 07:37:34 --> Helper loaded: file_helper
INFO - 2020-03-09 07:37:34 --> Helper loaded: text_helper
INFO - 2020-03-09 07:37:34 --> Helper loaded: string_helper
INFO - 2020-03-09 07:37:34 --> Database Driver Class Initialized
INFO - 2020-03-09 07:37:34 --> Email Class Initialized
DEBUG - 2020-03-09 07:37:34 --> Session: "sess_save_path" is empty; using "session.save_path" value from php.ini.
INFO - 2020-03-09 07:37:34 --> Session: Class initialized using 'files' driver.
INFO - 2020-03-09 07:37:34 --> Helper loaded: form_helper
INFO - 2020-03-09 07:37:34 --> Form Validation Class Initialized
INFO - 2020-03-09 07:37:34 --> Controller Class Initialized
INFO - 2020-03-09 07:37:34 --> Model "M_auth" initialized
INFO - 2020-03-09 07:37:34 --> File loaded: C:\xampp\htdocs\scholarship\admin\views\include/header.php
INFO - 2020-03-09 07:37:34 --> File loaded: C:\xampp\htdocs\scholarship\admin\views\include/footer.php
INFO - 2020-03-09 07:37:34 --> File loaded: C:\xampp\htdocs\scholarship\admin\views\include/msg.php
INFO - 2020-03-09 07:37:34 --> File loaded: C:\xampp\htdocs\scholarship\admin\views\auth/login.php
INFO - 2020-03-09 07:37:34 --> Final output sent to browser
DEBUG - 2020-03-09 07:37:34 --> Total execution time: 0.3387
INFO - 2020-03-09 07:37:39 --> Config Class Initialized
INFO - 2020-03-09 07:37:39 --> Hooks Class Initialized
DEBUG - 2020-03-09 07:37:39 --> UTF-8 Support Enabled
INFO - 2020-03-09 07:37:39 --> Utf8 Class Initialized
INFO - 2020-03-09 07:37:39 --> URI Class Initialized
INFO - 2020-03-09 07:37:39 --> Router Class Initialized
INFO - 2020-03-09 07:37:39 --> Output Class Initialized
INFO - 2020-03-09 07:37:39 --> Security Class Initialized
DEBUG - 2020-03-09 07:37:39 --> Global POST, GET and COOKIE data sanitized
INFO - 2020-03-09 07:37:39 --> Input Class Initialized
INFO - 2020-03-09 07:37:39 --> Language Class Initialized
INFO - 2020-03-09 07:37:39 --> Loader Class Initialized
INFO - 2020-03-09 07:37:39 --> Helper loaded: url_helper
INFO - 2020-03-09 07:37:39 --> Helper loaded: file_helper
INFO - 2020-03-09 07:37:39 --> Helper loaded: text_helper
INFO - 2020-03-09 07:37:39 --> Helper loaded: string_helper
INFO - 2020-03-09 07:37:39 --> Database Driver Class Initialized
INFO - 2020-03-09 07:37:39 --> Email Class Initialized
DEBUG - 2020-03-09 07:37:39 --> Session: "sess_save_path" is empty; using "session.save_path" value from php.ini.
INFO - 2020-03-09 07:37:39 --> Session: Class initialized using 'files' driver.
INFO - 2020-03-09 07:37:39 --> Helper loaded: form_helper
INFO - 2020-03-09 07:37:39 --> Form Validation Class Initialized
INFO - 2020-03-09 07:37:39 --> Controller Class Initialized
INFO - 2020-03-09 07:37:39 --> Model "M_auth" initialized
DEBUG - 2020-03-09 07:37:39 --> Form_validation class already loaded. Second attempt ignored.
INFO - 2020-03-09 07:37:39 --> Language file loaded: language/english/form_validation_lang.php
INFO - 2020-03-09 07:37:39 --> ---------------------Success -- Admin Logged in with prathwi@5ine.in and IP aaddress ::1 --------------
INFO - 2020-03-09 07:37:39 --> Config Class Initialized
INFO - 2020-03-09 07:37:39 --> Hooks Class Initialized
DEBUG - 2020-03-09 07:37:39 --> UTF-8 Support Enabled
INFO - 2020-03-09 07:37:39 --> Utf8 Class Initialized
INFO - 2020-03-09 07:37:39 --> URI Class Initialized
INFO - 2020-03-09 07:37:39 --> Router Class Initialized
INFO - 2020-03-09 07:37:39 --> Output Class Initialized
INFO - 2020-03-09 07:37:39 --> Security Class Initialized
DEBUG - 2020-03-09 07:37:39 --> Global POST, GET and COOKIE data sanitized
INFO - 2020-03-09 07:37:39 --> Input Class Initialized
INFO - 2020-03-09 07:37:39 --> Language Class Initialized
INFO - 2020-03-09 07:37:39 --> Loader Class Initialized
INFO - 2020-03-09 07:37:39 --> Helper loaded: url_helper
INFO - 2020-03-09 07:37:39 --> Helper loaded: file_helper
INFO - 2020-03-09 07:37:39 --> Helper loaded: text_helper
INFO - 2020-03-09 07:37:39 --> Helper loaded: string_helper
INFO - 2020-03-09 07:37:39 --> Database Driver Class Initialized
INFO - 2020-03-09 07:37:39 --> Email Class Initialized
DEBUG - 2020-03-09 07:37:39 --> Session: "sess_save_path" is empty; using "session.save_path" value from php.ini.
INFO - 2020-03-09 07:37:39 --> Session: Class initialized using 'files' driver.
INFO - 2020-03-09 07:37:39 --> Helper loaded: form_helper
INFO - 2020-03-09 07:37:39 --> Form Validation Class Initialized
INFO - 2020-03-09 07:37:39 --> Controller Class Initialized
INFO - 2020-03-09 07:37:39 --> Model "M_dashboard" initialized
INFO - 2020-03-09 07:37:39 --> File loaded: C:\xampp\htdocs\scholarship\admin\views\include/header.php
INFO - 2020-03-09 07:37:40 --> File loaded: C:\xampp\htdocs\scholarship\admin\views\include/menu.php
INFO - 2020-03-09 07:37:40 --> File loaded: C:\xampp\htdocs\scholarship\admin\views\include/footer.php
INFO - 2020-03-09 07:37:40 --> File loaded: C:\xampp\htdocs\scholarship\admin\views\include/msg.php
INFO - 2020-03-09 07:37:40 --> File loaded: C:\xampp\htdocs\scholarship\admin\views\dashboard/index.php
INFO - 2020-03-09 07:37:40 --> Final output sent to browser
DEBUG - 2020-03-09 07:37:40 --> Total execution time: 0.4428
INFO - 2020-03-09 07:37:40 --> Config Class Initialized
INFO - 2020-03-09 07:37:40 --> Hooks Class Initialized
DEBUG - 2020-03-09 07:37:40 --> UTF-8 Support Enabled
INFO - 2020-03-09 07:37:40 --> Utf8 Class Initialized
INFO - 2020-03-09 07:37:40 --> URI Class Initialized
INFO - 2020-03-09 07:37:40 --> Router Class Initialized
INFO - 2020-03-09 07:37:40 --> Output Class Initialized
INFO - 2020-03-09 07:37:40 --> Security Class Initialized
DEBUG - 2020-03-09 07:37:40 --> Global POST, GET and COOKIE data sanitized
INFO - 2020-03-09 07:37:40 --> Input Class Initialized
INFO - 2020-03-09 07:37:40 --> Language Class Initialized
INFO - 2020-03-09 07:37:40 --> Loader Class Initialized
INFO - 2020-03-09 07:37:40 --> Helper loaded: url_helper
INFO - 2020-03-09 07:37:40 --> Helper loaded: file_helper
INFO - 2020-03-09 07:37:40 --> Helper loaded: text_helper
INFO - 2020-03-09 07:37:40 --> Helper loaded: string_helper
INFO - 2020-03-09 07:37:40 --> Database Driver Class Initialized
INFO - 2020-03-09 07:37:40 --> Email Class Initialized
DEBUG - 2020-03-09 07:37:40 --> Session: "sess_save_path" is empty; using "session.save_path" value from php.ini.
INFO - 2020-03-09 07:37:40 --> Session: Class initialized using 'files' driver.
INFO - 2020-03-09 07:37:40 --> Helper loaded: form_helper
INFO - 2020-03-09 07:37:40 --> Form Validation Class Initialized
INFO - 2020-03-09 07:37:40 --> Controller Class Initialized
INFO - 2020-03-09 07:37:40 --> Model "M_dashboard" initialized
INFO - 2020-03-09 07:37:40 --> Final output sent to browser
DEBUG - 2020-03-09 07:37:40 --> Total execution time: 0.1421
INFO - 2020-03-09 07:37:45 --> Config Class Initialized
INFO - 2020-03-09 07:37:45 --> Hooks Class Initialized
DEBUG - 2020-03-09 07:37:45 --> UTF-8 Support Enabled
INFO - 2020-03-09 07:37:45 --> Utf8 Class Initialized
INFO - 2020-03-09 07:37:45 --> URI Class Initialized
INFO - 2020-03-09 07:37:45 --> Router Class Initialized
INFO - 2020-03-09 07:37:45 --> Output Class Initialized
INFO - 2020-03-09 07:37:45 --> Security Class Initialized
DEBUG - 2020-03-09 07:37:45 --> Global POST, GET and COOKIE data sanitized
INFO - 2020-03-09 07:37:45 --> Input Class Initialized
INFO - 2020-03-09 07:37:45 --> Language Class Initialized
INFO - 2020-03-09 07:37:45 --> Loader Class Initialized
INFO - 2020-03-09 07:37:45 --> Helper loaded: url_helper
INFO - 2020-03-09 07:37:45 --> Helper loaded: file_helper
INFO - 2020-03-09 07:37:45 --> Helper loaded: text_helper
INFO - 2020-03-09 07:37:45 --> Helper loaded: string_helper
INFO - 2020-03-09 07:37:45 --> Database Driver Class Initialized
INFO - 2020-03-09 07:37:45 --> Email Class Initialized
DEBUG - 2020-03-09 07:37:45 --> Session: "sess_save_path" is empty; using "session.save_path" value from php.ini.
INFO - 2020-03-09 07:37:45 --> Session: Class initialized using 'files' driver.
INFO - 2020-03-09 07:37:45 --> Helper loaded: form_helper
INFO - 2020-03-09 07:37:45 --> Form Validation Class Initialized
INFO - 2020-03-09 07:37:45 --> Controller Class Initialized
INFO - 2020-03-09 07:37:45 --> Model "M_scholar" initialized
INFO - 2020-03-09 07:37:45 --> Model "M_school" initialized
INFO - 2020-03-09 07:37:45 --> File loaded: C:\xampp\htdocs\scholarship\admin\views\include/header.php
INFO - 2020-03-09 07:37:45 --> File loaded: C:\xampp\htdocs\scholarship\admin\views\include/menu.php
INFO - 2020-03-09 07:37:45 --> File loaded: C:\xampp\htdocs\scholarship\admin\views\include/footer.php
INFO - 2020-03-09 07:37:45 --> File loaded: C:\xampp\htdocs\scholarship\admin\views\scholar/list.php
INFO - 2020-03-09 07:37:45 --> Final output sent to browser
DEBUG - 2020-03-09 07:37:45 --> Total execution time: 0.1399
INFO - 2020-03-09 07:37:47 --> Config Class Initialized
INFO - 2020-03-09 07:37:47 --> Hooks Class Initialized
DEBUG - 2020-03-09 07:37:47 --> UTF-8 Support Enabled
INFO - 2020-03-09 07:37:47 --> Utf8 Class Initialized
INFO - 2020-03-09 07:37:47 --> URI Class Initialized
INFO - 2020-03-09 07:37:47 --> Router Class Initialized
INFO - 2020-03-09 07:37:47 --> Output Class Initialized
INFO - 2020-03-09 07:37:47 --> Security Class Initialized
DEBUG - 2020-03-09 07:37:47 --> Global POST, GET and COOKIE data sanitized
INFO - 2020-03-09 07:37:47 --> Input Class Initialized
INFO - 2020-03-09 07:37:47 --> Language Class Initialized
INFO - 2020-03-09 07:37:47 --> Loader Class Initialized
INFO - 2020-03-09 07:37:47 --> Helper loaded: url_helper
INFO - 2020-03-09 07:37:47 --> Helper loaded: file_helper
INFO - 2020-03-09 07:37:47 --> Helper loaded: text_helper
INFO - 2020-03-09 07:37:47 --> Helper loaded: string_helper
INFO - 2020-03-09 07:37:47 --> Database Driver Class Initialized
INFO - 2020-03-09 07:37:47 --> Email Class Initialized
DEBUG - 2020-03-09 07:37:47 --> Session: "sess_save_path" is empty; using "session.save_path" value from php.ini.
INFO - 2020-03-09 07:37:47 --> Session: Class initialized using 'files' driver.
INFO - 2020-03-09 07:37:47 --> Helper loaded: form_helper
INFO - 2020-03-09 07:37:47 --> Form Validation Class Initialized
INFO - 2020-03-09 07:37:47 --> Controller Class Initialized
INFO - 2020-03-09 07:37:47 --> Model "M_scholar" initialized
INFO - 2020-03-09 07:37:47 --> Model "M_school" initialized
INFO - 2020-03-09 07:37:47 --> Final output sent to browser
DEBUG - 2020-03-09 07:37:47 --> Total execution time: 0.1911
INFO - 2020-03-09 07:37:55 --> Config Class Initialized
INFO - 2020-03-09 07:37:55 --> Hooks Class Initialized
DEBUG - 2020-03-09 07:37:55 --> UTF-8 Support Enabled
INFO - 2020-03-09 07:37:55 --> Utf8 Class Initialized
INFO - 2020-03-09 07:37:55 --> URI Class Initialized
INFO - 2020-03-09 07:37:56 --> Router Class Initialized
INFO - 2020-03-09 07:37:56 --> Output Class Initialized
INFO - 2020-03-09 07:37:56 --> Security Class Initialized
DEBUG - 2020-03-09 07:37:56 --> Global POST, GET and COOKIE data sanitized
INFO - 2020-03-09 07:37:56 --> Input Class Initialized
INFO - 2020-03-09 07:37:56 --> Language Class Initialized
INFO - 2020-03-09 07:37:56 --> Loader Class Initialized
INFO - 2020-03-09 07:37:56 --> Helper loaded: url_helper
INFO - 2020-03-09 07:37:56 --> Helper loaded: file_helper
INFO - 2020-03-09 07:37:56 --> Helper loaded: text_helper
INFO - 2020-03-09 07:37:56 --> Helper loaded: string_helper
INFO - 2020-03-09 07:37:56 --> Database Driver Class Initialized
INFO - 2020-03-09 07:37:56 --> Email Class Initialized
DEBUG - 2020-03-09 07:37:56 --> Session: "sess_save_path" is empty; using "session.save_path" value from php.ini.
INFO - 2020-03-09 07:37:56 --> Session: Class initialized using 'files' driver.
INFO - 2020-03-09 07:37:56 --> Helper loaded: form_helper
INFO - 2020-03-09 07:37:56 --> Form Validation Class Initialized
INFO - 2020-03-09 07:37:56 --> Controller Class Initialized
INFO - 2020-03-09 07:37:56 --> Model "M_scholar" initialized
INFO - 2020-03-09 07:37:56 --> Model "M_school" initialized
INFO - 2020-03-09 07:37:56 --> File loaded: C:\xampp\htdocs\scholarship\admin\views\include/header.php
INFO - 2020-03-09 07:37:56 --> File loaded: C:\xampp\htdocs\scholarship\admin\views\include/menu.php
INFO - 2020-03-09 07:37:56 --> File loaded: C:\xampp\htdocs\scholarship\admin\views\include/footer.php
INFO - 2020-03-09 07:37:56 --> File loaded: C:\xampp\htdocs\scholarship\admin\views\include/msg.php
INFO - 2020-03-09 07:37:56 --> File loaded: C:\xampp\htdocs\scholarship\admin\views\scholar/application.php
INFO - 2020-03-09 07:37:56 --> Final output sent to browser
DEBUG - 2020-03-09 07:37:56 --> Total execution time: 0.1466
INFO - 2020-03-09 07:37:56 --> Config Class Initialized
INFO - 2020-03-09 07:37:56 --> Hooks Class Initialized
DEBUG - 2020-03-09 07:37:56 --> UTF-8 Support Enabled
INFO - 2020-03-09 07:37:56 --> Utf8 Class Initialized
INFO - 2020-03-09 07:37:56 --> URI Class Initialized
INFO - 2020-03-09 07:37:56 --> Router Class Initialized
INFO - 2020-03-09 07:37:56 --> Output Class Initialized
INFO - 2020-03-09 07:37:56 --> Security Class Initialized
DEBUG - 2020-03-09 07:37:56 --> Global POST, GET and COOKIE data sanitized
INFO - 2020-03-09 07:37:56 --> Input Class Initialized
INFO - 2020-03-09 07:37:56 --> Language Class Initialized
ERROR - 2020-03-09 07:37:56 --> 404 Page Not Found: Assets/image
INFO - 2020-03-09 07:37:56 --> Config Class Initialized
INFO - 2020-03-09 07:37:56 --> Hooks Class Initialized
DEBUG - 2020-03-09 07:37:56 --> UTF-8 Support Enabled
INFO - 2020-03-09 07:37:56 --> Utf8 Class Initialized
INFO - 2020-03-09 07:37:56 --> URI Class Initialized
INFO - 2020-03-09 07:37:56 --> Router Class Initialized
INFO - 2020-03-09 07:37:56 --> Output Class Initialized
INFO - 2020-03-09 07:37:56 --> Security Class Initialized
DEBUG - 2020-03-09 07:37:56 --> Global POST, GET and COOKIE data sanitized
INFO - 2020-03-09 07:37:56 --> Input Class Initialized
INFO - 2020-03-09 07:37:56 --> Language Class Initialized
ERROR - 2020-03-09 07:37:56 --> 404 Page Not Found: Assets/image
INFO - 2020-03-09 07:40:29 --> Config Class Initialized
INFO - 2020-03-09 07:40:29 --> Hooks Class Initialized
DEBUG - 2020-03-09 07:40:29 --> UTF-8 Support Enabled
INFO - 2020-03-09 07:40:29 --> Utf8 Class Initialized
INFO - 2020-03-09 07:40:29 --> URI Class Initialized
INFO - 2020-03-09 07:40:29 --> Router Class Initialized
INFO - 2020-03-09 07:40:29 --> Output Class Initialized
INFO - 2020-03-09 07:40:29 --> Security Class Initialized
DEBUG - 2020-03-09 07:40:29 --> Global POST, GET and COOKIE data sanitized
INFO - 2020-03-09 07:40:29 --> Input Class Initialized
INFO - 2020-03-09 07:40:29 --> Language Class Initialized
ERROR - 2020-03-09 07:40:29 --> 404 Page Not Found: Student-adhar/7d268e7df999d15f752f89c83fb704ab.png
INFO - 2020-03-09 07:40:30 --> Config Class Initialized
INFO - 2020-03-09 07:40:30 --> Hooks Class Initialized
DEBUG - 2020-03-09 07:40:30 --> UTF-8 Support Enabled
INFO - 2020-03-09 07:40:30 --> Utf8 Class Initialized
INFO - 2020-03-09 07:40:30 --> URI Class Initialized
INFO - 2020-03-09 07:40:30 --> Router Class Initialized
INFO - 2020-03-09 07:40:30 --> Output Class Initialized
INFO - 2020-03-09 07:40:30 --> Security Class Initialized
DEBUG - 2020-03-09 07:40:30 --> Global POST, GET and COOKIE data sanitized
INFO - 2020-03-09 07:40:30 --> Input Class Initialized
INFO - 2020-03-09 07:40:30 --> Language Class Initialized
ERROR - 2020-03-09 07:40:30 --> 404 Page Not Found: Mother-adhar/a80ef0a96d8bea8119b483dc8edb9117.png
INFO - 2020-03-09 07:40:31 --> Config Class Initialized
INFO - 2020-03-09 07:40:31 --> Hooks Class Initialized
DEBUG - 2020-03-09 07:40:31 --> UTF-8 Support Enabled
INFO - 2020-03-09 07:40:31 --> Utf8 Class Initialized
INFO - 2020-03-09 07:40:31 --> URI Class Initialized
INFO - 2020-03-09 07:40:31 --> Router Class Initialized
INFO - 2020-03-09 07:40:31 --> Output Class Initialized
INFO - 2020-03-09 07:40:31 --> Security Class Initialized
DEBUG - 2020-03-09 07:40:31 --> Global POST, GET and COOKIE data sanitized
INFO - 2020-03-09 07:40:31 --> Input Class Initialized
INFO - 2020-03-09 07:40:31 --> Language Class Initialized
ERROR - 2020-03-09 07:40:31 --> 404 Page Not Found: Father-adhar/57226494d8a53b011142d5bc409dfc28.png
INFO - 2020-03-09 07:42:10 --> Config Class Initialized
INFO - 2020-03-09 07:42:10 --> Hooks Class Initialized
DEBUG - 2020-03-09 07:42:10 --> UTF-8 Support Enabled
INFO - 2020-03-09 07:42:10 --> Utf8 Class Initialized
INFO - 2020-03-09 07:42:10 --> URI Class Initialized
INFO - 2020-03-09 07:42:10 --> Router Class Initialized
INFO - 2020-03-09 07:42:10 --> Output Class Initialized
INFO - 2020-03-09 07:42:10 --> Security Class Initialized
DEBUG - 2020-03-09 07:42:10 --> Global POST, GET and COOKIE data sanitized
INFO - 2020-03-09 07:42:10 --> Input Class Initialized
INFO - 2020-03-09 07:42:10 --> Language Class Initialized
INFO - 2020-03-09 07:42:10 --> Loader Class Initialized
INFO - 2020-03-09 07:42:10 --> Helper loaded: url_helper
INFO - 2020-03-09 07:42:10 --> Helper loaded: file_helper
INFO - 2020-03-09 07:42:10 --> Helper loaded: text_helper
INFO - 2020-03-09 07:42:10 --> Helper loaded: string_helper
INFO - 2020-03-09 07:42:10 --> Database Driver Class Initialized
INFO - 2020-03-09 07:42:10 --> Email Class Initialized
DEBUG - 2020-03-09 07:42:10 --> Session: "sess_save_path" is empty; using "session.save_path" value from php.ini.
INFO - 2020-03-09 07:42:10 --> Session: Class initialized using 'files' driver.
INFO - 2020-03-09 07:42:10 --> Helper loaded: form_helper
INFO - 2020-03-09 07:42:10 --> Form Validation Class Initialized
INFO - 2020-03-09 07:42:10 --> Controller Class Initialized
INFO - 2020-03-09 07:42:10 --> Model "M_scholar" initialized
INFO - 2020-03-09 07:42:10 --> Model "M_school" initialized
INFO - 2020-03-09 07:42:10 --> File loaded: C:\xampp\htdocs\scholarship\admin\views\include/header.php
INFO - 2020-03-09 07:42:10 --> File loaded: C:\xampp\htdocs\scholarship\admin\views\include/menu.php
INFO - 2020-03-09 07:42:10 --> File loaded: C:\xampp\htdocs\scholarship\admin\views\include/footer.php
INFO - 2020-03-09 07:42:10 --> File loaded: C:\xampp\htdocs\scholarship\admin\views\include/msg.php
INFO - 2020-03-09 07:42:10 --> File loaded: C:\xampp\htdocs\scholarship\admin\views\scholar/application.php
INFO - 2020-03-09 07:42:10 --> Final output sent to browser
DEBUG - 2020-03-09 07:42:10 --> Total execution time: 0.2698
INFO - 2020-03-09 07:43:56 --> Config Class Initialized
INFO - 2020-03-09 07:43:56 --> Hooks Class Initialized
DEBUG - 2020-03-09 07:43:56 --> UTF-8 Support Enabled
INFO - 2020-03-09 07:43:56 --> Utf8 Class Initialized
INFO - 2020-03-09 07:43:56 --> URI Class Initialized
INFO - 2020-03-09 07:43:56 --> Router Class Initialized
INFO - 2020-03-09 07:43:56 --> Output Class Initialized
INFO - 2020-03-09 07:43:56 --> Security Class Initialized
DEBUG - 2020-03-09 07:43:56 --> Global POST, GET and COOKIE data sanitized
INFO - 2020-03-09 07:43:56 --> Input Class Initialized
INFO - 2020-03-09 07:43:56 --> Language Class Initialized
INFO - 2020-03-09 07:43:56 --> Loader Class Initialized
INFO - 2020-03-09 07:43:56 --> Helper loaded: url_helper
INFO - 2020-03-09 07:43:56 --> Helper loaded: file_helper
INFO - 2020-03-09 07:43:56 --> Helper loaded: text_helper
INFO - 2020-03-09 07:43:56 --> Helper loaded: string_helper
INFO - 2020-03-09 07:43:56 --> Database Driver Class Initialized
INFO - 2020-03-09 07:43:56 --> Email Class Initialized
DEBUG - 2020-03-09 07:43:56 --> Session: "sess_save_path" is empty; using "session.save_path" value from php.ini.
INFO - 2020-03-09 07:43:56 --> Session: Class initialized using 'files' driver.
INFO - 2020-03-09 07:43:56 --> Helper loaded: form_helper
INFO - 2020-03-09 07:43:56 --> Form Validation Class Initialized
INFO - 2020-03-09 07:43:56 --> Controller Class Initialized
INFO - 2020-03-09 07:43:56 --> Model "M_auth" initialized
INFO - 2020-03-09 07:43:56 --> Config Class Initialized
INFO - 2020-03-09 07:43:56 --> Hooks Class Initialized
DEBUG - 2020-03-09 07:43:56 --> UTF-8 Support Enabled
INFO - 2020-03-09 07:43:56 --> Utf8 Class Initialized
INFO - 2020-03-09 07:43:56 --> URI Class Initialized
DEBUG - 2020-03-09 07:43:56 --> No URI present. Default controller set.
INFO - 2020-03-09 07:43:56 --> Router Class Initialized
INFO - 2020-03-09 07:43:56 --> Output Class Initialized
INFO - 2020-03-09 07:43:56 --> Security Class Initialized
DEBUG - 2020-03-09 07:43:56 --> Global POST, GET and COOKIE data sanitized
INFO - 2020-03-09 07:43:56 --> Input Class Initialized
INFO - 2020-03-09 07:43:56 --> Language Class Initialized
INFO - 2020-03-09 07:43:56 --> Loader Class Initialized
INFO - 2020-03-09 07:43:56 --> Helper loaded: url_helper
INFO - 2020-03-09 07:43:56 --> Helper loaded: file_helper
INFO - 2020-03-09 07:43:56 --> Helper loaded: text_helper
INFO - 2020-03-09 07:43:56 --> Helper loaded: string_helper
INFO - 2020-03-09 07:43:56 --> Database Driver Class Initialized
INFO - 2020-03-09 07:43:56 --> Email Class Initialized
DEBUG - 2020-03-09 07:43:56 --> Session: "sess_save_path" is empty; using "session.save_path" value from php.ini.
INFO - 2020-03-09 07:43:56 --> Session: Class initialized using 'files' driver.
INFO - 2020-03-09 07:43:56 --> Helper loaded: form_helper
INFO - 2020-03-09 07:43:56 --> Form Validation Class Initialized
INFO - 2020-03-09 07:43:56 --> Controller Class Initialized
INFO - 2020-03-09 07:43:56 --> Model "M_auth" initialized
INFO - 2020-03-09 07:43:56 --> File loaded: C:\xampp\htdocs\scholarship\admin\views\include/header.php
INFO - 2020-03-09 07:43:56 --> File loaded: C:\xampp\htdocs\scholarship\admin\views\include/footer.php
INFO - 2020-03-09 07:43:56 --> File loaded: C:\xampp\htdocs\scholarship\admin\views\include/msg.php
INFO - 2020-03-09 07:43:56 --> File loaded: C:\xampp\htdocs\scholarship\admin\views\auth/login.php
INFO - 2020-03-09 07:43:56 --> Final output sent to browser
DEBUG - 2020-03-09 07:43:56 --> Total execution time: 0.0904
INFO - 2020-03-09 07:44:30 --> Config Class Initialized
INFO - 2020-03-09 07:44:30 --> Hooks Class Initialized
DEBUG - 2020-03-09 07:44:30 --> UTF-8 Support Enabled
INFO - 2020-03-09 07:44:30 --> Utf8 Class Initialized
INFO - 2020-03-09 07:44:30 --> URI Class Initialized
DEBUG - 2020-03-09 07:44:30 --> No URI present. Default controller set.
INFO - 2020-03-09 07:44:30 --> Router Class Initialized
INFO - 2020-03-09 07:44:30 --> Output Class Initialized
INFO - 2020-03-09 07:44:30 --> Security Class Initialized
DEBUG - 2020-03-09 07:44:30 --> Global POST, GET and COOKIE data sanitized
INFO - 2020-03-09 07:44:30 --> Input Class Initialized
INFO - 2020-03-09 07:44:30 --> Language Class Initialized
INFO - 2020-03-09 07:44:30 --> Loader Class Initialized
INFO - 2020-03-09 07:44:30 --> Helper loaded: url_helper
INFO - 2020-03-09 07:44:30 --> Helper loaded: file_helper
INFO - 2020-03-09 07:44:30 --> Helper loaded: text_helper
INFO - 2020-03-09 07:44:30 --> Helper loaded: string_helper
INFO - 2020-03-09 07:44:30 --> Database Driver Class Initialized
INFO - 2020-03-09 07:44:30 --> Email Class Initialized
DEBUG - 2020-03-09 07:44:30 --> Session: "sess_save_path" is empty; using "session.save_path" value from php.ini.
INFO - 2020-03-09 07:44:30 --> Session: Class initialized using 'files' driver.
INFO - 2020-03-09 07:44:30 --> Helper loaded: form_helper
INFO - 2020-03-09 07:44:30 --> Form Validation Class Initialized
INFO - 2020-03-09 07:44:30 --> Controller Class Initialized
INFO - 2020-03-09 07:44:30 --> Model "M_auth" initialized
INFO - 2020-03-09 07:44:30 --> File loaded: C:\xampp\htdocs\scholarship\admin\views\include/header.php
INFO - 2020-03-09 07:44:30 --> File loaded: C:\xampp\htdocs\scholarship\admin\views\include/footer.php
INFO - 2020-03-09 07:44:30 --> File loaded: C:\xampp\htdocs\scholarship\admin\views\include/msg.php
INFO - 2020-03-09 07:44:30 --> File loaded: C:\xampp\htdocs\scholarship\admin\views\auth/login.php
INFO - 2020-03-09 07:44:30 --> Final output sent to browser
DEBUG - 2020-03-09 07:44:30 --> Total execution time: 0.0911
INFO - 2020-03-09 07:44:34 --> Config Class Initialized
INFO - 2020-03-09 07:44:34 --> Hooks Class Initialized
DEBUG - 2020-03-09 07:44:34 --> UTF-8 Support Enabled
INFO - 2020-03-09 07:44:34 --> Utf8 Class Initialized
INFO - 2020-03-09 07:44:34 --> URI Class Initialized
INFO - 2020-03-09 07:44:34 --> Router Class Initialized
INFO - 2020-03-09 07:44:34 --> Output Class Initialized
INFO - 2020-03-09 07:44:34 --> Security Class Initialized
DEBUG - 2020-03-09 07:44:34 --> Global POST, GET and COOKIE data sanitized
INFO - 2020-03-09 07:44:34 --> Input Class Initialized
INFO - 2020-03-09 07:44:34 --> Language Class Initialized
INFO - 2020-03-09 07:44:34 --> Loader Class Initialized
INFO - 2020-03-09 07:44:34 --> Helper loaded: url_helper
INFO - 2020-03-09 07:44:34 --> Helper loaded: file_helper
INFO - 2020-03-09 07:44:34 --> Helper loaded: text_helper
INFO - 2020-03-09 07:44:34 --> Helper loaded: string_helper
INFO - 2020-03-09 07:44:34 --> Database Driver Class Initialized
INFO - 2020-03-09 07:44:34 --> Email Class Initialized
DEBUG - 2020-03-09 07:44:34 --> Session: "sess_save_path" is empty; using "session.save_path" value from php.ini.
INFO - 2020-03-09 07:44:34 --> Session: Class initialized using 'files' driver.
INFO - 2020-03-09 07:44:34 --> Helper loaded: form_helper
INFO - 2020-03-09 07:44:34 --> Form Validation Class Initialized
INFO - 2020-03-09 07:44:34 --> Controller Class Initialized
INFO - 2020-03-09 07:44:34 --> Model "M_auth" initialized
DEBUG - 2020-03-09 07:44:34 --> Form_validation class already loaded. Second attempt ignored.
INFO - 2020-03-09 07:44:34 --> Language file loaded: language/english/form_validation_lang.php
INFO - 2020-03-09 07:44:34 --> ---------------------Success -- Admin Logged in with prathwi@5ine.in and IP aaddress ::1 --------------
INFO - 2020-03-09 07:44:34 --> Config Class Initialized
INFO - 2020-03-09 07:44:34 --> Hooks Class Initialized
DEBUG - 2020-03-09 07:44:34 --> UTF-8 Support Enabled
INFO - 2020-03-09 07:44:34 --> Utf8 Class Initialized
INFO - 2020-03-09 07:44:34 --> URI Class Initialized
INFO - 2020-03-09 07:44:34 --> Router Class Initialized
INFO - 2020-03-09 07:44:34 --> Output Class Initialized
INFO - 2020-03-09 07:44:34 --> Security Class Initialized
DEBUG - 2020-03-09 07:44:34 --> Global POST, GET and COOKIE data sanitized
INFO - 2020-03-09 07:44:34 --> Input Class Initialized
INFO - 2020-03-09 07:44:34 --> Language Class Initialized
INFO - 2020-03-09 07:44:34 --> Loader Class Initialized
INFO - 2020-03-09 07:44:34 --> Helper loaded: url_helper
INFO - 2020-03-09 07:44:34 --> Helper loaded: file_helper
INFO - 2020-03-09 07:44:34 --> Helper loaded: text_helper
INFO - 2020-03-09 07:44:34 --> Helper loaded: string_helper
INFO - 2020-03-09 07:44:34 --> Database Driver Class Initialized
INFO - 2020-03-09 07:44:34 --> Email Class Initialized
DEBUG - 2020-03-09 07:44:34 --> Session: "sess_save_path" is empty; using "session.save_path" value from php.ini.
INFO - 2020-03-09 07:44:34 --> Session: Class initialized using 'files' driver.
INFO - 2020-03-09 07:44:34 --> Helper loaded: form_helper
INFO - 2020-03-09 07:44:34 --> Form Validation Class Initialized
INFO - 2020-03-09 07:44:34 --> Controller Class Initialized
INFO - 2020-03-09 07:44:34 --> Model "M_dashboard" initialized
INFO - 2020-03-09 07:44:34 --> File loaded: C:\xampp\htdocs\scholarship\admin\views\include/header.php
INFO - 2020-03-09 07:44:34 --> File loaded: C:\xampp\htdocs\scholarship\admin\views\include/menu.php
INFO - 2020-03-09 07:44:34 --> File loaded: C:\xampp\htdocs\scholarship\admin\views\include/footer.php
INFO - 2020-03-09 07:44:34 --> File loaded: C:\xampp\htdocs\scholarship\admin\views\include/msg.php
INFO - 2020-03-09 07:44:34 --> File loaded: C:\xampp\htdocs\scholarship\admin\views\dashboard/index.php
INFO - 2020-03-09 07:44:34 --> Final output sent to browser
DEBUG - 2020-03-09 07:44:34 --> Total execution time: 0.2349
INFO - 2020-03-09 07:44:35 --> Config Class Initialized
INFO - 2020-03-09 07:44:35 --> Hooks Class Initialized
DEBUG - 2020-03-09 07:44:35 --> UTF-8 Support Enabled
INFO - 2020-03-09 07:44:35 --> Utf8 Class Initialized
INFO - 2020-03-09 07:44:35 --> URI Class Initialized
INFO - 2020-03-09 07:44:35 --> Router Class Initialized
INFO - 2020-03-09 07:44:35 --> Output Class Initialized
INFO - 2020-03-09 07:44:35 --> Security Class Initialized
DEBUG - 2020-03-09 07:44:35 --> Global POST, GET and COOKIE data sanitized
INFO - 2020-03-09 07:44:35 --> Input Class Initialized
INFO - 2020-03-09 07:44:35 --> Language Class Initialized
INFO - 2020-03-09 07:44:35 --> Loader Class Initialized
INFO - 2020-03-09 07:44:35 --> Helper loaded: url_helper
INFO - 2020-03-09 07:44:35 --> Helper loaded: file_helper
INFO - 2020-03-09 07:44:35 --> Helper loaded: text_helper
INFO - 2020-03-09 07:44:35 --> Helper loaded: string_helper
INFO - 2020-03-09 07:44:35 --> Database Driver Class Initialized
INFO - 2020-03-09 07:44:35 --> Email Class Initialized
DEBUG - 2020-03-09 07:44:35 --> Session: "sess_save_path" is empty; using "session.save_path" value from php.ini.
INFO - 2020-03-09 07:44:35 --> Session: Class initialized using 'files' driver.
INFO - 2020-03-09 07:44:35 --> Helper loaded: form_helper
INFO - 2020-03-09 07:44:35 --> Form Validation Class Initialized
INFO - 2020-03-09 07:44:35 --> Controller Class Initialized
INFO - 2020-03-09 07:44:35 --> Model "M_dashboard" initialized
INFO - 2020-03-09 07:44:35 --> Final output sent to browser
DEBUG - 2020-03-09 07:44:35 --> Total execution time: 0.1343
INFO - 2020-03-09 07:44:36 --> Config Class Initialized
INFO - 2020-03-09 07:44:36 --> Hooks Class Initialized
DEBUG - 2020-03-09 07:44:36 --> UTF-8 Support Enabled
INFO - 2020-03-09 07:44:36 --> Utf8 Class Initialized
INFO - 2020-03-09 07:44:36 --> URI Class Initialized
INFO - 2020-03-09 07:44:36 --> Router Class Initialized
INFO - 2020-03-09 07:44:36 --> Output Class Initialized
INFO - 2020-03-09 07:44:36 --> Security Class Initialized
DEBUG - 2020-03-09 07:44:36 --> Global POST, GET and COOKIE data sanitized
INFO - 2020-03-09 07:44:36 --> Input Class Initialized
INFO - 2020-03-09 07:44:36 --> Language Class Initialized
INFO - 2020-03-09 07:44:36 --> Loader Class Initialized
INFO - 2020-03-09 07:44:36 --> Helper loaded: url_helper
INFO - 2020-03-09 07:44:36 --> Helper loaded: file_helper
INFO - 2020-03-09 07:44:36 --> Helper loaded: text_helper
INFO - 2020-03-09 07:44:36 --> Helper loaded: string_helper
INFO - 2020-03-09 07:44:36 --> Database Driver Class Initialized
INFO - 2020-03-09 07:44:36 --> Email Class Initialized
DEBUG - 2020-03-09 07:44:36 --> Session: "sess_save_path" is empty; using "session.save_path" value from php.ini.
INFO - 2020-03-09 07:44:36 --> Session: Class initialized using 'files' driver.
INFO - 2020-03-09 07:44:36 --> Helper loaded: form_helper
INFO - 2020-03-09 07:44:36 --> Form Validation Class Initialized
INFO - 2020-03-09 07:44:36 --> Controller Class Initialized
INFO - 2020-03-09 07:44:36 --> Model "M_fees" initialized
INFO - 2020-03-09 07:44:36 --> File loaded: C:\xampp\htdocs\scholarship\admin\views\include/header.php
INFO - 2020-03-09 07:44:36 --> File loaded: C:\xampp\htdocs\scholarship\admin\views\include/menu.php
INFO - 2020-03-09 07:44:36 --> File loaded: C:\xampp\htdocs\scholarship\admin\views\include/footer.php
INFO - 2020-03-09 07:44:36 --> File loaded: C:\xampp\htdocs\scholarship\admin\views\include/msg.php
INFO - 2020-03-09 07:44:36 --> File loaded: C:\xampp\htdocs\scholarship\admin\views\fees/list.php
INFO - 2020-03-09 07:44:36 --> Final output sent to browser
DEBUG - 2020-03-09 07:44:36 --> Total execution time: 0.2235
INFO - 2020-03-09 07:44:39 --> Config Class Initialized
INFO - 2020-03-09 07:44:39 --> Hooks Class Initialized
DEBUG - 2020-03-09 07:44:39 --> UTF-8 Support Enabled
INFO - 2020-03-09 07:44:39 --> Utf8 Class Initialized
INFO - 2020-03-09 07:44:39 --> URI Class Initialized
INFO - 2020-03-09 07:44:39 --> Router Class Initialized
INFO - 2020-03-09 07:44:39 --> Output Class Initialized
INFO - 2020-03-09 07:44:39 --> Security Class Initialized
DEBUG - 2020-03-09 07:44:39 --> Global POST, GET and COOKIE data sanitized
INFO - 2020-03-09 07:44:39 --> Input Class Initialized
INFO - 2020-03-09 07:44:39 --> Language Class Initialized
INFO - 2020-03-09 07:44:39 --> Loader Class Initialized
INFO - 2020-03-09 07:44:39 --> Helper loaded: url_helper
INFO - 2020-03-09 07:44:39 --> Helper loaded: file_helper
INFO - 2020-03-09 07:44:39 --> Helper loaded: text_helper
INFO - 2020-03-09 07:44:39 --> Helper loaded: string_helper
INFO - 2020-03-09 07:44:39 --> Database Driver Class Initialized
INFO - 2020-03-09 07:44:39 --> Email Class Initialized
DEBUG - 2020-03-09 07:44:40 --> Session: "sess_save_path" is empty; using "session.save_path" value from php.ini.
INFO - 2020-03-09 07:44:40 --> Session: Class initialized using 'files' driver.
INFO - 2020-03-09 07:44:40 --> Helper loaded: form_helper
INFO - 2020-03-09 07:44:40 --> Form Validation Class Initialized
INFO - 2020-03-09 07:44:40 --> Controller Class Initialized
INFO - 2020-03-09 07:44:40 --> Model "M_scholar" initialized
INFO - 2020-03-09 07:44:40 --> Model "M_school" initialized
INFO - 2020-03-09 07:44:40 --> File loaded: C:\xampp\htdocs\scholarship\admin\views\include/header.php
INFO - 2020-03-09 07:44:40 --> File loaded: C:\xampp\htdocs\scholarship\admin\views\include/menu.php
INFO - 2020-03-09 07:44:40 --> File loaded: C:\xampp\htdocs\scholarship\admin\views\include/footer.php
INFO - 2020-03-09 07:44:40 --> File loaded: C:\xampp\htdocs\scholarship\admin\views\scholar/list.php
INFO - 2020-03-09 07:44:40 --> Final output sent to browser
DEBUG - 2020-03-09 07:44:40 --> Total execution time: 0.1163
INFO - 2020-03-09 07:44:40 --> Config Class Initialized
INFO - 2020-03-09 07:44:40 --> Hooks Class Initialized
DEBUG - 2020-03-09 07:44:40 --> UTF-8 Support Enabled
INFO - 2020-03-09 07:44:40 --> Utf8 Class Initialized
INFO - 2020-03-09 07:44:40 --> URI Class Initialized
INFO - 2020-03-09 07:44:40 --> Router Class Initialized
INFO - 2020-03-09 07:44:40 --> Output Class Initialized
INFO - 2020-03-09 07:44:40 --> Security Class Initialized
DEBUG - 2020-03-09 07:44:40 --> Global POST, GET and COOKIE data sanitized
INFO - 2020-03-09 07:44:40 --> Input Class Initialized
INFO - 2020-03-09 07:44:40 --> Language Class Initialized
INFO - 2020-03-09 07:44:40 --> Loader Class Initialized
INFO - 2020-03-09 07:44:40 --> Helper loaded: url_helper
INFO - 2020-03-09 07:44:40 --> Helper loaded: file_helper
INFO - 2020-03-09 07:44:40 --> Helper loaded: text_helper
INFO - 2020-03-09 07:44:40 --> Helper loaded: string_helper
INFO - 2020-03-09 07:44:40 --> Database Driver Class Initialized
INFO - 2020-03-09 07:44:40 --> Email Class Initialized
DEBUG - 2020-03-09 07:44:40 --> Session: "sess_save_path" is empty; using "session.save_path" value from php.ini.
INFO - 2020-03-09 07:44:40 --> Session: Class initialized using 'files' driver.
INFO - 2020-03-09 07:44:40 --> Helper loaded: form_helper
INFO - 2020-03-09 07:44:40 --> Form Validation Class Initialized
INFO - 2020-03-09 07:44:40 --> Controller Class Initialized
INFO - 2020-03-09 07:44:40 --> Model "M_scholar" initialized
INFO - 2020-03-09 07:44:40 --> Model "M_school" initialized
INFO - 2020-03-09 07:44:41 --> Final output sent to browser
DEBUG - 2020-03-09 07:44:41 --> Total execution time: 0.2216
INFO - 2020-03-09 07:44:42 --> Config Class Initialized
INFO - 2020-03-09 07:44:42 --> Hooks Class Initialized
DEBUG - 2020-03-09 07:44:42 --> UTF-8 Support Enabled
INFO - 2020-03-09 07:44:42 --> Utf8 Class Initialized
INFO - 2020-03-09 07:44:42 --> URI Class Initialized
INFO - 2020-03-09 07:44:42 --> Router Class Initialized
INFO - 2020-03-09 07:44:42 --> Output Class Initialized
INFO - 2020-03-09 07:44:42 --> Security Class Initialized
DEBUG - 2020-03-09 07:44:42 --> Global POST, GET and COOKIE data sanitized
INFO - 2020-03-09 07:44:42 --> Input Class Initialized
INFO - 2020-03-09 07:44:42 --> Language Class Initialized
INFO - 2020-03-09 07:44:42 --> Loader Class Initialized
INFO - 2020-03-09 07:44:42 --> Helper loaded: url_helper
INFO - 2020-03-09 07:44:42 --> Helper loaded: file_helper
INFO - 2020-03-09 07:44:42 --> Helper loaded: text_helper
INFO - 2020-03-09 07:44:42 --> Helper loaded: string_helper
INFO - 2020-03-09 07:44:42 --> Database Driver Class Initialized
INFO - 2020-03-09 07:44:42 --> Email Class Initialized
DEBUG - 2020-03-09 07:44:42 --> Session: "sess_save_path" is empty; using "session.save_path" value from php.ini.
INFO - 2020-03-09 07:44:42 --> Session: Class initialized using 'files' driver.
INFO - 2020-03-09 07:44:42 --> Helper loaded: form_helper
INFO - 2020-03-09 07:44:42 --> Form Validation Class Initialized
INFO - 2020-03-09 07:44:42 --> Controller Class Initialized
INFO - 2020-03-09 07:44:42 --> Model "M_scholar" initialized
INFO - 2020-03-09 07:44:42 --> Model "M_school" initialized
INFO - 2020-03-09 07:44:42 --> File loaded: C:\xampp\htdocs\scholarship\admin\views\include/header.php
INFO - 2020-03-09 07:44:42 --> File loaded: C:\xampp\htdocs\scholarship\admin\views\include/menu.php
INFO - 2020-03-09 07:44:42 --> File loaded: C:\xampp\htdocs\scholarship\admin\views\include/footer.php
INFO - 2020-03-09 07:44:42 --> File loaded: C:\xampp\htdocs\scholarship\admin\views\scholar/list.php
INFO - 2020-03-09 07:44:42 --> Final output sent to browser
DEBUG - 2020-03-09 07:44:42 --> Total execution time: 0.1052
INFO - 2020-03-09 07:44:43 --> Config Class Initialized
INFO - 2020-03-09 07:44:43 --> Hooks Class Initialized
DEBUG - 2020-03-09 07:44:43 --> UTF-8 Support Enabled
INFO - 2020-03-09 07:44:43 --> Utf8 Class Initialized
INFO - 2020-03-09 07:44:43 --> URI Class Initialized
INFO - 2020-03-09 07:44:43 --> Router Class Initialized
INFO - 2020-03-09 07:44:43 --> Output Class Initialized
INFO - 2020-03-09 07:44:43 --> Security Class Initialized
DEBUG - 2020-03-09 07:44:43 --> Global POST, GET and COOKIE data sanitized
INFO - 2020-03-09 07:44:43 --> Input Class Initialized
INFO - 2020-03-09 07:44:43 --> Language Class Initialized
INFO - 2020-03-09 07:44:43 --> Loader Class Initialized
INFO - 2020-03-09 07:44:43 --> Helper loaded: url_helper
INFO - 2020-03-09 07:44:43 --> Helper loaded: file_helper
INFO - 2020-03-09 07:44:43 --> Helper loaded: text_helper
INFO - 2020-03-09 07:44:43 --> Helper loaded: string_helper
INFO - 2020-03-09 07:44:43 --> Database Driver Class Initialized
INFO - 2020-03-09 07:44:43 --> Email Class Initialized
DEBUG - 2020-03-09 07:44:43 --> Session: "sess_save_path" is empty; using "session.save_path" value from php.ini.
INFO - 2020-03-09 07:44:43 --> Session: Class initialized using 'files' driver.
INFO - 2020-03-09 07:44:43 --> Helper loaded: form_helper
INFO - 2020-03-09 07:44:43 --> Form Validation Class Initialized
INFO - 2020-03-09 07:44:43 --> Controller Class Initialized
INFO - 2020-03-09 07:44:43 --> Model "M_scholar" initialized
INFO - 2020-03-09 07:44:43 --> Model "M_school" initialized
INFO - 2020-03-09 07:44:43 --> Final output sent to browser
DEBUG - 2020-03-09 07:44:43 --> Total execution time: 0.1428
INFO - 2020-03-09 07:44:45 --> Config Class Initialized
INFO - 2020-03-09 07:44:45 --> Hooks Class Initialized
DEBUG - 2020-03-09 07:44:45 --> UTF-8 Support Enabled
INFO - 2020-03-09 07:44:45 --> Utf8 Class Initialized
INFO - 2020-03-09 07:44:45 --> URI Class Initialized
INFO - 2020-03-09 07:44:45 --> Router Class Initialized
INFO - 2020-03-09 07:44:45 --> Output Class Initialized
INFO - 2020-03-09 07:44:45 --> Security Class Initialized
DEBUG - 2020-03-09 07:44:45 --> Global POST, GET and COOKIE data sanitized
INFO - 2020-03-09 07:44:45 --> Input Class Initialized
INFO - 2020-03-09 07:44:45 --> Language Class Initialized
INFO - 2020-03-09 07:44:45 --> Loader Class Initialized
INFO - 2020-03-09 07:44:45 --> Helper loaded: url_helper
INFO - 2020-03-09 07:44:45 --> Helper loaded: file_helper
INFO - 2020-03-09 07:44:45 --> Helper loaded: text_helper
INFO - 2020-03-09 07:44:45 --> Helper loaded: string_helper
INFO - 2020-03-09 07:44:45 --> Database Driver Class Initialized
INFO - 2020-03-09 07:44:45 --> Email Class Initialized
DEBUG - 2020-03-09 07:44:45 --> Session: "sess_save_path" is empty; using "session.save_path" value from php.ini.
INFO - 2020-03-09 07:44:45 --> Session: Class initialized using 'files' driver.
INFO - 2020-03-09 07:44:45 --> Helper loaded: form_helper
INFO - 2020-03-09 07:44:45 --> Form Validation Class Initialized
INFO - 2020-03-09 07:44:45 --> Controller Class Initialized
INFO - 2020-03-09 07:44:45 --> Model "M_scholar" initialized
INFO - 2020-03-09 07:44:45 --> Model "M_school" initialized
INFO - 2020-03-09 07:44:45 --> File loaded: C:\xampp\htdocs\scholarship\admin\views\include/header.php
INFO - 2020-03-09 07:44:45 --> File loaded: C:\xampp\htdocs\scholarship\admin\views\include/menu.php
INFO - 2020-03-09 07:44:45 --> File loaded: C:\xampp\htdocs\scholarship\admin\views\include/footer.php
INFO - 2020-03-09 07:44:45 --> File loaded: C:\xampp\htdocs\scholarship\admin\views\scholar/list.php
INFO - 2020-03-09 07:44:45 --> Final output sent to browser
DEBUG - 2020-03-09 07:44:45 --> Total execution time: 0.0900
INFO - 2020-03-09 07:44:46 --> Config Class Initialized
INFO - 2020-03-09 07:44:46 --> Hooks Class Initialized
DEBUG - 2020-03-09 07:44:46 --> UTF-8 Support Enabled
INFO - 2020-03-09 07:44:46 --> Utf8 Class Initialized
INFO - 2020-03-09 07:44:46 --> URI Class Initialized
INFO - 2020-03-09 07:44:46 --> Router Class Initialized
INFO - 2020-03-09 07:44:46 --> Output Class Initialized
INFO - 2020-03-09 07:44:46 --> Security Class Initialized
DEBUG - 2020-03-09 07:44:46 --> Global POST, GET and COOKIE data sanitized
INFO - 2020-03-09 07:44:46 --> Input Class Initialized
INFO - 2020-03-09 07:44:46 --> Language Class Initialized
INFO - 2020-03-09 07:44:46 --> Loader Class Initialized
INFO - 2020-03-09 07:44:46 --> Helper loaded: url_helper
INFO - 2020-03-09 07:44:46 --> Helper loaded: file_helper
INFO - 2020-03-09 07:44:46 --> Helper loaded: text_helper
INFO - 2020-03-09 07:44:46 --> Helper loaded: string_helper
INFO - 2020-03-09 07:44:46 --> Database Driver Class Initialized
INFO - 2020-03-09 07:44:46 --> Email Class Initialized
DEBUG - 2020-03-09 07:44:46 --> Session: "sess_save_path" is empty; using "session.save_path" value from php.ini.
INFO - 2020-03-09 07:44:46 --> Session: Class initialized using 'files' driver.
INFO - 2020-03-09 07:44:46 --> Helper loaded: form_helper
INFO - 2020-03-09 07:44:46 --> Form Validation Class Initialized
INFO - 2020-03-09 07:44:46 --> Controller Class Initialized
INFO - 2020-03-09 07:44:46 --> Model "M_scholar" initialized
INFO - 2020-03-09 07:44:46 --> Model "M_school" initialized
INFO - 2020-03-09 07:44:46 --> Final output sent to browser
DEBUG - 2020-03-09 07:44:46 --> Total execution time: 0.1586
INFO - 2020-03-09 07:45:02 --> Config Class Initialized
INFO - 2020-03-09 07:45:02 --> Hooks Class Initialized
DEBUG - 2020-03-09 07:45:02 --> UTF-8 Support Enabled
INFO - 2020-03-09 07:45:02 --> Utf8 Class Initialized
INFO - 2020-03-09 07:45:02 --> URI Class Initialized
INFO - 2020-03-09 07:45:02 --> Router Class Initialized
INFO - 2020-03-09 07:45:02 --> Output Class Initialized
INFO - 2020-03-09 07:45:02 --> Security Class Initialized
DEBUG - 2020-03-09 07:45:02 --> Global POST, GET and COOKIE data sanitized
INFO - 2020-03-09 07:45:02 --> Input Class Initialized
INFO - 2020-03-09 07:45:02 --> Language Class Initialized
INFO - 2020-03-09 07:45:02 --> Loader Class Initialized
INFO - 2020-03-09 07:45:02 --> Helper loaded: url_helper
INFO - 2020-03-09 07:45:02 --> Helper loaded: file_helper
INFO - 2020-03-09 07:45:02 --> Helper loaded: text_helper
INFO - 2020-03-09 07:45:02 --> Helper loaded: string_helper
INFO - 2020-03-09 07:45:02 --> Database Driver Class Initialized
INFO - 2020-03-09 07:45:02 --> Email Class Initialized
DEBUG - 2020-03-09 07:45:02 --> Session: "sess_save_path" is empty; using "session.save_path" value from php.ini.
INFO - 2020-03-09 07:45:02 --> Session: Class initialized using 'files' driver.
INFO - 2020-03-09 07:45:02 --> Helper loaded: form_helper
INFO - 2020-03-09 07:45:02 --> Form Validation Class Initialized
INFO - 2020-03-09 07:45:02 --> Controller Class Initialized
INFO - 2020-03-09 07:45:02 --> Model "M_scholar" initialized
INFO - 2020-03-09 07:45:02 --> Model "M_school" initialized
INFO - 2020-03-09 07:45:02 --> File loaded: C:\xampp\htdocs\scholarship\admin\views\include/header.php
INFO - 2020-03-09 07:45:02 --> File loaded: C:\xampp\htdocs\scholarship\admin\views\include/menu.php
INFO - 2020-03-09 07:45:02 --> File loaded: C:\xampp\htdocs\scholarship\admin\views\include/footer.php
INFO - 2020-03-09 07:45:02 --> File loaded: C:\xampp\htdocs\scholarship\admin\views\scholar/list.php
INFO - 2020-03-09 07:45:02 --> Final output sent to browser
DEBUG - 2020-03-09 07:45:02 --> Total execution time: 0.1116
INFO - 2020-03-09 07:45:03 --> Config Class Initialized
INFO - 2020-03-09 07:45:03 --> Hooks Class Initialized
DEBUG - 2020-03-09 07:45:03 --> UTF-8 Support Enabled
INFO - 2020-03-09 07:45:03 --> Utf8 Class Initialized
INFO - 2020-03-09 07:45:03 --> URI Class Initialized
INFO - 2020-03-09 07:45:03 --> Router Class Initialized
INFO - 2020-03-09 07:45:03 --> Output Class Initialized
INFO - 2020-03-09 07:45:03 --> Security Class Initialized
DEBUG - 2020-03-09 07:45:03 --> Global POST, GET and COOKIE data sanitized
INFO - 2020-03-09 07:45:03 --> Input Class Initialized
INFO - 2020-03-09 07:45:03 --> Language Class Initialized
INFO - 2020-03-09 07:45:03 --> Loader Class Initialized
INFO - 2020-03-09 07:45:03 --> Helper loaded: url_helper
INFO - 2020-03-09 07:45:03 --> Helper loaded: file_helper
INFO - 2020-03-09 07:45:03 --> Helper loaded: text_helper
INFO - 2020-03-09 07:45:03 --> Helper loaded: string_helper
INFO - 2020-03-09 07:45:03 --> Database Driver Class Initialized
INFO - 2020-03-09 07:45:03 --> Email Class Initialized
DEBUG - 2020-03-09 07:45:03 --> Session: "sess_save_path" is empty; using "session.save_path" value from php.ini.
INFO - 2020-03-09 07:45:03 --> Session: Class initialized using 'files' driver.
INFO - 2020-03-09 07:45:03 --> Helper loaded: form_helper
INFO - 2020-03-09 07:45:03 --> Form Validation Class Initialized
INFO - 2020-03-09 07:45:03 --> Controller Class Initialized
INFO - 2020-03-09 07:45:03 --> Model "M_scholar" initialized
INFO - 2020-03-09 07:45:03 --> Model "M_school" initialized
INFO - 2020-03-09 07:45:04 --> Final output sent to browser
DEBUG - 2020-03-09 07:45:04 --> Total execution time: 0.1539
INFO - 2020-03-09 07:45:07 --> Config Class Initialized
INFO - 2020-03-09 07:45:07 --> Hooks Class Initialized
DEBUG - 2020-03-09 07:45:07 --> UTF-8 Support Enabled
INFO - 2020-03-09 07:45:07 --> Utf8 Class Initialized
INFO - 2020-03-09 07:45:07 --> URI Class Initialized
INFO - 2020-03-09 07:45:07 --> Router Class Initialized
INFO - 2020-03-09 07:45:07 --> Output Class Initialized
INFO - 2020-03-09 07:45:07 --> Security Class Initialized
DEBUG - 2020-03-09 07:45:07 --> Global POST, GET and COOKIE data sanitized
INFO - 2020-03-09 07:45:07 --> Input Class Initialized
INFO - 2020-03-09 07:45:07 --> Language Class Initialized
INFO - 2020-03-09 07:45:07 --> Loader Class Initialized
INFO - 2020-03-09 07:45:07 --> Helper loaded: url_helper
INFO - 2020-03-09 07:45:07 --> Helper loaded: file_helper
INFO - 2020-03-09 07:45:07 --> Helper loaded: text_helper
INFO - 2020-03-09 07:45:07 --> Helper loaded: string_helper
INFO - 2020-03-09 07:45:07 --> Database Driver Class Initialized
INFO - 2020-03-09 07:45:07 --> Email Class Initialized
DEBUG - 2020-03-09 07:45:07 --> Session: "sess_save_path" is empty; using "session.save_path" value from php.ini.
INFO - 2020-03-09 07:45:07 --> Session: Class initialized using 'files' driver.
INFO - 2020-03-09 07:45:07 --> Helper loaded: form_helper
INFO - 2020-03-09 07:45:07 --> Form Validation Class Initialized
INFO - 2020-03-09 07:45:07 --> Controller Class Initialized
INFO - 2020-03-09 07:45:07 --> Model "M_scholar" initialized
INFO - 2020-03-09 07:45:07 --> Model "M_school" initialized
INFO - 2020-03-09 07:45:07 --> File loaded: C:\xampp\htdocs\scholarship\admin\views\include/header.php
INFO - 2020-03-09 07:45:07 --> File loaded: C:\xampp\htdocs\scholarship\admin\views\include/menu.php
INFO - 2020-03-09 07:45:07 --> File loaded: C:\xampp\htdocs\scholarship\admin\views\include/footer.php
INFO - 2020-03-09 07:45:07 --> File loaded: C:\xampp\htdocs\scholarship\admin\views\scholar/list.php
INFO - 2020-03-09 07:45:07 --> Final output sent to browser
DEBUG - 2020-03-09 07:45:07 --> Total execution time: 0.1003
INFO - 2020-03-09 07:45:08 --> Config Class Initialized
INFO - 2020-03-09 07:45:08 --> Hooks Class Initialized
DEBUG - 2020-03-09 07:45:08 --> UTF-8 Support Enabled
INFO - 2020-03-09 07:45:08 --> Utf8 Class Initialized
INFO - 2020-03-09 07:45:08 --> URI Class Initialized
INFO - 2020-03-09 07:45:08 --> Router Class Initialized
INFO - 2020-03-09 07:45:08 --> Output Class Initialized
INFO - 2020-03-09 07:45:08 --> Security Class Initialized
DEBUG - 2020-03-09 07:45:08 --> Global POST, GET and COOKIE data sanitized
INFO - 2020-03-09 07:45:08 --> Input Class Initialized
INFO - 2020-03-09 07:45:08 --> Language Class Initialized
INFO - 2020-03-09 07:45:08 --> Loader Class Initialized
INFO - 2020-03-09 07:45:08 --> Helper loaded: url_helper
INFO - 2020-03-09 07:45:08 --> Helper loaded: file_helper
INFO - 2020-03-09 07:45:08 --> Helper loaded: text_helper
INFO - 2020-03-09 07:45:08 --> Helper loaded: string_helper
INFO - 2020-03-09 07:45:08 --> Database Driver Class Initialized
INFO - 2020-03-09 07:45:08 --> Email Class Initialized
DEBUG - 2020-03-09 07:45:08 --> Session: "sess_save_path" is empty; using "session.save_path" value from php.ini.
INFO - 2020-03-09 07:45:08 --> Session: Class initialized using 'files' driver.
INFO - 2020-03-09 07:45:08 --> Helper loaded: form_helper
INFO - 2020-03-09 07:45:08 --> Form Validation Class Initialized
INFO - 2020-03-09 07:45:08 --> Controller Class Initialized
INFO - 2020-03-09 07:45:08 --> Model "M_scholar" initialized
INFO - 2020-03-09 07:45:08 --> Model "M_school" initialized
INFO - 2020-03-09 07:45:08 --> Final output sent to browser
DEBUG - 2020-03-09 07:45:08 --> Total execution time: 0.1389
INFO - 2020-03-09 07:45:18 --> Config Class Initialized
INFO - 2020-03-09 07:45:18 --> Hooks Class Initialized
DEBUG - 2020-03-09 07:45:18 --> UTF-8 Support Enabled
INFO - 2020-03-09 07:45:18 --> Utf8 Class Initialized
INFO - 2020-03-09 07:45:18 --> URI Class Initialized
INFO - 2020-03-09 07:45:18 --> Router Class Initialized
INFO - 2020-03-09 07:45:18 --> Output Class Initialized
INFO - 2020-03-09 07:45:18 --> Security Class Initialized
DEBUG - 2020-03-09 07:45:18 --> Global POST, GET and COOKIE data sanitized
INFO - 2020-03-09 07:45:18 --> Input Class Initialized
INFO - 2020-03-09 07:45:18 --> Language Class Initialized
INFO - 2020-03-09 07:45:18 --> Loader Class Initialized
INFO - 2020-03-09 07:45:18 --> Helper loaded: url_helper
INFO - 2020-03-09 07:45:18 --> Helper loaded: file_helper
INFO - 2020-03-09 07:45:18 --> Helper loaded: text_helper
INFO - 2020-03-09 07:45:18 --> Helper loaded: string_helper
INFO - 2020-03-09 07:45:18 --> Database Driver Class Initialized
INFO - 2020-03-09 07:45:18 --> Email Class Initialized
DEBUG - 2020-03-09 07:45:18 --> Session: "sess_save_path" is empty; using "session.save_path" value from php.ini.
INFO - 2020-03-09 07:45:18 --> Session: Class initialized using 'files' driver.
INFO - 2020-03-09 07:45:18 --> Helper loaded: form_helper
INFO - 2020-03-09 07:45:18 --> Form Validation Class Initialized
INFO - 2020-03-09 07:45:18 --> Controller Class Initialized
INFO - 2020-03-09 07:45:18 --> Model "M_auth" initialized
INFO - 2020-03-09 07:45:18 --> Config Class Initialized
INFO - 2020-03-09 07:45:18 --> Hooks Class Initialized
DEBUG - 2020-03-09 07:45:18 --> UTF-8 Support Enabled
INFO - 2020-03-09 07:45:18 --> Utf8 Class Initialized
INFO - 2020-03-09 07:45:18 --> URI Class Initialized
DEBUG - 2020-03-09 07:45:18 --> No URI present. Default controller set.
INFO - 2020-03-09 07:45:18 --> Router Class Initialized
INFO - 2020-03-09 07:45:18 --> Output Class Initialized
INFO - 2020-03-09 07:45:18 --> Security Class Initialized
DEBUG - 2020-03-09 07:45:18 --> Global POST, GET and COOKIE data sanitized
INFO - 2020-03-09 07:45:18 --> Input Class Initialized
INFO - 2020-03-09 07:45:18 --> Language Class Initialized
INFO - 2020-03-09 07:45:18 --> Loader Class Initialized
INFO - 2020-03-09 07:45:18 --> Helper loaded: url_helper
INFO - 2020-03-09 07:45:18 --> Helper loaded: file_helper
INFO - 2020-03-09 07:45:18 --> Helper loaded: text_helper
INFO - 2020-03-09 07:45:18 --> Helper loaded: string_helper
INFO - 2020-03-09 07:45:18 --> Database Driver Class Initialized
INFO - 2020-03-09 07:45:18 --> Email Class Initialized
DEBUG - 2020-03-09 07:45:18 --> Session: "sess_save_path" is empty; using "session.save_path" value from php.ini.
INFO - 2020-03-09 07:45:18 --> Session: Class initialized using 'files' driver.
INFO - 2020-03-09 07:45:18 --> Helper loaded: form_helper
INFO - 2020-03-09 07:45:18 --> Form Validation Class Initialized
INFO - 2020-03-09 07:45:18 --> Controller Class Initialized
INFO - 2020-03-09 07:45:18 --> Model "M_auth" initialized
INFO - 2020-03-09 07:45:18 --> File loaded: C:\xampp\htdocs\scholarship\admin\views\include/header.php
INFO - 2020-03-09 07:45:18 --> File loaded: C:\xampp\htdocs\scholarship\admin\views\include/footer.php
INFO - 2020-03-09 07:45:18 --> File loaded: C:\xampp\htdocs\scholarship\admin\views\include/msg.php
INFO - 2020-03-09 07:45:18 --> File loaded: C:\xampp\htdocs\scholarship\admin\views\auth/login.php
INFO - 2020-03-09 07:45:18 --> Final output sent to browser
DEBUG - 2020-03-09 07:45:18 --> Total execution time: 0.0915
