INFO - 2020-03-24 12:19:42 --> Config Class Initialized
INFO - 2020-03-24 12:19:42 --> Hooks Class Initialized
DEBUG - 2020-03-24 12:19:42 --> UTF-8 Support Enabled
INFO - 2020-03-24 12:19:42 --> Utf8 Class Initialized
INFO - 2020-03-24 12:19:42 --> URI Class Initialized
DEBUG - 2020-03-24 12:19:42 --> No URI present. Default controller set.
INFO - 2020-03-24 12:19:42 --> Router Class Initialized
INFO - 2020-03-24 12:19:42 --> Output Class Initialized
INFO - 2020-03-24 12:19:42 --> Security Class Initialized
DEBUG - 2020-03-24 12:19:42 --> Global POST, GET and COOKIE data sanitized
INFO - 2020-03-24 12:19:42 --> CSRF cookie sent
INFO - 2020-03-24 12:19:42 --> Input Class Initialized
INFO - 2020-03-24 12:19:42 --> Language Class Initialized
INFO - 2020-03-24 12:19:42 --> Loader Class Initialized
INFO - 2020-03-24 12:19:42 --> Helper loaded: url_helper
INFO - 2020-03-24 12:19:42 --> Helper loaded: file_helper
INFO - 2020-03-24 12:19:42 --> Helper loaded: text_helper
INFO - 2020-03-24 12:19:42 --> Helper loaded: string_helper
INFO - 2020-03-24 12:19:43 --> Database Driver Class Initialized
INFO - 2020-03-24 12:19:43 --> Email Class Initialized
DEBUG - 2020-03-24 12:19:43 --> Session: "sess_save_path" is empty; using "session.save_path" value from php.ini.
INFO - 2020-03-24 12:19:43 --> Session: Class initialized using 'files' driver.
INFO - 2020-03-24 12:19:43 --> Helper loaded: form_helper
INFO - 2020-03-24 12:19:43 --> Form Validation Class Initialized
INFO - 2020-03-24 12:19:43 --> Controller Class Initialized
INFO - 2020-03-24 12:19:43 --> Model "M_auth" initialized
DEBUG - 2020-03-24 12:19:43 --> Sc_check class already loaded. Second attempt ignored.
INFO - 2020-03-24 12:19:43 --> Helper loaded: captcha_helper
INFO - 2020-03-24 12:19:43 --> File loaded: C:\xampp\htdocs\scholarship\admin\views\include/header.php
INFO - 2020-03-24 12:19:43 --> File loaded: C:\xampp\htdocs\scholarship\admin\views\include/footer.php
INFO - 2020-03-24 12:19:43 --> File loaded: C:\xampp\htdocs\scholarship\admin\views\include/msg.php
INFO - 2020-03-24 12:19:43 --> File loaded: C:\xampp\htdocs\scholarship\admin\views\auth/login.php
INFO - 2020-03-24 12:19:43 --> Final output sent to browser
DEBUG - 2020-03-24 12:19:43 --> Total execution time: 0.6709
INFO - 2020-03-24 12:19:59 --> Config Class Initialized
INFO - 2020-03-24 12:19:59 --> Hooks Class Initialized
DEBUG - 2020-03-24 12:19:59 --> UTF-8 Support Enabled
INFO - 2020-03-24 12:19:59 --> Utf8 Class Initialized
INFO - 2020-03-24 12:19:59 --> URI Class Initialized
INFO - 2020-03-24 12:19:59 --> Router Class Initialized
INFO - 2020-03-24 12:19:59 --> Output Class Initialized
INFO - 2020-03-24 12:19:59 --> Security Class Initialized
DEBUG - 2020-03-24 12:19:59 --> Global POST, GET and COOKIE data sanitized
INFO - 2020-03-24 12:19:59 --> CSRF cookie sent
INFO - 2020-03-24 12:19:59 --> CSRF token verified
INFO - 2020-03-24 12:19:59 --> Input Class Initialized
INFO - 2020-03-24 12:19:59 --> Language Class Initialized
INFO - 2020-03-24 12:19:59 --> Loader Class Initialized
INFO - 2020-03-24 12:19:59 --> Helper loaded: url_helper
INFO - 2020-03-24 12:19:59 --> Helper loaded: file_helper
INFO - 2020-03-24 12:19:59 --> Helper loaded: text_helper
INFO - 2020-03-24 12:19:59 --> Helper loaded: string_helper
INFO - 2020-03-24 12:19:59 --> Database Driver Class Initialized
INFO - 2020-03-24 12:19:59 --> Email Class Initialized
DEBUG - 2020-03-24 12:19:59 --> Session: "sess_save_path" is empty; using "session.save_path" value from php.ini.
INFO - 2020-03-24 12:19:59 --> Session: Class initialized using 'files' driver.
INFO - 2020-03-24 12:19:59 --> Helper loaded: form_helper
INFO - 2020-03-24 12:19:59 --> Form Validation Class Initialized
INFO - 2020-03-24 12:19:59 --> Controller Class Initialized
INFO - 2020-03-24 12:19:59 --> Model "M_auth" initialized
DEBUG - 2020-03-24 12:19:59 --> Sc_check class already loaded. Second attempt ignored.
INFO - 2020-03-24 12:19:59 --> Helper loaded: captcha_helper
DEBUG - 2020-03-24 12:19:59 --> Form_validation class already loaded. Second attempt ignored.
INFO - 2020-03-24 12:19:59 --> Config Class Initialized
INFO - 2020-03-24 12:19:59 --> Hooks Class Initialized
DEBUG - 2020-03-24 12:19:59 --> UTF-8 Support Enabled
INFO - 2020-03-24 12:19:59 --> Utf8 Class Initialized
INFO - 2020-03-24 12:19:59 --> URI Class Initialized
DEBUG - 2020-03-24 12:19:59 --> No URI present. Default controller set.
INFO - 2020-03-24 12:19:59 --> Router Class Initialized
INFO - 2020-03-24 12:19:59 --> Output Class Initialized
INFO - 2020-03-24 12:19:59 --> Security Class Initialized
DEBUG - 2020-03-24 12:19:59 --> Global POST, GET and COOKIE data sanitized
INFO - 2020-03-24 12:20:00 --> CSRF cookie sent
INFO - 2020-03-24 12:20:00 --> Input Class Initialized
INFO - 2020-03-24 12:20:00 --> Language Class Initialized
INFO - 2020-03-24 12:20:00 --> Loader Class Initialized
INFO - 2020-03-24 12:20:00 --> Helper loaded: url_helper
INFO - 2020-03-24 12:20:00 --> Helper loaded: file_helper
INFO - 2020-03-24 12:20:00 --> Helper loaded: text_helper
INFO - 2020-03-24 12:20:00 --> Helper loaded: string_helper
INFO - 2020-03-24 12:20:00 --> Database Driver Class Initialized
INFO - 2020-03-24 12:20:00 --> Email Class Initialized
DEBUG - 2020-03-24 12:20:00 --> Session: "sess_save_path" is empty; using "session.save_path" value from php.ini.
INFO - 2020-03-24 12:20:00 --> Session: Class initialized using 'files' driver.
INFO - 2020-03-24 12:20:00 --> Helper loaded: form_helper
INFO - 2020-03-24 12:20:00 --> Form Validation Class Initialized
INFO - 2020-03-24 12:20:00 --> Controller Class Initialized
INFO - 2020-03-24 12:20:00 --> Model "M_auth" initialized
DEBUG - 2020-03-24 12:20:00 --> Sc_check class already loaded. Second attempt ignored.
INFO - 2020-03-24 12:20:00 --> Helper loaded: captcha_helper
INFO - 2020-03-24 12:20:00 --> File loaded: C:\xampp\htdocs\scholarship\admin\views\include/header.php
INFO - 2020-03-24 12:20:00 --> File loaded: C:\xampp\htdocs\scholarship\admin\views\include/footer.php
INFO - 2020-03-24 12:20:00 --> File loaded: C:\xampp\htdocs\scholarship\admin\views\include/msg.php
INFO - 2020-03-24 12:20:00 --> File loaded: C:\xampp\htdocs\scholarship\admin\views\auth/login.php
INFO - 2020-03-24 12:20:00 --> Final output sent to browser
DEBUG - 2020-03-24 12:20:00 --> Total execution time: 0.3344
INFO - 2020-03-24 12:20:15 --> Config Class Initialized
INFO - 2020-03-24 12:20:15 --> Hooks Class Initialized
DEBUG - 2020-03-24 12:20:15 --> UTF-8 Support Enabled
INFO - 2020-03-24 12:20:15 --> Utf8 Class Initialized
INFO - 2020-03-24 12:20:15 --> URI Class Initialized
INFO - 2020-03-24 12:20:15 --> Router Class Initialized
INFO - 2020-03-24 12:20:15 --> Output Class Initialized
INFO - 2020-03-24 12:20:15 --> Security Class Initialized
DEBUG - 2020-03-24 12:20:15 --> Global POST, GET and COOKIE data sanitized
INFO - 2020-03-24 12:20:15 --> CSRF cookie sent
INFO - 2020-03-24 12:20:15 --> CSRF token verified
INFO - 2020-03-24 12:20:15 --> Input Class Initialized
INFO - 2020-03-24 12:20:15 --> Language Class Initialized
INFO - 2020-03-24 12:20:15 --> Loader Class Initialized
INFO - 2020-03-24 12:20:15 --> Helper loaded: url_helper
INFO - 2020-03-24 12:20:15 --> Helper loaded: file_helper
INFO - 2020-03-24 12:20:15 --> Helper loaded: text_helper
INFO - 2020-03-24 12:20:15 --> Helper loaded: string_helper
INFO - 2020-03-24 12:20:15 --> Database Driver Class Initialized
INFO - 2020-03-24 12:20:15 --> Email Class Initialized
DEBUG - 2020-03-24 12:20:15 --> Session: "sess_save_path" is empty; using "session.save_path" value from php.ini.
INFO - 2020-03-24 12:20:15 --> Session: Class initialized using 'files' driver.
INFO - 2020-03-24 12:20:15 --> Helper loaded: form_helper
INFO - 2020-03-24 12:20:15 --> Form Validation Class Initialized
INFO - 2020-03-24 12:20:15 --> Controller Class Initialized
INFO - 2020-03-24 12:20:15 --> Model "M_auth" initialized
DEBUG - 2020-03-24 12:20:15 --> Sc_check class already loaded. Second attempt ignored.
INFO - 2020-03-24 12:20:15 --> Helper loaded: captcha_helper
DEBUG - 2020-03-24 12:20:15 --> Form_validation class already loaded. Second attempt ignored.
INFO - 2020-03-24 12:20:15 --> Language file loaded: language/english/form_validation_lang.php
INFO - 2020-03-24 12:20:16 --> ---------------------Success -- Admin Logged in with prathwi@5ine.in and IP aaddress ::1 --------------
INFO - 2020-03-24 12:20:16 --> Config Class Initialized
INFO - 2020-03-24 12:20:16 --> Hooks Class Initialized
DEBUG - 2020-03-24 12:20:16 --> UTF-8 Support Enabled
INFO - 2020-03-24 12:20:16 --> Utf8 Class Initialized
INFO - 2020-03-24 12:20:16 --> URI Class Initialized
INFO - 2020-03-24 12:20:16 --> Router Class Initialized
INFO - 2020-03-24 12:20:16 --> Output Class Initialized
INFO - 2020-03-24 12:20:16 --> Security Class Initialized
DEBUG - 2020-03-24 12:20:16 --> Global POST, GET and COOKIE data sanitized
INFO - 2020-03-24 12:20:16 --> CSRF cookie sent
INFO - 2020-03-24 12:20:16 --> Input Class Initialized
INFO - 2020-03-24 12:20:16 --> Language Class Initialized
INFO - 2020-03-24 12:20:16 --> Loader Class Initialized
INFO - 2020-03-24 12:20:16 --> Helper loaded: url_helper
INFO - 2020-03-24 12:20:16 --> Helper loaded: file_helper
INFO - 2020-03-24 12:20:16 --> Helper loaded: text_helper
INFO - 2020-03-24 12:20:16 --> Helper loaded: string_helper
INFO - 2020-03-24 12:20:16 --> Database Driver Class Initialized
INFO - 2020-03-24 12:20:16 --> Email Class Initialized
DEBUG - 2020-03-24 12:20:16 --> Session: "sess_save_path" is empty; using "session.save_path" value from php.ini.
INFO - 2020-03-24 12:20:16 --> Session: Class initialized using 'files' driver.
INFO - 2020-03-24 12:20:16 --> Helper loaded: form_helper
INFO - 2020-03-24 12:20:16 --> Form Validation Class Initialized
INFO - 2020-03-24 12:20:16 --> Controller Class Initialized
INFO - 2020-03-24 12:20:16 --> Model "M_dashboard" initialized
DEBUG - 2020-03-24 12:20:16 --> Sc_check class already loaded. Second attempt ignored.
INFO - 2020-03-24 12:20:17 --> File loaded: C:\xampp\htdocs\scholarship\admin\views\include/header.php
INFO - 2020-03-24 12:20:17 --> File loaded: C:\xampp\htdocs\scholarship\admin\views\include/menu.php
INFO - 2020-03-24 12:20:17 --> File loaded: C:\xampp\htdocs\scholarship\admin\views\include/footer.php
INFO - 2020-03-24 12:20:17 --> File loaded: C:\xampp\htdocs\scholarship\admin\views\include/msg.php
INFO - 2020-03-24 12:20:17 --> File loaded: C:\xampp\htdocs\scholarship\admin\views\dashboard/index.php
INFO - 2020-03-24 12:20:17 --> Final output sent to browser
DEBUG - 2020-03-24 12:20:17 --> Total execution time: 1.1907
INFO - 2020-03-24 12:20:18 --> Config Class Initialized
INFO - 2020-03-24 12:20:18 --> Hooks Class Initialized
DEBUG - 2020-03-24 12:20:18 --> UTF-8 Support Enabled
INFO - 2020-03-24 12:20:18 --> Utf8 Class Initialized
INFO - 2020-03-24 12:20:18 --> URI Class Initialized
INFO - 2020-03-24 12:20:18 --> Router Class Initialized
INFO - 2020-03-24 12:20:18 --> Output Class Initialized
INFO - 2020-03-24 12:20:18 --> Security Class Initialized
DEBUG - 2020-03-24 12:20:18 --> Global POST, GET and COOKIE data sanitized
INFO - 2020-03-24 12:20:18 --> CSRF cookie sent
INFO - 2020-03-24 12:20:18 --> Input Class Initialized
INFO - 2020-03-24 12:20:18 --> Language Class Initialized
INFO - 2020-03-24 12:20:18 --> Loader Class Initialized
INFO - 2020-03-24 12:20:18 --> Helper loaded: url_helper
INFO - 2020-03-24 12:20:18 --> Helper loaded: file_helper
INFO - 2020-03-24 12:20:18 --> Helper loaded: text_helper
INFO - 2020-03-24 12:20:18 --> Helper loaded: string_helper
INFO - 2020-03-24 12:20:18 --> Database Driver Class Initialized
INFO - 2020-03-24 12:20:18 --> Email Class Initialized
DEBUG - 2020-03-24 12:20:18 --> Session: "sess_save_path" is empty; using "session.save_path" value from php.ini.
INFO - 2020-03-24 12:20:18 --> Session: Class initialized using 'files' driver.
INFO - 2020-03-24 12:20:18 --> Helper loaded: form_helper
INFO - 2020-03-24 12:20:18 --> Form Validation Class Initialized
INFO - 2020-03-24 12:20:18 --> Controller Class Initialized
INFO - 2020-03-24 12:20:18 --> Model "M_dashboard" initialized
DEBUG - 2020-03-24 12:20:18 --> Sc_check class already loaded. Second attempt ignored.
INFO - 2020-03-24 12:20:18 --> Final output sent to browser
DEBUG - 2020-03-24 12:20:18 --> Total execution time: 0.3370
INFO - 2020-03-24 12:20:24 --> Config Class Initialized
INFO - 2020-03-24 12:20:24 --> Hooks Class Initialized
DEBUG - 2020-03-24 12:20:24 --> UTF-8 Support Enabled
INFO - 2020-03-24 12:20:24 --> Utf8 Class Initialized
INFO - 2020-03-24 12:20:24 --> URI Class Initialized
INFO - 2020-03-24 12:20:24 --> Router Class Initialized
INFO - 2020-03-24 12:20:24 --> Output Class Initialized
INFO - 2020-03-24 12:20:24 --> Security Class Initialized
DEBUG - 2020-03-24 12:20:24 --> Global POST, GET and COOKIE data sanitized
INFO - 2020-03-24 12:20:25 --> CSRF cookie sent
INFO - 2020-03-24 12:20:25 --> Input Class Initialized
INFO - 2020-03-24 12:20:25 --> Language Class Initialized
INFO - 2020-03-24 12:20:25 --> Loader Class Initialized
INFO - 2020-03-24 12:20:25 --> Helper loaded: url_helper
INFO - 2020-03-24 12:20:25 --> Helper loaded: file_helper
INFO - 2020-03-24 12:20:25 --> Helper loaded: text_helper
INFO - 2020-03-24 12:20:25 --> Helper loaded: string_helper
INFO - 2020-03-24 12:20:25 --> Database Driver Class Initialized
INFO - 2020-03-24 12:20:25 --> Email Class Initialized
DEBUG - 2020-03-24 12:20:25 --> Session: "sess_save_path" is empty; using "session.save_path" value from php.ini.
INFO - 2020-03-24 12:20:25 --> Session: Class initialized using 'files' driver.
INFO - 2020-03-24 12:20:25 --> Helper loaded: form_helper
INFO - 2020-03-24 12:20:25 --> Form Validation Class Initialized
INFO - 2020-03-24 12:20:25 --> Controller Class Initialized
INFO - 2020-03-24 12:20:25 --> Model "M_school" initialized
INFO - 2020-03-24 12:20:25 --> Model "M_industry" initialized
INFO - 2020-03-24 12:20:25 --> File loaded: C:\xampp\htdocs\scholarship\admin\views\include/header.php
INFO - 2020-03-24 12:20:25 --> File loaded: C:\xampp\htdocs\scholarship\admin\views\include/menu.php
INFO - 2020-03-24 12:20:25 --> File loaded: C:\xampp\htdocs\scholarship\admin\views\include/footer.php
INFO - 2020-03-24 12:20:25 --> File loaded: C:\xampp\htdocs\scholarship\admin\views\include/msg.php
INFO - 2020-03-24 12:20:25 --> File loaded: C:\xampp\htdocs\scholarship\admin\views\industry/add.php
INFO - 2020-03-24 12:20:25 --> Final output sent to browser
DEBUG - 2020-03-24 12:20:25 --> Total execution time: 1.1859
INFO - 2020-03-24 12:34:47 --> Config Class Initialized
INFO - 2020-03-24 12:34:47 --> Hooks Class Initialized
DEBUG - 2020-03-24 12:34:47 --> UTF-8 Support Enabled
INFO - 2020-03-24 12:34:47 --> Utf8 Class Initialized
INFO - 2020-03-24 12:34:47 --> URI Class Initialized
INFO - 2020-03-24 12:34:47 --> Router Class Initialized
INFO - 2020-03-24 12:34:47 --> Output Class Initialized
INFO - 2020-03-24 12:34:47 --> Security Class Initialized
DEBUG - 2020-03-24 12:34:47 --> Global POST, GET and COOKIE data sanitized
INFO - 2020-03-24 12:34:47 --> CSRF cookie sent
INFO - 2020-03-24 12:34:47 --> Input Class Initialized
INFO - 2020-03-24 12:34:47 --> Language Class Initialized
INFO - 2020-03-24 12:34:47 --> Loader Class Initialized
INFO - 2020-03-24 12:34:47 --> Helper loaded: url_helper
INFO - 2020-03-24 12:34:47 --> Helper loaded: file_helper
INFO - 2020-03-24 12:34:47 --> Helper loaded: text_helper
INFO - 2020-03-24 12:34:47 --> Helper loaded: string_helper
INFO - 2020-03-24 12:34:47 --> Database Driver Class Initialized
INFO - 2020-03-24 12:34:47 --> Email Class Initialized
DEBUG - 2020-03-24 12:34:47 --> Session: "sess_save_path" is empty; using "session.save_path" value from php.ini.
INFO - 2020-03-24 12:34:47 --> Session: Class initialized using 'files' driver.
INFO - 2020-03-24 12:34:47 --> Helper loaded: form_helper
INFO - 2020-03-24 12:34:47 --> Form Validation Class Initialized
INFO - 2020-03-24 12:34:47 --> Controller Class Initialized
INFO - 2020-03-24 12:34:47 --> Model "M_school" initialized
INFO - 2020-03-24 12:34:47 --> Model "M_industry" initialized
INFO - 2020-03-24 12:34:47 --> File loaded: C:\xampp\htdocs\scholarship\admin\views\include/header.php
INFO - 2020-03-24 12:34:47 --> File loaded: C:\xampp\htdocs\scholarship\admin\views\include/menu.php
INFO - 2020-03-24 12:34:47 --> File loaded: C:\xampp\htdocs\scholarship\admin\views\include/footer.php
INFO - 2020-03-24 12:34:48 --> File loaded: C:\xampp\htdocs\scholarship\admin\views\include/msg.php
INFO - 2020-03-24 12:34:48 --> File loaded: C:\xampp\htdocs\scholarship\admin\views\industry/all.php
INFO - 2020-03-24 12:34:48 --> Final output sent to browser
DEBUG - 2020-03-24 12:34:48 --> Total execution time: 0.4650
INFO - 2020-03-24 12:34:50 --> Config Class Initialized
INFO - 2020-03-24 12:34:50 --> Hooks Class Initialized
DEBUG - 2020-03-24 12:34:50 --> UTF-8 Support Enabled
INFO - 2020-03-24 12:34:50 --> Utf8 Class Initialized
INFO - 2020-03-24 12:34:50 --> URI Class Initialized
INFO - 2020-03-24 12:34:50 --> Router Class Initialized
INFO - 2020-03-24 12:34:50 --> Output Class Initialized
INFO - 2020-03-24 12:34:50 --> Security Class Initialized
DEBUG - 2020-03-24 12:34:50 --> Global POST, GET and COOKIE data sanitized
INFO - 2020-03-24 12:34:50 --> CSRF cookie sent
INFO - 2020-03-24 12:34:50 --> CSRF token verified
INFO - 2020-03-24 12:34:50 --> Input Class Initialized
INFO - 2020-03-24 12:34:50 --> Language Class Initialized
INFO - 2020-03-24 12:34:50 --> Loader Class Initialized
INFO - 2020-03-24 12:34:50 --> Helper loaded: url_helper
INFO - 2020-03-24 12:34:50 --> Helper loaded: file_helper
INFO - 2020-03-24 12:34:50 --> Helper loaded: text_helper
INFO - 2020-03-24 12:34:50 --> Helper loaded: string_helper
INFO - 2020-03-24 12:34:50 --> Database Driver Class Initialized
INFO - 2020-03-24 12:34:50 --> Email Class Initialized
DEBUG - 2020-03-24 12:34:50 --> Session: "sess_save_path" is empty; using "session.save_path" value from php.ini.
INFO - 2020-03-24 12:34:50 --> Session: Class initialized using 'files' driver.
INFO - 2020-03-24 12:34:50 --> Helper loaded: form_helper
INFO - 2020-03-24 12:34:50 --> Form Validation Class Initialized
INFO - 2020-03-24 12:34:50 --> Controller Class Initialized
INFO - 2020-03-24 12:34:50 --> Model "M_school" initialized
INFO - 2020-03-24 12:34:50 --> Model "M_industry" initialized
INFO - 2020-03-24 12:34:50 --> Final output sent to browser
DEBUG - 2020-03-24 12:34:50 --> Total execution time: 0.4119
INFO - 2020-03-24 12:34:55 --> Config Class Initialized
INFO - 2020-03-24 12:34:55 --> Hooks Class Initialized
DEBUG - 2020-03-24 12:34:55 --> UTF-8 Support Enabled
INFO - 2020-03-24 12:34:55 --> Utf8 Class Initialized
INFO - 2020-03-24 12:34:55 --> URI Class Initialized
INFO - 2020-03-24 12:34:56 --> Router Class Initialized
INFO - 2020-03-24 12:34:56 --> Output Class Initialized
INFO - 2020-03-24 12:34:56 --> Security Class Initialized
DEBUG - 2020-03-24 12:34:56 --> Global POST, GET and COOKIE data sanitized
INFO - 2020-03-24 12:34:56 --> CSRF cookie sent
INFO - 2020-03-24 12:34:56 --> Input Class Initialized
INFO - 2020-03-24 12:34:56 --> Language Class Initialized
INFO - 2020-03-24 12:34:56 --> Loader Class Initialized
INFO - 2020-03-24 12:34:56 --> Helper loaded: url_helper
INFO - 2020-03-24 12:34:56 --> Helper loaded: file_helper
INFO - 2020-03-24 12:34:56 --> Helper loaded: text_helper
INFO - 2020-03-24 12:34:56 --> Helper loaded: string_helper
INFO - 2020-03-24 12:34:56 --> Database Driver Class Initialized
INFO - 2020-03-24 12:34:56 --> Email Class Initialized
DEBUG - 2020-03-24 12:34:56 --> Session: "sess_save_path" is empty; using "session.save_path" value from php.ini.
INFO - 2020-03-24 12:34:56 --> Session: Class initialized using 'files' driver.
INFO - 2020-03-24 12:34:56 --> Helper loaded: form_helper
INFO - 2020-03-24 12:34:56 --> Form Validation Class Initialized
INFO - 2020-03-24 12:34:56 --> Controller Class Initialized
INFO - 2020-03-24 12:34:56 --> Model "M_school" initialized
INFO - 2020-03-24 12:34:56 --> Model "M_industry" initialized
INFO - 2020-03-24 12:34:56 --> File loaded: C:\xampp\htdocs\scholarship\admin\views\include/header.php
INFO - 2020-03-24 12:34:56 --> File loaded: C:\xampp\htdocs\scholarship\admin\views\include/menu.php
INFO - 2020-03-24 12:34:56 --> File loaded: C:\xampp\htdocs\scholarship\admin\views\include/footer.php
INFO - 2020-03-24 12:34:56 --> File loaded: C:\xampp\htdocs\scholarship\admin\views\include/msg.php
INFO - 2020-03-24 12:34:56 --> File loaded: C:\xampp\htdocs\scholarship\admin\views\industry/list.php
INFO - 2020-03-24 12:34:56 --> Final output sent to browser
DEBUG - 2020-03-24 12:34:56 --> Total execution time: 0.4865
INFO - 2020-03-24 12:34:57 --> Config Class Initialized
INFO - 2020-03-24 12:34:57 --> Hooks Class Initialized
DEBUG - 2020-03-24 12:34:57 --> UTF-8 Support Enabled
INFO - 2020-03-24 12:34:57 --> Utf8 Class Initialized
INFO - 2020-03-24 12:34:57 --> URI Class Initialized
INFO - 2020-03-24 12:34:57 --> Router Class Initialized
INFO - 2020-03-24 12:34:57 --> Output Class Initialized
INFO - 2020-03-24 12:34:57 --> Security Class Initialized
DEBUG - 2020-03-24 12:34:57 --> Global POST, GET and COOKIE data sanitized
INFO - 2020-03-24 12:34:57 --> CSRF cookie sent
INFO - 2020-03-24 12:34:57 --> CSRF token verified
INFO - 2020-03-24 12:34:57 --> Input Class Initialized
INFO - 2020-03-24 12:34:57 --> Language Class Initialized
INFO - 2020-03-24 12:34:57 --> Loader Class Initialized
INFO - 2020-03-24 12:34:57 --> Helper loaded: url_helper
INFO - 2020-03-24 12:34:57 --> Helper loaded: file_helper
INFO - 2020-03-24 12:34:57 --> Helper loaded: text_helper
INFO - 2020-03-24 12:34:57 --> Helper loaded: string_helper
INFO - 2020-03-24 12:34:57 --> Database Driver Class Initialized
INFO - 2020-03-24 12:34:57 --> Email Class Initialized
DEBUG - 2020-03-24 12:34:57 --> Session: "sess_save_path" is empty; using "session.save_path" value from php.ini.
INFO - 2020-03-24 12:34:57 --> Session: Class initialized using 'files' driver.
INFO - 2020-03-24 12:34:57 --> Helper loaded: form_helper
INFO - 2020-03-24 12:34:58 --> Form Validation Class Initialized
INFO - 2020-03-24 12:34:58 --> Controller Class Initialized
INFO - 2020-03-24 12:34:58 --> Model "M_school" initialized
INFO - 2020-03-24 12:34:58 --> Model "M_industry" initialized
INFO - 2020-03-24 12:34:58 --> Final output sent to browser
DEBUG - 2020-03-24 12:34:58 --> Total execution time: 0.4401
INFO - 2020-03-24 12:34:59 --> Config Class Initialized
INFO - 2020-03-24 12:34:59 --> Hooks Class Initialized
DEBUG - 2020-03-24 12:34:59 --> UTF-8 Support Enabled
INFO - 2020-03-24 12:34:59 --> Utf8 Class Initialized
INFO - 2020-03-24 12:34:59 --> URI Class Initialized
INFO - 2020-03-24 12:34:59 --> Router Class Initialized
INFO - 2020-03-24 12:34:59 --> Output Class Initialized
INFO - 2020-03-24 12:34:59 --> Security Class Initialized
DEBUG - 2020-03-24 12:34:59 --> Global POST, GET and COOKIE data sanitized
INFO - 2020-03-24 12:34:59 --> CSRF cookie sent
INFO - 2020-03-24 12:34:59 --> Input Class Initialized
INFO - 2020-03-24 12:34:59 --> Language Class Initialized
INFO - 2020-03-24 12:34:59 --> Loader Class Initialized
INFO - 2020-03-24 12:34:59 --> Helper loaded: url_helper
INFO - 2020-03-24 12:34:59 --> Helper loaded: file_helper
INFO - 2020-03-24 12:34:59 --> Helper loaded: text_helper
INFO - 2020-03-24 12:34:59 --> Helper loaded: string_helper
INFO - 2020-03-24 12:34:59 --> Database Driver Class Initialized
INFO - 2020-03-24 12:34:59 --> Email Class Initialized
DEBUG - 2020-03-24 12:34:59 --> Session: "sess_save_path" is empty; using "session.save_path" value from php.ini.
INFO - 2020-03-24 12:34:59 --> Session: Class initialized using 'files' driver.
INFO - 2020-03-24 12:34:59 --> Helper loaded: form_helper
INFO - 2020-03-24 12:34:59 --> Form Validation Class Initialized
INFO - 2020-03-24 12:34:59 --> Controller Class Initialized
INFO - 2020-03-24 12:34:59 --> Model "M_school" initialized
INFO - 2020-03-24 12:34:59 --> Model "M_industry" initialized
DEBUG - 2020-03-24 12:35:00 --> Encryption: Auto-configured driver 'openssl'.
INFO - 2020-03-24 12:35:00 --> Encryption: OpenSSL initialized with method AES-128-CBC.
INFO - 2020-03-24 12:35:00 --> Encryption Class Initialized
INFO - 2020-03-24 12:35:00 --> File loaded: C:\xampp\htdocs\scholarship\admin\views\include/header.php
INFO - 2020-03-24 12:35:00 --> File loaded: C:\xampp\htdocs\scholarship\admin\views\include/menu.php
INFO - 2020-03-24 12:35:00 --> File loaded: C:\xampp\htdocs\scholarship\admin\views\include/footer.php
INFO - 2020-03-24 12:35:00 --> File loaded: C:\xampp\htdocs\scholarship\admin\views\include/msg.php
INFO - 2020-03-24 12:35:00 --> File loaded: C:\xampp\htdocs\scholarship\admin\views\industry/request-list.php
INFO - 2020-03-24 12:35:00 --> Final output sent to browser
DEBUG - 2020-03-24 12:35:00 --> Total execution time: 0.5280
INFO - 2020-03-24 12:35:06 --> Config Class Initialized
INFO - 2020-03-24 12:35:06 --> Hooks Class Initialized
DEBUG - 2020-03-24 12:35:06 --> UTF-8 Support Enabled
INFO - 2020-03-24 12:35:06 --> Utf8 Class Initialized
INFO - 2020-03-24 12:35:06 --> URI Class Initialized
INFO - 2020-03-24 12:35:06 --> Router Class Initialized
INFO - 2020-03-24 12:35:06 --> Output Class Initialized
INFO - 2020-03-24 12:35:06 --> Security Class Initialized
DEBUG - 2020-03-24 12:35:06 --> Global POST, GET and COOKIE data sanitized
INFO - 2020-03-24 12:35:06 --> CSRF cookie sent
INFO - 2020-03-24 12:35:06 --> Input Class Initialized
INFO - 2020-03-24 12:35:06 --> Language Class Initialized
INFO - 2020-03-24 12:35:06 --> Loader Class Initialized
INFO - 2020-03-24 12:35:06 --> Helper loaded: url_helper
INFO - 2020-03-24 12:35:06 --> Helper loaded: file_helper
INFO - 2020-03-24 12:35:06 --> Helper loaded: text_helper
INFO - 2020-03-24 12:35:06 --> Helper loaded: string_helper
INFO - 2020-03-24 12:35:06 --> Database Driver Class Initialized
INFO - 2020-03-24 12:35:06 --> Email Class Initialized
DEBUG - 2020-03-24 12:35:06 --> Session: "sess_save_path" is empty; using "session.save_path" value from php.ini.
INFO - 2020-03-24 12:35:06 --> Session: Class initialized using 'files' driver.
INFO - 2020-03-24 12:35:06 --> Helper loaded: form_helper
INFO - 2020-03-24 12:35:06 --> Form Validation Class Initialized
INFO - 2020-03-24 12:35:06 --> Controller Class Initialized
INFO - 2020-03-24 12:35:06 --> Model "M_school" initialized
INFO - 2020-03-24 12:35:06 --> Model "M_industry" initialized
INFO - 2020-03-24 12:35:06 --> File loaded: C:\xampp\htdocs\scholarship\admin\views\include/header.php
INFO - 2020-03-24 12:35:06 --> File loaded: C:\xampp\htdocs\scholarship\admin\views\include/menu.php
INFO - 2020-03-24 12:35:06 --> File loaded: C:\xampp\htdocs\scholarship\admin\views\include/footer.php
INFO - 2020-03-24 12:35:06 --> File loaded: C:\xampp\htdocs\scholarship\admin\views\include/msg.php
INFO - 2020-03-24 12:35:06 --> File loaded: C:\xampp\htdocs\scholarship\admin\views\industry/add.php
INFO - 2020-03-24 12:35:06 --> Final output sent to browser
DEBUG - 2020-03-24 12:35:06 --> Total execution time: 0.3150
INFO - 2020-03-24 14:57:26 --> Config Class Initialized
INFO - 2020-03-24 14:57:26 --> Hooks Class Initialized
DEBUG - 2020-03-24 14:57:26 --> UTF-8 Support Enabled
INFO - 2020-03-24 14:57:26 --> Utf8 Class Initialized
INFO - 2020-03-24 14:57:26 --> URI Class Initialized
DEBUG - 2020-03-24 14:57:26 --> No URI present. Default controller set.
INFO - 2020-03-24 14:57:26 --> Router Class Initialized
INFO - 2020-03-24 14:57:26 --> Output Class Initialized
INFO - 2020-03-24 14:57:26 --> Security Class Initialized
DEBUG - 2020-03-24 14:57:26 --> Global POST, GET and COOKIE data sanitized
INFO - 2020-03-24 14:57:26 --> CSRF cookie sent
INFO - 2020-03-24 14:57:26 --> Input Class Initialized
INFO - 2020-03-24 14:57:26 --> Language Class Initialized
INFO - 2020-03-24 14:57:26 --> Loader Class Initialized
INFO - 2020-03-24 14:57:26 --> Helper loaded: url_helper
INFO - 2020-03-24 14:57:27 --> Helper loaded: file_helper
INFO - 2020-03-24 14:57:27 --> Helper loaded: text_helper
INFO - 2020-03-24 14:57:27 --> Helper loaded: string_helper
INFO - 2020-03-24 14:57:27 --> Database Driver Class Initialized
INFO - 2020-03-24 14:57:27 --> Email Class Initialized
DEBUG - 2020-03-24 14:57:27 --> Session: "sess_save_path" is empty; using "session.save_path" value from php.ini.
INFO - 2020-03-24 14:57:27 --> Session: Class initialized using 'files' driver.
INFO - 2020-03-24 14:57:27 --> Helper loaded: form_helper
INFO - 2020-03-24 14:57:27 --> Form Validation Class Initialized
INFO - 2020-03-24 14:57:27 --> Controller Class Initialized
INFO - 2020-03-24 14:57:27 --> Model "M_auth" initialized
DEBUG - 2020-03-24 14:57:27 --> Sc_check class already loaded. Second attempt ignored.
INFO - 2020-03-24 14:57:27 --> Helper loaded: captcha_helper
INFO - 2020-03-24 14:57:27 --> File loaded: C:\xampp\htdocs\scholarship\admin\views\include/header.php
INFO - 2020-03-24 14:57:27 --> File loaded: C:\xampp\htdocs\scholarship\admin\views\include/footer.php
INFO - 2020-03-24 14:57:27 --> File loaded: C:\xampp\htdocs\scholarship\admin\views\include/msg.php
INFO - 2020-03-24 14:57:27 --> File loaded: C:\xampp\htdocs\scholarship\admin\views\auth/login.php
INFO - 2020-03-24 14:57:27 --> Final output sent to browser
DEBUG - 2020-03-24 14:57:27 --> Total execution time: 1.2057
