INFO - 2020-05-14 17:42:21 --> Config Class Initialized
INFO - 2020-05-14 17:42:21 --> Hooks Class Initialized
DEBUG - 2020-05-14 17:42:21 --> UTF-8 Support Enabled
INFO - 2020-05-14 17:42:21 --> Utf8 Class Initialized
INFO - 2020-05-14 17:42:21 --> URI Class Initialized
DEBUG - 2020-05-14 17:42:21 --> No URI present. Default controller set.
INFO - 2020-05-14 17:42:21 --> Router Class Initialized
INFO - 2020-05-14 17:42:21 --> Output Class Initialized
INFO - 2020-05-14 17:42:21 --> Security Class Initialized
DEBUG - 2020-05-14 17:42:21 --> Global POST, GET and COOKIE data sanitized
INFO - 2020-05-14 17:42:21 --> CSRF cookie sent
INFO - 2020-05-14 17:42:21 --> Input Class Initialized
INFO - 2020-05-14 17:42:21 --> Language Class Initialized
INFO - 2020-05-14 17:42:21 --> Loader Class Initialized
INFO - 2020-05-14 17:42:21 --> Helper loaded: url_helper
INFO - 2020-05-14 17:42:21 --> Helper loaded: file_helper
INFO - 2020-05-14 17:42:21 --> Helper loaded: text_helper
INFO - 2020-05-14 17:42:21 --> Helper loaded: string_helper
INFO - 2020-05-14 17:42:21 --> Database Driver Class Initialized
INFO - 2020-05-14 17:42:21 --> Email Class Initialized
DEBUG - 2020-05-14 17:42:21 --> Session: "sess_save_path" is empty; using "session.save_path" value from php.ini.
INFO - 2020-05-14 17:42:21 --> Session: Class initialized using 'files' driver.
INFO - 2020-05-14 17:42:21 --> Helper loaded: form_helper
INFO - 2020-05-14 17:42:21 --> Form Validation Class Initialized
INFO - 2020-05-14 17:42:21 --> Controller Class Initialized
INFO - 2020-05-14 17:42:21 --> Model "M_auth" initialized
DEBUG - 2020-05-14 17:42:21 --> Sc_check class already loaded. Second attempt ignored.
INFO - 2020-05-14 17:42:21 --> Helper loaded: captcha_helper
INFO - 2020-05-14 17:42:21 --> File loaded: C:\xampp\htdocs\scholarship\admin\views\include/header.php
INFO - 2020-05-14 17:42:21 --> File loaded: C:\xampp\htdocs\scholarship\admin\views\include/footer.php
INFO - 2020-05-14 17:42:21 --> File loaded: C:\xampp\htdocs\scholarship\admin\views\include/msg.php
INFO - 2020-05-14 17:42:21 --> File loaded: C:\xampp\htdocs\scholarship\admin\views\auth/login.php
INFO - 2020-05-14 17:42:21 --> Final output sent to browser
DEBUG - 2020-05-14 17:42:21 --> Total execution time: 0.5071
INFO - 2020-05-14 17:42:33 --> Config Class Initialized
INFO - 2020-05-14 17:42:33 --> Hooks Class Initialized
DEBUG - 2020-05-14 17:42:33 --> UTF-8 Support Enabled
INFO - 2020-05-14 17:42:33 --> Utf8 Class Initialized
INFO - 2020-05-14 17:42:33 --> URI Class Initialized
INFO - 2020-05-14 17:42:33 --> Router Class Initialized
INFO - 2020-05-14 17:42:33 --> Output Class Initialized
INFO - 2020-05-14 17:42:33 --> Security Class Initialized
DEBUG - 2020-05-14 17:42:33 --> Global POST, GET and COOKIE data sanitized
INFO - 2020-05-14 17:42:33 --> CSRF cookie sent
INFO - 2020-05-14 17:42:33 --> CSRF token verified
INFO - 2020-05-14 17:42:33 --> Input Class Initialized
INFO - 2020-05-14 17:42:33 --> Language Class Initialized
INFO - 2020-05-14 17:42:33 --> Loader Class Initialized
INFO - 2020-05-14 17:42:33 --> Helper loaded: url_helper
INFO - 2020-05-14 17:42:33 --> Helper loaded: file_helper
INFO - 2020-05-14 17:42:33 --> Helper loaded: text_helper
INFO - 2020-05-14 17:42:33 --> Helper loaded: string_helper
INFO - 2020-05-14 17:42:33 --> Database Driver Class Initialized
INFO - 2020-05-14 17:42:33 --> Email Class Initialized
DEBUG - 2020-05-14 17:42:33 --> Session: "sess_save_path" is empty; using "session.save_path" value from php.ini.
INFO - 2020-05-14 17:42:33 --> Session: Class initialized using 'files' driver.
INFO - 2020-05-14 17:42:33 --> Helper loaded: form_helper
INFO - 2020-05-14 17:42:33 --> Form Validation Class Initialized
INFO - 2020-05-14 17:42:33 --> Controller Class Initialized
INFO - 2020-05-14 17:42:33 --> Model "M_auth" initialized
DEBUG - 2020-05-14 17:42:33 --> Sc_check class already loaded. Second attempt ignored.
INFO - 2020-05-14 17:42:33 --> Helper loaded: captcha_helper
DEBUG - 2020-05-14 17:42:33 --> Form_validation class already loaded. Second attempt ignored.
INFO - 2020-05-14 17:42:33 --> Language file loaded: language/english/form_validation_lang.php
INFO - 2020-05-14 17:42:34 --> ---------------------Success -- Admin Logged in with prathwi@5ine.in and IP aaddress ::1 --------------
INFO - 2020-05-14 17:42:34 --> Config Class Initialized
INFO - 2020-05-14 17:42:34 --> Hooks Class Initialized
DEBUG - 2020-05-14 17:42:34 --> UTF-8 Support Enabled
INFO - 2020-05-14 17:42:34 --> Utf8 Class Initialized
INFO - 2020-05-14 17:42:34 --> URI Class Initialized
INFO - 2020-05-14 17:42:34 --> Router Class Initialized
INFO - 2020-05-14 17:42:34 --> Output Class Initialized
INFO - 2020-05-14 17:42:34 --> Security Class Initialized
DEBUG - 2020-05-14 17:42:34 --> Global POST, GET and COOKIE data sanitized
INFO - 2020-05-14 17:42:34 --> CSRF cookie sent
INFO - 2020-05-14 17:42:34 --> Input Class Initialized
INFO - 2020-05-14 17:42:34 --> Language Class Initialized
INFO - 2020-05-14 17:42:34 --> Loader Class Initialized
INFO - 2020-05-14 17:42:34 --> Helper loaded: url_helper
INFO - 2020-05-14 17:42:34 --> Helper loaded: file_helper
INFO - 2020-05-14 17:42:34 --> Helper loaded: text_helper
INFO - 2020-05-14 17:42:34 --> Helper loaded: string_helper
INFO - 2020-05-14 17:42:34 --> Database Driver Class Initialized
INFO - 2020-05-14 17:42:34 --> Email Class Initialized
DEBUG - 2020-05-14 17:42:34 --> Session: "sess_save_path" is empty; using "session.save_path" value from php.ini.
INFO - 2020-05-14 17:42:34 --> Session: Class initialized using 'files' driver.
INFO - 2020-05-14 17:42:34 --> Helper loaded: form_helper
INFO - 2020-05-14 17:42:34 --> Form Validation Class Initialized
INFO - 2020-05-14 17:42:34 --> Controller Class Initialized
INFO - 2020-05-14 17:42:34 --> Model "M_dashboard" initialized
DEBUG - 2020-05-14 17:42:34 --> Sc_check class already loaded. Second attempt ignored.
INFO - 2020-05-14 17:42:34 --> File loaded: C:\xampp\htdocs\scholarship\admin\views\include/header.php
INFO - 2020-05-14 17:42:34 --> File loaded: C:\xampp\htdocs\scholarship\admin\views\include/menu.php
INFO - 2020-05-14 17:42:34 --> File loaded: C:\xampp\htdocs\scholarship\admin\views\include/footer.php
INFO - 2020-05-14 17:42:34 --> File loaded: C:\xampp\htdocs\scholarship\admin\views\include/msg.php
INFO - 2020-05-14 17:42:34 --> File loaded: C:\xampp\htdocs\scholarship\admin\views\dashboard/index.php
INFO - 2020-05-14 17:42:34 --> Final output sent to browser
DEBUG - 2020-05-14 17:42:34 --> Total execution time: 0.6134
INFO - 2020-05-14 17:42:34 --> Config Class Initialized
INFO - 2020-05-14 17:42:34 --> Hooks Class Initialized
DEBUG - 2020-05-14 17:42:34 --> UTF-8 Support Enabled
INFO - 2020-05-14 17:42:34 --> Utf8 Class Initialized
INFO - 2020-05-14 17:42:34 --> URI Class Initialized
INFO - 2020-05-14 17:42:35 --> Router Class Initialized
INFO - 2020-05-14 17:42:35 --> Output Class Initialized
INFO - 2020-05-14 17:42:35 --> Security Class Initialized
DEBUG - 2020-05-14 17:42:35 --> Global POST, GET and COOKIE data sanitized
INFO - 2020-05-14 17:42:35 --> CSRF cookie sent
INFO - 2020-05-14 17:42:35 --> Input Class Initialized
INFO - 2020-05-14 17:42:35 --> Language Class Initialized
INFO - 2020-05-14 17:42:35 --> Loader Class Initialized
INFO - 2020-05-14 17:42:35 --> Helper loaded: url_helper
INFO - 2020-05-14 17:42:35 --> Helper loaded: file_helper
INFO - 2020-05-14 17:42:35 --> Helper loaded: text_helper
INFO - 2020-05-14 17:42:35 --> Helper loaded: string_helper
INFO - 2020-05-14 17:42:35 --> Database Driver Class Initialized
INFO - 2020-05-14 17:42:35 --> Email Class Initialized
DEBUG - 2020-05-14 17:42:35 --> Session: "sess_save_path" is empty; using "session.save_path" value from php.ini.
INFO - 2020-05-14 17:42:35 --> Session: Class initialized using 'files' driver.
INFO - 2020-05-14 17:42:35 --> Helper loaded: form_helper
INFO - 2020-05-14 17:42:35 --> Form Validation Class Initialized
INFO - 2020-05-14 17:42:35 --> Controller Class Initialized
INFO - 2020-05-14 17:42:35 --> Model "M_dashboard" initialized
DEBUG - 2020-05-14 17:42:35 --> Sc_check class already loaded. Second attempt ignored.
INFO - 2020-05-14 17:42:35 --> Final output sent to browser
DEBUG - 2020-05-14 17:42:35 --> Total execution time: 0.2765
INFO - 2020-05-14 17:44:06 --> Config Class Initialized
INFO - 2020-05-14 17:44:06 --> Hooks Class Initialized
DEBUG - 2020-05-14 17:44:06 --> UTF-8 Support Enabled
INFO - 2020-05-14 17:44:06 --> Utf8 Class Initialized
INFO - 2020-05-14 17:44:06 --> URI Class Initialized
INFO - 2020-05-14 17:44:06 --> Router Class Initialized
INFO - 2020-05-14 17:44:06 --> Output Class Initialized
INFO - 2020-05-14 17:44:06 --> Security Class Initialized
DEBUG - 2020-05-14 17:44:06 --> Global POST, GET and COOKIE data sanitized
INFO - 2020-05-14 17:44:06 --> CSRF cookie sent
INFO - 2020-05-14 17:44:06 --> Input Class Initialized
INFO - 2020-05-14 17:44:06 --> Language Class Initialized
INFO - 2020-05-14 17:44:06 --> Loader Class Initialized
INFO - 2020-05-14 17:44:06 --> Helper loaded: url_helper
INFO - 2020-05-14 17:44:06 --> Helper loaded: file_helper
INFO - 2020-05-14 17:44:06 --> Helper loaded: text_helper
INFO - 2020-05-14 17:44:06 --> Helper loaded: string_helper
INFO - 2020-05-14 17:44:06 --> Database Driver Class Initialized
INFO - 2020-05-14 17:44:06 --> Email Class Initialized
DEBUG - 2020-05-14 17:44:06 --> Session: "sess_save_path" is empty; using "session.save_path" value from php.ini.
INFO - 2020-05-14 17:44:06 --> Session: Class initialized using 'files' driver.
INFO - 2020-05-14 17:44:06 --> Helper loaded: form_helper
INFO - 2020-05-14 17:44:06 --> Form Validation Class Initialized
INFO - 2020-05-14 17:44:06 --> Controller Class Initialized
INFO - 2020-05-14 17:44:06 --> Model "M_dashboard" initialized
DEBUG - 2020-05-14 17:44:06 --> Sc_check class already loaded. Second attempt ignored.
INFO - 2020-05-14 17:44:06 --> File loaded: C:\xampp\htdocs\scholarship\admin\views\include/header.php
INFO - 2020-05-14 17:44:06 --> File loaded: C:\xampp\htdocs\scholarship\admin\views\include/menu.php
INFO - 2020-05-14 17:44:06 --> File loaded: C:\xampp\htdocs\scholarship\admin\views\include/footer.php
INFO - 2020-05-14 17:44:06 --> File loaded: C:\xampp\htdocs\scholarship\admin\views\include/msg.php
INFO - 2020-05-14 17:44:06 --> File loaded: C:\xampp\htdocs\scholarship\admin\views\dashboard/index.php
INFO - 2020-05-14 17:44:06 --> Final output sent to browser
DEBUG - 2020-05-14 17:44:06 --> Total execution time: 0.4825
INFO - 2020-05-14 17:44:07 --> Config Class Initialized
INFO - 2020-05-14 17:44:07 --> Hooks Class Initialized
DEBUG - 2020-05-14 17:44:07 --> UTF-8 Support Enabled
INFO - 2020-05-14 17:44:07 --> Utf8 Class Initialized
INFO - 2020-05-14 17:44:07 --> URI Class Initialized
INFO - 2020-05-14 17:44:07 --> Router Class Initialized
INFO - 2020-05-14 17:44:07 --> Output Class Initialized
INFO - 2020-05-14 17:44:07 --> Security Class Initialized
DEBUG - 2020-05-14 17:44:07 --> Global POST, GET and COOKIE data sanitized
INFO - 2020-05-14 17:44:07 --> CSRF cookie sent
INFO - 2020-05-14 17:44:07 --> Input Class Initialized
INFO - 2020-05-14 17:44:07 --> Language Class Initialized
INFO - 2020-05-14 17:44:07 --> Loader Class Initialized
INFO - 2020-05-14 17:44:07 --> Helper loaded: url_helper
INFO - 2020-05-14 17:44:07 --> Helper loaded: file_helper
INFO - 2020-05-14 17:44:07 --> Helper loaded: text_helper
INFO - 2020-05-14 17:44:07 --> Helper loaded: string_helper
INFO - 2020-05-14 17:44:07 --> Database Driver Class Initialized
INFO - 2020-05-14 17:44:07 --> Email Class Initialized
DEBUG - 2020-05-14 17:44:07 --> Session: "sess_save_path" is empty; using "session.save_path" value from php.ini.
INFO - 2020-05-14 17:44:07 --> Session: Class initialized using 'files' driver.
INFO - 2020-05-14 17:44:07 --> Helper loaded: form_helper
INFO - 2020-05-14 17:44:07 --> Form Validation Class Initialized
INFO - 2020-05-14 17:44:07 --> Controller Class Initialized
INFO - 2020-05-14 17:44:07 --> Model "M_dashboard" initialized
DEBUG - 2020-05-14 17:44:07 --> Sc_check class already loaded. Second attempt ignored.
INFO - 2020-05-14 17:44:07 --> Final output sent to browser
DEBUG - 2020-05-14 17:44:07 --> Total execution time: 0.2770
INFO - 2020-05-14 17:44:09 --> Config Class Initialized
INFO - 2020-05-14 17:44:09 --> Hooks Class Initialized
DEBUG - 2020-05-14 17:44:09 --> UTF-8 Support Enabled
INFO - 2020-05-14 17:44:09 --> Utf8 Class Initialized
INFO - 2020-05-14 17:44:09 --> URI Class Initialized
INFO - 2020-05-14 17:44:09 --> Router Class Initialized
INFO - 2020-05-14 17:44:09 --> Output Class Initialized
INFO - 2020-05-14 17:44:09 --> Security Class Initialized
DEBUG - 2020-05-14 17:44:09 --> Global POST, GET and COOKIE data sanitized
INFO - 2020-05-14 17:44:09 --> CSRF cookie sent
INFO - 2020-05-14 17:44:09 --> Input Class Initialized
INFO - 2020-05-14 17:44:09 --> Language Class Initialized
INFO - 2020-05-14 17:44:09 --> Loader Class Initialized
INFO - 2020-05-14 17:44:09 --> Helper loaded: url_helper
INFO - 2020-05-14 17:44:09 --> Helper loaded: file_helper
INFO - 2020-05-14 17:44:09 --> Helper loaded: text_helper
INFO - 2020-05-14 17:44:09 --> Helper loaded: string_helper
INFO - 2020-05-14 17:44:09 --> Database Driver Class Initialized
INFO - 2020-05-14 17:44:09 --> Email Class Initialized
DEBUG - 2020-05-14 17:44:09 --> Session: "sess_save_path" is empty; using "session.save_path" value from php.ini.
INFO - 2020-05-14 17:44:09 --> Session: Class initialized using 'files' driver.
INFO - 2020-05-14 17:44:09 --> Helper loaded: form_helper
INFO - 2020-05-14 17:44:09 --> Form Validation Class Initialized
INFO - 2020-05-14 17:44:09 --> Controller Class Initialized
INFO - 2020-05-14 17:44:09 --> Model "M_school" initialized
INFO - 2020-05-14 17:44:09 --> Model "M_payments" initialized
ERROR - 2020-05-14 17:44:09 --> Severity: Notice --> Undefined variable: year C:\xampp\htdocs\scholarship\admin\controllers\Payments.php 34
DEBUG - 2020-05-14 17:44:09 --> Encryption: Auto-configured driver 'openssl'.
INFO - 2020-05-14 17:44:09 --> Encryption: OpenSSL initialized with method AES-128-CBC.
INFO - 2020-05-14 17:44:09 --> Encryption Class Initialized
INFO - 2020-05-14 17:44:09 --> File loaded: C:\xampp\htdocs\scholarship\admin\views\include/header.php
INFO - 2020-05-14 17:44:09 --> File loaded: C:\xampp\htdocs\scholarship\admin\views\include/menu.php
INFO - 2020-05-14 17:44:09 --> File loaded: C:\xampp\htdocs\scholarship\admin\views\include/footer.php
INFO - 2020-05-14 17:44:09 --> File loaded: C:\xampp\htdocs\scholarship\admin\views\include/msg.php
INFO - 2020-05-14 17:44:09 --> File loaded: C:\xampp\htdocs\scholarship\admin\views\industry/payment.php
INFO - 2020-05-14 17:44:09 --> Final output sent to browser
DEBUG - 2020-05-14 17:44:09 --> Total execution time: 0.4772
INFO - 2020-05-14 17:44:20 --> Config Class Initialized
INFO - 2020-05-14 17:44:20 --> Hooks Class Initialized
DEBUG - 2020-05-14 17:44:20 --> UTF-8 Support Enabled
INFO - 2020-05-14 17:44:20 --> Utf8 Class Initialized
INFO - 2020-05-14 17:44:20 --> URI Class Initialized
INFO - 2020-05-14 17:44:20 --> Router Class Initialized
INFO - 2020-05-14 17:44:20 --> Output Class Initialized
INFO - 2020-05-14 17:44:20 --> Security Class Initialized
DEBUG - 2020-05-14 17:44:20 --> Global POST, GET and COOKIE data sanitized
INFO - 2020-05-14 17:44:20 --> CSRF cookie sent
INFO - 2020-05-14 17:44:20 --> Input Class Initialized
INFO - 2020-05-14 17:44:20 --> Language Class Initialized
INFO - 2020-05-14 17:44:20 --> Loader Class Initialized
INFO - 2020-05-14 17:44:20 --> Helper loaded: url_helper
INFO - 2020-05-14 17:44:20 --> Helper loaded: file_helper
INFO - 2020-05-14 17:44:20 --> Helper loaded: text_helper
INFO - 2020-05-14 17:44:20 --> Helper loaded: string_helper
INFO - 2020-05-14 17:44:20 --> Database Driver Class Initialized
INFO - 2020-05-14 17:44:20 --> Email Class Initialized
DEBUG - 2020-05-14 17:44:20 --> Session: "sess_save_path" is empty; using "session.save_path" value from php.ini.
INFO - 2020-05-14 17:44:20 --> Session: Class initialized using 'files' driver.
INFO - 2020-05-14 17:44:20 --> Helper loaded: form_helper
INFO - 2020-05-14 17:44:20 --> Form Validation Class Initialized
INFO - 2020-05-14 17:44:20 --> Controller Class Initialized
INFO - 2020-05-14 17:44:20 --> Model "M_school" initialized
INFO - 2020-05-14 17:44:20 --> Model "M_payments" initialized
DEBUG - 2020-05-14 17:44:20 --> Encryption: Auto-configured driver 'openssl'.
INFO - 2020-05-14 17:44:20 --> Encryption: OpenSSL initialized with method AES-128-CBC.
INFO - 2020-05-14 17:44:20 --> Encryption Class Initialized
INFO - 2020-05-14 17:44:20 --> File loaded: C:\xampp\htdocs\scholarship\admin\views\include/header.php
INFO - 2020-05-14 17:44:20 --> File loaded: C:\xampp\htdocs\scholarship\admin\views\include/menu.php
INFO - 2020-05-14 17:44:20 --> File loaded: C:\xampp\htdocs\scholarship\admin\views\include/footer.php
INFO - 2020-05-14 17:44:20 --> File loaded: C:\xampp\htdocs\scholarship\admin\views\include/msg.php
INFO - 2020-05-14 17:44:20 --> File loaded: C:\xampp\htdocs\scholarship\admin\views\industry/payment.php
INFO - 2020-05-14 17:44:20 --> Final output sent to browser
DEBUG - 2020-05-14 17:44:20 --> Total execution time: 0.3839
INFO - 2020-05-14 17:44:38 --> Config Class Initialized
INFO - 2020-05-14 17:44:38 --> Hooks Class Initialized
DEBUG - 2020-05-14 17:44:38 --> UTF-8 Support Enabled
INFO - 2020-05-14 17:44:38 --> Utf8 Class Initialized
INFO - 2020-05-14 17:44:38 --> URI Class Initialized
INFO - 2020-05-14 17:44:38 --> Router Class Initialized
INFO - 2020-05-14 17:44:38 --> Output Class Initialized
INFO - 2020-05-14 17:44:38 --> Security Class Initialized
DEBUG - 2020-05-14 17:44:38 --> Global POST, GET and COOKIE data sanitized
INFO - 2020-05-14 17:44:38 --> CSRF cookie sent
INFO - 2020-05-14 17:44:38 --> Input Class Initialized
INFO - 2020-05-14 17:44:38 --> Language Class Initialized
INFO - 2020-05-14 17:44:38 --> Loader Class Initialized
INFO - 2020-05-14 17:44:38 --> Helper loaded: url_helper
INFO - 2020-05-14 17:44:38 --> Helper loaded: file_helper
INFO - 2020-05-14 17:44:38 --> Helper loaded: text_helper
INFO - 2020-05-14 17:44:38 --> Helper loaded: string_helper
INFO - 2020-05-14 17:44:38 --> Database Driver Class Initialized
INFO - 2020-05-14 17:44:38 --> Email Class Initialized
DEBUG - 2020-05-14 17:44:38 --> Session: "sess_save_path" is empty; using "session.save_path" value from php.ini.
INFO - 2020-05-14 17:44:38 --> Session: Class initialized using 'files' driver.
INFO - 2020-05-14 17:44:38 --> Helper loaded: form_helper
INFO - 2020-05-14 17:44:38 --> Form Validation Class Initialized
INFO - 2020-05-14 17:44:38 --> Controller Class Initialized
INFO - 2020-05-14 17:44:38 --> Model "M_school" initialized
INFO - 2020-05-14 17:44:38 --> Model "M_payments" initialized
DEBUG - 2020-05-14 17:44:38 --> Encryption: Auto-configured driver 'openssl'.
INFO - 2020-05-14 17:44:38 --> Encryption: OpenSSL initialized with method AES-128-CBC.
INFO - 2020-05-14 17:44:38 --> Encryption Class Initialized
INFO - 2020-05-14 17:44:38 --> File loaded: C:\xampp\htdocs\scholarship\admin\views\include/header.php
INFO - 2020-05-14 17:44:38 --> File loaded: C:\xampp\htdocs\scholarship\admin\views\include/menu.php
INFO - 2020-05-14 17:44:38 --> File loaded: C:\xampp\htdocs\scholarship\admin\views\include/footer.php
INFO - 2020-05-14 17:44:38 --> File loaded: C:\xampp\htdocs\scholarship\admin\views\include/msg.php
INFO - 2020-05-14 17:44:38 --> File loaded: C:\xampp\htdocs\scholarship\admin\views\industry/payment.php
INFO - 2020-05-14 17:44:38 --> Final output sent to browser
DEBUG - 2020-05-14 17:44:38 --> Total execution time: 0.3791
INFO - 2020-05-14 17:51:12 --> Config Class Initialized
INFO - 2020-05-14 17:51:12 --> Hooks Class Initialized
DEBUG - 2020-05-14 17:51:12 --> UTF-8 Support Enabled
INFO - 2020-05-14 17:51:12 --> Utf8 Class Initialized
INFO - 2020-05-14 17:51:12 --> URI Class Initialized
INFO - 2020-05-14 17:51:12 --> Router Class Initialized
INFO - 2020-05-14 17:51:12 --> Output Class Initialized
INFO - 2020-05-14 17:51:12 --> Security Class Initialized
DEBUG - 2020-05-14 17:51:12 --> Global POST, GET and COOKIE data sanitized
INFO - 2020-05-14 17:51:12 --> CSRF cookie sent
INFO - 2020-05-14 17:51:12 --> Input Class Initialized
INFO - 2020-05-14 17:51:12 --> Language Class Initialized
INFO - 2020-05-14 17:51:12 --> Loader Class Initialized
INFO - 2020-05-14 17:51:12 --> Helper loaded: url_helper
INFO - 2020-05-14 17:51:12 --> Helper loaded: file_helper
INFO - 2020-05-14 17:51:12 --> Helper loaded: text_helper
INFO - 2020-05-14 17:51:12 --> Helper loaded: string_helper
INFO - 2020-05-14 17:51:12 --> Database Driver Class Initialized
INFO - 2020-05-14 17:51:12 --> Email Class Initialized
DEBUG - 2020-05-14 17:51:12 --> Session: "sess_save_path" is empty; using "session.save_path" value from php.ini.
INFO - 2020-05-14 17:51:12 --> Session: Class initialized using 'files' driver.
INFO - 2020-05-14 17:51:12 --> Helper loaded: form_helper
INFO - 2020-05-14 17:51:12 --> Form Validation Class Initialized
INFO - 2020-05-14 17:51:12 --> Controller Class Initialized
INFO - 2020-05-14 17:51:12 --> Model "M_school" initialized
INFO - 2020-05-14 17:51:12 --> Model "M_payments" initialized
DEBUG - 2020-05-14 17:51:12 --> Encryption: Auto-configured driver 'openssl'.
INFO - 2020-05-14 17:51:12 --> Encryption: OpenSSL initialized with method AES-128-CBC.
INFO - 2020-05-14 17:51:12 --> Encryption Class Initialized
INFO - 2020-05-14 17:51:12 --> File loaded: C:\xampp\htdocs\scholarship\admin\views\include/header.php
INFO - 2020-05-14 17:51:12 --> File loaded: C:\xampp\htdocs\scholarship\admin\views\include/menu.php
INFO - 2020-05-14 17:51:12 --> File loaded: C:\xampp\htdocs\scholarship\admin\views\include/footer.php
INFO - 2020-05-14 17:51:12 --> File loaded: C:\xampp\htdocs\scholarship\admin\views\include/msg.php
INFO - 2020-05-14 17:51:12 --> File loaded: C:\xampp\htdocs\scholarship\admin\views\industry/payment.php
INFO - 2020-05-14 17:51:12 --> Final output sent to browser
DEBUG - 2020-05-14 17:51:12 --> Total execution time: 0.3573
INFO - 2020-05-14 17:51:29 --> Config Class Initialized
INFO - 2020-05-14 17:51:29 --> Hooks Class Initialized
DEBUG - 2020-05-14 17:51:29 --> UTF-8 Support Enabled
INFO - 2020-05-14 17:51:29 --> Utf8 Class Initialized
INFO - 2020-05-14 17:51:29 --> URI Class Initialized
INFO - 2020-05-14 17:51:29 --> Router Class Initialized
INFO - 2020-05-14 17:51:29 --> Output Class Initialized
INFO - 2020-05-14 17:51:29 --> Security Class Initialized
DEBUG - 2020-05-14 17:51:29 --> Global POST, GET and COOKIE data sanitized
INFO - 2020-05-14 17:51:29 --> CSRF cookie sent
INFO - 2020-05-14 17:51:29 --> Input Class Initialized
INFO - 2020-05-14 17:51:29 --> Language Class Initialized
INFO - 2020-05-14 17:51:29 --> Loader Class Initialized
INFO - 2020-05-14 17:51:29 --> Helper loaded: url_helper
INFO - 2020-05-14 17:51:29 --> Helper loaded: file_helper
INFO - 2020-05-14 17:51:29 --> Helper loaded: text_helper
INFO - 2020-05-14 17:51:29 --> Helper loaded: string_helper
INFO - 2020-05-14 17:51:29 --> Database Driver Class Initialized
INFO - 2020-05-14 17:51:29 --> Email Class Initialized
DEBUG - 2020-05-14 17:51:29 --> Session: "sess_save_path" is empty; using "session.save_path" value from php.ini.
INFO - 2020-05-14 17:51:29 --> Session: Class initialized using 'files' driver.
INFO - 2020-05-14 17:51:29 --> Helper loaded: form_helper
INFO - 2020-05-14 17:51:29 --> Form Validation Class Initialized
INFO - 2020-05-14 17:51:29 --> Controller Class Initialized
INFO - 2020-05-14 17:51:29 --> Model "M_school" initialized
INFO - 2020-05-14 17:51:29 --> Model "M_payments" initialized
DEBUG - 2020-05-14 17:51:29 --> Encryption: Auto-configured driver 'openssl'.
INFO - 2020-05-14 17:51:29 --> Encryption: OpenSSL initialized with method AES-128-CBC.
INFO - 2020-05-14 17:51:29 --> Encryption Class Initialized
INFO - 2020-05-14 17:51:29 --> File loaded: C:\xampp\htdocs\scholarship\admin\views\include/header.php
INFO - 2020-05-14 17:51:29 --> File loaded: C:\xampp\htdocs\scholarship\admin\views\include/menu.php
INFO - 2020-05-14 17:51:29 --> File loaded: C:\xampp\htdocs\scholarship\admin\views\include/footer.php
INFO - 2020-05-14 17:51:29 --> File loaded: C:\xampp\htdocs\scholarship\admin\views\include/msg.php
INFO - 2020-05-14 17:51:29 --> File loaded: C:\xampp\htdocs\scholarship\admin\views\industry/payment.php
INFO - 2020-05-14 17:51:29 --> Final output sent to browser
DEBUG - 2020-05-14 17:51:29 --> Total execution time: 0.3691
INFO - 2020-05-14 17:52:53 --> Config Class Initialized
INFO - 2020-05-14 17:52:53 --> Hooks Class Initialized
DEBUG - 2020-05-14 17:52:53 --> UTF-8 Support Enabled
INFO - 2020-05-14 17:52:53 --> Utf8 Class Initialized
INFO - 2020-05-14 17:52:53 --> URI Class Initialized
INFO - 2020-05-14 17:52:53 --> Router Class Initialized
INFO - 2020-05-14 17:52:53 --> Output Class Initialized
INFO - 2020-05-14 17:52:53 --> Security Class Initialized
DEBUG - 2020-05-14 17:52:53 --> Global POST, GET and COOKIE data sanitized
INFO - 2020-05-14 17:52:53 --> CSRF cookie sent
INFO - 2020-05-14 17:52:53 --> Input Class Initialized
INFO - 2020-05-14 17:52:53 --> Language Class Initialized
INFO - 2020-05-14 17:52:53 --> Loader Class Initialized
INFO - 2020-05-14 17:52:53 --> Helper loaded: url_helper
INFO - 2020-05-14 17:52:53 --> Helper loaded: file_helper
INFO - 2020-05-14 17:52:53 --> Helper loaded: text_helper
INFO - 2020-05-14 17:52:53 --> Helper loaded: string_helper
INFO - 2020-05-14 17:52:53 --> Database Driver Class Initialized
INFO - 2020-05-14 17:52:54 --> Email Class Initialized
DEBUG - 2020-05-14 17:52:54 --> Session: "sess_save_path" is empty; using "session.save_path" value from php.ini.
INFO - 2020-05-14 17:52:54 --> Session: Class initialized using 'files' driver.
INFO - 2020-05-14 17:52:54 --> Helper loaded: form_helper
INFO - 2020-05-14 17:52:54 --> Form Validation Class Initialized
INFO - 2020-05-14 17:52:54 --> Controller Class Initialized
INFO - 2020-05-14 17:52:54 --> Model "M_school" initialized
INFO - 2020-05-14 17:52:54 --> Model "M_payments" initialized
DEBUG - 2020-05-14 17:52:54 --> Encryption: Auto-configured driver 'openssl'.
INFO - 2020-05-14 17:52:54 --> Encryption: OpenSSL initialized with method AES-128-CBC.
INFO - 2020-05-14 17:52:54 --> Encryption Class Initialized
INFO - 2020-05-14 17:52:54 --> File loaded: C:\xampp\htdocs\scholarship\admin\views\include/header.php
INFO - 2020-05-14 17:52:54 --> File loaded: C:\xampp\htdocs\scholarship\admin\views\include/menu.php
INFO - 2020-05-14 17:52:54 --> File loaded: C:\xampp\htdocs\scholarship\admin\views\include/footer.php
INFO - 2020-05-14 17:52:54 --> File loaded: C:\xampp\htdocs\scholarship\admin\views\include/msg.php
INFO - 2020-05-14 17:52:54 --> File loaded: C:\xampp\htdocs\scholarship\admin\views\industry/payment.php
INFO - 2020-05-14 17:52:54 --> Final output sent to browser
DEBUG - 2020-05-14 17:52:54 --> Total execution time: 0.3726
INFO - 2020-05-14 17:53:19 --> Config Class Initialized
INFO - 2020-05-14 17:53:19 --> Hooks Class Initialized
DEBUG - 2020-05-14 17:53:19 --> UTF-8 Support Enabled
INFO - 2020-05-14 17:53:19 --> Utf8 Class Initialized
INFO - 2020-05-14 17:53:19 --> URI Class Initialized
INFO - 2020-05-14 17:53:19 --> Router Class Initialized
INFO - 2020-05-14 17:53:19 --> Output Class Initialized
INFO - 2020-05-14 17:53:19 --> Security Class Initialized
DEBUG - 2020-05-14 17:53:19 --> Global POST, GET and COOKIE data sanitized
INFO - 2020-05-14 17:53:19 --> CSRF cookie sent
INFO - 2020-05-14 17:53:19 --> Input Class Initialized
INFO - 2020-05-14 17:53:19 --> Language Class Initialized
INFO - 2020-05-14 17:53:19 --> Loader Class Initialized
INFO - 2020-05-14 17:53:19 --> Helper loaded: url_helper
INFO - 2020-05-14 17:53:19 --> Helper loaded: file_helper
INFO - 2020-05-14 17:53:19 --> Helper loaded: text_helper
INFO - 2020-05-14 17:53:19 --> Helper loaded: string_helper
INFO - 2020-05-14 17:53:19 --> Database Driver Class Initialized
INFO - 2020-05-14 17:53:19 --> Email Class Initialized
DEBUG - 2020-05-14 17:53:19 --> Session: "sess_save_path" is empty; using "session.save_path" value from php.ini.
INFO - 2020-05-14 17:53:19 --> Session: Class initialized using 'files' driver.
INFO - 2020-05-14 17:53:19 --> Helper loaded: form_helper
INFO - 2020-05-14 17:53:19 --> Form Validation Class Initialized
INFO - 2020-05-14 17:53:19 --> Controller Class Initialized
INFO - 2020-05-14 17:53:19 --> Model "M_school" initialized
INFO - 2020-05-14 17:53:19 --> Model "M_payments" initialized
DEBUG - 2020-05-14 17:53:19 --> Encryption: Auto-configured driver 'openssl'.
INFO - 2020-05-14 17:53:19 --> Encryption: OpenSSL initialized with method AES-128-CBC.
INFO - 2020-05-14 17:53:19 --> Encryption Class Initialized
INFO - 2020-05-14 17:53:19 --> File loaded: C:\xampp\htdocs\scholarship\admin\views\include/header.php
INFO - 2020-05-14 17:53:19 --> File loaded: C:\xampp\htdocs\scholarship\admin\views\include/menu.php
INFO - 2020-05-14 17:53:19 --> File loaded: C:\xampp\htdocs\scholarship\admin\views\include/footer.php
INFO - 2020-05-14 17:53:19 --> File loaded: C:\xampp\htdocs\scholarship\admin\views\include/msg.php
INFO - 2020-05-14 17:53:19 --> File loaded: C:\xampp\htdocs\scholarship\admin\views\industry/payment.php
INFO - 2020-05-14 17:53:19 --> Final output sent to browser
DEBUG - 2020-05-14 17:53:20 --> Total execution time: 0.4639
INFO - 2020-05-14 17:53:48 --> Config Class Initialized
INFO - 2020-05-14 17:53:48 --> Hooks Class Initialized
DEBUG - 2020-05-14 17:53:48 --> UTF-8 Support Enabled
INFO - 2020-05-14 17:53:48 --> Utf8 Class Initialized
INFO - 2020-05-14 17:53:48 --> URI Class Initialized
INFO - 2020-05-14 17:53:48 --> Router Class Initialized
INFO - 2020-05-14 17:53:48 --> Output Class Initialized
INFO - 2020-05-14 17:53:48 --> Security Class Initialized
DEBUG - 2020-05-14 17:53:48 --> Global POST, GET and COOKIE data sanitized
INFO - 2020-05-14 17:53:48 --> CSRF cookie sent
INFO - 2020-05-14 17:53:48 --> Input Class Initialized
INFO - 2020-05-14 17:53:48 --> Language Class Initialized
INFO - 2020-05-14 17:53:48 --> Loader Class Initialized
INFO - 2020-05-14 17:53:48 --> Helper loaded: url_helper
INFO - 2020-05-14 17:53:48 --> Helper loaded: file_helper
INFO - 2020-05-14 17:53:48 --> Helper loaded: text_helper
INFO - 2020-05-14 17:53:48 --> Helper loaded: string_helper
INFO - 2020-05-14 17:53:48 --> Database Driver Class Initialized
INFO - 2020-05-14 17:53:48 --> Email Class Initialized
DEBUG - 2020-05-14 17:53:48 --> Session: "sess_save_path" is empty; using "session.save_path" value from php.ini.
INFO - 2020-05-14 17:53:48 --> Session: Class initialized using 'files' driver.
INFO - 2020-05-14 17:53:48 --> Helper loaded: form_helper
INFO - 2020-05-14 17:53:48 --> Form Validation Class Initialized
INFO - 2020-05-14 17:53:48 --> Controller Class Initialized
INFO - 2020-05-14 17:53:48 --> Model "M_school" initialized
INFO - 2020-05-14 17:53:48 --> Model "M_industry" initialized
INFO - 2020-05-14 17:53:48 --> File loaded: C:\xampp\htdocs\scholarship\admin\views\include/header.php
INFO - 2020-05-14 17:53:48 --> File loaded: C:\xampp\htdocs\scholarship\admin\views\include/menu.php
INFO - 2020-05-14 17:53:48 --> File loaded: C:\xampp\htdocs\scholarship\admin\views\include/footer.php
INFO - 2020-05-14 17:53:48 --> File loaded: C:\xampp\htdocs\scholarship\admin\views\include/msg.php
INFO - 2020-05-14 17:53:48 --> File loaded: C:\xampp\htdocs\scholarship\admin\views\industry/all.php
INFO - 2020-05-14 17:53:48 --> Final output sent to browser
DEBUG - 2020-05-14 17:53:48 --> Total execution time: 0.6443
INFO - 2020-05-14 17:53:49 --> Config Class Initialized
INFO - 2020-05-14 17:53:49 --> Hooks Class Initialized
DEBUG - 2020-05-14 17:53:49 --> UTF-8 Support Enabled
INFO - 2020-05-14 17:53:50 --> Utf8 Class Initialized
INFO - 2020-05-14 17:53:50 --> URI Class Initialized
INFO - 2020-05-14 17:53:50 --> Router Class Initialized
INFO - 2020-05-14 17:53:50 --> Output Class Initialized
INFO - 2020-05-14 17:53:50 --> Security Class Initialized
DEBUG - 2020-05-14 17:53:50 --> Global POST, GET and COOKIE data sanitized
INFO - 2020-05-14 17:53:50 --> CSRF cookie sent
INFO - 2020-05-14 17:53:50 --> CSRF token verified
INFO - 2020-05-14 17:53:50 --> Input Class Initialized
INFO - 2020-05-14 17:53:50 --> Language Class Initialized
INFO - 2020-05-14 17:53:50 --> Loader Class Initialized
INFO - 2020-05-14 17:53:50 --> Helper loaded: url_helper
INFO - 2020-05-14 17:53:50 --> Helper loaded: file_helper
INFO - 2020-05-14 17:53:50 --> Helper loaded: text_helper
INFO - 2020-05-14 17:53:50 --> Helper loaded: string_helper
INFO - 2020-05-14 17:53:50 --> Database Driver Class Initialized
INFO - 2020-05-14 17:53:50 --> Email Class Initialized
DEBUG - 2020-05-14 17:53:50 --> Session: "sess_save_path" is empty; using "session.save_path" value from php.ini.
INFO - 2020-05-14 17:53:50 --> Session: Class initialized using 'files' driver.
INFO - 2020-05-14 17:53:50 --> Helper loaded: form_helper
INFO - 2020-05-14 17:53:50 --> Form Validation Class Initialized
INFO - 2020-05-14 17:53:50 --> Controller Class Initialized
INFO - 2020-05-14 17:53:50 --> Model "M_school" initialized
INFO - 2020-05-14 17:53:50 --> Model "M_industry" initialized
INFO - 2020-05-14 17:53:50 --> Final output sent to browser
DEBUG - 2020-05-14 17:53:50 --> Total execution time: 0.5360
INFO - 2020-05-14 17:57:33 --> Config Class Initialized
INFO - 2020-05-14 17:57:33 --> Hooks Class Initialized
DEBUG - 2020-05-14 17:57:33 --> UTF-8 Support Enabled
INFO - 2020-05-14 17:57:34 --> Utf8 Class Initialized
INFO - 2020-05-14 17:57:34 --> URI Class Initialized
INFO - 2020-05-14 17:57:34 --> Router Class Initialized
INFO - 2020-05-14 17:57:34 --> Output Class Initialized
INFO - 2020-05-14 17:57:34 --> Security Class Initialized
DEBUG - 2020-05-14 17:57:34 --> Global POST, GET and COOKIE data sanitized
INFO - 2020-05-14 17:57:34 --> CSRF cookie sent
INFO - 2020-05-14 17:57:34 --> Input Class Initialized
INFO - 2020-05-14 17:57:34 --> Language Class Initialized
INFO - 2020-05-14 17:57:34 --> Loader Class Initialized
INFO - 2020-05-14 17:57:34 --> Helper loaded: url_helper
INFO - 2020-05-14 17:57:34 --> Helper loaded: file_helper
INFO - 2020-05-14 17:57:34 --> Helper loaded: text_helper
INFO - 2020-05-14 17:57:34 --> Helper loaded: string_helper
INFO - 2020-05-14 17:57:34 --> Database Driver Class Initialized
INFO - 2020-05-14 17:57:34 --> Email Class Initialized
DEBUG - 2020-05-14 17:57:34 --> Session: "sess_save_path" is empty; using "session.save_path" value from php.ini.
INFO - 2020-05-14 17:57:34 --> Session: Class initialized using 'files' driver.
INFO - 2020-05-14 17:57:34 --> Helper loaded: form_helper
INFO - 2020-05-14 17:57:34 --> Form Validation Class Initialized
INFO - 2020-05-14 17:57:34 --> Controller Class Initialized
INFO - 2020-05-14 17:57:34 --> Model "M_school" initialized
INFO - 2020-05-14 17:57:34 --> Model "M_payments" initialized
DEBUG - 2020-05-14 17:57:34 --> Encryption: Auto-configured driver 'openssl'.
INFO - 2020-05-14 17:57:34 --> Encryption: OpenSSL initialized with method AES-128-CBC.
INFO - 2020-05-14 17:57:34 --> Encryption Class Initialized
INFO - 2020-05-14 17:57:34 --> File loaded: C:\xampp\htdocs\scholarship\admin\views\include/header.php
INFO - 2020-05-14 17:57:34 --> File loaded: C:\xampp\htdocs\scholarship\admin\views\include/menu.php
INFO - 2020-05-14 17:57:34 --> File loaded: C:\xampp\htdocs\scholarship\admin\views\include/footer.php
INFO - 2020-05-14 17:57:34 --> File loaded: C:\xampp\htdocs\scholarship\admin\views\include/msg.php
INFO - 2020-05-14 17:57:34 --> File loaded: C:\xampp\htdocs\scholarship\admin\views\industry/pend_payment.php
INFO - 2020-05-14 17:57:34 --> Final output sent to browser
DEBUG - 2020-05-14 17:57:34 --> Total execution time: 0.3952
INFO - 2020-05-14 17:58:08 --> Config Class Initialized
INFO - 2020-05-14 17:58:08 --> Hooks Class Initialized
DEBUG - 2020-05-14 17:58:08 --> UTF-8 Support Enabled
INFO - 2020-05-14 17:58:08 --> Utf8 Class Initialized
INFO - 2020-05-14 17:58:08 --> URI Class Initialized
INFO - 2020-05-14 17:58:08 --> Router Class Initialized
INFO - 2020-05-14 17:58:08 --> Output Class Initialized
INFO - 2020-05-14 17:58:08 --> Security Class Initialized
DEBUG - 2020-05-14 17:58:08 --> Global POST, GET and COOKIE data sanitized
INFO - 2020-05-14 17:58:08 --> CSRF cookie sent
INFO - 2020-05-14 17:58:08 --> Input Class Initialized
INFO - 2020-05-14 17:58:08 --> Language Class Initialized
INFO - 2020-05-14 17:58:08 --> Loader Class Initialized
INFO - 2020-05-14 17:58:08 --> Helper loaded: url_helper
INFO - 2020-05-14 17:58:08 --> Helper loaded: file_helper
INFO - 2020-05-14 17:58:08 --> Helper loaded: text_helper
INFO - 2020-05-14 17:58:08 --> Helper loaded: string_helper
INFO - 2020-05-14 17:58:08 --> Database Driver Class Initialized
INFO - 2020-05-14 17:58:08 --> Email Class Initialized
DEBUG - 2020-05-14 17:58:08 --> Session: "sess_save_path" is empty; using "session.save_path" value from php.ini.
INFO - 2020-05-14 17:58:08 --> Session: Class initialized using 'files' driver.
INFO - 2020-05-14 17:58:08 --> Helper loaded: form_helper
INFO - 2020-05-14 17:58:08 --> Form Validation Class Initialized
INFO - 2020-05-14 17:58:08 --> Controller Class Initialized
INFO - 2020-05-14 17:58:08 --> Model "M_school" initialized
INFO - 2020-05-14 17:58:08 --> Model "M_payments" initialized
DEBUG - 2020-05-14 17:58:08 --> Encryption: Auto-configured driver 'openssl'.
INFO - 2020-05-14 17:58:08 --> Encryption: OpenSSL initialized with method AES-128-CBC.
INFO - 2020-05-14 17:58:08 --> Encryption Class Initialized
INFO - 2020-05-14 17:58:08 --> File loaded: C:\xampp\htdocs\scholarship\admin\views\include/header.php
INFO - 2020-05-14 17:58:08 --> File loaded: C:\xampp\htdocs\scholarship\admin\views\include/menu.php
INFO - 2020-05-14 17:58:08 --> File loaded: C:\xampp\htdocs\scholarship\admin\views\include/footer.php
INFO - 2020-05-14 17:58:08 --> File loaded: C:\xampp\htdocs\scholarship\admin\views\include/msg.php
INFO - 2020-05-14 17:58:08 --> File loaded: C:\xampp\htdocs\scholarship\admin\views\industry/pend_payment.php
INFO - 2020-05-14 17:58:08 --> Final output sent to browser
DEBUG - 2020-05-14 17:58:08 --> Total execution time: 0.3846
INFO - 2020-05-14 17:58:14 --> Config Class Initialized
INFO - 2020-05-14 17:58:14 --> Hooks Class Initialized
DEBUG - 2020-05-14 17:58:14 --> UTF-8 Support Enabled
INFO - 2020-05-14 17:58:14 --> Utf8 Class Initialized
INFO - 2020-05-14 17:58:14 --> URI Class Initialized
INFO - 2020-05-14 17:58:14 --> Router Class Initialized
INFO - 2020-05-14 17:58:14 --> Output Class Initialized
INFO - 2020-05-14 17:58:14 --> Security Class Initialized
DEBUG - 2020-05-14 17:58:14 --> Global POST, GET and COOKIE data sanitized
INFO - 2020-05-14 17:58:14 --> CSRF cookie sent
INFO - 2020-05-14 17:58:14 --> Input Class Initialized
INFO - 2020-05-14 17:58:14 --> Language Class Initialized
INFO - 2020-05-14 17:58:14 --> Loader Class Initialized
INFO - 2020-05-14 17:58:14 --> Helper loaded: url_helper
INFO - 2020-05-14 17:58:14 --> Helper loaded: file_helper
INFO - 2020-05-14 17:58:14 --> Helper loaded: text_helper
INFO - 2020-05-14 17:58:14 --> Helper loaded: string_helper
INFO - 2020-05-14 17:58:14 --> Database Driver Class Initialized
INFO - 2020-05-14 17:58:14 --> Email Class Initialized
DEBUG - 2020-05-14 17:58:14 --> Session: "sess_save_path" is empty; using "session.save_path" value from php.ini.
INFO - 2020-05-14 17:58:14 --> Session: Class initialized using 'files' driver.
INFO - 2020-05-14 17:58:14 --> Helper loaded: form_helper
INFO - 2020-05-14 17:58:14 --> Form Validation Class Initialized
INFO - 2020-05-14 17:58:14 --> Controller Class Initialized
INFO - 2020-05-14 17:58:14 --> Model "M_school" initialized
INFO - 2020-05-14 17:58:14 --> Model "M_payments" initialized
DEBUG - 2020-05-14 17:58:14 --> Encryption: Auto-configured driver 'openssl'.
INFO - 2020-05-14 17:58:14 --> Encryption: OpenSSL initialized with method AES-128-CBC.
INFO - 2020-05-14 17:58:14 --> Encryption Class Initialized
INFO - 2020-05-14 17:58:14 --> File loaded: C:\xampp\htdocs\scholarship\admin\views\include/header.php
INFO - 2020-05-14 17:58:14 --> File loaded: C:\xampp\htdocs\scholarship\admin\views\include/menu.php
INFO - 2020-05-14 17:58:14 --> File loaded: C:\xampp\htdocs\scholarship\admin\views\include/footer.php
INFO - 2020-05-14 17:58:14 --> File loaded: C:\xampp\htdocs\scholarship\admin\views\include/msg.php
INFO - 2020-05-14 17:58:14 --> File loaded: C:\xampp\htdocs\scholarship\admin\views\industry/pend_payment.php
INFO - 2020-05-14 17:58:14 --> Final output sent to browser
DEBUG - 2020-05-14 17:58:14 --> Total execution time: 0.3440
INFO - 2020-05-14 17:58:39 --> Config Class Initialized
INFO - 2020-05-14 17:58:39 --> Hooks Class Initialized
DEBUG - 2020-05-14 17:58:39 --> UTF-8 Support Enabled
INFO - 2020-05-14 17:58:39 --> Utf8 Class Initialized
INFO - 2020-05-14 17:58:39 --> URI Class Initialized
INFO - 2020-05-14 17:58:40 --> Router Class Initialized
INFO - 2020-05-14 17:58:40 --> Output Class Initialized
INFO - 2020-05-14 17:58:40 --> Security Class Initialized
DEBUG - 2020-05-14 17:58:40 --> Global POST, GET and COOKIE data sanitized
INFO - 2020-05-14 17:58:40 --> CSRF cookie sent
INFO - 2020-05-14 17:58:40 --> Input Class Initialized
INFO - 2020-05-14 17:58:40 --> Language Class Initialized
INFO - 2020-05-14 17:58:40 --> Loader Class Initialized
INFO - 2020-05-14 17:58:40 --> Helper loaded: url_helper
INFO - 2020-05-14 17:58:40 --> Helper loaded: file_helper
INFO - 2020-05-14 17:58:40 --> Helper loaded: text_helper
INFO - 2020-05-14 17:58:40 --> Helper loaded: string_helper
INFO - 2020-05-14 17:58:40 --> Database Driver Class Initialized
INFO - 2020-05-14 17:58:40 --> Email Class Initialized
DEBUG - 2020-05-14 17:58:40 --> Session: "sess_save_path" is empty; using "session.save_path" value from php.ini.
INFO - 2020-05-14 17:58:40 --> Session: Class initialized using 'files' driver.
INFO - 2020-05-14 17:58:40 --> Helper loaded: form_helper
INFO - 2020-05-14 17:58:40 --> Form Validation Class Initialized
INFO - 2020-05-14 17:58:40 --> Controller Class Initialized
INFO - 2020-05-14 17:58:40 --> Model "M_school" initialized
INFO - 2020-05-14 17:58:40 --> Model "M_payments" initialized
DEBUG - 2020-05-14 17:58:40 --> Encryption: Auto-configured driver 'openssl'.
INFO - 2020-05-14 17:58:40 --> Encryption: OpenSSL initialized with method AES-128-CBC.
INFO - 2020-05-14 17:58:40 --> Encryption Class Initialized
INFO - 2020-05-14 17:58:40 --> File loaded: C:\xampp\htdocs\scholarship\admin\views\include/header.php
INFO - 2020-05-14 17:58:40 --> File loaded: C:\xampp\htdocs\scholarship\admin\views\include/menu.php
INFO - 2020-05-14 17:58:40 --> File loaded: C:\xampp\htdocs\scholarship\admin\views\include/footer.php
INFO - 2020-05-14 17:58:40 --> File loaded: C:\xampp\htdocs\scholarship\admin\views\include/msg.php
INFO - 2020-05-14 17:58:40 --> File loaded: C:\xampp\htdocs\scholarship\admin\views\industry/pend_payment.php
INFO - 2020-05-14 17:58:40 --> Final output sent to browser
DEBUG - 2020-05-14 17:58:40 --> Total execution time: 0.5768
INFO - 2020-05-14 17:59:00 --> Config Class Initialized
INFO - 2020-05-14 17:59:00 --> Hooks Class Initialized
DEBUG - 2020-05-14 17:59:00 --> UTF-8 Support Enabled
INFO - 2020-05-14 17:59:00 --> Utf8 Class Initialized
INFO - 2020-05-14 17:59:00 --> URI Class Initialized
INFO - 2020-05-14 17:59:00 --> Router Class Initialized
INFO - 2020-05-14 17:59:00 --> Output Class Initialized
INFO - 2020-05-14 17:59:00 --> Security Class Initialized
DEBUG - 2020-05-14 17:59:00 --> Global POST, GET and COOKIE data sanitized
INFO - 2020-05-14 17:59:00 --> CSRF cookie sent
INFO - 2020-05-14 17:59:00 --> Input Class Initialized
INFO - 2020-05-14 17:59:00 --> Language Class Initialized
INFO - 2020-05-14 17:59:00 --> Loader Class Initialized
INFO - 2020-05-14 17:59:00 --> Helper loaded: url_helper
INFO - 2020-05-14 17:59:00 --> Helper loaded: file_helper
INFO - 2020-05-14 17:59:00 --> Helper loaded: text_helper
INFO - 2020-05-14 17:59:00 --> Helper loaded: string_helper
INFO - 2020-05-14 17:59:00 --> Database Driver Class Initialized
INFO - 2020-05-14 17:59:00 --> Email Class Initialized
DEBUG - 2020-05-14 17:59:00 --> Session: "sess_save_path" is empty; using "session.save_path" value from php.ini.
INFO - 2020-05-14 17:59:00 --> Session: Class initialized using 'files' driver.
INFO - 2020-05-14 17:59:00 --> Helper loaded: form_helper
INFO - 2020-05-14 17:59:00 --> Form Validation Class Initialized
INFO - 2020-05-14 17:59:00 --> Controller Class Initialized
INFO - 2020-05-14 17:59:00 --> Model "M_school" initialized
INFO - 2020-05-14 17:59:00 --> Model "M_payments" initialized
DEBUG - 2020-05-14 17:59:00 --> Encryption: Auto-configured driver 'openssl'.
INFO - 2020-05-14 17:59:00 --> Encryption: OpenSSL initialized with method AES-128-CBC.
INFO - 2020-05-14 17:59:00 --> Encryption Class Initialized
INFO - 2020-05-14 17:59:00 --> File loaded: C:\xampp\htdocs\scholarship\admin\views\include/header.php
INFO - 2020-05-14 17:59:01 --> File loaded: C:\xampp\htdocs\scholarship\admin\views\include/menu.php
INFO - 2020-05-14 17:59:01 --> File loaded: C:\xampp\htdocs\scholarship\admin\views\include/footer.php
INFO - 2020-05-14 17:59:01 --> File loaded: C:\xampp\htdocs\scholarship\admin\views\include/msg.php
INFO - 2020-05-14 17:59:01 --> File loaded: C:\xampp\htdocs\scholarship\admin\views\industry/pend_payment.php
INFO - 2020-05-14 17:59:01 --> Final output sent to browser
DEBUG - 2020-05-14 17:59:01 --> Total execution time: 0.4212
INFO - 2020-05-14 17:59:35 --> Config Class Initialized
INFO - 2020-05-14 17:59:35 --> Hooks Class Initialized
DEBUG - 2020-05-14 17:59:36 --> UTF-8 Support Enabled
INFO - 2020-05-14 17:59:36 --> Utf8 Class Initialized
INFO - 2020-05-14 17:59:36 --> URI Class Initialized
INFO - 2020-05-14 17:59:36 --> Router Class Initialized
INFO - 2020-05-14 17:59:36 --> Output Class Initialized
INFO - 2020-05-14 17:59:36 --> Security Class Initialized
DEBUG - 2020-05-14 17:59:36 --> Global POST, GET and COOKIE data sanitized
INFO - 2020-05-14 17:59:36 --> CSRF cookie sent
INFO - 2020-05-14 17:59:36 --> Input Class Initialized
INFO - 2020-05-14 17:59:36 --> Language Class Initialized
INFO - 2020-05-14 17:59:36 --> Loader Class Initialized
INFO - 2020-05-14 17:59:36 --> Helper loaded: url_helper
INFO - 2020-05-14 17:59:36 --> Helper loaded: file_helper
INFO - 2020-05-14 17:59:36 --> Helper loaded: text_helper
INFO - 2020-05-14 17:59:36 --> Helper loaded: string_helper
INFO - 2020-05-14 17:59:36 --> Database Driver Class Initialized
INFO - 2020-05-14 17:59:36 --> Email Class Initialized
DEBUG - 2020-05-14 17:59:36 --> Session: "sess_save_path" is empty; using "session.save_path" value from php.ini.
INFO - 2020-05-14 17:59:36 --> Session: Class initialized using 'files' driver.
INFO - 2020-05-14 17:59:36 --> Helper loaded: form_helper
INFO - 2020-05-14 17:59:36 --> Form Validation Class Initialized
INFO - 2020-05-14 17:59:36 --> Controller Class Initialized
INFO - 2020-05-14 17:59:36 --> Model "M_school" initialized
INFO - 2020-05-14 17:59:36 --> Model "M_payments" initialized
DEBUG - 2020-05-14 17:59:36 --> Encryption: Auto-configured driver 'openssl'.
INFO - 2020-05-14 17:59:36 --> Encryption: OpenSSL initialized with method AES-128-CBC.
INFO - 2020-05-14 17:59:36 --> Encryption Class Initialized
INFO - 2020-05-14 17:59:36 --> File loaded: C:\xampp\htdocs\scholarship\admin\views\include/header.php
INFO - 2020-05-14 17:59:36 --> File loaded: C:\xampp\htdocs\scholarship\admin\views\include/menu.php
INFO - 2020-05-14 17:59:36 --> File loaded: C:\xampp\htdocs\scholarship\admin\views\include/footer.php
INFO - 2020-05-14 17:59:36 --> File loaded: C:\xampp\htdocs\scholarship\admin\views\include/msg.php
INFO - 2020-05-14 17:59:36 --> File loaded: C:\xampp\htdocs\scholarship\admin\views\industry/pend_payment.php
INFO - 2020-05-14 17:59:36 --> Final output sent to browser
DEBUG - 2020-05-14 17:59:36 --> Total execution time: 0.3792
INFO - 2020-05-14 18:00:48 --> Config Class Initialized
INFO - 2020-05-14 18:00:48 --> Hooks Class Initialized
DEBUG - 2020-05-14 18:00:48 --> UTF-8 Support Enabled
INFO - 2020-05-14 18:00:48 --> Utf8 Class Initialized
INFO - 2020-05-14 18:00:48 --> URI Class Initialized
INFO - 2020-05-14 18:00:48 --> Router Class Initialized
INFO - 2020-05-14 18:00:48 --> Output Class Initialized
INFO - 2020-05-14 18:00:48 --> Security Class Initialized
DEBUG - 2020-05-14 18:00:48 --> Global POST, GET and COOKIE data sanitized
INFO - 2020-05-14 18:00:48 --> CSRF cookie sent
INFO - 2020-05-14 18:00:48 --> Input Class Initialized
INFO - 2020-05-14 18:00:48 --> Language Class Initialized
INFO - 2020-05-14 18:00:48 --> Loader Class Initialized
INFO - 2020-05-14 18:00:48 --> Helper loaded: url_helper
INFO - 2020-05-14 18:00:48 --> Helper loaded: file_helper
INFO - 2020-05-14 18:00:48 --> Helper loaded: text_helper
INFO - 2020-05-14 18:00:48 --> Helper loaded: string_helper
INFO - 2020-05-14 18:00:48 --> Database Driver Class Initialized
INFO - 2020-05-14 18:00:48 --> Email Class Initialized
DEBUG - 2020-05-14 18:00:48 --> Session: "sess_save_path" is empty; using "session.save_path" value from php.ini.
INFO - 2020-05-14 18:00:48 --> Session: Class initialized using 'files' driver.
INFO - 2020-05-14 18:00:48 --> Helper loaded: form_helper
INFO - 2020-05-14 18:00:48 --> Form Validation Class Initialized
INFO - 2020-05-14 18:00:48 --> Controller Class Initialized
INFO - 2020-05-14 18:00:48 --> Model "M_auth" initialized
DEBUG - 2020-05-14 18:00:48 --> Sc_check class already loaded. Second attempt ignored.
INFO - 2020-05-14 18:00:48 --> Helper loaded: captcha_helper
INFO - 2020-05-14 18:00:48 --> Config Class Initialized
INFO - 2020-05-14 18:00:48 --> Hooks Class Initialized
DEBUG - 2020-05-14 18:00:49 --> UTF-8 Support Enabled
INFO - 2020-05-14 18:00:49 --> Utf8 Class Initialized
INFO - 2020-05-14 18:00:49 --> URI Class Initialized
DEBUG - 2020-05-14 18:00:49 --> No URI present. Default controller set.
INFO - 2020-05-14 18:00:49 --> Router Class Initialized
INFO - 2020-05-14 18:00:49 --> Output Class Initialized
INFO - 2020-05-14 18:00:49 --> Security Class Initialized
DEBUG - 2020-05-14 18:00:49 --> Global POST, GET and COOKIE data sanitized
INFO - 2020-05-14 18:00:49 --> CSRF cookie sent
INFO - 2020-05-14 18:00:49 --> Input Class Initialized
INFO - 2020-05-14 18:00:49 --> Language Class Initialized
INFO - 2020-05-14 18:00:49 --> Loader Class Initialized
INFO - 2020-05-14 18:00:49 --> Helper loaded: url_helper
INFO - 2020-05-14 18:00:49 --> Helper loaded: file_helper
INFO - 2020-05-14 18:00:49 --> Helper loaded: text_helper
INFO - 2020-05-14 18:00:49 --> Helper loaded: string_helper
INFO - 2020-05-14 18:00:49 --> Database Driver Class Initialized
INFO - 2020-05-14 18:00:49 --> Email Class Initialized
DEBUG - 2020-05-14 18:00:49 --> Session: "sess_save_path" is empty; using "session.save_path" value from php.ini.
INFO - 2020-05-14 18:00:49 --> Session: Class initialized using 'files' driver.
INFO - 2020-05-14 18:00:49 --> Helper loaded: form_helper
INFO - 2020-05-14 18:00:49 --> Form Validation Class Initialized
INFO - 2020-05-14 18:00:49 --> Controller Class Initialized
INFO - 2020-05-14 18:00:49 --> Model "M_auth" initialized
DEBUG - 2020-05-14 18:00:49 --> Sc_check class already loaded. Second attempt ignored.
INFO - 2020-05-14 18:00:49 --> Helper loaded: captcha_helper
INFO - 2020-05-14 18:00:49 --> File loaded: C:\xampp\htdocs\scholarship\admin\views\include/header.php
INFO - 2020-05-14 18:00:49 --> File loaded: C:\xampp\htdocs\scholarship\admin\views\include/footer.php
INFO - 2020-05-14 18:00:49 --> File loaded: C:\xampp\htdocs\scholarship\admin\views\include/msg.php
INFO - 2020-05-14 18:00:49 --> File loaded: C:\xampp\htdocs\scholarship\admin\views\auth/login.php
INFO - 2020-05-14 18:00:49 --> Final output sent to browser
DEBUG - 2020-05-14 18:00:49 --> Total execution time: 0.3157
INFO - 2020-05-14 18:06:36 --> Config Class Initialized
INFO - 2020-05-14 18:06:36 --> Hooks Class Initialized
DEBUG - 2020-05-14 18:06:36 --> UTF-8 Support Enabled
INFO - 2020-05-14 18:06:36 --> Utf8 Class Initialized
INFO - 2020-05-14 18:06:36 --> URI Class Initialized
DEBUG - 2020-05-14 18:06:36 --> No URI present. Default controller set.
INFO - 2020-05-14 18:06:36 --> Router Class Initialized
INFO - 2020-05-14 18:06:36 --> Output Class Initialized
INFO - 2020-05-14 18:06:36 --> Security Class Initialized
DEBUG - 2020-05-14 18:06:36 --> Global POST, GET and COOKIE data sanitized
INFO - 2020-05-14 18:06:36 --> CSRF cookie sent
INFO - 2020-05-14 18:06:36 --> Input Class Initialized
INFO - 2020-05-14 18:06:36 --> Language Class Initialized
INFO - 2020-05-14 18:06:36 --> Loader Class Initialized
INFO - 2020-05-14 18:06:36 --> Helper loaded: url_helper
INFO - 2020-05-14 18:06:37 --> Helper loaded: file_helper
INFO - 2020-05-14 18:06:37 --> Helper loaded: text_helper
INFO - 2020-05-14 18:06:37 --> Helper loaded: string_helper
INFO - 2020-05-14 18:06:37 --> Database Driver Class Initialized
INFO - 2020-05-14 18:06:37 --> Email Class Initialized
DEBUG - 2020-05-14 18:06:37 --> Session: "sess_save_path" is empty; using "session.save_path" value from php.ini.
INFO - 2020-05-14 18:06:37 --> Session: Class initialized using 'files' driver.
INFO - 2020-05-14 18:06:37 --> Helper loaded: form_helper
INFO - 2020-05-14 18:06:37 --> Form Validation Class Initialized
INFO - 2020-05-14 18:06:37 --> Controller Class Initialized
INFO - 2020-05-14 18:06:37 --> Model "M_auth" initialized
DEBUG - 2020-05-14 18:06:37 --> Sc_check class already loaded. Second attempt ignored.
INFO - 2020-05-14 18:06:37 --> Helper loaded: captcha_helper
INFO - 2020-05-14 18:06:37 --> File loaded: C:\xampp\htdocs\scholarship\admin\views\include/header.php
INFO - 2020-05-14 18:06:37 --> File loaded: C:\xampp\htdocs\scholarship\admin\views\include/footer.php
INFO - 2020-05-14 18:06:37 --> File loaded: C:\xampp\htdocs\scholarship\admin\views\include/msg.php
INFO - 2020-05-14 18:06:37 --> File loaded: C:\xampp\htdocs\scholarship\admin\views\auth/login.php
INFO - 2020-05-14 18:06:37 --> Final output sent to browser
DEBUG - 2020-05-14 18:06:37 --> Total execution time: 0.7434
INFO - 2020-05-14 18:06:52 --> Config Class Initialized
INFO - 2020-05-14 18:06:52 --> Hooks Class Initialized
DEBUG - 2020-05-14 18:06:52 --> UTF-8 Support Enabled
INFO - 2020-05-14 18:06:52 --> Utf8 Class Initialized
INFO - 2020-05-14 18:06:52 --> URI Class Initialized
INFO - 2020-05-14 18:06:52 --> Router Class Initialized
INFO - 2020-05-14 18:06:52 --> Output Class Initialized
INFO - 2020-05-14 18:06:52 --> Security Class Initialized
DEBUG - 2020-05-14 18:06:52 --> Global POST, GET and COOKIE data sanitized
INFO - 2020-05-14 18:06:52 --> CSRF cookie sent
INFO - 2020-05-14 18:06:52 --> CSRF token verified
INFO - 2020-05-14 18:06:52 --> Input Class Initialized
INFO - 2020-05-14 18:06:52 --> Language Class Initialized
INFO - 2020-05-14 18:06:52 --> Loader Class Initialized
INFO - 2020-05-14 18:06:52 --> Helper loaded: url_helper
INFO - 2020-05-14 18:06:53 --> Helper loaded: file_helper
INFO - 2020-05-14 18:06:53 --> Helper loaded: text_helper
INFO - 2020-05-14 18:06:53 --> Helper loaded: string_helper
INFO - 2020-05-14 18:06:53 --> Database Driver Class Initialized
INFO - 2020-05-14 18:06:53 --> Email Class Initialized
DEBUG - 2020-05-14 18:06:53 --> Session: "sess_save_path" is empty; using "session.save_path" value from php.ini.
INFO - 2020-05-14 18:06:53 --> Session: Class initialized using 'files' driver.
INFO - 2020-05-14 18:06:53 --> Helper loaded: form_helper
INFO - 2020-05-14 18:06:53 --> Form Validation Class Initialized
INFO - 2020-05-14 18:06:53 --> Controller Class Initialized
INFO - 2020-05-14 18:06:53 --> Model "M_auth" initialized
DEBUG - 2020-05-14 18:06:53 --> Sc_check class already loaded. Second attempt ignored.
INFO - 2020-05-14 18:06:53 --> Helper loaded: captcha_helper
DEBUG - 2020-05-14 18:06:53 --> Form_validation class already loaded. Second attempt ignored.
INFO - 2020-05-14 18:06:53 --> Language file loaded: language/english/form_validation_lang.php
INFO - 2020-05-14 18:06:53 --> ---------------------Success -- Admin Logged in with prathwi@5ine.in and IP aaddress ::1 --------------
INFO - 2020-05-14 18:06:53 --> Config Class Initialized
INFO - 2020-05-14 18:06:53 --> Hooks Class Initialized
DEBUG - 2020-05-14 18:06:53 --> UTF-8 Support Enabled
INFO - 2020-05-14 18:06:53 --> Utf8 Class Initialized
INFO - 2020-05-14 18:06:53 --> URI Class Initialized
INFO - 2020-05-14 18:06:53 --> Router Class Initialized
INFO - 2020-05-14 18:06:53 --> Output Class Initialized
INFO - 2020-05-14 18:06:54 --> Security Class Initialized
DEBUG - 2020-05-14 18:06:54 --> Global POST, GET and COOKIE data sanitized
INFO - 2020-05-14 18:06:54 --> CSRF cookie sent
INFO - 2020-05-14 18:06:54 --> Input Class Initialized
INFO - 2020-05-14 18:06:54 --> Language Class Initialized
INFO - 2020-05-14 18:06:54 --> Loader Class Initialized
INFO - 2020-05-14 18:06:54 --> Helper loaded: url_helper
INFO - 2020-05-14 18:06:54 --> Helper loaded: file_helper
INFO - 2020-05-14 18:06:54 --> Helper loaded: text_helper
INFO - 2020-05-14 18:06:54 --> Helper loaded: string_helper
INFO - 2020-05-14 18:06:54 --> Database Driver Class Initialized
INFO - 2020-05-14 18:06:54 --> Email Class Initialized
DEBUG - 2020-05-14 18:06:54 --> Session: "sess_save_path" is empty; using "session.save_path" value from php.ini.
INFO - 2020-05-14 18:06:54 --> Session: Class initialized using 'files' driver.
INFO - 2020-05-14 18:06:54 --> Helper loaded: form_helper
INFO - 2020-05-14 18:06:54 --> Form Validation Class Initialized
INFO - 2020-05-14 18:06:54 --> Controller Class Initialized
INFO - 2020-05-14 18:06:54 --> Model "M_dashboard" initialized
DEBUG - 2020-05-14 18:06:54 --> Sc_check class already loaded. Second attempt ignored.
INFO - 2020-05-14 18:06:54 --> File loaded: C:\xampp\htdocs\scholarship\admin\views\include/header.php
INFO - 2020-05-14 18:06:54 --> File loaded: C:\xampp\htdocs\scholarship\admin\views\include/menu.php
INFO - 2020-05-14 18:06:54 --> File loaded: C:\xampp\htdocs\scholarship\admin\views\include/footer.php
INFO - 2020-05-14 18:06:54 --> File loaded: C:\xampp\htdocs\scholarship\admin\views\include/msg.php
INFO - 2020-05-14 18:06:54 --> File loaded: C:\xampp\htdocs\scholarship\admin\views\dashboard/index.php
INFO - 2020-05-14 18:06:54 --> Final output sent to browser
DEBUG - 2020-05-14 18:06:54 --> Total execution time: 0.5625
INFO - 2020-05-14 18:06:54 --> Config Class Initialized
INFO - 2020-05-14 18:06:54 --> Hooks Class Initialized
DEBUG - 2020-05-14 18:06:54 --> UTF-8 Support Enabled
INFO - 2020-05-14 18:06:54 --> Utf8 Class Initialized
INFO - 2020-05-14 18:06:54 --> URI Class Initialized
INFO - 2020-05-14 18:06:54 --> Router Class Initialized
INFO - 2020-05-14 18:06:54 --> Output Class Initialized
INFO - 2020-05-14 18:06:54 --> Security Class Initialized
DEBUG - 2020-05-14 18:06:55 --> Global POST, GET and COOKIE data sanitized
INFO - 2020-05-14 18:06:55 --> CSRF cookie sent
INFO - 2020-05-14 18:06:55 --> Input Class Initialized
INFO - 2020-05-14 18:06:55 --> Language Class Initialized
INFO - 2020-05-14 18:06:55 --> Loader Class Initialized
INFO - 2020-05-14 18:06:55 --> Helper loaded: url_helper
INFO - 2020-05-14 18:06:55 --> Helper loaded: file_helper
INFO - 2020-05-14 18:06:55 --> Helper loaded: text_helper
INFO - 2020-05-14 18:06:55 --> Helper loaded: string_helper
INFO - 2020-05-14 18:06:55 --> Database Driver Class Initialized
INFO - 2020-05-14 18:06:55 --> Email Class Initialized
DEBUG - 2020-05-14 18:06:55 --> Session: "sess_save_path" is empty; using "session.save_path" value from php.ini.
INFO - 2020-05-14 18:06:55 --> Session: Class initialized using 'files' driver.
INFO - 2020-05-14 18:06:55 --> Helper loaded: form_helper
INFO - 2020-05-14 18:06:55 --> Form Validation Class Initialized
INFO - 2020-05-14 18:06:55 --> Controller Class Initialized
INFO - 2020-05-14 18:06:55 --> Model "M_dashboard" initialized
DEBUG - 2020-05-14 18:06:55 --> Sc_check class already loaded. Second attempt ignored.
INFO - 2020-05-14 18:06:55 --> Final output sent to browser
DEBUG - 2020-05-14 18:06:55 --> Total execution time: 0.4476
INFO - 2020-05-14 18:06:57 --> Config Class Initialized
INFO - 2020-05-14 18:06:57 --> Hooks Class Initialized
DEBUG - 2020-05-14 18:06:57 --> UTF-8 Support Enabled
INFO - 2020-05-14 18:06:57 --> Utf8 Class Initialized
INFO - 2020-05-14 18:06:57 --> URI Class Initialized
INFO - 2020-05-14 18:06:57 --> Router Class Initialized
INFO - 2020-05-14 18:06:57 --> Output Class Initialized
INFO - 2020-05-14 18:06:57 --> Security Class Initialized
DEBUG - 2020-05-14 18:06:57 --> Global POST, GET and COOKIE data sanitized
INFO - 2020-05-14 18:06:57 --> CSRF cookie sent
INFO - 2020-05-14 18:06:57 --> Input Class Initialized
INFO - 2020-05-14 18:06:57 --> Language Class Initialized
INFO - 2020-05-14 18:06:58 --> Loader Class Initialized
INFO - 2020-05-14 18:06:58 --> Helper loaded: url_helper
INFO - 2020-05-14 18:06:58 --> Helper loaded: file_helper
INFO - 2020-05-14 18:06:58 --> Helper loaded: text_helper
INFO - 2020-05-14 18:06:58 --> Helper loaded: string_helper
INFO - 2020-05-14 18:06:58 --> Database Driver Class Initialized
INFO - 2020-05-14 18:06:58 --> Email Class Initialized
DEBUG - 2020-05-14 18:06:58 --> Session: "sess_save_path" is empty; using "session.save_path" value from php.ini.
INFO - 2020-05-14 18:06:58 --> Session: Class initialized using 'files' driver.
INFO - 2020-05-14 18:06:58 --> Helper loaded: form_helper
INFO - 2020-05-14 18:06:58 --> Form Validation Class Initialized
INFO - 2020-05-14 18:06:58 --> Controller Class Initialized
INFO - 2020-05-14 18:06:58 --> Model "M_school" initialized
INFO - 2020-05-14 18:06:58 --> Model "M_payments" initialized
DEBUG - 2020-05-14 18:06:58 --> Encryption: Auto-configured driver 'openssl'.
INFO - 2020-05-14 18:06:58 --> Encryption: OpenSSL initialized with method AES-128-CBC.
INFO - 2020-05-14 18:06:58 --> Encryption Class Initialized
INFO - 2020-05-14 18:06:58 --> File loaded: C:\xampp\htdocs\scholarship\admin\views\include/header.php
INFO - 2020-05-14 18:06:58 --> File loaded: C:\xampp\htdocs\scholarship\admin\views\include/menu.php
INFO - 2020-05-14 18:06:58 --> File loaded: C:\xampp\htdocs\scholarship\admin\views\include/footer.php
INFO - 2020-05-14 18:06:58 --> File loaded: C:\xampp\htdocs\scholarship\admin\views\include/msg.php
INFO - 2020-05-14 18:06:58 --> File loaded: C:\xampp\htdocs\scholarship\admin\views\industry/pend_payment.php
INFO - 2020-05-14 18:06:58 --> Final output sent to browser
DEBUG - 2020-05-14 18:06:58 --> Total execution time: 0.6631
INFO - 2020-05-14 18:07:18 --> Config Class Initialized
INFO - 2020-05-14 18:07:18 --> Hooks Class Initialized
DEBUG - 2020-05-14 18:07:18 --> UTF-8 Support Enabled
INFO - 2020-05-14 18:07:18 --> Utf8 Class Initialized
INFO - 2020-05-14 18:07:19 --> URI Class Initialized
INFO - 2020-05-14 18:07:19 --> Router Class Initialized
INFO - 2020-05-14 18:07:19 --> Output Class Initialized
INFO - 2020-05-14 18:07:19 --> Security Class Initialized
DEBUG - 2020-05-14 18:07:19 --> Global POST, GET and COOKIE data sanitized
INFO - 2020-05-14 18:07:19 --> CSRF cookie sent
INFO - 2020-05-14 18:07:19 --> Input Class Initialized
INFO - 2020-05-14 18:07:19 --> Language Class Initialized
INFO - 2020-05-14 18:07:19 --> Loader Class Initialized
INFO - 2020-05-14 18:07:19 --> Helper loaded: url_helper
INFO - 2020-05-14 18:07:19 --> Helper loaded: file_helper
INFO - 2020-05-14 18:07:19 --> Helper loaded: text_helper
INFO - 2020-05-14 18:07:19 --> Helper loaded: string_helper
INFO - 2020-05-14 18:07:19 --> Database Driver Class Initialized
INFO - 2020-05-14 18:07:19 --> Email Class Initialized
DEBUG - 2020-05-14 18:07:19 --> Session: "sess_save_path" is empty; using "session.save_path" value from php.ini.
INFO - 2020-05-14 18:07:19 --> Session: Class initialized using 'files' driver.
INFO - 2020-05-14 18:07:19 --> Helper loaded: form_helper
INFO - 2020-05-14 18:07:19 --> Form Validation Class Initialized
INFO - 2020-05-14 18:07:19 --> Controller Class Initialized
INFO - 2020-05-14 18:07:19 --> Model "M_school" initialized
INFO - 2020-05-14 18:07:19 --> Model "M_payments" initialized
DEBUG - 2020-05-14 18:07:19 --> Encryption: Auto-configured driver 'openssl'.
INFO - 2020-05-14 18:07:19 --> Encryption: OpenSSL initialized with method AES-128-CBC.
INFO - 2020-05-14 18:07:19 --> Encryption Class Initialized
INFO - 2020-05-14 18:07:19 --> File loaded: C:\xampp\htdocs\scholarship\admin\views\include/header.php
INFO - 2020-05-14 18:07:19 --> File loaded: C:\xampp\htdocs\scholarship\admin\views\include/menu.php
INFO - 2020-05-14 18:07:19 --> File loaded: C:\xampp\htdocs\scholarship\admin\views\include/footer.php
INFO - 2020-05-14 18:07:19 --> File loaded: C:\xampp\htdocs\scholarship\admin\views\include/msg.php
INFO - 2020-05-14 18:07:19 --> File loaded: C:\xampp\htdocs\scholarship\admin\views\industry/pend_payment.php
INFO - 2020-05-14 18:07:19 --> Final output sent to browser
DEBUG - 2020-05-14 18:07:19 --> Total execution time: 0.7224
INFO - 2020-05-14 18:07:32 --> Config Class Initialized
INFO - 2020-05-14 18:07:32 --> Hooks Class Initialized
DEBUG - 2020-05-14 18:07:32 --> UTF-8 Support Enabled
INFO - 2020-05-14 18:07:32 --> Utf8 Class Initialized
INFO - 2020-05-14 18:07:32 --> URI Class Initialized
INFO - 2020-05-14 18:07:32 --> Router Class Initialized
INFO - 2020-05-14 18:07:32 --> Output Class Initialized
INFO - 2020-05-14 18:07:32 --> Security Class Initialized
DEBUG - 2020-05-14 18:07:32 --> Global POST, GET and COOKIE data sanitized
INFO - 2020-05-14 18:07:32 --> CSRF cookie sent
INFO - 2020-05-14 18:07:32 --> Input Class Initialized
INFO - 2020-05-14 18:07:32 --> Language Class Initialized
INFO - 2020-05-14 18:07:32 --> Loader Class Initialized
INFO - 2020-05-14 18:07:32 --> Helper loaded: url_helper
INFO - 2020-05-14 18:07:32 --> Helper loaded: file_helper
INFO - 2020-05-14 18:07:32 --> Helper loaded: text_helper
INFO - 2020-05-14 18:07:32 --> Helper loaded: string_helper
INFO - 2020-05-14 18:07:32 --> Database Driver Class Initialized
INFO - 2020-05-14 18:07:32 --> Email Class Initialized
DEBUG - 2020-05-14 18:07:32 --> Session: "sess_save_path" is empty; using "session.save_path" value from php.ini.
INFO - 2020-05-14 18:07:32 --> Session: Class initialized using 'files' driver.
INFO - 2020-05-14 18:07:32 --> Helper loaded: form_helper
INFO - 2020-05-14 18:07:32 --> Form Validation Class Initialized
INFO - 2020-05-14 18:07:32 --> Controller Class Initialized
INFO - 2020-05-14 18:07:32 --> Model "M_school" initialized
INFO - 2020-05-14 18:07:32 --> Model "M_payments" initialized
DEBUG - 2020-05-14 18:07:32 --> Encryption: Auto-configured driver 'openssl'.
INFO - 2020-05-14 18:07:32 --> Encryption: OpenSSL initialized with method AES-128-CBC.
INFO - 2020-05-14 18:07:32 --> Encryption Class Initialized
INFO - 2020-05-14 18:07:32 --> File loaded: C:\xampp\htdocs\scholarship\admin\views\include/header.php
INFO - 2020-05-14 18:07:32 --> File loaded: C:\xampp\htdocs\scholarship\admin\views\include/menu.php
INFO - 2020-05-14 18:07:32 --> File loaded: C:\xampp\htdocs\scholarship\admin\views\include/footer.php
INFO - 2020-05-14 18:07:32 --> File loaded: C:\xampp\htdocs\scholarship\admin\views\include/msg.php
INFO - 2020-05-14 18:07:32 --> File loaded: C:\xampp\htdocs\scholarship\admin\views\industry/pend_payment.php
INFO - 2020-05-14 18:07:32 --> Final output sent to browser
DEBUG - 2020-05-14 18:07:32 --> Total execution time: 0.6578
