INFO - 2020-06-06 13:24:01 --> Config Class Initialized
INFO - 2020-06-06 13:24:01 --> Hooks Class Initialized
DEBUG - 2020-06-06 13:24:01 --> UTF-8 Support Enabled
INFO - 2020-06-06 13:24:01 --> Utf8 Class Initialized
INFO - 2020-06-06 13:24:01 --> URI Class Initialized
DEBUG - 2020-06-06 13:24:01 --> No URI present. Default controller set.
INFO - 2020-06-06 13:24:01 --> Router Class Initialized
INFO - 2020-06-06 13:24:01 --> Output Class Initialized
INFO - 2020-06-06 13:24:01 --> Security Class Initialized
DEBUG - 2020-06-06 13:24:01 --> Global POST, GET and COOKIE data sanitized
INFO - 2020-06-06 13:24:01 --> CSRF cookie sent
INFO - 2020-06-06 13:24:01 --> Input Class Initialized
INFO - 2020-06-06 13:24:01 --> Language Class Initialized
INFO - 2020-06-06 13:24:01 --> Loader Class Initialized
INFO - 2020-06-06 13:24:01 --> Helper loaded: url_helper
INFO - 2020-06-06 13:24:01 --> Helper loaded: file_helper
INFO - 2020-06-06 13:24:01 --> Helper loaded: text_helper
INFO - 2020-06-06 13:24:01 --> Helper loaded: string_helper
INFO - 2020-06-06 13:24:01 --> Database Driver Class Initialized
INFO - 2020-06-06 13:24:02 --> Email Class Initialized
DEBUG - 2020-06-06 13:24:02 --> Session: "sess_save_path" is empty; using "session.save_path" value from php.ini.
INFO - 2020-06-06 13:24:02 --> Session: Class initialized using 'files' driver.
INFO - 2020-06-06 13:24:02 --> Helper loaded: form_helper
INFO - 2020-06-06 13:24:02 --> Form Validation Class Initialized
INFO - 2020-06-06 13:24:02 --> Controller Class Initialized
INFO - 2020-06-06 13:24:02 --> Model "M_auth" initialized
DEBUG - 2020-06-06 13:24:02 --> Sc_check class already loaded. Second attempt ignored.
INFO - 2020-06-06 13:24:02 --> Helper loaded: captcha_helper
INFO - 2020-06-06 13:24:02 --> File loaded: C:\xampp\htdocs\scholarship\admin\views\include/header.php
INFO - 2020-06-06 13:24:02 --> File loaded: C:\xampp\htdocs\scholarship\admin\views\include/footer.php
INFO - 2020-06-06 13:24:02 --> File loaded: C:\xampp\htdocs\scholarship\admin\views\include/msg.php
INFO - 2020-06-06 13:24:02 --> File loaded: C:\xampp\htdocs\scholarship\admin\views\auth/login.php
INFO - 2020-06-06 13:24:02 --> Final output sent to browser
DEBUG - 2020-06-06 13:24:02 --> Total execution time: 1.0220
INFO - 2020-06-06 13:24:20 --> Config Class Initialized
INFO - 2020-06-06 13:24:20 --> Hooks Class Initialized
DEBUG - 2020-06-06 13:24:20 --> UTF-8 Support Enabled
INFO - 2020-06-06 13:24:20 --> Utf8 Class Initialized
INFO - 2020-06-06 13:24:20 --> URI Class Initialized
INFO - 2020-06-06 13:24:20 --> Router Class Initialized
INFO - 2020-06-06 13:24:20 --> Output Class Initialized
INFO - 2020-06-06 13:24:20 --> Security Class Initialized
DEBUG - 2020-06-06 13:24:20 --> Global POST, GET and COOKIE data sanitized
INFO - 2020-06-06 13:24:20 --> CSRF cookie sent
INFO - 2020-06-06 13:24:20 --> CSRF token verified
INFO - 2020-06-06 13:24:20 --> Input Class Initialized
INFO - 2020-06-06 13:24:20 --> Language Class Initialized
INFO - 2020-06-06 13:24:20 --> Loader Class Initialized
INFO - 2020-06-06 13:24:20 --> Helper loaded: url_helper
INFO - 2020-06-06 13:24:20 --> Helper loaded: file_helper
INFO - 2020-06-06 13:24:20 --> Helper loaded: text_helper
INFO - 2020-06-06 13:24:20 --> Helper loaded: string_helper
INFO - 2020-06-06 13:24:21 --> Database Driver Class Initialized
INFO - 2020-06-06 13:24:21 --> Email Class Initialized
DEBUG - 2020-06-06 13:24:21 --> Session: "sess_save_path" is empty; using "session.save_path" value from php.ini.
INFO - 2020-06-06 13:24:21 --> Session: Class initialized using 'files' driver.
INFO - 2020-06-06 13:24:21 --> Helper loaded: form_helper
INFO - 2020-06-06 13:24:21 --> Form Validation Class Initialized
INFO - 2020-06-06 13:24:21 --> Controller Class Initialized
INFO - 2020-06-06 13:24:21 --> Model "M_auth" initialized
DEBUG - 2020-06-06 13:24:21 --> Sc_check class already loaded. Second attempt ignored.
INFO - 2020-06-06 13:24:21 --> Helper loaded: captcha_helper
DEBUG - 2020-06-06 13:24:21 --> Form_validation class already loaded. Second attempt ignored.
INFO - 2020-06-06 13:24:21 --> Language file loaded: language/english/form_validation_lang.php
INFO - 2020-06-06 13:24:21 --> ---------------------Success -- Admin Logged in with prathwi@5ine.in and IP aaddress ::1 --------------
INFO - 2020-06-06 13:24:21 --> Config Class Initialized
INFO - 2020-06-06 13:24:21 --> Hooks Class Initialized
DEBUG - 2020-06-06 13:24:21 --> UTF-8 Support Enabled
INFO - 2020-06-06 13:24:21 --> Utf8 Class Initialized
INFO - 2020-06-06 13:24:21 --> URI Class Initialized
INFO - 2020-06-06 13:24:21 --> Router Class Initialized
INFO - 2020-06-06 13:24:21 --> Output Class Initialized
INFO - 2020-06-06 13:24:21 --> Security Class Initialized
DEBUG - 2020-06-06 13:24:21 --> Global POST, GET and COOKIE data sanitized
INFO - 2020-06-06 13:24:21 --> CSRF cookie sent
INFO - 2020-06-06 13:24:21 --> Input Class Initialized
INFO - 2020-06-06 13:24:21 --> Language Class Initialized
INFO - 2020-06-06 13:24:21 --> Loader Class Initialized
INFO - 2020-06-06 13:24:21 --> Helper loaded: url_helper
INFO - 2020-06-06 13:24:21 --> Helper loaded: file_helper
INFO - 2020-06-06 13:24:21 --> Helper loaded: text_helper
INFO - 2020-06-06 13:24:21 --> Helper loaded: string_helper
INFO - 2020-06-06 13:24:21 --> Database Driver Class Initialized
INFO - 2020-06-06 13:24:21 --> Email Class Initialized
DEBUG - 2020-06-06 13:24:21 --> Session: "sess_save_path" is empty; using "session.save_path" value from php.ini.
INFO - 2020-06-06 13:24:21 --> Session: Class initialized using 'files' driver.
INFO - 2020-06-06 13:24:21 --> Helper loaded: form_helper
INFO - 2020-06-06 13:24:21 --> Form Validation Class Initialized
INFO - 2020-06-06 13:24:21 --> Controller Class Initialized
INFO - 2020-06-06 13:24:21 --> Model "M_dashboard" initialized
DEBUG - 2020-06-06 13:24:21 --> Sc_check class already loaded. Second attempt ignored.
INFO - 2020-06-06 13:24:21 --> File loaded: C:\xampp\htdocs\scholarship\admin\views\include/header.php
INFO - 2020-06-06 13:24:22 --> File loaded: C:\xampp\htdocs\scholarship\admin\views\include/menu.php
INFO - 2020-06-06 13:24:22 --> File loaded: C:\xampp\htdocs\scholarship\admin\views\include/footer.php
INFO - 2020-06-06 13:24:22 --> File loaded: C:\xampp\htdocs\scholarship\admin\views\include/msg.php
INFO - 2020-06-06 13:24:22 --> File loaded: C:\xampp\htdocs\scholarship\admin\views\dashboard/index.php
INFO - 2020-06-06 13:24:22 --> Final output sent to browser
DEBUG - 2020-06-06 13:24:22 --> Total execution time: 0.7940
INFO - 2020-06-06 13:24:22 --> Config Class Initialized
INFO - 2020-06-06 13:24:22 --> Hooks Class Initialized
DEBUG - 2020-06-06 13:24:22 --> UTF-8 Support Enabled
INFO - 2020-06-06 13:24:22 --> Utf8 Class Initialized
INFO - 2020-06-06 13:24:22 --> URI Class Initialized
INFO - 2020-06-06 13:24:22 --> Router Class Initialized
INFO - 2020-06-06 13:24:22 --> Output Class Initialized
INFO - 2020-06-06 13:24:22 --> Security Class Initialized
DEBUG - 2020-06-06 13:24:22 --> Global POST, GET and COOKIE data sanitized
INFO - 2020-06-06 13:24:22 --> CSRF cookie sent
INFO - 2020-06-06 13:24:22 --> Input Class Initialized
INFO - 2020-06-06 13:24:22 --> Language Class Initialized
INFO - 2020-06-06 13:24:22 --> Loader Class Initialized
INFO - 2020-06-06 13:24:22 --> Helper loaded: url_helper
INFO - 2020-06-06 13:24:22 --> Helper loaded: file_helper
INFO - 2020-06-06 13:24:22 --> Helper loaded: text_helper
INFO - 2020-06-06 13:24:22 --> Helper loaded: string_helper
INFO - 2020-06-06 13:24:22 --> Database Driver Class Initialized
INFO - 2020-06-06 13:24:22 --> Email Class Initialized
DEBUG - 2020-06-06 13:24:22 --> Session: "sess_save_path" is empty; using "session.save_path" value from php.ini.
INFO - 2020-06-06 13:24:22 --> Session: Class initialized using 'files' driver.
INFO - 2020-06-06 13:24:22 --> Helper loaded: form_helper
INFO - 2020-06-06 13:24:22 --> Form Validation Class Initialized
INFO - 2020-06-06 13:24:22 --> Controller Class Initialized
INFO - 2020-06-06 13:24:22 --> Model "M_dashboard" initialized
DEBUG - 2020-06-06 13:24:22 --> Sc_check class already loaded. Second attempt ignored.
INFO - 2020-06-06 13:24:22 --> Final output sent to browser
DEBUG - 2020-06-06 13:24:22 --> Total execution time: 0.2757
INFO - 2020-06-06 13:24:28 --> Config Class Initialized
INFO - 2020-06-06 13:24:28 --> Hooks Class Initialized
DEBUG - 2020-06-06 13:24:28 --> UTF-8 Support Enabled
INFO - 2020-06-06 13:24:28 --> Utf8 Class Initialized
INFO - 2020-06-06 13:24:28 --> URI Class Initialized
INFO - 2020-06-06 13:24:28 --> Router Class Initialized
INFO - 2020-06-06 13:24:28 --> Output Class Initialized
INFO - 2020-06-06 13:24:28 --> Security Class Initialized
DEBUG - 2020-06-06 13:24:28 --> Global POST, GET and COOKIE data sanitized
INFO - 2020-06-06 13:24:28 --> CSRF cookie sent
INFO - 2020-06-06 13:24:28 --> Input Class Initialized
INFO - 2020-06-06 13:24:28 --> Language Class Initialized
INFO - 2020-06-06 13:24:28 --> Loader Class Initialized
INFO - 2020-06-06 13:24:28 --> Helper loaded: url_helper
INFO - 2020-06-06 13:24:28 --> Helper loaded: file_helper
INFO - 2020-06-06 13:24:28 --> Helper loaded: text_helper
INFO - 2020-06-06 13:24:28 --> Helper loaded: string_helper
INFO - 2020-06-06 13:24:28 --> Database Driver Class Initialized
INFO - 2020-06-06 13:24:28 --> Email Class Initialized
DEBUG - 2020-06-06 13:24:28 --> Session: "sess_save_path" is empty; using "session.save_path" value from php.ini.
INFO - 2020-06-06 13:24:28 --> Session: Class initialized using 'files' driver.
INFO - 2020-06-06 13:24:28 --> Helper loaded: form_helper
INFO - 2020-06-06 13:24:29 --> Form Validation Class Initialized
INFO - 2020-06-06 13:24:29 --> Controller Class Initialized
INFO - 2020-06-06 13:24:29 --> Model "M_school" initialized
INFO - 2020-06-06 13:24:29 --> Model "M_payments" initialized
DEBUG - 2020-06-06 13:24:29 --> Encryption: Auto-configured driver 'openssl'.
INFO - 2020-06-06 13:24:29 --> Encryption: OpenSSL initialized with method AES-128-CBC.
INFO - 2020-06-06 13:24:29 --> Encryption Class Initialized
INFO - 2020-06-06 13:24:29 --> File loaded: C:\xampp\htdocs\scholarship\admin\views\include/header.php
INFO - 2020-06-06 13:24:29 --> File loaded: C:\xampp\htdocs\scholarship\admin\views\include/menu.php
INFO - 2020-06-06 13:24:29 --> File loaded: C:\xampp\htdocs\scholarship\admin\views\include/footer.php
INFO - 2020-06-06 13:24:29 --> File loaded: C:\xampp\htdocs\scholarship\admin\views\include/msg.php
INFO - 2020-06-06 13:24:29 --> File loaded: C:\xampp\htdocs\scholarship\admin\views\industry/payment.php
INFO - 2020-06-06 13:24:29 --> Final output sent to browser
DEBUG - 2020-06-06 13:24:29 --> Total execution time: 0.5030
INFO - 2020-06-06 13:24:36 --> Config Class Initialized
INFO - 2020-06-06 13:24:36 --> Hooks Class Initialized
DEBUG - 2020-06-06 13:24:36 --> UTF-8 Support Enabled
INFO - 2020-06-06 13:24:36 --> Utf8 Class Initialized
INFO - 2020-06-06 13:24:36 --> URI Class Initialized
INFO - 2020-06-06 13:24:36 --> Router Class Initialized
INFO - 2020-06-06 13:24:36 --> Output Class Initialized
INFO - 2020-06-06 13:24:36 --> Security Class Initialized
DEBUG - 2020-06-06 13:24:36 --> Global POST, GET and COOKIE data sanitized
INFO - 2020-06-06 13:24:36 --> CSRF cookie sent
INFO - 2020-06-06 13:24:36 --> Input Class Initialized
INFO - 2020-06-06 13:24:37 --> Language Class Initialized
INFO - 2020-06-06 13:24:37 --> Loader Class Initialized
INFO - 2020-06-06 13:24:37 --> Helper loaded: url_helper
INFO - 2020-06-06 13:24:37 --> Helper loaded: file_helper
INFO - 2020-06-06 13:24:37 --> Helper loaded: text_helper
INFO - 2020-06-06 13:24:37 --> Helper loaded: string_helper
INFO - 2020-06-06 13:24:37 --> Database Driver Class Initialized
INFO - 2020-06-06 13:24:37 --> Email Class Initialized
DEBUG - 2020-06-06 13:24:37 --> Session: "sess_save_path" is empty; using "session.save_path" value from php.ini.
INFO - 2020-06-06 13:24:37 --> Session: Class initialized using 'files' driver.
INFO - 2020-06-06 13:24:37 --> Helper loaded: form_helper
INFO - 2020-06-06 13:24:37 --> Form Validation Class Initialized
INFO - 2020-06-06 13:24:37 --> Controller Class Initialized
INFO - 2020-06-06 13:24:37 --> Model "M_school" initialized
INFO - 2020-06-06 13:24:37 --> Model "M_payments" initialized
DEBUG - 2020-06-06 13:24:38 --> Encryption_url class already loaded. Second attempt ignored.
INFO - 2020-06-06 13:24:38 --> File loaded: C:\xampp\htdocs\scholarship\admin\views\include/header.php
INFO - 2020-06-06 13:24:38 --> File loaded: C:\xampp\htdocs\scholarship\admin\views\include/footer.php
INFO - 2020-06-06 13:24:38 --> File loaded: C:\xampp\htdocs\scholarship\admin\views\industry/reciept_download.php
INFO - 2020-06-06 13:26:41 --> Config Class Initialized
INFO - 2020-06-06 13:26:41 --> Hooks Class Initialized
DEBUG - 2020-06-06 13:26:41 --> UTF-8 Support Enabled
INFO - 2020-06-06 13:26:41 --> Utf8 Class Initialized
INFO - 2020-06-06 13:26:41 --> URI Class Initialized
INFO - 2020-06-06 13:26:41 --> Router Class Initialized
INFO - 2020-06-06 13:26:41 --> Output Class Initialized
INFO - 2020-06-06 13:26:41 --> Security Class Initialized
DEBUG - 2020-06-06 13:26:41 --> Global POST, GET and COOKIE data sanitized
INFO - 2020-06-06 13:26:41 --> CSRF cookie sent
INFO - 2020-06-06 13:26:41 --> Input Class Initialized
INFO - 2020-06-06 13:26:41 --> Language Class Initialized
INFO - 2020-06-06 13:26:41 --> Loader Class Initialized
INFO - 2020-06-06 13:26:41 --> Helper loaded: url_helper
INFO - 2020-06-06 13:26:41 --> Helper loaded: file_helper
INFO - 2020-06-06 13:26:41 --> Helper loaded: text_helper
INFO - 2020-06-06 13:26:41 --> Helper loaded: string_helper
INFO - 2020-06-06 13:26:41 --> Database Driver Class Initialized
INFO - 2020-06-06 13:26:41 --> Email Class Initialized
DEBUG - 2020-06-06 13:26:41 --> Session: "sess_save_path" is empty; using "session.save_path" value from php.ini.
INFO - 2020-06-06 13:26:41 --> Session: Class initialized using 'files' driver.
INFO - 2020-06-06 13:26:41 --> Helper loaded: form_helper
INFO - 2020-06-06 13:26:41 --> Form Validation Class Initialized
INFO - 2020-06-06 13:26:41 --> Controller Class Initialized
INFO - 2020-06-06 13:26:41 --> Model "M_school" initialized
INFO - 2020-06-06 13:26:41 --> Model "M_payments" initialized
DEBUG - 2020-06-06 13:26:41 --> Encryption_url class already loaded. Second attempt ignored.
INFO - 2020-06-06 13:26:41 --> File loaded: C:\xampp\htdocs\scholarship\admin\views\industry/reciept_download.php
