INFO - 2020-09-01 07:55:15 --> Config Class Initialized
INFO - 2020-09-01 07:55:15 --> Hooks Class Initialized
DEBUG - 2020-09-01 07:55:15 --> UTF-8 Support Enabled
INFO - 2020-09-01 07:55:15 --> Utf8 Class Initialized
INFO - 2020-09-01 07:55:15 --> URI Class Initialized
DEBUG - 2020-09-01 07:55:15 --> No URI present. Default controller set.
INFO - 2020-09-01 07:55:15 --> Router Class Initialized
INFO - 2020-09-01 07:55:15 --> Output Class Initialized
INFO - 2020-09-01 07:55:15 --> Security Class Initialized
DEBUG - 2020-09-01 07:55:15 --> Global POST, GET and COOKIE data sanitized
INFO - 2020-09-01 07:55:15 --> CSRF cookie sent
INFO - 2020-09-01 07:55:15 --> Input Class Initialized
INFO - 2020-09-01 07:55:15 --> Language Class Initialized
INFO - 2020-09-01 07:55:15 --> Loader Class Initialized
INFO - 2020-09-01 07:55:15 --> Helper loaded: url_helper
INFO - 2020-09-01 07:55:15 --> Helper loaded: file_helper
INFO - 2020-09-01 07:55:15 --> Helper loaded: text_helper
INFO - 2020-09-01 07:55:15 --> Helper loaded: string_helper
INFO - 2020-09-01 07:55:15 --> Database Driver Class Initialized
INFO - 2020-09-01 07:55:15 --> Email Class Initialized
DEBUG - 2020-09-01 07:55:15 --> Session: "sess_save_path" is empty; using "session.save_path" value from php.ini.
INFO - 2020-09-01 07:55:15 --> Session: Class initialized using 'files' driver.
INFO - 2020-09-01 07:55:15 --> Helper loaded: form_helper
INFO - 2020-09-01 07:55:15 --> Form Validation Class Initialized
INFO - 2020-09-01 07:55:15 --> Controller Class Initialized
INFO - 2020-09-01 07:55:15 --> Model "M_auth" initialized
DEBUG - 2020-09-01 07:55:15 --> Sc_check class already loaded. Second attempt ignored.
INFO - 2020-09-01 07:55:15 --> Helper loaded: captcha_helper
INFO - 2020-09-01 07:55:15 --> File loaded: C:\xampp\htdocs\scholarship\admin\views\include/header.php
INFO - 2020-09-01 07:55:15 --> File loaded: C:\xampp\htdocs\scholarship\admin\views\include/footer.php
INFO - 2020-09-01 07:55:15 --> File loaded: C:\xampp\htdocs\scholarship\admin\views\include/msg.php
INFO - 2020-09-01 07:55:15 --> File loaded: C:\xampp\htdocs\scholarship\admin\views\auth/login.php
INFO - 2020-09-01 07:55:15 --> Final output sent to browser
DEBUG - 2020-09-01 07:55:15 --> Total execution time: 0.3070
INFO - 2020-09-01 07:55:30 --> Config Class Initialized
INFO - 2020-09-01 07:55:30 --> Hooks Class Initialized
DEBUG - 2020-09-01 07:55:30 --> UTF-8 Support Enabled
INFO - 2020-09-01 07:55:30 --> Utf8 Class Initialized
INFO - 2020-09-01 07:55:30 --> URI Class Initialized
INFO - 2020-09-01 07:55:30 --> Router Class Initialized
INFO - 2020-09-01 07:55:30 --> Output Class Initialized
INFO - 2020-09-01 07:55:30 --> Security Class Initialized
DEBUG - 2020-09-01 07:55:30 --> Global POST, GET and COOKIE data sanitized
INFO - 2020-09-01 07:55:30 --> CSRF cookie sent
INFO - 2020-09-01 07:55:30 --> CSRF token verified
INFO - 2020-09-01 07:55:30 --> Input Class Initialized
INFO - 2020-09-01 07:55:30 --> Language Class Initialized
INFO - 2020-09-01 07:55:30 --> Loader Class Initialized
INFO - 2020-09-01 07:55:30 --> Helper loaded: url_helper
INFO - 2020-09-01 07:55:30 --> Helper loaded: file_helper
INFO - 2020-09-01 07:55:30 --> Helper loaded: text_helper
INFO - 2020-09-01 07:55:30 --> Helper loaded: string_helper
INFO - 2020-09-01 07:55:30 --> Database Driver Class Initialized
INFO - 2020-09-01 07:55:30 --> Email Class Initialized
DEBUG - 2020-09-01 07:55:30 --> Session: "sess_save_path" is empty; using "session.save_path" value from php.ini.
INFO - 2020-09-01 07:55:30 --> Session: Class initialized using 'files' driver.
INFO - 2020-09-01 07:55:30 --> Helper loaded: form_helper
INFO - 2020-09-01 07:55:30 --> Form Validation Class Initialized
INFO - 2020-09-01 07:55:30 --> Controller Class Initialized
INFO - 2020-09-01 07:55:30 --> Model "M_auth" initialized
DEBUG - 2020-09-01 07:55:30 --> Sc_check class already loaded. Second attempt ignored.
INFO - 2020-09-01 07:55:30 --> Helper loaded: captcha_helper
DEBUG - 2020-09-01 07:55:30 --> Form_validation class already loaded. Second attempt ignored.
INFO - 2020-09-01 07:55:30 --> Language file loaded: language/english/form_validation_lang.php
INFO - 2020-09-01 07:55:30 --> ---------------------Success -- Admin Logged in with prathwi@5ine.in and IP aaddress ::1 --------------
INFO - 2020-09-01 07:55:30 --> Config Class Initialized
INFO - 2020-09-01 07:55:30 --> Hooks Class Initialized
DEBUG - 2020-09-01 07:55:30 --> UTF-8 Support Enabled
INFO - 2020-09-01 07:55:30 --> Utf8 Class Initialized
INFO - 2020-09-01 07:55:30 --> URI Class Initialized
INFO - 2020-09-01 07:55:31 --> Router Class Initialized
INFO - 2020-09-01 07:55:31 --> Output Class Initialized
INFO - 2020-09-01 07:55:31 --> Security Class Initialized
DEBUG - 2020-09-01 07:55:31 --> Global POST, GET and COOKIE data sanitized
INFO - 2020-09-01 07:55:31 --> CSRF cookie sent
INFO - 2020-09-01 07:55:31 --> Input Class Initialized
INFO - 2020-09-01 07:55:31 --> Language Class Initialized
INFO - 2020-09-01 07:55:31 --> Loader Class Initialized
INFO - 2020-09-01 07:55:31 --> Helper loaded: url_helper
INFO - 2020-09-01 07:55:31 --> Helper loaded: file_helper
INFO - 2020-09-01 07:55:31 --> Helper loaded: text_helper
INFO - 2020-09-01 07:55:31 --> Helper loaded: string_helper
INFO - 2020-09-01 07:55:31 --> Database Driver Class Initialized
INFO - 2020-09-01 07:55:31 --> Email Class Initialized
DEBUG - 2020-09-01 07:55:31 --> Session: "sess_save_path" is empty; using "session.save_path" value from php.ini.
INFO - 2020-09-01 07:55:31 --> Session: Class initialized using 'files' driver.
INFO - 2020-09-01 07:55:31 --> Helper loaded: form_helper
INFO - 2020-09-01 07:55:31 --> Form Validation Class Initialized
INFO - 2020-09-01 07:55:31 --> Controller Class Initialized
INFO - 2020-09-01 07:55:31 --> Model "M_dashboard" initialized
DEBUG - 2020-09-01 07:55:31 --> Sc_check class already loaded. Second attempt ignored.
INFO - 2020-09-01 07:55:31 --> File loaded: C:\xampp\htdocs\scholarship\admin\views\include/header.php
INFO - 2020-09-01 07:55:31 --> File loaded: C:\xampp\htdocs\scholarship\admin\views\include/menu.php
INFO - 2020-09-01 07:55:31 --> File loaded: C:\xampp\htdocs\scholarship\admin\views\include/footer.php
INFO - 2020-09-01 07:55:31 --> File loaded: C:\xampp\htdocs\scholarship\admin\views\include/msg.php
INFO - 2020-09-01 07:55:31 --> File loaded: C:\xampp\htdocs\scholarship\admin\views\dashboard/index.php
INFO - 2020-09-01 07:55:31 --> Final output sent to browser
DEBUG - 2020-09-01 07:55:31 --> Total execution time: 0.4185
INFO - 2020-09-01 07:55:31 --> Config Class Initialized
INFO - 2020-09-01 07:55:31 --> Hooks Class Initialized
DEBUG - 2020-09-01 07:55:31 --> UTF-8 Support Enabled
INFO - 2020-09-01 07:55:31 --> Utf8 Class Initialized
INFO - 2020-09-01 07:55:31 --> URI Class Initialized
INFO - 2020-09-01 07:55:31 --> Router Class Initialized
INFO - 2020-09-01 07:55:31 --> Output Class Initialized
INFO - 2020-09-01 07:55:31 --> Security Class Initialized
DEBUG - 2020-09-01 07:55:31 --> Global POST, GET and COOKIE data sanitized
INFO - 2020-09-01 07:55:31 --> CSRF cookie sent
INFO - 2020-09-01 07:55:31 --> Input Class Initialized
INFO - 2020-09-01 07:55:31 --> Language Class Initialized
INFO - 2020-09-01 07:55:31 --> Loader Class Initialized
INFO - 2020-09-01 07:55:31 --> Helper loaded: url_helper
INFO - 2020-09-01 07:55:31 --> Helper loaded: file_helper
INFO - 2020-09-01 07:55:31 --> Helper loaded: text_helper
INFO - 2020-09-01 07:55:32 --> Helper loaded: string_helper
INFO - 2020-09-01 07:55:32 --> Database Driver Class Initialized
INFO - 2020-09-01 07:55:32 --> Email Class Initialized
DEBUG - 2020-09-01 07:55:32 --> Session: "sess_save_path" is empty; using "session.save_path" value from php.ini.
INFO - 2020-09-01 07:55:32 --> Session: Class initialized using 'files' driver.
INFO - 2020-09-01 07:55:32 --> Helper loaded: form_helper
INFO - 2020-09-01 07:55:32 --> Form Validation Class Initialized
INFO - 2020-09-01 07:55:32 --> Controller Class Initialized
INFO - 2020-09-01 07:55:32 --> Model "M_dashboard" initialized
DEBUG - 2020-09-01 07:55:32 --> Sc_check class already loaded. Second attempt ignored.
INFO - 2020-09-01 07:55:32 --> Final output sent to browser
DEBUG - 2020-09-01 07:55:32 --> Total execution time: 0.3688
INFO - 2020-09-01 07:55:34 --> Config Class Initialized
INFO - 2020-09-01 07:55:34 --> Hooks Class Initialized
DEBUG - 2020-09-01 07:55:34 --> UTF-8 Support Enabled
INFO - 2020-09-01 07:55:34 --> Utf8 Class Initialized
INFO - 2020-09-01 07:55:34 --> URI Class Initialized
INFO - 2020-09-01 07:55:34 --> Router Class Initialized
INFO - 2020-09-01 07:55:34 --> Output Class Initialized
INFO - 2020-09-01 07:55:34 --> Security Class Initialized
DEBUG - 2020-09-01 07:55:34 --> Global POST, GET and COOKIE data sanitized
INFO - 2020-09-01 07:55:34 --> CSRF cookie sent
INFO - 2020-09-01 07:55:34 --> Input Class Initialized
INFO - 2020-09-01 07:55:34 --> Language Class Initialized
INFO - 2020-09-01 07:55:34 --> Loader Class Initialized
INFO - 2020-09-01 07:55:34 --> Helper loaded: url_helper
INFO - 2020-09-01 07:55:34 --> Helper loaded: file_helper
INFO - 2020-09-01 07:55:34 --> Helper loaded: text_helper
INFO - 2020-09-01 07:55:34 --> Helper loaded: string_helper
INFO - 2020-09-01 07:55:34 --> Database Driver Class Initialized
INFO - 2020-09-01 07:55:34 --> Email Class Initialized
DEBUG - 2020-09-01 07:55:34 --> Session: "sess_save_path" is empty; using "session.save_path" value from php.ini.
INFO - 2020-09-01 07:55:34 --> Session: Class initialized using 'files' driver.
INFO - 2020-09-01 07:55:34 --> Helper loaded: form_helper
INFO - 2020-09-01 07:55:34 --> Form Validation Class Initialized
INFO - 2020-09-01 07:55:34 --> Controller Class Initialized
INFO - 2020-09-01 07:55:34 --> Model "M_scholar" initialized
INFO - 2020-09-01 07:55:34 --> Model "M_school" initialized
INFO - 2020-09-01 07:55:34 --> File loaded: C:\xampp\htdocs\scholarship\admin\views\include/header.php
INFO - 2020-09-01 07:55:34 --> File loaded: C:\xampp\htdocs\scholarship\admin\views\include/menu.php
INFO - 2020-09-01 07:55:34 --> File loaded: C:\xampp\htdocs\scholarship\admin\views\include/footer.php
INFO - 2020-09-01 07:55:34 --> File loaded: C:\xampp\htdocs\scholarship\admin\views\scholar/list.php
INFO - 2020-09-01 07:55:34 --> Final output sent to browser
DEBUG - 2020-09-01 07:55:34 --> Total execution time: 0.2980
INFO - 2020-09-01 07:55:35 --> Config Class Initialized
INFO - 2020-09-01 07:55:35 --> Hooks Class Initialized
DEBUG - 2020-09-01 07:55:35 --> UTF-8 Support Enabled
INFO - 2020-09-01 07:55:35 --> Utf8 Class Initialized
INFO - 2020-09-01 07:55:35 --> URI Class Initialized
INFO - 2020-09-01 07:55:35 --> Router Class Initialized
INFO - 2020-09-01 07:55:35 --> Output Class Initialized
INFO - 2020-09-01 07:55:35 --> Security Class Initialized
DEBUG - 2020-09-01 07:55:35 --> Global POST, GET and COOKIE data sanitized
INFO - 2020-09-01 07:55:35 --> CSRF cookie sent
INFO - 2020-09-01 07:55:35 --> CSRF token verified
INFO - 2020-09-01 07:55:35 --> Input Class Initialized
INFO - 2020-09-01 07:55:35 --> Language Class Initialized
INFO - 2020-09-01 07:55:35 --> Loader Class Initialized
INFO - 2020-09-01 07:55:35 --> Helper loaded: url_helper
INFO - 2020-09-01 07:55:35 --> Helper loaded: file_helper
INFO - 2020-09-01 07:55:35 --> Helper loaded: text_helper
INFO - 2020-09-01 07:55:35 --> Helper loaded: string_helper
INFO - 2020-09-01 07:55:35 --> Database Driver Class Initialized
INFO - 2020-09-01 07:55:35 --> Email Class Initialized
DEBUG - 2020-09-01 07:55:35 --> Session: "sess_save_path" is empty; using "session.save_path" value from php.ini.
INFO - 2020-09-01 07:55:35 --> Session: Class initialized using 'files' driver.
INFO - 2020-09-01 07:55:35 --> Helper loaded: form_helper
INFO - 2020-09-01 07:55:35 --> Form Validation Class Initialized
INFO - 2020-09-01 07:55:35 --> Controller Class Initialized
INFO - 2020-09-01 07:55:35 --> Model "M_scholar" initialized
INFO - 2020-09-01 07:55:35 --> Model "M_school" initialized
INFO - 2020-09-01 07:55:35 --> Final output sent to browser
DEBUG - 2020-09-01 07:55:35 --> Total execution time: 0.3764
INFO - 2020-09-01 07:57:25 --> Config Class Initialized
INFO - 2020-09-01 07:57:25 --> Hooks Class Initialized
DEBUG - 2020-09-01 07:57:25 --> UTF-8 Support Enabled
INFO - 2020-09-01 07:57:25 --> Utf8 Class Initialized
INFO - 2020-09-01 07:57:25 --> URI Class Initialized
INFO - 2020-09-01 07:57:25 --> Router Class Initialized
INFO - 2020-09-01 07:57:25 --> Output Class Initialized
INFO - 2020-09-01 07:57:25 --> Security Class Initialized
DEBUG - 2020-09-01 07:57:25 --> Global POST, GET and COOKIE data sanitized
INFO - 2020-09-01 07:57:25 --> CSRF cookie sent
INFO - 2020-09-01 07:57:25 --> Input Class Initialized
INFO - 2020-09-01 07:57:25 --> Language Class Initialized
INFO - 2020-09-01 07:57:25 --> Loader Class Initialized
INFO - 2020-09-01 07:57:25 --> Helper loaded: url_helper
INFO - 2020-09-01 07:57:25 --> Helper loaded: file_helper
INFO - 2020-09-01 07:57:25 --> Helper loaded: text_helper
INFO - 2020-09-01 07:57:25 --> Helper loaded: string_helper
INFO - 2020-09-01 07:57:25 --> Database Driver Class Initialized
INFO - 2020-09-01 07:57:25 --> Email Class Initialized
DEBUG - 2020-09-01 07:57:25 --> Session: "sess_save_path" is empty; using "session.save_path" value from php.ini.
INFO - 2020-09-01 07:57:25 --> Session: Class initialized using 'files' driver.
INFO - 2020-09-01 07:57:25 --> Helper loaded: form_helper
INFO - 2020-09-01 07:57:25 --> Form Validation Class Initialized
INFO - 2020-09-01 07:57:25 --> Controller Class Initialized
INFO - 2020-09-01 07:57:26 --> Model "M_scholar" initialized
INFO - 2020-09-01 07:57:26 --> Model "M_school" initialized
INFO - 2020-09-01 07:57:26 --> File loaded: C:\xampp\htdocs\scholarship\admin\views\include/header.php
INFO - 2020-09-01 07:57:26 --> File loaded: C:\xampp\htdocs\scholarship\admin\views\include/menu.php
INFO - 2020-09-01 07:57:26 --> File loaded: C:\xampp\htdocs\scholarship\admin\views\include/footer.php
INFO - 2020-09-01 07:57:26 --> File loaded: C:\xampp\htdocs\scholarship\admin\views\scholar/list.php
INFO - 2020-09-01 07:57:26 --> Final output sent to browser
DEBUG - 2020-09-01 07:57:26 --> Total execution time: 0.3015
INFO - 2020-09-01 07:57:27 --> Config Class Initialized
INFO - 2020-09-01 07:57:27 --> Hooks Class Initialized
DEBUG - 2020-09-01 07:57:27 --> UTF-8 Support Enabled
INFO - 2020-09-01 07:57:27 --> Utf8 Class Initialized
INFO - 2020-09-01 07:57:27 --> URI Class Initialized
INFO - 2020-09-01 07:57:27 --> Router Class Initialized
INFO - 2020-09-01 07:57:27 --> Output Class Initialized
INFO - 2020-09-01 07:57:27 --> Security Class Initialized
DEBUG - 2020-09-01 07:57:27 --> Global POST, GET and COOKIE data sanitized
INFO - 2020-09-01 07:57:27 --> CSRF cookie sent
INFO - 2020-09-01 07:57:27 --> CSRF token verified
INFO - 2020-09-01 07:57:27 --> Input Class Initialized
INFO - 2020-09-01 07:57:27 --> Language Class Initialized
INFO - 2020-09-01 07:57:27 --> Loader Class Initialized
INFO - 2020-09-01 07:57:27 --> Helper loaded: url_helper
INFO - 2020-09-01 07:57:27 --> Helper loaded: file_helper
INFO - 2020-09-01 07:57:27 --> Helper loaded: text_helper
INFO - 2020-09-01 07:57:27 --> Helper loaded: string_helper
INFO - 2020-09-01 07:57:27 --> Database Driver Class Initialized
INFO - 2020-09-01 07:57:27 --> Email Class Initialized
DEBUG - 2020-09-01 07:57:27 --> Session: "sess_save_path" is empty; using "session.save_path" value from php.ini.
INFO - 2020-09-01 07:57:27 --> Session: Class initialized using 'files' driver.
INFO - 2020-09-01 07:57:27 --> Helper loaded: form_helper
INFO - 2020-09-01 07:57:27 --> Form Validation Class Initialized
INFO - 2020-09-01 07:57:27 --> Controller Class Initialized
INFO - 2020-09-01 07:57:27 --> Model "M_scholar" initialized
INFO - 2020-09-01 07:57:27 --> Model "M_school" initialized
INFO - 2020-09-01 07:57:27 --> Final output sent to browser
DEBUG - 2020-09-01 07:57:27 --> Total execution time: 0.3567
INFO - 2020-09-01 07:57:28 --> Config Class Initialized
INFO - 2020-09-01 07:57:28 --> Hooks Class Initialized
DEBUG - 2020-09-01 07:57:28 --> UTF-8 Support Enabled
INFO - 2020-09-01 07:57:28 --> Utf8 Class Initialized
INFO - 2020-09-01 07:57:28 --> URI Class Initialized
INFO - 2020-09-01 07:57:28 --> Router Class Initialized
INFO - 2020-09-01 07:57:28 --> Output Class Initialized
INFO - 2020-09-01 07:57:28 --> Security Class Initialized
DEBUG - 2020-09-01 07:57:28 --> Global POST, GET and COOKIE data sanitized
INFO - 2020-09-01 07:57:28 --> CSRF cookie sent
INFO - 2020-09-01 07:57:28 --> Input Class Initialized
INFO - 2020-09-01 07:57:28 --> Language Class Initialized
INFO - 2020-09-01 07:57:28 --> Loader Class Initialized
INFO - 2020-09-01 07:57:28 --> Helper loaded: url_helper
INFO - 2020-09-01 07:57:28 --> Helper loaded: file_helper
INFO - 2020-09-01 07:57:28 --> Helper loaded: text_helper
INFO - 2020-09-01 07:57:28 --> Helper loaded: string_helper
INFO - 2020-09-01 07:57:28 --> Database Driver Class Initialized
INFO - 2020-09-01 07:57:28 --> Email Class Initialized
DEBUG - 2020-09-01 07:57:28 --> Session: "sess_save_path" is empty; using "session.save_path" value from php.ini.
INFO - 2020-09-01 07:57:28 --> Session: Class initialized using 'files' driver.
INFO - 2020-09-01 07:57:28 --> Helper loaded: form_helper
INFO - 2020-09-01 07:57:28 --> Form Validation Class Initialized
INFO - 2020-09-01 07:57:28 --> Controller Class Initialized
INFO - 2020-09-01 07:57:28 --> Model "M_scholar" initialized
INFO - 2020-09-01 07:57:28 --> Model "M_school" initialized
INFO - 2020-09-01 07:57:28 --> File loaded: C:\xampp\htdocs\scholarship\admin\views\include/header.php
INFO - 2020-09-01 07:57:28 --> File loaded: C:\xampp\htdocs\scholarship\admin\views\include/menu.php
INFO - 2020-09-01 07:57:28 --> File loaded: C:\xampp\htdocs\scholarship\admin\views\include/footer.php
INFO - 2020-09-01 07:57:28 --> File loaded: C:\xampp\htdocs\scholarship\admin\views\scholar/list.php
INFO - 2020-09-01 07:57:28 --> Final output sent to browser
DEBUG - 2020-09-01 07:57:28 --> Total execution time: 0.3478
INFO - 2020-09-01 07:57:29 --> Config Class Initialized
INFO - 2020-09-01 07:57:29 --> Hooks Class Initialized
DEBUG - 2020-09-01 07:57:29 --> UTF-8 Support Enabled
INFO - 2020-09-01 07:57:29 --> Utf8 Class Initialized
INFO - 2020-09-01 07:57:29 --> URI Class Initialized
INFO - 2020-09-01 07:57:29 --> Router Class Initialized
INFO - 2020-09-01 07:57:29 --> Output Class Initialized
INFO - 2020-09-01 07:57:29 --> Security Class Initialized
DEBUG - 2020-09-01 07:57:29 --> Global POST, GET and COOKIE data sanitized
INFO - 2020-09-01 07:57:29 --> CSRF cookie sent
INFO - 2020-09-01 07:57:29 --> CSRF token verified
INFO - 2020-09-01 07:57:29 --> Input Class Initialized
INFO - 2020-09-01 07:57:29 --> Language Class Initialized
INFO - 2020-09-01 07:57:29 --> Loader Class Initialized
INFO - 2020-09-01 07:57:30 --> Helper loaded: url_helper
INFO - 2020-09-01 07:57:30 --> Helper loaded: file_helper
INFO - 2020-09-01 07:57:30 --> Helper loaded: text_helper
INFO - 2020-09-01 07:57:30 --> Helper loaded: string_helper
INFO - 2020-09-01 07:57:30 --> Database Driver Class Initialized
INFO - 2020-09-01 07:57:30 --> Email Class Initialized
DEBUG - 2020-09-01 07:57:30 --> Session: "sess_save_path" is empty; using "session.save_path" value from php.ini.
INFO - 2020-09-01 07:57:30 --> Session: Class initialized using 'files' driver.
INFO - 2020-09-01 07:57:30 --> Helper loaded: form_helper
INFO - 2020-09-01 07:57:30 --> Form Validation Class Initialized
INFO - 2020-09-01 07:57:30 --> Controller Class Initialized
INFO - 2020-09-01 07:57:30 --> Model "M_scholar" initialized
INFO - 2020-09-01 07:57:30 --> Model "M_school" initialized
INFO - 2020-09-01 07:57:30 --> Final output sent to browser
DEBUG - 2020-09-01 07:57:30 --> Total execution time: 0.4099
INFO - 2020-09-01 07:57:31 --> Config Class Initialized
INFO - 2020-09-01 07:57:31 --> Hooks Class Initialized
DEBUG - 2020-09-01 07:57:31 --> UTF-8 Support Enabled
INFO - 2020-09-01 07:57:31 --> Utf8 Class Initialized
INFO - 2020-09-01 07:57:31 --> URI Class Initialized
INFO - 2020-09-01 07:57:31 --> Router Class Initialized
INFO - 2020-09-01 07:57:31 --> Output Class Initialized
INFO - 2020-09-01 07:57:31 --> Security Class Initialized
DEBUG - 2020-09-01 07:57:31 --> Global POST, GET and COOKIE data sanitized
INFO - 2020-09-01 07:57:31 --> CSRF cookie sent
INFO - 2020-09-01 07:57:31 --> Input Class Initialized
INFO - 2020-09-01 07:57:31 --> Language Class Initialized
INFO - 2020-09-01 07:57:31 --> Loader Class Initialized
INFO - 2020-09-01 07:57:31 --> Helper loaded: url_helper
INFO - 2020-09-01 07:57:31 --> Helper loaded: file_helper
INFO - 2020-09-01 07:57:31 --> Helper loaded: text_helper
INFO - 2020-09-01 07:57:31 --> Helper loaded: string_helper
INFO - 2020-09-01 07:57:32 --> Database Driver Class Initialized
INFO - 2020-09-01 07:57:32 --> Email Class Initialized
DEBUG - 2020-09-01 07:57:32 --> Session: "sess_save_path" is empty; using "session.save_path" value from php.ini.
INFO - 2020-09-01 07:57:32 --> Session: Class initialized using 'files' driver.
INFO - 2020-09-01 07:57:32 --> Helper loaded: form_helper
INFO - 2020-09-01 07:57:32 --> Form Validation Class Initialized
INFO - 2020-09-01 07:57:32 --> Controller Class Initialized
INFO - 2020-09-01 07:57:32 --> Model "M_scholar" initialized
INFO - 2020-09-01 07:57:32 --> Model "M_school" initialized
INFO - 2020-09-01 07:57:32 --> File loaded: C:\xampp\htdocs\scholarship\admin\views\include/header.php
INFO - 2020-09-01 07:57:32 --> File loaded: C:\xampp\htdocs\scholarship\admin\views\include/menu.php
INFO - 2020-09-01 07:57:32 --> File loaded: C:\xampp\htdocs\scholarship\admin\views\include/footer.php
INFO - 2020-09-01 07:57:32 --> File loaded: C:\xampp\htdocs\scholarship\admin\views\scholar/list.php
INFO - 2020-09-01 07:57:32 --> Final output sent to browser
DEBUG - 2020-09-01 07:57:32 --> Total execution time: 0.2683
INFO - 2020-09-01 07:57:33 --> Config Class Initialized
INFO - 2020-09-01 07:57:33 --> Hooks Class Initialized
DEBUG - 2020-09-01 07:57:33 --> UTF-8 Support Enabled
INFO - 2020-09-01 07:57:33 --> Utf8 Class Initialized
INFO - 2020-09-01 07:57:33 --> URI Class Initialized
INFO - 2020-09-01 07:57:33 --> Router Class Initialized
INFO - 2020-09-01 07:57:33 --> Output Class Initialized
INFO - 2020-09-01 07:57:33 --> Security Class Initialized
DEBUG - 2020-09-01 07:57:33 --> Global POST, GET and COOKIE data sanitized
INFO - 2020-09-01 07:57:33 --> CSRF cookie sent
INFO - 2020-09-01 07:57:33 --> CSRF token verified
INFO - 2020-09-01 07:57:33 --> Input Class Initialized
INFO - 2020-09-01 07:57:33 --> Language Class Initialized
INFO - 2020-09-01 07:57:33 --> Loader Class Initialized
INFO - 2020-09-01 07:57:33 --> Helper loaded: url_helper
INFO - 2020-09-01 07:57:33 --> Helper loaded: file_helper
INFO - 2020-09-01 07:57:33 --> Helper loaded: text_helper
INFO - 2020-09-01 07:57:33 --> Helper loaded: string_helper
INFO - 2020-09-01 07:57:33 --> Database Driver Class Initialized
INFO - 2020-09-01 07:57:33 --> Email Class Initialized
DEBUG - 2020-09-01 07:57:33 --> Session: "sess_save_path" is empty; using "session.save_path" value from php.ini.
INFO - 2020-09-01 07:57:33 --> Session: Class initialized using 'files' driver.
INFO - 2020-09-01 07:57:33 --> Helper loaded: form_helper
INFO - 2020-09-01 07:57:33 --> Form Validation Class Initialized
INFO - 2020-09-01 07:57:33 --> Controller Class Initialized
INFO - 2020-09-01 07:57:33 --> Model "M_scholar" initialized
INFO - 2020-09-01 07:57:33 --> Model "M_school" initialized
INFO - 2020-09-01 07:57:33 --> Final output sent to browser
DEBUG - 2020-09-01 07:57:33 --> Total execution time: 0.3566
INFO - 2020-09-01 07:58:37 --> Config Class Initialized
INFO - 2020-09-01 07:58:37 --> Hooks Class Initialized
DEBUG - 2020-09-01 07:58:37 --> UTF-8 Support Enabled
INFO - 2020-09-01 07:58:37 --> Utf8 Class Initialized
INFO - 2020-09-01 07:58:37 --> URI Class Initialized
INFO - 2020-09-01 07:58:37 --> Router Class Initialized
INFO - 2020-09-01 07:58:37 --> Output Class Initialized
INFO - 2020-09-01 07:58:37 --> Security Class Initialized
DEBUG - 2020-09-01 07:58:37 --> Global POST, GET and COOKIE data sanitized
INFO - 2020-09-01 07:58:37 --> CSRF cookie sent
INFO - 2020-09-01 07:58:37 --> Input Class Initialized
INFO - 2020-09-01 07:58:37 --> Language Class Initialized
INFO - 2020-09-01 07:58:37 --> Loader Class Initialized
INFO - 2020-09-01 07:58:37 --> Helper loaded: url_helper
INFO - 2020-09-01 07:58:37 --> Helper loaded: file_helper
INFO - 2020-09-01 07:58:37 --> Helper loaded: text_helper
INFO - 2020-09-01 07:58:37 --> Helper loaded: string_helper
INFO - 2020-09-01 07:58:37 --> Database Driver Class Initialized
INFO - 2020-09-01 07:58:37 --> Email Class Initialized
DEBUG - 2020-09-01 07:58:37 --> Session: "sess_save_path" is empty; using "session.save_path" value from php.ini.
INFO - 2020-09-01 07:58:37 --> Session: Class initialized using 'files' driver.
INFO - 2020-09-01 07:58:37 --> Helper loaded: form_helper
INFO - 2020-09-01 07:58:37 --> Form Validation Class Initialized
INFO - 2020-09-01 07:58:37 --> Controller Class Initialized
INFO - 2020-09-01 07:58:37 --> Model "M_scholar" initialized
INFO - 2020-09-01 07:58:37 --> Model "M_school" initialized
INFO - 2020-09-01 07:58:37 --> File loaded: C:\xampp\htdocs\scholarship\admin\views\include/header.php
INFO - 2020-09-01 07:58:37 --> File loaded: C:\xampp\htdocs\scholarship\admin\views\include/menu.php
INFO - 2020-09-01 07:58:37 --> File loaded: C:\xampp\htdocs\scholarship\admin\views\include/footer.php
INFO - 2020-09-01 07:58:37 --> File loaded: C:\xampp\htdocs\scholarship\admin\views\scholar/list.php
INFO - 2020-09-01 07:58:37 --> Final output sent to browser
DEBUG - 2020-09-01 07:58:37 --> Total execution time: 0.3676
INFO - 2020-09-01 07:58:39 --> Config Class Initialized
INFO - 2020-09-01 07:58:39 --> Hooks Class Initialized
DEBUG - 2020-09-01 07:58:39 --> UTF-8 Support Enabled
INFO - 2020-09-01 07:58:39 --> Utf8 Class Initialized
INFO - 2020-09-01 07:58:39 --> URI Class Initialized
INFO - 2020-09-01 07:58:39 --> Router Class Initialized
INFO - 2020-09-01 07:58:39 --> Output Class Initialized
INFO - 2020-09-01 07:58:39 --> Security Class Initialized
DEBUG - 2020-09-01 07:58:39 --> Global POST, GET and COOKIE data sanitized
INFO - 2020-09-01 07:58:39 --> CSRF cookie sent
INFO - 2020-09-01 07:58:39 --> CSRF token verified
INFO - 2020-09-01 07:58:39 --> Input Class Initialized
INFO - 2020-09-01 07:58:39 --> Language Class Initialized
INFO - 2020-09-01 07:58:39 --> Loader Class Initialized
INFO - 2020-09-01 07:58:39 --> Helper loaded: url_helper
INFO - 2020-09-01 07:58:39 --> Helper loaded: file_helper
INFO - 2020-09-01 07:58:39 --> Helper loaded: text_helper
INFO - 2020-09-01 07:58:39 --> Helper loaded: string_helper
INFO - 2020-09-01 07:58:39 --> Database Driver Class Initialized
INFO - 2020-09-01 07:58:39 --> Email Class Initialized
DEBUG - 2020-09-01 07:58:39 --> Session: "sess_save_path" is empty; using "session.save_path" value from php.ini.
INFO - 2020-09-01 07:58:39 --> Session: Class initialized using 'files' driver.
INFO - 2020-09-01 07:58:39 --> Helper loaded: form_helper
INFO - 2020-09-01 07:58:39 --> Form Validation Class Initialized
INFO - 2020-09-01 07:58:39 --> Controller Class Initialized
INFO - 2020-09-01 07:58:39 --> Model "M_scholar" initialized
INFO - 2020-09-01 07:58:39 --> Model "M_school" initialized
INFO - 2020-09-01 07:58:39 --> Final output sent to browser
DEBUG - 2020-09-01 07:58:39 --> Total execution time: 0.4776
INFO - 2020-09-01 08:02:17 --> Config Class Initialized
INFO - 2020-09-01 08:02:17 --> Hooks Class Initialized
DEBUG - 2020-09-01 08:02:17 --> UTF-8 Support Enabled
INFO - 2020-09-01 08:02:17 --> Utf8 Class Initialized
INFO - 2020-09-01 08:02:17 --> URI Class Initialized
INFO - 2020-09-01 08:02:17 --> Router Class Initialized
INFO - 2020-09-01 08:02:17 --> Output Class Initialized
INFO - 2020-09-01 08:02:17 --> Security Class Initialized
DEBUG - 2020-09-01 08:02:17 --> Global POST, GET and COOKIE data sanitized
INFO - 2020-09-01 08:02:17 --> CSRF cookie sent
INFO - 2020-09-01 08:02:17 --> Input Class Initialized
INFO - 2020-09-01 08:02:17 --> Language Class Initialized
INFO - 2020-09-01 08:02:17 --> Loader Class Initialized
INFO - 2020-09-01 08:02:17 --> Helper loaded: url_helper
INFO - 2020-09-01 08:02:17 --> Helper loaded: file_helper
INFO - 2020-09-01 08:02:17 --> Helper loaded: text_helper
INFO - 2020-09-01 08:02:17 --> Helper loaded: string_helper
INFO - 2020-09-01 08:02:17 --> Database Driver Class Initialized
INFO - 2020-09-01 08:02:17 --> Email Class Initialized
DEBUG - 2020-09-01 08:02:17 --> Session: "sess_save_path" is empty; using "session.save_path" value from php.ini.
INFO - 2020-09-01 08:02:17 --> Session: Class initialized using 'files' driver.
INFO - 2020-09-01 08:02:17 --> Helper loaded: form_helper
INFO - 2020-09-01 08:02:17 --> Form Validation Class Initialized
INFO - 2020-09-01 08:02:17 --> Controller Class Initialized
INFO - 2020-09-01 08:02:17 --> Model "M_scholar" initialized
INFO - 2020-09-01 08:02:17 --> Model "M_school" initialized
INFO - 2020-09-01 08:02:17 --> File loaded: C:\xampp\htdocs\scholarship\admin\views\include/header.php
INFO - 2020-09-01 08:02:17 --> File loaded: C:\xampp\htdocs\scholarship\admin\views\include/menu.php
INFO - 2020-09-01 08:02:17 --> File loaded: C:\xampp\htdocs\scholarship\admin\views\include/footer.php
INFO - 2020-09-01 08:02:17 --> File loaded: C:\xampp\htdocs\scholarship\admin\views\scholar/list.php
INFO - 2020-09-01 08:02:17 --> Final output sent to browser
DEBUG - 2020-09-01 08:02:17 --> Total execution time: 0.3748
INFO - 2020-09-01 08:02:19 --> Config Class Initialized
INFO - 2020-09-01 08:02:19 --> Hooks Class Initialized
DEBUG - 2020-09-01 08:02:19 --> UTF-8 Support Enabled
INFO - 2020-09-01 08:02:19 --> Utf8 Class Initialized
INFO - 2020-09-01 08:02:19 --> URI Class Initialized
INFO - 2020-09-01 08:02:19 --> Router Class Initialized
INFO - 2020-09-01 08:02:19 --> Output Class Initialized
INFO - 2020-09-01 08:02:19 --> Security Class Initialized
DEBUG - 2020-09-01 08:02:19 --> Global POST, GET and COOKIE data sanitized
INFO - 2020-09-01 08:02:19 --> CSRF cookie sent
INFO - 2020-09-01 08:02:19 --> CSRF token verified
INFO - 2020-09-01 08:02:19 --> Input Class Initialized
INFO - 2020-09-01 08:02:19 --> Language Class Initialized
INFO - 2020-09-01 08:02:19 --> Loader Class Initialized
INFO - 2020-09-01 08:02:19 --> Helper loaded: url_helper
INFO - 2020-09-01 08:02:19 --> Helper loaded: file_helper
INFO - 2020-09-01 08:02:19 --> Helper loaded: text_helper
INFO - 2020-09-01 08:02:19 --> Helper loaded: string_helper
INFO - 2020-09-01 08:02:19 --> Database Driver Class Initialized
INFO - 2020-09-01 08:02:19 --> Email Class Initialized
DEBUG - 2020-09-01 08:02:19 --> Session: "sess_save_path" is empty; using "session.save_path" value from php.ini.
INFO - 2020-09-01 08:02:19 --> Session: Class initialized using 'files' driver.
INFO - 2020-09-01 08:02:19 --> Helper loaded: form_helper
INFO - 2020-09-01 08:02:19 --> Form Validation Class Initialized
INFO - 2020-09-01 08:02:19 --> Controller Class Initialized
INFO - 2020-09-01 08:02:19 --> Model "M_scholar" initialized
INFO - 2020-09-01 08:02:19 --> Model "M_school" initialized
INFO - 2020-09-01 08:02:19 --> Final output sent to browser
DEBUG - 2020-09-01 08:02:19 --> Total execution time: 0.4006
INFO - 2020-09-01 08:07:22 --> Config Class Initialized
INFO - 2020-09-01 08:07:22 --> Hooks Class Initialized
DEBUG - 2020-09-01 08:07:22 --> UTF-8 Support Enabled
INFO - 2020-09-01 08:07:22 --> Utf8 Class Initialized
INFO - 2020-09-01 08:07:22 --> URI Class Initialized
INFO - 2020-09-01 08:07:22 --> Router Class Initialized
INFO - 2020-09-01 08:07:22 --> Output Class Initialized
INFO - 2020-09-01 08:07:22 --> Security Class Initialized
DEBUG - 2020-09-01 08:07:22 --> Global POST, GET and COOKIE data sanitized
INFO - 2020-09-01 08:07:22 --> CSRF cookie sent
INFO - 2020-09-01 08:07:22 --> Input Class Initialized
INFO - 2020-09-01 08:07:22 --> Language Class Initialized
INFO - 2020-09-01 08:07:22 --> Loader Class Initialized
INFO - 2020-09-01 08:07:22 --> Helper loaded: url_helper
INFO - 2020-09-01 08:07:22 --> Helper loaded: file_helper
INFO - 2020-09-01 08:07:22 --> Helper loaded: text_helper
INFO - 2020-09-01 08:07:22 --> Helper loaded: string_helper
INFO - 2020-09-01 08:07:22 --> Database Driver Class Initialized
INFO - 2020-09-01 08:07:23 --> Email Class Initialized
DEBUG - 2020-09-01 08:07:23 --> Session: "sess_save_path" is empty; using "session.save_path" value from php.ini.
INFO - 2020-09-01 08:07:23 --> Session: Class initialized using 'files' driver.
INFO - 2020-09-01 08:07:23 --> Helper loaded: form_helper
INFO - 2020-09-01 08:07:23 --> Form Validation Class Initialized
INFO - 2020-09-01 08:07:23 --> Controller Class Initialized
INFO - 2020-09-01 08:07:23 --> Model "M_scholar" initialized
INFO - 2020-09-01 08:07:23 --> Model "M_school" initialized
INFO - 2020-09-01 08:07:23 --> File loaded: C:\xampp\htdocs\scholarship\admin\views\include/header.php
INFO - 2020-09-01 08:07:23 --> File loaded: C:\xampp\htdocs\scholarship\admin\views\include/menu.php
INFO - 2020-09-01 08:07:23 --> File loaded: C:\xampp\htdocs\scholarship\admin\views\include/footer.php
INFO - 2020-09-01 08:07:23 --> File loaded: C:\xampp\htdocs\scholarship\admin\views\scholar/list.php
INFO - 2020-09-01 08:07:23 --> Final output sent to browser
DEBUG - 2020-09-01 08:07:23 --> Total execution time: 0.4356
INFO - 2020-09-01 08:07:24 --> Config Class Initialized
INFO - 2020-09-01 08:07:24 --> Hooks Class Initialized
DEBUG - 2020-09-01 08:07:24 --> UTF-8 Support Enabled
INFO - 2020-09-01 08:07:24 --> Utf8 Class Initialized
INFO - 2020-09-01 08:07:24 --> URI Class Initialized
INFO - 2020-09-01 08:07:24 --> Router Class Initialized
INFO - 2020-09-01 08:07:25 --> Output Class Initialized
INFO - 2020-09-01 08:07:25 --> Security Class Initialized
DEBUG - 2020-09-01 08:07:25 --> Global POST, GET and COOKIE data sanitized
INFO - 2020-09-01 08:07:25 --> CSRF cookie sent
INFO - 2020-09-01 08:07:25 --> CSRF token verified
INFO - 2020-09-01 08:07:25 --> Input Class Initialized
INFO - 2020-09-01 08:07:25 --> Language Class Initialized
INFO - 2020-09-01 08:07:25 --> Loader Class Initialized
INFO - 2020-09-01 08:07:25 --> Helper loaded: url_helper
INFO - 2020-09-01 08:07:25 --> Helper loaded: file_helper
INFO - 2020-09-01 08:07:25 --> Helper loaded: text_helper
INFO - 2020-09-01 08:07:25 --> Helper loaded: string_helper
INFO - 2020-09-01 08:07:25 --> Database Driver Class Initialized
INFO - 2020-09-01 08:07:25 --> Email Class Initialized
DEBUG - 2020-09-01 08:07:25 --> Session: "sess_save_path" is empty; using "session.save_path" value from php.ini.
INFO - 2020-09-01 08:07:25 --> Session: Class initialized using 'files' driver.
INFO - 2020-09-01 08:07:25 --> Helper loaded: form_helper
INFO - 2020-09-01 08:07:25 --> Form Validation Class Initialized
INFO - 2020-09-01 08:07:25 --> Controller Class Initialized
INFO - 2020-09-01 08:07:25 --> Model "M_scholar" initialized
INFO - 2020-09-01 08:07:25 --> Model "M_school" initialized
INFO - 2020-09-01 08:07:25 --> Final output sent to browser
DEBUG - 2020-09-01 08:07:25 --> Total execution time: 0.3879
INFO - 2020-09-01 08:11:12 --> Config Class Initialized
INFO - 2020-09-01 08:11:12 --> Hooks Class Initialized
DEBUG - 2020-09-01 08:11:12 --> UTF-8 Support Enabled
INFO - 2020-09-01 08:11:12 --> Utf8 Class Initialized
INFO - 2020-09-01 08:11:12 --> URI Class Initialized
INFO - 2020-09-01 08:11:12 --> Router Class Initialized
INFO - 2020-09-01 08:11:12 --> Output Class Initialized
INFO - 2020-09-01 08:11:12 --> Security Class Initialized
DEBUG - 2020-09-01 08:11:12 --> Global POST, GET and COOKIE data sanitized
INFO - 2020-09-01 08:11:12 --> CSRF cookie sent
INFO - 2020-09-01 08:11:12 --> Input Class Initialized
INFO - 2020-09-01 08:11:12 --> Language Class Initialized
INFO - 2020-09-01 08:11:12 --> Loader Class Initialized
INFO - 2020-09-01 08:11:12 --> Helper loaded: url_helper
INFO - 2020-09-01 08:11:12 --> Helper loaded: file_helper
INFO - 2020-09-01 08:11:12 --> Helper loaded: text_helper
INFO - 2020-09-01 08:11:12 --> Helper loaded: string_helper
INFO - 2020-09-01 08:11:12 --> Database Driver Class Initialized
INFO - 2020-09-01 08:11:12 --> Email Class Initialized
DEBUG - 2020-09-01 08:11:12 --> Session: "sess_save_path" is empty; using "session.save_path" value from php.ini.
INFO - 2020-09-01 08:11:12 --> Session: Class initialized using 'files' driver.
INFO - 2020-09-01 08:11:12 --> Helper loaded: form_helper
INFO - 2020-09-01 08:11:12 --> Form Validation Class Initialized
INFO - 2020-09-01 08:11:12 --> Controller Class Initialized
INFO - 2020-09-01 08:11:12 --> Model "M_auth" initialized
DEBUG - 2020-09-01 08:11:12 --> Sc_check class already loaded. Second attempt ignored.
INFO - 2020-09-01 08:11:12 --> Helper loaded: captcha_helper
INFO - 2020-09-01 08:11:12 --> Config Class Initialized
INFO - 2020-09-01 08:11:12 --> Hooks Class Initialized
DEBUG - 2020-09-01 08:11:12 --> UTF-8 Support Enabled
INFO - 2020-09-01 08:11:12 --> Utf8 Class Initialized
INFO - 2020-09-01 08:11:12 --> URI Class Initialized
DEBUG - 2020-09-01 08:11:12 --> No URI present. Default controller set.
INFO - 2020-09-01 08:11:12 --> Router Class Initialized
INFO - 2020-09-01 08:11:12 --> Output Class Initialized
INFO - 2020-09-01 08:11:12 --> Security Class Initialized
DEBUG - 2020-09-01 08:11:12 --> Global POST, GET and COOKIE data sanitized
INFO - 2020-09-01 08:11:12 --> CSRF cookie sent
INFO - 2020-09-01 08:11:12 --> Input Class Initialized
INFO - 2020-09-01 08:11:12 --> Language Class Initialized
INFO - 2020-09-01 08:11:12 --> Loader Class Initialized
INFO - 2020-09-01 08:11:12 --> Helper loaded: url_helper
INFO - 2020-09-01 08:11:12 --> Helper loaded: file_helper
INFO - 2020-09-01 08:11:12 --> Helper loaded: text_helper
INFO - 2020-09-01 08:11:12 --> Helper loaded: string_helper
INFO - 2020-09-01 08:11:12 --> Database Driver Class Initialized
INFO - 2020-09-01 08:11:12 --> Email Class Initialized
DEBUG - 2020-09-01 08:11:12 --> Session: "sess_save_path" is empty; using "session.save_path" value from php.ini.
INFO - 2020-09-01 08:11:12 --> Session: Class initialized using 'files' driver.
INFO - 2020-09-01 08:11:12 --> Helper loaded: form_helper
INFO - 2020-09-01 08:11:12 --> Form Validation Class Initialized
INFO - 2020-09-01 08:11:12 --> Controller Class Initialized
INFO - 2020-09-01 08:11:12 --> Model "M_auth" initialized
DEBUG - 2020-09-01 08:11:12 --> Sc_check class already loaded. Second attempt ignored.
INFO - 2020-09-01 08:11:12 --> Helper loaded: captcha_helper
INFO - 2020-09-01 08:11:12 --> File loaded: C:\xampp\htdocs\scholarship\admin\views\include/header.php
INFO - 2020-09-01 08:11:12 --> File loaded: C:\xampp\htdocs\scholarship\admin\views\include/footer.php
INFO - 2020-09-01 08:11:12 --> File loaded: C:\xampp\htdocs\scholarship\admin\views\include/msg.php
INFO - 2020-09-01 08:11:12 --> File loaded: C:\xampp\htdocs\scholarship\admin\views\auth/login.php
INFO - 2020-09-01 08:11:12 --> Final output sent to browser
DEBUG - 2020-09-01 08:11:12 --> Total execution time: 0.4253
INFO - 2020-09-01 08:11:35 --> Config Class Initialized
INFO - 2020-09-01 08:11:35 --> Hooks Class Initialized
DEBUG - 2020-09-01 08:11:35 --> UTF-8 Support Enabled
INFO - 2020-09-01 08:11:35 --> Utf8 Class Initialized
INFO - 2020-09-01 08:11:35 --> URI Class Initialized
INFO - 2020-09-01 08:11:35 --> Router Class Initialized
INFO - 2020-09-01 08:11:35 --> Output Class Initialized
INFO - 2020-09-01 08:11:35 --> Security Class Initialized
DEBUG - 2020-09-01 08:11:35 --> Global POST, GET and COOKIE data sanitized
INFO - 2020-09-01 08:11:35 --> CSRF cookie sent
INFO - 2020-09-01 08:11:35 --> Input Class Initialized
INFO - 2020-09-01 08:11:35 --> Language Class Initialized
INFO - 2020-09-01 08:11:35 --> Loader Class Initialized
INFO - 2020-09-01 08:11:35 --> Helper loaded: url_helper
INFO - 2020-09-01 08:11:35 --> Helper loaded: file_helper
INFO - 2020-09-01 08:11:35 --> Helper loaded: text_helper
INFO - 2020-09-01 08:11:35 --> Helper loaded: string_helper
INFO - 2020-09-01 08:11:35 --> Database Driver Class Initialized
INFO - 2020-09-01 08:11:35 --> Email Class Initialized
DEBUG - 2020-09-01 08:11:35 --> Session: "sess_save_path" is empty; using "session.save_path" value from php.ini.
INFO - 2020-09-01 08:11:35 --> Session: Class initialized using 'files' driver.
INFO - 2020-09-01 08:11:35 --> Helper loaded: form_helper
INFO - 2020-09-01 08:11:35 --> Form Validation Class Initialized
INFO - 2020-09-01 08:11:35 --> Controller Class Initialized
INFO - 2020-09-01 08:11:35 --> Model "M_auth" initialized
DEBUG - 2020-09-01 08:11:35 --> Sc_check class already loaded. Second attempt ignored.
INFO - 2020-09-01 08:11:35 --> Helper loaded: captcha_helper
INFO - 2020-09-01 08:11:35 --> Final output sent to browser
DEBUG - 2020-09-01 08:11:35 --> Total execution time: 0.2697
INFO - 2020-09-01 08:11:42 --> Config Class Initialized
INFO - 2020-09-01 08:11:42 --> Hooks Class Initialized
DEBUG - 2020-09-01 08:11:42 --> UTF-8 Support Enabled
INFO - 2020-09-01 08:11:42 --> Utf8 Class Initialized
INFO - 2020-09-01 08:11:42 --> URI Class Initialized
INFO - 2020-09-01 08:11:42 --> Router Class Initialized
INFO - 2020-09-01 08:11:42 --> Output Class Initialized
INFO - 2020-09-01 08:11:42 --> Security Class Initialized
DEBUG - 2020-09-01 08:11:42 --> Global POST, GET and COOKIE data sanitized
INFO - 2020-09-01 08:11:42 --> CSRF cookie sent
INFO - 2020-09-01 08:11:42 --> CSRF token verified
INFO - 2020-09-01 08:11:42 --> Input Class Initialized
INFO - 2020-09-01 08:11:42 --> Language Class Initialized
INFO - 2020-09-01 08:11:42 --> Loader Class Initialized
INFO - 2020-09-01 08:11:42 --> Helper loaded: url_helper
INFO - 2020-09-01 08:11:42 --> Helper loaded: file_helper
INFO - 2020-09-01 08:11:42 --> Helper loaded: text_helper
INFO - 2020-09-01 08:11:42 --> Helper loaded: string_helper
INFO - 2020-09-01 08:11:42 --> Database Driver Class Initialized
INFO - 2020-09-01 08:11:42 --> Email Class Initialized
DEBUG - 2020-09-01 08:11:42 --> Session: "sess_save_path" is empty; using "session.save_path" value from php.ini.
INFO - 2020-09-01 08:11:42 --> Session: Class initialized using 'files' driver.
INFO - 2020-09-01 08:11:42 --> Helper loaded: form_helper
INFO - 2020-09-01 08:11:42 --> Form Validation Class Initialized
INFO - 2020-09-01 08:11:42 --> Controller Class Initialized
INFO - 2020-09-01 08:11:42 --> Model "M_auth" initialized
DEBUG - 2020-09-01 08:11:42 --> Sc_check class already loaded. Second attempt ignored.
INFO - 2020-09-01 08:11:42 --> Helper loaded: captcha_helper
DEBUG - 2020-09-01 08:11:42 --> Form_validation class already loaded. Second attempt ignored.
INFO - 2020-09-01 08:11:42 --> Language file loaded: language/english/form_validation_lang.php
INFO - 2020-09-01 08:11:42 --> ---------------------Success -- Admin Logged in with prathwi@5ine.in and IP aaddress ::1 --------------
INFO - 2020-09-01 08:11:42 --> Config Class Initialized
INFO - 2020-09-01 08:11:42 --> Hooks Class Initialized
DEBUG - 2020-09-01 08:11:42 --> UTF-8 Support Enabled
INFO - 2020-09-01 08:11:42 --> Utf8 Class Initialized
INFO - 2020-09-01 08:11:42 --> URI Class Initialized
INFO - 2020-09-01 08:11:42 --> Router Class Initialized
INFO - 2020-09-01 08:11:42 --> Output Class Initialized
INFO - 2020-09-01 08:11:42 --> Security Class Initialized
DEBUG - 2020-09-01 08:11:42 --> Global POST, GET and COOKIE data sanitized
INFO - 2020-09-01 08:11:42 --> CSRF cookie sent
INFO - 2020-09-01 08:11:42 --> Input Class Initialized
INFO - 2020-09-01 08:11:42 --> Language Class Initialized
INFO - 2020-09-01 08:11:42 --> Loader Class Initialized
INFO - 2020-09-01 08:11:42 --> Helper loaded: url_helper
INFO - 2020-09-01 08:11:42 --> Helper loaded: file_helper
INFO - 2020-09-01 08:11:42 --> Helper loaded: text_helper
INFO - 2020-09-01 08:11:42 --> Helper loaded: string_helper
INFO - 2020-09-01 08:11:42 --> Database Driver Class Initialized
INFO - 2020-09-01 08:11:43 --> Email Class Initialized
DEBUG - 2020-09-01 08:11:43 --> Session: "sess_save_path" is empty; using "session.save_path" value from php.ini.
INFO - 2020-09-01 08:11:43 --> Session: Class initialized using 'files' driver.
INFO - 2020-09-01 08:11:43 --> Helper loaded: form_helper
INFO - 2020-09-01 08:11:43 --> Form Validation Class Initialized
INFO - 2020-09-01 08:11:43 --> Controller Class Initialized
INFO - 2020-09-01 08:11:43 --> Model "M_dashboard" initialized
DEBUG - 2020-09-01 08:11:43 --> Sc_check class already loaded. Second attempt ignored.
INFO - 2020-09-01 08:11:43 --> File loaded: C:\xampp\htdocs\scholarship\admin\views\include/header.php
INFO - 2020-09-01 08:11:43 --> File loaded: C:\xampp\htdocs\scholarship\admin\views\include/menu.php
INFO - 2020-09-01 08:11:43 --> File loaded: C:\xampp\htdocs\scholarship\admin\views\include/footer.php
INFO - 2020-09-01 08:11:43 --> File loaded: C:\xampp\htdocs\scholarship\admin\views\include/msg.php
INFO - 2020-09-01 08:11:43 --> File loaded: C:\xampp\htdocs\scholarship\admin\views\dashboard/index.php
INFO - 2020-09-01 08:11:43 --> Final output sent to browser
DEBUG - 2020-09-01 08:11:43 --> Total execution time: 0.3656
INFO - 2020-09-01 08:11:43 --> Config Class Initialized
INFO - 2020-09-01 08:11:43 --> Hooks Class Initialized
DEBUG - 2020-09-01 08:11:43 --> UTF-8 Support Enabled
INFO - 2020-09-01 08:11:43 --> Utf8 Class Initialized
INFO - 2020-09-01 08:11:43 --> URI Class Initialized
INFO - 2020-09-01 08:11:43 --> Router Class Initialized
INFO - 2020-09-01 08:11:43 --> Output Class Initialized
INFO - 2020-09-01 08:11:43 --> Security Class Initialized
DEBUG - 2020-09-01 08:11:43 --> Global POST, GET and COOKIE data sanitized
INFO - 2020-09-01 08:11:43 --> CSRF cookie sent
INFO - 2020-09-01 08:11:43 --> Input Class Initialized
INFO - 2020-09-01 08:11:43 --> Language Class Initialized
INFO - 2020-09-01 08:11:43 --> Loader Class Initialized
INFO - 2020-09-01 08:11:43 --> Helper loaded: url_helper
INFO - 2020-09-01 08:11:43 --> Helper loaded: file_helper
INFO - 2020-09-01 08:11:43 --> Helper loaded: text_helper
INFO - 2020-09-01 08:11:43 --> Helper loaded: string_helper
INFO - 2020-09-01 08:11:43 --> Database Driver Class Initialized
INFO - 2020-09-01 08:11:43 --> Email Class Initialized
DEBUG - 2020-09-01 08:11:43 --> Session: "sess_save_path" is empty; using "session.save_path" value from php.ini.
INFO - 2020-09-01 08:11:43 --> Session: Class initialized using 'files' driver.
INFO - 2020-09-01 08:11:43 --> Helper loaded: form_helper
INFO - 2020-09-01 08:11:43 --> Form Validation Class Initialized
INFO - 2020-09-01 08:11:43 --> Controller Class Initialized
INFO - 2020-09-01 08:11:43 --> Model "M_dashboard" initialized
DEBUG - 2020-09-01 08:11:43 --> Sc_check class already loaded. Second attempt ignored.
INFO - 2020-09-01 08:11:43 --> Final output sent to browser
DEBUG - 2020-09-01 08:11:43 --> Total execution time: 0.2834
INFO - 2020-09-01 12:02:45 --> Config Class Initialized
INFO - 2020-09-01 12:02:45 --> Hooks Class Initialized
DEBUG - 2020-09-01 12:02:45 --> UTF-8 Support Enabled
INFO - 2020-09-01 12:02:45 --> Utf8 Class Initialized
INFO - 2020-09-01 12:02:45 --> URI Class Initialized
DEBUG - 2020-09-01 12:02:45 --> No URI present. Default controller set.
INFO - 2020-09-01 12:02:45 --> Router Class Initialized
INFO - 2020-09-01 12:02:45 --> Output Class Initialized
INFO - 2020-09-01 12:02:45 --> Security Class Initialized
DEBUG - 2020-09-01 12:02:45 --> Global POST, GET and COOKIE data sanitized
INFO - 2020-09-01 12:02:45 --> CSRF cookie sent
INFO - 2020-09-01 12:02:45 --> Input Class Initialized
INFO - 2020-09-01 12:02:45 --> Language Class Initialized
INFO - 2020-09-01 12:02:45 --> Loader Class Initialized
INFO - 2020-09-01 12:02:45 --> Helper loaded: url_helper
INFO - 2020-09-01 12:02:45 --> Helper loaded: file_helper
INFO - 2020-09-01 12:02:45 --> Helper loaded: text_helper
INFO - 2020-09-01 12:02:45 --> Helper loaded: string_helper
INFO - 2020-09-01 12:02:45 --> Database Driver Class Initialized
INFO - 2020-09-01 12:02:45 --> Email Class Initialized
DEBUG - 2020-09-01 12:02:45 --> Session: "sess_save_path" is empty; using "session.save_path" value from php.ini.
INFO - 2020-09-01 12:02:45 --> Session: Class initialized using 'files' driver.
INFO - 2020-09-01 12:02:45 --> Helper loaded: form_helper
INFO - 2020-09-01 12:02:45 --> Form Validation Class Initialized
INFO - 2020-09-01 12:02:45 --> Controller Class Initialized
INFO - 2020-09-01 12:02:45 --> Model "M_auth" initialized
DEBUG - 2020-09-01 12:02:45 --> Sc_check class already loaded. Second attempt ignored.
INFO - 2020-09-01 12:02:45 --> Helper loaded: captcha_helper
INFO - 2020-09-01 12:02:45 --> File loaded: C:\xampp\htdocs\scholarship\admin\views\include/header.php
INFO - 2020-09-01 12:02:45 --> File loaded: C:\xampp\htdocs\scholarship\admin\views\include/footer.php
INFO - 2020-09-01 12:02:46 --> File loaded: C:\xampp\htdocs\scholarship\admin\views\include/msg.php
INFO - 2020-09-01 12:02:46 --> File loaded: C:\xampp\htdocs\scholarship\admin\views\auth/login.php
INFO - 2020-09-01 12:02:46 --> Final output sent to browser
DEBUG - 2020-09-01 12:02:46 --> Total execution time: 0.6738
INFO - 2020-09-01 12:02:57 --> Config Class Initialized
INFO - 2020-09-01 12:02:57 --> Hooks Class Initialized
DEBUG - 2020-09-01 12:02:57 --> UTF-8 Support Enabled
INFO - 2020-09-01 12:02:57 --> Utf8 Class Initialized
INFO - 2020-09-01 12:02:57 --> URI Class Initialized
INFO - 2020-09-01 12:02:57 --> Router Class Initialized
INFO - 2020-09-01 12:02:57 --> Output Class Initialized
INFO - 2020-09-01 12:02:57 --> Security Class Initialized
DEBUG - 2020-09-01 12:02:57 --> Global POST, GET and COOKIE data sanitized
INFO - 2020-09-01 12:02:57 --> CSRF cookie sent
INFO - 2020-09-01 12:02:57 --> CSRF token verified
INFO - 2020-09-01 12:02:57 --> Input Class Initialized
INFO - 2020-09-01 12:02:57 --> Language Class Initialized
INFO - 2020-09-01 12:02:57 --> Loader Class Initialized
INFO - 2020-09-01 12:02:58 --> Helper loaded: url_helper
INFO - 2020-09-01 12:02:58 --> Helper loaded: file_helper
INFO - 2020-09-01 12:02:58 --> Helper loaded: text_helper
INFO - 2020-09-01 12:02:58 --> Helper loaded: string_helper
INFO - 2020-09-01 12:02:58 --> Database Driver Class Initialized
INFO - 2020-09-01 12:02:58 --> Email Class Initialized
DEBUG - 2020-09-01 12:02:58 --> Session: "sess_save_path" is empty; using "session.save_path" value from php.ini.
INFO - 2020-09-01 12:02:58 --> Session: Class initialized using 'files' driver.
INFO - 2020-09-01 12:02:58 --> Helper loaded: form_helper
INFO - 2020-09-01 12:02:58 --> Form Validation Class Initialized
INFO - 2020-09-01 12:02:58 --> Controller Class Initialized
INFO - 2020-09-01 12:02:58 --> Model "M_auth" initialized
DEBUG - 2020-09-01 12:02:58 --> Sc_check class already loaded. Second attempt ignored.
INFO - 2020-09-01 12:02:58 --> Helper loaded: captcha_helper
DEBUG - 2020-09-01 12:02:58 --> Form_validation class already loaded. Second attempt ignored.
INFO - 2020-09-01 12:02:58 --> Language file loaded: language/english/form_validation_lang.php
INFO - 2020-09-01 12:02:58 --> ---------------------Success -- Admin Logged in with prathwi@5ine.in and IP aaddress ::1 --------------
INFO - 2020-09-01 12:02:58 --> Config Class Initialized
INFO - 2020-09-01 12:02:58 --> Hooks Class Initialized
DEBUG - 2020-09-01 12:02:58 --> UTF-8 Support Enabled
INFO - 2020-09-01 12:02:58 --> Utf8 Class Initialized
INFO - 2020-09-01 12:02:58 --> URI Class Initialized
INFO - 2020-09-01 12:02:58 --> Router Class Initialized
INFO - 2020-09-01 12:02:58 --> Output Class Initialized
INFO - 2020-09-01 12:02:58 --> Security Class Initialized
DEBUG - 2020-09-01 12:02:58 --> Global POST, GET and COOKIE data sanitized
INFO - 2020-09-01 12:02:58 --> CSRF cookie sent
INFO - 2020-09-01 12:02:58 --> Input Class Initialized
INFO - 2020-09-01 12:02:58 --> Language Class Initialized
INFO - 2020-09-01 12:02:58 --> Loader Class Initialized
INFO - 2020-09-01 12:02:58 --> Helper loaded: url_helper
INFO - 2020-09-01 12:02:58 --> Helper loaded: file_helper
INFO - 2020-09-01 12:02:58 --> Helper loaded: text_helper
INFO - 2020-09-01 12:02:58 --> Helper loaded: string_helper
INFO - 2020-09-01 12:02:58 --> Database Driver Class Initialized
INFO - 2020-09-01 12:02:58 --> Email Class Initialized
DEBUG - 2020-09-01 12:02:58 --> Session: "sess_save_path" is empty; using "session.save_path" value from php.ini.
INFO - 2020-09-01 12:02:58 --> Session: Class initialized using 'files' driver.
INFO - 2020-09-01 12:02:58 --> Helper loaded: form_helper
INFO - 2020-09-01 12:02:58 --> Form Validation Class Initialized
INFO - 2020-09-01 12:02:58 --> Controller Class Initialized
INFO - 2020-09-01 12:02:58 --> Model "M_dashboard" initialized
DEBUG - 2020-09-01 12:02:58 --> Sc_check class already loaded. Second attempt ignored.
INFO - 2020-09-01 12:02:58 --> File loaded: C:\xampp\htdocs\scholarship\admin\views\include/header.php
INFO - 2020-09-01 12:02:58 --> File loaded: C:\xampp\htdocs\scholarship\admin\views\include/menu.php
INFO - 2020-09-01 12:02:58 --> File loaded: C:\xampp\htdocs\scholarship\admin\views\include/footer.php
INFO - 2020-09-01 12:02:58 --> File loaded: C:\xampp\htdocs\scholarship\admin\views\include/msg.php
INFO - 2020-09-01 12:02:58 --> File loaded: C:\xampp\htdocs\scholarship\admin\views\dashboard/index.php
INFO - 2020-09-01 12:02:58 --> Final output sent to browser
DEBUG - 2020-09-01 12:02:58 --> Total execution time: 0.5950
INFO - 2020-09-01 12:02:59 --> Config Class Initialized
INFO - 2020-09-01 12:02:59 --> Hooks Class Initialized
DEBUG - 2020-09-01 12:02:59 --> UTF-8 Support Enabled
INFO - 2020-09-01 12:02:59 --> Utf8 Class Initialized
INFO - 2020-09-01 12:02:59 --> URI Class Initialized
INFO - 2020-09-01 12:02:59 --> Router Class Initialized
INFO - 2020-09-01 12:02:59 --> Output Class Initialized
INFO - 2020-09-01 12:02:59 --> Security Class Initialized
DEBUG - 2020-09-01 12:02:59 --> Global POST, GET and COOKIE data sanitized
INFO - 2020-09-01 12:02:59 --> CSRF cookie sent
INFO - 2020-09-01 12:02:59 --> Input Class Initialized
INFO - 2020-09-01 12:02:59 --> Language Class Initialized
INFO - 2020-09-01 12:02:59 --> Loader Class Initialized
INFO - 2020-09-01 12:02:59 --> Helper loaded: url_helper
INFO - 2020-09-01 12:02:59 --> Helper loaded: file_helper
INFO - 2020-09-01 12:02:59 --> Helper loaded: text_helper
INFO - 2020-09-01 12:02:59 --> Helper loaded: string_helper
INFO - 2020-09-01 12:02:59 --> Database Driver Class Initialized
INFO - 2020-09-01 12:02:59 --> Email Class Initialized
DEBUG - 2020-09-01 12:02:59 --> Session: "sess_save_path" is empty; using "session.save_path" value from php.ini.
INFO - 2020-09-01 12:02:59 --> Session: Class initialized using 'files' driver.
INFO - 2020-09-01 12:02:59 --> Helper loaded: form_helper
INFO - 2020-09-01 12:02:59 --> Form Validation Class Initialized
INFO - 2020-09-01 12:02:59 --> Controller Class Initialized
INFO - 2020-09-01 12:02:59 --> Model "M_dashboard" initialized
DEBUG - 2020-09-01 12:02:59 --> Sc_check class already loaded. Second attempt ignored.
INFO - 2020-09-01 12:02:59 --> Final output sent to browser
DEBUG - 2020-09-01 12:02:59 --> Total execution time: 0.3002
INFO - 2020-09-01 12:03:08 --> Config Class Initialized
INFO - 2020-09-01 12:03:08 --> Hooks Class Initialized
DEBUG - 2020-09-01 12:03:08 --> UTF-8 Support Enabled
INFO - 2020-09-01 12:03:08 --> Utf8 Class Initialized
INFO - 2020-09-01 12:03:08 --> URI Class Initialized
INFO - 2020-09-01 12:03:08 --> Router Class Initialized
INFO - 2020-09-01 12:03:08 --> Output Class Initialized
INFO - 2020-09-01 12:03:08 --> Security Class Initialized
DEBUG - 2020-09-01 12:03:08 --> Global POST, GET and COOKIE data sanitized
INFO - 2020-09-01 12:03:08 --> CSRF cookie sent
INFO - 2020-09-01 12:03:08 --> Input Class Initialized
INFO - 2020-09-01 12:03:08 --> Language Class Initialized
INFO - 2020-09-01 12:03:08 --> Loader Class Initialized
INFO - 2020-09-01 12:03:08 --> Helper loaded: url_helper
INFO - 2020-09-01 12:03:08 --> Helper loaded: file_helper
INFO - 2020-09-01 12:03:08 --> Helper loaded: text_helper
INFO - 2020-09-01 12:03:08 --> Helper loaded: string_helper
INFO - 2020-09-01 12:03:08 --> Database Driver Class Initialized
INFO - 2020-09-01 12:03:08 --> Email Class Initialized
DEBUG - 2020-09-01 12:03:08 --> Session: "sess_save_path" is empty; using "session.save_path" value from php.ini.
INFO - 2020-09-01 12:03:08 --> Session: Class initialized using 'files' driver.
INFO - 2020-09-01 12:03:08 --> Helper loaded: form_helper
INFO - 2020-09-01 12:03:08 --> Form Validation Class Initialized
INFO - 2020-09-01 12:03:08 --> Controller Class Initialized
INFO - 2020-09-01 12:03:08 --> Model "M_scholar" initialized
INFO - 2020-09-01 12:03:08 --> Model "M_school" initialized
INFO - 2020-09-01 12:03:08 --> Model "M_reports" initialized
INFO - 2020-09-01 12:03:08 --> File loaded: C:\xampp\htdocs\scholarship\admin\views\include/header.php
INFO - 2020-09-01 12:03:08 --> File loaded: C:\xampp\htdocs\scholarship\admin\views\include/menu.php
INFO - 2020-09-01 12:03:08 --> File loaded: C:\xampp\htdocs\scholarship\admin\views\include/footer.php
INFO - 2020-09-01 12:03:08 --> File loaded: C:\xampp\htdocs\scholarship\admin\views\include/msg.php
INFO - 2020-09-01 12:03:08 --> File loaded: C:\xampp\htdocs\scholarship\admin\views\dashboard/contribution-dashboard.php
INFO - 2020-09-01 12:03:08 --> Final output sent to browser
DEBUG - 2020-09-01 12:03:08 --> Total execution time: 0.4969
INFO - 2020-09-01 12:03:09 --> Config Class Initialized
INFO - 2020-09-01 12:03:09 --> Hooks Class Initialized
DEBUG - 2020-09-01 12:03:09 --> UTF-8 Support Enabled
INFO - 2020-09-01 12:03:09 --> Utf8 Class Initialized
INFO - 2020-09-01 12:03:09 --> URI Class Initialized
INFO - 2020-09-01 12:03:09 --> Router Class Initialized
INFO - 2020-09-01 12:03:09 --> Output Class Initialized
INFO - 2020-09-01 12:03:09 --> Security Class Initialized
DEBUG - 2020-09-01 12:03:09 --> Global POST, GET and COOKIE data sanitized
INFO - 2020-09-01 12:03:09 --> CSRF cookie sent
INFO - 2020-09-01 12:03:09 --> Input Class Initialized
INFO - 2020-09-01 12:03:09 --> Language Class Initialized
INFO - 2020-09-01 12:03:09 --> Loader Class Initialized
INFO - 2020-09-01 12:03:09 --> Helper loaded: url_helper
INFO - 2020-09-01 12:03:09 --> Helper loaded: file_helper
INFO - 2020-09-01 12:03:09 --> Helper loaded: text_helper
INFO - 2020-09-01 12:03:09 --> Helper loaded: string_helper
INFO - 2020-09-01 12:03:09 --> Database Driver Class Initialized
INFO - 2020-09-01 12:03:09 --> Email Class Initialized
DEBUG - 2020-09-01 12:03:09 --> Session: "sess_save_path" is empty; using "session.save_path" value from php.ini.
INFO - 2020-09-01 12:03:09 --> Session: Class initialized using 'files' driver.
INFO - 2020-09-01 12:03:09 --> Helper loaded: form_helper
INFO - 2020-09-01 12:03:09 --> Form Validation Class Initialized
INFO - 2020-09-01 12:03:09 --> Controller Class Initialized
INFO - 2020-09-01 12:03:09 --> Model "M_scholar" initialized
INFO - 2020-09-01 12:03:09 --> Model "M_school" initialized
INFO - 2020-09-01 12:03:09 --> Model "M_reports" initialized
INFO - 2020-09-01 12:03:09 --> Final output sent to browser
DEBUG - 2020-09-01 12:03:09 --> Total execution time: 0.3244
INFO - 2020-09-01 12:03:15 --> Config Class Initialized
INFO - 2020-09-01 12:03:15 --> Hooks Class Initialized
DEBUG - 2020-09-01 12:03:15 --> UTF-8 Support Enabled
INFO - 2020-09-01 12:03:15 --> Utf8 Class Initialized
INFO - 2020-09-01 12:03:15 --> URI Class Initialized
INFO - 2020-09-01 12:03:15 --> Router Class Initialized
INFO - 2020-09-01 12:03:15 --> Output Class Initialized
INFO - 2020-09-01 12:03:15 --> Security Class Initialized
DEBUG - 2020-09-01 12:03:15 --> Global POST, GET and COOKIE data sanitized
INFO - 2020-09-01 12:03:15 --> CSRF cookie sent
INFO - 2020-09-01 12:03:15 --> Input Class Initialized
INFO - 2020-09-01 12:03:15 --> Language Class Initialized
INFO - 2020-09-01 12:03:15 --> Loader Class Initialized
INFO - 2020-09-01 12:03:15 --> Helper loaded: url_helper
INFO - 2020-09-01 12:03:15 --> Helper loaded: file_helper
INFO - 2020-09-01 12:03:15 --> Helper loaded: text_helper
INFO - 2020-09-01 12:03:15 --> Helper loaded: string_helper
INFO - 2020-09-01 12:03:15 --> Database Driver Class Initialized
INFO - 2020-09-01 12:03:15 --> Email Class Initialized
DEBUG - 2020-09-01 12:03:15 --> Session: "sess_save_path" is empty; using "session.save_path" value from php.ini.
INFO - 2020-09-01 12:03:15 --> Session: Class initialized using 'files' driver.
INFO - 2020-09-01 12:03:15 --> Helper loaded: form_helper
INFO - 2020-09-01 12:03:15 --> Form Validation Class Initialized
INFO - 2020-09-01 12:03:15 --> Controller Class Initialized
INFO - 2020-09-01 12:03:15 --> Model "M_scholar" initialized
INFO - 2020-09-01 12:03:15 --> Model "M_school" initialized
INFO - 2020-09-01 12:03:15 --> Model "M_reports" initialized
INFO - 2020-09-01 12:03:15 --> File loaded: C:\xampp\htdocs\scholarship\admin\views\include/header.php
INFO - 2020-09-01 12:03:15 --> File loaded: C:\xampp\htdocs\scholarship\admin\views\include/menu.php
INFO - 2020-09-01 12:03:15 --> File loaded: C:\xampp\htdocs\scholarship\admin\views\include/footer.php
INFO - 2020-09-01 12:03:15 --> File loaded: C:\xampp\htdocs\scholarship\admin\views\include/msg.php
INFO - 2020-09-01 12:03:15 --> File loaded: C:\xampp\htdocs\scholarship\admin\views\dashboard/contribution-dashboard.php
INFO - 2020-09-01 12:03:15 --> Final output sent to browser
DEBUG - 2020-09-01 12:03:15 --> Total execution time: 0.3213
INFO - 2020-09-01 12:03:16 --> Config Class Initialized
INFO - 2020-09-01 12:03:16 --> Hooks Class Initialized
DEBUG - 2020-09-01 12:03:16 --> UTF-8 Support Enabled
INFO - 2020-09-01 12:03:16 --> Utf8 Class Initialized
INFO - 2020-09-01 12:03:16 --> URI Class Initialized
INFO - 2020-09-01 12:03:16 --> Router Class Initialized
INFO - 2020-09-01 12:03:16 --> Output Class Initialized
INFO - 2020-09-01 12:03:16 --> Security Class Initialized
DEBUG - 2020-09-01 12:03:16 --> Global POST, GET and COOKIE data sanitized
INFO - 2020-09-01 12:03:16 --> CSRF cookie sent
INFO - 2020-09-01 12:03:16 --> Input Class Initialized
INFO - 2020-09-01 12:03:16 --> Language Class Initialized
INFO - 2020-09-01 12:03:16 --> Loader Class Initialized
INFO - 2020-09-01 12:03:16 --> Helper loaded: url_helper
INFO - 2020-09-01 12:03:16 --> Helper loaded: file_helper
INFO - 2020-09-01 12:03:16 --> Helper loaded: text_helper
INFO - 2020-09-01 12:03:16 --> Helper loaded: string_helper
INFO - 2020-09-01 12:03:16 --> Database Driver Class Initialized
INFO - 2020-09-01 12:03:16 --> Email Class Initialized
DEBUG - 2020-09-01 12:03:16 --> Session: "sess_save_path" is empty; using "session.save_path" value from php.ini.
INFO - 2020-09-01 12:03:16 --> Session: Class initialized using 'files' driver.
INFO - 2020-09-01 12:03:16 --> Helper loaded: form_helper
INFO - 2020-09-01 12:03:16 --> Form Validation Class Initialized
INFO - 2020-09-01 12:03:16 --> Controller Class Initialized
INFO - 2020-09-01 12:03:16 --> Model "M_scholar" initialized
INFO - 2020-09-01 12:03:16 --> Model "M_school" initialized
INFO - 2020-09-01 12:03:16 --> Model "M_reports" initialized
INFO - 2020-09-01 12:03:16 --> Final output sent to browser
DEBUG - 2020-09-01 12:03:16 --> Total execution time: 0.4677
INFO - 2020-09-01 12:04:16 --> Config Class Initialized
INFO - 2020-09-01 12:04:16 --> Hooks Class Initialized
DEBUG - 2020-09-01 12:04:16 --> UTF-8 Support Enabled
INFO - 2020-09-01 12:04:16 --> Utf8 Class Initialized
INFO - 2020-09-01 12:04:16 --> URI Class Initialized
INFO - 2020-09-01 12:04:16 --> Router Class Initialized
INFO - 2020-09-01 12:04:16 --> Output Class Initialized
INFO - 2020-09-01 12:04:16 --> Security Class Initialized
DEBUG - 2020-09-01 12:04:16 --> Global POST, GET and COOKIE data sanitized
INFO - 2020-09-01 12:04:16 --> CSRF cookie sent
INFO - 2020-09-01 12:04:16 --> Input Class Initialized
INFO - 2020-09-01 12:04:16 --> Language Class Initialized
INFO - 2020-09-01 12:04:16 --> Loader Class Initialized
INFO - 2020-09-01 12:04:16 --> Helper loaded: url_helper
INFO - 2020-09-01 12:04:16 --> Helper loaded: file_helper
INFO - 2020-09-01 12:04:16 --> Helper loaded: text_helper
INFO - 2020-09-01 12:04:16 --> Helper loaded: string_helper
INFO - 2020-09-01 12:04:16 --> Database Driver Class Initialized
INFO - 2020-09-01 12:04:16 --> Email Class Initialized
DEBUG - 2020-09-01 12:04:16 --> Session: "sess_save_path" is empty; using "session.save_path" value from php.ini.
INFO - 2020-09-01 12:04:16 --> Session: Class initialized using 'files' driver.
INFO - 2020-09-01 12:04:16 --> Helper loaded: form_helper
INFO - 2020-09-01 12:04:16 --> Form Validation Class Initialized
INFO - 2020-09-01 12:04:16 --> Controller Class Initialized
INFO - 2020-09-01 12:04:16 --> Model "M_auth" initialized
DEBUG - 2020-09-01 12:04:16 --> Sc_check class already loaded. Second attempt ignored.
INFO - 2020-09-01 12:04:16 --> Helper loaded: captcha_helper
INFO - 2020-09-01 12:04:16 --> Config Class Initialized
INFO - 2020-09-01 12:04:16 --> Hooks Class Initialized
DEBUG - 2020-09-01 12:04:16 --> UTF-8 Support Enabled
INFO - 2020-09-01 12:04:16 --> Utf8 Class Initialized
INFO - 2020-09-01 12:04:16 --> URI Class Initialized
DEBUG - 2020-09-01 12:04:16 --> No URI present. Default controller set.
INFO - 2020-09-01 12:04:16 --> Router Class Initialized
INFO - 2020-09-01 12:04:16 --> Output Class Initialized
INFO - 2020-09-01 12:04:16 --> Security Class Initialized
DEBUG - 2020-09-01 12:04:16 --> Global POST, GET and COOKIE data sanitized
INFO - 2020-09-01 12:04:16 --> CSRF cookie sent
INFO - 2020-09-01 12:04:16 --> Input Class Initialized
INFO - 2020-09-01 12:04:16 --> Language Class Initialized
INFO - 2020-09-01 12:04:16 --> Loader Class Initialized
INFO - 2020-09-01 12:04:16 --> Helper loaded: url_helper
INFO - 2020-09-01 12:04:16 --> Helper loaded: file_helper
INFO - 2020-09-01 12:04:16 --> Helper loaded: text_helper
INFO - 2020-09-01 12:04:16 --> Helper loaded: string_helper
INFO - 2020-09-01 12:04:16 --> Database Driver Class Initialized
INFO - 2020-09-01 12:04:16 --> Email Class Initialized
DEBUG - 2020-09-01 12:04:16 --> Session: "sess_save_path" is empty; using "session.save_path" value from php.ini.
INFO - 2020-09-01 12:04:16 --> Session: Class initialized using 'files' driver.
INFO - 2020-09-01 12:04:16 --> Helper loaded: form_helper
INFO - 2020-09-01 12:04:16 --> Form Validation Class Initialized
INFO - 2020-09-01 12:04:16 --> Controller Class Initialized
INFO - 2020-09-01 12:04:16 --> Model "M_auth" initialized
DEBUG - 2020-09-01 12:04:17 --> Sc_check class already loaded. Second attempt ignored.
INFO - 2020-09-01 12:04:17 --> Helper loaded: captcha_helper
INFO - 2020-09-01 12:04:17 --> File loaded: C:\xampp\htdocs\scholarship\admin\views\include/header.php
INFO - 2020-09-01 12:04:17 --> File loaded: C:\xampp\htdocs\scholarship\admin\views\include/footer.php
INFO - 2020-09-01 12:04:17 --> File loaded: C:\xampp\htdocs\scholarship\admin\views\include/msg.php
INFO - 2020-09-01 12:04:17 --> File loaded: C:\xampp\htdocs\scholarship\admin\views\auth/login.php
INFO - 2020-09-01 12:04:17 --> Final output sent to browser
DEBUG - 2020-09-01 12:04:17 --> Total execution time: 0.3712
