INFO - 2020-08-20 13:59:43 --> Config Class Initialized
INFO - 2020-08-20 13:59:43 --> Hooks Class Initialized
DEBUG - 2020-08-20 13:59:43 --> UTF-8 Support Enabled
INFO - 2020-08-20 13:59:43 --> Utf8 Class Initialized
INFO - 2020-08-20 13:59:43 --> URI Class Initialized
DEBUG - 2020-08-20 13:59:44 --> No URI present. Default controller set.
INFO - 2020-08-20 13:59:44 --> Router Class Initialized
INFO - 2020-08-20 13:59:44 --> Output Class Initialized
INFO - 2020-08-20 13:59:44 --> Security Class Initialized
DEBUG - 2020-08-20 13:59:44 --> Global POST, GET and COOKIE data sanitized
INFO - 2020-08-20 13:59:44 --> CSRF cookie sent
INFO - 2020-08-20 13:59:44 --> Input Class Initialized
INFO - 2020-08-20 13:59:44 --> Language Class Initialized
INFO - 2020-08-20 13:59:44 --> Loader Class Initialized
INFO - 2020-08-20 13:59:44 --> Helper loaded: url_helper
INFO - 2020-08-20 13:59:44 --> Helper loaded: file_helper
INFO - 2020-08-20 13:59:44 --> Helper loaded: string_helper
INFO - 2020-08-20 13:59:44 --> Database Driver Class Initialized
INFO - 2020-08-20 13:59:44 --> Email Class Initialized
DEBUG - 2020-08-20 13:59:44 --> Session: "sess_save_path" is empty; using "session.save_path" value from php.ini.
INFO - 2020-08-20 13:59:44 --> Session: Class initialized using 'files' driver.
INFO - 2020-08-20 13:59:44 --> Controller Class Initialized
INFO - 2020-08-20 13:59:44 --> Model "M_auth" initialized
INFO - 2020-08-20 13:59:44 --> Helper loaded: form_helper
INFO - 2020-08-20 13:59:44 --> Form Validation Class Initialized
DEBUG - 2020-08-20 13:59:44 --> Sc_check class already loaded. Second attempt ignored.
INFO - 2020-08-20 13:59:44 --> Helper loaded: captcha_helper
INFO - 2020-08-20 13:59:44 --> File loaded: C:\xampp\htdocs\scholarship\industry\views\include/header.php
INFO - 2020-08-20 13:59:44 --> File loaded: C:\xampp\htdocs\scholarship\industry\views\include/footer.php
INFO - 2020-08-20 13:59:44 --> File loaded: C:\xampp\htdocs\scholarship\industry\views\include/msg.php
INFO - 2020-08-20 13:59:44 --> File loaded: C:\xampp\htdocs\scholarship\industry\views\auth/login.php
INFO - 2020-08-20 13:59:44 --> Final output sent to browser
DEBUG - 2020-08-20 13:59:44 --> Total execution time: 0.6241
INFO - 2020-08-20 13:59:49 --> Config Class Initialized
INFO - 2020-08-20 13:59:49 --> Hooks Class Initialized
DEBUG - 2020-08-20 13:59:49 --> UTF-8 Support Enabled
INFO - 2020-08-20 13:59:49 --> Utf8 Class Initialized
INFO - 2020-08-20 13:59:49 --> URI Class Initialized
INFO - 2020-08-20 13:59:49 --> Router Class Initialized
INFO - 2020-08-20 13:59:49 --> Output Class Initialized
INFO - 2020-08-20 13:59:49 --> Security Class Initialized
DEBUG - 2020-08-20 13:59:49 --> Global POST, GET and COOKIE data sanitized
INFO - 2020-08-20 13:59:49 --> CSRF cookie sent
INFO - 2020-08-20 13:59:49 --> CSRF token verified
INFO - 2020-08-20 13:59:49 --> Input Class Initialized
INFO - 2020-08-20 13:59:49 --> Language Class Initialized
INFO - 2020-08-20 13:59:49 --> Loader Class Initialized
INFO - 2020-08-20 13:59:49 --> Helper loaded: url_helper
INFO - 2020-08-20 13:59:49 --> Helper loaded: file_helper
INFO - 2020-08-20 13:59:49 --> Helper loaded: string_helper
INFO - 2020-08-20 13:59:49 --> Database Driver Class Initialized
INFO - 2020-08-20 13:59:49 --> Email Class Initialized
DEBUG - 2020-08-20 13:59:49 --> Session: "sess_save_path" is empty; using "session.save_path" value from php.ini.
INFO - 2020-08-20 13:59:49 --> Session: Class initialized using 'files' driver.
INFO - 2020-08-20 13:59:49 --> Controller Class Initialized
INFO - 2020-08-20 13:59:49 --> Model "M_auth" initialized
INFO - 2020-08-20 13:59:49 --> Helper loaded: form_helper
INFO - 2020-08-20 13:59:49 --> Form Validation Class Initialized
DEBUG - 2020-08-20 13:59:49 --> Sc_check class already loaded. Second attempt ignored.
INFO - 2020-08-20 13:59:49 --> Helper loaded: captcha_helper
INFO - 2020-08-20 13:59:49 --> Final output sent to browser
DEBUG - 2020-08-20 13:59:49 --> Total execution time: 0.3900
INFO - 2020-08-20 13:59:58 --> Config Class Initialized
INFO - 2020-08-20 13:59:58 --> Hooks Class Initialized
DEBUG - 2020-08-20 13:59:58 --> UTF-8 Support Enabled
INFO - 2020-08-20 13:59:58 --> Utf8 Class Initialized
INFO - 2020-08-20 13:59:58 --> URI Class Initialized
INFO - 2020-08-20 13:59:58 --> Router Class Initialized
INFO - 2020-08-20 13:59:58 --> Output Class Initialized
INFO - 2020-08-20 13:59:58 --> Security Class Initialized
DEBUG - 2020-08-20 13:59:58 --> Global POST, GET and COOKIE data sanitized
INFO - 2020-08-20 13:59:58 --> CSRF cookie sent
INFO - 2020-08-20 13:59:58 --> CSRF token verified
INFO - 2020-08-20 13:59:58 --> Input Class Initialized
INFO - 2020-08-20 13:59:58 --> Language Class Initialized
INFO - 2020-08-20 13:59:58 --> Loader Class Initialized
INFO - 2020-08-20 13:59:58 --> Helper loaded: url_helper
INFO - 2020-08-20 13:59:58 --> Helper loaded: file_helper
INFO - 2020-08-20 13:59:58 --> Helper loaded: string_helper
INFO - 2020-08-20 13:59:58 --> Database Driver Class Initialized
INFO - 2020-08-20 13:59:58 --> Email Class Initialized
DEBUG - 2020-08-20 13:59:58 --> Session: "sess_save_path" is empty; using "session.save_path" value from php.ini.
INFO - 2020-08-20 13:59:58 --> Session: Class initialized using 'files' driver.
INFO - 2020-08-20 13:59:58 --> Controller Class Initialized
INFO - 2020-08-20 13:59:58 --> Model "M_auth" initialized
INFO - 2020-08-20 13:59:58 --> Helper loaded: form_helper
INFO - 2020-08-20 13:59:58 --> Form Validation Class Initialized
DEBUG - 2020-08-20 13:59:58 --> Sc_check class already loaded. Second attempt ignored.
INFO - 2020-08-20 13:59:58 --> Helper loaded: captcha_helper
INFO - 2020-08-20 13:59:58 --> Final output sent to browser
DEBUG - 2020-08-20 13:59:58 --> Total execution time: 0.2996
INFO - 2020-08-20 14:00:35 --> Config Class Initialized
INFO - 2020-08-20 14:00:35 --> Hooks Class Initialized
DEBUG - 2020-08-20 14:00:35 --> UTF-8 Support Enabled
INFO - 2020-08-20 14:00:35 --> Utf8 Class Initialized
INFO - 2020-08-20 14:00:36 --> URI Class Initialized
INFO - 2020-08-20 14:00:36 --> Router Class Initialized
INFO - 2020-08-20 14:00:36 --> Output Class Initialized
INFO - 2020-08-20 14:00:36 --> Security Class Initialized
DEBUG - 2020-08-20 14:00:36 --> Global POST, GET and COOKIE data sanitized
INFO - 2020-08-20 14:00:36 --> CSRF cookie sent
INFO - 2020-08-20 14:00:36 --> CSRF token verified
INFO - 2020-08-20 14:00:36 --> Input Class Initialized
INFO - 2020-08-20 14:00:36 --> Language Class Initialized
INFO - 2020-08-20 14:00:36 --> Loader Class Initialized
INFO - 2020-08-20 14:00:36 --> Helper loaded: url_helper
INFO - 2020-08-20 14:00:36 --> Helper loaded: file_helper
INFO - 2020-08-20 14:00:36 --> Helper loaded: string_helper
INFO - 2020-08-20 14:00:36 --> Database Driver Class Initialized
INFO - 2020-08-20 14:00:36 --> Email Class Initialized
DEBUG - 2020-08-20 14:00:36 --> Session: "sess_save_path" is empty; using "session.save_path" value from php.ini.
INFO - 2020-08-20 14:00:36 --> Session: Class initialized using 'files' driver.
INFO - 2020-08-20 14:00:36 --> Controller Class Initialized
INFO - 2020-08-20 14:00:36 --> Model "M_auth" initialized
INFO - 2020-08-20 14:00:36 --> Helper loaded: form_helper
INFO - 2020-08-20 14:00:36 --> Form Validation Class Initialized
DEBUG - 2020-08-20 14:00:36 --> Sc_check class already loaded. Second attempt ignored.
INFO - 2020-08-20 14:00:36 --> Helper loaded: captcha_helper
INFO - 2020-08-20 14:00:36 --> Final output sent to browser
DEBUG - 2020-08-20 14:00:36 --> Total execution time: 0.5939
INFO - 2020-08-20 14:00:48 --> Config Class Initialized
INFO - 2020-08-20 14:00:48 --> Hooks Class Initialized
DEBUG - 2020-08-20 14:00:48 --> UTF-8 Support Enabled
INFO - 2020-08-20 14:00:48 --> Utf8 Class Initialized
INFO - 2020-08-20 14:00:48 --> URI Class Initialized
INFO - 2020-08-20 14:00:48 --> Router Class Initialized
INFO - 2020-08-20 14:00:48 --> Output Class Initialized
INFO - 2020-08-20 14:00:48 --> Security Class Initialized
DEBUG - 2020-08-20 14:00:48 --> Global POST, GET and COOKIE data sanitized
INFO - 2020-08-20 14:00:48 --> CSRF cookie sent
INFO - 2020-08-20 14:00:48 --> CSRF token verified
INFO - 2020-08-20 14:00:48 --> Input Class Initialized
INFO - 2020-08-20 14:00:48 --> Language Class Initialized
INFO - 2020-08-20 14:00:48 --> Loader Class Initialized
INFO - 2020-08-20 14:00:48 --> Helper loaded: url_helper
INFO - 2020-08-20 14:00:48 --> Helper loaded: file_helper
INFO - 2020-08-20 14:00:48 --> Helper loaded: string_helper
INFO - 2020-08-20 14:00:48 --> Database Driver Class Initialized
INFO - 2020-08-20 14:00:48 --> Email Class Initialized
DEBUG - 2020-08-20 14:00:48 --> Session: "sess_save_path" is empty; using "session.save_path" value from php.ini.
INFO - 2020-08-20 14:00:48 --> Session: Class initialized using 'files' driver.
INFO - 2020-08-20 14:00:48 --> Controller Class Initialized
INFO - 2020-08-20 14:00:48 --> Model "M_auth" initialized
INFO - 2020-08-20 14:00:48 --> Helper loaded: form_helper
INFO - 2020-08-20 14:00:48 --> Form Validation Class Initialized
DEBUG - 2020-08-20 14:00:48 --> Sc_check class already loaded. Second attempt ignored.
INFO - 2020-08-20 14:00:48 --> Helper loaded: captcha_helper
INFO - 2020-08-20 14:00:48 --> Final output sent to browser
DEBUG - 2020-08-20 14:00:48 --> Total execution time: 0.3243
INFO - 2020-08-20 14:01:00 --> Config Class Initialized
INFO - 2020-08-20 14:01:00 --> Hooks Class Initialized
DEBUG - 2020-08-20 14:01:00 --> UTF-8 Support Enabled
INFO - 2020-08-20 14:01:00 --> Utf8 Class Initialized
INFO - 2020-08-20 14:01:00 --> URI Class Initialized
INFO - 2020-08-20 14:01:00 --> Router Class Initialized
INFO - 2020-08-20 14:01:00 --> Output Class Initialized
INFO - 2020-08-20 14:01:00 --> Security Class Initialized
DEBUG - 2020-08-20 14:01:00 --> Global POST, GET and COOKIE data sanitized
INFO - 2020-08-20 14:01:00 --> CSRF cookie sent
INFO - 2020-08-20 14:01:00 --> CSRF token verified
INFO - 2020-08-20 14:01:00 --> Input Class Initialized
INFO - 2020-08-20 14:01:00 --> Language Class Initialized
INFO - 2020-08-20 14:01:00 --> Loader Class Initialized
INFO - 2020-08-20 14:01:00 --> Helper loaded: url_helper
INFO - 2020-08-20 14:01:00 --> Helper loaded: file_helper
INFO - 2020-08-20 14:01:00 --> Helper loaded: string_helper
INFO - 2020-08-20 14:01:00 --> Database Driver Class Initialized
INFO - 2020-08-20 14:01:00 --> Email Class Initialized
DEBUG - 2020-08-20 14:01:00 --> Session: "sess_save_path" is empty; using "session.save_path" value from php.ini.
INFO - 2020-08-20 14:01:00 --> Session: Class initialized using 'files' driver.
INFO - 2020-08-20 14:01:00 --> Controller Class Initialized
INFO - 2020-08-20 14:01:00 --> Model "M_auth" initialized
INFO - 2020-08-20 14:01:00 --> Helper loaded: form_helper
INFO - 2020-08-20 14:01:00 --> Form Validation Class Initialized
DEBUG - 2020-08-20 14:01:00 --> Sc_check class already loaded. Second attempt ignored.
INFO - 2020-08-20 14:01:00 --> Helper loaded: captcha_helper
INFO - 2020-08-20 14:01:00 --> Config Class Initialized
INFO - 2020-08-20 14:01:00 --> Hooks Class Initialized
DEBUG - 2020-08-20 14:01:00 --> UTF-8 Support Enabled
INFO - 2020-08-20 14:01:00 --> Utf8 Class Initialized
INFO - 2020-08-20 14:01:00 --> URI Class Initialized
DEBUG - 2020-08-20 14:01:00 --> No URI present. Default controller set.
INFO - 2020-08-20 14:01:00 --> Router Class Initialized
INFO - 2020-08-20 14:01:00 --> Output Class Initialized
INFO - 2020-08-20 14:01:00 --> Security Class Initialized
DEBUG - 2020-08-20 14:01:00 --> Global POST, GET and COOKIE data sanitized
INFO - 2020-08-20 14:01:00 --> CSRF cookie sent
INFO - 2020-08-20 14:01:00 --> Input Class Initialized
INFO - 2020-08-20 14:01:00 --> Language Class Initialized
INFO - 2020-08-20 14:01:00 --> Loader Class Initialized
INFO - 2020-08-20 14:01:00 --> Helper loaded: url_helper
INFO - 2020-08-20 14:01:00 --> Helper loaded: file_helper
INFO - 2020-08-20 14:01:00 --> Helper loaded: string_helper
INFO - 2020-08-20 14:01:00 --> Database Driver Class Initialized
INFO - 2020-08-20 14:01:00 --> Email Class Initialized
DEBUG - 2020-08-20 14:01:00 --> Session: "sess_save_path" is empty; using "session.save_path" value from php.ini.
INFO - 2020-08-20 14:01:00 --> Session: Class initialized using 'files' driver.
INFO - 2020-08-20 14:01:00 --> Controller Class Initialized
INFO - 2020-08-20 14:01:00 --> Model "M_auth" initialized
INFO - 2020-08-20 14:01:00 --> Helper loaded: form_helper
INFO - 2020-08-20 14:01:00 --> Form Validation Class Initialized
DEBUG - 2020-08-20 14:01:00 --> Sc_check class already loaded. Second attempt ignored.
INFO - 2020-08-20 14:01:00 --> Helper loaded: captcha_helper
INFO - 2020-08-20 14:01:00 --> File loaded: C:\xampp\htdocs\scholarship\industry\views\include/header.php
INFO - 2020-08-20 14:01:00 --> File loaded: C:\xampp\htdocs\scholarship\industry\views\include/footer.php
INFO - 2020-08-20 14:01:00 --> File loaded: C:\xampp\htdocs\scholarship\industry\views\include/msg.php
INFO - 2020-08-20 14:01:00 --> File loaded: C:\xampp\htdocs\scholarship\industry\views\auth/login.php
INFO - 2020-08-20 14:01:00 --> Final output sent to browser
DEBUG - 2020-08-20 14:01:00 --> Total execution time: 0.4346
INFO - 2020-08-20 14:01:06 --> Config Class Initialized
INFO - 2020-08-20 14:01:06 --> Hooks Class Initialized
DEBUG - 2020-08-20 14:01:06 --> UTF-8 Support Enabled
INFO - 2020-08-20 14:01:06 --> Utf8 Class Initialized
INFO - 2020-08-20 14:01:06 --> URI Class Initialized
INFO - 2020-08-20 14:01:06 --> Router Class Initialized
INFO - 2020-08-20 14:01:06 --> Output Class Initialized
INFO - 2020-08-20 14:01:06 --> Security Class Initialized
DEBUG - 2020-08-20 14:01:06 --> Global POST, GET and COOKIE data sanitized
INFO - 2020-08-20 14:01:06 --> CSRF cookie sent
INFO - 2020-08-20 14:01:06 --> CSRF token verified
INFO - 2020-08-20 14:01:06 --> Input Class Initialized
INFO - 2020-08-20 14:01:06 --> Language Class Initialized
INFO - 2020-08-20 14:01:06 --> Loader Class Initialized
INFO - 2020-08-20 14:01:06 --> Helper loaded: url_helper
INFO - 2020-08-20 14:01:06 --> Helper loaded: file_helper
INFO - 2020-08-20 14:01:06 --> Helper loaded: string_helper
INFO - 2020-08-20 14:01:06 --> Database Driver Class Initialized
INFO - 2020-08-20 14:01:06 --> Email Class Initialized
DEBUG - 2020-08-20 14:01:06 --> Session: "sess_save_path" is empty; using "session.save_path" value from php.ini.
INFO - 2020-08-20 14:01:06 --> Session: Class initialized using 'files' driver.
INFO - 2020-08-20 14:01:06 --> Controller Class Initialized
INFO - 2020-08-20 14:01:06 --> Model "M_auth" initialized
INFO - 2020-08-20 14:01:06 --> Helper loaded: form_helper
INFO - 2020-08-20 14:01:07 --> Form Validation Class Initialized
DEBUG - 2020-08-20 14:01:07 --> Sc_check class already loaded. Second attempt ignored.
INFO - 2020-08-20 14:01:07 --> Helper loaded: captcha_helper
INFO - 2020-08-20 14:01:07 --> Final output sent to browser
DEBUG - 2020-08-20 14:01:07 --> Total execution time: 0.6966
INFO - 2020-08-20 14:01:13 --> Config Class Initialized
INFO - 2020-08-20 14:01:13 --> Hooks Class Initialized
DEBUG - 2020-08-20 14:01:13 --> UTF-8 Support Enabled
INFO - 2020-08-20 14:01:13 --> Utf8 Class Initialized
INFO - 2020-08-20 14:01:13 --> URI Class Initialized
INFO - 2020-08-20 14:01:13 --> Router Class Initialized
INFO - 2020-08-20 14:01:13 --> Output Class Initialized
INFO - 2020-08-20 14:01:13 --> Security Class Initialized
DEBUG - 2020-08-20 14:01:13 --> Global POST, GET and COOKIE data sanitized
INFO - 2020-08-20 14:01:13 --> CSRF cookie sent
INFO - 2020-08-20 14:01:13 --> CSRF token verified
INFO - 2020-08-20 14:01:13 --> Input Class Initialized
INFO - 2020-08-20 14:01:13 --> Language Class Initialized
INFO - 2020-08-20 14:01:13 --> Loader Class Initialized
INFO - 2020-08-20 14:01:13 --> Helper loaded: url_helper
INFO - 2020-08-20 14:01:13 --> Helper loaded: file_helper
INFO - 2020-08-20 14:01:13 --> Helper loaded: string_helper
INFO - 2020-08-20 14:01:13 --> Database Driver Class Initialized
INFO - 2020-08-20 14:01:13 --> Email Class Initialized
DEBUG - 2020-08-20 14:01:13 --> Session: "sess_save_path" is empty; using "session.save_path" value from php.ini.
INFO - 2020-08-20 14:01:14 --> Session: Class initialized using 'files' driver.
INFO - 2020-08-20 14:01:14 --> Controller Class Initialized
INFO - 2020-08-20 14:01:14 --> Model "M_auth" initialized
INFO - 2020-08-20 14:01:14 --> Helper loaded: form_helper
INFO - 2020-08-20 14:01:14 --> Form Validation Class Initialized
DEBUG - 2020-08-20 14:01:14 --> Sc_check class already loaded. Second attempt ignored.
INFO - 2020-08-20 14:01:14 --> Helper loaded: captcha_helper
INFO - 2020-08-20 14:01:14 --> Language file loaded: language/english/form_validation_lang.php
INFO - 2020-08-20 14:01:14 --> ---------------------Success -- Industry Logged in with prathwi@5ine.in and IP aaddress ::1 --------------
INFO - 2020-08-20 14:01:14 --> Config Class Initialized
INFO - 2020-08-20 14:01:14 --> Hooks Class Initialized
DEBUG - 2020-08-20 14:01:14 --> UTF-8 Support Enabled
INFO - 2020-08-20 14:01:14 --> Utf8 Class Initialized
INFO - 2020-08-20 14:01:14 --> URI Class Initialized
INFO - 2020-08-20 14:01:14 --> Router Class Initialized
INFO - 2020-08-20 14:01:14 --> Output Class Initialized
INFO - 2020-08-20 14:01:14 --> Security Class Initialized
DEBUG - 2020-08-20 14:01:14 --> Global POST, GET and COOKIE data sanitized
INFO - 2020-08-20 14:01:14 --> CSRF cookie sent
INFO - 2020-08-20 14:01:14 --> Input Class Initialized
INFO - 2020-08-20 14:01:14 --> Language Class Initialized
INFO - 2020-08-20 14:01:14 --> Loader Class Initialized
INFO - 2020-08-20 14:01:14 --> Helper loaded: url_helper
INFO - 2020-08-20 14:01:14 --> Helper loaded: file_helper
INFO - 2020-08-20 14:01:14 --> Helper loaded: string_helper
INFO - 2020-08-20 14:01:14 --> Database Driver Class Initialized
INFO - 2020-08-20 14:01:14 --> Email Class Initialized
DEBUG - 2020-08-20 14:01:14 --> Session: "sess_save_path" is empty; using "session.save_path" value from php.ini.
INFO - 2020-08-20 14:01:14 --> Session: Class initialized using 'files' driver.
INFO - 2020-08-20 14:01:14 --> Controller Class Initialized
INFO - 2020-08-20 14:01:14 --> Model "M_account" initialized
DEBUG - 2020-08-20 14:01:14 --> Sc_check class already loaded. Second attempt ignored.
INFO - 2020-08-20 14:01:14 --> Helper loaded: form_helper
INFO - 2020-08-20 14:01:14 --> Form Validation Class Initialized
INFO - 2020-08-20 14:01:14 --> Model "M_auth" initialized
INFO - 2020-08-20 14:01:14 --> File loaded: C:\xampp\htdocs\scholarship\industry\views\include/header.php
INFO - 2020-08-20 14:01:15 --> File loaded: C:\xampp\htdocs\scholarship\industry\views\include/menu.php
INFO - 2020-08-20 14:01:15 --> File loaded: C:\xampp\htdocs\scholarship\industry\views\include/footer.php
INFO - 2020-08-20 14:01:15 --> File loaded: C:\xampp\htdocs\scholarship\industry\views\include/msg.php
INFO - 2020-08-20 14:01:15 --> File loaded: C:\xampp\htdocs\scholarship\industry\views\account/profile.php
INFO - 2020-08-20 14:01:15 --> Final output sent to browser
DEBUG - 2020-08-20 14:01:15 --> Total execution time: 0.8076
INFO - 2020-08-20 14:01:15 --> Config Class Initialized
INFO - 2020-08-20 14:01:15 --> Hooks Class Initialized
DEBUG - 2020-08-20 14:01:15 --> UTF-8 Support Enabled
INFO - 2020-08-20 14:01:15 --> Utf8 Class Initialized
INFO - 2020-08-20 14:01:15 --> URI Class Initialized
INFO - 2020-08-20 14:01:15 --> Router Class Initialized
INFO - 2020-08-20 14:01:15 --> Output Class Initialized
INFO - 2020-08-20 14:01:15 --> Security Class Initialized
DEBUG - 2020-08-20 14:01:15 --> Global POST, GET and COOKIE data sanitized
INFO - 2020-08-20 14:01:15 --> CSRF cookie sent
INFO - 2020-08-20 14:01:15 --> Input Class Initialized
INFO - 2020-08-20 14:01:15 --> Language Class Initialized
INFO - 2020-08-20 14:01:15 --> Loader Class Initialized
INFO - 2020-08-20 14:01:15 --> Helper loaded: url_helper
INFO - 2020-08-20 14:01:15 --> Helper loaded: file_helper
INFO - 2020-08-20 14:01:16 --> Helper loaded: string_helper
INFO - 2020-08-20 14:01:16 --> Database Driver Class Initialized
INFO - 2020-08-20 14:01:16 --> Email Class Initialized
DEBUG - 2020-08-20 14:01:16 --> Session: "sess_save_path" is empty; using "session.save_path" value from php.ini.
INFO - 2020-08-20 14:01:16 --> Session: Class initialized using 'files' driver.
INFO - 2020-08-20 14:01:16 --> Controller Class Initialized
INFO - 2020-08-20 14:01:16 --> Model "M_auth" initialized
INFO - 2020-08-20 14:01:16 --> Helper loaded: form_helper
INFO - 2020-08-20 14:01:16 --> Form Validation Class Initialized
DEBUG - 2020-08-20 14:01:16 --> Sc_check class already loaded. Second attempt ignored.
INFO - 2020-08-20 14:01:16 --> Helper loaded: captcha_helper
INFO - 2020-08-20 14:01:16 --> Final output sent to browser
DEBUG - 2020-08-20 14:01:16 --> Total execution time: 0.6911
INFO - 2020-08-20 14:01:34 --> Config Class Initialized
INFO - 2020-08-20 14:01:34 --> Hooks Class Initialized
DEBUG - 2020-08-20 14:01:34 --> UTF-8 Support Enabled
INFO - 2020-08-20 14:01:34 --> Utf8 Class Initialized
INFO - 2020-08-20 14:01:34 --> URI Class Initialized
INFO - 2020-08-20 14:01:34 --> Router Class Initialized
INFO - 2020-08-20 14:01:34 --> Output Class Initialized
INFO - 2020-08-20 14:01:34 --> Security Class Initialized
DEBUG - 2020-08-20 14:01:34 --> Global POST, GET and COOKIE data sanitized
INFO - 2020-08-20 14:01:34 --> CSRF cookie sent
INFO - 2020-08-20 14:01:34 --> Input Class Initialized
INFO - 2020-08-20 14:01:34 --> Language Class Initialized
INFO - 2020-08-20 14:01:34 --> Loader Class Initialized
INFO - 2020-08-20 14:01:34 --> Helper loaded: url_helper
INFO - 2020-08-20 14:01:34 --> Helper loaded: file_helper
INFO - 2020-08-20 14:01:34 --> Helper loaded: string_helper
INFO - 2020-08-20 14:01:34 --> Database Driver Class Initialized
INFO - 2020-08-20 14:01:34 --> Email Class Initialized
DEBUG - 2020-08-20 14:01:34 --> Session: "sess_save_path" is empty; using "session.save_path" value from php.ini.
INFO - 2020-08-20 14:01:34 --> Session: Class initialized using 'files' driver.
INFO - 2020-08-20 14:01:34 --> Controller Class Initialized
INFO - 2020-08-20 14:01:34 --> Model "M_staffs" initialized
INFO - 2020-08-20 14:01:34 --> Helper loaded: form_helper
INFO - 2020-08-20 14:01:34 --> Form Validation Class Initialized
INFO - 2020-08-20 14:01:34 --> File loaded: C:\xampp\htdocs\scholarship\industry\views\include/header.php
INFO - 2020-08-20 14:01:34 --> File loaded: C:\xampp\htdocs\scholarship\industry\views\include/menu.php
INFO - 2020-08-20 14:01:34 --> File loaded: C:\xampp\htdocs\scholarship\industry\views\include/footer.php
INFO - 2020-08-20 14:01:34 --> File loaded: C:\xampp\htdocs\scholarship\industry\views\include/msg.php
INFO - 2020-08-20 14:01:34 --> File loaded: C:\xampp\htdocs\scholarship\industry\views\staffs/list.php
INFO - 2020-08-20 14:01:34 --> Final output sent to browser
DEBUG - 2020-08-20 14:01:34 --> Total execution time: 0.5422
INFO - 2020-08-20 14:02:30 --> Config Class Initialized
INFO - 2020-08-20 14:02:30 --> Hooks Class Initialized
DEBUG - 2020-08-20 14:02:30 --> UTF-8 Support Enabled
INFO - 2020-08-20 14:02:30 --> Utf8 Class Initialized
INFO - 2020-08-20 14:02:30 --> URI Class Initialized
INFO - 2020-08-20 14:02:30 --> Router Class Initialized
INFO - 2020-08-20 14:02:30 --> Output Class Initialized
INFO - 2020-08-20 14:02:30 --> Security Class Initialized
DEBUG - 2020-08-20 14:02:30 --> Global POST, GET and COOKIE data sanitized
INFO - 2020-08-20 14:02:30 --> CSRF cookie sent
INFO - 2020-08-20 14:02:30 --> Input Class Initialized
INFO - 2020-08-20 14:02:30 --> Language Class Initialized
INFO - 2020-08-20 14:02:31 --> Loader Class Initialized
INFO - 2020-08-20 14:02:31 --> Helper loaded: url_helper
INFO - 2020-08-20 14:02:31 --> Helper loaded: file_helper
INFO - 2020-08-20 14:02:31 --> Helper loaded: string_helper
INFO - 2020-08-20 14:02:31 --> Database Driver Class Initialized
INFO - 2020-08-20 14:02:31 --> Email Class Initialized
DEBUG - 2020-08-20 14:02:31 --> Session: "sess_save_path" is empty; using "session.save_path" value from php.ini.
INFO - 2020-08-20 14:02:31 --> Session: Class initialized using 'files' driver.
INFO - 2020-08-20 14:02:31 --> Controller Class Initialized
INFO - 2020-08-20 14:02:31 --> Model "M_application" initialized
DEBUG - 2020-08-20 14:02:31 --> Encryption: Auto-configured driver 'openssl'.
INFO - 2020-08-20 14:02:31 --> Encryption: OpenSSL initialized with method AES-128-CBC.
INFO - 2020-08-20 14:02:31 --> Encryption Class Initialized
INFO - 2020-08-20 14:02:31 --> File loaded: C:\xampp\htdocs\scholarship\industry\views\include/header.php
INFO - 2020-08-20 14:02:31 --> File loaded: C:\xampp\htdocs\scholarship\industry\views\include/menu.php
INFO - 2020-08-20 14:02:31 --> File loaded: C:\xampp\htdocs\scholarship\industry\views\include/footer.php
INFO - 2020-08-20 14:02:31 --> File loaded: C:\xampp\htdocs\scholarship\industry\views\application/request-list.php
INFO - 2020-08-20 14:02:31 --> Final output sent to browser
DEBUG - 2020-08-20 14:02:31 --> Total execution time: 0.5696
INFO - 2020-08-20 14:02:42 --> Config Class Initialized
INFO - 2020-08-20 14:02:42 --> Hooks Class Initialized
DEBUG - 2020-08-20 14:02:42 --> UTF-8 Support Enabled
INFO - 2020-08-20 14:02:42 --> Utf8 Class Initialized
INFO - 2020-08-20 14:02:42 --> URI Class Initialized
INFO - 2020-08-20 14:02:42 --> Router Class Initialized
INFO - 2020-08-20 14:02:42 --> Output Class Initialized
INFO - 2020-08-20 14:02:42 --> Security Class Initialized
DEBUG - 2020-08-20 14:02:42 --> Global POST, GET and COOKIE data sanitized
INFO - 2020-08-20 14:02:42 --> CSRF cookie sent
INFO - 2020-08-20 14:02:42 --> Input Class Initialized
INFO - 2020-08-20 14:02:42 --> Language Class Initialized
INFO - 2020-08-20 14:02:42 --> Loader Class Initialized
INFO - 2020-08-20 14:02:42 --> Helper loaded: url_helper
INFO - 2020-08-20 14:02:42 --> Helper loaded: file_helper
INFO - 2020-08-20 14:02:42 --> Helper loaded: string_helper
INFO - 2020-08-20 14:02:42 --> Database Driver Class Initialized
INFO - 2020-08-20 14:02:42 --> Email Class Initialized
DEBUG - 2020-08-20 14:02:42 --> Session: "sess_save_path" is empty; using "session.save_path" value from php.ini.
INFO - 2020-08-20 14:02:42 --> Session: Class initialized using 'files' driver.
INFO - 2020-08-20 14:02:42 --> Controller Class Initialized
INFO - 2020-08-20 14:02:42 --> Model "M_application" initialized
INFO - 2020-08-20 14:02:43 --> File loaded: C:\xampp\htdocs\scholarship\industry\views\include/header.php
INFO - 2020-08-20 14:02:43 --> File loaded: C:\xampp\htdocs\scholarship\industry\views\include/menu.php
INFO - 2020-08-20 14:02:43 --> File loaded: C:\xampp\htdocs\scholarship\industry\views\include/footer.php
INFO - 2020-08-20 14:02:43 --> File loaded: C:\xampp\htdocs\scholarship\industry\views\include/msg.php
INFO - 2020-08-20 14:02:43 --> File loaded: C:\xampp\htdocs\scholarship\industry\views\application/student-detail.php
INFO - 2020-08-20 14:02:43 --> Final output sent to browser
DEBUG - 2020-08-20 14:02:43 --> Total execution time: 1.0636
INFO - 2020-08-20 14:02:55 --> Config Class Initialized
INFO - 2020-08-20 14:02:55 --> Hooks Class Initialized
DEBUG - 2020-08-20 14:02:55 --> UTF-8 Support Enabled
INFO - 2020-08-20 14:02:55 --> Utf8 Class Initialized
INFO - 2020-08-20 14:02:55 --> URI Class Initialized
INFO - 2020-08-20 14:02:55 --> Router Class Initialized
INFO - 2020-08-20 14:02:55 --> Output Class Initialized
INFO - 2020-08-20 14:02:55 --> Security Class Initialized
DEBUG - 2020-08-20 14:02:55 --> Global POST, GET and COOKIE data sanitized
INFO - 2020-08-20 14:02:55 --> CSRF cookie sent
INFO - 2020-08-20 14:02:55 --> CSRF token verified
INFO - 2020-08-20 14:02:55 --> Input Class Initialized
INFO - 2020-08-20 14:02:55 --> Language Class Initialized
INFO - 2020-08-20 14:02:56 --> Loader Class Initialized
INFO - 2020-08-20 14:02:56 --> Helper loaded: url_helper
INFO - 2020-08-20 14:02:56 --> Helper loaded: file_helper
INFO - 2020-08-20 14:02:56 --> Helper loaded: string_helper
INFO - 2020-08-20 14:02:56 --> Database Driver Class Initialized
INFO - 2020-08-20 14:02:56 --> Email Class Initialized
DEBUG - 2020-08-20 14:02:56 --> Session: "sess_save_path" is empty; using "session.save_path" value from php.ini.
INFO - 2020-08-20 14:02:56 --> Session: Class initialized using 'files' driver.
INFO - 2020-08-20 14:02:56 --> Controller Class Initialized
INFO - 2020-08-20 14:02:56 --> Model "M_application" initialized
DEBUG - 2020-08-20 14:02:56 --> Config file loaded: C:\xampp\htdocs\scholarship\industry\config/email.php
DEBUG - 2020-08-20 14:02:56 --> Email class already loaded. Second attempt ignored.
INFO - 2020-08-20 14:02:56 --> File loaded: C:\xampp\htdocs\scholarship\industry\views\mail/approve.php
INFO - 2020-08-20 14:02:59 --> Language file loaded: language/english/email_lang.php
INFO - 2020-08-20 14:03:04 --> Final output sent to browser
DEBUG - 2020-08-20 14:03:04 --> Total execution time: 8.7441
INFO - 2020-08-20 14:03:04 --> Config Class Initialized
INFO - 2020-08-20 14:03:04 --> Hooks Class Initialized
DEBUG - 2020-08-20 14:03:04 --> UTF-8 Support Enabled
INFO - 2020-08-20 14:03:04 --> Utf8 Class Initialized
INFO - 2020-08-20 14:03:04 --> URI Class Initialized
INFO - 2020-08-20 14:03:04 --> Router Class Initialized
INFO - 2020-08-20 14:03:04 --> Output Class Initialized
INFO - 2020-08-20 14:03:04 --> Security Class Initialized
DEBUG - 2020-08-20 14:03:04 --> Global POST, GET and COOKIE data sanitized
INFO - 2020-08-20 14:03:04 --> CSRF cookie sent
INFO - 2020-08-20 14:03:04 --> Input Class Initialized
INFO - 2020-08-20 14:03:04 --> Language Class Initialized
INFO - 2020-08-20 14:03:04 --> Loader Class Initialized
INFO - 2020-08-20 14:03:04 --> Helper loaded: url_helper
INFO - 2020-08-20 14:03:04 --> Helper loaded: file_helper
INFO - 2020-08-20 14:03:04 --> Helper loaded: string_helper
INFO - 2020-08-20 14:03:04 --> Database Driver Class Initialized
INFO - 2020-08-20 14:03:04 --> Email Class Initialized
DEBUG - 2020-08-20 14:03:05 --> Session: "sess_save_path" is empty; using "session.save_path" value from php.ini.
INFO - 2020-08-20 14:03:05 --> Session: Class initialized using 'files' driver.
INFO - 2020-08-20 14:03:05 --> Controller Class Initialized
INFO - 2020-08-20 14:03:05 --> Model "M_application" initialized
DEBUG - 2020-08-20 14:03:05 --> Encryption: Auto-configured driver 'openssl'.
INFO - 2020-08-20 14:03:05 --> Encryption: OpenSSL initialized with method AES-128-CBC.
INFO - 2020-08-20 14:03:05 --> Encryption Class Initialized
INFO - 2020-08-20 14:03:05 --> File loaded: C:\xampp\htdocs\scholarship\industry\views\include/header.php
INFO - 2020-08-20 14:03:05 --> File loaded: C:\xampp\htdocs\scholarship\industry\views\include/menu.php
INFO - 2020-08-20 14:03:05 --> File loaded: C:\xampp\htdocs\scholarship\industry\views\include/footer.php
INFO - 2020-08-20 14:03:05 --> File loaded: C:\xampp\htdocs\scholarship\industry\views\application/approved.php
INFO - 2020-08-20 14:03:05 --> Final output sent to browser
DEBUG - 2020-08-20 14:03:05 --> Total execution time: 0.9143
INFO - 2020-08-20 14:03:10 --> Config Class Initialized
INFO - 2020-08-20 14:03:10 --> Hooks Class Initialized
DEBUG - 2020-08-20 14:03:10 --> UTF-8 Support Enabled
INFO - 2020-08-20 14:03:10 --> Utf8 Class Initialized
INFO - 2020-08-20 14:03:10 --> URI Class Initialized
INFO - 2020-08-20 14:03:10 --> Router Class Initialized
INFO - 2020-08-20 14:03:10 --> Output Class Initialized
INFO - 2020-08-20 14:03:10 --> Security Class Initialized
DEBUG - 2020-08-20 14:03:10 --> Global POST, GET and COOKIE data sanitized
INFO - 2020-08-20 14:03:10 --> CSRF cookie sent
INFO - 2020-08-20 14:03:10 --> Input Class Initialized
INFO - 2020-08-20 14:03:10 --> Language Class Initialized
INFO - 2020-08-20 14:03:10 --> Loader Class Initialized
INFO - 2020-08-20 14:03:10 --> Helper loaded: url_helper
INFO - 2020-08-20 14:03:10 --> Helper loaded: file_helper
INFO - 2020-08-20 14:03:10 --> Helper loaded: string_helper
INFO - 2020-08-20 14:03:10 --> Database Driver Class Initialized
INFO - 2020-08-20 14:03:10 --> Email Class Initialized
DEBUG - 2020-08-20 14:03:10 --> Session: "sess_save_path" is empty; using "session.save_path" value from php.ini.
INFO - 2020-08-20 14:03:10 --> Session: Class initialized using 'files' driver.
INFO - 2020-08-20 14:03:10 --> Controller Class Initialized
INFO - 2020-08-20 14:03:10 --> Model "M_auth" initialized
INFO - 2020-08-20 14:03:10 --> Helper loaded: form_helper
INFO - 2020-08-20 14:03:10 --> Form Validation Class Initialized
DEBUG - 2020-08-20 14:03:10 --> Sc_check class already loaded. Second attempt ignored.
INFO - 2020-08-20 14:03:10 --> Helper loaded: captcha_helper
INFO - 2020-08-20 14:03:10 --> Config Class Initialized
INFO - 2020-08-20 14:03:10 --> Hooks Class Initialized
DEBUG - 2020-08-20 14:03:10 --> UTF-8 Support Enabled
INFO - 2020-08-20 14:03:10 --> Utf8 Class Initialized
INFO - 2020-08-20 14:03:10 --> URI Class Initialized
DEBUG - 2020-08-20 14:03:10 --> No URI present. Default controller set.
INFO - 2020-08-20 14:03:10 --> Router Class Initialized
INFO - 2020-08-20 14:03:10 --> Output Class Initialized
INFO - 2020-08-20 14:03:10 --> Security Class Initialized
DEBUG - 2020-08-20 14:03:10 --> Global POST, GET and COOKIE data sanitized
INFO - 2020-08-20 14:03:10 --> CSRF cookie sent
INFO - 2020-08-20 14:03:10 --> Input Class Initialized
INFO - 2020-08-20 14:03:10 --> Language Class Initialized
INFO - 2020-08-20 14:03:10 --> Loader Class Initialized
INFO - 2020-08-20 14:03:10 --> Helper loaded: url_helper
INFO - 2020-08-20 14:03:10 --> Helper loaded: file_helper
INFO - 2020-08-20 14:03:10 --> Helper loaded: string_helper
INFO - 2020-08-20 14:03:10 --> Database Driver Class Initialized
INFO - 2020-08-20 14:03:10 --> Email Class Initialized
DEBUG - 2020-08-20 14:03:10 --> Session: "sess_save_path" is empty; using "session.save_path" value from php.ini.
INFO - 2020-08-20 14:03:11 --> Session: Class initialized using 'files' driver.
INFO - 2020-08-20 14:03:11 --> Controller Class Initialized
INFO - 2020-08-20 14:03:11 --> Model "M_auth" initialized
INFO - 2020-08-20 14:03:11 --> Helper loaded: form_helper
INFO - 2020-08-20 14:03:11 --> Form Validation Class Initialized
DEBUG - 2020-08-20 14:03:11 --> Sc_check class already loaded. Second attempt ignored.
INFO - 2020-08-20 14:03:11 --> Helper loaded: captcha_helper
INFO - 2020-08-20 14:03:11 --> File loaded: C:\xampp\htdocs\scholarship\industry\views\include/header.php
INFO - 2020-08-20 14:03:11 --> File loaded: C:\xampp\htdocs\scholarship\industry\views\include/footer.php
INFO - 2020-08-20 14:03:11 --> File loaded: C:\xampp\htdocs\scholarship\industry\views\include/msg.php
INFO - 2020-08-20 14:03:11 --> File loaded: C:\xampp\htdocs\scholarship\industry\views\auth/login.php
INFO - 2020-08-20 14:03:11 --> Final output sent to browser
DEBUG - 2020-08-20 14:03:11 --> Total execution time: 0.5682
