INFO - 2020-08-13 12:48:46 --> Config Class Initialized
INFO - 2020-08-13 12:48:46 --> Hooks Class Initialized
DEBUG - 2020-08-13 12:48:46 --> UTF-8 Support Enabled
INFO - 2020-08-13 12:48:46 --> Utf8 Class Initialized
INFO - 2020-08-13 12:48:46 --> URI Class Initialized
INFO - 2020-08-13 12:48:46 --> Router Class Initialized
INFO - 2020-08-13 12:48:46 --> Output Class Initialized
INFO - 2020-08-13 12:48:46 --> Security Class Initialized
DEBUG - 2020-08-13 12:48:46 --> Global POST, GET and COOKIE data sanitized
INFO - 2020-08-13 12:48:46 --> Input Class Initialized
INFO - 2020-08-13 12:48:46 --> Language Class Initialized
INFO - 2020-08-13 12:48:46 --> Loader Class Initialized
INFO - 2020-08-13 12:48:46 --> Helper loaded: url_helper
INFO - 2020-08-13 12:48:46 --> Helper loaded: file_helper
INFO - 2020-08-13 12:48:46 --> Helper loaded: string_helper
INFO - 2020-08-13 12:48:46 --> Database Driver Class Initialized
INFO - 2020-08-13 12:48:46 --> Email Class Initialized
DEBUG - 2020-08-13 12:48:46 --> Session: "sess_save_path" is empty; using "session.save_path" value from php.ini.
INFO - 2020-08-13 12:48:46 --> Session: Class initialized using 'files' driver.
INFO - 2020-08-13 12:48:46 --> Controller Class Initialized
INFO - 2020-08-13 12:48:46 --> Model "M_auth" initialized
INFO - 2020-08-13 12:48:46 --> Helper loaded: form_helper
INFO - 2020-08-13 12:48:46 --> Form Validation Class Initialized
DEBUG - 2020-08-13 12:48:46 --> Sc_check class already loaded. Second attempt ignored.
INFO - 2020-08-13 12:48:46 --> Helper loaded: captcha_helper
INFO - 2020-08-13 12:48:47 --> File loaded: C:\xampp\htdocs\scholarship\industry\views\include/header.php
INFO - 2020-08-13 12:48:47 --> File loaded: C:\xampp\htdocs\scholarship\industry\views\include/footer.php
INFO - 2020-08-13 12:48:47 --> File loaded: C:\xampp\htdocs\scholarship\industry\views\include/msg.php
INFO - 2020-08-13 12:48:47 --> File loaded: C:\xampp\htdocs\scholarship\industry\views\auth/login.php
INFO - 2020-08-13 12:48:47 --> Final output sent to browser
DEBUG - 2020-08-13 12:48:47 --> Total execution time: 0.9606
INFO - 2020-08-13 12:48:55 --> Config Class Initialized
INFO - 2020-08-13 12:48:55 --> Hooks Class Initialized
DEBUG - 2020-08-13 12:48:55 --> UTF-8 Support Enabled
INFO - 2020-08-13 12:48:55 --> Utf8 Class Initialized
INFO - 2020-08-13 12:48:55 --> URI Class Initialized
INFO - 2020-08-13 12:48:55 --> Router Class Initialized
INFO - 2020-08-13 12:48:55 --> Output Class Initialized
INFO - 2020-08-13 12:48:55 --> Security Class Initialized
DEBUG - 2020-08-13 12:48:55 --> Global POST, GET and COOKIE data sanitized
INFO - 2020-08-13 12:49:08 --> Config Class Initialized
INFO - 2020-08-13 12:49:08 --> Hooks Class Initialized
DEBUG - 2020-08-13 12:49:08 --> UTF-8 Support Enabled
INFO - 2020-08-13 12:49:08 --> Utf8 Class Initialized
INFO - 2020-08-13 12:49:08 --> URI Class Initialized
INFO - 2020-08-13 12:49:08 --> Router Class Initialized
INFO - 2020-08-13 12:49:08 --> Output Class Initialized
INFO - 2020-08-13 12:49:08 --> Security Class Initialized
DEBUG - 2020-08-13 12:49:08 --> Global POST, GET and COOKIE data sanitized
INFO - 2020-08-13 12:49:13 --> Config Class Initialized
INFO - 2020-08-13 12:49:13 --> Hooks Class Initialized
DEBUG - 2020-08-13 12:49:13 --> UTF-8 Support Enabled
INFO - 2020-08-13 12:49:13 --> Utf8 Class Initialized
INFO - 2020-08-13 12:49:14 --> URI Class Initialized
INFO - 2020-08-13 12:49:14 --> Router Class Initialized
INFO - 2020-08-13 12:49:14 --> Output Class Initialized
INFO - 2020-08-13 12:49:14 --> Security Class Initialized
DEBUG - 2020-08-13 12:49:14 --> Global POST, GET and COOKIE data sanitized
INFO - 2020-08-13 12:49:14 --> Input Class Initialized
INFO - 2020-08-13 12:49:14 --> Language Class Initialized
INFO - 2020-08-13 12:49:14 --> Loader Class Initialized
INFO - 2020-08-13 12:49:14 --> Helper loaded: url_helper
INFO - 2020-08-13 12:49:14 --> Helper loaded: file_helper
INFO - 2020-08-13 12:49:14 --> Helper loaded: string_helper
INFO - 2020-08-13 12:49:14 --> Database Driver Class Initialized
INFO - 2020-08-13 12:49:14 --> Email Class Initialized
DEBUG - 2020-08-13 12:49:14 --> Session: "sess_save_path" is empty; using "session.save_path" value from php.ini.
INFO - 2020-08-13 12:49:14 --> Session: Class initialized using 'files' driver.
INFO - 2020-08-13 12:49:14 --> Controller Class Initialized
INFO - 2020-08-13 12:49:14 --> Model "M_auth" initialized
INFO - 2020-08-13 12:49:14 --> Helper loaded: form_helper
INFO - 2020-08-13 12:49:14 --> Form Validation Class Initialized
DEBUG - 2020-08-13 12:49:14 --> Sc_check class already loaded. Second attempt ignored.
INFO - 2020-08-13 12:49:14 --> Helper loaded: captcha_helper
INFO - 2020-08-13 12:49:14 --> File loaded: C:\xampp\htdocs\scholarship\industry\views\include/header.php
INFO - 2020-08-13 12:49:14 --> File loaded: C:\xampp\htdocs\scholarship\industry\views\include/footer.php
INFO - 2020-08-13 12:49:14 --> File loaded: C:\xampp\htdocs\scholarship\industry\views\include/msg.php
INFO - 2020-08-13 12:49:14 --> File loaded: C:\xampp\htdocs\scholarship\industry\views\auth/login.php
INFO - 2020-08-13 12:49:14 --> Final output sent to browser
DEBUG - 2020-08-13 12:49:14 --> Total execution time: 0.3160
INFO - 2020-08-13 12:49:20 --> Config Class Initialized
INFO - 2020-08-13 12:49:20 --> Hooks Class Initialized
DEBUG - 2020-08-13 12:49:20 --> UTF-8 Support Enabled
INFO - 2020-08-13 12:49:20 --> Utf8 Class Initialized
INFO - 2020-08-13 12:49:20 --> URI Class Initialized
INFO - 2020-08-13 12:49:20 --> Router Class Initialized
INFO - 2020-08-13 12:49:20 --> Output Class Initialized
INFO - 2020-08-13 12:49:21 --> Security Class Initialized
DEBUG - 2020-08-13 12:49:21 --> Global POST, GET and COOKIE data sanitized
INFO - 2020-08-13 12:49:26 --> Config Class Initialized
INFO - 2020-08-13 12:49:26 --> Hooks Class Initialized
DEBUG - 2020-08-13 12:49:26 --> UTF-8 Support Enabled
INFO - 2020-08-13 12:49:26 --> Utf8 Class Initialized
INFO - 2020-08-13 12:49:26 --> URI Class Initialized
INFO - 2020-08-13 12:49:26 --> Router Class Initialized
INFO - 2020-08-13 12:49:26 --> Output Class Initialized
INFO - 2020-08-13 12:49:26 --> Security Class Initialized
DEBUG - 2020-08-13 12:49:26 --> Global POST, GET and COOKIE data sanitized
INFO - 2020-08-13 12:49:33 --> Config Class Initialized
INFO - 2020-08-13 12:49:33 --> Hooks Class Initialized
DEBUG - 2020-08-13 12:49:33 --> UTF-8 Support Enabled
INFO - 2020-08-13 12:49:33 --> Utf8 Class Initialized
INFO - 2020-08-13 12:49:33 --> URI Class Initialized
INFO - 2020-08-13 12:49:33 --> Router Class Initialized
INFO - 2020-08-13 12:49:33 --> Output Class Initialized
INFO - 2020-08-13 12:49:33 --> Security Class Initialized
DEBUG - 2020-08-13 12:49:33 --> Global POST, GET and COOKIE data sanitized
INFO - 2020-08-13 12:59:56 --> Config Class Initialized
INFO - 2020-08-13 12:59:56 --> Hooks Class Initialized
DEBUG - 2020-08-13 12:59:56 --> UTF-8 Support Enabled
INFO - 2020-08-13 12:59:56 --> Utf8 Class Initialized
INFO - 2020-08-13 12:59:56 --> URI Class Initialized
INFO - 2020-08-13 12:59:56 --> Router Class Initialized
INFO - 2020-08-13 12:59:56 --> Output Class Initialized
INFO - 2020-08-13 12:59:56 --> Security Class Initialized
DEBUG - 2020-08-13 12:59:56 --> Global POST, GET and COOKIE data sanitized
INFO - 2020-08-13 13:00:02 --> Config Class Initialized
INFO - 2020-08-13 13:00:02 --> Hooks Class Initialized
DEBUG - 2020-08-13 13:00:02 --> UTF-8 Support Enabled
INFO - 2020-08-13 13:00:02 --> Utf8 Class Initialized
INFO - 2020-08-13 13:00:02 --> URI Class Initialized
INFO - 2020-08-13 13:00:02 --> Router Class Initialized
INFO - 2020-08-13 13:00:02 --> Output Class Initialized
INFO - 2020-08-13 13:00:02 --> Security Class Initialized
DEBUG - 2020-08-13 13:00:02 --> Global POST, GET and COOKIE data sanitized
INFO - 2020-08-13 13:00:02 --> Input Class Initialized
INFO - 2020-08-13 13:00:02 --> Language Class Initialized
INFO - 2020-08-13 13:00:02 --> Loader Class Initialized
INFO - 2020-08-13 13:00:02 --> Helper loaded: url_helper
INFO - 2020-08-13 13:00:02 --> Helper loaded: file_helper
INFO - 2020-08-13 13:00:02 --> Helper loaded: string_helper
INFO - 2020-08-13 13:00:02 --> Database Driver Class Initialized
INFO - 2020-08-13 13:00:02 --> Email Class Initialized
DEBUG - 2020-08-13 13:00:02 --> Session: "sess_save_path" is empty; using "session.save_path" value from php.ini.
INFO - 2020-08-13 13:00:02 --> Session: Class initialized using 'files' driver.
INFO - 2020-08-13 13:00:02 --> Controller Class Initialized
INFO - 2020-08-13 13:00:02 --> Model "M_auth" initialized
INFO - 2020-08-13 13:00:02 --> Helper loaded: form_helper
INFO - 2020-08-13 13:00:02 --> Form Validation Class Initialized
DEBUG - 2020-08-13 13:00:02 --> Sc_check class already loaded. Second attempt ignored.
INFO - 2020-08-13 13:00:02 --> Helper loaded: captcha_helper
INFO - 2020-08-13 13:00:02 --> File loaded: C:\xampp\htdocs\scholarship\industry\views\include/header.php
INFO - 2020-08-13 13:00:02 --> File loaded: C:\xampp\htdocs\scholarship\industry\views\include/footer.php
INFO - 2020-08-13 13:00:02 --> File loaded: C:\xampp\htdocs\scholarship\industry\views\include/msg.php
INFO - 2020-08-13 13:00:02 --> File loaded: C:\xampp\htdocs\scholarship\industry\views\auth/login.php
INFO - 2020-08-13 13:00:02 --> Final output sent to browser
DEBUG - 2020-08-13 13:00:02 --> Total execution time: 0.3659
INFO - 2020-08-13 13:00:07 --> Config Class Initialized
INFO - 2020-08-13 13:00:07 --> Hooks Class Initialized
DEBUG - 2020-08-13 13:00:07 --> UTF-8 Support Enabled
INFO - 2020-08-13 13:00:07 --> Utf8 Class Initialized
INFO - 2020-08-13 13:00:07 --> URI Class Initialized
INFO - 2020-08-13 13:00:07 --> Router Class Initialized
INFO - 2020-08-13 13:00:07 --> Output Class Initialized
INFO - 2020-08-13 13:00:07 --> Security Class Initialized
DEBUG - 2020-08-13 13:00:07 --> Global POST, GET and COOKIE data sanitized
INFO - 2020-08-13 13:00:07 --> Input Class Initialized
INFO - 2020-08-13 13:00:07 --> Language Class Initialized
INFO - 2020-08-13 13:00:07 --> Loader Class Initialized
INFO - 2020-08-13 13:00:07 --> Helper loaded: url_helper
INFO - 2020-08-13 13:00:07 --> Helper loaded: file_helper
INFO - 2020-08-13 13:00:07 --> Helper loaded: string_helper
INFO - 2020-08-13 13:00:07 --> Database Driver Class Initialized
INFO - 2020-08-13 13:00:07 --> Email Class Initialized
DEBUG - 2020-08-13 13:00:07 --> Session: "sess_save_path" is empty; using "session.save_path" value from php.ini.
INFO - 2020-08-13 13:00:07 --> Session: Class initialized using 'files' driver.
INFO - 2020-08-13 13:00:07 --> Controller Class Initialized
INFO - 2020-08-13 13:00:07 --> Model "M_auth" initialized
INFO - 2020-08-13 13:00:07 --> Helper loaded: form_helper
INFO - 2020-08-13 13:00:07 --> Form Validation Class Initialized
DEBUG - 2020-08-13 13:00:07 --> Sc_check class already loaded. Second attempt ignored.
INFO - 2020-08-13 13:00:07 --> Helper loaded: captcha_helper
INFO - 2020-08-13 13:00:08 --> File loaded: C:\xampp\htdocs\scholarship\industry\views\include/header.php
INFO - 2020-08-13 13:00:08 --> File loaded: C:\xampp\htdocs\scholarship\industry\views\include/footer.php
INFO - 2020-08-13 13:00:08 --> File loaded: C:\xampp\htdocs\scholarship\industry\views\include/msg.php
INFO - 2020-08-13 13:00:08 --> File loaded: C:\xampp\htdocs\scholarship\industry\views\auth/forgot-password.php
INFO - 2020-08-13 13:00:08 --> Final output sent to browser
DEBUG - 2020-08-13 13:00:08 --> Total execution time: 0.3405
INFO - 2020-08-13 13:00:12 --> Config Class Initialized
INFO - 2020-08-13 13:00:12 --> Hooks Class Initialized
DEBUG - 2020-08-13 13:00:12 --> UTF-8 Support Enabled
INFO - 2020-08-13 13:00:12 --> Utf8 Class Initialized
INFO - 2020-08-13 13:00:12 --> URI Class Initialized
INFO - 2020-08-13 13:00:13 --> Router Class Initialized
INFO - 2020-08-13 13:00:13 --> Output Class Initialized
INFO - 2020-08-13 13:00:13 --> Security Class Initialized
DEBUG - 2020-08-13 13:00:13 --> Global POST, GET and COOKIE data sanitized
INFO - 2020-08-13 13:00:13 --> Config Class Initialized
INFO - 2020-08-13 13:00:13 --> Hooks Class Initialized
DEBUG - 2020-08-13 13:00:13 --> UTF-8 Support Enabled
INFO - 2020-08-13 13:00:13 --> Utf8 Class Initialized
INFO - 2020-08-13 13:00:13 --> URI Class Initialized
INFO - 2020-08-13 13:00:13 --> Router Class Initialized
INFO - 2020-08-13 13:00:13 --> Output Class Initialized
INFO - 2020-08-13 13:00:13 --> Security Class Initialized
DEBUG - 2020-08-13 13:00:13 --> Global POST, GET and COOKIE data sanitized
INFO - 2020-08-13 13:00:19 --> Config Class Initialized
INFO - 2020-08-13 13:00:19 --> Hooks Class Initialized
DEBUG - 2020-08-13 13:00:19 --> UTF-8 Support Enabled
INFO - 2020-08-13 13:00:19 --> Utf8 Class Initialized
INFO - 2020-08-13 13:00:19 --> URI Class Initialized
INFO - 2020-08-13 13:00:19 --> Router Class Initialized
INFO - 2020-08-13 13:00:19 --> Output Class Initialized
INFO - 2020-08-13 13:00:19 --> Security Class Initialized
DEBUG - 2020-08-13 13:00:19 --> Global POST, GET and COOKIE data sanitized
INFO - 2020-08-13 13:00:19 --> Input Class Initialized
INFO - 2020-08-13 13:00:19 --> Language Class Initialized
INFO - 2020-08-13 13:00:19 --> Loader Class Initialized
INFO - 2020-08-13 13:00:19 --> Helper loaded: url_helper
INFO - 2020-08-13 13:00:19 --> Helper loaded: file_helper
INFO - 2020-08-13 13:00:19 --> Helper loaded: string_helper
INFO - 2020-08-13 13:00:19 --> Database Driver Class Initialized
INFO - 2020-08-13 13:00:19 --> Email Class Initialized
DEBUG - 2020-08-13 13:00:19 --> Session: "sess_save_path" is empty; using "session.save_path" value from php.ini.
INFO - 2020-08-13 13:00:19 --> Session: Class initialized using 'files' driver.
INFO - 2020-08-13 13:00:19 --> Controller Class Initialized
INFO - 2020-08-13 13:00:19 --> Model "M_auth" initialized
INFO - 2020-08-13 13:00:19 --> Helper loaded: form_helper
INFO - 2020-08-13 13:00:19 --> Form Validation Class Initialized
DEBUG - 2020-08-13 13:00:19 --> Sc_check class already loaded. Second attempt ignored.
INFO - 2020-08-13 13:00:20 --> Helper loaded: captcha_helper
INFO - 2020-08-13 13:00:20 --> File loaded: C:\xampp\htdocs\scholarship\industry\views\include/header.php
INFO - 2020-08-13 13:00:20 --> File loaded: C:\xampp\htdocs\scholarship\industry\views\include/footer.php
INFO - 2020-08-13 13:00:20 --> File loaded: C:\xampp\htdocs\scholarship\industry\views\include/msg.php
INFO - 2020-08-13 13:00:20 --> File loaded: C:\xampp\htdocs\scholarship\industry\views\auth/forgot-password.php
INFO - 2020-08-13 13:00:20 --> Final output sent to browser
DEBUG - 2020-08-13 13:00:20 --> Total execution time: 0.5171
INFO - 2020-08-13 13:00:24 --> Config Class Initialized
INFO - 2020-08-13 13:00:24 --> Hooks Class Initialized
DEBUG - 2020-08-13 13:00:24 --> UTF-8 Support Enabled
INFO - 2020-08-13 13:00:24 --> Utf8 Class Initialized
INFO - 2020-08-13 13:00:24 --> URI Class Initialized
INFO - 2020-08-13 13:00:24 --> Router Class Initialized
INFO - 2020-08-13 13:00:24 --> Output Class Initialized
INFO - 2020-08-13 13:00:24 --> Security Class Initialized
DEBUG - 2020-08-13 13:00:24 --> Global POST, GET and COOKIE data sanitized
INFO - 2020-08-13 13:00:24 --> Config Class Initialized
INFO - 2020-08-13 13:00:24 --> Hooks Class Initialized
DEBUG - 2020-08-13 13:00:24 --> UTF-8 Support Enabled
INFO - 2020-08-13 13:00:24 --> Utf8 Class Initialized
INFO - 2020-08-13 13:00:24 --> URI Class Initialized
INFO - 2020-08-13 13:00:24 --> Router Class Initialized
INFO - 2020-08-13 13:00:24 --> Output Class Initialized
INFO - 2020-08-13 13:00:24 --> Security Class Initialized
DEBUG - 2020-08-13 13:00:24 --> Global POST, GET and COOKIE data sanitized
INFO - 2020-08-13 13:00:54 --> Config Class Initialized
INFO - 2020-08-13 13:00:54 --> Hooks Class Initialized
DEBUG - 2020-08-13 13:00:54 --> UTF-8 Support Enabled
INFO - 2020-08-13 13:00:54 --> Utf8 Class Initialized
INFO - 2020-08-13 13:00:54 --> URI Class Initialized
INFO - 2020-08-13 13:00:54 --> Router Class Initialized
INFO - 2020-08-13 13:00:54 --> Output Class Initialized
INFO - 2020-08-13 13:00:54 --> Security Class Initialized
DEBUG - 2020-08-13 13:00:54 --> Global POST, GET and COOKIE data sanitized
INFO - 2020-08-13 13:00:54 --> CSRF cookie sent
INFO - 2020-08-13 13:00:56 --> Config Class Initialized
INFO - 2020-08-13 13:00:56 --> Hooks Class Initialized
DEBUG - 2020-08-13 13:00:56 --> UTF-8 Support Enabled
INFO - 2020-08-13 13:00:56 --> Utf8 Class Initialized
INFO - 2020-08-13 13:00:56 --> URI Class Initialized
INFO - 2020-08-13 13:00:56 --> Router Class Initialized
INFO - 2020-08-13 13:00:56 --> Output Class Initialized
INFO - 2020-08-13 13:00:56 --> Security Class Initialized
DEBUG - 2020-08-13 13:00:56 --> Global POST, GET and COOKIE data sanitized
INFO - 2020-08-13 13:00:56 --> CSRF cookie sent
INFO - 2020-08-13 13:00:56 --> Input Class Initialized
INFO - 2020-08-13 13:00:56 --> Language Class Initialized
INFO - 2020-08-13 13:00:56 --> Loader Class Initialized
INFO - 2020-08-13 13:00:56 --> Helper loaded: url_helper
INFO - 2020-08-13 13:00:56 --> Helper loaded: file_helper
INFO - 2020-08-13 13:00:56 --> Helper loaded: string_helper
INFO - 2020-08-13 13:00:56 --> Database Driver Class Initialized
INFO - 2020-08-13 13:00:56 --> Email Class Initialized
DEBUG - 2020-08-13 13:00:56 --> Session: "sess_save_path" is empty; using "session.save_path" value from php.ini.
INFO - 2020-08-13 13:00:56 --> Session: Class initialized using 'files' driver.
INFO - 2020-08-13 13:00:56 --> Controller Class Initialized
INFO - 2020-08-13 13:00:56 --> Model "M_auth" initialized
INFO - 2020-08-13 13:00:56 --> Helper loaded: form_helper
INFO - 2020-08-13 13:00:56 --> Form Validation Class Initialized
DEBUG - 2020-08-13 13:00:57 --> Sc_check class already loaded. Second attempt ignored.
INFO - 2020-08-13 13:00:57 --> Helper loaded: captcha_helper
INFO - 2020-08-13 13:00:57 --> File loaded: C:\xampp\htdocs\scholarship\industry\views\include/header.php
INFO - 2020-08-13 13:00:57 --> File loaded: C:\xampp\htdocs\scholarship\industry\views\include/footer.php
INFO - 2020-08-13 13:00:57 --> File loaded: C:\xampp\htdocs\scholarship\industry\views\include/msg.php
INFO - 2020-08-13 13:00:57 --> File loaded: C:\xampp\htdocs\scholarship\industry\views\auth/forgot-password.php
INFO - 2020-08-13 13:00:57 --> Final output sent to browser
DEBUG - 2020-08-13 13:00:57 --> Total execution time: 0.8158
INFO - 2020-08-13 13:01:00 --> Config Class Initialized
INFO - 2020-08-13 13:01:00 --> Hooks Class Initialized
DEBUG - 2020-08-13 13:01:00 --> UTF-8 Support Enabled
INFO - 2020-08-13 13:01:00 --> Utf8 Class Initialized
INFO - 2020-08-13 13:01:00 --> URI Class Initialized
INFO - 2020-08-13 13:01:00 --> Router Class Initialized
INFO - 2020-08-13 13:01:00 --> Output Class Initialized
INFO - 2020-08-13 13:01:00 --> Security Class Initialized
DEBUG - 2020-08-13 13:01:00 --> Global POST, GET and COOKIE data sanitized
INFO - 2020-08-13 13:01:00 --> CSRF cookie sent
INFO - 2020-08-13 13:01:00 --> CSRF token verified
INFO - 2020-08-13 13:01:00 --> Config Class Initialized
INFO - 2020-08-13 13:01:00 --> Hooks Class Initialized
DEBUG - 2020-08-13 13:01:00 --> UTF-8 Support Enabled
INFO - 2020-08-13 13:01:00 --> Utf8 Class Initialized
INFO - 2020-08-13 13:01:00 --> URI Class Initialized
INFO - 2020-08-13 13:01:00 --> Input Class Initialized
INFO - 2020-08-13 13:01:00 --> Router Class Initialized
INFO - 2020-08-13 13:01:00 --> Output Class Initialized
INFO - 2020-08-13 13:01:00 --> Security Class Initialized
DEBUG - 2020-08-13 13:01:00 --> Global POST, GET and COOKIE data sanitized
INFO - 2020-08-13 13:01:00 --> Language Class Initialized
INFO - 2020-08-13 13:01:00 --> Loader Class Initialized
INFO - 2020-08-13 13:01:00 --> CSRF cookie sent
INFO - 2020-08-13 13:01:00 --> Helper loaded: url_helper
INFO - 2020-08-13 13:01:00 --> Helper loaded: file_helper
INFO - 2020-08-13 13:01:00 --> Helper loaded: string_helper
INFO - 2020-08-13 13:01:00 --> CSRF token verified
INFO - 2020-08-13 13:01:00 --> Database Driver Class Initialized
INFO - 2020-08-13 13:01:00 --> Email Class Initialized
INFO - 2020-08-13 13:01:00 --> Input Class Initialized
DEBUG - 2020-08-13 13:01:00 --> Session: "sess_save_path" is empty; using "session.save_path" value from php.ini.
INFO - 2020-08-13 13:01:00 --> Session: Class initialized using 'files' driver.
INFO - 2020-08-13 13:01:00 --> Controller Class Initialized
INFO - 2020-08-13 13:01:00 --> Language Class Initialized
INFO - 2020-08-13 13:01:00 --> Model "M_auth" initialized
INFO - 2020-08-13 13:01:00 --> Helper loaded: form_helper
INFO - 2020-08-13 13:01:00 --> Form Validation Class Initialized
DEBUG - 2020-08-13 13:01:00 --> Sc_check class already loaded. Second attempt ignored.
INFO - 2020-08-13 13:01:00 --> Helper loaded: captcha_helper
INFO - 2020-08-13 13:01:00 --> Loader Class Initialized
INFO - 2020-08-13 13:01:00 --> Helper loaded: url_helper
INFO - 2020-08-13 13:01:00 --> Helper loaded: file_helper
INFO - 2020-08-13 13:01:00 --> Helper loaded: string_helper
INFO - 2020-08-13 13:01:00 --> Database Driver Class Initialized
INFO - 2020-08-13 13:01:00 --> Email Class Initialized
DEBUG - 2020-08-13 13:01:00 --> Session: "sess_save_path" is empty; using "session.save_path" value from php.ini.
INFO - 2020-08-13 13:01:00 --> Final output sent to browser
DEBUG - 2020-08-13 13:01:00 --> Total execution time: 0.3962
INFO - 2020-08-13 13:01:00 --> Session: Class initialized using 'files' driver.
INFO - 2020-08-13 13:01:00 --> Controller Class Initialized
INFO - 2020-08-13 13:01:00 --> Model "M_auth" initialized
INFO - 2020-08-13 13:01:00 --> Helper loaded: form_helper
INFO - 2020-08-13 13:01:00 --> Form Validation Class Initialized
DEBUG - 2020-08-13 13:01:00 --> Sc_check class already loaded. Second attempt ignored.
INFO - 2020-08-13 13:01:00 --> Helper loaded: captcha_helper
DEBUG - 2020-08-13 13:01:00 --> Config file loaded: C:\xampp\htdocs\scholarship\industry\config/email.php
DEBUG - 2020-08-13 13:01:00 --> Email class already loaded. Second attempt ignored.
INFO - 2020-08-13 13:01:00 --> File loaded: C:\xampp\htdocs\scholarship\industry\views\mail/forgot.php
INFO - 2020-08-13 13:01:03 --> Language file loaded: language/english/email_lang.php
INFO - 2020-08-13 13:01:08 --> Config Class Initialized
INFO - 2020-08-13 13:01:08 --> Hooks Class Initialized
DEBUG - 2020-08-13 13:01:08 --> UTF-8 Support Enabled
INFO - 2020-08-13 13:01:08 --> Utf8 Class Initialized
INFO - 2020-08-13 13:01:08 --> URI Class Initialized
INFO - 2020-08-13 13:01:08 --> Router Class Initialized
INFO - 2020-08-13 13:01:08 --> Output Class Initialized
INFO - 2020-08-13 13:01:08 --> Security Class Initialized
DEBUG - 2020-08-13 13:01:08 --> Global POST, GET and COOKIE data sanitized
INFO - 2020-08-13 13:01:08 --> CSRF cookie sent
INFO - 2020-08-13 13:01:08 --> Input Class Initialized
INFO - 2020-08-13 13:01:08 --> Language Class Initialized
INFO - 2020-08-13 13:01:08 --> Loader Class Initialized
INFO - 2020-08-13 13:01:08 --> Helper loaded: url_helper
INFO - 2020-08-13 13:01:08 --> Helper loaded: file_helper
INFO - 2020-08-13 13:01:08 --> Helper loaded: string_helper
INFO - 2020-08-13 13:01:08 --> Database Driver Class Initialized
INFO - 2020-08-13 13:01:08 --> Email Class Initialized
DEBUG - 2020-08-13 13:01:08 --> Session: "sess_save_path" is empty; using "session.save_path" value from php.ini.
INFO - 2020-08-13 13:01:08 --> Session: Class initialized using 'files' driver.
INFO - 2020-08-13 13:01:08 --> Controller Class Initialized
INFO - 2020-08-13 13:01:08 --> Model "M_auth" initialized
INFO - 2020-08-13 13:01:08 --> Helper loaded: form_helper
INFO - 2020-08-13 13:01:08 --> Form Validation Class Initialized
DEBUG - 2020-08-13 13:01:08 --> Sc_check class already loaded. Second attempt ignored.
INFO - 2020-08-13 13:01:08 --> Helper loaded: captcha_helper
INFO - 2020-08-13 13:01:08 --> File loaded: C:\xampp\htdocs\scholarship\industry\views\include/header.php
INFO - 2020-08-13 13:01:08 --> File loaded: C:\xampp\htdocs\scholarship\industry\views\include/footer.php
INFO - 2020-08-13 13:01:08 --> File loaded: C:\xampp\htdocs\scholarship\industry\views\include/msg.php
INFO - 2020-08-13 13:01:08 --> File loaded: C:\xampp\htdocs\scholarship\industry\views\auth/forgot-password.php
INFO - 2020-08-13 13:01:08 --> Final output sent to browser
DEBUG - 2020-08-13 13:01:08 --> Total execution time: 0.4061
INFO - 2020-08-13 13:01:20 --> Config Class Initialized
INFO - 2020-08-13 13:01:20 --> Hooks Class Initialized
DEBUG - 2020-08-13 13:01:20 --> UTF-8 Support Enabled
INFO - 2020-08-13 13:01:20 --> Utf8 Class Initialized
INFO - 2020-08-13 13:01:20 --> URI Class Initialized
INFO - 2020-08-13 13:01:20 --> Router Class Initialized
INFO - 2020-08-13 13:01:20 --> Output Class Initialized
INFO - 2020-08-13 13:01:20 --> Security Class Initialized
DEBUG - 2020-08-13 13:01:20 --> Global POST, GET and COOKIE data sanitized
INFO - 2020-08-13 13:01:20 --> CSRF cookie sent
INFO - 2020-08-13 13:01:20 --> CSRF token verified
INFO - 2020-08-13 13:01:20 --> Input Class Initialized
INFO - 2020-08-13 13:01:20 --> Language Class Initialized
INFO - 2020-08-13 13:01:20 --> Loader Class Initialized
INFO - 2020-08-13 13:01:20 --> Helper loaded: url_helper
INFO - 2020-08-13 13:01:20 --> Helper loaded: file_helper
INFO - 2020-08-13 13:01:20 --> Helper loaded: string_helper
INFO - 2020-08-13 13:01:20 --> Database Driver Class Initialized
INFO - 2020-08-13 13:01:20 --> Email Class Initialized
DEBUG - 2020-08-13 13:01:20 --> Session: "sess_save_path" is empty; using "session.save_path" value from php.ini.
INFO - 2020-08-13 13:01:20 --> Session: Class initialized using 'files' driver.
INFO - 2020-08-13 13:01:20 --> Controller Class Initialized
INFO - 2020-08-13 13:01:20 --> Model "M_auth" initialized
INFO - 2020-08-13 13:01:20 --> Helper loaded: form_helper
INFO - 2020-08-13 13:01:20 --> Form Validation Class Initialized
DEBUG - 2020-08-13 13:01:21 --> Sc_check class already loaded. Second attempt ignored.
INFO - 2020-08-13 13:01:21 --> Helper loaded: captcha_helper
DEBUG - 2020-08-13 13:01:21 --> Config file loaded: C:\xampp\htdocs\scholarship\industry\config/email.php
DEBUG - 2020-08-13 13:01:21 --> Email class already loaded. Second attempt ignored.
INFO - 2020-08-13 13:01:21 --> File loaded: C:\xampp\htdocs\scholarship\industry\views\mail/forgot.php
INFO - 2020-08-13 13:01:23 --> Language file loaded: language/english/email_lang.php
INFO - 2020-08-13 13:01:26 --> Config Class Initialized
INFO - 2020-08-13 13:01:26 --> Hooks Class Initialized
DEBUG - 2020-08-13 13:01:26 --> UTF-8 Support Enabled
INFO - 2020-08-13 13:01:26 --> Utf8 Class Initialized
INFO - 2020-08-13 13:01:26 --> URI Class Initialized
INFO - 2020-08-13 13:01:26 --> Router Class Initialized
INFO - 2020-08-13 13:01:26 --> Output Class Initialized
INFO - 2020-08-13 13:01:26 --> Security Class Initialized
DEBUG - 2020-08-13 13:01:26 --> Global POST, GET and COOKIE data sanitized
INFO - 2020-08-13 13:01:26 --> CSRF cookie sent
INFO - 2020-08-13 13:01:26 --> Input Class Initialized
INFO - 2020-08-13 13:01:26 --> Language Class Initialized
INFO - 2020-08-13 13:01:26 --> Loader Class Initialized
INFO - 2020-08-13 13:01:26 --> Helper loaded: url_helper
INFO - 2020-08-13 13:01:26 --> Helper loaded: file_helper
INFO - 2020-08-13 13:01:26 --> Helper loaded: string_helper
INFO - 2020-08-13 13:01:26 --> Database Driver Class Initialized
INFO - 2020-08-13 13:01:26 --> Email Class Initialized
DEBUG - 2020-08-13 13:01:26 --> Session: "sess_save_path" is empty; using "session.save_path" value from php.ini.
INFO - 2020-08-13 13:01:26 --> Session: Class initialized using 'files' driver.
INFO - 2020-08-13 13:01:26 --> Controller Class Initialized
INFO - 2020-08-13 13:01:26 --> Model "M_auth" initialized
INFO - 2020-08-13 13:01:26 --> Helper loaded: form_helper
INFO - 2020-08-13 13:01:26 --> Form Validation Class Initialized
DEBUG - 2020-08-13 13:01:26 --> Sc_check class already loaded. Second attempt ignored.
INFO - 2020-08-13 13:01:26 --> Helper loaded: captcha_helper
INFO - 2020-08-13 13:01:26 --> File loaded: C:\xampp\htdocs\scholarship\industry\views\include/header.php
INFO - 2020-08-13 13:01:26 --> File loaded: C:\xampp\htdocs\scholarship\industry\views\include/footer.php
INFO - 2020-08-13 13:01:26 --> File loaded: C:\xampp\htdocs\scholarship\industry\views\include/msg.php
INFO - 2020-08-13 13:01:26 --> File loaded: C:\xampp\htdocs\scholarship\industry\views\auth/forgot-password.php
INFO - 2020-08-13 13:01:26 --> Final output sent to browser
DEBUG - 2020-08-13 13:01:26 --> Total execution time: 0.3395
INFO - 2020-08-13 13:01:29 --> Config Class Initialized
INFO - 2020-08-13 13:01:29 --> Hooks Class Initialized
DEBUG - 2020-08-13 13:01:29 --> UTF-8 Support Enabled
INFO - 2020-08-13 13:01:29 --> Utf8 Class Initialized
INFO - 2020-08-13 13:01:29 --> URI Class Initialized
INFO - 2020-08-13 13:01:29 --> Router Class Initialized
INFO - 2020-08-13 13:01:29 --> Output Class Initialized
INFO - 2020-08-13 13:01:29 --> Security Class Initialized
DEBUG - 2020-08-13 13:01:29 --> Global POST, GET and COOKIE data sanitized
INFO - 2020-08-13 13:01:29 --> CSRF cookie sent
INFO - 2020-08-13 13:01:29 --> CSRF token verified
INFO - 2020-08-13 13:01:29 --> Input Class Initialized
INFO - 2020-08-13 13:01:29 --> Config Class Initialized
INFO - 2020-08-13 13:01:29 --> Hooks Class Initialized
DEBUG - 2020-08-13 13:01:29 --> UTF-8 Support Enabled
INFO - 2020-08-13 13:01:29 --> Utf8 Class Initialized
INFO - 2020-08-13 13:01:29 --> Language Class Initialized
INFO - 2020-08-13 13:01:29 --> URI Class Initialized
INFO - 2020-08-13 13:01:29 --> Router Class Initialized
INFO - 2020-08-13 13:01:29 --> Output Class Initialized
INFO - 2020-08-13 13:01:29 --> Security Class Initialized
INFO - 2020-08-13 13:01:29 --> Loader Class Initialized
INFO - 2020-08-13 13:01:29 --> Helper loaded: url_helper
INFO - 2020-08-13 13:01:29 --> Helper loaded: file_helper
INFO - 2020-08-13 13:01:29 --> Helper loaded: string_helper
DEBUG - 2020-08-13 13:01:29 --> Global POST, GET and COOKIE data sanitized
INFO - 2020-08-13 13:01:29 --> Database Driver Class Initialized
INFO - 2020-08-13 13:01:29 --> CSRF cookie sent
INFO - 2020-08-13 13:01:29 --> Email Class Initialized
DEBUG - 2020-08-13 13:01:29 --> Session: "sess_save_path" is empty; using "session.save_path" value from php.ini.
INFO - 2020-08-13 13:01:29 --> Session: Class initialized using 'files' driver.
INFO - 2020-08-13 13:01:29 --> CSRF token verified
INFO - 2020-08-13 13:01:29 --> Controller Class Initialized
INFO - 2020-08-13 13:01:29 --> Model "M_auth" initialized
INFO - 2020-08-13 13:01:29 --> Helper loaded: form_helper
INFO - 2020-08-13 13:01:29 --> Input Class Initialized
INFO - 2020-08-13 13:01:29 --> Language Class Initialized
INFO - 2020-08-13 13:01:29 --> Loader Class Initialized
INFO - 2020-08-13 13:01:29 --> Form Validation Class Initialized
INFO - 2020-08-13 13:01:29 --> Helper loaded: url_helper
INFO - 2020-08-13 13:01:29 --> Helper loaded: file_helper
INFO - 2020-08-13 13:01:29 --> Helper loaded: string_helper
DEBUG - 2020-08-13 13:01:29 --> Sc_check class already loaded. Second attempt ignored.
INFO - 2020-08-13 13:01:29 --> Database Driver Class Initialized
INFO - 2020-08-13 13:01:29 --> Email Class Initialized
INFO - 2020-08-13 13:01:29 --> Helper loaded: captcha_helper
DEBUG - 2020-08-13 13:01:29 --> Session: "sess_save_path" is empty; using "session.save_path" value from php.ini.
INFO - 2020-08-13 13:01:29 --> Final output sent to browser
DEBUG - 2020-08-13 13:01:29 --> Total execution time: 0.3374
INFO - 2020-08-13 13:01:29 --> Session: Class initialized using 'files' driver.
INFO - 2020-08-13 13:01:29 --> Controller Class Initialized
INFO - 2020-08-13 13:01:29 --> Model "M_auth" initialized
INFO - 2020-08-13 13:01:29 --> Helper loaded: form_helper
INFO - 2020-08-13 13:01:29 --> Form Validation Class Initialized
DEBUG - 2020-08-13 13:01:29 --> Sc_check class already loaded. Second attempt ignored.
INFO - 2020-08-13 13:01:29 --> Helper loaded: captcha_helper
DEBUG - 2020-08-13 13:01:29 --> Config file loaded: C:\xampp\htdocs\scholarship\industry\config/email.php
DEBUG - 2020-08-13 13:01:29 --> Email class already loaded. Second attempt ignored.
INFO - 2020-08-13 13:01:29 --> File loaded: C:\xampp\htdocs\scholarship\industry\views\mail/forgot.php
INFO - 2020-08-13 13:01:31 --> Language file loaded: language/english/email_lang.php
INFO - 2020-08-13 13:01:34 --> Config Class Initialized
INFO - 2020-08-13 13:01:34 --> Hooks Class Initialized
DEBUG - 2020-08-13 13:01:34 --> UTF-8 Support Enabled
INFO - 2020-08-13 13:01:34 --> Utf8 Class Initialized
INFO - 2020-08-13 13:01:34 --> URI Class Initialized
INFO - 2020-08-13 13:01:34 --> Router Class Initialized
INFO - 2020-08-13 13:01:34 --> Output Class Initialized
INFO - 2020-08-13 13:01:34 --> Security Class Initialized
DEBUG - 2020-08-13 13:01:34 --> Global POST, GET and COOKIE data sanitized
INFO - 2020-08-13 13:01:34 --> CSRF cookie sent
INFO - 2020-08-13 13:01:34 --> Input Class Initialized
INFO - 2020-08-13 13:01:34 --> Language Class Initialized
INFO - 2020-08-13 13:01:35 --> Loader Class Initialized
INFO - 2020-08-13 13:01:35 --> Helper loaded: url_helper
INFO - 2020-08-13 13:01:35 --> Helper loaded: file_helper
INFO - 2020-08-13 13:01:35 --> Helper loaded: string_helper
INFO - 2020-08-13 13:01:35 --> Database Driver Class Initialized
INFO - 2020-08-13 13:01:35 --> Email Class Initialized
DEBUG - 2020-08-13 13:01:35 --> Session: "sess_save_path" is empty; using "session.save_path" value from php.ini.
INFO - 2020-08-13 13:01:35 --> Session: Class initialized using 'files' driver.
INFO - 2020-08-13 13:01:35 --> Controller Class Initialized
INFO - 2020-08-13 13:01:35 --> Model "M_auth" initialized
INFO - 2020-08-13 13:01:35 --> Helper loaded: form_helper
INFO - 2020-08-13 13:01:35 --> Form Validation Class Initialized
DEBUG - 2020-08-13 13:01:35 --> Sc_check class already loaded. Second attempt ignored.
INFO - 2020-08-13 13:01:35 --> Helper loaded: captcha_helper
INFO - 2020-08-13 13:01:35 --> File loaded: C:\xampp\htdocs\scholarship\industry\views\include/header.php
INFO - 2020-08-13 13:01:35 --> File loaded: C:\xampp\htdocs\scholarship\industry\views\include/footer.php
INFO - 2020-08-13 13:01:35 --> File loaded: C:\xampp\htdocs\scholarship\industry\views\include/msg.php
INFO - 2020-08-13 13:01:35 --> File loaded: C:\xampp\htdocs\scholarship\industry\views\auth/forgot-password.php
INFO - 2020-08-13 13:01:35 --> Final output sent to browser
DEBUG - 2020-08-13 13:01:35 --> Total execution time: 0.4367
INFO - 2020-08-13 13:09:31 --> Config Class Initialized
INFO - 2020-08-13 13:09:31 --> Hooks Class Initialized
DEBUG - 2020-08-13 13:09:31 --> UTF-8 Support Enabled
INFO - 2020-08-13 13:09:31 --> Utf8 Class Initialized
INFO - 2020-08-13 13:09:31 --> URI Class Initialized
INFO - 2020-08-13 13:09:31 --> Router Class Initialized
INFO - 2020-08-13 13:09:31 --> Output Class Initialized
INFO - 2020-08-13 13:09:31 --> Security Class Initialized
DEBUG - 2020-08-13 13:09:31 --> Global POST, GET and COOKIE data sanitized
INFO - 2020-08-13 13:09:31 --> CSRF cookie sent
INFO - 2020-08-13 13:09:40 --> Config Class Initialized
INFO - 2020-08-13 13:09:40 --> Hooks Class Initialized
DEBUG - 2020-08-13 13:09:40 --> UTF-8 Support Enabled
INFO - 2020-08-13 13:09:40 --> Utf8 Class Initialized
INFO - 2020-08-13 13:09:40 --> URI Class Initialized
INFO - 2020-08-13 13:09:40 --> Router Class Initialized
INFO - 2020-08-13 13:09:40 --> Output Class Initialized
INFO - 2020-08-13 13:09:40 --> Security Class Initialized
DEBUG - 2020-08-13 13:09:40 --> Global POST, GET and COOKIE data sanitized
INFO - 2020-08-13 13:09:40 --> CSRF cookie sent
INFO - 2020-08-13 13:09:46 --> Config Class Initialized
INFO - 2020-08-13 13:09:46 --> Hooks Class Initialized
DEBUG - 2020-08-13 13:09:46 --> UTF-8 Support Enabled
INFO - 2020-08-13 13:09:46 --> Utf8 Class Initialized
INFO - 2020-08-13 13:09:46 --> URI Class Initialized
INFO - 2020-08-13 13:09:46 --> Router Class Initialized
INFO - 2020-08-13 13:09:46 --> Output Class Initialized
INFO - 2020-08-13 13:09:46 --> Security Class Initialized
DEBUG - 2020-08-13 13:09:46 --> Global POST, GET and COOKIE data sanitized
INFO - 2020-08-13 13:09:46 --> CSRF cookie sent
INFO - 2020-08-13 13:09:56 --> Config Class Initialized
INFO - 2020-08-13 13:09:56 --> Hooks Class Initialized
DEBUG - 2020-08-13 13:09:56 --> UTF-8 Support Enabled
INFO - 2020-08-13 13:09:56 --> Utf8 Class Initialized
INFO - 2020-08-13 13:09:56 --> URI Class Initialized
INFO - 2020-08-13 13:09:56 --> Router Class Initialized
INFO - 2020-08-13 13:09:56 --> Output Class Initialized
INFO - 2020-08-13 13:09:56 --> Security Class Initialized
DEBUG - 2020-08-13 13:09:56 --> Global POST, GET and COOKIE data sanitized
INFO - 2020-08-13 13:09:56 --> CSRF cookie sent
INFO - 2020-08-13 13:09:56 --> Input Class Initialized
INFO - 2020-08-13 13:09:56 --> Language Class Initialized
INFO - 2020-08-13 13:09:56 --> Loader Class Initialized
INFO - 2020-08-13 13:09:56 --> Helper loaded: url_helper
INFO - 2020-08-13 13:09:56 --> Helper loaded: file_helper
INFO - 2020-08-13 13:09:56 --> Helper loaded: string_helper
INFO - 2020-08-13 13:09:56 --> Database Driver Class Initialized
INFO - 2020-08-13 13:09:56 --> Email Class Initialized
DEBUG - 2020-08-13 13:09:56 --> Session: "sess_save_path" is empty; using "session.save_path" value from php.ini.
INFO - 2020-08-13 13:09:56 --> Session: Class initialized using 'files' driver.
INFO - 2020-08-13 13:09:56 --> Controller Class Initialized
INFO - 2020-08-13 13:09:56 --> Model "M_auth" initialized
INFO - 2020-08-13 13:09:56 --> Helper loaded: form_helper
INFO - 2020-08-13 13:09:56 --> Form Validation Class Initialized
DEBUG - 2020-08-13 13:09:56 --> Sc_check class already loaded. Second attempt ignored.
INFO - 2020-08-13 13:09:56 --> Helper loaded: captcha_helper
INFO - 2020-08-13 13:09:56 --> Config Class Initialized
INFO - 2020-08-13 13:09:56 --> Hooks Class Initialized
DEBUG - 2020-08-13 13:09:56 --> UTF-8 Support Enabled
INFO - 2020-08-13 13:09:56 --> Utf8 Class Initialized
INFO - 2020-08-13 13:09:56 --> URI Class Initialized
DEBUG - 2020-08-13 13:09:56 --> No URI present. Default controller set.
INFO - 2020-08-13 13:09:56 --> Router Class Initialized
INFO - 2020-08-13 13:09:56 --> Output Class Initialized
INFO - 2020-08-13 13:09:56 --> Security Class Initialized
DEBUG - 2020-08-13 13:09:56 --> Global POST, GET and COOKIE data sanitized
INFO - 2020-08-13 13:09:56 --> CSRF cookie sent
INFO - 2020-08-13 13:09:56 --> Input Class Initialized
INFO - 2020-08-13 13:09:56 --> Language Class Initialized
INFO - 2020-08-13 13:09:56 --> Loader Class Initialized
INFO - 2020-08-13 13:09:56 --> Helper loaded: url_helper
INFO - 2020-08-13 13:09:56 --> Helper loaded: file_helper
INFO - 2020-08-13 13:09:56 --> Helper loaded: string_helper
INFO - 2020-08-13 13:09:56 --> Database Driver Class Initialized
INFO - 2020-08-13 13:09:56 --> Email Class Initialized
DEBUG - 2020-08-13 13:09:56 --> Session: "sess_save_path" is empty; using "session.save_path" value from php.ini.
INFO - 2020-08-13 13:09:56 --> Session: Class initialized using 'files' driver.
INFO - 2020-08-13 13:09:56 --> Controller Class Initialized
INFO - 2020-08-13 13:09:56 --> Model "M_auth" initialized
INFO - 2020-08-13 13:09:56 --> Helper loaded: form_helper
INFO - 2020-08-13 13:09:56 --> Form Validation Class Initialized
DEBUG - 2020-08-13 13:09:56 --> Sc_check class already loaded. Second attempt ignored.
INFO - 2020-08-13 13:09:56 --> Helper loaded: captcha_helper
INFO - 2020-08-13 13:09:56 --> File loaded: C:\xampp\htdocs\scholarship\industry\views\include/header.php
INFO - 2020-08-13 13:09:56 --> File loaded: C:\xampp\htdocs\scholarship\industry\views\include/footer.php
INFO - 2020-08-13 13:09:56 --> File loaded: C:\xampp\htdocs\scholarship\industry\views\include/msg.php
INFO - 2020-08-13 13:09:56 --> File loaded: C:\xampp\htdocs\scholarship\industry\views\auth/login.php
INFO - 2020-08-13 13:09:56 --> Final output sent to browser
DEBUG - 2020-08-13 13:09:56 --> Total execution time: 0.3148
INFO - 2020-08-13 13:10:00 --> Config Class Initialized
INFO - 2020-08-13 13:10:00 --> Hooks Class Initialized
DEBUG - 2020-08-13 13:10:00 --> UTF-8 Support Enabled
INFO - 2020-08-13 13:10:00 --> Utf8 Class Initialized
INFO - 2020-08-13 13:10:00 --> URI Class Initialized
INFO - 2020-08-13 13:10:00 --> Router Class Initialized
INFO - 2020-08-13 13:10:00 --> Output Class Initialized
INFO - 2020-08-13 13:10:00 --> Security Class Initialized
DEBUG - 2020-08-13 13:10:00 --> Global POST, GET and COOKIE data sanitized
INFO - 2020-08-13 13:10:00 --> CSRF cookie sent
INFO - 2020-08-13 13:10:00 --> Input Class Initialized
INFO - 2020-08-13 13:10:00 --> Language Class Initialized
INFO - 2020-08-13 13:10:00 --> Loader Class Initialized
INFO - 2020-08-13 13:10:00 --> Helper loaded: url_helper
INFO - 2020-08-13 13:10:00 --> Helper loaded: file_helper
INFO - 2020-08-13 13:10:00 --> Helper loaded: string_helper
INFO - 2020-08-13 13:10:00 --> Database Driver Class Initialized
INFO - 2020-08-13 13:10:00 --> Email Class Initialized
DEBUG - 2020-08-13 13:10:00 --> Session: "sess_save_path" is empty; using "session.save_path" value from php.ini.
INFO - 2020-08-13 13:10:00 --> Session: Class initialized using 'files' driver.
INFO - 2020-08-13 13:10:00 --> Controller Class Initialized
INFO - 2020-08-13 13:10:00 --> Model "M_auth" initialized
INFO - 2020-08-13 13:10:00 --> Helper loaded: form_helper
INFO - 2020-08-13 13:10:00 --> Form Validation Class Initialized
DEBUG - 2020-08-13 13:10:00 --> Sc_check class already loaded. Second attempt ignored.
INFO - 2020-08-13 13:10:00 --> Helper loaded: captcha_helper
INFO - 2020-08-13 13:10:00 --> File loaded: C:\xampp\htdocs\scholarship\industry\views\include/header.php
INFO - 2020-08-13 13:10:00 --> File loaded: C:\xampp\htdocs\scholarship\industry\views\include/footer.php
INFO - 2020-08-13 13:10:00 --> File loaded: C:\xampp\htdocs\scholarship\industry\views\include/msg.php
INFO - 2020-08-13 13:10:00 --> File loaded: C:\xampp\htdocs\scholarship\industry\views\auth/forgot-password.php
INFO - 2020-08-13 13:10:00 --> Final output sent to browser
DEBUG - 2020-08-13 13:10:00 --> Total execution time: 0.4925
INFO - 2020-08-13 13:10:03 --> Config Class Initialized
INFO - 2020-08-13 13:10:03 --> Hooks Class Initialized
DEBUG - 2020-08-13 13:10:03 --> UTF-8 Support Enabled
INFO - 2020-08-13 13:10:03 --> Utf8 Class Initialized
INFO - 2020-08-13 13:10:03 --> URI Class Initialized
INFO - 2020-08-13 13:10:03 --> Router Class Initialized
INFO - 2020-08-13 13:10:03 --> Output Class Initialized
INFO - 2020-08-13 13:10:03 --> Config Class Initialized
INFO - 2020-08-13 13:10:03 --> Hooks Class Initialized
DEBUG - 2020-08-13 13:10:03 --> UTF-8 Support Enabled
INFO - 2020-08-13 13:10:03 --> Security Class Initialized
DEBUG - 2020-08-13 13:10:03 --> Global POST, GET and COOKIE data sanitized
INFO - 2020-08-13 13:10:03 --> CSRF cookie sent
INFO - 2020-08-13 13:10:03 --> CSRF token verified
INFO - 2020-08-13 13:10:03 --> Input Class Initialized
INFO - 2020-08-13 13:10:03 --> Language Class Initialized
INFO - 2020-08-13 13:10:03 --> Utf8 Class Initialized
INFO - 2020-08-13 13:10:03 --> Loader Class Initialized
INFO - 2020-08-13 13:10:03 --> Helper loaded: url_helper
INFO - 2020-08-13 13:10:03 --> Helper loaded: file_helper
INFO - 2020-08-13 13:10:03 --> Helper loaded: string_helper
INFO - 2020-08-13 13:10:03 --> URI Class Initialized
INFO - 2020-08-13 13:10:03 --> Database Driver Class Initialized
INFO - 2020-08-13 13:10:03 --> Email Class Initialized
INFO - 2020-08-13 13:10:03 --> Router Class Initialized
INFO - 2020-08-13 13:10:03 --> Output Class Initialized
INFO - 2020-08-13 13:10:03 --> Security Class Initialized
DEBUG - 2020-08-13 13:10:03 --> Global POST, GET and COOKIE data sanitized
INFO - 2020-08-13 13:10:03 --> CSRF cookie sent
INFO - 2020-08-13 13:10:03 --> CSRF token verified
INFO - 2020-08-13 13:10:03 --> Input Class Initialized
INFO - 2020-08-13 13:10:03 --> Language Class Initialized
DEBUG - 2020-08-13 13:10:03 --> Session: "sess_save_path" is empty; using "session.save_path" value from php.ini.
INFO - 2020-08-13 13:10:03 --> Session: Class initialized using 'files' driver.
INFO - 2020-08-13 13:10:03 --> Controller Class Initialized
INFO - 2020-08-13 13:10:03 --> Loader Class Initialized
INFO - 2020-08-13 13:10:03 --> Helper loaded: url_helper
INFO - 2020-08-13 13:10:03 --> Helper loaded: file_helper
INFO - 2020-08-13 13:10:03 --> Helper loaded: string_helper
INFO - 2020-08-13 13:10:03 --> Model "M_auth" initialized
INFO - 2020-08-13 13:10:03 --> Database Driver Class Initialized
INFO - 2020-08-13 13:10:03 --> Email Class Initialized
INFO - 2020-08-13 13:10:03 --> Helper loaded: form_helper
INFO - 2020-08-13 13:10:03 --> Form Validation Class Initialized
DEBUG - 2020-08-13 13:10:03 --> Sc_check class already loaded. Second attempt ignored.
INFO - 2020-08-13 13:10:03 --> Helper loaded: captcha_helper
INFO - 2020-08-13 13:10:03 --> Final output sent to browser
DEBUG - 2020-08-13 13:10:03 --> Total execution time: 0.2779
DEBUG - 2020-08-13 13:10:03 --> Session: "sess_save_path" is empty; using "session.save_path" value from php.ini.
INFO - 2020-08-13 13:10:03 --> Session: Class initialized using 'files' driver.
INFO - 2020-08-13 13:10:03 --> Controller Class Initialized
INFO - 2020-08-13 13:10:03 --> Model "M_auth" initialized
INFO - 2020-08-13 13:10:04 --> Helper loaded: form_helper
INFO - 2020-08-13 13:10:04 --> Form Validation Class Initialized
DEBUG - 2020-08-13 13:10:04 --> Sc_check class already loaded. Second attempt ignored.
INFO - 2020-08-13 13:10:04 --> Helper loaded: captcha_helper
DEBUG - 2020-08-13 13:10:04 --> Config file loaded: C:\xampp\htdocs\scholarship\industry\config/email.php
DEBUG - 2020-08-13 13:10:04 --> Email class already loaded. Second attempt ignored.
INFO - 2020-08-13 13:10:04 --> File loaded: C:\xampp\htdocs\scholarship\industry\views\mail/forgot.php
INFO - 2020-08-13 13:10:06 --> Language file loaded: language/english/email_lang.php
INFO - 2020-08-13 13:10:10 --> Config Class Initialized
INFO - 2020-08-13 13:10:10 --> Hooks Class Initialized
DEBUG - 2020-08-13 13:10:10 --> UTF-8 Support Enabled
INFO - 2020-08-13 13:10:10 --> Utf8 Class Initialized
INFO - 2020-08-13 13:10:10 --> URI Class Initialized
INFO - 2020-08-13 13:10:11 --> Router Class Initialized
INFO - 2020-08-13 13:10:11 --> Output Class Initialized
INFO - 2020-08-13 13:10:11 --> Security Class Initialized
DEBUG - 2020-08-13 13:10:11 --> Global POST, GET and COOKIE data sanitized
INFO - 2020-08-13 13:10:11 --> CSRF cookie sent
INFO - 2020-08-13 13:10:11 --> Input Class Initialized
INFO - 2020-08-13 13:10:11 --> Language Class Initialized
INFO - 2020-08-13 13:10:11 --> Loader Class Initialized
INFO - 2020-08-13 13:10:11 --> Helper loaded: url_helper
INFO - 2020-08-13 13:10:11 --> Helper loaded: file_helper
INFO - 2020-08-13 13:10:11 --> Helper loaded: string_helper
INFO - 2020-08-13 13:10:11 --> Database Driver Class Initialized
INFO - 2020-08-13 13:10:11 --> Email Class Initialized
DEBUG - 2020-08-13 13:10:11 --> Session: "sess_save_path" is empty; using "session.save_path" value from php.ini.
INFO - 2020-08-13 13:10:11 --> Session: Class initialized using 'files' driver.
INFO - 2020-08-13 13:10:11 --> Controller Class Initialized
INFO - 2020-08-13 13:10:11 --> Model "M_auth" initialized
INFO - 2020-08-13 13:10:11 --> Helper loaded: form_helper
INFO - 2020-08-13 13:10:11 --> Form Validation Class Initialized
DEBUG - 2020-08-13 13:10:11 --> Sc_check class already loaded. Second attempt ignored.
INFO - 2020-08-13 13:10:11 --> Helper loaded: captcha_helper
INFO - 2020-08-13 13:10:11 --> File loaded: C:\xampp\htdocs\scholarship\industry\views\include/header.php
INFO - 2020-08-13 13:10:11 --> File loaded: C:\xampp\htdocs\scholarship\industry\views\include/footer.php
INFO - 2020-08-13 13:10:11 --> File loaded: C:\xampp\htdocs\scholarship\industry\views\include/msg.php
INFO - 2020-08-13 13:10:11 --> File loaded: C:\xampp\htdocs\scholarship\industry\views\auth/forgot-password.php
INFO - 2020-08-13 13:10:11 --> Final output sent to browser
DEBUG - 2020-08-13 13:10:11 --> Total execution time: 0.6509
