INFO - 2020-09-02 15:57:22 --> Config Class Initialized
INFO - 2020-09-02 15:57:22 --> Hooks Class Initialized
DEBUG - 2020-09-02 15:57:22 --> UTF-8 Support Enabled
INFO - 2020-09-02 15:57:22 --> Utf8 Class Initialized
INFO - 2020-09-02 15:57:22 --> URI Class Initialized
DEBUG - 2020-09-02 15:57:22 --> No URI present. Default controller set.
INFO - 2020-09-02 15:57:22 --> Router Class Initialized
INFO - 2020-09-02 15:57:22 --> Output Class Initialized
INFO - 2020-09-02 15:57:22 --> Security Class Initialized
DEBUG - 2020-09-02 15:57:22 --> Global POST, GET and COOKIE data sanitized
INFO - 2020-09-02 15:57:22 --> CSRF cookie sent
INFO - 2020-09-02 15:57:22 --> Input Class Initialized
INFO - 2020-09-02 15:57:22 --> Language Class Initialized
INFO - 2020-09-02 15:57:22 --> Loader Class Initialized
INFO - 2020-09-02 15:57:22 --> Helper loaded: url_helper
INFO - 2020-09-02 15:57:22 --> Helper loaded: file_helper
INFO - 2020-09-02 15:57:22 --> Helper loaded: string_helper
INFO - 2020-09-02 15:57:22 --> Database Driver Class Initialized
INFO - 2020-09-02 15:57:22 --> Email Class Initialized
DEBUG - 2020-09-02 15:57:22 --> Session: "sess_save_path" is empty; using "session.save_path" value from php.ini.
INFO - 2020-09-02 15:57:22 --> Session: Class initialized using 'files' driver.
INFO - 2020-09-02 15:57:22 --> Controller Class Initialized
INFO - 2020-09-02 15:57:22 --> Model "M_auth" initialized
INFO - 2020-09-02 15:57:22 --> Helper loaded: form_helper
INFO - 2020-09-02 15:57:22 --> Form Validation Class Initialized
DEBUG - 2020-09-02 15:57:22 --> Sc_check class already loaded. Second attempt ignored.
INFO - 2020-09-02 15:57:22 --> Helper loaded: captcha_helper
INFO - 2020-09-02 15:57:22 --> File loaded: C:\xampp\htdocs\scholarship\industry\views\include/header.php
INFO - 2020-09-02 15:57:22 --> File loaded: C:\xampp\htdocs\scholarship\industry\views\include/footer.php
INFO - 2020-09-02 15:57:22 --> File loaded: C:\xampp\htdocs\scholarship\industry\views\include/msg.php
INFO - 2020-09-02 15:57:22 --> File loaded: C:\xampp\htdocs\scholarship\industry\views\auth/login.php
INFO - 2020-09-02 15:57:22 --> Final output sent to browser
DEBUG - 2020-09-02 15:57:22 --> Total execution time: 0.3166
INFO - 2020-09-02 15:57:23 --> Config Class Initialized
INFO - 2020-09-02 15:57:23 --> Hooks Class Initialized
DEBUG - 2020-09-02 15:57:23 --> UTF-8 Support Enabled
INFO - 2020-09-02 15:57:23 --> Utf8 Class Initialized
INFO - 2020-09-02 15:57:23 --> URI Class Initialized
INFO - 2020-09-02 15:57:23 --> Router Class Initialized
INFO - 2020-09-02 15:57:23 --> Output Class Initialized
INFO - 2020-09-02 15:57:23 --> Security Class Initialized
DEBUG - 2020-09-02 15:57:23 --> Global POST, GET and COOKIE data sanitized
INFO - 2020-09-02 15:57:23 --> CSRF cookie sent
INFO - 2020-09-02 15:57:23 --> Input Class Initialized
INFO - 2020-09-02 15:57:23 --> Language Class Initialized
ERROR - 2020-09-02 15:57:23 --> 404 Page Not Found: Assets/css
INFO - 2020-09-02 15:58:15 --> Config Class Initialized
INFO - 2020-09-02 15:58:15 --> Hooks Class Initialized
DEBUG - 2020-09-02 15:58:15 --> UTF-8 Support Enabled
INFO - 2020-09-02 15:58:15 --> Utf8 Class Initialized
INFO - 2020-09-02 15:58:15 --> URI Class Initialized
INFO - 2020-09-02 15:58:15 --> Router Class Initialized
INFO - 2020-09-02 15:58:16 --> Output Class Initialized
INFO - 2020-09-02 15:58:16 --> Security Class Initialized
DEBUG - 2020-09-02 15:58:16 --> Global POST, GET and COOKIE data sanitized
INFO - 2020-09-02 15:58:16 --> CSRF cookie sent
INFO - 2020-09-02 15:58:16 --> Input Class Initialized
INFO - 2020-09-02 15:58:16 --> Language Class Initialized
INFO - 2020-09-02 15:58:16 --> Loader Class Initialized
INFO - 2020-09-02 15:58:16 --> Helper loaded: url_helper
INFO - 2020-09-02 15:58:16 --> Helper loaded: file_helper
INFO - 2020-09-02 15:58:16 --> Helper loaded: string_helper
INFO - 2020-09-02 15:58:16 --> Database Driver Class Initialized
INFO - 2020-09-02 15:58:16 --> Email Class Initialized
DEBUG - 2020-09-02 15:58:16 --> Session: "sess_save_path" is empty; using "session.save_path" value from php.ini.
INFO - 2020-09-02 15:58:16 --> Session: Class initialized using 'files' driver.
INFO - 2020-09-02 15:58:16 --> Controller Class Initialized
INFO - 2020-09-02 15:58:16 --> Model "M_auth" initialized
INFO - 2020-09-02 15:58:16 --> Helper loaded: form_helper
INFO - 2020-09-02 15:58:16 --> Form Validation Class Initialized
DEBUG - 2020-09-02 15:58:16 --> Sc_check class already loaded. Second attempt ignored.
INFO - 2020-09-02 15:58:16 --> Helper loaded: captcha_helper
INFO - 2020-09-02 15:58:16 --> File loaded: C:\xampp\htdocs\scholarship\industry\views\include/header.php
INFO - 2020-09-02 15:58:16 --> File loaded: C:\xampp\htdocs\scholarship\industry\views\include/footer.php
INFO - 2020-09-02 15:58:16 --> File loaded: C:\xampp\htdocs\scholarship\industry\views\include/msg.php
INFO - 2020-09-02 15:58:16 --> File loaded: C:\xampp\htdocs\scholarship\industry\views\auth/register.php
INFO - 2020-09-02 15:58:16 --> Final output sent to browser
DEBUG - 2020-09-02 15:58:16 --> Total execution time: 0.4094
INFO - 2020-09-02 16:01:21 --> Config Class Initialized
INFO - 2020-09-02 16:01:21 --> Hooks Class Initialized
DEBUG - 2020-09-02 16:01:21 --> UTF-8 Support Enabled
INFO - 2020-09-02 16:01:21 --> Utf8 Class Initialized
INFO - 2020-09-02 16:01:21 --> URI Class Initialized
INFO - 2020-09-02 16:01:21 --> Router Class Initialized
INFO - 2020-09-02 16:01:21 --> Output Class Initialized
INFO - 2020-09-02 16:01:21 --> Security Class Initialized
DEBUG - 2020-09-02 16:01:21 --> Global POST, GET and COOKIE data sanitized
INFO - 2020-09-02 16:01:21 --> CSRF cookie sent
INFO - 2020-09-02 16:01:21 --> Input Class Initialized
INFO - 2020-09-02 16:01:21 --> Language Class Initialized
INFO - 2020-09-02 16:01:21 --> Loader Class Initialized
INFO - 2020-09-02 16:01:21 --> Helper loaded: url_helper
INFO - 2020-09-02 16:01:21 --> Helper loaded: file_helper
INFO - 2020-09-02 16:01:21 --> Helper loaded: string_helper
INFO - 2020-09-02 16:01:21 --> Database Driver Class Initialized
INFO - 2020-09-02 16:01:21 --> Email Class Initialized
DEBUG - 2020-09-02 16:01:21 --> Session: "sess_save_path" is empty; using "session.save_path" value from php.ini.
INFO - 2020-09-02 16:01:21 --> Session: Class initialized using 'files' driver.
INFO - 2020-09-02 16:01:21 --> Controller Class Initialized
INFO - 2020-09-02 16:01:21 --> Model "M_auth" initialized
INFO - 2020-09-02 16:01:21 --> Helper loaded: form_helper
INFO - 2020-09-02 16:01:21 --> Form Validation Class Initialized
DEBUG - 2020-09-02 16:01:21 --> Sc_check class already loaded. Second attempt ignored.
INFO - 2020-09-02 16:01:21 --> Helper loaded: captcha_helper
INFO - 2020-09-02 16:01:21 --> File loaded: C:\xampp\htdocs\scholarship\industry\views\include/header.php
INFO - 2020-09-02 16:01:21 --> File loaded: C:\xampp\htdocs\scholarship\industry\views\include/footer.php
INFO - 2020-09-02 16:01:21 --> File loaded: C:\xampp\htdocs\scholarship\industry\views\include/msg.php
INFO - 2020-09-02 16:01:21 --> File loaded: C:\xampp\htdocs\scholarship\industry\views\auth/register.php
INFO - 2020-09-02 16:01:21 --> Final output sent to browser
DEBUG - 2020-09-02 16:01:21 --> Total execution time: 0.4484
INFO - 2020-09-02 16:01:26 --> Config Class Initialized
INFO - 2020-09-02 16:01:26 --> Hooks Class Initialized
DEBUG - 2020-09-02 16:01:26 --> UTF-8 Support Enabled
INFO - 2020-09-02 16:01:26 --> Utf8 Class Initialized
INFO - 2020-09-02 16:01:26 --> URI Class Initialized
INFO - 2020-09-02 16:01:26 --> Router Class Initialized
INFO - 2020-09-02 16:01:26 --> Output Class Initialized
INFO - 2020-09-02 16:01:26 --> Security Class Initialized
DEBUG - 2020-09-02 16:01:26 --> Global POST, GET and COOKIE data sanitized
INFO - 2020-09-02 16:01:26 --> CSRF cookie sent
INFO - 2020-09-02 16:01:26 --> Input Class Initialized
INFO - 2020-09-02 16:01:26 --> Language Class Initialized
INFO - 2020-09-02 16:01:26 --> Loader Class Initialized
INFO - 2020-09-02 16:01:26 --> Helper loaded: url_helper
INFO - 2020-09-02 16:01:26 --> Helper loaded: file_helper
INFO - 2020-09-02 16:01:26 --> Helper loaded: string_helper
INFO - 2020-09-02 16:01:26 --> Database Driver Class Initialized
INFO - 2020-09-02 16:01:26 --> Email Class Initialized
DEBUG - 2020-09-02 16:01:26 --> Session: "sess_save_path" is empty; using "session.save_path" value from php.ini.
INFO - 2020-09-02 16:01:26 --> Session: Class initialized using 'files' driver.
INFO - 2020-09-02 16:01:26 --> Controller Class Initialized
INFO - 2020-09-02 16:01:26 --> Model "M_auth" initialized
INFO - 2020-09-02 16:01:26 --> Helper loaded: form_helper
INFO - 2020-09-02 16:01:26 --> Form Validation Class Initialized
DEBUG - 2020-09-02 16:01:26 --> Sc_check class already loaded. Second attempt ignored.
INFO - 2020-09-02 16:01:26 --> Helper loaded: captcha_helper
INFO - 2020-09-02 16:01:26 --> File loaded: C:\xampp\htdocs\scholarship\industry\views\include/header.php
INFO - 2020-09-02 16:01:26 --> File loaded: C:\xampp\htdocs\scholarship\industry\views\include/footer.php
INFO - 2020-09-02 16:01:26 --> File loaded: C:\xampp\htdocs\scholarship\industry\views\include/msg.php
INFO - 2020-09-02 16:01:26 --> File loaded: C:\xampp\htdocs\scholarship\industry\views\auth/company-request.php
INFO - 2020-09-02 16:01:26 --> Final output sent to browser
DEBUG - 2020-09-02 16:01:26 --> Total execution time: 0.4081
INFO - 2020-09-02 16:01:45 --> Config Class Initialized
INFO - 2020-09-02 16:01:45 --> Hooks Class Initialized
DEBUG - 2020-09-02 16:01:45 --> UTF-8 Support Enabled
INFO - 2020-09-02 16:01:45 --> Utf8 Class Initialized
INFO - 2020-09-02 16:01:45 --> URI Class Initialized
INFO - 2020-09-02 16:01:45 --> Router Class Initialized
INFO - 2020-09-02 16:01:45 --> Output Class Initialized
INFO - 2020-09-02 16:01:45 --> Security Class Initialized
DEBUG - 2020-09-02 16:01:45 --> Global POST, GET and COOKIE data sanitized
INFO - 2020-09-02 16:01:45 --> CSRF cookie sent
INFO - 2020-09-02 16:01:45 --> Input Class Initialized
INFO - 2020-09-02 16:01:45 --> Language Class Initialized
INFO - 2020-09-02 16:01:45 --> Loader Class Initialized
INFO - 2020-09-02 16:01:45 --> Helper loaded: url_helper
INFO - 2020-09-02 16:01:45 --> Helper loaded: file_helper
INFO - 2020-09-02 16:01:45 --> Helper loaded: string_helper
INFO - 2020-09-02 16:01:45 --> Database Driver Class Initialized
INFO - 2020-09-02 16:01:45 --> Email Class Initialized
DEBUG - 2020-09-02 16:01:45 --> Session: "sess_save_path" is empty; using "session.save_path" value from php.ini.
INFO - 2020-09-02 16:01:45 --> Session: Class initialized using 'files' driver.
INFO - 2020-09-02 16:01:45 --> Controller Class Initialized
INFO - 2020-09-02 16:01:45 --> Model "M_auth" initialized
INFO - 2020-09-02 16:01:45 --> Helper loaded: form_helper
INFO - 2020-09-02 16:01:45 --> Form Validation Class Initialized
DEBUG - 2020-09-02 16:01:45 --> Sc_check class already loaded. Second attempt ignored.
INFO - 2020-09-02 16:01:45 --> Helper loaded: captcha_helper
INFO - 2020-09-02 16:01:45 --> File loaded: C:\xampp\htdocs\scholarship\industry\views\include/header.php
INFO - 2020-09-02 16:01:45 --> File loaded: C:\xampp\htdocs\scholarship\industry\views\include/footer.php
INFO - 2020-09-02 16:01:45 --> File loaded: C:\xampp\htdocs\scholarship\industry\views\include/msg.php
INFO - 2020-09-02 16:01:45 --> File loaded: C:\xampp\htdocs\scholarship\industry\views\auth/company-request.php
INFO - 2020-09-02 16:01:45 --> Final output sent to browser
DEBUG - 2020-09-02 16:01:45 --> Total execution time: 0.4307
INFO - 2020-09-02 16:02:06 --> Config Class Initialized
INFO - 2020-09-02 16:02:06 --> Hooks Class Initialized
DEBUG - 2020-09-02 16:02:06 --> UTF-8 Support Enabled
INFO - 2020-09-02 16:02:06 --> Utf8 Class Initialized
INFO - 2020-09-02 16:02:06 --> URI Class Initialized
INFO - 2020-09-02 16:02:06 --> Router Class Initialized
INFO - 2020-09-02 16:02:06 --> Output Class Initialized
INFO - 2020-09-02 16:02:06 --> Security Class Initialized
DEBUG - 2020-09-02 16:02:06 --> Global POST, GET and COOKIE data sanitized
INFO - 2020-09-02 16:02:06 --> CSRF cookie sent
INFO - 2020-09-02 16:02:06 --> Input Class Initialized
INFO - 2020-09-02 16:02:06 --> Language Class Initialized
INFO - 2020-09-02 16:02:06 --> Loader Class Initialized
INFO - 2020-09-02 16:02:06 --> Helper loaded: url_helper
INFO - 2020-09-02 16:02:06 --> Helper loaded: file_helper
INFO - 2020-09-02 16:02:06 --> Helper loaded: string_helper
INFO - 2020-09-02 16:02:06 --> Database Driver Class Initialized
INFO - 2020-09-02 16:02:06 --> Email Class Initialized
DEBUG - 2020-09-02 16:02:06 --> Session: "sess_save_path" is empty; using "session.save_path" value from php.ini.
INFO - 2020-09-02 16:02:06 --> Session: Class initialized using 'files' driver.
INFO - 2020-09-02 16:02:06 --> Controller Class Initialized
INFO - 2020-09-02 16:02:06 --> Model "M_auth" initialized
INFO - 2020-09-02 16:02:06 --> Helper loaded: form_helper
INFO - 2020-09-02 16:02:06 --> Form Validation Class Initialized
DEBUG - 2020-09-02 16:02:06 --> Sc_check class already loaded. Second attempt ignored.
INFO - 2020-09-02 16:02:06 --> Helper loaded: captcha_helper
INFO - 2020-09-02 16:02:06 --> File loaded: C:\xampp\htdocs\scholarship\industry\views\include/header.php
INFO - 2020-09-02 16:02:06 --> File loaded: C:\xampp\htdocs\scholarship\industry\views\include/footer.php
INFO - 2020-09-02 16:02:06 --> File loaded: C:\xampp\htdocs\scholarship\industry\views\include/msg.php
INFO - 2020-09-02 16:02:06 --> File loaded: C:\xampp\htdocs\scholarship\industry\views\auth/company-request.php
INFO - 2020-09-02 16:02:06 --> Final output sent to browser
DEBUG - 2020-09-02 16:02:06 --> Total execution time: 0.3971
INFO - 2020-09-02 16:02:22 --> Config Class Initialized
INFO - 2020-09-02 16:02:22 --> Hooks Class Initialized
DEBUG - 2020-09-02 16:02:22 --> UTF-8 Support Enabled
INFO - 2020-09-02 16:02:22 --> Utf8 Class Initialized
INFO - 2020-09-02 16:02:22 --> URI Class Initialized
INFO - 2020-09-02 16:02:22 --> Router Class Initialized
INFO - 2020-09-02 16:02:22 --> Output Class Initialized
INFO - 2020-09-02 16:02:22 --> Security Class Initialized
DEBUG - 2020-09-02 16:02:22 --> Global POST, GET and COOKIE data sanitized
INFO - 2020-09-02 16:02:22 --> CSRF cookie sent
INFO - 2020-09-02 16:02:22 --> Input Class Initialized
INFO - 2020-09-02 16:02:22 --> Language Class Initialized
INFO - 2020-09-02 16:02:22 --> Loader Class Initialized
INFO - 2020-09-02 16:02:22 --> Helper loaded: url_helper
INFO - 2020-09-02 16:02:22 --> Helper loaded: file_helper
INFO - 2020-09-02 16:02:22 --> Helper loaded: string_helper
INFO - 2020-09-02 16:02:22 --> Database Driver Class Initialized
INFO - 2020-09-02 16:02:22 --> Email Class Initialized
DEBUG - 2020-09-02 16:02:22 --> Session: "sess_save_path" is empty; using "session.save_path" value from php.ini.
INFO - 2020-09-02 16:02:22 --> Session: Class initialized using 'files' driver.
INFO - 2020-09-02 16:02:22 --> Controller Class Initialized
INFO - 2020-09-02 16:02:22 --> Model "M_auth" initialized
INFO - 2020-09-02 16:02:22 --> Helper loaded: form_helper
INFO - 2020-09-02 16:02:22 --> Form Validation Class Initialized
DEBUG - 2020-09-02 16:02:22 --> Sc_check class already loaded. Second attempt ignored.
INFO - 2020-09-02 16:02:22 --> Helper loaded: captcha_helper
INFO - 2020-09-02 16:02:22 --> File loaded: C:\xampp\htdocs\scholarship\industry\views\include/header.php
INFO - 2020-09-02 16:02:22 --> File loaded: C:\xampp\htdocs\scholarship\industry\views\include/footer.php
INFO - 2020-09-02 16:02:22 --> File loaded: C:\xampp\htdocs\scholarship\industry\views\include/msg.php
INFO - 2020-09-02 16:02:22 --> File loaded: C:\xampp\htdocs\scholarship\industry\views\auth/company-request.php
INFO - 2020-09-02 16:02:22 --> Final output sent to browser
DEBUG - 2020-09-02 16:02:22 --> Total execution time: 0.4190
INFO - 2020-09-02 16:02:54 --> Config Class Initialized
INFO - 2020-09-02 16:02:54 --> Hooks Class Initialized
DEBUG - 2020-09-02 16:02:54 --> UTF-8 Support Enabled
INFO - 2020-09-02 16:02:54 --> Utf8 Class Initialized
INFO - 2020-09-02 16:02:54 --> URI Class Initialized
INFO - 2020-09-02 16:02:54 --> Router Class Initialized
INFO - 2020-09-02 16:02:54 --> Output Class Initialized
INFO - 2020-09-02 16:02:54 --> Security Class Initialized
DEBUG - 2020-09-02 16:02:54 --> Global POST, GET and COOKIE data sanitized
INFO - 2020-09-02 16:02:54 --> CSRF cookie sent
INFO - 2020-09-02 16:02:54 --> Input Class Initialized
INFO - 2020-09-02 16:02:54 --> Language Class Initialized
INFO - 2020-09-02 16:02:54 --> Loader Class Initialized
INFO - 2020-09-02 16:02:54 --> Helper loaded: url_helper
INFO - 2020-09-02 16:02:54 --> Helper loaded: file_helper
INFO - 2020-09-02 16:02:54 --> Helper loaded: string_helper
INFO - 2020-09-02 16:02:54 --> Database Driver Class Initialized
INFO - 2020-09-02 16:02:54 --> Email Class Initialized
DEBUG - 2020-09-02 16:02:54 --> Session: "sess_save_path" is empty; using "session.save_path" value from php.ini.
INFO - 2020-09-02 16:02:54 --> Session: Class initialized using 'files' driver.
INFO - 2020-09-02 16:02:54 --> Controller Class Initialized
INFO - 2020-09-02 16:02:54 --> Model "M_auth" initialized
INFO - 2020-09-02 16:02:54 --> Helper loaded: form_helper
INFO - 2020-09-02 16:02:54 --> Form Validation Class Initialized
DEBUG - 2020-09-02 16:02:54 --> Sc_check class already loaded. Second attempt ignored.
INFO - 2020-09-02 16:02:54 --> Helper loaded: captcha_helper
INFO - 2020-09-02 16:02:54 --> File loaded: C:\xampp\htdocs\scholarship\industry\views\include/header.php
INFO - 2020-09-02 16:02:54 --> File loaded: C:\xampp\htdocs\scholarship\industry\views\include/footer.php
INFO - 2020-09-02 16:02:54 --> File loaded: C:\xampp\htdocs\scholarship\industry\views\include/msg.php
INFO - 2020-09-02 16:02:54 --> File loaded: C:\xampp\htdocs\scholarship\industry\views\auth/company-request.php
INFO - 2020-09-02 16:02:54 --> Final output sent to browser
DEBUG - 2020-09-02 16:02:54 --> Total execution time: 0.4321
INFO - 2020-09-02 16:02:58 --> Config Class Initialized
INFO - 2020-09-02 16:02:58 --> Hooks Class Initialized
DEBUG - 2020-09-02 16:02:58 --> UTF-8 Support Enabled
INFO - 2020-09-02 16:02:58 --> Utf8 Class Initialized
INFO - 2020-09-02 16:02:58 --> URI Class Initialized
INFO - 2020-09-02 16:02:58 --> Router Class Initialized
INFO - 2020-09-02 16:02:58 --> Output Class Initialized
INFO - 2020-09-02 16:02:58 --> Security Class Initialized
DEBUG - 2020-09-02 16:02:58 --> Global POST, GET and COOKIE data sanitized
INFO - 2020-09-02 16:02:58 --> CSRF cookie sent
INFO - 2020-09-02 16:02:58 --> CSRF token verified
INFO - 2020-09-02 16:02:58 --> Input Class Initialized
INFO - 2020-09-02 16:02:58 --> Language Class Initialized
INFO - 2020-09-02 16:02:58 --> Loader Class Initialized
INFO - 2020-09-02 16:02:58 --> Helper loaded: url_helper
INFO - 2020-09-02 16:02:58 --> Helper loaded: file_helper
INFO - 2020-09-02 16:02:58 --> Helper loaded: string_helper
INFO - 2020-09-02 16:02:58 --> Database Driver Class Initialized
INFO - 2020-09-02 16:02:58 --> Email Class Initialized
DEBUG - 2020-09-02 16:02:58 --> Session: "sess_save_path" is empty; using "session.save_path" value from php.ini.
INFO - 2020-09-02 16:02:58 --> Session: Class initialized using 'files' driver.
INFO - 2020-09-02 16:02:58 --> Controller Class Initialized
INFO - 2020-09-02 16:02:58 --> Model "M_auth" initialized
INFO - 2020-09-02 16:02:58 --> Helper loaded: form_helper
INFO - 2020-09-02 16:02:58 --> Form Validation Class Initialized
DEBUG - 2020-09-02 16:02:58 --> Sc_check class already loaded. Second attempt ignored.
INFO - 2020-09-02 16:02:58 --> Helper loaded: captcha_helper
INFO - 2020-09-02 16:02:58 --> Final output sent to browser
DEBUG - 2020-09-02 16:02:58 --> Total execution time: 0.5150
INFO - 2020-09-02 16:02:59 --> Config Class Initialized
INFO - 2020-09-02 16:02:59 --> Hooks Class Initialized
DEBUG - 2020-09-02 16:02:59 --> UTF-8 Support Enabled
INFO - 2020-09-02 16:02:59 --> Utf8 Class Initialized
INFO - 2020-09-02 16:02:59 --> URI Class Initialized
INFO - 2020-09-02 16:02:59 --> Router Class Initialized
INFO - 2020-09-02 16:02:59 --> Output Class Initialized
INFO - 2020-09-02 16:02:59 --> Security Class Initialized
DEBUG - 2020-09-02 16:02:59 --> Global POST, GET and COOKIE data sanitized
INFO - 2020-09-02 16:02:59 --> CSRF cookie sent
INFO - 2020-09-02 16:02:59 --> CSRF token verified
INFO - 2020-09-02 16:02:59 --> Input Class Initialized
INFO - 2020-09-02 16:02:59 --> Language Class Initialized
INFO - 2020-09-02 16:02:59 --> Loader Class Initialized
INFO - 2020-09-02 16:02:59 --> Helper loaded: url_helper
INFO - 2020-09-02 16:02:59 --> Helper loaded: file_helper
INFO - 2020-09-02 16:02:59 --> Helper loaded: string_helper
INFO - 2020-09-02 16:02:59 --> Database Driver Class Initialized
INFO - 2020-09-02 16:02:59 --> Email Class Initialized
DEBUG - 2020-09-02 16:02:59 --> Session: "sess_save_path" is empty; using "session.save_path" value from php.ini.
INFO - 2020-09-02 16:02:59 --> Session: Class initialized using 'files' driver.
INFO - 2020-09-02 16:02:59 --> Controller Class Initialized
INFO - 2020-09-02 16:02:59 --> Model "M_auth" initialized
INFO - 2020-09-02 16:02:59 --> Helper loaded: form_helper
INFO - 2020-09-02 16:02:59 --> Form Validation Class Initialized
DEBUG - 2020-09-02 16:02:59 --> Sc_check class already loaded. Second attempt ignored.
INFO - 2020-09-02 16:02:59 --> Helper loaded: captcha_helper
INFO - 2020-09-02 16:02:59 --> Final output sent to browser
DEBUG - 2020-09-02 16:02:59 --> Total execution time: 0.3891
INFO - 2020-09-02 16:03:00 --> Config Class Initialized
INFO - 2020-09-02 16:03:00 --> Hooks Class Initialized
DEBUG - 2020-09-02 16:03:00 --> UTF-8 Support Enabled
INFO - 2020-09-02 16:03:00 --> Utf8 Class Initialized
INFO - 2020-09-02 16:03:00 --> URI Class Initialized
INFO - 2020-09-02 16:03:00 --> Router Class Initialized
INFO - 2020-09-02 16:03:00 --> Output Class Initialized
INFO - 2020-09-02 16:03:00 --> Security Class Initialized
DEBUG - 2020-09-02 16:03:00 --> Global POST, GET and COOKIE data sanitized
INFO - 2020-09-02 16:03:00 --> CSRF cookie sent
INFO - 2020-09-02 16:03:00 --> CSRF token verified
INFO - 2020-09-02 16:03:00 --> Input Class Initialized
INFO - 2020-09-02 16:03:00 --> Language Class Initialized
INFO - 2020-09-02 16:03:00 --> Loader Class Initialized
INFO - 2020-09-02 16:03:00 --> Helper loaded: url_helper
INFO - 2020-09-02 16:03:00 --> Helper loaded: file_helper
INFO - 2020-09-02 16:03:00 --> Helper loaded: string_helper
INFO - 2020-09-02 16:03:00 --> Database Driver Class Initialized
INFO - 2020-09-02 16:03:00 --> Email Class Initialized
DEBUG - 2020-09-02 16:03:00 --> Session: "sess_save_path" is empty; using "session.save_path" value from php.ini.
INFO - 2020-09-02 16:03:00 --> Session: Class initialized using 'files' driver.
INFO - 2020-09-02 16:03:00 --> Controller Class Initialized
INFO - 2020-09-02 16:03:00 --> Model "M_auth" initialized
INFO - 2020-09-02 16:03:00 --> Helper loaded: form_helper
INFO - 2020-09-02 16:03:00 --> Form Validation Class Initialized
DEBUG - 2020-09-02 16:03:00 --> Sc_check class already loaded. Second attempt ignored.
INFO - 2020-09-02 16:03:00 --> Helper loaded: captcha_helper
INFO - 2020-09-02 16:03:00 --> Final output sent to browser
DEBUG - 2020-09-02 16:03:00 --> Total execution time: 0.3533
INFO - 2020-09-02 16:03:03 --> Config Class Initialized
INFO - 2020-09-02 16:03:03 --> Hooks Class Initialized
DEBUG - 2020-09-02 16:03:03 --> UTF-8 Support Enabled
INFO - 2020-09-02 16:03:03 --> Utf8 Class Initialized
INFO - 2020-09-02 16:03:03 --> URI Class Initialized
INFO - 2020-09-02 16:03:03 --> Router Class Initialized
INFO - 2020-09-02 16:03:03 --> Output Class Initialized
INFO - 2020-09-02 16:03:03 --> Security Class Initialized
DEBUG - 2020-09-02 16:03:03 --> Global POST, GET and COOKIE data sanitized
INFO - 2020-09-02 16:03:03 --> CSRF cookie sent
INFO - 2020-09-02 16:03:03 --> CSRF token verified
INFO - 2020-09-02 16:03:03 --> Input Class Initialized
INFO - 2020-09-02 16:03:03 --> Language Class Initialized
INFO - 2020-09-02 16:03:03 --> Loader Class Initialized
INFO - 2020-09-02 16:03:03 --> Helper loaded: url_helper
INFO - 2020-09-02 16:03:03 --> Helper loaded: file_helper
INFO - 2020-09-02 16:03:03 --> Helper loaded: string_helper
INFO - 2020-09-02 16:03:03 --> Database Driver Class Initialized
INFO - 2020-09-02 16:03:03 --> Email Class Initialized
DEBUG - 2020-09-02 16:03:03 --> Session: "sess_save_path" is empty; using "session.save_path" value from php.ini.
INFO - 2020-09-02 16:03:03 --> Session: Class initialized using 'files' driver.
INFO - 2020-09-02 16:03:03 --> Controller Class Initialized
INFO - 2020-09-02 16:03:03 --> Model "M_auth" initialized
INFO - 2020-09-02 16:03:03 --> Helper loaded: form_helper
INFO - 2020-09-02 16:03:03 --> Form Validation Class Initialized
DEBUG - 2020-09-02 16:03:03 --> Sc_check class already loaded. Second attempt ignored.
INFO - 2020-09-02 16:03:03 --> Helper loaded: captcha_helper
INFO - 2020-09-02 16:03:03 --> Final output sent to browser
DEBUG - 2020-09-02 16:03:03 --> Total execution time: 0.2995
INFO - 2020-09-02 16:03:07 --> Config Class Initialized
INFO - 2020-09-02 16:03:07 --> Hooks Class Initialized
DEBUG - 2020-09-02 16:03:07 --> UTF-8 Support Enabled
INFO - 2020-09-02 16:03:07 --> Utf8 Class Initialized
INFO - 2020-09-02 16:03:07 --> URI Class Initialized
INFO - 2020-09-02 16:03:07 --> Router Class Initialized
INFO - 2020-09-02 16:03:07 --> Output Class Initialized
INFO - 2020-09-02 16:03:07 --> Security Class Initialized
DEBUG - 2020-09-02 16:03:07 --> Global POST, GET and COOKIE data sanitized
INFO - 2020-09-02 16:03:07 --> CSRF cookie sent
INFO - 2020-09-02 16:03:07 --> CSRF token verified
INFO - 2020-09-02 16:03:07 --> Input Class Initialized
INFO - 2020-09-02 16:03:07 --> Language Class Initialized
INFO - 2020-09-02 16:03:07 --> Loader Class Initialized
INFO - 2020-09-02 16:03:07 --> Helper loaded: url_helper
INFO - 2020-09-02 16:03:07 --> Helper loaded: file_helper
INFO - 2020-09-02 16:03:07 --> Helper loaded: string_helper
INFO - 2020-09-02 16:03:07 --> Database Driver Class Initialized
INFO - 2020-09-02 16:03:07 --> Email Class Initialized
DEBUG - 2020-09-02 16:03:07 --> Session: "sess_save_path" is empty; using "session.save_path" value from php.ini.
INFO - 2020-09-02 16:03:07 --> Session: Class initialized using 'files' driver.
INFO - 2020-09-02 16:03:07 --> Controller Class Initialized
INFO - 2020-09-02 16:03:07 --> Model "M_auth" initialized
INFO - 2020-09-02 16:03:07 --> Helper loaded: form_helper
INFO - 2020-09-02 16:03:07 --> Form Validation Class Initialized
DEBUG - 2020-09-02 16:03:07 --> Sc_check class already loaded. Second attempt ignored.
INFO - 2020-09-02 16:03:07 --> Helper loaded: captcha_helper
INFO - 2020-09-02 16:03:07 --> Final output sent to browser
DEBUG - 2020-09-02 16:03:07 --> Total execution time: 0.3175
INFO - 2020-09-02 16:03:10 --> Config Class Initialized
INFO - 2020-09-02 16:03:10 --> Hooks Class Initialized
DEBUG - 2020-09-02 16:03:10 --> UTF-8 Support Enabled
INFO - 2020-09-02 16:03:10 --> Utf8 Class Initialized
INFO - 2020-09-02 16:03:10 --> URI Class Initialized
INFO - 2020-09-02 16:03:10 --> Router Class Initialized
INFO - 2020-09-02 16:03:10 --> Output Class Initialized
INFO - 2020-09-02 16:03:10 --> Security Class Initialized
DEBUG - 2020-09-02 16:03:10 --> Global POST, GET and COOKIE data sanitized
INFO - 2020-09-02 16:03:10 --> CSRF cookie sent
INFO - 2020-09-02 16:03:10 --> CSRF token verified
INFO - 2020-09-02 16:03:10 --> Input Class Initialized
INFO - 2020-09-02 16:03:10 --> Language Class Initialized
INFO - 2020-09-02 16:03:10 --> Loader Class Initialized
INFO - 2020-09-02 16:03:10 --> Helper loaded: url_helper
INFO - 2020-09-02 16:03:10 --> Helper loaded: file_helper
INFO - 2020-09-02 16:03:10 --> Helper loaded: string_helper
INFO - 2020-09-02 16:03:10 --> Database Driver Class Initialized
INFO - 2020-09-02 16:03:10 --> Email Class Initialized
DEBUG - 2020-09-02 16:03:10 --> Session: "sess_save_path" is empty; using "session.save_path" value from php.ini.
INFO - 2020-09-02 16:03:10 --> Session: Class initialized using 'files' driver.
INFO - 2020-09-02 16:03:10 --> Controller Class Initialized
INFO - 2020-09-02 16:03:10 --> Model "M_auth" initialized
INFO - 2020-09-02 16:03:10 --> Helper loaded: form_helper
INFO - 2020-09-02 16:03:10 --> Form Validation Class Initialized
DEBUG - 2020-09-02 16:03:10 --> Sc_check class already loaded. Second attempt ignored.
INFO - 2020-09-02 16:03:10 --> Helper loaded: captcha_helper
INFO - 2020-09-02 16:03:10 --> Final output sent to browser
DEBUG - 2020-09-02 16:03:10 --> Total execution time: 0.3060
INFO - 2020-09-02 16:03:13 --> Config Class Initialized
INFO - 2020-09-02 16:03:13 --> Hooks Class Initialized
DEBUG - 2020-09-02 16:03:13 --> UTF-8 Support Enabled
INFO - 2020-09-02 16:03:13 --> Utf8 Class Initialized
INFO - 2020-09-02 16:03:13 --> URI Class Initialized
INFO - 2020-09-02 16:03:13 --> Router Class Initialized
INFO - 2020-09-02 16:03:13 --> Output Class Initialized
INFO - 2020-09-02 16:03:13 --> Security Class Initialized
DEBUG - 2020-09-02 16:03:13 --> Global POST, GET and COOKIE data sanitized
INFO - 2020-09-02 16:03:13 --> CSRF cookie sent
INFO - 2020-09-02 16:03:13 --> CSRF token verified
INFO - 2020-09-02 16:03:13 --> Input Class Initialized
INFO - 2020-09-02 16:03:13 --> Language Class Initialized
INFO - 2020-09-02 16:03:13 --> Loader Class Initialized
INFO - 2020-09-02 16:03:13 --> Helper loaded: url_helper
INFO - 2020-09-02 16:03:13 --> Helper loaded: file_helper
INFO - 2020-09-02 16:03:13 --> Helper loaded: string_helper
INFO - 2020-09-02 16:03:13 --> Database Driver Class Initialized
INFO - 2020-09-02 16:03:13 --> Email Class Initialized
DEBUG - 2020-09-02 16:03:13 --> Session: "sess_save_path" is empty; using "session.save_path" value from php.ini.
INFO - 2020-09-02 16:03:13 --> Session: Class initialized using 'files' driver.
INFO - 2020-09-02 16:03:13 --> Controller Class Initialized
INFO - 2020-09-02 16:03:13 --> Model "M_auth" initialized
INFO - 2020-09-02 16:03:13 --> Helper loaded: form_helper
INFO - 2020-09-02 16:03:13 --> Form Validation Class Initialized
DEBUG - 2020-09-02 16:03:13 --> Sc_check class already loaded. Second attempt ignored.
INFO - 2020-09-02 16:03:13 --> Helper loaded: captcha_helper
INFO - 2020-09-02 16:03:13 --> Final output sent to browser
DEBUG - 2020-09-02 16:03:13 --> Total execution time: 0.2813
INFO - 2020-09-02 16:14:03 --> Config Class Initialized
INFO - 2020-09-02 16:14:03 --> Hooks Class Initialized
DEBUG - 2020-09-02 16:14:03 --> UTF-8 Support Enabled
INFO - 2020-09-02 16:14:03 --> Utf8 Class Initialized
INFO - 2020-09-02 16:14:03 --> URI Class Initialized
INFO - 2020-09-02 16:14:03 --> Router Class Initialized
INFO - 2020-09-02 16:14:03 --> Output Class Initialized
INFO - 2020-09-02 16:14:03 --> Security Class Initialized
DEBUG - 2020-09-02 16:14:03 --> Global POST, GET and COOKIE data sanitized
INFO - 2020-09-02 16:14:03 --> CSRF cookie sent
INFO - 2020-09-02 16:14:03 --> Input Class Initialized
INFO - 2020-09-02 16:14:03 --> Language Class Initialized
INFO - 2020-09-02 16:14:03 --> Loader Class Initialized
INFO - 2020-09-02 16:14:03 --> Helper loaded: url_helper
INFO - 2020-09-02 16:14:03 --> Helper loaded: file_helper
INFO - 2020-09-02 16:14:03 --> Helper loaded: string_helper
INFO - 2020-09-02 16:14:03 --> Database Driver Class Initialized
INFO - 2020-09-02 16:14:03 --> Email Class Initialized
DEBUG - 2020-09-02 16:14:03 --> Session: "sess_save_path" is empty; using "session.save_path" value from php.ini.
INFO - 2020-09-02 16:14:03 --> Session: Class initialized using 'files' driver.
INFO - 2020-09-02 16:14:03 --> Controller Class Initialized
INFO - 2020-09-02 16:14:03 --> Model "M_auth" initialized
INFO - 2020-09-02 16:14:03 --> Helper loaded: form_helper
INFO - 2020-09-02 16:14:03 --> Form Validation Class Initialized
DEBUG - 2020-09-02 16:14:03 --> Sc_check class already loaded. Second attempt ignored.
INFO - 2020-09-02 16:14:03 --> Helper loaded: captcha_helper
INFO - 2020-09-02 16:14:03 --> File loaded: C:\xampp\htdocs\scholarship\industry\views\include/header.php
INFO - 2020-09-02 16:14:03 --> File loaded: C:\xampp\htdocs\scholarship\industry\views\include/footer.php
INFO - 2020-09-02 16:14:03 --> File loaded: C:\xampp\htdocs\scholarship\industry\views\include/msg.php
INFO - 2020-09-02 16:14:03 --> File loaded: C:\xampp\htdocs\scholarship\industry\views\auth/company-request.php
INFO - 2020-09-02 16:14:03 --> Final output sent to browser
DEBUG - 2020-09-02 16:14:03 --> Total execution time: 0.4599
INFO - 2020-09-02 17:30:28 --> Config Class Initialized
INFO - 2020-09-02 17:30:28 --> Hooks Class Initialized
DEBUG - 2020-09-02 17:30:28 --> UTF-8 Support Enabled
INFO - 2020-09-02 17:30:28 --> Utf8 Class Initialized
INFO - 2020-09-02 17:30:28 --> URI Class Initialized
DEBUG - 2020-09-02 17:30:28 --> No URI present. Default controller set.
INFO - 2020-09-02 17:30:28 --> Router Class Initialized
INFO - 2020-09-02 17:30:28 --> Output Class Initialized
INFO - 2020-09-02 17:30:28 --> Security Class Initialized
DEBUG - 2020-09-02 17:30:28 --> Global POST, GET and COOKIE data sanitized
INFO - 2020-09-02 17:30:28 --> CSRF cookie sent
INFO - 2020-09-02 17:30:28 --> Input Class Initialized
INFO - 2020-09-02 17:30:28 --> Language Class Initialized
INFO - 2020-09-02 17:30:28 --> Loader Class Initialized
INFO - 2020-09-02 17:30:28 --> Helper loaded: url_helper
INFO - 2020-09-02 17:30:28 --> Helper loaded: file_helper
INFO - 2020-09-02 17:30:28 --> Helper loaded: string_helper
INFO - 2020-09-02 17:30:28 --> Database Driver Class Initialized
INFO - 2020-09-02 17:30:28 --> Email Class Initialized
DEBUG - 2020-09-02 17:30:28 --> Session: "sess_save_path" is empty; using "session.save_path" value from php.ini.
INFO - 2020-09-02 17:30:28 --> Session: Class initialized using 'files' driver.
INFO - 2020-09-02 17:30:28 --> Controller Class Initialized
INFO - 2020-09-02 17:30:28 --> Model "M_auth" initialized
INFO - 2020-09-02 17:30:28 --> Helper loaded: form_helper
INFO - 2020-09-02 17:30:28 --> Form Validation Class Initialized
DEBUG - 2020-09-02 17:30:28 --> Sc_check class already loaded. Second attempt ignored.
INFO - 2020-09-02 17:30:28 --> Helper loaded: captcha_helper
INFO - 2020-09-02 17:30:28 --> File loaded: C:\xampp\htdocs\scholarship\industry\views\include/header.php
INFO - 2020-09-02 17:30:28 --> File loaded: C:\xampp\htdocs\scholarship\industry\views\include/footer.php
INFO - 2020-09-02 17:30:28 --> File loaded: C:\xampp\htdocs\scholarship\industry\views\include/msg.php
INFO - 2020-09-02 17:30:28 --> File loaded: C:\xampp\htdocs\scholarship\industry\views\auth/login.php
INFO - 2020-09-02 17:30:28 --> Final output sent to browser
DEBUG - 2020-09-02 17:30:28 --> Total execution time: 0.7496
INFO - 2020-09-02 17:30:28 --> Config Class Initialized
INFO - 2020-09-02 17:30:28 --> Hooks Class Initialized
DEBUG - 2020-09-02 17:30:28 --> UTF-8 Support Enabled
INFO - 2020-09-02 17:30:28 --> Utf8 Class Initialized
INFO - 2020-09-02 17:30:28 --> URI Class Initialized
INFO - 2020-09-02 17:30:29 --> Router Class Initialized
INFO - 2020-09-02 17:30:29 --> Output Class Initialized
INFO - 2020-09-02 17:30:29 --> Security Class Initialized
DEBUG - 2020-09-02 17:30:29 --> Global POST, GET and COOKIE data sanitized
INFO - 2020-09-02 17:30:29 --> CSRF cookie sent
INFO - 2020-09-02 17:30:29 --> Input Class Initialized
INFO - 2020-09-02 17:30:29 --> Language Class Initialized
ERROR - 2020-09-02 17:30:29 --> 404 Page Not Found: Assets/css
INFO - 2020-09-02 17:30:36 --> Config Class Initialized
INFO - 2020-09-02 17:30:36 --> Hooks Class Initialized
DEBUG - 2020-09-02 17:30:36 --> UTF-8 Support Enabled
INFO - 2020-09-02 17:30:36 --> Utf8 Class Initialized
INFO - 2020-09-02 17:30:36 --> URI Class Initialized
INFO - 2020-09-02 17:30:36 --> Router Class Initialized
INFO - 2020-09-02 17:30:36 --> Output Class Initialized
INFO - 2020-09-02 17:30:36 --> Security Class Initialized
DEBUG - 2020-09-02 17:30:36 --> Global POST, GET and COOKIE data sanitized
INFO - 2020-09-02 17:30:36 --> CSRF cookie sent
INFO - 2020-09-02 17:30:36 --> CSRF token verified
INFO - 2020-09-02 17:30:37 --> Input Class Initialized
INFO - 2020-09-02 17:30:37 --> Language Class Initialized
INFO - 2020-09-02 17:30:37 --> Loader Class Initialized
INFO - 2020-09-02 17:30:37 --> Helper loaded: url_helper
INFO - 2020-09-02 17:30:37 --> Helper loaded: file_helper
INFO - 2020-09-02 17:30:37 --> Helper loaded: string_helper
INFO - 2020-09-02 17:30:37 --> Database Driver Class Initialized
INFO - 2020-09-02 17:30:37 --> Email Class Initialized
DEBUG - 2020-09-02 17:30:37 --> Session: "sess_save_path" is empty; using "session.save_path" value from php.ini.
INFO - 2020-09-02 17:30:37 --> Session: Class initialized using 'files' driver.
INFO - 2020-09-02 17:30:37 --> Controller Class Initialized
INFO - 2020-09-02 17:30:37 --> Model "M_auth" initialized
INFO - 2020-09-02 17:30:37 --> Helper loaded: form_helper
INFO - 2020-09-02 17:30:37 --> Form Validation Class Initialized
DEBUG - 2020-09-02 17:30:37 --> Sc_check class already loaded. Second attempt ignored.
INFO - 2020-09-02 17:30:37 --> Helper loaded: captcha_helper
INFO - 2020-09-02 17:30:37 --> Final output sent to browser
DEBUG - 2020-09-02 17:30:37 --> Total execution time: 0.4340
INFO - 2020-09-02 17:30:44 --> Config Class Initialized
INFO - 2020-09-02 17:30:44 --> Hooks Class Initialized
DEBUG - 2020-09-02 17:30:44 --> UTF-8 Support Enabled
INFO - 2020-09-02 17:30:44 --> Utf8 Class Initialized
INFO - 2020-09-02 17:30:44 --> URI Class Initialized
INFO - 2020-09-02 17:30:44 --> Router Class Initialized
INFO - 2020-09-02 17:30:44 --> Output Class Initialized
INFO - 2020-09-02 17:30:44 --> Security Class Initialized
DEBUG - 2020-09-02 17:30:44 --> Global POST, GET and COOKIE data sanitized
INFO - 2020-09-02 17:30:44 --> CSRF cookie sent
INFO - 2020-09-02 17:30:44 --> CSRF token verified
INFO - 2020-09-02 17:30:44 --> Input Class Initialized
INFO - 2020-09-02 17:30:44 --> Language Class Initialized
INFO - 2020-09-02 17:30:44 --> Loader Class Initialized
INFO - 2020-09-02 17:30:44 --> Helper loaded: url_helper
INFO - 2020-09-02 17:30:44 --> Helper loaded: file_helper
INFO - 2020-09-02 17:30:44 --> Helper loaded: string_helper
INFO - 2020-09-02 17:30:44 --> Database Driver Class Initialized
INFO - 2020-09-02 17:30:44 --> Email Class Initialized
DEBUG - 2020-09-02 17:30:44 --> Session: "sess_save_path" is empty; using "session.save_path" value from php.ini.
INFO - 2020-09-02 17:30:44 --> Session: Class initialized using 'files' driver.
INFO - 2020-09-02 17:30:44 --> Controller Class Initialized
INFO - 2020-09-02 17:30:44 --> Model "M_auth" initialized
INFO - 2020-09-02 17:30:44 --> Helper loaded: form_helper
INFO - 2020-09-02 17:30:44 --> Form Validation Class Initialized
DEBUG - 2020-09-02 17:30:44 --> Sc_check class already loaded. Second attempt ignored.
INFO - 2020-09-02 17:30:44 --> Helper loaded: captcha_helper
INFO - 2020-09-02 17:30:44 --> Config Class Initialized
INFO - 2020-09-02 17:30:44 --> Hooks Class Initialized
DEBUG - 2020-09-02 17:30:44 --> UTF-8 Support Enabled
INFO - 2020-09-02 17:30:44 --> Utf8 Class Initialized
INFO - 2020-09-02 17:30:44 --> URI Class Initialized
DEBUG - 2020-09-02 17:30:44 --> No URI present. Default controller set.
INFO - 2020-09-02 17:30:44 --> Router Class Initialized
INFO - 2020-09-02 17:30:44 --> Output Class Initialized
INFO - 2020-09-02 17:30:44 --> Security Class Initialized
DEBUG - 2020-09-02 17:30:44 --> Global POST, GET and COOKIE data sanitized
INFO - 2020-09-02 17:30:44 --> CSRF cookie sent
INFO - 2020-09-02 17:30:44 --> Input Class Initialized
INFO - 2020-09-02 17:30:44 --> Language Class Initialized
INFO - 2020-09-02 17:30:44 --> Loader Class Initialized
INFO - 2020-09-02 17:30:44 --> Helper loaded: url_helper
INFO - 2020-09-02 17:30:44 --> Helper loaded: file_helper
INFO - 2020-09-02 17:30:44 --> Helper loaded: string_helper
INFO - 2020-09-02 17:30:44 --> Database Driver Class Initialized
INFO - 2020-09-02 17:30:44 --> Email Class Initialized
DEBUG - 2020-09-02 17:30:44 --> Session: "sess_save_path" is empty; using "session.save_path" value from php.ini.
INFO - 2020-09-02 17:30:44 --> Session: Class initialized using 'files' driver.
INFO - 2020-09-02 17:30:44 --> Controller Class Initialized
INFO - 2020-09-02 17:30:44 --> Model "M_auth" initialized
INFO - 2020-09-02 17:30:44 --> Helper loaded: form_helper
INFO - 2020-09-02 17:30:44 --> Form Validation Class Initialized
DEBUG - 2020-09-02 17:30:44 --> Sc_check class already loaded. Second attempt ignored.
INFO - 2020-09-02 17:30:44 --> Helper loaded: captcha_helper
INFO - 2020-09-02 17:30:44 --> File loaded: C:\xampp\htdocs\scholarship\industry\views\include/header.php
INFO - 2020-09-02 17:30:44 --> File loaded: C:\xampp\htdocs\scholarship\industry\views\include/footer.php
INFO - 2020-09-02 17:30:44 --> File loaded: C:\xampp\htdocs\scholarship\industry\views\include/msg.php
INFO - 2020-09-02 17:30:44 --> File loaded: C:\xampp\htdocs\scholarship\industry\views\auth/login.php
INFO - 2020-09-02 17:30:44 --> Final output sent to browser
DEBUG - 2020-09-02 17:30:44 --> Total execution time: 0.3463
INFO - 2020-09-02 17:30:44 --> Config Class Initialized
INFO - 2020-09-02 17:30:44 --> Hooks Class Initialized
DEBUG - 2020-09-02 17:30:44 --> UTF-8 Support Enabled
INFO - 2020-09-02 17:30:44 --> Utf8 Class Initialized
INFO - 2020-09-02 17:30:44 --> URI Class Initialized
INFO - 2020-09-02 17:30:44 --> Router Class Initialized
INFO - 2020-09-02 17:30:44 --> Output Class Initialized
INFO - 2020-09-02 17:30:44 --> Security Class Initialized
DEBUG - 2020-09-02 17:30:44 --> Global POST, GET and COOKIE data sanitized
INFO - 2020-09-02 17:30:44 --> CSRF cookie sent
INFO - 2020-09-02 17:30:44 --> Input Class Initialized
INFO - 2020-09-02 17:30:44 --> Language Class Initialized
ERROR - 2020-09-02 17:30:45 --> 404 Page Not Found: Assets/css
INFO - 2020-09-02 17:30:49 --> Config Class Initialized
INFO - 2020-09-02 17:30:49 --> Hooks Class Initialized
DEBUG - 2020-09-02 17:30:49 --> UTF-8 Support Enabled
INFO - 2020-09-02 17:30:49 --> Utf8 Class Initialized
INFO - 2020-09-02 17:30:49 --> URI Class Initialized
INFO - 2020-09-02 17:30:49 --> Router Class Initialized
INFO - 2020-09-02 17:30:49 --> Output Class Initialized
INFO - 2020-09-02 17:30:49 --> Security Class Initialized
DEBUG - 2020-09-02 17:30:49 --> Global POST, GET and COOKIE data sanitized
INFO - 2020-09-02 17:30:49 --> CSRF cookie sent
INFO - 2020-09-02 17:30:49 --> CSRF token verified
INFO - 2020-09-02 17:30:49 --> Input Class Initialized
INFO - 2020-09-02 17:30:49 --> Language Class Initialized
INFO - 2020-09-02 17:30:49 --> Loader Class Initialized
INFO - 2020-09-02 17:30:49 --> Helper loaded: url_helper
INFO - 2020-09-02 17:30:49 --> Helper loaded: file_helper
INFO - 2020-09-02 17:30:49 --> Helper loaded: string_helper
INFO - 2020-09-02 17:30:49 --> Database Driver Class Initialized
INFO - 2020-09-02 17:30:49 --> Email Class Initialized
DEBUG - 2020-09-02 17:30:49 --> Session: "sess_save_path" is empty; using "session.save_path" value from php.ini.
INFO - 2020-09-02 17:30:49 --> Session: Class initialized using 'files' driver.
INFO - 2020-09-02 17:30:49 --> Controller Class Initialized
INFO - 2020-09-02 17:30:49 --> Model "M_auth" initialized
INFO - 2020-09-02 17:30:49 --> Helper loaded: form_helper
INFO - 2020-09-02 17:30:49 --> Form Validation Class Initialized
DEBUG - 2020-09-02 17:30:49 --> Sc_check class already loaded. Second attempt ignored.
INFO - 2020-09-02 17:30:49 --> Helper loaded: captcha_helper
INFO - 2020-09-02 17:30:49 --> Final output sent to browser
DEBUG - 2020-09-02 17:30:49 --> Total execution time: 0.4154
INFO - 2020-09-02 17:30:56 --> Config Class Initialized
INFO - 2020-09-02 17:30:56 --> Hooks Class Initialized
DEBUG - 2020-09-02 17:30:56 --> UTF-8 Support Enabled
INFO - 2020-09-02 17:30:56 --> Utf8 Class Initialized
INFO - 2020-09-02 17:30:56 --> URI Class Initialized
INFO - 2020-09-02 17:30:56 --> Router Class Initialized
INFO - 2020-09-02 17:30:56 --> Output Class Initialized
INFO - 2020-09-02 17:30:56 --> Security Class Initialized
DEBUG - 2020-09-02 17:30:56 --> Global POST, GET and COOKIE data sanitized
INFO - 2020-09-02 17:30:56 --> CSRF cookie sent
INFO - 2020-09-02 17:30:56 --> CSRF token verified
INFO - 2020-09-02 17:30:56 --> Input Class Initialized
INFO - 2020-09-02 17:30:56 --> Language Class Initialized
INFO - 2020-09-02 17:30:56 --> Loader Class Initialized
INFO - 2020-09-02 17:30:56 --> Helper loaded: url_helper
INFO - 2020-09-02 17:30:56 --> Helper loaded: file_helper
INFO - 2020-09-02 17:30:56 --> Helper loaded: string_helper
INFO - 2020-09-02 17:30:56 --> Database Driver Class Initialized
INFO - 2020-09-02 17:30:57 --> Email Class Initialized
DEBUG - 2020-09-02 17:30:57 --> Session: "sess_save_path" is empty; using "session.save_path" value from php.ini.
INFO - 2020-09-02 17:30:57 --> Session: Class initialized using 'files' driver.
INFO - 2020-09-02 17:30:57 --> Controller Class Initialized
INFO - 2020-09-02 17:30:57 --> Model "M_auth" initialized
INFO - 2020-09-02 17:30:57 --> Helper loaded: form_helper
INFO - 2020-09-02 17:30:57 --> Form Validation Class Initialized
DEBUG - 2020-09-02 17:30:57 --> Sc_check class already loaded. Second attempt ignored.
INFO - 2020-09-02 17:30:57 --> Helper loaded: captcha_helper
INFO - 2020-09-02 17:30:57 --> Config Class Initialized
INFO - 2020-09-02 17:30:57 --> Hooks Class Initialized
DEBUG - 2020-09-02 17:30:57 --> UTF-8 Support Enabled
INFO - 2020-09-02 17:30:57 --> Utf8 Class Initialized
INFO - 2020-09-02 17:30:57 --> URI Class Initialized
DEBUG - 2020-09-02 17:30:57 --> No URI present. Default controller set.
INFO - 2020-09-02 17:30:57 --> Router Class Initialized
INFO - 2020-09-02 17:30:57 --> Output Class Initialized
INFO - 2020-09-02 17:30:57 --> Security Class Initialized
DEBUG - 2020-09-02 17:30:57 --> Global POST, GET and COOKIE data sanitized
INFO - 2020-09-02 17:30:57 --> CSRF cookie sent
INFO - 2020-09-02 17:30:57 --> Input Class Initialized
INFO - 2020-09-02 17:30:57 --> Language Class Initialized
INFO - 2020-09-02 17:30:57 --> Loader Class Initialized
INFO - 2020-09-02 17:30:57 --> Helper loaded: url_helper
INFO - 2020-09-02 17:30:57 --> Helper loaded: file_helper
INFO - 2020-09-02 17:30:57 --> Helper loaded: string_helper
INFO - 2020-09-02 17:30:57 --> Database Driver Class Initialized
INFO - 2020-09-02 17:30:57 --> Email Class Initialized
DEBUG - 2020-09-02 17:30:57 --> Session: "sess_save_path" is empty; using "session.save_path" value from php.ini.
INFO - 2020-09-02 17:30:57 --> Session: Class initialized using 'files' driver.
INFO - 2020-09-02 17:30:57 --> Controller Class Initialized
INFO - 2020-09-02 17:30:57 --> Model "M_auth" initialized
INFO - 2020-09-02 17:30:57 --> Helper loaded: form_helper
INFO - 2020-09-02 17:30:57 --> Form Validation Class Initialized
DEBUG - 2020-09-02 17:30:57 --> Sc_check class already loaded. Second attempt ignored.
INFO - 2020-09-02 17:30:57 --> Helper loaded: captcha_helper
INFO - 2020-09-02 17:30:57 --> File loaded: C:\xampp\htdocs\scholarship\industry\views\include/header.php
INFO - 2020-09-02 17:30:57 --> File loaded: C:\xampp\htdocs\scholarship\industry\views\include/footer.php
INFO - 2020-09-02 17:30:57 --> File loaded: C:\xampp\htdocs\scholarship\industry\views\include/msg.php
INFO - 2020-09-02 17:30:57 --> File loaded: C:\xampp\htdocs\scholarship\industry\views\auth/login.php
INFO - 2020-09-02 17:30:57 --> Final output sent to browser
DEBUG - 2020-09-02 17:30:57 --> Total execution time: 0.3178
INFO - 2020-09-02 17:30:57 --> Config Class Initialized
INFO - 2020-09-02 17:30:57 --> Hooks Class Initialized
DEBUG - 2020-09-02 17:30:57 --> UTF-8 Support Enabled
INFO - 2020-09-02 17:30:57 --> Utf8 Class Initialized
INFO - 2020-09-02 17:30:57 --> URI Class Initialized
INFO - 2020-09-02 17:30:57 --> Router Class Initialized
INFO - 2020-09-02 17:30:57 --> Output Class Initialized
INFO - 2020-09-02 17:30:57 --> Security Class Initialized
DEBUG - 2020-09-02 17:30:57 --> Global POST, GET and COOKIE data sanitized
INFO - 2020-09-02 17:30:57 --> CSRF cookie sent
INFO - 2020-09-02 17:30:57 --> Input Class Initialized
INFO - 2020-09-02 17:30:57 --> Language Class Initialized
ERROR - 2020-09-02 17:30:57 --> 404 Page Not Found: Assets/css
INFO - 2020-09-02 17:31:06 --> Config Class Initialized
INFO - 2020-09-02 17:31:06 --> Hooks Class Initialized
DEBUG - 2020-09-02 17:31:06 --> UTF-8 Support Enabled
INFO - 2020-09-02 17:31:06 --> Utf8 Class Initialized
INFO - 2020-09-02 17:31:06 --> URI Class Initialized
INFO - 2020-09-02 17:31:06 --> Router Class Initialized
INFO - 2020-09-02 17:31:06 --> Output Class Initialized
INFO - 2020-09-02 17:31:06 --> Security Class Initialized
DEBUG - 2020-09-02 17:31:06 --> Global POST, GET and COOKIE data sanitized
INFO - 2020-09-02 17:31:06 --> CSRF cookie sent
INFO - 2020-09-02 17:31:06 --> CSRF token verified
INFO - 2020-09-02 17:31:06 --> Input Class Initialized
INFO - 2020-09-02 17:31:06 --> Language Class Initialized
INFO - 2020-09-02 17:31:06 --> Loader Class Initialized
INFO - 2020-09-02 17:31:06 --> Helper loaded: url_helper
INFO - 2020-09-02 17:31:06 --> Helper loaded: file_helper
INFO - 2020-09-02 17:31:06 --> Helper loaded: string_helper
INFO - 2020-09-02 17:31:06 --> Database Driver Class Initialized
INFO - 2020-09-02 17:31:06 --> Email Class Initialized
DEBUG - 2020-09-02 17:31:06 --> Session: "sess_save_path" is empty; using "session.save_path" value from php.ini.
INFO - 2020-09-02 17:31:06 --> Session: Class initialized using 'files' driver.
INFO - 2020-09-02 17:31:06 --> Controller Class Initialized
INFO - 2020-09-02 17:31:06 --> Model "M_auth" initialized
INFO - 2020-09-02 17:31:06 --> Helper loaded: form_helper
INFO - 2020-09-02 17:31:06 --> Form Validation Class Initialized
DEBUG - 2020-09-02 17:31:06 --> Sc_check class already loaded. Second attempt ignored.
INFO - 2020-09-02 17:31:06 --> Helper loaded: captcha_helper
INFO - 2020-09-02 17:31:06 --> Final output sent to browser
DEBUG - 2020-09-02 17:31:06 --> Total execution time: 0.3646
INFO - 2020-09-02 17:31:12 --> Config Class Initialized
INFO - 2020-09-02 17:31:12 --> Hooks Class Initialized
DEBUG - 2020-09-02 17:31:12 --> UTF-8 Support Enabled
INFO - 2020-09-02 17:31:12 --> Utf8 Class Initialized
INFO - 2020-09-02 17:31:12 --> URI Class Initialized
INFO - 2020-09-02 17:31:12 --> Router Class Initialized
INFO - 2020-09-02 17:31:12 --> Output Class Initialized
INFO - 2020-09-02 17:31:13 --> Security Class Initialized
DEBUG - 2020-09-02 17:31:13 --> Global POST, GET and COOKIE data sanitized
INFO - 2020-09-02 17:31:13 --> CSRF cookie sent
INFO - 2020-09-02 17:31:13 --> CSRF token verified
INFO - 2020-09-02 17:31:13 --> Input Class Initialized
INFO - 2020-09-02 17:31:13 --> Language Class Initialized
INFO - 2020-09-02 17:31:13 --> Loader Class Initialized
INFO - 2020-09-02 17:31:13 --> Helper loaded: url_helper
INFO - 2020-09-02 17:31:13 --> Helper loaded: file_helper
INFO - 2020-09-02 17:31:13 --> Helper loaded: string_helper
INFO - 2020-09-02 17:31:13 --> Database Driver Class Initialized
INFO - 2020-09-02 17:31:13 --> Email Class Initialized
DEBUG - 2020-09-02 17:31:13 --> Session: "sess_save_path" is empty; using "session.save_path" value from php.ini.
INFO - 2020-09-02 17:31:13 --> Session: Class initialized using 'files' driver.
INFO - 2020-09-02 17:31:13 --> Controller Class Initialized
INFO - 2020-09-02 17:31:13 --> Model "M_auth" initialized
INFO - 2020-09-02 17:31:13 --> Helper loaded: form_helper
INFO - 2020-09-02 17:31:13 --> Form Validation Class Initialized
DEBUG - 2020-09-02 17:31:13 --> Sc_check class already loaded. Second attempt ignored.
INFO - 2020-09-02 17:31:13 --> Helper loaded: captcha_helper
INFO - 2020-09-02 17:31:13 --> Language file loaded: language/english/form_validation_lang.php
INFO - 2020-09-02 17:31:13 --> ---------------------Success -- Industry Logged in with prathwi@5ine.in and IP aaddress ::1 --------------
INFO - 2020-09-02 17:31:13 --> Config Class Initialized
INFO - 2020-09-02 17:31:13 --> Hooks Class Initialized
DEBUG - 2020-09-02 17:31:13 --> UTF-8 Support Enabled
INFO - 2020-09-02 17:31:13 --> Utf8 Class Initialized
INFO - 2020-09-02 17:31:13 --> URI Class Initialized
INFO - 2020-09-02 17:31:13 --> Router Class Initialized
INFO - 2020-09-02 17:31:13 --> Output Class Initialized
INFO - 2020-09-02 17:31:13 --> Security Class Initialized
DEBUG - 2020-09-02 17:31:13 --> Global POST, GET and COOKIE data sanitized
INFO - 2020-09-02 17:31:13 --> CSRF cookie sent
INFO - 2020-09-02 17:31:13 --> Input Class Initialized
INFO - 2020-09-02 17:31:13 --> Language Class Initialized
INFO - 2020-09-02 17:31:13 --> Loader Class Initialized
INFO - 2020-09-02 17:31:13 --> Helper loaded: url_helper
INFO - 2020-09-02 17:31:13 --> Helper loaded: file_helper
INFO - 2020-09-02 17:31:13 --> Helper loaded: string_helper
INFO - 2020-09-02 17:31:13 --> Database Driver Class Initialized
INFO - 2020-09-02 17:31:13 --> Email Class Initialized
DEBUG - 2020-09-02 17:31:13 --> Session: "sess_save_path" is empty; using "session.save_path" value from php.ini.
INFO - 2020-09-02 17:31:13 --> Session: Class initialized using 'files' driver.
INFO - 2020-09-02 17:31:13 --> Controller Class Initialized
INFO - 2020-09-02 17:31:13 --> Model "M_account" initialized
DEBUG - 2020-09-02 17:31:13 --> Sc_check class already loaded. Second attempt ignored.
INFO - 2020-09-02 17:31:13 --> Helper loaded: form_helper
INFO - 2020-09-02 17:31:13 --> Form Validation Class Initialized
INFO - 2020-09-02 17:31:13 --> Model "M_auth" initialized
INFO - 2020-09-02 17:31:13 --> File loaded: C:\xampp\htdocs\scholarship\industry\views\include/header.php
INFO - 2020-09-02 17:31:13 --> File loaded: C:\xampp\htdocs\scholarship\industry\views\include/menu.php
INFO - 2020-09-02 17:31:13 --> File loaded: C:\xampp\htdocs\scholarship\industry\views\include/footer.php
INFO - 2020-09-02 17:31:13 --> File loaded: C:\xampp\htdocs\scholarship\industry\views\include/msg.php
INFO - 2020-09-02 17:31:13 --> File loaded: C:\xampp\htdocs\scholarship\industry\views\account/profile.php
INFO - 2020-09-02 17:31:13 --> Final output sent to browser
DEBUG - 2020-09-02 17:31:13 --> Total execution time: 0.6214
INFO - 2020-09-02 17:31:16 --> Config Class Initialized
INFO - 2020-09-02 17:31:16 --> Hooks Class Initialized
DEBUG - 2020-09-02 17:31:16 --> UTF-8 Support Enabled
INFO - 2020-09-02 17:31:16 --> Utf8 Class Initialized
INFO - 2020-09-02 17:31:16 --> URI Class Initialized
INFO - 2020-09-02 17:31:16 --> Router Class Initialized
INFO - 2020-09-02 17:31:16 --> Output Class Initialized
INFO - 2020-09-02 17:31:16 --> Security Class Initialized
DEBUG - 2020-09-02 17:31:16 --> Global POST, GET and COOKIE data sanitized
INFO - 2020-09-02 17:31:16 --> CSRF cookie sent
INFO - 2020-09-02 17:31:16 --> Input Class Initialized
INFO - 2020-09-02 17:31:16 --> Language Class Initialized
INFO - 2020-09-02 17:31:16 --> Loader Class Initialized
INFO - 2020-09-02 17:31:16 --> Helper loaded: url_helper
INFO - 2020-09-02 17:31:16 --> Helper loaded: file_helper
INFO - 2020-09-02 17:31:16 --> Helper loaded: string_helper
INFO - 2020-09-02 17:31:16 --> Database Driver Class Initialized
INFO - 2020-09-02 17:31:16 --> Email Class Initialized
DEBUG - 2020-09-02 17:31:16 --> Session: "sess_save_path" is empty; using "session.save_path" value from php.ini.
INFO - 2020-09-02 17:31:16 --> Session: Class initialized using 'files' driver.
INFO - 2020-09-02 17:31:16 --> Controller Class Initialized
INFO - 2020-09-02 17:31:16 --> Model "M_staffs" initialized
INFO - 2020-09-02 17:31:16 --> Helper loaded: form_helper
INFO - 2020-09-02 17:31:16 --> Form Validation Class Initialized
INFO - 2020-09-02 17:31:16 --> File loaded: C:\xampp\htdocs\scholarship\industry\views\include/header.php
INFO - 2020-09-02 17:31:16 --> File loaded: C:\xampp\htdocs\scholarship\industry\views\include/menu.php
INFO - 2020-09-02 17:31:16 --> File loaded: C:\xampp\htdocs\scholarship\industry\views\include/footer.php
INFO - 2020-09-02 17:31:16 --> File loaded: C:\xampp\htdocs\scholarship\industry\views\include/msg.php
INFO - 2020-09-02 17:31:16 --> File loaded: C:\xampp\htdocs\scholarship\industry\views\staffs/list.php
INFO - 2020-09-02 17:31:16 --> Final output sent to browser
DEBUG - 2020-09-02 17:31:17 --> Total execution time: 0.5597
INFO - 2020-09-02 17:31:18 --> Config Class Initialized
INFO - 2020-09-02 17:31:18 --> Hooks Class Initialized
DEBUG - 2020-09-02 17:31:18 --> UTF-8 Support Enabled
INFO - 2020-09-02 17:31:18 --> Utf8 Class Initialized
INFO - 2020-09-02 17:31:18 --> URI Class Initialized
INFO - 2020-09-02 17:31:18 --> Router Class Initialized
INFO - 2020-09-02 17:31:18 --> Output Class Initialized
INFO - 2020-09-02 17:31:18 --> Security Class Initialized
DEBUG - 2020-09-02 17:31:18 --> Global POST, GET and COOKIE data sanitized
INFO - 2020-09-02 17:31:18 --> CSRF cookie sent
INFO - 2020-09-02 17:31:18 --> Input Class Initialized
INFO - 2020-09-02 17:31:18 --> Language Class Initialized
INFO - 2020-09-02 17:31:18 --> Loader Class Initialized
INFO - 2020-09-02 17:31:18 --> Helper loaded: url_helper
INFO - 2020-09-02 17:31:18 --> Helper loaded: file_helper
INFO - 2020-09-02 17:31:18 --> Helper loaded: string_helper
INFO - 2020-09-02 17:31:18 --> Database Driver Class Initialized
INFO - 2020-09-02 17:31:18 --> Email Class Initialized
DEBUG - 2020-09-02 17:31:18 --> Session: "sess_save_path" is empty; using "session.save_path" value from php.ini.
INFO - 2020-09-02 17:31:18 --> Session: Class initialized using 'files' driver.
INFO - 2020-09-02 17:31:18 --> Controller Class Initialized
INFO - 2020-09-02 17:31:18 --> Model "M_application" initialized
DEBUG - 2020-09-02 17:31:18 --> Encryption: Auto-configured driver 'openssl'.
INFO - 2020-09-02 17:31:18 --> Encryption: OpenSSL initialized with method AES-128-CBC.
INFO - 2020-09-02 17:31:18 --> Encryption Class Initialized
INFO - 2020-09-02 17:31:19 --> File loaded: C:\xampp\htdocs\scholarship\industry\views\include/header.php
INFO - 2020-09-02 17:31:19 --> File loaded: C:\xampp\htdocs\scholarship\industry\views\include/menu.php
INFO - 2020-09-02 17:31:19 --> File loaded: C:\xampp\htdocs\scholarship\industry\views\include/footer.php
INFO - 2020-09-02 17:31:19 --> File loaded: C:\xampp\htdocs\scholarship\industry\views\application/request-list.php
INFO - 2020-09-02 17:31:19 --> Final output sent to browser
DEBUG - 2020-09-02 17:31:19 --> Total execution time: 0.6091
INFO - 2020-09-02 17:31:21 --> Config Class Initialized
INFO - 2020-09-02 17:31:21 --> Hooks Class Initialized
DEBUG - 2020-09-02 17:31:21 --> UTF-8 Support Enabled
INFO - 2020-09-02 17:31:21 --> Utf8 Class Initialized
INFO - 2020-09-02 17:31:21 --> URI Class Initialized
INFO - 2020-09-02 17:31:21 --> Router Class Initialized
INFO - 2020-09-02 17:31:21 --> Output Class Initialized
INFO - 2020-09-02 17:31:21 --> Security Class Initialized
DEBUG - 2020-09-02 17:31:21 --> Global POST, GET and COOKIE data sanitized
INFO - 2020-09-02 17:31:21 --> CSRF cookie sent
INFO - 2020-09-02 17:31:21 --> Input Class Initialized
INFO - 2020-09-02 17:31:21 --> Language Class Initialized
INFO - 2020-09-02 17:31:21 --> Loader Class Initialized
INFO - 2020-09-02 17:31:21 --> Helper loaded: url_helper
INFO - 2020-09-02 17:31:21 --> Helper loaded: file_helper
INFO - 2020-09-02 17:31:21 --> Helper loaded: string_helper
INFO - 2020-09-02 17:31:21 --> Database Driver Class Initialized
INFO - 2020-09-02 17:31:21 --> Email Class Initialized
DEBUG - 2020-09-02 17:31:21 --> Session: "sess_save_path" is empty; using "session.save_path" value from php.ini.
INFO - 2020-09-02 17:31:21 --> Session: Class initialized using 'files' driver.
INFO - 2020-09-02 17:31:21 --> Controller Class Initialized
INFO - 2020-09-02 17:31:21 --> Model "M_application" initialized
DEBUG - 2020-09-02 17:31:21 --> Encryption: Auto-configured driver 'openssl'.
INFO - 2020-09-02 17:31:21 --> Encryption: OpenSSL initialized with method AES-128-CBC.
INFO - 2020-09-02 17:31:21 --> Encryption Class Initialized
INFO - 2020-09-02 17:31:21 --> File loaded: C:\xampp\htdocs\scholarship\industry\views\include/header.php
INFO - 2020-09-02 17:31:21 --> File loaded: C:\xampp\htdocs\scholarship\industry\views\include/menu.php
INFO - 2020-09-02 17:31:21 --> File loaded: C:\xampp\htdocs\scholarship\industry\views\include/footer.php
INFO - 2020-09-02 17:31:21 --> File loaded: C:\xampp\htdocs\scholarship\industry\views\application/approved.php
INFO - 2020-09-02 17:31:21 --> Final output sent to browser
DEBUG - 2020-09-02 17:31:21 --> Total execution time: 0.4976
INFO - 2020-09-02 17:31:24 --> Config Class Initialized
INFO - 2020-09-02 17:31:24 --> Hooks Class Initialized
DEBUG - 2020-09-02 17:31:24 --> UTF-8 Support Enabled
INFO - 2020-09-02 17:31:24 --> Utf8 Class Initialized
INFO - 2020-09-02 17:31:24 --> URI Class Initialized
INFO - 2020-09-02 17:31:24 --> Router Class Initialized
INFO - 2020-09-02 17:31:24 --> Output Class Initialized
INFO - 2020-09-02 17:31:24 --> Security Class Initialized
DEBUG - 2020-09-02 17:31:24 --> Global POST, GET and COOKIE data sanitized
INFO - 2020-09-02 17:31:24 --> CSRF cookie sent
INFO - 2020-09-02 17:31:24 --> Input Class Initialized
INFO - 2020-09-02 17:31:24 --> Language Class Initialized
INFO - 2020-09-02 17:31:24 --> Loader Class Initialized
INFO - 2020-09-02 17:31:24 --> Helper loaded: url_helper
INFO - 2020-09-02 17:31:24 --> Helper loaded: file_helper
INFO - 2020-09-02 17:31:24 --> Helper loaded: string_helper
INFO - 2020-09-02 17:31:24 --> Database Driver Class Initialized
INFO - 2020-09-02 17:31:24 --> Email Class Initialized
DEBUG - 2020-09-02 17:31:24 --> Session: "sess_save_path" is empty; using "session.save_path" value from php.ini.
INFO - 2020-09-02 17:31:24 --> Session: Class initialized using 'files' driver.
INFO - 2020-09-02 17:31:24 --> Controller Class Initialized
INFO - 2020-09-02 17:31:24 --> Model "M_application" initialized
DEBUG - 2020-09-02 17:31:24 --> Encryption: Auto-configured driver 'openssl'.
INFO - 2020-09-02 17:31:24 --> Encryption: OpenSSL initialized with method AES-128-CBC.
INFO - 2020-09-02 17:31:24 --> Encryption Class Initialized
INFO - 2020-09-02 17:31:24 --> File loaded: C:\xampp\htdocs\scholarship\industry\views\include/header.php
INFO - 2020-09-02 17:31:24 --> File loaded: C:\xampp\htdocs\scholarship\industry\views\include/menu.php
INFO - 2020-09-02 17:31:24 --> File loaded: C:\xampp\htdocs\scholarship\industry\views\include/footer.php
INFO - 2020-09-02 17:31:24 --> File loaded: C:\xampp\htdocs\scholarship\industry\views\application/rejected.php
INFO - 2020-09-02 17:31:24 --> Final output sent to browser
DEBUG - 2020-09-02 17:31:24 --> Total execution time: 0.5174
INFO - 2020-09-02 17:31:27 --> Config Class Initialized
INFO - 2020-09-02 17:31:27 --> Hooks Class Initialized
DEBUG - 2020-09-02 17:31:27 --> UTF-8 Support Enabled
INFO - 2020-09-02 17:31:27 --> Utf8 Class Initialized
INFO - 2020-09-02 17:31:27 --> URI Class Initialized
INFO - 2020-09-02 17:31:27 --> Router Class Initialized
INFO - 2020-09-02 17:31:27 --> Output Class Initialized
INFO - 2020-09-02 17:31:27 --> Security Class Initialized
DEBUG - 2020-09-02 17:31:27 --> Global POST, GET and COOKIE data sanitized
INFO - 2020-09-02 17:31:27 --> CSRF cookie sent
INFO - 2020-09-02 17:31:27 --> Input Class Initialized
INFO - 2020-09-02 17:31:27 --> Language Class Initialized
INFO - 2020-09-02 17:31:27 --> Loader Class Initialized
INFO - 2020-09-02 17:31:27 --> Helper loaded: url_helper
INFO - 2020-09-02 17:31:27 --> Helper loaded: file_helper
INFO - 2020-09-02 17:31:27 --> Helper loaded: string_helper
INFO - 2020-09-02 17:31:27 --> Database Driver Class Initialized
INFO - 2020-09-02 17:31:27 --> Email Class Initialized
DEBUG - 2020-09-02 17:31:27 --> Session: "sess_save_path" is empty; using "session.save_path" value from php.ini.
INFO - 2020-09-02 17:31:27 --> Session: Class initialized using 'files' driver.
INFO - 2020-09-02 17:31:27 --> Controller Class Initialized
INFO - 2020-09-02 17:31:28 --> Model "M_account" initialized
DEBUG - 2020-09-02 17:31:28 --> Sc_check class already loaded. Second attempt ignored.
INFO - 2020-09-02 17:31:28 --> Helper loaded: form_helper
INFO - 2020-09-02 17:31:28 --> Form Validation Class Initialized
INFO - 2020-09-02 17:31:28 --> Model "M_auth" initialized
INFO - 2020-09-02 17:31:28 --> File loaded: C:\xampp\htdocs\scholarship\industry\views\include/header.php
INFO - 2020-09-02 17:31:28 --> File loaded: C:\xampp\htdocs\scholarship\industry\views\include/menu.php
INFO - 2020-09-02 17:31:28 --> File loaded: C:\xampp\htdocs\scholarship\industry\views\include/footer.php
INFO - 2020-09-02 17:31:28 --> File loaded: C:\xampp\htdocs\scholarship\industry\views\include/msg.php
INFO - 2020-09-02 17:31:28 --> File loaded: C:\xampp\htdocs\scholarship\industry\views\account/profile.php
INFO - 2020-09-02 17:31:28 --> Final output sent to browser
DEBUG - 2020-09-02 17:31:28 --> Total execution time: 0.4347
INFO - 2020-09-02 17:31:30 --> Config Class Initialized
INFO - 2020-09-02 17:31:30 --> Hooks Class Initialized
DEBUG - 2020-09-02 17:31:30 --> UTF-8 Support Enabled
INFO - 2020-09-02 17:31:30 --> Utf8 Class Initialized
INFO - 2020-09-02 17:31:30 --> URI Class Initialized
INFO - 2020-09-02 17:31:30 --> Router Class Initialized
INFO - 2020-09-02 17:31:30 --> Output Class Initialized
INFO - 2020-09-02 17:31:30 --> Security Class Initialized
DEBUG - 2020-09-02 17:31:30 --> Global POST, GET and COOKIE data sanitized
INFO - 2020-09-02 17:31:30 --> CSRF cookie sent
INFO - 2020-09-02 17:31:30 --> Input Class Initialized
INFO - 2020-09-02 17:31:30 --> Language Class Initialized
INFO - 2020-09-02 17:31:30 --> Loader Class Initialized
INFO - 2020-09-02 17:31:30 --> Helper loaded: url_helper
INFO - 2020-09-02 17:31:30 --> Helper loaded: file_helper
INFO - 2020-09-02 17:31:30 --> Helper loaded: string_helper
INFO - 2020-09-02 17:31:30 --> Database Driver Class Initialized
INFO - 2020-09-02 17:31:30 --> Email Class Initialized
DEBUG - 2020-09-02 17:31:30 --> Session: "sess_save_path" is empty; using "session.save_path" value from php.ini.
INFO - 2020-09-02 17:31:30 --> Session: Class initialized using 'files' driver.
INFO - 2020-09-02 17:31:30 --> Controller Class Initialized
INFO - 2020-09-02 17:31:30 --> Model "M_application" initialized
DEBUG - 2020-09-02 17:31:30 --> Encryption: Auto-configured driver 'openssl'.
INFO - 2020-09-02 17:31:30 --> Encryption: OpenSSL initialized with method AES-128-CBC.
INFO - 2020-09-02 17:31:30 --> Encryption Class Initialized
INFO - 2020-09-02 17:31:30 --> File loaded: C:\xampp\htdocs\scholarship\industry\views\include/header.php
INFO - 2020-09-02 17:31:30 --> File loaded: C:\xampp\htdocs\scholarship\industry\views\include/menu.php
INFO - 2020-09-02 17:31:30 --> File loaded: C:\xampp\htdocs\scholarship\industry\views\include/footer.php
INFO - 2020-09-02 17:31:30 --> File loaded: C:\xampp\htdocs\scholarship\industry\views\application/rejected.php
INFO - 2020-09-02 17:31:30 --> Final output sent to browser
DEBUG - 2020-09-02 17:31:31 --> Total execution time: 0.3877
INFO - 2020-09-02 17:31:35 --> Config Class Initialized
INFO - 2020-09-02 17:31:35 --> Hooks Class Initialized
DEBUG - 2020-09-02 17:31:35 --> UTF-8 Support Enabled
INFO - 2020-09-02 17:31:35 --> Utf8 Class Initialized
INFO - 2020-09-02 17:31:35 --> URI Class Initialized
INFO - 2020-09-02 17:31:35 --> Router Class Initialized
INFO - 2020-09-02 17:31:35 --> Output Class Initialized
INFO - 2020-09-02 17:31:35 --> Security Class Initialized
DEBUG - 2020-09-02 17:31:35 --> Global POST, GET and COOKIE data sanitized
INFO - 2020-09-02 17:31:35 --> CSRF cookie sent
INFO - 2020-09-02 17:31:35 --> Input Class Initialized
INFO - 2020-09-02 17:31:35 --> Language Class Initialized
INFO - 2020-09-02 17:31:35 --> Loader Class Initialized
INFO - 2020-09-02 17:31:35 --> Helper loaded: url_helper
INFO - 2020-09-02 17:31:35 --> Helper loaded: file_helper
INFO - 2020-09-02 17:31:35 --> Helper loaded: string_helper
INFO - 2020-09-02 17:31:35 --> Database Driver Class Initialized
INFO - 2020-09-02 17:31:35 --> Email Class Initialized
DEBUG - 2020-09-02 17:31:35 --> Session: "sess_save_path" is empty; using "session.save_path" value from php.ini.
INFO - 2020-09-02 17:31:35 --> Session: Class initialized using 'files' driver.
INFO - 2020-09-02 17:31:35 --> Controller Class Initialized
INFO - 2020-09-02 17:31:35 --> Model "M_auth" initialized
INFO - 2020-09-02 17:31:35 --> Helper loaded: form_helper
INFO - 2020-09-02 17:31:35 --> Form Validation Class Initialized
DEBUG - 2020-09-02 17:31:35 --> Sc_check class already loaded. Second attempt ignored.
INFO - 2020-09-02 17:31:35 --> Helper loaded: captcha_helper
INFO - 2020-09-02 17:31:35 --> Config Class Initialized
INFO - 2020-09-02 17:31:35 --> Hooks Class Initialized
DEBUG - 2020-09-02 17:31:35 --> UTF-8 Support Enabled
INFO - 2020-09-02 17:31:35 --> Utf8 Class Initialized
INFO - 2020-09-02 17:31:35 --> URI Class Initialized
DEBUG - 2020-09-02 17:31:35 --> No URI present. Default controller set.
INFO - 2020-09-02 17:31:35 --> Router Class Initialized
INFO - 2020-09-02 17:31:35 --> Output Class Initialized
INFO - 2020-09-02 17:31:35 --> Security Class Initialized
DEBUG - 2020-09-02 17:31:35 --> Global POST, GET and COOKIE data sanitized
INFO - 2020-09-02 17:31:35 --> CSRF cookie sent
INFO - 2020-09-02 17:31:35 --> Input Class Initialized
INFO - 2020-09-02 17:31:35 --> Language Class Initialized
INFO - 2020-09-02 17:31:35 --> Loader Class Initialized
INFO - 2020-09-02 17:31:35 --> Helper loaded: url_helper
INFO - 2020-09-02 17:31:35 --> Helper loaded: file_helper
INFO - 2020-09-02 17:31:35 --> Helper loaded: string_helper
INFO - 2020-09-02 17:31:35 --> Database Driver Class Initialized
INFO - 2020-09-02 17:31:35 --> Email Class Initialized
DEBUG - 2020-09-02 17:31:35 --> Session: "sess_save_path" is empty; using "session.save_path" value from php.ini.
INFO - 2020-09-02 17:31:35 --> Session: Class initialized using 'files' driver.
INFO - 2020-09-02 17:31:35 --> Controller Class Initialized
INFO - 2020-09-02 17:31:35 --> Model "M_auth" initialized
INFO - 2020-09-02 17:31:35 --> Helper loaded: form_helper
INFO - 2020-09-02 17:31:35 --> Form Validation Class Initialized
DEBUG - 2020-09-02 17:31:35 --> Sc_check class already loaded. Second attempt ignored.
INFO - 2020-09-02 17:31:35 --> Helper loaded: captcha_helper
INFO - 2020-09-02 17:31:35 --> File loaded: C:\xampp\htdocs\scholarship\industry\views\include/header.php
INFO - 2020-09-02 17:31:35 --> File loaded: C:\xampp\htdocs\scholarship\industry\views\include/footer.php
INFO - 2020-09-02 17:31:35 --> File loaded: C:\xampp\htdocs\scholarship\industry\views\include/msg.php
INFO - 2020-09-02 17:31:35 --> File loaded: C:\xampp\htdocs\scholarship\industry\views\auth/login.php
INFO - 2020-09-02 17:31:35 --> Final output sent to browser
DEBUG - 2020-09-02 17:31:35 --> Total execution time: 0.4402
INFO - 2020-09-02 17:31:36 --> Config Class Initialized
INFO - 2020-09-02 17:31:36 --> Hooks Class Initialized
DEBUG - 2020-09-02 17:31:36 --> UTF-8 Support Enabled
INFO - 2020-09-02 17:31:36 --> Utf8 Class Initialized
INFO - 2020-09-02 17:31:36 --> URI Class Initialized
INFO - 2020-09-02 17:31:36 --> Router Class Initialized
INFO - 2020-09-02 17:31:36 --> Output Class Initialized
INFO - 2020-09-02 17:31:36 --> Security Class Initialized
DEBUG - 2020-09-02 17:31:36 --> Global POST, GET and COOKIE data sanitized
INFO - 2020-09-02 17:31:36 --> CSRF cookie sent
INFO - 2020-09-02 17:31:36 --> Input Class Initialized
INFO - 2020-09-02 17:31:36 --> Language Class Initialized
ERROR - 2020-09-02 17:31:36 --> 404 Page Not Found: Assets/css
