INFO - 2020-03-16 06:58:40 --> Config Class Initialized
INFO - 2020-03-16 06:58:40 --> Hooks Class Initialized
DEBUG - 2020-03-16 06:58:40 --> UTF-8 Support Enabled
INFO - 2020-03-16 06:58:40 --> Utf8 Class Initialized
INFO - 2020-03-16 06:58:40 --> URI Class Initialized
DEBUG - 2020-03-16 06:58:40 --> No URI present. Default controller set.
INFO - 2020-03-16 06:58:40 --> Router Class Initialized
INFO - 2020-03-16 06:58:40 --> Output Class Initialized
INFO - 2020-03-16 06:58:40 --> Security Class Initialized
DEBUG - 2020-03-16 06:58:40 --> Global POST, GET and COOKIE data sanitized
INFO - 2020-03-16 06:58:40 --> CSRF cookie sent
INFO - 2020-03-16 06:58:40 --> Input Class Initialized
INFO - 2020-03-16 06:58:40 --> Language Class Initialized
INFO - 2020-03-16 06:58:40 --> Loader Class Initialized
INFO - 2020-03-16 06:58:40 --> Helper loaded: url_helper
INFO - 2020-03-16 06:58:40 --> Helper loaded: file_helper
INFO - 2020-03-16 06:58:40 --> Helper loaded: string_helper
INFO - 2020-03-16 07:01:17 --> Config Class Initialized
INFO - 2020-03-16 07:01:17 --> Hooks Class Initialized
DEBUG - 2020-03-16 07:01:17 --> UTF-8 Support Enabled
INFO - 2020-03-16 07:01:17 --> Utf8 Class Initialized
INFO - 2020-03-16 07:01:17 --> URI Class Initialized
DEBUG - 2020-03-16 07:01:17 --> No URI present. Default controller set.
INFO - 2020-03-16 07:01:17 --> Router Class Initialized
INFO - 2020-03-16 07:01:17 --> Output Class Initialized
INFO - 2020-03-16 07:01:17 --> Security Class Initialized
DEBUG - 2020-03-16 07:01:17 --> Global POST, GET and COOKIE data sanitized
INFO - 2020-03-16 07:01:17 --> CSRF cookie sent
INFO - 2020-03-16 07:01:17 --> Input Class Initialized
INFO - 2020-03-16 07:01:17 --> Language Class Initialized
INFO - 2020-03-16 07:01:17 --> Loader Class Initialized
INFO - 2020-03-16 07:01:17 --> Helper loaded: url_helper
INFO - 2020-03-16 07:01:17 --> Helper loaded: file_helper
INFO - 2020-03-16 07:01:17 --> Helper loaded: string_helper
INFO - 2020-03-16 07:01:25 --> Config Class Initialized
INFO - 2020-03-16 07:01:25 --> Hooks Class Initialized
DEBUG - 2020-03-16 07:01:25 --> UTF-8 Support Enabled
INFO - 2020-03-16 07:01:25 --> Utf8 Class Initialized
INFO - 2020-03-16 07:01:25 --> URI Class Initialized
DEBUG - 2020-03-16 07:01:25 --> No URI present. Default controller set.
INFO - 2020-03-16 07:01:25 --> Router Class Initialized
INFO - 2020-03-16 07:01:25 --> Output Class Initialized
INFO - 2020-03-16 07:01:25 --> Security Class Initialized
DEBUG - 2020-03-16 07:01:25 --> Global POST, GET and COOKIE data sanitized
INFO - 2020-03-16 07:01:25 --> CSRF cookie sent
INFO - 2020-03-16 07:01:25 --> Input Class Initialized
INFO - 2020-03-16 07:01:25 --> Language Class Initialized
INFO - 2020-03-16 07:01:25 --> Loader Class Initialized
INFO - 2020-03-16 07:01:25 --> Helper loaded: url_helper
INFO - 2020-03-16 07:01:25 --> Helper loaded: file_helper
INFO - 2020-03-16 07:01:25 --> Helper loaded: string_helper
INFO - 2020-03-16 07:01:36 --> Config Class Initialized
INFO - 2020-03-16 07:01:36 --> Hooks Class Initialized
DEBUG - 2020-03-16 07:01:36 --> UTF-8 Support Enabled
INFO - 2020-03-16 07:01:36 --> Utf8 Class Initialized
INFO - 2020-03-16 07:01:36 --> URI Class Initialized
DEBUG - 2020-03-16 07:01:36 --> No URI present. Default controller set.
INFO - 2020-03-16 07:01:36 --> Router Class Initialized
INFO - 2020-03-16 07:01:36 --> Output Class Initialized
INFO - 2020-03-16 07:01:36 --> Security Class Initialized
DEBUG - 2020-03-16 07:01:36 --> Global POST, GET and COOKIE data sanitized
INFO - 2020-03-16 07:01:36 --> CSRF cookie sent
INFO - 2020-03-16 07:01:36 --> Input Class Initialized
INFO - 2020-03-16 07:01:36 --> Language Class Initialized
INFO - 2020-03-16 07:01:36 --> Loader Class Initialized
INFO - 2020-03-16 07:01:36 --> Helper loaded: url_helper
INFO - 2020-03-16 07:01:36 --> Helper loaded: file_helper
INFO - 2020-03-16 07:01:36 --> Helper loaded: string_helper
INFO - 2020-03-16 07:01:36 --> Database Driver Class Initialized
INFO - 2020-03-16 07:01:36 --> Email Class Initialized
DEBUG - 2020-03-16 07:01:36 --> Session: "sess_save_path" is empty; using "session.save_path" value from php.ini.
INFO - 2020-03-16 07:01:36 --> Session: Class initialized using 'files' driver.
INFO - 2020-03-16 07:01:36 --> Controller Class Initialized
INFO - 2020-03-16 07:01:36 --> Model "M_auth" initialized
INFO - 2020-03-16 07:01:36 --> Helper loaded: form_helper
INFO - 2020-03-16 07:01:36 --> Form Validation Class Initialized
DEBUG - 2020-03-16 07:01:36 --> Sc_check class already loaded. Second attempt ignored.
INFO - 2020-03-16 07:01:36 --> Helper loaded: captcha_helper
INFO - 2020-03-16 07:01:36 --> File loaded: C:\xampp\htdocs\scholarship\industry\views\include/header.php
INFO - 2020-03-16 07:01:36 --> File loaded: C:\xampp\htdocs\scholarship\industry\views\include/footer.php
INFO - 2020-03-16 07:01:36 --> File loaded: C:\xampp\htdocs\scholarship\industry\views\include/msg.php
INFO - 2020-03-16 07:01:36 --> File loaded: C:\xampp\htdocs\scholarship\industry\views\auth/login.php
INFO - 2020-03-16 07:01:36 --> Final output sent to browser
DEBUG - 2020-03-16 07:01:36 --> Total execution time: 0.2650
INFO - 2020-03-16 07:02:10 --> Config Class Initialized
INFO - 2020-03-16 07:02:10 --> Hooks Class Initialized
DEBUG - 2020-03-16 07:02:10 --> UTF-8 Support Enabled
INFO - 2020-03-16 07:02:10 --> Utf8 Class Initialized
INFO - 2020-03-16 07:02:10 --> URI Class Initialized
DEBUG - 2020-03-16 07:02:10 --> No URI present. Default controller set.
INFO - 2020-03-16 07:02:10 --> Router Class Initialized
INFO - 2020-03-16 07:02:10 --> Output Class Initialized
INFO - 2020-03-16 07:02:10 --> Security Class Initialized
DEBUG - 2020-03-16 07:02:10 --> Global POST, GET and COOKIE data sanitized
INFO - 2020-03-16 07:02:10 --> CSRF cookie sent
INFO - 2020-03-16 07:02:10 --> Input Class Initialized
INFO - 2020-03-16 07:02:10 --> Language Class Initialized
INFO - 2020-03-16 07:02:10 --> Loader Class Initialized
INFO - 2020-03-16 07:02:10 --> Helper loaded: url_helper
INFO - 2020-03-16 07:02:10 --> Helper loaded: file_helper
INFO - 2020-03-16 07:02:10 --> Helper loaded: string_helper
INFO - 2020-03-16 07:02:10 --> Database Driver Class Initialized
INFO - 2020-03-16 07:02:10 --> Email Class Initialized
DEBUG - 2020-03-16 07:02:10 --> Session: "sess_save_path" is empty; using "session.save_path" value from php.ini.
INFO - 2020-03-16 07:02:10 --> Session: Class initialized using 'files' driver.
INFO - 2020-03-16 07:02:10 --> Controller Class Initialized
INFO - 2020-03-16 07:02:10 --> Model "M_auth" initialized
INFO - 2020-03-16 07:02:10 --> Helper loaded: form_helper
INFO - 2020-03-16 07:02:10 --> Form Validation Class Initialized
DEBUG - 2020-03-16 07:02:10 --> Sc_check class already loaded. Second attempt ignored.
INFO - 2020-03-16 07:02:10 --> Helper loaded: captcha_helper
INFO - 2020-03-16 07:02:10 --> File loaded: C:\xampp\htdocs\scholarship\industry\views\include/header.php
INFO - 2020-03-16 07:02:10 --> File loaded: C:\xampp\htdocs\scholarship\industry\views\include/footer.php
INFO - 2020-03-16 07:02:10 --> File loaded: C:\xampp\htdocs\scholarship\industry\views\include/msg.php
INFO - 2020-03-16 07:02:10 --> File loaded: C:\xampp\htdocs\scholarship\industry\views\auth/login.php
INFO - 2020-03-16 07:02:10 --> Final output sent to browser
DEBUG - 2020-03-16 07:02:10 --> Total execution time: 0.1118
INFO - 2020-03-16 07:02:11 --> Config Class Initialized
INFO - 2020-03-16 07:02:11 --> Hooks Class Initialized
DEBUG - 2020-03-16 07:02:11 --> UTF-8 Support Enabled
INFO - 2020-03-16 07:02:11 --> Utf8 Class Initialized
INFO - 2020-03-16 07:02:11 --> URI Class Initialized
INFO - 2020-03-16 07:02:11 --> Router Class Initialized
INFO - 2020-03-16 07:02:11 --> Output Class Initialized
INFO - 2020-03-16 07:02:11 --> Security Class Initialized
DEBUG - 2020-03-16 07:02:11 --> Global POST, GET and COOKIE data sanitized
INFO - 2020-03-16 07:02:11 --> CSRF cookie sent
INFO - 2020-03-16 07:02:11 --> Input Class Initialized
INFO - 2020-03-16 07:02:11 --> Language Class Initialized
INFO - 2020-03-16 07:02:11 --> Loader Class Initialized
INFO - 2020-03-16 07:02:11 --> Helper loaded: url_helper
INFO - 2020-03-16 07:02:11 --> Helper loaded: file_helper
INFO - 2020-03-16 07:02:11 --> Helper loaded: string_helper
INFO - 2020-03-16 07:02:11 --> Database Driver Class Initialized
INFO - 2020-03-16 07:02:11 --> Email Class Initialized
DEBUG - 2020-03-16 07:02:11 --> Session: "sess_save_path" is empty; using "session.save_path" value from php.ini.
INFO - 2020-03-16 07:02:11 --> Session: Class initialized using 'files' driver.
INFO - 2020-03-16 07:02:11 --> Controller Class Initialized
INFO - 2020-03-16 07:02:11 --> Model "M_auth" initialized
INFO - 2020-03-16 07:02:11 --> Helper loaded: form_helper
INFO - 2020-03-16 07:02:11 --> Form Validation Class Initialized
DEBUG - 2020-03-16 07:02:11 --> Sc_check class already loaded. Second attempt ignored.
INFO - 2020-03-16 07:02:11 --> Helper loaded: captcha_helper
INFO - 2020-03-16 07:02:11 --> Final output sent to browser
DEBUG - 2020-03-16 07:02:11 --> Total execution time: 0.0794
INFO - 2020-03-16 07:02:18 --> Config Class Initialized
INFO - 2020-03-16 07:02:18 --> Hooks Class Initialized
DEBUG - 2020-03-16 07:02:18 --> UTF-8 Support Enabled
INFO - 2020-03-16 07:02:18 --> Utf8 Class Initialized
INFO - 2020-03-16 07:02:18 --> URI Class Initialized
INFO - 2020-03-16 07:02:18 --> Router Class Initialized
INFO - 2020-03-16 07:02:18 --> Output Class Initialized
INFO - 2020-03-16 07:02:18 --> Security Class Initialized
DEBUG - 2020-03-16 07:02:18 --> Global POST, GET and COOKIE data sanitized
INFO - 2020-03-16 07:02:18 --> CSRF cookie sent
INFO - 2020-03-16 07:02:25 --> Config Class Initialized
INFO - 2020-03-16 07:02:25 --> Hooks Class Initialized
DEBUG - 2020-03-16 07:02:25 --> UTF-8 Support Enabled
INFO - 2020-03-16 07:02:25 --> Utf8 Class Initialized
INFO - 2020-03-16 07:02:25 --> URI Class Initialized
INFO - 2020-03-16 07:02:25 --> Router Class Initialized
INFO - 2020-03-16 07:02:25 --> Output Class Initialized
INFO - 2020-03-16 07:02:25 --> Security Class Initialized
DEBUG - 2020-03-16 07:02:25 --> Global POST, GET and COOKIE data sanitized
INFO - 2020-03-16 07:02:25 --> CSRF cookie sent
INFO - 2020-03-16 07:02:25 --> CSRF token verified
INFO - 2020-03-16 07:02:25 --> Input Class Initialized
INFO - 2020-03-16 07:02:25 --> Language Class Initialized
INFO - 2020-03-16 07:02:25 --> Loader Class Initialized
INFO - 2020-03-16 07:02:25 --> Helper loaded: url_helper
INFO - 2020-03-16 07:02:25 --> Helper loaded: file_helper
INFO - 2020-03-16 07:02:25 --> Helper loaded: string_helper
INFO - 2020-03-16 07:02:25 --> Database Driver Class Initialized
INFO - 2020-03-16 07:02:25 --> Email Class Initialized
DEBUG - 2020-03-16 07:02:25 --> Session: "sess_save_path" is empty; using "session.save_path" value from php.ini.
INFO - 2020-03-16 07:02:25 --> Session: Class initialized using 'files' driver.
INFO - 2020-03-16 07:02:25 --> Controller Class Initialized
INFO - 2020-03-16 07:02:25 --> Model "M_auth" initialized
INFO - 2020-03-16 07:02:25 --> Helper loaded: form_helper
INFO - 2020-03-16 07:02:25 --> Form Validation Class Initialized
DEBUG - 2020-03-16 07:02:25 --> Sc_check class already loaded. Second attempt ignored.
INFO - 2020-03-16 07:02:25 --> Helper loaded: captcha_helper
INFO - 2020-03-16 07:02:25 --> Language file loaded: language/english/form_validation_lang.php
INFO - 2020-03-16 07:02:25 --> ---------------------Success -- Industry Logged in with prathwi@5ine.in and IP aaddress ::1 --------------
INFO - 2020-03-16 07:02:25 --> Config Class Initialized
INFO - 2020-03-16 07:02:25 --> Hooks Class Initialized
DEBUG - 2020-03-16 07:02:25 --> UTF-8 Support Enabled
INFO - 2020-03-16 07:02:25 --> Utf8 Class Initialized
INFO - 2020-03-16 07:02:25 --> URI Class Initialized
INFO - 2020-03-16 07:02:25 --> Router Class Initialized
INFO - 2020-03-16 07:02:25 --> Output Class Initialized
INFO - 2020-03-16 07:02:25 --> Security Class Initialized
DEBUG - 2020-03-16 07:02:25 --> Global POST, GET and COOKIE data sanitized
INFO - 2020-03-16 07:02:25 --> CSRF cookie sent
INFO - 2020-03-16 07:02:25 --> Input Class Initialized
INFO - 2020-03-16 07:02:25 --> Language Class Initialized
INFO - 2020-03-16 07:02:25 --> Loader Class Initialized
INFO - 2020-03-16 07:02:25 --> Helper loaded: url_helper
INFO - 2020-03-16 07:02:25 --> Helper loaded: file_helper
INFO - 2020-03-16 07:02:25 --> Helper loaded: string_helper
INFO - 2020-03-16 07:02:25 --> Database Driver Class Initialized
INFO - 2020-03-16 07:02:25 --> Email Class Initialized
DEBUG - 2020-03-16 07:02:25 --> Session: "sess_save_path" is empty; using "session.save_path" value from php.ini.
INFO - 2020-03-16 07:02:25 --> Session: Class initialized using 'files' driver.
INFO - 2020-03-16 07:02:25 --> Controller Class Initialized
INFO - 2020-03-16 07:02:25 --> Model "M_account" initialized
DEBUG - 2020-03-16 07:02:25 --> Sc_check class already loaded. Second attempt ignored.
INFO - 2020-03-16 07:02:25 --> Helper loaded: form_helper
INFO - 2020-03-16 07:02:25 --> Form Validation Class Initialized
INFO - 2020-03-16 07:02:25 --> Model "M_auth" initialized
INFO - 2020-03-16 07:02:25 --> File loaded: C:\xampp\htdocs\scholarship\industry\views\include/header.php
INFO - 2020-03-16 07:02:25 --> File loaded: C:\xampp\htdocs\scholarship\industry\views\include/menu.php
INFO - 2020-03-16 07:02:25 --> File loaded: C:\xampp\htdocs\scholarship\industry\views\include/footer.php
INFO - 2020-03-16 07:02:25 --> File loaded: C:\xampp\htdocs\scholarship\industry\views\include/msg.php
INFO - 2020-03-16 07:02:25 --> File loaded: C:\xampp\htdocs\scholarship\industry\views\account/profile.php
INFO - 2020-03-16 07:02:25 --> Final output sent to browser
DEBUG - 2020-03-16 07:02:25 --> Total execution time: 0.2734
INFO - 2020-03-16 07:02:25 --> Config Class Initialized
INFO - 2020-03-16 07:02:25 --> Hooks Class Initialized
INFO - 2020-03-16 07:02:25 --> Config Class Initialized
INFO - 2020-03-16 07:02:25 --> Hooks Class Initialized
INFO - 2020-03-16 07:02:25 --> Config Class Initialized
INFO - 2020-03-16 07:02:25 --> Hooks Class Initialized
DEBUG - 2020-03-16 07:02:25 --> UTF-8 Support Enabled
INFO - 2020-03-16 07:02:25 --> Utf8 Class Initialized
DEBUG - 2020-03-16 07:02:25 --> UTF-8 Support Enabled
DEBUG - 2020-03-16 07:02:25 --> UTF-8 Support Enabled
INFO - 2020-03-16 07:02:25 --> Utf8 Class Initialized
INFO - 2020-03-16 07:02:25 --> Utf8 Class Initialized
INFO - 2020-03-16 07:02:25 --> URI Class Initialized
INFO - 2020-03-16 07:02:25 --> URI Class Initialized
INFO - 2020-03-16 07:02:25 --> URI Class Initialized
INFO - 2020-03-16 07:02:25 --> Router Class Initialized
INFO - 2020-03-16 07:02:25 --> Router Class Initialized
INFO - 2020-03-16 07:02:25 --> Router Class Initialized
INFO - 2020-03-16 07:02:25 --> Output Class Initialized
INFO - 2020-03-16 07:02:25 --> Output Class Initialized
INFO - 2020-03-16 07:02:25 --> Output Class Initialized
INFO - 2020-03-16 07:02:25 --> Security Class Initialized
INFO - 2020-03-16 07:02:25 --> Security Class Initialized
INFO - 2020-03-16 07:02:25 --> Security Class Initialized
DEBUG - 2020-03-16 07:02:25 --> Global POST, GET and COOKIE data sanitized
DEBUG - 2020-03-16 07:02:25 --> Global POST, GET and COOKIE data sanitized
INFO - 2020-03-16 07:02:25 --> CSRF cookie sent
INFO - 2020-03-16 07:02:25 --> CSRF cookie sent
DEBUG - 2020-03-16 07:02:25 --> Global POST, GET and COOKIE data sanitized
INFO - 2020-03-16 07:02:25 --> Input Class Initialized
INFO - 2020-03-16 07:02:25 --> Input Class Initialized
INFO - 2020-03-16 07:02:25 --> CSRF cookie sent
INFO - 2020-03-16 07:02:25 --> Language Class Initialized
INFO - 2020-03-16 07:02:25 --> Language Class Initialized
INFO - 2020-03-16 07:02:25 --> Input Class Initialized
INFO - 2020-03-16 07:02:25 --> Language Class Initialized
ERROR - 2020-03-16 07:02:25 --> 404 Page Not Found: Show-images/pan
ERROR - 2020-03-16 07:02:25 --> 404 Page Not Found: Show-images/gst
ERROR - 2020-03-16 07:02:25 --> 404 Page Not Found: Show-images/regfile
INFO - 2020-03-16 08:20:13 --> Config Class Initialized
INFO - 2020-03-16 08:20:13 --> Hooks Class Initialized
DEBUG - 2020-03-16 08:20:13 --> UTF-8 Support Enabled
INFO - 2020-03-16 08:20:13 --> Utf8 Class Initialized
INFO - 2020-03-16 08:20:13 --> URI Class Initialized
INFO - 2020-03-16 08:20:13 --> Router Class Initialized
INFO - 2020-03-16 08:20:13 --> Output Class Initialized
INFO - 2020-03-16 08:20:13 --> Security Class Initialized
DEBUG - 2020-03-16 08:20:13 --> Global POST, GET and COOKIE data sanitized
INFO - 2020-03-16 08:20:13 --> CSRF cookie sent
INFO - 2020-03-16 08:20:13 --> CSRF token verified
INFO - 2020-03-16 08:20:13 --> Input Class Initialized
INFO - 2020-03-16 08:20:13 --> Language Class Initialized
INFO - 2020-03-16 08:20:13 --> Loader Class Initialized
INFO - 2020-03-16 08:20:13 --> Helper loaded: url_helper
INFO - 2020-03-16 08:20:13 --> Helper loaded: file_helper
INFO - 2020-03-16 08:20:13 --> Helper loaded: string_helper
INFO - 2020-03-16 08:20:14 --> Database Driver Class Initialized
INFO - 2020-03-16 08:20:14 --> Email Class Initialized
DEBUG - 2020-03-16 08:20:14 --> Session: "sess_save_path" is empty; using "session.save_path" value from php.ini.
INFO - 2020-03-16 08:20:14 --> Session: Class initialized using 'files' driver.
INFO - 2020-03-16 08:20:14 --> Controller Class Initialized
INFO - 2020-03-16 08:20:14 --> Model "M_account" initialized
DEBUG - 2020-03-16 08:20:14 --> Sc_check class already loaded. Second attempt ignored.
INFO - 2020-03-16 08:20:14 --> Helper loaded: form_helper
INFO - 2020-03-16 08:20:14 --> Form Validation Class Initialized
INFO - 2020-03-16 08:20:14 --> Upload Class Initialized
INFO - 2020-03-16 08:20:14 --> Final output sent to browser
DEBUG - 2020-03-16 08:20:14 --> Total execution time: 1.3486
INFO - 2020-03-16 08:20:15 --> Config Class Initialized
INFO - 2020-03-16 08:20:15 --> Hooks Class Initialized
DEBUG - 2020-03-16 08:20:15 --> UTF-8 Support Enabled
INFO - 2020-03-16 08:20:15 --> Utf8 Class Initialized
INFO - 2020-03-16 08:20:15 --> URI Class Initialized
INFO - 2020-03-16 08:20:15 --> Router Class Initialized
INFO - 2020-03-16 08:20:15 --> Output Class Initialized
INFO - 2020-03-16 08:20:15 --> Security Class Initialized
DEBUG - 2020-03-16 08:20:15 --> Global POST, GET and COOKIE data sanitized
INFO - 2020-03-16 08:20:15 --> CSRF cookie sent
INFO - 2020-03-16 08:20:15 --> CSRF token verified
INFO - 2020-03-16 08:20:15 --> Input Class Initialized
INFO - 2020-03-16 08:20:15 --> Language Class Initialized
INFO - 2020-03-16 08:20:15 --> Loader Class Initialized
INFO - 2020-03-16 08:20:15 --> Helper loaded: url_helper
INFO - 2020-03-16 08:20:15 --> Helper loaded: file_helper
INFO - 2020-03-16 08:20:15 --> Helper loaded: string_helper
INFO - 2020-03-16 08:20:15 --> Database Driver Class Initialized
INFO - 2020-03-16 08:20:15 --> Email Class Initialized
DEBUG - 2020-03-16 08:20:15 --> Session: "sess_save_path" is empty; using "session.save_path" value from php.ini.
INFO - 2020-03-16 08:20:15 --> Session: Class initialized using 'files' driver.
INFO - 2020-03-16 08:20:15 --> Controller Class Initialized
INFO - 2020-03-16 08:20:15 --> Model "M_account" initialized
DEBUG - 2020-03-16 08:20:15 --> Sc_check class already loaded. Second attempt ignored.
INFO - 2020-03-16 08:20:15 --> Helper loaded: form_helper
INFO - 2020-03-16 08:20:15 --> Form Validation Class Initialized
INFO - 2020-03-16 08:20:15 --> Upload Class Initialized
INFO - 2020-03-16 08:20:15 --> Final output sent to browser
DEBUG - 2020-03-16 08:20:15 --> Total execution time: 0.1477
INFO - 2020-03-16 08:20:18 --> Config Class Initialized
INFO - 2020-03-16 08:20:18 --> Hooks Class Initialized
DEBUG - 2020-03-16 08:20:18 --> UTF-8 Support Enabled
INFO - 2020-03-16 08:20:18 --> Utf8 Class Initialized
INFO - 2020-03-16 08:20:18 --> URI Class Initialized
INFO - 2020-03-16 08:20:18 --> Router Class Initialized
INFO - 2020-03-16 08:20:18 --> Output Class Initialized
INFO - 2020-03-16 08:20:18 --> Security Class Initialized
DEBUG - 2020-03-16 08:20:18 --> Global POST, GET and COOKIE data sanitized
INFO - 2020-03-16 08:20:18 --> CSRF cookie sent
INFO - 2020-03-16 08:20:18 --> CSRF token verified
INFO - 2020-03-16 08:20:18 --> Input Class Initialized
INFO - 2020-03-16 08:20:18 --> Language Class Initialized
INFO - 2020-03-16 08:20:18 --> Loader Class Initialized
INFO - 2020-03-16 08:20:18 --> Helper loaded: url_helper
INFO - 2020-03-16 08:20:18 --> Helper loaded: file_helper
INFO - 2020-03-16 08:20:18 --> Helper loaded: string_helper
INFO - 2020-03-16 08:20:18 --> Database Driver Class Initialized
INFO - 2020-03-16 08:20:18 --> Email Class Initialized
DEBUG - 2020-03-16 08:20:18 --> Session: "sess_save_path" is empty; using "session.save_path" value from php.ini.
INFO - 2020-03-16 08:20:18 --> Session: Class initialized using 'files' driver.
INFO - 2020-03-16 08:20:18 --> Controller Class Initialized
INFO - 2020-03-16 08:20:18 --> Model "M_account" initialized
DEBUG - 2020-03-16 08:20:18 --> Sc_check class already loaded. Second attempt ignored.
INFO - 2020-03-16 08:20:18 --> Helper loaded: form_helper
INFO - 2020-03-16 08:20:18 --> Form Validation Class Initialized
INFO - 2020-03-16 08:20:18 --> Upload Class Initialized
INFO - 2020-03-16 08:20:18 --> Final output sent to browser
DEBUG - 2020-03-16 08:20:18 --> Total execution time: 0.1325
INFO - 2020-03-16 08:20:19 --> Config Class Initialized
INFO - 2020-03-16 08:20:19 --> Hooks Class Initialized
DEBUG - 2020-03-16 08:20:19 --> UTF-8 Support Enabled
INFO - 2020-03-16 08:20:19 --> Utf8 Class Initialized
INFO - 2020-03-16 08:20:19 --> URI Class Initialized
INFO - 2020-03-16 08:20:19 --> Router Class Initialized
INFO - 2020-03-16 08:20:19 --> Output Class Initialized
INFO - 2020-03-16 08:20:19 --> Security Class Initialized
DEBUG - 2020-03-16 08:20:19 --> Global POST, GET and COOKIE data sanitized
INFO - 2020-03-16 08:20:19 --> CSRF cookie sent
INFO - 2020-03-16 08:20:19 --> Input Class Initialized
INFO - 2020-03-16 08:20:19 --> Language Class Initialized
INFO - 2020-03-16 08:20:19 --> Loader Class Initialized
INFO - 2020-03-16 08:20:19 --> Helper loaded: url_helper
INFO - 2020-03-16 08:20:19 --> Helper loaded: file_helper
INFO - 2020-03-16 08:20:19 --> Helper loaded: string_helper
INFO - 2020-03-16 08:20:19 --> Database Driver Class Initialized
INFO - 2020-03-16 08:20:19 --> Email Class Initialized
DEBUG - 2020-03-16 08:20:19 --> Session: "sess_save_path" is empty; using "session.save_path" value from php.ini.
INFO - 2020-03-16 08:20:19 --> Session: Class initialized using 'files' driver.
INFO - 2020-03-16 08:20:19 --> Controller Class Initialized
INFO - 2020-03-16 08:20:19 --> Model "M_account" initialized
DEBUG - 2020-03-16 08:20:19 --> Sc_check class already loaded. Second attempt ignored.
INFO - 2020-03-16 08:20:19 --> Helper loaded: form_helper
INFO - 2020-03-16 08:20:19 --> Form Validation Class Initialized
INFO - 2020-03-16 08:20:19 --> Model "M_auth" initialized
INFO - 2020-03-16 08:20:20 --> File loaded: C:\xampp\htdocs\scholarship\industry\views\include/header.php
INFO - 2020-03-16 08:20:20 --> File loaded: C:\xampp\htdocs\scholarship\industry\views\include/menu.php
INFO - 2020-03-16 08:20:20 --> File loaded: C:\xampp\htdocs\scholarship\industry\views\include/footer.php
INFO - 2020-03-16 08:20:20 --> File loaded: C:\xampp\htdocs\scholarship\industry\views\include/msg.php
INFO - 2020-03-16 08:20:20 --> File loaded: C:\xampp\htdocs\scholarship\industry\views\account/profile.php
INFO - 2020-03-16 08:20:20 --> Final output sent to browser
DEBUG - 2020-03-16 08:20:20 --> Total execution time: 0.2861
INFO - 2020-03-16 08:20:20 --> Config Class Initialized
INFO - 2020-03-16 08:20:20 --> Hooks Class Initialized
INFO - 2020-03-16 08:20:20 --> Config Class Initialized
INFO - 2020-03-16 08:20:20 --> Hooks Class Initialized
DEBUG - 2020-03-16 08:20:20 --> UTF-8 Support Enabled
DEBUG - 2020-03-16 08:20:20 --> UTF-8 Support Enabled
INFO - 2020-03-16 08:20:20 --> Utf8 Class Initialized
INFO - 2020-03-16 08:20:20 --> Utf8 Class Initialized
INFO - 2020-03-16 08:20:20 --> URI Class Initialized
INFO - 2020-03-16 08:20:20 --> URI Class Initialized
INFO - 2020-03-16 08:20:20 --> Config Class Initialized
INFO - 2020-03-16 08:20:20 --> Hooks Class Initialized
INFO - 2020-03-16 08:20:20 --> Router Class Initialized
INFO - 2020-03-16 08:20:20 --> Output Class Initialized
DEBUG - 2020-03-16 08:20:20 --> UTF-8 Support Enabled
INFO - 2020-03-16 08:20:20 --> Utf8 Class Initialized
INFO - 2020-03-16 08:20:20 --> Router Class Initialized
INFO - 2020-03-16 08:20:20 --> Security Class Initialized
INFO - 2020-03-16 08:20:20 --> URI Class Initialized
INFO - 2020-03-16 08:20:20 --> Output Class Initialized
DEBUG - 2020-03-16 08:20:20 --> Global POST, GET and COOKIE data sanitized
INFO - 2020-03-16 08:20:20 --> Security Class Initialized
INFO - 2020-03-16 08:20:20 --> Router Class Initialized
INFO - 2020-03-16 08:20:20 --> CSRF cookie sent
INFO - 2020-03-16 08:20:20 --> Input Class Initialized
DEBUG - 2020-03-16 08:20:20 --> Global POST, GET and COOKIE data sanitized
INFO - 2020-03-16 08:20:20 --> Language Class Initialized
INFO - 2020-03-16 08:20:20 --> CSRF cookie sent
INFO - 2020-03-16 08:20:20 --> Input Class Initialized
INFO - 2020-03-16 08:20:20 --> Language Class Initialized
INFO - 2020-03-16 08:20:20 --> Output Class Initialized
INFO - 2020-03-16 08:20:20 --> Security Class Initialized
DEBUG - 2020-03-16 08:20:20 --> Global POST, GET and COOKIE data sanitized
INFO - 2020-03-16 08:20:20 --> CSRF cookie sent
INFO - 2020-03-16 08:20:20 --> Input Class Initialized
INFO - 2020-03-16 08:20:20 --> Language Class Initialized
ERROR - 2020-03-16 08:20:20 --> 404 Page Not Found: Show-images/pan
ERROR - 2020-03-16 08:20:20 --> 404 Page Not Found: Show-images/regfile
ERROR - 2020-03-16 08:20:20 --> 404 Page Not Found: Show-images/gst
INFO - 2020-03-16 08:21:30 --> Config Class Initialized
INFO - 2020-03-16 08:21:30 --> Hooks Class Initialized
DEBUG - 2020-03-16 08:21:30 --> UTF-8 Support Enabled
INFO - 2020-03-16 08:21:30 --> Utf8 Class Initialized
INFO - 2020-03-16 08:21:30 --> URI Class Initialized
INFO - 2020-03-16 08:21:30 --> Router Class Initialized
INFO - 2020-03-16 08:21:30 --> Output Class Initialized
INFO - 2020-03-16 08:21:30 --> Security Class Initialized
DEBUG - 2020-03-16 08:21:30 --> Global POST, GET and COOKIE data sanitized
INFO - 2020-03-16 08:21:30 --> CSRF cookie sent
INFO - 2020-03-16 08:21:30 --> Input Class Initialized
INFO - 2020-03-16 08:21:30 --> Language Class Initialized
INFO - 2020-03-16 08:21:30 --> Loader Class Initialized
INFO - 2020-03-16 08:21:30 --> Helper loaded: url_helper
INFO - 2020-03-16 08:21:30 --> Helper loaded: file_helper
INFO - 2020-03-16 08:21:30 --> Helper loaded: string_helper
INFO - 2020-03-16 08:21:30 --> Database Driver Class Initialized
INFO - 2020-03-16 08:21:30 --> Email Class Initialized
DEBUG - 2020-03-16 08:21:30 --> Session: "sess_save_path" is empty; using "session.save_path" value from php.ini.
INFO - 2020-03-16 08:21:30 --> Session: Class initialized using 'files' driver.
INFO - 2020-03-16 08:21:30 --> Controller Class Initialized
INFO - 2020-03-16 08:21:30 --> Model "M_auth" initialized
INFO - 2020-03-16 08:21:30 --> Helper loaded: form_helper
INFO - 2020-03-16 08:21:30 --> Form Validation Class Initialized
DEBUG - 2020-03-16 08:21:30 --> Sc_check class already loaded. Second attempt ignored.
INFO - 2020-03-16 08:21:30 --> Helper loaded: captcha_helper
INFO - 2020-03-16 08:21:30 --> Config Class Initialized
INFO - 2020-03-16 08:21:30 --> Hooks Class Initialized
DEBUG - 2020-03-16 08:21:30 --> UTF-8 Support Enabled
INFO - 2020-03-16 08:21:30 --> Utf8 Class Initialized
INFO - 2020-03-16 08:21:30 --> URI Class Initialized
DEBUG - 2020-03-16 08:21:31 --> No URI present. Default controller set.
INFO - 2020-03-16 08:21:31 --> Router Class Initialized
INFO - 2020-03-16 08:21:31 --> Output Class Initialized
INFO - 2020-03-16 08:21:31 --> Security Class Initialized
DEBUG - 2020-03-16 08:21:31 --> Global POST, GET and COOKIE data sanitized
INFO - 2020-03-16 08:21:31 --> CSRF cookie sent
INFO - 2020-03-16 08:21:31 --> Input Class Initialized
INFO - 2020-03-16 08:21:31 --> Language Class Initialized
INFO - 2020-03-16 08:21:31 --> Loader Class Initialized
INFO - 2020-03-16 08:21:31 --> Helper loaded: url_helper
INFO - 2020-03-16 08:21:31 --> Helper loaded: file_helper
INFO - 2020-03-16 08:21:31 --> Helper loaded: string_helper
INFO - 2020-03-16 08:21:31 --> Database Driver Class Initialized
INFO - 2020-03-16 08:21:31 --> Email Class Initialized
DEBUG - 2020-03-16 08:21:31 --> Session: "sess_save_path" is empty; using "session.save_path" value from php.ini.
INFO - 2020-03-16 08:21:31 --> Session: Class initialized using 'files' driver.
INFO - 2020-03-16 08:21:31 --> Controller Class Initialized
INFO - 2020-03-16 08:21:31 --> Model "M_auth" initialized
INFO - 2020-03-16 08:21:31 --> Helper loaded: form_helper
INFO - 2020-03-16 08:21:31 --> Form Validation Class Initialized
DEBUG - 2020-03-16 08:21:31 --> Sc_check class already loaded. Second attempt ignored.
INFO - 2020-03-16 08:21:31 --> Helper loaded: captcha_helper
INFO - 2020-03-16 08:21:31 --> File loaded: C:\xampp\htdocs\scholarship\industry\views\include/header.php
INFO - 2020-03-16 08:21:31 --> File loaded: C:\xampp\htdocs\scholarship\industry\views\include/footer.php
INFO - 2020-03-16 08:21:31 --> File loaded: C:\xampp\htdocs\scholarship\industry\views\include/msg.php
INFO - 2020-03-16 08:21:31 --> File loaded: C:\xampp\htdocs\scholarship\industry\views\auth/login.php
INFO - 2020-03-16 08:21:31 --> Final output sent to browser
DEBUG - 2020-03-16 08:21:31 --> Total execution time: 0.1159
INFO - 2020-03-16 11:27:01 --> Config Class Initialized
INFO - 2020-03-16 11:27:01 --> Hooks Class Initialized
DEBUG - 2020-03-16 11:27:01 --> UTF-8 Support Enabled
INFO - 2020-03-16 11:27:01 --> Utf8 Class Initialized
INFO - 2020-03-16 11:27:01 --> URI Class Initialized
INFO - 2020-03-16 11:27:01 --> Router Class Initialized
INFO - 2020-03-16 11:27:01 --> Output Class Initialized
INFO - 2020-03-16 11:27:01 --> Security Class Initialized
DEBUG - 2020-03-16 11:27:01 --> Global POST, GET and COOKIE data sanitized
INFO - 2020-03-16 11:27:01 --> CSRF cookie sent
INFO - 2020-03-16 11:27:01 --> Input Class Initialized
INFO - 2020-03-16 11:27:01 --> Language Class Initialized
ERROR - 2020-03-16 11:27:01 --> 404 Page Not Found: Show-images/reg-doc
INFO - 2020-03-16 11:30:32 --> Config Class Initialized
INFO - 2020-03-16 11:30:32 --> Hooks Class Initialized
DEBUG - 2020-03-16 11:30:32 --> UTF-8 Support Enabled
INFO - 2020-03-16 11:30:32 --> Utf8 Class Initialized
INFO - 2020-03-16 11:30:32 --> Config Class Initialized
INFO - 2020-03-16 11:30:32 --> Hooks Class Initialized
DEBUG - 2020-03-16 11:30:32 --> UTF-8 Support Enabled
INFO - 2020-03-16 11:30:32 --> Utf8 Class Initialized
INFO - 2020-03-16 11:59:09 --> Config Class Initialized
INFO - 2020-03-16 11:59:09 --> Hooks Class Initialized
DEBUG - 2020-03-16 11:59:09 --> UTF-8 Support Enabled
INFO - 2020-03-16 11:59:09 --> Utf8 Class Initialized
INFO - 2020-03-16 11:59:09 --> URI Class Initialized
DEBUG - 2020-03-16 11:59:09 --> No URI present. Default controller set.
INFO - 2020-03-16 11:59:09 --> Router Class Initialized
INFO - 2020-03-16 11:59:09 --> Output Class Initialized
INFO - 2020-03-16 11:59:09 --> Security Class Initialized
DEBUG - 2020-03-16 11:59:09 --> Global POST, GET and COOKIE data sanitized
INFO - 2020-03-16 11:59:09 --> CSRF cookie sent
INFO - 2020-03-16 11:59:09 --> Input Class Initialized
INFO - 2020-03-16 11:59:09 --> Language Class Initialized
INFO - 2020-03-16 11:59:09 --> Loader Class Initialized
INFO - 2020-03-16 11:59:09 --> Helper loaded: url_helper
INFO - 2020-03-16 11:59:09 --> Helper loaded: file_helper
INFO - 2020-03-16 11:59:09 --> Helper loaded: string_helper
INFO - 2020-03-16 11:59:09 --> Database Driver Class Initialized
INFO - 2020-03-16 11:59:09 --> Email Class Initialized
DEBUG - 2020-03-16 11:59:09 --> Session: "sess_save_path" is empty; using "session.save_path" value from php.ini.
INFO - 2020-03-16 11:59:09 --> Session: Class initialized using 'files' driver.
INFO - 2020-03-16 11:59:09 --> Controller Class Initialized
INFO - 2020-03-16 11:59:09 --> Model "M_auth" initialized
INFO - 2020-03-16 11:59:09 --> Helper loaded: form_helper
INFO - 2020-03-16 11:59:09 --> Form Validation Class Initialized
DEBUG - 2020-03-16 11:59:09 --> Sc_check class already loaded. Second attempt ignored.
INFO - 2020-03-16 11:59:09 --> Helper loaded: captcha_helper
INFO - 2020-03-16 11:59:09 --> File loaded: C:\xampp\htdocs\scholarship\industry\views\include/header.php
INFO - 2020-03-16 11:59:09 --> File loaded: C:\xampp\htdocs\scholarship\industry\views\include/footer.php
INFO - 2020-03-16 11:59:09 --> File loaded: C:\xampp\htdocs\scholarship\industry\views\include/msg.php
INFO - 2020-03-16 11:59:09 --> File loaded: C:\xampp\htdocs\scholarship\industry\views\auth/login.php
INFO - 2020-03-16 11:59:09 --> Final output sent to browser
DEBUG - 2020-03-16 11:59:09 --> Total execution time: 0.1779
INFO - 2020-03-16 11:59:16 --> Config Class Initialized
INFO - 2020-03-16 11:59:16 --> Hooks Class Initialized
DEBUG - 2020-03-16 11:59:16 --> UTF-8 Support Enabled
INFO - 2020-03-16 11:59:16 --> Utf8 Class Initialized
INFO - 2020-03-16 11:59:16 --> URI Class Initialized
INFO - 2020-03-16 11:59:16 --> Router Class Initialized
INFO - 2020-03-16 11:59:16 --> Output Class Initialized
INFO - 2020-03-16 11:59:16 --> Security Class Initialized
DEBUG - 2020-03-16 11:59:16 --> Global POST, GET and COOKIE data sanitized
INFO - 2020-03-16 11:59:16 --> CSRF cookie sent
INFO - 2020-03-16 11:59:27 --> Config Class Initialized
INFO - 2020-03-16 11:59:27 --> Hooks Class Initialized
DEBUG - 2020-03-16 11:59:27 --> UTF-8 Support Enabled
INFO - 2020-03-16 11:59:27 --> Utf8 Class Initialized
INFO - 2020-03-16 11:59:27 --> URI Class Initialized
INFO - 2020-03-16 11:59:27 --> Router Class Initialized
INFO - 2020-03-16 11:59:27 --> Output Class Initialized
INFO - 2020-03-16 11:59:27 --> Security Class Initialized
DEBUG - 2020-03-16 11:59:27 --> Global POST, GET and COOKIE data sanitized
INFO - 2020-03-16 11:59:27 --> CSRF cookie sent
INFO - 2020-03-16 11:59:27 --> CSRF token verified
INFO - 2020-03-16 11:59:27 --> Input Class Initialized
INFO - 2020-03-16 11:59:27 --> Language Class Initialized
INFO - 2020-03-16 11:59:27 --> Loader Class Initialized
INFO - 2020-03-16 11:59:27 --> Helper loaded: url_helper
INFO - 2020-03-16 11:59:27 --> Helper loaded: file_helper
INFO - 2020-03-16 11:59:27 --> Helper loaded: string_helper
INFO - 2020-03-16 11:59:27 --> Database Driver Class Initialized
INFO - 2020-03-16 11:59:27 --> Email Class Initialized
DEBUG - 2020-03-16 11:59:27 --> Session: "sess_save_path" is empty; using "session.save_path" value from php.ini.
INFO - 2020-03-16 11:59:27 --> Session: Class initialized using 'files' driver.
INFO - 2020-03-16 11:59:27 --> Controller Class Initialized
INFO - 2020-03-16 11:59:27 --> Model "M_auth" initialized
INFO - 2020-03-16 11:59:27 --> Helper loaded: form_helper
INFO - 2020-03-16 11:59:27 --> Form Validation Class Initialized
DEBUG - 2020-03-16 11:59:27 --> Sc_check class already loaded. Second attempt ignored.
INFO - 2020-03-16 11:59:27 --> Helper loaded: captcha_helper
INFO - 2020-03-16 11:59:27 --> Language file loaded: language/english/form_validation_lang.php
INFO - 2020-03-16 11:59:27 --> ---------------------Success -- Industry Logged in with prathwi@5ine.in and IP aaddress ::1 --------------
INFO - 2020-03-16 11:59:27 --> Config Class Initialized
INFO - 2020-03-16 11:59:27 --> Hooks Class Initialized
DEBUG - 2020-03-16 11:59:27 --> UTF-8 Support Enabled
INFO - 2020-03-16 11:59:27 --> Utf8 Class Initialized
INFO - 2020-03-16 11:59:27 --> URI Class Initialized
INFO - 2020-03-16 11:59:27 --> Router Class Initialized
INFO - 2020-03-16 11:59:27 --> Output Class Initialized
INFO - 2020-03-16 11:59:27 --> Security Class Initialized
DEBUG - 2020-03-16 11:59:27 --> Global POST, GET and COOKIE data sanitized
INFO - 2020-03-16 11:59:27 --> CSRF cookie sent
INFO - 2020-03-16 11:59:27 --> Input Class Initialized
INFO - 2020-03-16 11:59:27 --> Language Class Initialized
INFO - 2020-03-16 11:59:27 --> Loader Class Initialized
INFO - 2020-03-16 11:59:27 --> Helper loaded: url_helper
INFO - 2020-03-16 11:59:27 --> Helper loaded: file_helper
INFO - 2020-03-16 11:59:27 --> Helper loaded: string_helper
INFO - 2020-03-16 11:59:27 --> Database Driver Class Initialized
INFO - 2020-03-16 11:59:27 --> Email Class Initialized
DEBUG - 2020-03-16 11:59:27 --> Session: "sess_save_path" is empty; using "session.save_path" value from php.ini.
INFO - 2020-03-16 11:59:27 --> Session: Class initialized using 'files' driver.
INFO - 2020-03-16 11:59:27 --> Controller Class Initialized
INFO - 2020-03-16 11:59:27 --> Model "M_account" initialized
DEBUG - 2020-03-16 11:59:27 --> Sc_check class already loaded. Second attempt ignored.
INFO - 2020-03-16 11:59:27 --> Helper loaded: form_helper
INFO - 2020-03-16 11:59:27 --> Form Validation Class Initialized
INFO - 2020-03-16 11:59:27 --> Model "M_auth" initialized
INFO - 2020-03-16 11:59:27 --> File loaded: C:\xampp\htdocs\scholarship\industry\views\include/header.php
INFO - 2020-03-16 11:59:27 --> File loaded: C:\xampp\htdocs\scholarship\industry\views\include/menu.php
INFO - 2020-03-16 11:59:27 --> File loaded: C:\xampp\htdocs\scholarship\industry\views\include/footer.php
INFO - 2020-03-16 11:59:27 --> File loaded: C:\xampp\htdocs\scholarship\industry\views\include/msg.php
INFO - 2020-03-16 11:59:27 --> File loaded: C:\xampp\htdocs\scholarship\industry\views\account/profile.php
INFO - 2020-03-16 11:59:27 --> Final output sent to browser
DEBUG - 2020-03-16 11:59:27 --> Total execution time: 0.2842
INFO - 2020-03-16 11:59:27 --> Config Class Initialized
INFO - 2020-03-16 11:59:27 --> Hooks Class Initialized
DEBUG - 2020-03-16 11:59:27 --> UTF-8 Support Enabled
INFO - 2020-03-16 11:59:27 --> Config Class Initialized
INFO - 2020-03-16 11:59:27 --> Config Class Initialized
INFO - 2020-03-16 11:59:27 --> Hooks Class Initialized
INFO - 2020-03-16 11:59:27 --> Hooks Class Initialized
INFO - 2020-03-16 11:59:27 --> Utf8 Class Initialized
INFO - 2020-03-16 11:59:27 --> URI Class Initialized
DEBUG - 2020-03-16 11:59:27 --> UTF-8 Support Enabled
DEBUG - 2020-03-16 11:59:27 --> UTF-8 Support Enabled
INFO - 2020-03-16 11:59:27 --> Router Class Initialized
INFO - 2020-03-16 11:59:27 --> Utf8 Class Initialized
INFO - 2020-03-16 11:59:27 --> Utf8 Class Initialized
INFO - 2020-03-16 11:59:27 --> URI Class Initialized
INFO - 2020-03-16 11:59:27 --> Output Class Initialized
INFO - 2020-03-16 11:59:27 --> Router Class Initialized
INFO - 2020-03-16 11:59:27 --> Security Class Initialized
INFO - 2020-03-16 11:59:27 --> URI Class Initialized
DEBUG - 2020-03-16 11:59:27 --> Global POST, GET and COOKIE data sanitized
INFO - 2020-03-16 11:59:27 --> Output Class Initialized
INFO - 2020-03-16 11:59:27 --> CSRF cookie sent
INFO - 2020-03-16 11:59:27 --> Input Class Initialized
INFO - 2020-03-16 11:59:27 --> Router Class Initialized
INFO - 2020-03-16 11:59:27 --> Language Class Initialized
INFO - 2020-03-16 11:59:27 --> Security Class Initialized
INFO - 2020-03-16 11:59:27 --> Output Class Initialized
ERROR - 2020-03-16 11:59:27 --> 404 Page Not Found: Show-images/regfile
DEBUG - 2020-03-16 11:59:27 --> Global POST, GET and COOKIE data sanitized
INFO - 2020-03-16 11:59:27 --> CSRF cookie sent
INFO - 2020-03-16 11:59:27 --> Security Class Initialized
INFO - 2020-03-16 11:59:28 --> Input Class Initialized
DEBUG - 2020-03-16 11:59:28 --> Global POST, GET and COOKIE data sanitized
INFO - 2020-03-16 11:59:28 --> Language Class Initialized
INFO - 2020-03-16 11:59:28 --> CSRF cookie sent
ERROR - 2020-03-16 11:59:28 --> 404 Page Not Found: Show-images/gst
INFO - 2020-03-16 11:59:28 --> Input Class Initialized
INFO - 2020-03-16 11:59:28 --> Language Class Initialized
ERROR - 2020-03-16 11:59:28 --> 404 Page Not Found: Show-images/pan
INFO - 2020-03-16 11:59:29 --> Config Class Initialized
INFO - 2020-03-16 11:59:29 --> Hooks Class Initialized
DEBUG - 2020-03-16 11:59:29 --> UTF-8 Support Enabled
INFO - 2020-03-16 11:59:29 --> Utf8 Class Initialized
INFO - 2020-03-16 11:59:29 --> URI Class Initialized
INFO - 2020-03-16 11:59:29 --> Router Class Initialized
INFO - 2020-03-16 11:59:29 --> Output Class Initialized
INFO - 2020-03-16 11:59:29 --> Security Class Initialized
DEBUG - 2020-03-16 11:59:29 --> Global POST, GET and COOKIE data sanitized
INFO - 2020-03-16 11:59:29 --> CSRF cookie sent
INFO - 2020-03-16 11:59:29 --> Input Class Initialized
INFO - 2020-03-16 11:59:29 --> Language Class Initialized
INFO - 2020-03-16 11:59:29 --> Loader Class Initialized
INFO - 2020-03-16 11:59:29 --> Helper loaded: url_helper
INFO - 2020-03-16 11:59:29 --> Helper loaded: file_helper
INFO - 2020-03-16 11:59:29 --> Helper loaded: string_helper
INFO - 2020-03-16 11:59:29 --> Database Driver Class Initialized
INFO - 2020-03-16 11:59:29 --> Email Class Initialized
DEBUG - 2020-03-16 11:59:29 --> Session: "sess_save_path" is empty; using "session.save_path" value from php.ini.
INFO - 2020-03-16 11:59:29 --> Session: Class initialized using 'files' driver.
INFO - 2020-03-16 11:59:29 --> Controller Class Initialized
INFO - 2020-03-16 11:59:29 --> Model "M_application" initialized
DEBUG - 2020-03-16 11:59:29 --> Encryption: Auto-configured driver 'openssl'.
INFO - 2020-03-16 11:59:29 --> Encryption: OpenSSL initialized with method AES-128-CBC.
INFO - 2020-03-16 11:59:29 --> Encryption Class Initialized
INFO - 2020-03-16 11:59:29 --> File loaded: C:\xampp\htdocs\scholarship\industry\views\include/header.php
INFO - 2020-03-16 11:59:29 --> File loaded: C:\xampp\htdocs\scholarship\industry\views\include/menu.php
INFO - 2020-03-16 11:59:29 --> File loaded: C:\xampp\htdocs\scholarship\industry\views\include/footer.php
INFO - 2020-03-16 11:59:29 --> File loaded: C:\xampp\htdocs\scholarship\industry\views\application/request-list.php
INFO - 2020-03-16 11:59:29 --> Final output sent to browser
DEBUG - 2020-03-16 11:59:29 --> Total execution time: 0.1920
INFO - 2020-03-16 11:59:31 --> Config Class Initialized
INFO - 2020-03-16 11:59:31 --> Hooks Class Initialized
DEBUG - 2020-03-16 11:59:31 --> UTF-8 Support Enabled
INFO - 2020-03-16 11:59:31 --> Utf8 Class Initialized
INFO - 2020-03-16 11:59:31 --> URI Class Initialized
INFO - 2020-03-16 11:59:31 --> Router Class Initialized
INFO - 2020-03-16 11:59:31 --> Output Class Initialized
INFO - 2020-03-16 11:59:31 --> Security Class Initialized
DEBUG - 2020-03-16 11:59:31 --> Global POST, GET and COOKIE data sanitized
INFO - 2020-03-16 11:59:31 --> CSRF cookie sent
INFO - 2020-03-16 11:59:31 --> Input Class Initialized
INFO - 2020-03-16 11:59:31 --> Language Class Initialized
INFO - 2020-03-16 11:59:31 --> Loader Class Initialized
INFO - 2020-03-16 11:59:31 --> Helper loaded: url_helper
INFO - 2020-03-16 11:59:31 --> Helper loaded: file_helper
INFO - 2020-03-16 11:59:31 --> Helper loaded: string_helper
INFO - 2020-03-16 11:59:31 --> Database Driver Class Initialized
INFO - 2020-03-16 11:59:31 --> Email Class Initialized
DEBUG - 2020-03-16 11:59:31 --> Session: "sess_save_path" is empty; using "session.save_path" value from php.ini.
INFO - 2020-03-16 11:59:31 --> Session: Class initialized using 'files' driver.
INFO - 2020-03-16 11:59:31 --> Controller Class Initialized
INFO - 2020-03-16 11:59:31 --> Model "M_application" initialized
DEBUG - 2020-03-16 11:59:31 --> Encryption: Auto-configured driver 'openssl'.
INFO - 2020-03-16 11:59:31 --> Encryption: OpenSSL initialized with method AES-128-CBC.
INFO - 2020-03-16 11:59:31 --> Encryption Class Initialized
INFO - 2020-03-16 11:59:31 --> File loaded: C:\xampp\htdocs\scholarship\industry\views\include/header.php
INFO - 2020-03-16 11:59:31 --> File loaded: C:\xampp\htdocs\scholarship\industry\views\include/menu.php
INFO - 2020-03-16 11:59:31 --> File loaded: C:\xampp\htdocs\scholarship\industry\views\include/footer.php
INFO - 2020-03-16 11:59:31 --> File loaded: C:\xampp\htdocs\scholarship\industry\views\application/approved.php
INFO - 2020-03-16 11:59:31 --> Final output sent to browser
DEBUG - 2020-03-16 11:59:31 --> Total execution time: 0.1704
INFO - 2020-03-16 11:59:33 --> Config Class Initialized
INFO - 2020-03-16 11:59:33 --> Hooks Class Initialized
DEBUG - 2020-03-16 11:59:33 --> UTF-8 Support Enabled
INFO - 2020-03-16 11:59:33 --> Utf8 Class Initialized
INFO - 2020-03-16 11:59:33 --> URI Class Initialized
INFO - 2020-03-16 11:59:33 --> Router Class Initialized
INFO - 2020-03-16 11:59:33 --> Output Class Initialized
INFO - 2020-03-16 11:59:33 --> Security Class Initialized
DEBUG - 2020-03-16 11:59:33 --> Global POST, GET and COOKIE data sanitized
INFO - 2020-03-16 11:59:33 --> CSRF cookie sent
INFO - 2020-03-16 11:59:33 --> Input Class Initialized
INFO - 2020-03-16 11:59:33 --> Language Class Initialized
INFO - 2020-03-16 11:59:33 --> Loader Class Initialized
INFO - 2020-03-16 11:59:33 --> Helper loaded: url_helper
INFO - 2020-03-16 11:59:33 --> Helper loaded: file_helper
INFO - 2020-03-16 11:59:33 --> Helper loaded: string_helper
INFO - 2020-03-16 11:59:33 --> Database Driver Class Initialized
INFO - 2020-03-16 11:59:33 --> Email Class Initialized
DEBUG - 2020-03-16 11:59:33 --> Session: "sess_save_path" is empty; using "session.save_path" value from php.ini.
INFO - 2020-03-16 11:59:33 --> Session: Class initialized using 'files' driver.
INFO - 2020-03-16 11:59:33 --> Controller Class Initialized
INFO - 2020-03-16 11:59:33 --> Model "M_application" initialized
DEBUG - 2020-03-16 11:59:33 --> Encryption: Auto-configured driver 'openssl'.
INFO - 2020-03-16 11:59:33 --> Encryption: OpenSSL initialized with method AES-128-CBC.
INFO - 2020-03-16 11:59:33 --> Encryption Class Initialized
INFO - 2020-03-16 11:59:33 --> File loaded: C:\xampp\htdocs\scholarship\industry\views\include/header.php
INFO - 2020-03-16 11:59:33 --> File loaded: C:\xampp\htdocs\scholarship\industry\views\include/menu.php
INFO - 2020-03-16 11:59:33 --> File loaded: C:\xampp\htdocs\scholarship\industry\views\include/footer.php
INFO - 2020-03-16 11:59:33 --> File loaded: C:\xampp\htdocs\scholarship\industry\views\application/rejected.php
INFO - 2020-03-16 11:59:33 --> Final output sent to browser
DEBUG - 2020-03-16 11:59:33 --> Total execution time: 0.1696
INFO - 2020-03-16 11:59:35 --> Config Class Initialized
INFO - 2020-03-16 11:59:35 --> Hooks Class Initialized
DEBUG - 2020-03-16 11:59:35 --> UTF-8 Support Enabled
INFO - 2020-03-16 11:59:35 --> Utf8 Class Initialized
INFO - 2020-03-16 11:59:35 --> URI Class Initialized
INFO - 2020-03-16 11:59:35 --> Router Class Initialized
INFO - 2020-03-16 11:59:35 --> Output Class Initialized
INFO - 2020-03-16 11:59:35 --> Security Class Initialized
DEBUG - 2020-03-16 11:59:35 --> Global POST, GET and COOKIE data sanitized
INFO - 2020-03-16 11:59:35 --> CSRF cookie sent
INFO - 2020-03-16 11:59:35 --> Input Class Initialized
INFO - 2020-03-16 11:59:35 --> Language Class Initialized
INFO - 2020-03-16 11:59:35 --> Loader Class Initialized
INFO - 2020-03-16 11:59:35 --> Helper loaded: url_helper
INFO - 2020-03-16 11:59:35 --> Helper loaded: file_helper
INFO - 2020-03-16 11:59:35 --> Helper loaded: string_helper
INFO - 2020-03-16 11:59:35 --> Database Driver Class Initialized
INFO - 2020-03-16 11:59:35 --> Email Class Initialized
DEBUG - 2020-03-16 11:59:35 --> Session: "sess_save_path" is empty; using "session.save_path" value from php.ini.
INFO - 2020-03-16 11:59:35 --> Session: Class initialized using 'files' driver.
INFO - 2020-03-16 11:59:35 --> Controller Class Initialized
INFO - 2020-03-16 11:59:35 --> Model "M_auth" initialized
INFO - 2020-03-16 11:59:35 --> Helper loaded: form_helper
INFO - 2020-03-16 11:59:35 --> Form Validation Class Initialized
DEBUG - 2020-03-16 11:59:35 --> Sc_check class already loaded. Second attempt ignored.
INFO - 2020-03-16 11:59:35 --> Helper loaded: captcha_helper
INFO - 2020-03-16 11:59:35 --> Config Class Initialized
INFO - 2020-03-16 11:59:35 --> Hooks Class Initialized
DEBUG - 2020-03-16 11:59:35 --> UTF-8 Support Enabled
INFO - 2020-03-16 11:59:35 --> Utf8 Class Initialized
INFO - 2020-03-16 11:59:35 --> URI Class Initialized
DEBUG - 2020-03-16 11:59:35 --> No URI present. Default controller set.
INFO - 2020-03-16 11:59:35 --> Router Class Initialized
INFO - 2020-03-16 11:59:35 --> Output Class Initialized
INFO - 2020-03-16 11:59:35 --> Security Class Initialized
DEBUG - 2020-03-16 11:59:35 --> Global POST, GET and COOKIE data sanitized
INFO - 2020-03-16 11:59:35 --> CSRF cookie sent
INFO - 2020-03-16 11:59:35 --> Input Class Initialized
INFO - 2020-03-16 11:59:35 --> Language Class Initialized
INFO - 2020-03-16 11:59:35 --> Loader Class Initialized
INFO - 2020-03-16 11:59:35 --> Helper loaded: url_helper
INFO - 2020-03-16 11:59:35 --> Helper loaded: file_helper
INFO - 2020-03-16 11:59:35 --> Helper loaded: string_helper
INFO - 2020-03-16 11:59:35 --> Database Driver Class Initialized
INFO - 2020-03-16 11:59:35 --> Email Class Initialized
DEBUG - 2020-03-16 11:59:35 --> Session: "sess_save_path" is empty; using "session.save_path" value from php.ini.
INFO - 2020-03-16 11:59:35 --> Session: Class initialized using 'files' driver.
INFO - 2020-03-16 11:59:35 --> Controller Class Initialized
INFO - 2020-03-16 11:59:35 --> Model "M_auth" initialized
INFO - 2020-03-16 11:59:35 --> Helper loaded: form_helper
INFO - 2020-03-16 11:59:35 --> Form Validation Class Initialized
DEBUG - 2020-03-16 11:59:35 --> Sc_check class already loaded. Second attempt ignored.
INFO - 2020-03-16 11:59:35 --> Helper loaded: captcha_helper
INFO - 2020-03-16 11:59:35 --> File loaded: C:\xampp\htdocs\scholarship\industry\views\include/header.php
INFO - 2020-03-16 11:59:35 --> File loaded: C:\xampp\htdocs\scholarship\industry\views\include/footer.php
INFO - 2020-03-16 11:59:35 --> File loaded: C:\xampp\htdocs\scholarship\industry\views\include/msg.php
INFO - 2020-03-16 11:59:35 --> File loaded: C:\xampp\htdocs\scholarship\industry\views\auth/login.php
INFO - 2020-03-16 11:59:35 --> Final output sent to browser
DEBUG - 2020-03-16 11:59:35 --> Total execution time: 0.1145
INFO - 2020-03-16 12:42:26 --> Config Class Initialized
INFO - 2020-03-16 12:42:26 --> Hooks Class Initialized
DEBUG - 2020-03-16 12:42:26 --> UTF-8 Support Enabled
INFO - 2020-03-16 12:42:26 --> Utf8 Class Initialized
INFO - 2020-03-16 12:42:27 --> Config Class Initialized
INFO - 2020-03-16 12:42:27 --> Hooks Class Initialized
DEBUG - 2020-03-16 12:42:27 --> UTF-8 Support Enabled
INFO - 2020-03-16 12:42:27 --> Utf8 Class Initialized
INFO - 2020-03-16 12:43:29 --> Config Class Initialized
INFO - 2020-03-16 12:43:29 --> Hooks Class Initialized
DEBUG - 2020-03-16 12:43:29 --> UTF-8 Support Enabled
INFO - 2020-03-16 12:43:29 --> Utf8 Class Initialized
INFO - 2020-03-16 12:43:29 --> Config Class Initialized
INFO - 2020-03-16 12:43:29 --> Hooks Class Initialized
DEBUG - 2020-03-16 12:43:29 --> UTF-8 Support Enabled
INFO - 2020-03-16 12:43:29 --> Utf8 Class Initialized
INFO - 2020-03-16 13:20:21 --> Config Class Initialized
INFO - 2020-03-16 13:20:21 --> Hooks Class Initialized
DEBUG - 2020-03-16 13:20:21 --> UTF-8 Support Enabled
INFO - 2020-03-16 13:20:21 --> Utf8 Class Initialized
INFO - 2020-03-16 13:20:21 --> Config Class Initialized
INFO - 2020-03-16 13:20:21 --> Hooks Class Initialized
DEBUG - 2020-03-16 13:20:21 --> UTF-8 Support Enabled
INFO - 2020-03-16 13:20:21 --> Utf8 Class Initialized
INFO - 2020-03-16 13:20:22 --> Config Class Initialized
INFO - 2020-03-16 13:20:22 --> Hooks Class Initialized
DEBUG - 2020-03-16 13:20:22 --> UTF-8 Support Enabled
INFO - 2020-03-16 13:20:22 --> Utf8 Class Initialized
