INFO - 2020-03-05 17:02:53 --> Config Class Initialized
INFO - 2020-03-05 17:02:53 --> Hooks Class Initialized
DEBUG - 2020-03-05 17:02:53 --> UTF-8 Support Enabled
INFO - 2020-03-05 17:02:53 --> Utf8 Class Initialized
INFO - 2020-03-05 17:02:53 --> URI Class Initialized
DEBUG - 2020-03-05 17:02:53 --> No URI present. Default controller set.
INFO - 2020-03-05 17:02:53 --> Router Class Initialized
INFO - 2020-03-05 17:02:53 --> Output Class Initialized
INFO - 2020-03-05 17:02:53 --> Security Class Initialized
DEBUG - 2020-03-05 17:02:53 --> Global POST, GET and COOKIE data sanitized
INFO - 2020-03-05 17:02:53 --> Input Class Initialized
INFO - 2020-03-05 17:02:53 --> Language Class Initialized
INFO - 2020-03-05 17:02:53 --> Loader Class Initialized
INFO - 2020-03-05 17:02:53 --> Helper loaded: url_helper
INFO - 2020-03-05 17:02:53 --> Helper loaded: file_helper
INFO - 2020-03-05 17:02:53 --> Helper loaded: string_helper
INFO - 2020-03-05 17:02:53 --> Database Driver Class Initialized
INFO - 2020-03-05 17:02:53 --> Email Class Initialized
DEBUG - 2020-03-05 17:02:53 --> Session: "sess_save_path" is empty; using "session.save_path" value from php.ini.
INFO - 2020-03-05 17:02:53 --> Session: Class initialized using 'files' driver.
INFO - 2020-03-05 17:02:53 --> Controller Class Initialized
INFO - 2020-03-05 17:02:53 --> Model "M_auth" initialized
INFO - 2020-03-05 17:02:53 --> Helper loaded: form_helper
INFO - 2020-03-05 17:02:53 --> Form Validation Class Initialized
INFO - 2020-03-05 17:02:53 --> File loaded: C:\xampp\htdocs\scholarship\industry\views\include/header.php
INFO - 2020-03-05 17:02:53 --> File loaded: C:\xampp\htdocs\scholarship\industry\views\include/footer.php
INFO - 2020-03-05 17:02:53 --> File loaded: C:\xampp\htdocs\scholarship\industry\views\include/msg.php
INFO - 2020-03-05 17:02:53 --> File loaded: C:\xampp\htdocs\scholarship\industry\views\auth/login.php
INFO - 2020-03-05 17:02:53 --> Final output sent to browser
DEBUG - 2020-03-05 17:02:53 --> Total execution time: 0.2384
INFO - 2020-03-05 17:02:58 --> Config Class Initialized
INFO - 2020-03-05 17:02:58 --> Hooks Class Initialized
DEBUG - 2020-03-05 17:02:58 --> UTF-8 Support Enabled
INFO - 2020-03-05 17:02:58 --> Utf8 Class Initialized
INFO - 2020-03-05 17:02:58 --> URI Class Initialized
INFO - 2020-03-05 17:02:58 --> Router Class Initialized
INFO - 2020-03-05 17:02:58 --> Output Class Initialized
INFO - 2020-03-05 17:02:58 --> Security Class Initialized
DEBUG - 2020-03-05 17:02:58 --> Global POST, GET and COOKIE data sanitized
INFO - 2020-03-05 17:02:58 --> Input Class Initialized
INFO - 2020-03-05 17:02:58 --> Language Class Initialized
INFO - 2020-03-05 17:02:58 --> Loader Class Initialized
INFO - 2020-03-05 17:02:58 --> Helper loaded: url_helper
INFO - 2020-03-05 17:02:58 --> Helper loaded: file_helper
INFO - 2020-03-05 17:02:58 --> Helper loaded: string_helper
INFO - 2020-03-05 17:02:58 --> Database Driver Class Initialized
INFO - 2020-03-05 17:02:58 --> Email Class Initialized
DEBUG - 2020-03-05 17:02:58 --> Session: "sess_save_path" is empty; using "session.save_path" value from php.ini.
INFO - 2020-03-05 17:02:58 --> Session: Class initialized using 'files' driver.
INFO - 2020-03-05 17:02:58 --> Controller Class Initialized
INFO - 2020-03-05 17:02:58 --> Model "M_auth" initialized
INFO - 2020-03-05 17:02:58 --> Helper loaded: form_helper
INFO - 2020-03-05 17:02:58 --> Form Validation Class Initialized
INFO - 2020-03-05 17:02:58 --> Final output sent to browser
DEBUG - 2020-03-05 17:02:58 --> Total execution time: 0.1207
INFO - 2020-03-05 17:04:17 --> Config Class Initialized
INFO - 2020-03-05 17:04:17 --> Hooks Class Initialized
DEBUG - 2020-03-05 17:04:17 --> UTF-8 Support Enabled
INFO - 2020-03-05 17:04:17 --> Utf8 Class Initialized
INFO - 2020-03-05 17:04:17 --> URI Class Initialized
DEBUG - 2020-03-05 17:04:17 --> No URI present. Default controller set.
INFO - 2020-03-05 17:04:17 --> Router Class Initialized
INFO - 2020-03-05 17:04:17 --> Output Class Initialized
INFO - 2020-03-05 17:04:17 --> Security Class Initialized
DEBUG - 2020-03-05 17:04:17 --> Global POST, GET and COOKIE data sanitized
INFO - 2020-03-05 17:04:17 --> Input Class Initialized
INFO - 2020-03-05 17:04:17 --> Language Class Initialized
INFO - 2020-03-05 17:04:17 --> Loader Class Initialized
INFO - 2020-03-05 17:04:17 --> Helper loaded: url_helper
INFO - 2020-03-05 17:04:17 --> Helper loaded: file_helper
INFO - 2020-03-05 17:04:17 --> Helper loaded: string_helper
INFO - 2020-03-05 17:04:17 --> Database Driver Class Initialized
INFO - 2020-03-05 17:04:17 --> Email Class Initialized
DEBUG - 2020-03-05 17:04:17 --> Session: "sess_save_path" is empty; using "session.save_path" value from php.ini.
INFO - 2020-03-05 17:04:17 --> Session: Class initialized using 'files' driver.
INFO - 2020-03-05 17:04:17 --> Controller Class Initialized
INFO - 2020-03-05 17:04:17 --> Model "M_auth" initialized
INFO - 2020-03-05 17:04:17 --> Helper loaded: form_helper
INFO - 2020-03-05 17:04:17 --> Form Validation Class Initialized
INFO - 2020-03-05 17:04:17 --> File loaded: C:\xampp\htdocs\scholarship\industry\views\include/header.php
INFO - 2020-03-05 17:04:17 --> File loaded: C:\xampp\htdocs\scholarship\industry\views\include/footer.php
INFO - 2020-03-05 17:04:17 --> File loaded: C:\xampp\htdocs\scholarship\industry\views\include/msg.php
INFO - 2020-03-05 17:04:17 --> File loaded: C:\xampp\htdocs\scholarship\industry\views\auth/login.php
INFO - 2020-03-05 17:04:17 --> Final output sent to browser
DEBUG - 2020-03-05 17:04:17 --> Total execution time: 0.1165
INFO - 2020-03-05 17:04:28 --> Config Class Initialized
INFO - 2020-03-05 17:04:28 --> Hooks Class Initialized
DEBUG - 2020-03-05 17:04:28 --> UTF-8 Support Enabled
INFO - 2020-03-05 17:04:28 --> Utf8 Class Initialized
INFO - 2020-03-05 17:04:28 --> URI Class Initialized
INFO - 2020-03-05 17:04:28 --> Router Class Initialized
INFO - 2020-03-05 17:04:28 --> Output Class Initialized
INFO - 2020-03-05 17:04:28 --> Security Class Initialized
DEBUG - 2020-03-05 17:04:28 --> Global POST, GET and COOKIE data sanitized
INFO - 2020-03-05 17:04:28 --> Input Class Initialized
INFO - 2020-03-05 17:04:28 --> Language Class Initialized
INFO - 2020-03-05 17:04:28 --> Loader Class Initialized
INFO - 2020-03-05 17:04:28 --> Helper loaded: url_helper
INFO - 2020-03-05 17:04:28 --> Helper loaded: file_helper
INFO - 2020-03-05 17:04:28 --> Helper loaded: string_helper
INFO - 2020-03-05 17:04:28 --> Database Driver Class Initialized
INFO - 2020-03-05 17:04:28 --> Email Class Initialized
DEBUG - 2020-03-05 17:04:28 --> Session: "sess_save_path" is empty; using "session.save_path" value from php.ini.
INFO - 2020-03-05 17:04:28 --> Session: Class initialized using 'files' driver.
INFO - 2020-03-05 17:04:28 --> Controller Class Initialized
INFO - 2020-03-05 17:04:28 --> Model "M_auth" initialized
INFO - 2020-03-05 17:04:28 --> Helper loaded: form_helper
INFO - 2020-03-05 17:04:28 --> Config Class Initialized
INFO - 2020-03-05 17:04:28 --> Hooks Class Initialized
INFO - 2020-03-05 17:04:28 --> Form Validation Class Initialized
INFO - 2020-03-05 17:04:28 --> Final output sent to browser
DEBUG - 2020-03-05 17:04:28 --> UTF-8 Support Enabled
DEBUG - 2020-03-05 17:04:28 --> Total execution time: 0.1276
INFO - 2020-03-05 17:04:28 --> Utf8 Class Initialized
INFO - 2020-03-05 17:04:28 --> URI Class Initialized
INFO - 2020-03-05 17:04:28 --> Router Class Initialized
INFO - 2020-03-05 17:04:28 --> Output Class Initialized
INFO - 2020-03-05 17:04:28 --> Security Class Initialized
DEBUG - 2020-03-05 17:04:28 --> Global POST, GET and COOKIE data sanitized
INFO - 2020-03-05 17:04:28 --> Input Class Initialized
INFO - 2020-03-05 17:04:28 --> Language Class Initialized
INFO - 2020-03-05 17:04:28 --> Loader Class Initialized
INFO - 2020-03-05 17:04:28 --> Helper loaded: url_helper
INFO - 2020-03-05 17:04:28 --> Helper loaded: file_helper
INFO - 2020-03-05 17:04:28 --> Helper loaded: string_helper
INFO - 2020-03-05 17:04:28 --> Database Driver Class Initialized
INFO - 2020-03-05 17:04:28 --> Email Class Initialized
DEBUG - 2020-03-05 17:04:28 --> Session: "sess_save_path" is empty; using "session.save_path" value from php.ini.
INFO - 2020-03-05 17:04:28 --> Session: Class initialized using 'files' driver.
INFO - 2020-03-05 17:04:28 --> Controller Class Initialized
INFO - 2020-03-05 17:04:28 --> Model "M_auth" initialized
INFO - 2020-03-05 17:04:28 --> Helper loaded: form_helper
INFO - 2020-03-05 17:04:28 --> Form Validation Class Initialized
INFO - 2020-03-05 17:04:28 --> Language file loaded: language/english/form_validation_lang.php
ERROR - 2020-03-05 17:04:28 --> ---------------------Failed -- Industry Log in Failed and tried login with prathwi@5ine.in password and IP aaddress 127.0.0.1 --------------
INFO - 2020-03-05 17:04:28 --> Config Class Initialized
INFO - 2020-03-05 17:04:28 --> Hooks Class Initialized
DEBUG - 2020-03-05 17:04:28 --> UTF-8 Support Enabled
INFO - 2020-03-05 17:04:28 --> Utf8 Class Initialized
INFO - 2020-03-05 17:04:28 --> URI Class Initialized
DEBUG - 2020-03-05 17:04:28 --> No URI present. Default controller set.
INFO - 2020-03-05 17:04:28 --> Router Class Initialized
INFO - 2020-03-05 17:04:28 --> Output Class Initialized
INFO - 2020-03-05 17:04:28 --> Security Class Initialized
DEBUG - 2020-03-05 17:04:28 --> Global POST, GET and COOKIE data sanitized
INFO - 2020-03-05 17:04:28 --> Input Class Initialized
INFO - 2020-03-05 17:04:28 --> Language Class Initialized
INFO - 2020-03-05 17:04:28 --> Loader Class Initialized
INFO - 2020-03-05 17:04:28 --> Helper loaded: url_helper
INFO - 2020-03-05 17:04:28 --> Helper loaded: file_helper
INFO - 2020-03-05 17:04:28 --> Helper loaded: string_helper
INFO - 2020-03-05 17:04:28 --> Database Driver Class Initialized
INFO - 2020-03-05 17:04:28 --> Email Class Initialized
DEBUG - 2020-03-05 17:04:28 --> Session: "sess_save_path" is empty; using "session.save_path" value from php.ini.
INFO - 2020-03-05 17:04:28 --> Session: Class initialized using 'files' driver.
INFO - 2020-03-05 17:04:28 --> Controller Class Initialized
INFO - 2020-03-05 17:04:28 --> Model "M_auth" initialized
INFO - 2020-03-05 17:04:28 --> Helper loaded: form_helper
INFO - 2020-03-05 17:04:28 --> Form Validation Class Initialized
INFO - 2020-03-05 17:04:28 --> File loaded: C:\xampp\htdocs\scholarship\industry\views\include/header.php
INFO - 2020-03-05 17:04:28 --> File loaded: C:\xampp\htdocs\scholarship\industry\views\include/footer.php
INFO - 2020-03-05 17:04:28 --> File loaded: C:\xampp\htdocs\scholarship\industry\views\include/msg.php
INFO - 2020-03-05 17:04:28 --> File loaded: C:\xampp\htdocs\scholarship\industry\views\auth/login.php
INFO - 2020-03-05 17:04:28 --> Final output sent to browser
DEBUG - 2020-03-05 17:04:28 --> Total execution time: 0.0907
INFO - 2020-03-05 17:04:32 --> Config Class Initialized
INFO - 2020-03-05 17:04:32 --> Hooks Class Initialized
DEBUG - 2020-03-05 17:04:32 --> UTF-8 Support Enabled
INFO - 2020-03-05 17:04:32 --> Utf8 Class Initialized
INFO - 2020-03-05 17:04:32 --> URI Class Initialized
INFO - 2020-03-05 17:04:32 --> Router Class Initialized
INFO - 2020-03-05 17:04:32 --> Output Class Initialized
INFO - 2020-03-05 17:04:32 --> Security Class Initialized
DEBUG - 2020-03-05 17:04:32 --> Global POST, GET and COOKIE data sanitized
INFO - 2020-03-05 17:04:32 --> Input Class Initialized
INFO - 2020-03-05 17:04:32 --> Language Class Initialized
INFO - 2020-03-05 17:04:32 --> Loader Class Initialized
INFO - 2020-03-05 17:04:32 --> Helper loaded: url_helper
INFO - 2020-03-05 17:04:32 --> Helper loaded: file_helper
INFO - 2020-03-05 17:04:32 --> Helper loaded: string_helper
INFO - 2020-03-05 17:04:32 --> Database Driver Class Initialized
INFO - 2020-03-05 17:04:32 --> Email Class Initialized
DEBUG - 2020-03-05 17:04:32 --> Session: "sess_save_path" is empty; using "session.save_path" value from php.ini.
INFO - 2020-03-05 17:04:32 --> Session: Class initialized using 'files' driver.
INFO - 2020-03-05 17:04:32 --> Controller Class Initialized
INFO - 2020-03-05 17:04:32 --> Model "M_auth" initialized
INFO - 2020-03-05 17:04:32 --> Helper loaded: form_helper
INFO - 2020-03-05 17:04:32 --> Form Validation Class Initialized
INFO - 2020-03-05 17:04:32 --> Final output sent to browser
DEBUG - 2020-03-05 17:04:32 --> Total execution time: 0.1189
INFO - 2020-03-05 17:04:32 --> Config Class Initialized
INFO - 2020-03-05 17:04:32 --> Hooks Class Initialized
DEBUG - 2020-03-05 17:04:32 --> UTF-8 Support Enabled
INFO - 2020-03-05 17:04:32 --> Utf8 Class Initialized
INFO - 2020-03-05 17:04:32 --> URI Class Initialized
INFO - 2020-03-05 17:04:32 --> Router Class Initialized
INFO - 2020-03-05 17:04:32 --> Output Class Initialized
INFO - 2020-03-05 17:04:32 --> Security Class Initialized
DEBUG - 2020-03-05 17:04:32 --> Global POST, GET and COOKIE data sanitized
INFO - 2020-03-05 17:04:32 --> Input Class Initialized
INFO - 2020-03-05 17:04:32 --> Language Class Initialized
INFO - 2020-03-05 17:04:32 --> Loader Class Initialized
INFO - 2020-03-05 17:04:32 --> Helper loaded: url_helper
INFO - 2020-03-05 17:04:32 --> Helper loaded: file_helper
INFO - 2020-03-05 17:04:32 --> Helper loaded: string_helper
INFO - 2020-03-05 17:04:32 --> Database Driver Class Initialized
INFO - 2020-03-05 17:04:32 --> Email Class Initialized
DEBUG - 2020-03-05 17:04:32 --> Session: "sess_save_path" is empty; using "session.save_path" value from php.ini.
INFO - 2020-03-05 17:04:32 --> Session: Class initialized using 'files' driver.
INFO - 2020-03-05 17:04:32 --> Controller Class Initialized
INFO - 2020-03-05 17:04:32 --> Model "M_auth" initialized
INFO - 2020-03-05 17:04:32 --> Helper loaded: form_helper
INFO - 2020-03-05 17:04:32 --> Form Validation Class Initialized
INFO - 2020-03-05 17:04:32 --> Language file loaded: language/english/form_validation_lang.php
ERROR - 2020-03-05 17:04:32 --> ---------------------Failed -- Industry Log in Failed and tried login with jainrohith9@gmail.com password and IP aaddress 127.0.0.1 --------------
INFO - 2020-03-05 17:04:32 --> Config Class Initialized
INFO - 2020-03-05 17:04:32 --> Hooks Class Initialized
DEBUG - 2020-03-05 17:04:32 --> UTF-8 Support Enabled
INFO - 2020-03-05 17:04:32 --> Utf8 Class Initialized
INFO - 2020-03-05 17:04:32 --> URI Class Initialized
DEBUG - 2020-03-05 17:04:32 --> No URI present. Default controller set.
INFO - 2020-03-05 17:04:32 --> Router Class Initialized
INFO - 2020-03-05 17:04:32 --> Output Class Initialized
INFO - 2020-03-05 17:04:32 --> Security Class Initialized
DEBUG - 2020-03-05 17:04:32 --> Global POST, GET and COOKIE data sanitized
INFO - 2020-03-05 17:04:32 --> Input Class Initialized
INFO - 2020-03-05 17:04:32 --> Language Class Initialized
INFO - 2020-03-05 17:04:32 --> Loader Class Initialized
INFO - 2020-03-05 17:04:32 --> Helper loaded: url_helper
INFO - 2020-03-05 17:04:32 --> Helper loaded: file_helper
INFO - 2020-03-05 17:04:32 --> Helper loaded: string_helper
INFO - 2020-03-05 17:04:32 --> Database Driver Class Initialized
INFO - 2020-03-05 17:04:32 --> Email Class Initialized
DEBUG - 2020-03-05 17:04:32 --> Session: "sess_save_path" is empty; using "session.save_path" value from php.ini.
INFO - 2020-03-05 17:04:32 --> Session: Class initialized using 'files' driver.
INFO - 2020-03-05 17:04:32 --> Controller Class Initialized
INFO - 2020-03-05 17:04:32 --> Model "M_auth" initialized
INFO - 2020-03-05 17:04:32 --> Helper loaded: form_helper
INFO - 2020-03-05 17:04:32 --> Form Validation Class Initialized
INFO - 2020-03-05 17:04:32 --> File loaded: C:\xampp\htdocs\scholarship\industry\views\include/header.php
INFO - 2020-03-05 17:04:32 --> File loaded: C:\xampp\htdocs\scholarship\industry\views\include/footer.php
INFO - 2020-03-05 17:04:32 --> File loaded: C:\xampp\htdocs\scholarship\industry\views\include/msg.php
INFO - 2020-03-05 17:04:32 --> File loaded: C:\xampp\htdocs\scholarship\industry\views\auth/login.php
INFO - 2020-03-05 17:04:32 --> Final output sent to browser
DEBUG - 2020-03-05 17:04:32 --> Total execution time: 0.0745
INFO - 2020-03-05 17:04:40 --> Config Class Initialized
INFO - 2020-03-05 17:04:40 --> Hooks Class Initialized
DEBUG - 2020-03-05 17:04:40 --> UTF-8 Support Enabled
INFO - 2020-03-05 17:04:40 --> Utf8 Class Initialized
INFO - 2020-03-05 17:04:40 --> URI Class Initialized
INFO - 2020-03-05 17:04:40 --> Router Class Initialized
INFO - 2020-03-05 17:04:40 --> Output Class Initialized
INFO - 2020-03-05 17:04:40 --> Security Class Initialized
DEBUG - 2020-03-05 17:04:40 --> Global POST, GET and COOKIE data sanitized
INFO - 2020-03-05 17:04:40 --> Input Class Initialized
INFO - 2020-03-05 17:04:40 --> Language Class Initialized
INFO - 2020-03-05 17:04:40 --> Loader Class Initialized
INFO - 2020-03-05 17:04:40 --> Helper loaded: url_helper
INFO - 2020-03-05 17:04:40 --> Helper loaded: file_helper
INFO - 2020-03-05 17:04:40 --> Helper loaded: string_helper
INFO - 2020-03-05 17:04:40 --> Database Driver Class Initialized
INFO - 2020-03-05 17:04:40 --> Email Class Initialized
DEBUG - 2020-03-05 17:04:40 --> Session: "sess_save_path" is empty; using "session.save_path" value from php.ini.
INFO - 2020-03-05 17:04:40 --> Session: Class initialized using 'files' driver.
INFO - 2020-03-05 17:04:40 --> Controller Class Initialized
INFO - 2020-03-05 17:04:40 --> Model "M_auth" initialized
INFO - 2020-03-05 17:04:40 --> Helper loaded: form_helper
INFO - 2020-03-05 17:04:40 --> Form Validation Class Initialized
INFO - 2020-03-05 17:04:40 --> Final output sent to browser
DEBUG - 2020-03-05 17:04:40 --> Total execution time: 0.0932
INFO - 2020-03-05 17:04:41 --> Config Class Initialized
INFO - 2020-03-05 17:04:41 --> Hooks Class Initialized
DEBUG - 2020-03-05 17:04:41 --> UTF-8 Support Enabled
INFO - 2020-03-05 17:04:41 --> Utf8 Class Initialized
INFO - 2020-03-05 17:04:41 --> URI Class Initialized
INFO - 2020-03-05 17:04:41 --> Router Class Initialized
INFO - 2020-03-05 17:04:41 --> Output Class Initialized
INFO - 2020-03-05 17:04:41 --> Security Class Initialized
DEBUG - 2020-03-05 17:04:41 --> Global POST, GET and COOKIE data sanitized
INFO - 2020-03-05 17:04:41 --> Input Class Initialized
INFO - 2020-03-05 17:04:41 --> Language Class Initialized
INFO - 2020-03-05 17:04:41 --> Loader Class Initialized
INFO - 2020-03-05 17:04:41 --> Helper loaded: url_helper
INFO - 2020-03-05 17:04:41 --> Helper loaded: file_helper
INFO - 2020-03-05 17:04:41 --> Helper loaded: string_helper
INFO - 2020-03-05 17:04:41 --> Database Driver Class Initialized
INFO - 2020-03-05 17:04:41 --> Email Class Initialized
DEBUG - 2020-03-05 17:04:41 --> Session: "sess_save_path" is empty; using "session.save_path" value from php.ini.
INFO - 2020-03-05 17:04:41 --> Session: Class initialized using 'files' driver.
INFO - 2020-03-05 17:04:41 --> Controller Class Initialized
INFO - 2020-03-05 17:04:41 --> Model "M_auth" initialized
INFO - 2020-03-05 17:04:41 --> Helper loaded: form_helper
INFO - 2020-03-05 17:04:41 --> Form Validation Class Initialized
INFO - 2020-03-05 17:04:41 --> Language file loaded: language/english/form_validation_lang.php
INFO - 2020-03-05 17:04:41 --> ---------------------Success -- Industry Logged in with prathwiek.5ine@gmail.com and IP aaddress 127.0.0.1 --------------
INFO - 2020-03-05 17:04:41 --> Config Class Initialized
INFO - 2020-03-05 17:04:41 --> Hooks Class Initialized
DEBUG - 2020-03-05 17:04:41 --> UTF-8 Support Enabled
INFO - 2020-03-05 17:04:41 --> Utf8 Class Initialized
INFO - 2020-03-05 17:04:41 --> URI Class Initialized
INFO - 2020-03-05 17:04:41 --> Router Class Initialized
INFO - 2020-03-05 17:04:41 --> Output Class Initialized
INFO - 2020-03-05 17:04:41 --> Security Class Initialized
DEBUG - 2020-03-05 17:04:41 --> Global POST, GET and COOKIE data sanitized
INFO - 2020-03-05 17:04:41 --> Input Class Initialized
INFO - 2020-03-05 17:04:41 --> Language Class Initialized
INFO - 2020-03-05 17:04:41 --> Loader Class Initialized
INFO - 2020-03-05 17:04:41 --> Helper loaded: url_helper
INFO - 2020-03-05 17:04:41 --> Helper loaded: file_helper
INFO - 2020-03-05 17:04:41 --> Helper loaded: string_helper
INFO - 2020-03-05 17:04:41 --> Database Driver Class Initialized
INFO - 2020-03-05 17:04:41 --> Email Class Initialized
DEBUG - 2020-03-05 17:04:41 --> Session: "sess_save_path" is empty; using "session.save_path" value from php.ini.
INFO - 2020-03-05 17:04:41 --> Session: Class initialized using 'files' driver.
INFO - 2020-03-05 17:04:41 --> Controller Class Initialized
INFO - 2020-03-05 17:04:41 --> Model "M_account" initialized
INFO - 2020-03-05 17:04:41 --> Model "M_auth" initialized
INFO - 2020-03-05 17:04:41 --> File loaded: C:\xampp\htdocs\scholarship\industry\views\include/header.php
INFO - 2020-03-05 17:04:41 --> File loaded: C:\xampp\htdocs\scholarship\industry\views\include/menu.php
INFO - 2020-03-05 17:04:41 --> File loaded: C:\xampp\htdocs\scholarship\industry\views\include/footer.php
INFO - 2020-03-05 17:04:41 --> File loaded: C:\xampp\htdocs\scholarship\industry\views\include/msg.php
INFO - 2020-03-05 17:04:41 --> File loaded: C:\xampp\htdocs\scholarship\industry\views\account/profile.php
INFO - 2020-03-05 17:04:41 --> Final output sent to browser
DEBUG - 2020-03-05 17:04:41 --> Total execution time: 0.2613
INFO - 2020-03-05 17:04:49 --> Config Class Initialized
INFO - 2020-03-05 17:04:49 --> Hooks Class Initialized
DEBUG - 2020-03-05 17:04:49 --> UTF-8 Support Enabled
INFO - 2020-03-05 17:04:49 --> Utf8 Class Initialized
INFO - 2020-03-05 17:04:49 --> URI Class Initialized
INFO - 2020-03-05 17:04:49 --> Router Class Initialized
INFO - 2020-03-05 17:04:49 --> Output Class Initialized
INFO - 2020-03-05 17:04:49 --> Security Class Initialized
DEBUG - 2020-03-05 17:04:49 --> Global POST, GET and COOKIE data sanitized
INFO - 2020-03-05 17:04:49 --> Input Class Initialized
INFO - 2020-03-05 17:04:49 --> Language Class Initialized
INFO - 2020-03-05 17:04:49 --> Loader Class Initialized
INFO - 2020-03-05 17:04:49 --> Helper loaded: url_helper
INFO - 2020-03-05 17:04:49 --> Helper loaded: file_helper
INFO - 2020-03-05 17:04:49 --> Helper loaded: string_helper
INFO - 2020-03-05 17:04:49 --> Database Driver Class Initialized
INFO - 2020-03-05 17:04:49 --> Email Class Initialized
DEBUG - 2020-03-05 17:04:49 --> Session: "sess_save_path" is empty; using "session.save_path" value from php.ini.
INFO - 2020-03-05 17:04:49 --> Session: Class initialized using 'files' driver.
INFO - 2020-03-05 17:04:49 --> Controller Class Initialized
INFO - 2020-03-05 17:04:49 --> Model "M_account" initialized
INFO - 2020-03-05 17:04:49 --> Model "M_auth" initialized
INFO - 2020-03-05 17:04:49 --> File loaded: C:\xampp\htdocs\scholarship\industry\views\include/header.php
INFO - 2020-03-05 17:04:49 --> File loaded: C:\xampp\htdocs\scholarship\industry\views\include/menu.php
INFO - 2020-03-05 17:04:49 --> File loaded: C:\xampp\htdocs\scholarship\industry\views\include/footer.php
INFO - 2020-03-05 17:04:49 --> File loaded: C:\xampp\htdocs\scholarship\industry\views\include/msg.php
INFO - 2020-03-05 17:04:49 --> File loaded: C:\xampp\htdocs\scholarship\industry\views\account/profile.php
INFO - 2020-03-05 17:04:49 --> Final output sent to browser
DEBUG - 2020-03-05 17:04:49 --> Total execution time: 0.1076
INFO - 2020-03-05 17:04:56 --> Config Class Initialized
INFO - 2020-03-05 17:04:56 --> Hooks Class Initialized
DEBUG - 2020-03-05 17:04:56 --> UTF-8 Support Enabled
INFO - 2020-03-05 17:04:56 --> Utf8 Class Initialized
INFO - 2020-03-05 17:04:56 --> URI Class Initialized
INFO - 2020-03-05 17:04:56 --> Router Class Initialized
INFO - 2020-03-05 17:04:56 --> Output Class Initialized
INFO - 2020-03-05 17:04:56 --> Security Class Initialized
DEBUG - 2020-03-05 17:04:56 --> Global POST, GET and COOKIE data sanitized
INFO - 2020-03-05 17:04:56 --> Input Class Initialized
INFO - 2020-03-05 17:04:56 --> Language Class Initialized
INFO - 2020-03-05 17:04:56 --> Loader Class Initialized
INFO - 2020-03-05 17:04:56 --> Helper loaded: url_helper
INFO - 2020-03-05 17:04:56 --> Helper loaded: file_helper
INFO - 2020-03-05 17:04:56 --> Helper loaded: string_helper
INFO - 2020-03-05 17:04:56 --> Database Driver Class Initialized
INFO - 2020-03-05 17:04:56 --> Email Class Initialized
DEBUG - 2020-03-05 17:04:56 --> Session: "sess_save_path" is empty; using "session.save_path" value from php.ini.
INFO - 2020-03-05 17:04:56 --> Session: Class initialized using 'files' driver.
INFO - 2020-03-05 17:04:56 --> Controller Class Initialized
INFO - 2020-03-05 17:04:56 --> Model "M_account" initialized
INFO - 2020-03-05 17:04:56 --> Model "M_auth" initialized
INFO - 2020-03-05 17:04:56 --> File loaded: C:\xampp\htdocs\scholarship\industry\views\include/header.php
INFO - 2020-03-05 17:04:56 --> File loaded: C:\xampp\htdocs\scholarship\industry\views\include/menu.php
INFO - 2020-03-05 17:04:56 --> File loaded: C:\xampp\htdocs\scholarship\industry\views\include/footer.php
INFO - 2020-03-05 17:04:56 --> File loaded: C:\xampp\htdocs\scholarship\industry\views\include/msg.php
INFO - 2020-03-05 17:04:56 --> File loaded: C:\xampp\htdocs\scholarship\industry\views\account/profile.php
INFO - 2020-03-05 17:04:56 --> Final output sent to browser
DEBUG - 2020-03-05 17:04:56 --> Total execution time: 0.1434
INFO - 2020-03-05 17:05:07 --> Config Class Initialized
INFO - 2020-03-05 17:05:07 --> Hooks Class Initialized
DEBUG - 2020-03-05 17:05:07 --> UTF-8 Support Enabled
INFO - 2020-03-05 17:05:07 --> Utf8 Class Initialized
INFO - 2020-03-05 17:05:07 --> URI Class Initialized
INFO - 2020-03-05 17:05:07 --> Router Class Initialized
INFO - 2020-03-05 17:05:07 --> Output Class Initialized
INFO - 2020-03-05 17:05:07 --> Security Class Initialized
DEBUG - 2020-03-05 17:05:07 --> Global POST, GET and COOKIE data sanitized
INFO - 2020-03-05 17:05:07 --> Input Class Initialized
INFO - 2020-03-05 17:05:07 --> Language Class Initialized
INFO - 2020-03-05 17:05:07 --> Loader Class Initialized
INFO - 2020-03-05 17:05:07 --> Helper loaded: url_helper
INFO - 2020-03-05 17:05:07 --> Helper loaded: file_helper
INFO - 2020-03-05 17:05:07 --> Helper loaded: string_helper
INFO - 2020-03-05 17:05:07 --> Database Driver Class Initialized
INFO - 2020-03-05 17:05:07 --> Email Class Initialized
DEBUG - 2020-03-05 17:05:07 --> Session: "sess_save_path" is empty; using "session.save_path" value from php.ini.
INFO - 2020-03-05 17:05:07 --> Session: Class initialized using 'files' driver.
INFO - 2020-03-05 17:05:07 --> Controller Class Initialized
INFO - 2020-03-05 17:05:07 --> Model "M_account" initialized
INFO - 2020-03-05 17:05:07 --> Model "M_auth" initialized
INFO - 2020-03-05 17:05:07 --> File loaded: C:\xampp\htdocs\scholarship\industry\views\include/header.php
INFO - 2020-03-05 17:05:07 --> File loaded: C:\xampp\htdocs\scholarship\industry\views\include/menu.php
INFO - 2020-03-05 17:05:07 --> File loaded: C:\xampp\htdocs\scholarship\industry\views\include/footer.php
INFO - 2020-03-05 17:05:07 --> File loaded: C:\xampp\htdocs\scholarship\industry\views\include/msg.php
INFO - 2020-03-05 17:05:07 --> File loaded: C:\xampp\htdocs\scholarship\industry\views\account/profile.php
INFO - 2020-03-05 17:05:07 --> Final output sent to browser
DEBUG - 2020-03-05 17:05:07 --> Total execution time: 0.1248
INFO - 2020-03-05 17:05:13 --> Config Class Initialized
INFO - 2020-03-05 17:05:13 --> Hooks Class Initialized
DEBUG - 2020-03-05 17:05:13 --> UTF-8 Support Enabled
INFO - 2020-03-05 17:05:13 --> Utf8 Class Initialized
INFO - 2020-03-05 17:05:13 --> URI Class Initialized
INFO - 2020-03-05 17:05:13 --> Router Class Initialized
INFO - 2020-03-05 17:05:13 --> Output Class Initialized
INFO - 2020-03-05 17:05:13 --> Security Class Initialized
DEBUG - 2020-03-05 17:05:13 --> Global POST, GET and COOKIE data sanitized
INFO - 2020-03-05 17:05:13 --> Input Class Initialized
INFO - 2020-03-05 17:05:13 --> Language Class Initialized
INFO - 2020-03-05 17:05:13 --> Loader Class Initialized
INFO - 2020-03-05 17:05:13 --> Helper loaded: url_helper
INFO - 2020-03-05 17:05:13 --> Helper loaded: file_helper
INFO - 2020-03-05 17:05:13 --> Helper loaded: string_helper
INFO - 2020-03-05 17:05:13 --> Database Driver Class Initialized
INFO - 2020-03-05 17:05:13 --> Email Class Initialized
DEBUG - 2020-03-05 17:05:13 --> Session: "sess_save_path" is empty; using "session.save_path" value from php.ini.
INFO - 2020-03-05 17:05:13 --> Session: Class initialized using 'files' driver.
INFO - 2020-03-05 17:05:13 --> Controller Class Initialized
INFO - 2020-03-05 17:05:13 --> Model "M_account" initialized
INFO - 2020-03-05 17:05:13 --> Model "M_auth" initialized
INFO - 2020-03-05 17:05:13 --> File loaded: C:\xampp\htdocs\scholarship\industry\views\include/header.php
INFO - 2020-03-05 17:05:13 --> File loaded: C:\xampp\htdocs\scholarship\industry\views\include/menu.php
INFO - 2020-03-05 17:05:13 --> File loaded: C:\xampp\htdocs\scholarship\industry\views\include/footer.php
INFO - 2020-03-05 17:05:13 --> File loaded: C:\xampp\htdocs\scholarship\industry\views\include/msg.php
INFO - 2020-03-05 17:05:13 --> File loaded: C:\xampp\htdocs\scholarship\industry\views\account/profile.php
INFO - 2020-03-05 17:05:13 --> Final output sent to browser
DEBUG - 2020-03-05 17:05:13 --> Total execution time: 0.1181
INFO - 2020-03-05 17:05:43 --> Config Class Initialized
INFO - 2020-03-05 17:05:43 --> Hooks Class Initialized
DEBUG - 2020-03-05 17:05:43 --> UTF-8 Support Enabled
INFO - 2020-03-05 17:05:43 --> Utf8 Class Initialized
INFO - 2020-03-05 17:05:43 --> URI Class Initialized
INFO - 2020-03-05 17:05:43 --> Router Class Initialized
INFO - 2020-03-05 17:05:43 --> Output Class Initialized
INFO - 2020-03-05 17:05:43 --> Security Class Initialized
DEBUG - 2020-03-05 17:05:43 --> Global POST, GET and COOKIE data sanitized
INFO - 2020-03-05 17:05:43 --> Input Class Initialized
INFO - 2020-03-05 17:05:43 --> Language Class Initialized
INFO - 2020-03-05 17:05:43 --> Loader Class Initialized
INFO - 2020-03-05 17:05:43 --> Helper loaded: url_helper
INFO - 2020-03-05 17:05:43 --> Helper loaded: file_helper
INFO - 2020-03-05 17:05:43 --> Helper loaded: string_helper
INFO - 2020-03-05 17:05:43 --> Database Driver Class Initialized
INFO - 2020-03-05 17:05:43 --> Email Class Initialized
DEBUG - 2020-03-05 17:05:43 --> Session: "sess_save_path" is empty; using "session.save_path" value from php.ini.
INFO - 2020-03-05 17:05:43 --> Session: Class initialized using 'files' driver.
INFO - 2020-03-05 17:05:43 --> Controller Class Initialized
INFO - 2020-03-05 17:05:43 --> Model "M_account" initialized
INFO - 2020-03-05 17:05:43 --> Model "M_auth" initialized
INFO - 2020-03-05 17:05:44 --> File loaded: C:\xampp\htdocs\scholarship\industry\views\include/header.php
INFO - 2020-03-05 17:05:44 --> File loaded: C:\xampp\htdocs\scholarship\industry\views\include/menu.php
INFO - 2020-03-05 17:05:44 --> File loaded: C:\xampp\htdocs\scholarship\industry\views\include/footer.php
INFO - 2020-03-05 17:05:44 --> File loaded: C:\xampp\htdocs\scholarship\industry\views\include/msg.php
INFO - 2020-03-05 17:05:44 --> File loaded: C:\xampp\htdocs\scholarship\industry\views\account/profile.php
INFO - 2020-03-05 17:05:44 --> Final output sent to browser
DEBUG - 2020-03-05 17:05:44 --> Total execution time: 0.1273
INFO - 2020-03-05 17:05:57 --> Config Class Initialized
INFO - 2020-03-05 17:05:57 --> Hooks Class Initialized
DEBUG - 2020-03-05 17:05:57 --> UTF-8 Support Enabled
INFO - 2020-03-05 17:05:57 --> Utf8 Class Initialized
INFO - 2020-03-05 17:05:57 --> URI Class Initialized
INFO - 2020-03-05 17:05:57 --> Router Class Initialized
INFO - 2020-03-05 17:05:57 --> Output Class Initialized
INFO - 2020-03-05 17:05:57 --> Security Class Initialized
DEBUG - 2020-03-05 17:05:57 --> Global POST, GET and COOKIE data sanitized
INFO - 2020-03-05 17:05:57 --> Input Class Initialized
INFO - 2020-03-05 17:05:57 --> Language Class Initialized
INFO - 2020-03-05 17:05:57 --> Loader Class Initialized
INFO - 2020-03-05 17:05:57 --> Helper loaded: url_helper
INFO - 2020-03-05 17:05:57 --> Helper loaded: file_helper
INFO - 2020-03-05 17:05:57 --> Helper loaded: string_helper
INFO - 2020-03-05 17:05:57 --> Database Driver Class Initialized
INFO - 2020-03-05 17:05:57 --> Email Class Initialized
DEBUG - 2020-03-05 17:05:57 --> Session: "sess_save_path" is empty; using "session.save_path" value from php.ini.
INFO - 2020-03-05 17:05:57 --> Session: Class initialized using 'files' driver.
INFO - 2020-03-05 17:05:57 --> Controller Class Initialized
INFO - 2020-03-05 17:05:57 --> Model "M_auth" initialized
INFO - 2020-03-05 17:05:57 --> Helper loaded: form_helper
INFO - 2020-03-05 17:05:57 --> Form Validation Class Initialized
INFO - 2020-03-05 17:05:57 --> Config Class Initialized
INFO - 2020-03-05 17:05:57 --> Hooks Class Initialized
DEBUG - 2020-03-05 17:05:57 --> UTF-8 Support Enabled
INFO - 2020-03-05 17:05:57 --> Utf8 Class Initialized
INFO - 2020-03-05 17:05:57 --> URI Class Initialized
DEBUG - 2020-03-05 17:05:57 --> No URI present. Default controller set.
INFO - 2020-03-05 17:05:57 --> Router Class Initialized
INFO - 2020-03-05 17:05:57 --> Output Class Initialized
INFO - 2020-03-05 17:05:57 --> Security Class Initialized
DEBUG - 2020-03-05 17:05:57 --> Global POST, GET and COOKIE data sanitized
INFO - 2020-03-05 17:05:57 --> Input Class Initialized
INFO - 2020-03-05 17:05:57 --> Language Class Initialized
INFO - 2020-03-05 17:05:57 --> Loader Class Initialized
INFO - 2020-03-05 17:05:57 --> Helper loaded: url_helper
INFO - 2020-03-05 17:05:57 --> Helper loaded: file_helper
INFO - 2020-03-05 17:05:57 --> Helper loaded: string_helper
INFO - 2020-03-05 17:05:57 --> Database Driver Class Initialized
INFO - 2020-03-05 17:05:57 --> Email Class Initialized
DEBUG - 2020-03-05 17:05:57 --> Session: "sess_save_path" is empty; using "session.save_path" value from php.ini.
INFO - 2020-03-05 17:05:57 --> Session: Class initialized using 'files' driver.
INFO - 2020-03-05 17:05:57 --> Controller Class Initialized
INFO - 2020-03-05 17:05:57 --> Model "M_auth" initialized
INFO - 2020-03-05 17:05:57 --> Helper loaded: form_helper
INFO - 2020-03-05 17:05:57 --> Form Validation Class Initialized
INFO - 2020-03-05 17:05:57 --> File loaded: C:\xampp\htdocs\scholarship\industry\views\include/header.php
INFO - 2020-03-05 17:05:57 --> File loaded: C:\xampp\htdocs\scholarship\industry\views\include/footer.php
INFO - 2020-03-05 17:05:57 --> File loaded: C:\xampp\htdocs\scholarship\industry\views\include/msg.php
INFO - 2020-03-05 17:05:57 --> File loaded: C:\xampp\htdocs\scholarship\industry\views\auth/login.php
INFO - 2020-03-05 17:05:57 --> Final output sent to browser
DEBUG - 2020-03-05 17:05:57 --> Total execution time: 0.0729
INFO - 2020-03-05 17:06:00 --> Config Class Initialized
INFO - 2020-03-05 17:06:00 --> Hooks Class Initialized
DEBUG - 2020-03-05 17:06:00 --> UTF-8 Support Enabled
INFO - 2020-03-05 17:06:00 --> Utf8 Class Initialized
INFO - 2020-03-05 17:06:00 --> URI Class Initialized
INFO - 2020-03-05 17:06:00 --> Router Class Initialized
INFO - 2020-03-05 17:06:00 --> Output Class Initialized
INFO - 2020-03-05 17:06:00 --> Security Class Initialized
DEBUG - 2020-03-05 17:06:00 --> Global POST, GET and COOKIE data sanitized
INFO - 2020-03-05 17:06:00 --> Input Class Initialized
INFO - 2020-03-05 17:06:00 --> Language Class Initialized
INFO - 2020-03-05 17:06:00 --> Loader Class Initialized
INFO - 2020-03-05 17:06:00 --> Helper loaded: url_helper
INFO - 2020-03-05 17:06:00 --> Helper loaded: file_helper
INFO - 2020-03-05 17:06:00 --> Helper loaded: string_helper
INFO - 2020-03-05 17:06:00 --> Database Driver Class Initialized
INFO - 2020-03-05 17:06:00 --> Email Class Initialized
DEBUG - 2020-03-05 17:06:00 --> Session: "sess_save_path" is empty; using "session.save_path" value from php.ini.
INFO - 2020-03-05 17:06:00 --> Session: Class initialized using 'files' driver.
INFO - 2020-03-05 17:06:00 --> Controller Class Initialized
INFO - 2020-03-05 17:06:00 --> Model "M_auth" initialized
INFO - 2020-03-05 17:06:00 --> Helper loaded: form_helper
INFO - 2020-03-05 17:06:00 --> Form Validation Class Initialized
INFO - 2020-03-05 17:06:00 --> File loaded: C:\xampp\htdocs\scholarship\industry\views\include/header.php
INFO - 2020-03-05 17:06:00 --> File loaded: C:\xampp\htdocs\scholarship\industry\views\include/footer.php
INFO - 2020-03-05 17:06:00 --> File loaded: C:\xampp\htdocs\scholarship\industry\views\include/msg.php
INFO - 2020-03-05 17:06:00 --> File loaded: C:\xampp\htdocs\scholarship\industry\views\auth/register.php
INFO - 2020-03-05 17:06:00 --> Final output sent to browser
DEBUG - 2020-03-05 17:06:00 --> Total execution time: 0.1241
INFO - 2020-03-05 17:08:39 --> Config Class Initialized
INFO - 2020-03-05 17:08:39 --> Hooks Class Initialized
DEBUG - 2020-03-05 17:08:39 --> UTF-8 Support Enabled
INFO - 2020-03-05 17:08:39 --> Utf8 Class Initialized
INFO - 2020-03-05 17:08:39 --> URI Class Initialized
INFO - 2020-03-05 17:08:39 --> Router Class Initialized
INFO - 2020-03-05 17:08:39 --> Output Class Initialized
INFO - 2020-03-05 17:08:39 --> Security Class Initialized
DEBUG - 2020-03-05 17:08:39 --> Global POST, GET and COOKIE data sanitized
INFO - 2020-03-05 17:08:39 --> Input Class Initialized
INFO - 2020-03-05 17:08:39 --> Language Class Initialized
INFO - 2020-03-05 17:08:39 --> Loader Class Initialized
INFO - 2020-03-05 17:08:39 --> Helper loaded: url_helper
INFO - 2020-03-05 17:08:39 --> Helper loaded: file_helper
INFO - 2020-03-05 17:08:39 --> Helper loaded: string_helper
INFO - 2020-03-05 17:08:39 --> Database Driver Class Initialized
INFO - 2020-03-05 17:08:39 --> Email Class Initialized
DEBUG - 2020-03-05 17:08:39 --> Session: "sess_save_path" is empty; using "session.save_path" value from php.ini.
INFO - 2020-03-05 17:08:39 --> Session: Class initialized using 'files' driver.
INFO - 2020-03-05 17:08:39 --> Controller Class Initialized
INFO - 2020-03-05 17:08:39 --> Model "M_auth" initialized
INFO - 2020-03-05 17:08:39 --> Helper loaded: form_helper
INFO - 2020-03-05 17:08:39 --> Form Validation Class Initialized
INFO - 2020-03-05 17:08:39 --> File loaded: C:\xampp\htdocs\scholarship\industry\views\include/header.php
INFO - 2020-03-05 17:08:39 --> File loaded: C:\xampp\htdocs\scholarship\industry\views\include/footer.php
INFO - 2020-03-05 17:08:39 --> File loaded: C:\xampp\htdocs\scholarship\industry\views\include/msg.php
INFO - 2020-03-05 17:08:39 --> File loaded: C:\xampp\htdocs\scholarship\industry\views\auth/register.php
INFO - 2020-03-05 17:08:39 --> Final output sent to browser
DEBUG - 2020-03-05 17:08:39 --> Total execution time: 0.0994
INFO - 2020-03-05 17:08:42 --> Config Class Initialized
INFO - 2020-03-05 17:08:42 --> Hooks Class Initialized
DEBUG - 2020-03-05 17:08:42 --> UTF-8 Support Enabled
INFO - 2020-03-05 17:08:42 --> Utf8 Class Initialized
INFO - 2020-03-05 17:08:42 --> URI Class Initialized
INFO - 2020-03-05 17:08:42 --> Router Class Initialized
INFO - 2020-03-05 17:08:42 --> Output Class Initialized
INFO - 2020-03-05 17:08:42 --> Security Class Initialized
DEBUG - 2020-03-05 17:08:42 --> Global POST, GET and COOKIE data sanitized
INFO - 2020-03-05 17:08:42 --> Input Class Initialized
INFO - 2020-03-05 17:08:42 --> Language Class Initialized
INFO - 2020-03-05 17:08:42 --> Loader Class Initialized
INFO - 2020-03-05 17:08:42 --> Helper loaded: url_helper
INFO - 2020-03-05 17:08:42 --> Helper loaded: file_helper
INFO - 2020-03-05 17:08:42 --> Helper loaded: string_helper
INFO - 2020-03-05 17:08:42 --> Database Driver Class Initialized
INFO - 2020-03-05 17:08:43 --> Email Class Initialized
DEBUG - 2020-03-05 17:08:43 --> Session: "sess_save_path" is empty; using "session.save_path" value from php.ini.
INFO - 2020-03-05 17:08:43 --> Session: Class initialized using 'files' driver.
INFO - 2020-03-05 17:08:43 --> Controller Class Initialized
INFO - 2020-03-05 17:08:43 --> Model "M_auth" initialized
INFO - 2020-03-05 17:08:43 --> Helper loaded: form_helper
INFO - 2020-03-05 17:08:43 --> Form Validation Class Initialized
INFO - 2020-03-05 17:08:43 --> Final output sent to browser
DEBUG - 2020-03-05 17:08:43 --> Total execution time: 0.1051
INFO - 2020-03-05 17:08:44 --> Config Class Initialized
INFO - 2020-03-05 17:08:44 --> Hooks Class Initialized
DEBUG - 2020-03-05 17:08:44 --> UTF-8 Support Enabled
INFO - 2020-03-05 17:08:44 --> Utf8 Class Initialized
INFO - 2020-03-05 17:08:44 --> URI Class Initialized
INFO - 2020-03-05 17:08:44 --> Router Class Initialized
INFO - 2020-03-05 17:08:44 --> Output Class Initialized
INFO - 2020-03-05 17:08:44 --> Security Class Initialized
DEBUG - 2020-03-05 17:08:44 --> Global POST, GET and COOKIE data sanitized
INFO - 2020-03-05 17:08:44 --> Input Class Initialized
INFO - 2020-03-05 17:08:44 --> Language Class Initialized
INFO - 2020-03-05 17:08:44 --> Loader Class Initialized
INFO - 2020-03-05 17:08:44 --> Helper loaded: url_helper
INFO - 2020-03-05 17:08:44 --> Helper loaded: file_helper
INFO - 2020-03-05 17:08:44 --> Helper loaded: string_helper
INFO - 2020-03-05 17:08:44 --> Database Driver Class Initialized
INFO - 2020-03-05 17:08:44 --> Email Class Initialized
DEBUG - 2020-03-05 17:08:44 --> Session: "sess_save_path" is empty; using "session.save_path" value from php.ini.
INFO - 2020-03-05 17:08:44 --> Session: Class initialized using 'files' driver.
INFO - 2020-03-05 17:08:44 --> Controller Class Initialized
INFO - 2020-03-05 17:08:44 --> Model "M_auth" initialized
INFO - 2020-03-05 17:08:44 --> Helper loaded: form_helper
INFO - 2020-03-05 17:08:44 --> Form Validation Class Initialized
INFO - 2020-03-05 17:08:44 --> Final output sent to browser
DEBUG - 2020-03-05 17:08:44 --> Total execution time: 0.1056
INFO - 2020-03-05 17:08:45 --> Config Class Initialized
INFO - 2020-03-05 17:08:45 --> Hooks Class Initialized
DEBUG - 2020-03-05 17:08:45 --> UTF-8 Support Enabled
INFO - 2020-03-05 17:08:45 --> Utf8 Class Initialized
INFO - 2020-03-05 17:08:45 --> URI Class Initialized
INFO - 2020-03-05 17:08:45 --> Router Class Initialized
INFO - 2020-03-05 17:08:45 --> Output Class Initialized
INFO - 2020-03-05 17:08:45 --> Security Class Initialized
DEBUG - 2020-03-05 17:08:45 --> Global POST, GET and COOKIE data sanitized
INFO - 2020-03-05 17:08:45 --> Input Class Initialized
INFO - 2020-03-05 17:08:45 --> Language Class Initialized
INFO - 2020-03-05 17:08:45 --> Loader Class Initialized
INFO - 2020-03-05 17:08:45 --> Helper loaded: url_helper
INFO - 2020-03-05 17:08:45 --> Helper loaded: file_helper
INFO - 2020-03-05 17:08:45 --> Helper loaded: string_helper
INFO - 2020-03-05 17:08:45 --> Database Driver Class Initialized
INFO - 2020-03-05 17:08:45 --> Email Class Initialized
DEBUG - 2020-03-05 17:08:45 --> Session: "sess_save_path" is empty; using "session.save_path" value from php.ini.
INFO - 2020-03-05 17:08:45 --> Session: Class initialized using 'files' driver.
INFO - 2020-03-05 17:08:45 --> Controller Class Initialized
INFO - 2020-03-05 17:08:45 --> Model "M_auth" initialized
INFO - 2020-03-05 17:08:45 --> Helper loaded: form_helper
INFO - 2020-03-05 17:08:45 --> Form Validation Class Initialized
INFO - 2020-03-05 17:08:45 --> Final output sent to browser
DEBUG - 2020-03-05 17:08:45 --> Total execution time: 0.0677
INFO - 2020-03-05 17:09:17 --> Config Class Initialized
INFO - 2020-03-05 17:09:17 --> Hooks Class Initialized
DEBUG - 2020-03-05 17:09:17 --> UTF-8 Support Enabled
INFO - 2020-03-05 17:09:17 --> Utf8 Class Initialized
INFO - 2020-03-05 17:09:17 --> URI Class Initialized
INFO - 2020-03-05 17:09:17 --> Router Class Initialized
INFO - 2020-03-05 17:09:17 --> Output Class Initialized
INFO - 2020-03-05 17:09:17 --> Security Class Initialized
DEBUG - 2020-03-05 17:09:17 --> Global POST, GET and COOKIE data sanitized
INFO - 2020-03-05 17:09:17 --> Input Class Initialized
INFO - 2020-03-05 17:09:17 --> Language Class Initialized
INFO - 2020-03-05 17:09:17 --> Loader Class Initialized
INFO - 2020-03-05 17:09:17 --> Helper loaded: url_helper
INFO - 2020-03-05 17:09:17 --> Helper loaded: file_helper
INFO - 2020-03-05 17:09:17 --> Helper loaded: string_helper
INFO - 2020-03-05 17:09:17 --> Database Driver Class Initialized
INFO - 2020-03-05 17:09:17 --> Email Class Initialized
DEBUG - 2020-03-05 17:09:17 --> Session: "sess_save_path" is empty; using "session.save_path" value from php.ini.
INFO - 2020-03-05 17:09:17 --> Session: Class initialized using 'files' driver.
INFO - 2020-03-05 17:09:17 --> Controller Class Initialized
INFO - 2020-03-05 17:09:17 --> Model "M_auth" initialized
INFO - 2020-03-05 17:09:17 --> Helper loaded: form_helper
INFO - 2020-03-05 17:09:17 --> Form Validation Class Initialized
INFO - 2020-03-05 17:09:17 --> Final output sent to browser
DEBUG - 2020-03-05 17:09:17 --> Total execution time: 0.0836
INFO - 2020-03-05 17:09:22 --> Config Class Initialized
INFO - 2020-03-05 17:09:22 --> Hooks Class Initialized
DEBUG - 2020-03-05 17:09:22 --> UTF-8 Support Enabled
INFO - 2020-03-05 17:09:22 --> Utf8 Class Initialized
INFO - 2020-03-05 17:09:22 --> URI Class Initialized
INFO - 2020-03-05 17:09:22 --> Router Class Initialized
INFO - 2020-03-05 17:09:22 --> Output Class Initialized
INFO - 2020-03-05 17:09:22 --> Security Class Initialized
DEBUG - 2020-03-05 17:09:22 --> Global POST, GET and COOKIE data sanitized
INFO - 2020-03-05 17:09:22 --> Input Class Initialized
INFO - 2020-03-05 17:09:22 --> Language Class Initialized
INFO - 2020-03-05 17:09:22 --> Loader Class Initialized
INFO - 2020-03-05 17:09:22 --> Helper loaded: url_helper
INFO - 2020-03-05 17:09:22 --> Helper loaded: file_helper
INFO - 2020-03-05 17:09:22 --> Helper loaded: string_helper
INFO - 2020-03-05 17:09:22 --> Database Driver Class Initialized
INFO - 2020-03-05 17:09:22 --> Email Class Initialized
DEBUG - 2020-03-05 17:09:22 --> Session: "sess_save_path" is empty; using "session.save_path" value from php.ini.
INFO - 2020-03-05 17:09:22 --> Session: Class initialized using 'files' driver.
INFO - 2020-03-05 17:09:22 --> Controller Class Initialized
INFO - 2020-03-05 17:09:22 --> Model "M_auth" initialized
INFO - 2020-03-05 17:09:22 --> Helper loaded: form_helper
INFO - 2020-03-05 17:09:22 --> Form Validation Class Initialized
INFO - 2020-03-05 17:09:22 --> Final output sent to browser
DEBUG - 2020-03-05 17:09:22 --> Total execution time: 0.1857
INFO - 2020-03-05 17:09:26 --> Config Class Initialized
INFO - 2020-03-05 17:09:26 --> Hooks Class Initialized
DEBUG - 2020-03-05 17:09:26 --> UTF-8 Support Enabled
INFO - 2020-03-05 17:09:26 --> Utf8 Class Initialized
INFO - 2020-03-05 17:09:26 --> URI Class Initialized
INFO - 2020-03-05 17:09:26 --> Router Class Initialized
INFO - 2020-03-05 17:09:26 --> Output Class Initialized
INFO - 2020-03-05 17:09:26 --> Security Class Initialized
DEBUG - 2020-03-05 17:09:26 --> Global POST, GET and COOKIE data sanitized
INFO - 2020-03-05 17:09:26 --> Input Class Initialized
INFO - 2020-03-05 17:09:26 --> Language Class Initialized
INFO - 2020-03-05 17:09:26 --> Loader Class Initialized
INFO - 2020-03-05 17:09:26 --> Helper loaded: url_helper
INFO - 2020-03-05 17:09:26 --> Helper loaded: file_helper
INFO - 2020-03-05 17:09:26 --> Helper loaded: string_helper
INFO - 2020-03-05 17:09:26 --> Database Driver Class Initialized
INFO - 2020-03-05 17:09:26 --> Email Class Initialized
DEBUG - 2020-03-05 17:09:26 --> Session: "sess_save_path" is empty; using "session.save_path" value from php.ini.
INFO - 2020-03-05 17:09:26 --> Session: Class initialized using 'files' driver.
INFO - 2020-03-05 17:09:26 --> Controller Class Initialized
INFO - 2020-03-05 17:09:26 --> Model "M_auth" initialized
INFO - 2020-03-05 17:09:26 --> Helper loaded: form_helper
INFO - 2020-03-05 17:09:26 --> Form Validation Class Initialized
INFO - 2020-03-05 17:09:26 --> Final output sent to browser
DEBUG - 2020-03-05 17:09:26 --> Total execution time: 0.0866
INFO - 2020-03-05 17:09:31 --> Config Class Initialized
INFO - 2020-03-05 17:09:31 --> Hooks Class Initialized
DEBUG - 2020-03-05 17:09:31 --> UTF-8 Support Enabled
INFO - 2020-03-05 17:09:31 --> Utf8 Class Initialized
INFO - 2020-03-05 17:09:31 --> URI Class Initialized
INFO - 2020-03-05 17:09:31 --> Router Class Initialized
INFO - 2020-03-05 17:09:31 --> Output Class Initialized
INFO - 2020-03-05 17:09:31 --> Security Class Initialized
DEBUG - 2020-03-05 17:09:31 --> Global POST, GET and COOKIE data sanitized
INFO - 2020-03-05 17:09:31 --> Input Class Initialized
INFO - 2020-03-05 17:09:31 --> Language Class Initialized
INFO - 2020-03-05 17:09:31 --> Loader Class Initialized
INFO - 2020-03-05 17:09:31 --> Helper loaded: url_helper
INFO - 2020-03-05 17:09:31 --> Helper loaded: file_helper
INFO - 2020-03-05 17:09:31 --> Helper loaded: string_helper
INFO - 2020-03-05 17:09:31 --> Database Driver Class Initialized
INFO - 2020-03-05 17:09:31 --> Email Class Initialized
DEBUG - 2020-03-05 17:09:31 --> Session: "sess_save_path" is empty; using "session.save_path" value from php.ini.
INFO - 2020-03-05 17:09:31 --> Session: Class initialized using 'files' driver.
INFO - 2020-03-05 17:09:31 --> Controller Class Initialized
INFO - 2020-03-05 17:09:31 --> Model "M_auth" initialized
INFO - 2020-03-05 17:09:31 --> Helper loaded: form_helper
INFO - 2020-03-05 17:09:31 --> Form Validation Class Initialized
INFO - 2020-03-05 17:09:31 --> Final output sent to browser
DEBUG - 2020-03-05 17:09:31 --> Total execution time: 0.1543
INFO - 2020-03-05 17:09:32 --> Config Class Initialized
INFO - 2020-03-05 17:09:32 --> Hooks Class Initialized
DEBUG - 2020-03-05 17:09:32 --> UTF-8 Support Enabled
INFO - 2020-03-05 17:09:32 --> Utf8 Class Initialized
INFO - 2020-03-05 17:09:32 --> URI Class Initialized
INFO - 2020-03-05 17:09:32 --> Router Class Initialized
INFO - 2020-03-05 17:09:32 --> Output Class Initialized
INFO - 2020-03-05 17:09:32 --> Security Class Initialized
DEBUG - 2020-03-05 17:09:32 --> Global POST, GET and COOKIE data sanitized
INFO - 2020-03-05 17:09:32 --> Input Class Initialized
INFO - 2020-03-05 17:09:32 --> Language Class Initialized
INFO - 2020-03-05 17:09:32 --> Loader Class Initialized
INFO - 2020-03-05 17:09:32 --> Helper loaded: url_helper
INFO - 2020-03-05 17:09:32 --> Helper loaded: file_helper
INFO - 2020-03-05 17:09:32 --> Helper loaded: string_helper
INFO - 2020-03-05 17:09:32 --> Database Driver Class Initialized
INFO - 2020-03-05 17:09:32 --> Email Class Initialized
DEBUG - 2020-03-05 17:09:32 --> Session: "sess_save_path" is empty; using "session.save_path" value from php.ini.
INFO - 2020-03-05 17:09:32 --> Session: Class initialized using 'files' driver.
INFO - 2020-03-05 17:09:32 --> Controller Class Initialized
INFO - 2020-03-05 17:09:32 --> Model "M_auth" initialized
INFO - 2020-03-05 17:09:32 --> Helper loaded: form_helper
INFO - 2020-03-05 17:09:32 --> Form Validation Class Initialized
INFO - 2020-03-05 17:09:32 --> Final output sent to browser
DEBUG - 2020-03-05 17:09:32 --> Total execution time: 0.0919
INFO - 2020-03-05 17:09:33 --> Config Class Initialized
INFO - 2020-03-05 17:09:33 --> Hooks Class Initialized
DEBUG - 2020-03-05 17:09:33 --> UTF-8 Support Enabled
INFO - 2020-03-05 17:09:33 --> Utf8 Class Initialized
INFO - 2020-03-05 17:09:33 --> URI Class Initialized
INFO - 2020-03-05 17:09:33 --> Router Class Initialized
INFO - 2020-03-05 17:09:33 --> Output Class Initialized
INFO - 2020-03-05 17:09:33 --> Security Class Initialized
DEBUG - 2020-03-05 17:09:33 --> Global POST, GET and COOKIE data sanitized
INFO - 2020-03-05 17:09:33 --> Input Class Initialized
INFO - 2020-03-05 17:09:33 --> Language Class Initialized
INFO - 2020-03-05 17:09:33 --> Loader Class Initialized
INFO - 2020-03-05 17:09:33 --> Helper loaded: url_helper
INFO - 2020-03-05 17:09:33 --> Helper loaded: file_helper
INFO - 2020-03-05 17:09:33 --> Helper loaded: string_helper
INFO - 2020-03-05 17:09:33 --> Database Driver Class Initialized
INFO - 2020-03-05 17:09:33 --> Email Class Initialized
DEBUG - 2020-03-05 17:09:33 --> Session: "sess_save_path" is empty; using "session.save_path" value from php.ini.
INFO - 2020-03-05 17:09:33 --> Session: Class initialized using 'files' driver.
INFO - 2020-03-05 17:09:33 --> Controller Class Initialized
INFO - 2020-03-05 17:09:33 --> Model "M_auth" initialized
INFO - 2020-03-05 17:09:33 --> Helper loaded: form_helper
INFO - 2020-03-05 17:09:33 --> Form Validation Class Initialized
INFO - 2020-03-05 17:09:33 --> Final output sent to browser
DEBUG - 2020-03-05 17:09:33 --> Total execution time: 0.0869
INFO - 2020-03-05 17:10:01 --> Config Class Initialized
INFO - 2020-03-05 17:10:01 --> Hooks Class Initialized
DEBUG - 2020-03-05 17:10:01 --> UTF-8 Support Enabled
INFO - 2020-03-05 17:10:01 --> Utf8 Class Initialized
INFO - 2020-03-05 17:10:01 --> URI Class Initialized
INFO - 2020-03-05 17:10:01 --> Router Class Initialized
INFO - 2020-03-05 17:10:01 --> Output Class Initialized
INFO - 2020-03-05 17:10:01 --> Security Class Initialized
DEBUG - 2020-03-05 17:10:01 --> Global POST, GET and COOKIE data sanitized
INFO - 2020-03-05 17:10:01 --> Input Class Initialized
INFO - 2020-03-05 17:10:01 --> Language Class Initialized
INFO - 2020-03-05 17:10:01 --> Loader Class Initialized
INFO - 2020-03-05 17:10:01 --> Helper loaded: url_helper
INFO - 2020-03-05 17:10:01 --> Helper loaded: file_helper
INFO - 2020-03-05 17:10:01 --> Helper loaded: string_helper
INFO - 2020-03-05 17:10:01 --> Database Driver Class Initialized
INFO - 2020-03-05 17:10:01 --> Email Class Initialized
DEBUG - 2020-03-05 17:10:01 --> Session: "sess_save_path" is empty; using "session.save_path" value from php.ini.
INFO - 2020-03-05 17:10:01 --> Session: Class initialized using 'files' driver.
INFO - 2020-03-05 17:10:01 --> Controller Class Initialized
INFO - 2020-03-05 17:10:01 --> Model "M_auth" initialized
INFO - 2020-03-05 17:10:01 --> Helper loaded: form_helper
INFO - 2020-03-05 17:10:01 --> Form Validation Class Initialized
INFO - 2020-03-05 17:10:01 --> Upload Class Initialized
INFO - 2020-03-05 17:10:01 --> Language file loaded: language/english/upload_lang.php
DEBUG - 2020-03-05 17:10:01 --> The filetype you are attempting to upload is not allowed.
INFO - 2020-03-05 17:10:49 --> Config Class Initialized
INFO - 2020-03-05 17:10:49 --> Hooks Class Initialized
DEBUG - 2020-03-05 17:10:49 --> UTF-8 Support Enabled
INFO - 2020-03-05 17:10:49 --> Utf8 Class Initialized
INFO - 2020-03-05 17:10:49 --> URI Class Initialized
INFO - 2020-03-05 17:10:49 --> Router Class Initialized
INFO - 2020-03-05 17:10:49 --> Output Class Initialized
INFO - 2020-03-05 17:10:49 --> Security Class Initialized
DEBUG - 2020-03-05 17:10:49 --> Global POST, GET and COOKIE data sanitized
INFO - 2020-03-05 17:10:49 --> Input Class Initialized
INFO - 2020-03-05 17:10:49 --> Language Class Initialized
INFO - 2020-03-05 17:10:49 --> Loader Class Initialized
INFO - 2020-03-05 17:10:49 --> Helper loaded: url_helper
INFO - 2020-03-05 17:10:49 --> Helper loaded: file_helper
INFO - 2020-03-05 17:10:49 --> Helper loaded: string_helper
INFO - 2020-03-05 17:10:49 --> Database Driver Class Initialized
INFO - 2020-03-05 17:10:49 --> Email Class Initialized
DEBUG - 2020-03-05 17:10:49 --> Session: "sess_save_path" is empty; using "session.save_path" value from php.ini.
INFO - 2020-03-05 17:10:49 --> Session: Class initialized using 'files' driver.
INFO - 2020-03-05 17:10:49 --> Controller Class Initialized
INFO - 2020-03-05 17:10:49 --> Model "M_auth" initialized
INFO - 2020-03-05 17:10:49 --> Helper loaded: form_helper
INFO - 2020-03-05 17:10:49 --> Form Validation Class Initialized
INFO - 2020-03-05 17:12:16 --> Config Class Initialized
INFO - 2020-03-05 17:12:16 --> Hooks Class Initialized
DEBUG - 2020-03-05 17:12:16 --> UTF-8 Support Enabled
INFO - 2020-03-05 17:12:16 --> Utf8 Class Initialized
INFO - 2020-03-05 17:12:16 --> URI Class Initialized
INFO - 2020-03-05 17:12:16 --> Router Class Initialized
INFO - 2020-03-05 17:12:16 --> Output Class Initialized
INFO - 2020-03-05 17:12:16 --> Security Class Initialized
DEBUG - 2020-03-05 17:12:16 --> Global POST, GET and COOKIE data sanitized
INFO - 2020-03-05 17:12:16 --> Input Class Initialized
INFO - 2020-03-05 17:12:16 --> Language Class Initialized
INFO - 2020-03-05 17:12:16 --> Loader Class Initialized
INFO - 2020-03-05 17:12:16 --> Helper loaded: url_helper
INFO - 2020-03-05 17:12:16 --> Helper loaded: file_helper
INFO - 2020-03-05 17:12:16 --> Helper loaded: string_helper
INFO - 2020-03-05 17:12:16 --> Database Driver Class Initialized
INFO - 2020-03-05 17:12:16 --> Email Class Initialized
DEBUG - 2020-03-05 17:12:16 --> Session: "sess_save_path" is empty; using "session.save_path" value from php.ini.
INFO - 2020-03-05 17:12:16 --> Session: Class initialized using 'files' driver.
INFO - 2020-03-05 17:12:16 --> Controller Class Initialized
INFO - 2020-03-05 17:12:16 --> Model "M_auth" initialized
INFO - 2020-03-05 17:12:16 --> Helper loaded: form_helper
INFO - 2020-03-05 17:12:16 --> Form Validation Class Initialized
INFO - 2020-03-05 17:12:27 --> Config Class Initialized
INFO - 2020-03-05 17:12:27 --> Hooks Class Initialized
DEBUG - 2020-03-05 17:12:27 --> UTF-8 Support Enabled
INFO - 2020-03-05 17:12:27 --> Utf8 Class Initialized
INFO - 2020-03-05 17:12:27 --> URI Class Initialized
INFO - 2020-03-05 17:12:27 --> Router Class Initialized
INFO - 2020-03-05 17:12:27 --> Output Class Initialized
INFO - 2020-03-05 17:12:27 --> Security Class Initialized
DEBUG - 2020-03-05 17:12:27 --> Global POST, GET and COOKIE data sanitized
INFO - 2020-03-05 17:12:27 --> Input Class Initialized
INFO - 2020-03-05 17:12:27 --> Language Class Initialized
INFO - 2020-03-05 17:12:27 --> Loader Class Initialized
INFO - 2020-03-05 17:12:27 --> Helper loaded: url_helper
INFO - 2020-03-05 17:12:27 --> Helper loaded: file_helper
INFO - 2020-03-05 17:12:27 --> Helper loaded: string_helper
INFO - 2020-03-05 17:12:27 --> Database Driver Class Initialized
INFO - 2020-03-05 17:12:27 --> Email Class Initialized
DEBUG - 2020-03-05 17:12:27 --> Session: "sess_save_path" is empty; using "session.save_path" value from php.ini.
INFO - 2020-03-05 17:12:27 --> Session: Class initialized using 'files' driver.
INFO - 2020-03-05 17:12:27 --> Controller Class Initialized
INFO - 2020-03-05 17:12:27 --> Model "M_auth" initialized
INFO - 2020-03-05 17:12:27 --> Helper loaded: form_helper
INFO - 2020-03-05 17:12:27 --> Form Validation Class Initialized
ERROR - 2020-03-05 17:12:27 --> Severity: Notice --> Trying to get property 'name' of non-object C:\xampp\htdocs\scholarship\industry\controllers\Auth.php 181
INFO - 2020-03-05 17:12:36 --> Config Class Initialized
INFO - 2020-03-05 17:12:36 --> Hooks Class Initialized
DEBUG - 2020-03-05 17:12:36 --> UTF-8 Support Enabled
INFO - 2020-03-05 17:12:36 --> Utf8 Class Initialized
INFO - 2020-03-05 17:12:36 --> URI Class Initialized
INFO - 2020-03-05 17:12:36 --> Router Class Initialized
INFO - 2020-03-05 17:12:36 --> Output Class Initialized
INFO - 2020-03-05 17:12:36 --> Security Class Initialized
DEBUG - 2020-03-05 17:12:36 --> Global POST, GET and COOKIE data sanitized
INFO - 2020-03-05 17:12:36 --> Input Class Initialized
INFO - 2020-03-05 17:12:36 --> Language Class Initialized
INFO - 2020-03-05 17:12:36 --> Loader Class Initialized
INFO - 2020-03-05 17:12:36 --> Helper loaded: url_helper
INFO - 2020-03-05 17:12:36 --> Helper loaded: file_helper
INFO - 2020-03-05 17:12:36 --> Helper loaded: string_helper
INFO - 2020-03-05 17:12:36 --> Database Driver Class Initialized
INFO - 2020-03-05 17:12:36 --> Email Class Initialized
DEBUG - 2020-03-05 17:12:36 --> Session: "sess_save_path" is empty; using "session.save_path" value from php.ini.
INFO - 2020-03-05 17:12:36 --> Session: Class initialized using 'files' driver.
INFO - 2020-03-05 17:12:36 --> Controller Class Initialized
INFO - 2020-03-05 17:12:36 --> Model "M_auth" initialized
INFO - 2020-03-05 17:12:36 --> Helper loaded: form_helper
INFO - 2020-03-05 17:12:36 --> Form Validation Class Initialized
INFO - 2020-03-05 17:12:50 --> Config Class Initialized
INFO - 2020-03-05 17:12:50 --> Hooks Class Initialized
DEBUG - 2020-03-05 17:12:50 --> UTF-8 Support Enabled
INFO - 2020-03-05 17:12:50 --> Utf8 Class Initialized
INFO - 2020-03-05 17:12:50 --> URI Class Initialized
INFO - 2020-03-05 17:12:50 --> Router Class Initialized
INFO - 2020-03-05 17:12:50 --> Output Class Initialized
INFO - 2020-03-05 17:12:50 --> Security Class Initialized
DEBUG - 2020-03-05 17:12:50 --> Global POST, GET and COOKIE data sanitized
INFO - 2020-03-05 17:12:50 --> Input Class Initialized
INFO - 2020-03-05 17:12:50 --> Language Class Initialized
INFO - 2020-03-05 17:12:50 --> Loader Class Initialized
INFO - 2020-03-05 17:12:50 --> Helper loaded: url_helper
INFO - 2020-03-05 17:12:50 --> Helper loaded: file_helper
INFO - 2020-03-05 17:12:50 --> Helper loaded: string_helper
INFO - 2020-03-05 17:12:50 --> Database Driver Class Initialized
INFO - 2020-03-05 17:12:50 --> Email Class Initialized
DEBUG - 2020-03-05 17:12:50 --> Session: "sess_save_path" is empty; using "session.save_path" value from php.ini.
INFO - 2020-03-05 17:12:50 --> Session: Class initialized using 'files' driver.
INFO - 2020-03-05 17:12:50 --> Controller Class Initialized
INFO - 2020-03-05 17:12:50 --> Model "M_auth" initialized
INFO - 2020-03-05 17:12:50 --> Helper loaded: form_helper
INFO - 2020-03-05 17:12:50 --> Form Validation Class Initialized
INFO - 2020-03-05 17:13:28 --> Config Class Initialized
INFO - 2020-03-05 17:13:28 --> Hooks Class Initialized
DEBUG - 2020-03-05 17:13:28 --> UTF-8 Support Enabled
INFO - 2020-03-05 17:13:28 --> Utf8 Class Initialized
INFO - 2020-03-05 17:13:28 --> URI Class Initialized
INFO - 2020-03-05 17:13:28 --> Router Class Initialized
INFO - 2020-03-05 17:13:28 --> Output Class Initialized
INFO - 2020-03-05 17:13:28 --> Security Class Initialized
DEBUG - 2020-03-05 17:13:28 --> Global POST, GET and COOKIE data sanitized
INFO - 2020-03-05 17:13:28 --> Input Class Initialized
INFO - 2020-03-05 17:13:28 --> Language Class Initialized
INFO - 2020-03-05 17:13:28 --> Loader Class Initialized
INFO - 2020-03-05 17:13:28 --> Helper loaded: url_helper
INFO - 2020-03-05 17:13:28 --> Helper loaded: file_helper
INFO - 2020-03-05 17:13:28 --> Helper loaded: string_helper
INFO - 2020-03-05 17:13:28 --> Database Driver Class Initialized
INFO - 2020-03-05 17:13:28 --> Email Class Initialized
DEBUG - 2020-03-05 17:13:28 --> Session: "sess_save_path" is empty; using "session.save_path" value from php.ini.
INFO - 2020-03-05 17:13:28 --> Session: Class initialized using 'files' driver.
INFO - 2020-03-05 17:13:28 --> Controller Class Initialized
INFO - 2020-03-05 17:13:28 --> Model "M_auth" initialized
INFO - 2020-03-05 17:13:28 --> Helper loaded: form_helper
INFO - 2020-03-05 17:13:28 --> Form Validation Class Initialized
INFO - 2020-03-05 17:16:56 --> Config Class Initialized
INFO - 2020-03-05 17:16:56 --> Hooks Class Initialized
DEBUG - 2020-03-05 17:16:56 --> UTF-8 Support Enabled
INFO - 2020-03-05 17:16:56 --> Utf8 Class Initialized
INFO - 2020-03-05 17:16:56 --> URI Class Initialized
INFO - 2020-03-05 17:16:56 --> Router Class Initialized
INFO - 2020-03-05 17:16:56 --> Output Class Initialized
INFO - 2020-03-05 17:16:56 --> Security Class Initialized
DEBUG - 2020-03-05 17:16:56 --> Global POST, GET and COOKIE data sanitized
INFO - 2020-03-05 17:16:56 --> Input Class Initialized
INFO - 2020-03-05 17:16:56 --> Language Class Initialized
INFO - 2020-03-05 17:16:56 --> Loader Class Initialized
INFO - 2020-03-05 17:16:56 --> Helper loaded: url_helper
INFO - 2020-03-05 17:16:56 --> Helper loaded: file_helper
INFO - 2020-03-05 17:16:56 --> Helper loaded: string_helper
INFO - 2020-03-05 17:16:56 --> Database Driver Class Initialized
INFO - 2020-03-05 17:16:56 --> Email Class Initialized
DEBUG - 2020-03-05 17:16:56 --> Session: "sess_save_path" is empty; using "session.save_path" value from php.ini.
INFO - 2020-03-05 17:16:56 --> Session: Class initialized using 'files' driver.
INFO - 2020-03-05 17:16:56 --> Controller Class Initialized
INFO - 2020-03-05 17:16:56 --> Model "M_auth" initialized
INFO - 2020-03-05 17:16:56 --> Helper loaded: form_helper
INFO - 2020-03-05 17:16:56 --> Form Validation Class Initialized
ERROR - 2020-03-05 17:16:56 --> Severity: Notice --> Undefined variable: insert C:\xampp\htdocs\scholarship\industry\controllers\Auth.php 269
ERROR - 2020-03-05 17:16:56 --> Severity: Notice --> Undefined variable: insert C:\xampp\htdocs\scholarship\industry\controllers\Auth.php 270
DEBUG - 2020-03-05 17:16:56 --> Config file loaded: C:\xampp\htdocs\scholarship\industry\config/email.php
DEBUG - 2020-03-05 17:16:56 --> Email class already loaded. Second attempt ignored.
INFO - 2020-03-05 17:16:56 --> File loaded: C:\xampp\htdocs\scholarship\industry\views\mail/suspic.php
INFO - 2020-03-05 17:17:06 --> Config Class Initialized
INFO - 2020-03-05 17:17:06 --> Hooks Class Initialized
DEBUG - 2020-03-05 17:17:06 --> UTF-8 Support Enabled
INFO - 2020-03-05 17:17:06 --> Utf8 Class Initialized
INFO - 2020-03-05 17:17:06 --> URI Class Initialized
INFO - 2020-03-05 17:17:07 --> Router Class Initialized
INFO - 2020-03-05 17:17:07 --> Output Class Initialized
INFO - 2020-03-05 17:17:07 --> Security Class Initialized
DEBUG - 2020-03-05 17:17:07 --> Global POST, GET and COOKIE data sanitized
INFO - 2020-03-05 17:17:07 --> Input Class Initialized
INFO - 2020-03-05 17:17:07 --> Language Class Initialized
INFO - 2020-03-05 17:17:07 --> Loader Class Initialized
INFO - 2020-03-05 17:17:07 --> Helper loaded: url_helper
INFO - 2020-03-05 17:17:07 --> Helper loaded: file_helper
INFO - 2020-03-05 17:17:07 --> Helper loaded: string_helper
INFO - 2020-03-05 17:17:07 --> Database Driver Class Initialized
INFO - 2020-03-05 17:17:07 --> Email Class Initialized
DEBUG - 2020-03-05 17:17:07 --> Session: "sess_save_path" is empty; using "session.save_path" value from php.ini.
INFO - 2020-03-05 17:17:07 --> Session: Class initialized using 'files' driver.
INFO - 2020-03-05 17:17:07 --> Controller Class Initialized
INFO - 2020-03-05 17:17:07 --> Model "M_auth" initialized
INFO - 2020-03-05 17:17:07 --> Helper loaded: form_helper
INFO - 2020-03-05 17:17:07 --> Form Validation Class Initialized
DEBUG - 2020-03-05 17:17:07 --> Config file loaded: C:\xampp\htdocs\scholarship\industry\config/email.php
DEBUG - 2020-03-05 17:17:07 --> Email class already loaded. Second attempt ignored.
ERROR - 2020-03-05 17:17:07 --> Severity: Notice --> Undefined variable: data C:\xampp\htdocs\scholarship\industry\controllers\Auth.php 273
ERROR - 2020-03-05 17:17:07 --> Severity: Notice --> Undefined variable: regid C:\xampp\htdocs\scholarship\industry\views\mail\suspic.php 865
INFO - 2020-03-05 17:17:07 --> File loaded: C:\xampp\htdocs\scholarship\industry\views\mail/suspic.php
INFO - 2020-03-05 17:19:35 --> Config Class Initialized
INFO - 2020-03-05 17:19:35 --> Hooks Class Initialized
DEBUG - 2020-03-05 17:19:35 --> UTF-8 Support Enabled
INFO - 2020-03-05 17:19:35 --> Utf8 Class Initialized
INFO - 2020-03-05 17:19:35 --> URI Class Initialized
INFO - 2020-03-05 17:19:35 --> Router Class Initialized
INFO - 2020-03-05 17:19:35 --> Output Class Initialized
INFO - 2020-03-05 17:19:35 --> Security Class Initialized
DEBUG - 2020-03-05 17:19:35 --> Global POST, GET and COOKIE data sanitized
INFO - 2020-03-05 17:19:35 --> Input Class Initialized
INFO - 2020-03-05 17:19:35 --> Language Class Initialized
INFO - 2020-03-05 17:19:35 --> Loader Class Initialized
INFO - 2020-03-05 17:19:35 --> Helper loaded: url_helper
INFO - 2020-03-05 17:19:35 --> Helper loaded: file_helper
INFO - 2020-03-05 17:19:35 --> Helper loaded: string_helper
INFO - 2020-03-05 17:19:35 --> Database Driver Class Initialized
INFO - 2020-03-05 17:19:35 --> Email Class Initialized
DEBUG - 2020-03-05 17:19:35 --> Session: "sess_save_path" is empty; using "session.save_path" value from php.ini.
INFO - 2020-03-05 17:19:35 --> Session: Class initialized using 'files' driver.
INFO - 2020-03-05 17:19:35 --> Controller Class Initialized
INFO - 2020-03-05 17:19:35 --> Model "M_auth" initialized
INFO - 2020-03-05 17:19:35 --> Helper loaded: form_helper
INFO - 2020-03-05 17:19:35 --> Form Validation Class Initialized
ERROR - 2020-03-05 17:19:35 --> Severity: Notice --> Undefined variable: mai C:\xampp\htdocs\scholarship\industry\controllers\Auth.php 270
DEBUG - 2020-03-05 17:19:35 --> Config file loaded: C:\xampp\htdocs\scholarship\industry\config/email.php
DEBUG - 2020-03-05 17:19:35 --> Email class already loaded. Second attempt ignored.
ERROR - 2020-03-05 17:19:35 --> Severity: Notice --> Undefined variable: regid C:\xampp\htdocs\scholarship\industry\views\mail\suspic.php 861
INFO - 2020-03-05 17:19:35 --> File loaded: C:\xampp\htdocs\scholarship\industry\views\mail/suspic.php
INFO - 2020-03-05 17:19:49 --> Config Class Initialized
INFO - 2020-03-05 17:19:49 --> Hooks Class Initialized
DEBUG - 2020-03-05 17:19:49 --> UTF-8 Support Enabled
INFO - 2020-03-05 17:19:49 --> Utf8 Class Initialized
INFO - 2020-03-05 17:19:49 --> URI Class Initialized
INFO - 2020-03-05 17:19:49 --> Router Class Initialized
INFO - 2020-03-05 17:19:49 --> Output Class Initialized
INFO - 2020-03-05 17:19:49 --> Security Class Initialized
DEBUG - 2020-03-05 17:19:49 --> Global POST, GET and COOKIE data sanitized
INFO - 2020-03-05 17:19:49 --> Input Class Initialized
INFO - 2020-03-05 17:19:49 --> Language Class Initialized
INFO - 2020-03-05 17:19:49 --> Loader Class Initialized
INFO - 2020-03-05 17:19:49 --> Helper loaded: url_helper
INFO - 2020-03-05 17:19:49 --> Helper loaded: file_helper
INFO - 2020-03-05 17:19:49 --> Helper loaded: string_helper
INFO - 2020-03-05 17:19:49 --> Database Driver Class Initialized
INFO - 2020-03-05 17:19:49 --> Email Class Initialized
DEBUG - 2020-03-05 17:19:49 --> Session: "sess_save_path" is empty; using "session.save_path" value from php.ini.
INFO - 2020-03-05 17:19:49 --> Session: Class initialized using 'files' driver.
INFO - 2020-03-05 17:19:49 --> Controller Class Initialized
INFO - 2020-03-05 17:19:49 --> Model "M_auth" initialized
INFO - 2020-03-05 17:19:49 --> Helper loaded: form_helper
INFO - 2020-03-05 17:19:49 --> Form Validation Class Initialized
ERROR - 2020-03-05 17:19:49 --> Severity: Notice --> Undefined variable: mai C:\xampp\htdocs\scholarship\industry\controllers\Auth.php 270
DEBUG - 2020-03-05 17:19:49 --> Config file loaded: C:\xampp\htdocs\scholarship\industry\config/email.php
DEBUG - 2020-03-05 17:19:49 --> Email class already loaded. Second attempt ignored.
INFO - 2020-03-05 17:19:49 --> File loaded: C:\xampp\htdocs\scholarship\industry\views\mail/suspic.php
INFO - 2020-03-05 17:19:57 --> Config Class Initialized
INFO - 2020-03-05 17:19:57 --> Hooks Class Initialized
DEBUG - 2020-03-05 17:19:57 --> UTF-8 Support Enabled
INFO - 2020-03-05 17:19:57 --> Utf8 Class Initialized
INFO - 2020-03-05 17:19:57 --> URI Class Initialized
INFO - 2020-03-05 17:19:57 --> Router Class Initialized
INFO - 2020-03-05 17:19:57 --> Output Class Initialized
INFO - 2020-03-05 17:19:57 --> Security Class Initialized
DEBUG - 2020-03-05 17:19:57 --> Global POST, GET and COOKIE data sanitized
INFO - 2020-03-05 17:19:57 --> Input Class Initialized
INFO - 2020-03-05 17:19:57 --> Language Class Initialized
INFO - 2020-03-05 17:19:57 --> Loader Class Initialized
INFO - 2020-03-05 17:19:57 --> Helper loaded: url_helper
INFO - 2020-03-05 17:19:57 --> Helper loaded: file_helper
INFO - 2020-03-05 17:19:57 --> Helper loaded: string_helper
INFO - 2020-03-05 17:19:57 --> Database Driver Class Initialized
INFO - 2020-03-05 17:19:57 --> Email Class Initialized
DEBUG - 2020-03-05 17:19:57 --> Session: "sess_save_path" is empty; using "session.save_path" value from php.ini.
INFO - 2020-03-05 17:19:57 --> Session: Class initialized using 'files' driver.
INFO - 2020-03-05 17:19:57 --> Controller Class Initialized
INFO - 2020-03-05 17:19:57 --> Model "M_auth" initialized
INFO - 2020-03-05 17:19:57 --> Helper loaded: form_helper
INFO - 2020-03-05 17:19:57 --> Form Validation Class Initialized
ERROR - 2020-03-05 17:19:57 --> Severity: Notice --> Undefined variable: mai C:\xampp\htdocs\scholarship\industry\controllers\Auth.php 270
DEBUG - 2020-03-05 17:19:57 --> Config file loaded: C:\xampp\htdocs\scholarship\industry\config/email.php
DEBUG - 2020-03-05 17:19:57 --> Email class already loaded. Second attempt ignored.
INFO - 2020-03-05 17:19:57 --> File loaded: C:\xampp\htdocs\scholarship\industry\views\mail/suspic.php
INFO - 2020-03-05 17:20:43 --> Config Class Initialized
INFO - 2020-03-05 17:20:43 --> Hooks Class Initialized
DEBUG - 2020-03-05 17:20:43 --> UTF-8 Support Enabled
INFO - 2020-03-05 17:20:43 --> Utf8 Class Initialized
INFO - 2020-03-05 17:20:43 --> URI Class Initialized
INFO - 2020-03-05 17:20:43 --> Router Class Initialized
INFO - 2020-03-05 17:20:43 --> Output Class Initialized
INFO - 2020-03-05 17:20:43 --> Security Class Initialized
DEBUG - 2020-03-05 17:20:43 --> Global POST, GET and COOKIE data sanitized
INFO - 2020-03-05 17:20:43 --> Input Class Initialized
INFO - 2020-03-05 17:20:43 --> Language Class Initialized
INFO - 2020-03-05 17:20:43 --> Loader Class Initialized
INFO - 2020-03-05 17:20:43 --> Helper loaded: url_helper
INFO - 2020-03-05 17:20:43 --> Helper loaded: file_helper
INFO - 2020-03-05 17:20:43 --> Helper loaded: string_helper
INFO - 2020-03-05 17:20:43 --> Database Driver Class Initialized
INFO - 2020-03-05 17:20:43 --> Email Class Initialized
DEBUG - 2020-03-05 17:20:43 --> Session: "sess_save_path" is empty; using "session.save_path" value from php.ini.
INFO - 2020-03-05 17:20:43 --> Session: Class initialized using 'files' driver.
INFO - 2020-03-05 17:20:43 --> Controller Class Initialized
INFO - 2020-03-05 17:20:43 --> Model "M_auth" initialized
INFO - 2020-03-05 17:20:43 --> Helper loaded: form_helper
INFO - 2020-03-05 17:20:43 --> Form Validation Class Initialized
ERROR - 2020-03-05 17:20:43 --> Severity: Notice --> Undefined variable: mai C:\xampp\htdocs\scholarship\industry\controllers\Auth.php 270
DEBUG - 2020-03-05 17:20:43 --> Config file loaded: C:\xampp\htdocs\scholarship\industry\config/email.php
DEBUG - 2020-03-05 17:20:43 --> Email class already loaded. Second attempt ignored.
INFO - 2020-03-05 17:20:43 --> File loaded: C:\xampp\htdocs\scholarship\industry\views\mail/suspic.php
INFO - 2020-03-05 17:21:17 --> Config Class Initialized
INFO - 2020-03-05 17:21:17 --> Hooks Class Initialized
DEBUG - 2020-03-05 17:21:17 --> UTF-8 Support Enabled
INFO - 2020-03-05 17:21:17 --> Utf8 Class Initialized
INFO - 2020-03-05 17:21:17 --> URI Class Initialized
INFO - 2020-03-05 17:21:17 --> Router Class Initialized
INFO - 2020-03-05 17:21:17 --> Output Class Initialized
INFO - 2020-03-05 17:21:17 --> Security Class Initialized
DEBUG - 2020-03-05 17:21:17 --> Global POST, GET and COOKIE data sanitized
INFO - 2020-03-05 17:21:17 --> Input Class Initialized
INFO - 2020-03-05 17:21:17 --> Language Class Initialized
INFO - 2020-03-05 17:21:17 --> Loader Class Initialized
INFO - 2020-03-05 17:21:17 --> Helper loaded: url_helper
INFO - 2020-03-05 17:21:17 --> Helper loaded: file_helper
INFO - 2020-03-05 17:21:17 --> Helper loaded: string_helper
INFO - 2020-03-05 17:21:17 --> Database Driver Class Initialized
INFO - 2020-03-05 17:21:17 --> Email Class Initialized
DEBUG - 2020-03-05 17:21:17 --> Session: "sess_save_path" is empty; using "session.save_path" value from php.ini.
INFO - 2020-03-05 17:21:17 --> Session: Class initialized using 'files' driver.
INFO - 2020-03-05 17:21:17 --> Controller Class Initialized
INFO - 2020-03-05 17:21:17 --> Model "M_auth" initialized
INFO - 2020-03-05 17:21:17 --> Helper loaded: form_helper
INFO - 2020-03-05 17:21:17 --> Form Validation Class Initialized
ERROR - 2020-03-05 17:21:17 --> Severity: Notice --> Undefined variable: mai C:\xampp\htdocs\scholarship\industry\controllers\Auth.php 270
DEBUG - 2020-03-05 17:21:17 --> Config file loaded: C:\xampp\htdocs\scholarship\industry\config/email.php
DEBUG - 2020-03-05 17:21:17 --> Email class already loaded. Second attempt ignored.
INFO - 2020-03-05 17:21:17 --> File loaded: C:\xampp\htdocs\scholarship\industry\views\mail/suspic.php
INFO - 2020-03-05 17:22:05 --> Config Class Initialized
INFO - 2020-03-05 17:22:05 --> Hooks Class Initialized
DEBUG - 2020-03-05 17:22:05 --> UTF-8 Support Enabled
INFO - 2020-03-05 17:22:05 --> Utf8 Class Initialized
INFO - 2020-03-05 17:22:05 --> URI Class Initialized
INFO - 2020-03-05 17:22:05 --> Router Class Initialized
INFO - 2020-03-05 17:22:05 --> Output Class Initialized
INFO - 2020-03-05 17:22:05 --> Security Class Initialized
DEBUG - 2020-03-05 17:22:05 --> Global POST, GET and COOKIE data sanitized
INFO - 2020-03-05 17:22:05 --> Input Class Initialized
INFO - 2020-03-05 17:22:05 --> Language Class Initialized
INFO - 2020-03-05 17:22:05 --> Loader Class Initialized
INFO - 2020-03-05 17:22:05 --> Helper loaded: url_helper
INFO - 2020-03-05 17:22:05 --> Helper loaded: file_helper
INFO - 2020-03-05 17:22:05 --> Helper loaded: string_helper
INFO - 2020-03-05 17:22:05 --> Database Driver Class Initialized
INFO - 2020-03-05 17:22:05 --> Email Class Initialized
DEBUG - 2020-03-05 17:22:05 --> Session: "sess_save_path" is empty; using "session.save_path" value from php.ini.
INFO - 2020-03-05 17:22:05 --> Session: Class initialized using 'files' driver.
INFO - 2020-03-05 17:22:05 --> Controller Class Initialized
INFO - 2020-03-05 17:22:05 --> Model "M_auth" initialized
INFO - 2020-03-05 17:22:05 --> Helper loaded: form_helper
INFO - 2020-03-05 17:22:05 --> Form Validation Class Initialized
DEBUG - 2020-03-05 17:22:05 --> Config file loaded: C:\xampp\htdocs\scholarship\industry\config/email.php
DEBUG - 2020-03-05 17:22:05 --> Email class already loaded. Second attempt ignored.
INFO - 2020-03-05 17:22:05 --> File loaded: C:\xampp\htdocs\scholarship\industry\views\mail/suspic.php
INFO - 2020-03-05 17:24:08 --> Config Class Initialized
INFO - 2020-03-05 17:24:08 --> Hooks Class Initialized
DEBUG - 2020-03-05 17:24:08 --> UTF-8 Support Enabled
INFO - 2020-03-05 17:24:08 --> Utf8 Class Initialized
INFO - 2020-03-05 17:24:08 --> URI Class Initialized
INFO - 2020-03-05 17:24:08 --> Router Class Initialized
INFO - 2020-03-05 17:24:08 --> Output Class Initialized
INFO - 2020-03-05 17:24:08 --> Security Class Initialized
DEBUG - 2020-03-05 17:24:08 --> Global POST, GET and COOKIE data sanitized
INFO - 2020-03-05 17:24:08 --> Input Class Initialized
INFO - 2020-03-05 17:24:08 --> Language Class Initialized
INFO - 2020-03-05 17:24:08 --> Loader Class Initialized
INFO - 2020-03-05 17:24:08 --> Helper loaded: url_helper
INFO - 2020-03-05 17:24:08 --> Helper loaded: file_helper
INFO - 2020-03-05 17:24:08 --> Helper loaded: string_helper
INFO - 2020-03-05 17:24:08 --> Database Driver Class Initialized
INFO - 2020-03-05 17:24:08 --> Email Class Initialized
DEBUG - 2020-03-05 17:24:08 --> Session: "sess_save_path" is empty; using "session.save_path" value from php.ini.
INFO - 2020-03-05 17:24:08 --> Session: Class initialized using 'files' driver.
INFO - 2020-03-05 17:24:08 --> Controller Class Initialized
INFO - 2020-03-05 17:24:08 --> Model "M_auth" initialized
INFO - 2020-03-05 17:24:08 --> Helper loaded: form_helper
INFO - 2020-03-05 17:24:08 --> Form Validation Class Initialized
DEBUG - 2020-03-05 17:24:08 --> Config file loaded: C:\xampp\htdocs\scholarship\industry\config/email.php
DEBUG - 2020-03-05 17:24:08 --> Email class already loaded. Second attempt ignored.
INFO - 2020-03-05 17:24:08 --> File loaded: C:\xampp\htdocs\scholarship\industry\views\mail/suspic.php
INFO - 2020-03-05 17:24:10 --> Language file loaded: language/english/email_lang.php
DEBUG - 2020-03-05 17:24:13 --> Email class already loaded. Second attempt ignored.
INFO - 2020-03-05 17:24:13 --> File loaded: C:\xampp\htdocs\scholarship\industry\views\mail/suspic.php
DEBUG - 2020-03-05 17:24:16 --> Email class already loaded. Second attempt ignored.
INFO - 2020-03-05 17:24:16 --> File loaded: C:\xampp\htdocs\scholarship\industry\views\mail/suspic.php
INFO - 2020-03-05 17:24:20 --> Upload Class Initialized
INFO - 2020-03-05 17:24:20 --> Language file loaded: language/english/upload_lang.php
DEBUG - 2020-03-05 17:24:20 --> The filetype you are attempting to upload is not allowed.
INFO - 2020-03-05 17:24:20 --> Config Class Initialized
INFO - 2020-03-05 17:24:20 --> Hooks Class Initialized
DEBUG - 2020-03-05 17:24:20 --> UTF-8 Support Enabled
INFO - 2020-03-05 17:24:20 --> Utf8 Class Initialized
INFO - 2020-03-05 17:24:20 --> URI Class Initialized
INFO - 2020-03-05 17:24:20 --> Router Class Initialized
INFO - 2020-03-05 17:24:20 --> Output Class Initialized
INFO - 2020-03-05 17:24:20 --> Security Class Initialized
DEBUG - 2020-03-05 17:24:20 --> Global POST, GET and COOKIE data sanitized
INFO - 2020-03-05 17:24:20 --> Input Class Initialized
INFO - 2020-03-05 17:24:20 --> Language Class Initialized
INFO - 2020-03-05 17:24:20 --> Loader Class Initialized
INFO - 2020-03-05 17:24:20 --> Helper loaded: url_helper
INFO - 2020-03-05 17:24:20 --> Helper loaded: file_helper
INFO - 2020-03-05 17:24:20 --> Helper loaded: string_helper
INFO - 2020-03-05 17:24:20 --> Database Driver Class Initialized
INFO - 2020-03-05 17:24:20 --> Email Class Initialized
DEBUG - 2020-03-05 17:24:20 --> Session: "sess_save_path" is empty; using "session.save_path" value from php.ini.
INFO - 2020-03-05 17:24:20 --> Session: Class initialized using 'files' driver.
INFO - 2020-03-05 17:24:20 --> Controller Class Initialized
INFO - 2020-03-05 17:24:20 --> Model "M_auth" initialized
INFO - 2020-03-05 17:24:20 --> Helper loaded: form_helper
INFO - 2020-03-05 17:24:20 --> Form Validation Class Initialized
INFO - 2020-03-05 17:24:20 --> File loaded: C:\xampp\htdocs\scholarship\industry\views\include/header.php
INFO - 2020-03-05 17:24:20 --> File loaded: C:\xampp\htdocs\scholarship\industry\views\include/footer.php
INFO - 2020-03-05 17:24:20 --> File loaded: C:\xampp\htdocs\scholarship\industry\views\include/msg.php
INFO - 2020-03-05 17:24:20 --> File loaded: C:\xampp\htdocs\scholarship\industry\views\auth/register.php
INFO - 2020-03-05 17:24:20 --> Final output sent to browser
DEBUG - 2020-03-05 17:24:20 --> Total execution time: 0.1706
