INFO - 2020-08-26 15:55:27 --> Config Class Initialized
INFO - 2020-08-26 15:55:27 --> Hooks Class Initialized
DEBUG - 2020-08-26 15:55:27 --> UTF-8 Support Enabled
INFO - 2020-08-26 15:55:27 --> Utf8 Class Initialized
INFO - 2020-08-26 15:55:27 --> URI Class Initialized
INFO - 2020-08-26 15:55:27 --> Router Class Initialized
INFO - 2020-08-26 15:55:27 --> Output Class Initialized
INFO - 2020-08-26 15:55:27 --> Security Class Initialized
DEBUG - 2020-08-26 15:55:28 --> Global POST, GET and COOKIE data sanitized
INFO - 2020-08-26 15:55:28 --> CSRF cookie sent
INFO - 2020-08-26 15:55:28 --> Input Class Initialized
INFO - 2020-08-26 15:55:28 --> Language Class Initialized
INFO - 2020-08-26 15:55:28 --> Loader Class Initialized
INFO - 2020-08-26 15:55:28 --> Helper loaded: url_helper
INFO - 2020-08-26 15:55:28 --> Helper loaded: file_helper
INFO - 2020-08-26 15:55:28 --> Helper loaded: string_helper
INFO - 2020-08-26 15:55:28 --> Database Driver Class Initialized
INFO - 2020-08-26 15:55:28 --> Email Class Initialized
DEBUG - 2020-08-26 15:55:28 --> Session: "sess_save_path" is empty; using "session.save_path" value from php.ini.
INFO - 2020-08-26 15:55:28 --> Session: Class initialized using 'files' driver.
INFO - 2020-08-26 15:55:28 --> Controller Class Initialized
INFO - 2020-08-26 15:55:28 --> Model "M_auth" initialized
INFO - 2020-08-26 15:55:28 --> Helper loaded: form_helper
INFO - 2020-08-26 15:55:28 --> Form Validation Class Initialized
DEBUG - 2020-08-26 15:55:28 --> Sc_check class already loaded. Second attempt ignored.
INFO - 2020-08-26 15:55:28 --> Helper loaded: captcha_helper
INFO - 2020-08-26 15:55:28 --> File loaded: C:\xampp\htdocs\scholarship\industry\views\include/header.php
INFO - 2020-08-26 15:55:28 --> File loaded: C:\xampp\htdocs\scholarship\industry\views\include/footer.php
INFO - 2020-08-26 15:55:28 --> File loaded: C:\xampp\htdocs\scholarship\industry\views\include/msg.php
INFO - 2020-08-26 15:55:28 --> File loaded: C:\xampp\htdocs\scholarship\industry\views\auth/login.php
INFO - 2020-08-26 15:55:28 --> Final output sent to browser
DEBUG - 2020-08-26 15:55:28 --> Total execution time: 0.9444
INFO - 2020-08-26 15:55:34 --> Config Class Initialized
INFO - 2020-08-26 15:55:34 --> Hooks Class Initialized
DEBUG - 2020-08-26 15:55:34 --> UTF-8 Support Enabled
INFO - 2020-08-26 15:55:34 --> Utf8 Class Initialized
INFO - 2020-08-26 15:55:34 --> URI Class Initialized
INFO - 2020-08-26 15:55:34 --> Router Class Initialized
INFO - 2020-08-26 15:55:35 --> Output Class Initialized
INFO - 2020-08-26 15:55:35 --> Security Class Initialized
DEBUG - 2020-08-26 15:55:35 --> Global POST, GET and COOKIE data sanitized
INFO - 2020-08-26 15:55:35 --> CSRF cookie sent
INFO - 2020-08-26 15:55:35 --> Input Class Initialized
INFO - 2020-08-26 15:55:35 --> Language Class Initialized
INFO - 2020-08-26 15:55:35 --> Loader Class Initialized
INFO - 2020-08-26 15:55:35 --> Helper loaded: url_helper
INFO - 2020-08-26 15:55:35 --> Helper loaded: file_helper
INFO - 2020-08-26 15:55:35 --> Helper loaded: string_helper
INFO - 2020-08-26 15:55:35 --> Database Driver Class Initialized
INFO - 2020-08-26 15:55:35 --> Email Class Initialized
DEBUG - 2020-08-26 15:55:35 --> Session: "sess_save_path" is empty; using "session.save_path" value from php.ini.
INFO - 2020-08-26 15:55:35 --> Session: Class initialized using 'files' driver.
INFO - 2020-08-26 15:55:35 --> Controller Class Initialized
INFO - 2020-08-26 15:55:35 --> Model "M_auth" initialized
INFO - 2020-08-26 15:55:35 --> Helper loaded: form_helper
INFO - 2020-08-26 15:55:35 --> Form Validation Class Initialized
DEBUG - 2020-08-26 15:55:35 --> Sc_check class already loaded. Second attempt ignored.
INFO - 2020-08-26 15:55:35 --> Helper loaded: captcha_helper
INFO - 2020-08-26 15:55:35 --> File loaded: C:\xampp\htdocs\scholarship\industry\views\include/header.php
INFO - 2020-08-26 15:55:35 --> File loaded: C:\xampp\htdocs\scholarship\industry\views\include/footer.php
INFO - 2020-08-26 15:55:35 --> File loaded: C:\xampp\htdocs\scholarship\industry\views\include/msg.php
INFO - 2020-08-26 15:55:35 --> File loaded: C:\xampp\htdocs\scholarship\industry\views\auth/register.php
INFO - 2020-08-26 15:55:35 --> Final output sent to browser
DEBUG - 2020-08-26 15:55:35 --> Total execution time: 0.4327
