INFO - 2020-08-29 12:46:15 --> Config Class Initialized
INFO - 2020-08-29 12:46:15 --> Hooks Class Initialized
DEBUG - 2020-08-29 12:46:15 --> UTF-8 Support Enabled
INFO - 2020-08-29 12:46:15 --> Utf8 Class Initialized
INFO - 2020-08-29 12:46:15 --> URI Class Initialized
INFO - 2020-08-29 12:46:16 --> Router Class Initialized
INFO - 2020-08-29 12:46:16 --> Output Class Initialized
INFO - 2020-08-29 12:46:16 --> Security Class Initialized
DEBUG - 2020-08-29 12:46:16 --> Global POST, GET and COOKIE data sanitized
INFO - 2020-08-29 12:46:16 --> CSRF cookie sent
INFO - 2020-08-29 12:46:16 --> Input Class Initialized
INFO - 2020-08-29 12:46:16 --> Language Class Initialized
INFO - 2020-08-29 12:46:16 --> Loader Class Initialized
INFO - 2020-08-29 12:46:16 --> Helper loaded: url_helper
INFO - 2020-08-29 12:46:16 --> Helper loaded: file_helper
INFO - 2020-08-29 12:46:16 --> Helper loaded: string_helper
INFO - 2020-08-29 12:46:16 --> Database Driver Class Initialized
INFO - 2020-08-29 12:46:16 --> Email Class Initialized
DEBUG - 2020-08-29 12:46:16 --> Session: "sess_save_path" is empty; using "session.save_path" value from php.ini.
INFO - 2020-08-29 12:46:17 --> Session: Class initialized using 'files' driver.
INFO - 2020-08-29 12:46:17 --> Controller Class Initialized
INFO - 2020-08-29 12:46:17 --> Model "M_auth" initialized
INFO - 2020-08-29 12:46:17 --> Helper loaded: form_helper
INFO - 2020-08-29 12:46:17 --> Form Validation Class Initialized
DEBUG - 2020-08-29 12:46:17 --> Sc_check class already loaded. Second attempt ignored.
INFO - 2020-08-29 12:46:17 --> Helper loaded: captcha_helper
INFO - 2020-08-29 12:46:17 --> File loaded: C:\xampp\htdocs\scholarship\industry\views\include/header.php
INFO - 2020-08-29 12:46:17 --> File loaded: C:\xampp\htdocs\scholarship\industry\views\include/footer.php
INFO - 2020-08-29 12:46:17 --> File loaded: C:\xampp\htdocs\scholarship\industry\views\include/msg.php
INFO - 2020-08-29 12:46:17 --> File loaded: C:\xampp\htdocs\scholarship\industry\views\auth/login.php
INFO - 2020-08-29 12:46:17 --> Final output sent to browser
DEBUG - 2020-08-29 12:46:17 --> Total execution time: 2.1311
INFO - 2020-08-29 12:46:21 --> Config Class Initialized
INFO - 2020-08-29 12:46:21 --> Hooks Class Initialized
DEBUG - 2020-08-29 12:46:21 --> UTF-8 Support Enabled
INFO - 2020-08-29 12:46:21 --> Utf8 Class Initialized
INFO - 2020-08-29 12:46:21 --> URI Class Initialized
INFO - 2020-08-29 12:46:21 --> Router Class Initialized
INFO - 2020-08-29 12:46:21 --> Output Class Initialized
INFO - 2020-08-29 12:46:21 --> Security Class Initialized
DEBUG - 2020-08-29 12:46:21 --> Global POST, GET and COOKIE data sanitized
INFO - 2020-08-29 12:46:21 --> CSRF cookie sent
INFO - 2020-08-29 12:46:21 --> Input Class Initialized
INFO - 2020-08-29 12:46:21 --> Language Class Initialized
INFO - 2020-08-29 12:46:21 --> Loader Class Initialized
INFO - 2020-08-29 12:46:21 --> Helper loaded: url_helper
INFO - 2020-08-29 12:46:21 --> Helper loaded: file_helper
INFO - 2020-08-29 12:46:21 --> Helper loaded: string_helper
INFO - 2020-08-29 12:46:21 --> Database Driver Class Initialized
INFO - 2020-08-29 12:46:21 --> Email Class Initialized
DEBUG - 2020-08-29 12:46:21 --> Session: "sess_save_path" is empty; using "session.save_path" value from php.ini.
INFO - 2020-08-29 12:46:21 --> Session: Class initialized using 'files' driver.
INFO - 2020-08-29 12:46:21 --> Controller Class Initialized
INFO - 2020-08-29 12:46:21 --> Model "M_auth" initialized
INFO - 2020-08-29 12:46:21 --> Helper loaded: form_helper
INFO - 2020-08-29 12:46:21 --> Form Validation Class Initialized
DEBUG - 2020-08-29 12:46:22 --> Sc_check class already loaded. Second attempt ignored.
INFO - 2020-08-29 12:46:22 --> Helper loaded: captcha_helper
INFO - 2020-08-29 12:46:22 --> File loaded: C:\xampp\htdocs\scholarship\industry\views\include/header.php
INFO - 2020-08-29 12:46:22 --> File loaded: C:\xampp\htdocs\scholarship\industry\views\include/footer.php
INFO - 2020-08-29 12:46:22 --> File loaded: C:\xampp\htdocs\scholarship\industry\views\include/msg.php
INFO - 2020-08-29 12:46:22 --> File loaded: C:\xampp\htdocs\scholarship\industry\views\auth/register.php
INFO - 2020-08-29 12:46:22 --> Final output sent to browser
DEBUG - 2020-08-29 12:46:22 --> Total execution time: 0.6591
INFO - 2020-08-29 12:46:29 --> Config Class Initialized
INFO - 2020-08-29 12:46:29 --> Hooks Class Initialized
DEBUG - 2020-08-29 12:46:29 --> UTF-8 Support Enabled
INFO - 2020-08-29 12:46:29 --> Utf8 Class Initialized
INFO - 2020-08-29 12:46:29 --> URI Class Initialized
INFO - 2020-08-29 12:46:29 --> Router Class Initialized
INFO - 2020-08-29 12:46:29 --> Output Class Initialized
INFO - 2020-08-29 12:46:29 --> Security Class Initialized
DEBUG - 2020-08-29 12:46:29 --> Global POST, GET and COOKIE data sanitized
INFO - 2020-08-29 12:46:29 --> CSRF cookie sent
INFO - 2020-08-29 12:46:29 --> CSRF token verified
INFO - 2020-08-29 12:46:29 --> Input Class Initialized
INFO - 2020-08-29 12:46:29 --> Language Class Initialized
INFO - 2020-08-29 12:46:29 --> Loader Class Initialized
INFO - 2020-08-29 12:46:29 --> Helper loaded: url_helper
INFO - 2020-08-29 12:46:29 --> Helper loaded: file_helper
INFO - 2020-08-29 12:46:29 --> Helper loaded: string_helper
INFO - 2020-08-29 12:46:29 --> Database Driver Class Initialized
INFO - 2020-08-29 12:46:29 --> Email Class Initialized
DEBUG - 2020-08-29 12:46:29 --> Session: "sess_save_path" is empty; using "session.save_path" value from php.ini.
INFO - 2020-08-29 12:46:30 --> Session: Class initialized using 'files' driver.
INFO - 2020-08-29 12:46:30 --> Controller Class Initialized
INFO - 2020-08-29 12:46:30 --> Model "M_auth" initialized
INFO - 2020-08-29 12:46:30 --> Helper loaded: form_helper
INFO - 2020-08-29 12:46:30 --> Form Validation Class Initialized
DEBUG - 2020-08-29 12:46:30 --> Sc_check class already loaded. Second attempt ignored.
INFO - 2020-08-29 12:46:30 --> Helper loaded: captcha_helper
INFO - 2020-08-29 12:46:30 --> Final output sent to browser
DEBUG - 2020-08-29 12:46:30 --> Total execution time: 0.3939
INFO - 2020-08-29 12:46:37 --> Config Class Initialized
INFO - 2020-08-29 12:46:37 --> Hooks Class Initialized
DEBUG - 2020-08-29 12:46:37 --> UTF-8 Support Enabled
INFO - 2020-08-29 12:46:37 --> Utf8 Class Initialized
INFO - 2020-08-29 12:46:37 --> URI Class Initialized
INFO - 2020-08-29 12:46:37 --> Router Class Initialized
INFO - 2020-08-29 12:46:37 --> Output Class Initialized
INFO - 2020-08-29 12:46:37 --> Security Class Initialized
DEBUG - 2020-08-29 12:46:37 --> Global POST, GET and COOKIE data sanitized
INFO - 2020-08-29 12:46:37 --> CSRF cookie sent
INFO - 2020-08-29 12:46:37 --> CSRF token verified
INFO - 2020-08-29 12:46:37 --> Input Class Initialized
INFO - 2020-08-29 12:46:37 --> Language Class Initialized
INFO - 2020-08-29 12:46:37 --> Loader Class Initialized
INFO - 2020-08-29 12:46:37 --> Helper loaded: url_helper
INFO - 2020-08-29 12:46:37 --> Helper loaded: file_helper
INFO - 2020-08-29 12:46:37 --> Helper loaded: string_helper
INFO - 2020-08-29 12:46:37 --> Database Driver Class Initialized
INFO - 2020-08-29 12:46:37 --> Email Class Initialized
DEBUG - 2020-08-29 12:46:37 --> Session: "sess_save_path" is empty; using "session.save_path" value from php.ini.
INFO - 2020-08-29 12:46:37 --> Session: Class initialized using 'files' driver.
INFO - 2020-08-29 12:46:37 --> Controller Class Initialized
INFO - 2020-08-29 12:46:37 --> Model "M_auth" initialized
INFO - 2020-08-29 12:46:37 --> Helper loaded: form_helper
INFO - 2020-08-29 12:46:37 --> Form Validation Class Initialized
DEBUG - 2020-08-29 12:46:37 --> Sc_check class already loaded. Second attempt ignored.
INFO - 2020-08-29 12:46:37 --> Helper loaded: captcha_helper
INFO - 2020-08-29 12:46:38 --> Final output sent to browser
DEBUG - 2020-08-29 12:46:38 --> Total execution time: 0.3635
INFO - 2020-08-29 12:46:38 --> Config Class Initialized
INFO - 2020-08-29 12:46:38 --> Hooks Class Initialized
DEBUG - 2020-08-29 12:46:38 --> UTF-8 Support Enabled
INFO - 2020-08-29 12:46:38 --> Utf8 Class Initialized
INFO - 2020-08-29 12:46:38 --> URI Class Initialized
INFO - 2020-08-29 12:46:38 --> Router Class Initialized
INFO - 2020-08-29 12:46:38 --> Output Class Initialized
INFO - 2020-08-29 12:46:38 --> Security Class Initialized
DEBUG - 2020-08-29 12:46:38 --> Global POST, GET and COOKIE data sanitized
INFO - 2020-08-29 12:46:38 --> CSRF cookie sent
INFO - 2020-08-29 12:46:38 --> CSRF token verified
INFO - 2020-08-29 12:46:38 --> Input Class Initialized
INFO - 2020-08-29 12:46:38 --> Language Class Initialized
INFO - 2020-08-29 12:46:38 --> Loader Class Initialized
INFO - 2020-08-29 12:46:38 --> Helper loaded: url_helper
INFO - 2020-08-29 12:46:38 --> Helper loaded: file_helper
INFO - 2020-08-29 12:46:38 --> Helper loaded: string_helper
INFO - 2020-08-29 12:46:38 --> Database Driver Class Initialized
INFO - 2020-08-29 12:46:38 --> Email Class Initialized
DEBUG - 2020-08-29 12:46:38 --> Session: "sess_save_path" is empty; using "session.save_path" value from php.ini.
INFO - 2020-08-29 12:46:38 --> Session: Class initialized using 'files' driver.
INFO - 2020-08-29 12:46:38 --> Controller Class Initialized
INFO - 2020-08-29 12:46:38 --> Model "M_auth" initialized
INFO - 2020-08-29 12:46:38 --> Helper loaded: form_helper
INFO - 2020-08-29 12:46:38 --> Form Validation Class Initialized
DEBUG - 2020-08-29 12:46:39 --> Sc_check class already loaded. Second attempt ignored.
INFO - 2020-08-29 12:46:39 --> Helper loaded: captcha_helper
INFO - 2020-08-29 12:46:39 --> Final output sent to browser
DEBUG - 2020-08-29 12:46:39 --> Total execution time: 0.2591
INFO - 2020-08-29 12:46:44 --> Config Class Initialized
INFO - 2020-08-29 12:46:44 --> Hooks Class Initialized
DEBUG - 2020-08-29 12:46:44 --> UTF-8 Support Enabled
INFO - 2020-08-29 12:46:44 --> Utf8 Class Initialized
INFO - 2020-08-29 12:46:44 --> URI Class Initialized
INFO - 2020-08-29 12:46:44 --> Router Class Initialized
INFO - 2020-08-29 12:46:44 --> Output Class Initialized
INFO - 2020-08-29 12:46:44 --> Security Class Initialized
DEBUG - 2020-08-29 12:46:44 --> Global POST, GET and COOKIE data sanitized
INFO - 2020-08-29 12:46:44 --> CSRF cookie sent
INFO - 2020-08-29 12:46:44 --> Input Class Initialized
INFO - 2020-08-29 12:46:44 --> Language Class Initialized
INFO - 2020-08-29 12:46:44 --> Loader Class Initialized
INFO - 2020-08-29 12:46:44 --> Helper loaded: url_helper
INFO - 2020-08-29 12:46:44 --> Helper loaded: file_helper
INFO - 2020-08-29 12:46:44 --> Helper loaded: string_helper
INFO - 2020-08-29 12:46:44 --> Database Driver Class Initialized
INFO - 2020-08-29 12:46:44 --> Email Class Initialized
DEBUG - 2020-08-29 12:46:44 --> Session: "sess_save_path" is empty; using "session.save_path" value from php.ini.
INFO - 2020-08-29 12:46:44 --> Session: Class initialized using 'files' driver.
INFO - 2020-08-29 12:46:44 --> Controller Class Initialized
INFO - 2020-08-29 12:46:44 --> Model "M_auth" initialized
INFO - 2020-08-29 12:46:44 --> Helper loaded: form_helper
INFO - 2020-08-29 12:46:44 --> Form Validation Class Initialized
DEBUG - 2020-08-29 12:46:44 --> Sc_check class already loaded. Second attempt ignored.
INFO - 2020-08-29 12:46:44 --> Helper loaded: captcha_helper
INFO - 2020-08-29 12:46:44 --> Config Class Initialized
INFO - 2020-08-29 12:46:44 --> Hooks Class Initialized
DEBUG - 2020-08-29 12:46:44 --> UTF-8 Support Enabled
INFO - 2020-08-29 12:46:44 --> Utf8 Class Initialized
INFO - 2020-08-29 12:46:44 --> Final output sent to browser
INFO - 2020-08-29 12:46:44 --> URI Class Initialized
INFO - 2020-08-29 12:46:44 --> Router Class Initialized
INFO - 2020-08-29 12:46:44 --> Output Class Initialized
DEBUG - 2020-08-29 12:46:44 --> Total execution time: 0.3922
INFO - 2020-08-29 12:46:44 --> Security Class Initialized
DEBUG - 2020-08-29 12:46:44 --> Global POST, GET and COOKIE data sanitized
INFO - 2020-08-29 12:46:44 --> CSRF cookie sent
INFO - 2020-08-29 12:46:44 --> Input Class Initialized
INFO - 2020-08-29 12:46:44 --> Language Class Initialized
INFO - 2020-08-29 12:46:44 --> Loader Class Initialized
INFO - 2020-08-29 12:46:44 --> Helper loaded: url_helper
INFO - 2020-08-29 12:46:44 --> Helper loaded: file_helper
INFO - 2020-08-29 12:46:44 --> Helper loaded: string_helper
INFO - 2020-08-29 12:46:44 --> Database Driver Class Initialized
INFO - 2020-08-29 12:46:44 --> Email Class Initialized
DEBUG - 2020-08-29 12:46:44 --> Session: "sess_save_path" is empty; using "session.save_path" value from php.ini.
INFO - 2020-08-29 12:46:44 --> Session: Class initialized using 'files' driver.
INFO - 2020-08-29 12:46:44 --> Controller Class Initialized
INFO - 2020-08-29 12:46:44 --> Model "M_auth" initialized
INFO - 2020-08-29 12:46:44 --> Helper loaded: form_helper
INFO - 2020-08-29 12:46:44 --> Form Validation Class Initialized
DEBUG - 2020-08-29 12:46:44 --> Sc_check class already loaded. Second attempt ignored.
INFO - 2020-08-29 12:46:44 --> Helper loaded: captcha_helper
INFO - 2020-08-29 12:46:44 --> Final output sent to browser
DEBUG - 2020-08-29 12:46:44 --> Total execution time: 0.2397
INFO - 2020-08-29 12:46:47 --> Config Class Initialized
INFO - 2020-08-29 12:46:47 --> Hooks Class Initialized
DEBUG - 2020-08-29 12:46:47 --> UTF-8 Support Enabled
INFO - 2020-08-29 12:46:47 --> Utf8 Class Initialized
INFO - 2020-08-29 12:46:47 --> URI Class Initialized
INFO - 2020-08-29 12:46:47 --> Router Class Initialized
INFO - 2020-08-29 12:46:47 --> Output Class Initialized
INFO - 2020-08-29 12:46:47 --> Security Class Initialized
DEBUG - 2020-08-29 12:46:47 --> Global POST, GET and COOKIE data sanitized
INFO - 2020-08-29 12:46:47 --> CSRF cookie sent
INFO - 2020-08-29 12:46:47 --> CSRF token verified
INFO - 2020-08-29 12:46:47 --> Input Class Initialized
INFO - 2020-08-29 12:46:47 --> Language Class Initialized
INFO - 2020-08-29 12:46:47 --> Loader Class Initialized
INFO - 2020-08-29 12:46:47 --> Helper loaded: url_helper
INFO - 2020-08-29 12:46:47 --> Helper loaded: file_helper
INFO - 2020-08-29 12:46:47 --> Helper loaded: string_helper
INFO - 2020-08-29 12:46:47 --> Database Driver Class Initialized
INFO - 2020-08-29 12:46:47 --> Email Class Initialized
DEBUG - 2020-08-29 12:46:47 --> Session: "sess_save_path" is empty; using "session.save_path" value from php.ini.
INFO - 2020-08-29 12:46:47 --> Session: Class initialized using 'files' driver.
INFO - 2020-08-29 12:46:47 --> Controller Class Initialized
INFO - 2020-08-29 12:46:47 --> Model "M_auth" initialized
INFO - 2020-08-29 12:46:47 --> Helper loaded: form_helper
INFO - 2020-08-29 12:46:47 --> Form Validation Class Initialized
DEBUG - 2020-08-29 12:46:47 --> Sc_check class already loaded. Second attempt ignored.
INFO - 2020-08-29 12:46:47 --> Helper loaded: captcha_helper
INFO - 2020-08-29 12:46:47 --> Final output sent to browser
DEBUG - 2020-08-29 12:46:47 --> Total execution time: 0.3353
INFO - 2020-08-29 12:47:08 --> Config Class Initialized
INFO - 2020-08-29 12:47:08 --> Hooks Class Initialized
DEBUG - 2020-08-29 12:47:08 --> UTF-8 Support Enabled
INFO - 2020-08-29 12:47:08 --> Utf8 Class Initialized
INFO - 2020-08-29 12:47:08 --> URI Class Initialized
INFO - 2020-08-29 12:47:08 --> Router Class Initialized
INFO - 2020-08-29 12:47:08 --> Output Class Initialized
INFO - 2020-08-29 12:47:08 --> Security Class Initialized
DEBUG - 2020-08-29 12:47:08 --> Global POST, GET and COOKIE data sanitized
INFO - 2020-08-29 12:47:08 --> CSRF cookie sent
INFO - 2020-08-29 12:47:08 --> Input Class Initialized
INFO - 2020-08-29 12:47:08 --> Language Class Initialized
INFO - 2020-08-29 12:47:08 --> Loader Class Initialized
INFO - 2020-08-29 12:47:08 --> Helper loaded: url_helper
INFO - 2020-08-29 12:47:08 --> Helper loaded: file_helper
INFO - 2020-08-29 12:47:08 --> Helper loaded: string_helper
INFO - 2020-08-29 12:47:09 --> Database Driver Class Initialized
INFO - 2020-08-29 12:47:09 --> Email Class Initialized
DEBUG - 2020-08-29 12:47:09 --> Session: "sess_save_path" is empty; using "session.save_path" value from php.ini.
INFO - 2020-08-29 12:47:09 --> Session: Class initialized using 'files' driver.
INFO - 2020-08-29 12:47:09 --> Controller Class Initialized
INFO - 2020-08-29 12:47:09 --> Model "M_auth" initialized
INFO - 2020-08-29 12:47:09 --> Helper loaded: form_helper
INFO - 2020-08-29 12:47:09 --> Form Validation Class Initialized
DEBUG - 2020-08-29 12:47:09 --> Sc_check class already loaded. Second attempt ignored.
INFO - 2020-08-29 12:47:09 --> Helper loaded: captcha_helper
INFO - 2020-08-29 12:47:09 --> Final output sent to browser
DEBUG - 2020-08-29 12:47:09 --> Total execution time: 0.3541
INFO - 2020-08-29 12:47:12 --> Config Class Initialized
INFO - 2020-08-29 12:47:12 --> Hooks Class Initialized
DEBUG - 2020-08-29 12:47:12 --> UTF-8 Support Enabled
INFO - 2020-08-29 12:47:12 --> Utf8 Class Initialized
INFO - 2020-08-29 12:47:12 --> URI Class Initialized
INFO - 2020-08-29 12:47:12 --> Router Class Initialized
INFO - 2020-08-29 12:47:12 --> Output Class Initialized
INFO - 2020-08-29 12:47:12 --> Security Class Initialized
DEBUG - 2020-08-29 12:47:12 --> Global POST, GET and COOKIE data sanitized
INFO - 2020-08-29 12:47:12 --> CSRF cookie sent
INFO - 2020-08-29 12:47:12 --> CSRF token verified
INFO - 2020-08-29 12:47:12 --> Input Class Initialized
INFO - 2020-08-29 12:47:13 --> Language Class Initialized
INFO - 2020-08-29 12:47:13 --> Loader Class Initialized
INFO - 2020-08-29 12:47:13 --> Helper loaded: url_helper
INFO - 2020-08-29 12:47:13 --> Helper loaded: file_helper
INFO - 2020-08-29 12:47:13 --> Helper loaded: string_helper
INFO - 2020-08-29 12:47:13 --> Database Driver Class Initialized
INFO - 2020-08-29 12:47:13 --> Email Class Initialized
DEBUG - 2020-08-29 12:47:13 --> Session: "sess_save_path" is empty; using "session.save_path" value from php.ini.
INFO - 2020-08-29 12:47:13 --> Session: Class initialized using 'files' driver.
INFO - 2020-08-29 12:47:13 --> Controller Class Initialized
INFO - 2020-08-29 12:47:13 --> Model "M_auth" initialized
INFO - 2020-08-29 12:47:13 --> Helper loaded: form_helper
INFO - 2020-08-29 12:47:13 --> Form Validation Class Initialized
DEBUG - 2020-08-29 12:47:13 --> Sc_check class already loaded. Second attempt ignored.
INFO - 2020-08-29 12:47:13 --> Helper loaded: captcha_helper
INFO - 2020-08-29 12:47:13 --> Final output sent to browser
DEBUG - 2020-08-29 12:47:13 --> Total execution time: 0.4539
INFO - 2020-08-29 12:47:34 --> Config Class Initialized
INFO - 2020-08-29 12:47:34 --> Hooks Class Initialized
DEBUG - 2020-08-29 12:47:34 --> UTF-8 Support Enabled
INFO - 2020-08-29 12:47:34 --> Utf8 Class Initialized
INFO - 2020-08-29 12:47:34 --> URI Class Initialized
INFO - 2020-08-29 12:47:34 --> Router Class Initialized
INFO - 2020-08-29 12:47:34 --> Output Class Initialized
INFO - 2020-08-29 12:47:34 --> Security Class Initialized
DEBUG - 2020-08-29 12:47:34 --> Global POST, GET and COOKIE data sanitized
INFO - 2020-08-29 12:47:34 --> CSRF cookie sent
INFO - 2020-08-29 12:47:34 --> CSRF token verified
INFO - 2020-08-29 12:47:34 --> Input Class Initialized
INFO - 2020-08-29 12:47:34 --> Language Class Initialized
INFO - 2020-08-29 12:47:34 --> Loader Class Initialized
INFO - 2020-08-29 12:47:34 --> Helper loaded: url_helper
INFO - 2020-08-29 12:47:34 --> Helper loaded: file_helper
INFO - 2020-08-29 12:47:34 --> Helper loaded: string_helper
INFO - 2020-08-29 12:47:34 --> Database Driver Class Initialized
INFO - 2020-08-29 12:47:34 --> Email Class Initialized
DEBUG - 2020-08-29 12:47:34 --> Session: "sess_save_path" is empty; using "session.save_path" value from php.ini.
INFO - 2020-08-29 12:47:34 --> Session: Class initialized using 'files' driver.
INFO - 2020-08-29 12:47:34 --> Controller Class Initialized
INFO - 2020-08-29 12:47:34 --> Model "M_auth" initialized
INFO - 2020-08-29 12:47:34 --> Helper loaded: form_helper
INFO - 2020-08-29 12:47:34 --> Form Validation Class Initialized
DEBUG - 2020-08-29 12:47:34 --> Sc_check class already loaded. Second attempt ignored.
INFO - 2020-08-29 12:47:34 --> Helper loaded: captcha_helper
DEBUG - 2020-08-29 12:47:34 --> Form_validation class already loaded. Second attempt ignored.
INFO - 2020-08-29 12:47:34 --> Language file loaded: language/english/form_validation_lang.php
INFO - 2020-08-29 12:47:34 --> Upload Class Initialized
DEBUG - 2020-08-29 12:47:34 --> Upload class already loaded. Second attempt ignored.
DEBUG - 2020-08-29 12:47:34 --> Upload class already loaded. Second attempt ignored.
DEBUG - 2020-08-29 12:47:35 --> Config file loaded: C:\xampp\htdocs\scholarship\industry\config/email.php
DEBUG - 2020-08-29 12:47:35 --> Email class already loaded. Second attempt ignored.
INFO - 2020-08-29 12:47:35 --> File loaded: C:\xampp\htdocs\scholarship\industry\views\mail/reg-verify.php
INFO - 2020-08-29 12:47:36 --> Language file loaded: language/english/email_lang.php
INFO - 2020-08-29 12:47:40 --> File loaded: C:\xampp\htdocs\scholarship\industry\views\include/header.php
INFO - 2020-08-29 12:47:40 --> File loaded: C:\xampp\htdocs\scholarship\industry\views\include/footer.php
INFO - 2020-08-29 12:47:40 --> File loaded: C:\xampp\htdocs\scholarship\industry\views\auth/reg-thank.php
INFO - 2020-08-29 12:47:40 --> Final output sent to browser
DEBUG - 2020-08-29 12:47:40 --> Total execution time: 6.0281
INFO - 2020-08-29 12:47:40 --> Config Class Initialized
INFO - 2020-08-29 12:47:40 --> Config Class Initialized
INFO - 2020-08-29 12:47:40 --> Hooks Class Initialized
INFO - 2020-08-29 12:47:40 --> Config Class Initialized
INFO - 2020-08-29 12:47:40 --> Hooks Class Initialized
DEBUG - 2020-08-29 12:47:40 --> UTF-8 Support Enabled
DEBUG - 2020-08-29 12:47:40 --> UTF-8 Support Enabled
INFO - 2020-08-29 12:47:40 --> Utf8 Class Initialized
INFO - 2020-08-29 12:47:40 --> Utf8 Class Initialized
INFO - 2020-08-29 12:47:40 --> URI Class Initialized
INFO - 2020-08-29 12:47:40 --> URI Class Initialized
INFO - 2020-08-29 12:47:40 --> Router Class Initialized
INFO - 2020-08-29 12:47:40 --> Router Class Initialized
INFO - 2020-08-29 12:47:40 --> Output Class Initialized
INFO - 2020-08-29 12:47:40 --> Hooks Class Initialized
INFO - 2020-08-29 12:47:40 --> Security Class Initialized
DEBUG - 2020-08-29 12:47:40 --> Global POST, GET and COOKIE data sanitized
INFO - 2020-08-29 12:47:40 --> CSRF cookie sent
DEBUG - 2020-08-29 12:47:40 --> UTF-8 Support Enabled
INFO - 2020-08-29 12:47:40 --> Utf8 Class Initialized
INFO - 2020-08-29 12:47:40 --> URI Class Initialized
INFO - 2020-08-29 12:47:40 --> Router Class Initialized
INFO - 2020-08-29 12:47:40 --> Input Class Initialized
INFO - 2020-08-29 12:47:40 --> Language Class Initialized
INFO - 2020-08-29 12:47:40 --> Output Class Initialized
INFO - 2020-08-29 12:47:40 --> Output Class Initialized
INFO - 2020-08-29 12:47:40 --> Security Class Initialized
INFO - 2020-08-29 12:47:40 --> Security Class Initialized
DEBUG - 2020-08-29 12:47:40 --> Global POST, GET and COOKIE data sanitized
INFO - 2020-08-29 12:47:40 --> CSRF cookie sent
INFO - 2020-08-29 12:47:40 --> Input Class Initialized
DEBUG - 2020-08-29 12:47:40 --> Global POST, GET and COOKIE data sanitized
INFO - 2020-08-29 12:47:40 --> Language Class Initialized
INFO - 2020-08-29 12:47:40 --> CSRF cookie sent
INFO - 2020-08-29 12:47:40 --> Input Class Initialized
INFO - 2020-08-29 12:47:40 --> Language Class Initialized
ERROR - 2020-08-29 12:47:40 --> 404 Page Not Found: Assets/js
ERROR - 2020-08-29 12:47:40 --> 404 Page Not Found: Assets/js
ERROR - 2020-08-29 12:47:40 --> 404 Page Not Found: Assets/css
INFO - 2020-08-29 12:47:40 --> Config Class Initialized
INFO - 2020-08-29 12:47:40 --> Hooks Class Initialized
DEBUG - 2020-08-29 12:47:40 --> UTF-8 Support Enabled
INFO - 2020-08-29 12:47:40 --> Utf8 Class Initialized
INFO - 2020-08-29 12:47:40 --> URI Class Initialized
INFO - 2020-08-29 12:47:40 --> Router Class Initialized
INFO - 2020-08-29 12:47:40 --> Output Class Initialized
INFO - 2020-08-29 12:47:40 --> Security Class Initialized
DEBUG - 2020-08-29 12:47:41 --> Global POST, GET and COOKIE data sanitized
INFO - 2020-08-29 12:47:41 --> CSRF cookie sent
INFO - 2020-08-29 12:47:41 --> Input Class Initialized
INFO - 2020-08-29 12:47:41 --> Language Class Initialized
ERROR - 2020-08-29 12:47:41 --> 404 Page Not Found: Assets/js
INFO - 2020-08-29 12:47:48 --> Config Class Initialized
INFO - 2020-08-29 12:47:48 --> Hooks Class Initialized
DEBUG - 2020-08-29 12:47:48 --> UTF-8 Support Enabled
INFO - 2020-08-29 12:47:48 --> Utf8 Class Initialized
INFO - 2020-08-29 12:47:48 --> URI Class Initialized
INFO - 2020-08-29 12:47:48 --> Router Class Initialized
INFO - 2020-08-29 12:47:48 --> Output Class Initialized
INFO - 2020-08-29 12:47:48 --> Security Class Initialized
DEBUG - 2020-08-29 12:47:48 --> Global POST, GET and COOKIE data sanitized
INFO - 2020-08-29 12:47:48 --> CSRF cookie sent
INFO - 2020-08-29 12:47:48 --> Input Class Initialized
INFO - 2020-08-29 12:47:48 --> Language Class Initialized
INFO - 2020-08-29 12:47:48 --> Loader Class Initialized
INFO - 2020-08-29 12:47:48 --> Helper loaded: url_helper
INFO - 2020-08-29 12:47:48 --> Helper loaded: file_helper
INFO - 2020-08-29 12:47:48 --> Helper loaded: string_helper
INFO - 2020-08-29 12:47:48 --> Database Driver Class Initialized
INFO - 2020-08-29 12:47:48 --> Email Class Initialized
DEBUG - 2020-08-29 12:47:48 --> Session: "sess_save_path" is empty; using "session.save_path" value from php.ini.
INFO - 2020-08-29 12:47:49 --> Session: Class initialized using 'files' driver.
INFO - 2020-08-29 12:47:49 --> Controller Class Initialized
INFO - 2020-08-29 12:47:49 --> Model "M_auth" initialized
INFO - 2020-08-29 12:47:49 --> Helper loaded: form_helper
INFO - 2020-08-29 12:47:49 --> Form Validation Class Initialized
DEBUG - 2020-08-29 12:47:49 --> Sc_check class already loaded. Second attempt ignored.
INFO - 2020-08-29 12:47:49 --> Helper loaded: captcha_helper
INFO - 2020-08-29 12:47:49 --> File loaded: C:\xampp\htdocs\scholarship\industry\views\include/header.php
INFO - 2020-08-29 12:47:49 --> File loaded: C:\xampp\htdocs\scholarship\industry\views\include/footer.php
INFO - 2020-08-29 12:47:49 --> File loaded: C:\xampp\htdocs\scholarship\industry\views\include/msg.php
INFO - 2020-08-29 12:47:49 --> File loaded: C:\xampp\htdocs\scholarship\industry\views\auth/register.php
INFO - 2020-08-29 12:47:49 --> Final output sent to browser
DEBUG - 2020-08-29 12:47:49 --> Total execution time: 0.4366
INFO - 2020-08-29 12:47:58 --> Config Class Initialized
INFO - 2020-08-29 12:47:58 --> Hooks Class Initialized
DEBUG - 2020-08-29 12:47:58 --> UTF-8 Support Enabled
INFO - 2020-08-29 12:47:58 --> Utf8 Class Initialized
INFO - 2020-08-29 12:47:58 --> URI Class Initialized
INFO - 2020-08-29 12:47:58 --> Router Class Initialized
INFO - 2020-08-29 12:47:58 --> Output Class Initialized
INFO - 2020-08-29 12:47:58 --> Security Class Initialized
DEBUG - 2020-08-29 12:47:58 --> Global POST, GET and COOKIE data sanitized
INFO - 2020-08-29 12:47:58 --> CSRF cookie sent
INFO - 2020-08-29 12:47:58 --> CSRF token verified
INFO - 2020-08-29 12:47:58 --> Input Class Initialized
INFO - 2020-08-29 12:47:58 --> Language Class Initialized
INFO - 2020-08-29 12:47:58 --> Loader Class Initialized
INFO - 2020-08-29 12:47:58 --> Helper loaded: url_helper
INFO - 2020-08-29 12:47:58 --> Helper loaded: file_helper
INFO - 2020-08-29 12:47:58 --> Helper loaded: string_helper
INFO - 2020-08-29 12:47:58 --> Database Driver Class Initialized
INFO - 2020-08-29 12:47:58 --> Email Class Initialized
DEBUG - 2020-08-29 12:47:58 --> Session: "sess_save_path" is empty; using "session.save_path" value from php.ini.
INFO - 2020-08-29 12:47:58 --> Session: Class initialized using 'files' driver.
INFO - 2020-08-29 12:47:58 --> Controller Class Initialized
INFO - 2020-08-29 12:47:58 --> Model "M_auth" initialized
INFO - 2020-08-29 12:47:58 --> Helper loaded: form_helper
INFO - 2020-08-29 12:47:58 --> Form Validation Class Initialized
DEBUG - 2020-08-29 12:47:58 --> Sc_check class already loaded. Second attempt ignored.
INFO - 2020-08-29 12:47:58 --> Helper loaded: captcha_helper
INFO - 2020-08-29 12:47:58 --> Final output sent to browser
DEBUG - 2020-08-29 12:47:58 --> Total execution time: 0.3093
INFO - 2020-08-29 12:48:06 --> Config Class Initialized
INFO - 2020-08-29 12:48:06 --> Hooks Class Initialized
DEBUG - 2020-08-29 12:48:06 --> UTF-8 Support Enabled
INFO - 2020-08-29 12:48:06 --> Utf8 Class Initialized
INFO - 2020-08-29 12:48:06 --> URI Class Initialized
INFO - 2020-08-29 12:48:06 --> Router Class Initialized
INFO - 2020-08-29 12:48:06 --> Output Class Initialized
INFO - 2020-08-29 12:48:06 --> Security Class Initialized
DEBUG - 2020-08-29 12:48:06 --> Global POST, GET and COOKIE data sanitized
INFO - 2020-08-29 12:48:06 --> CSRF cookie sent
INFO - 2020-08-29 12:48:06 --> CSRF token verified
INFO - 2020-08-29 12:48:06 --> Input Class Initialized
INFO - 2020-08-29 12:48:06 --> Language Class Initialized
INFO - 2020-08-29 12:48:06 --> Loader Class Initialized
INFO - 2020-08-29 12:48:06 --> Helper loaded: url_helper
INFO - 2020-08-29 12:48:06 --> Helper loaded: file_helper
INFO - 2020-08-29 12:48:06 --> Helper loaded: string_helper
INFO - 2020-08-29 12:48:06 --> Database Driver Class Initialized
INFO - 2020-08-29 12:48:06 --> Email Class Initialized
DEBUG - 2020-08-29 12:48:06 --> Session: "sess_save_path" is empty; using "session.save_path" value from php.ini.
INFO - 2020-08-29 12:48:06 --> Session: Class initialized using 'files' driver.
INFO - 2020-08-29 12:48:06 --> Controller Class Initialized
INFO - 2020-08-29 12:48:06 --> Model "M_auth" initialized
INFO - 2020-08-29 12:48:06 --> Helper loaded: form_helper
INFO - 2020-08-29 12:48:06 --> Form Validation Class Initialized
DEBUG - 2020-08-29 12:48:06 --> Sc_check class already loaded. Second attempt ignored.
INFO - 2020-08-29 12:48:06 --> Helper loaded: captcha_helper
INFO - 2020-08-29 12:48:06 --> Final output sent to browser
DEBUG - 2020-08-29 12:48:06 --> Total execution time: 0.3174
INFO - 2020-08-29 12:48:07 --> Config Class Initialized
INFO - 2020-08-29 12:48:07 --> Hooks Class Initialized
DEBUG - 2020-08-29 12:48:07 --> UTF-8 Support Enabled
INFO - 2020-08-29 12:48:07 --> Utf8 Class Initialized
INFO - 2020-08-29 12:48:07 --> URI Class Initialized
INFO - 2020-08-29 12:48:07 --> Router Class Initialized
INFO - 2020-08-29 12:48:07 --> Output Class Initialized
INFO - 2020-08-29 12:48:07 --> Security Class Initialized
DEBUG - 2020-08-29 12:48:07 --> Global POST, GET and COOKIE data sanitized
INFO - 2020-08-29 12:48:07 --> CSRF cookie sent
INFO - 2020-08-29 12:48:07 --> CSRF token verified
INFO - 2020-08-29 12:48:07 --> Input Class Initialized
INFO - 2020-08-29 12:48:07 --> Language Class Initialized
INFO - 2020-08-29 12:48:07 --> Loader Class Initialized
INFO - 2020-08-29 12:48:07 --> Helper loaded: url_helper
INFO - 2020-08-29 12:48:07 --> Helper loaded: file_helper
INFO - 2020-08-29 12:48:07 --> Helper loaded: string_helper
INFO - 2020-08-29 12:48:07 --> Database Driver Class Initialized
INFO - 2020-08-29 12:48:07 --> Email Class Initialized
DEBUG - 2020-08-29 12:48:07 --> Session: "sess_save_path" is empty; using "session.save_path" value from php.ini.
INFO - 2020-08-29 12:48:07 --> Session: Class initialized using 'files' driver.
INFO - 2020-08-29 12:48:07 --> Controller Class Initialized
INFO - 2020-08-29 12:48:07 --> Model "M_auth" initialized
INFO - 2020-08-29 12:48:07 --> Helper loaded: form_helper
INFO - 2020-08-29 12:48:07 --> Form Validation Class Initialized
DEBUG - 2020-08-29 12:48:07 --> Sc_check class already loaded. Second attempt ignored.
INFO - 2020-08-29 12:48:08 --> Helper loaded: captcha_helper
INFO - 2020-08-29 12:48:08 --> Final output sent to browser
DEBUG - 2020-08-29 12:48:08 --> Total execution time: 0.2862
INFO - 2020-08-29 12:48:12 --> Config Class Initialized
INFO - 2020-08-29 12:48:12 --> Hooks Class Initialized
DEBUG - 2020-08-29 12:48:12 --> UTF-8 Support Enabled
INFO - 2020-08-29 12:48:12 --> Utf8 Class Initialized
INFO - 2020-08-29 12:48:12 --> URI Class Initialized
INFO - 2020-08-29 12:48:12 --> Router Class Initialized
INFO - 2020-08-29 12:48:12 --> Output Class Initialized
INFO - 2020-08-29 12:48:12 --> Security Class Initialized
DEBUG - 2020-08-29 12:48:12 --> Global POST, GET and COOKIE data sanitized
INFO - 2020-08-29 12:48:12 --> CSRF cookie sent
INFO - 2020-08-29 12:48:12 --> Input Class Initialized
INFO - 2020-08-29 12:48:12 --> Language Class Initialized
INFO - 2020-08-29 12:48:12 --> Loader Class Initialized
INFO - 2020-08-29 12:48:13 --> Helper loaded: url_helper
INFO - 2020-08-29 12:48:13 --> Helper loaded: file_helper
INFO - 2020-08-29 12:48:13 --> Helper loaded: string_helper
INFO - 2020-08-29 12:48:13 --> Database Driver Class Initialized
INFO - 2020-08-29 12:48:13 --> Email Class Initialized
DEBUG - 2020-08-29 12:48:13 --> Session: "sess_save_path" is empty; using "session.save_path" value from php.ini.
INFO - 2020-08-29 12:48:13 --> Session: Class initialized using 'files' driver.
INFO - 2020-08-29 12:48:13 --> Controller Class Initialized
INFO - 2020-08-29 12:48:13 --> Model "M_auth" initialized
INFO - 2020-08-29 12:48:13 --> Helper loaded: form_helper
INFO - 2020-08-29 12:48:13 --> Form Validation Class Initialized
DEBUG - 2020-08-29 12:48:13 --> Sc_check class already loaded. Second attempt ignored.
INFO - 2020-08-29 12:48:13 --> Helper loaded: captcha_helper
INFO - 2020-08-29 12:48:13 --> Final output sent to browser
DEBUG - 2020-08-29 12:48:13 --> Total execution time: 0.3509
INFO - 2020-08-29 12:48:18 --> Config Class Initialized
INFO - 2020-08-29 12:48:18 --> Hooks Class Initialized
DEBUG - 2020-08-29 12:48:18 --> UTF-8 Support Enabled
INFO - 2020-08-29 12:48:18 --> Utf8 Class Initialized
INFO - 2020-08-29 12:48:18 --> URI Class Initialized
INFO - 2020-08-29 12:48:18 --> Router Class Initialized
INFO - 2020-08-29 12:48:18 --> Output Class Initialized
INFO - 2020-08-29 12:48:18 --> Security Class Initialized
DEBUG - 2020-08-29 12:48:18 --> Global POST, GET and COOKIE data sanitized
INFO - 2020-08-29 12:48:18 --> CSRF cookie sent
INFO - 2020-08-29 12:48:18 --> CSRF token verified
INFO - 2020-08-29 12:48:18 --> Input Class Initialized
INFO - 2020-08-29 12:48:18 --> Language Class Initialized
INFO - 2020-08-29 12:48:18 --> Loader Class Initialized
INFO - 2020-08-29 12:48:18 --> Helper loaded: url_helper
INFO - 2020-08-29 12:48:18 --> Helper loaded: file_helper
INFO - 2020-08-29 12:48:18 --> Helper loaded: string_helper
INFO - 2020-08-29 12:48:18 --> Database Driver Class Initialized
INFO - 2020-08-29 12:48:18 --> Email Class Initialized
DEBUG - 2020-08-29 12:48:18 --> Session: "sess_save_path" is empty; using "session.save_path" value from php.ini.
INFO - 2020-08-29 12:48:18 --> Session: Class initialized using 'files' driver.
INFO - 2020-08-29 12:48:18 --> Controller Class Initialized
INFO - 2020-08-29 12:48:18 --> Model "M_auth" initialized
INFO - 2020-08-29 12:48:18 --> Helper loaded: form_helper
INFO - 2020-08-29 12:48:18 --> Form Validation Class Initialized
DEBUG - 2020-08-29 12:48:18 --> Sc_check class already loaded. Second attempt ignored.
INFO - 2020-08-29 12:48:18 --> Helper loaded: captcha_helper
INFO - 2020-08-29 12:48:18 --> Final output sent to browser
DEBUG - 2020-08-29 12:48:18 --> Total execution time: 0.4910
INFO - 2020-08-29 12:48:30 --> Config Class Initialized
INFO - 2020-08-29 12:48:30 --> Hooks Class Initialized
DEBUG - 2020-08-29 12:48:30 --> UTF-8 Support Enabled
INFO - 2020-08-29 12:48:30 --> Utf8 Class Initialized
INFO - 2020-08-29 12:48:30 --> URI Class Initialized
INFO - 2020-08-29 12:48:30 --> Router Class Initialized
INFO - 2020-08-29 12:48:30 --> Output Class Initialized
INFO - 2020-08-29 12:48:30 --> Security Class Initialized
DEBUG - 2020-08-29 12:48:30 --> Global POST, GET and COOKIE data sanitized
INFO - 2020-08-29 12:48:30 --> CSRF cookie sent
INFO - 2020-08-29 12:48:30 --> CSRF token verified
INFO - 2020-08-29 12:48:30 --> Input Class Initialized
INFO - 2020-08-29 12:48:30 --> Language Class Initialized
INFO - 2020-08-29 12:48:30 --> Loader Class Initialized
INFO - 2020-08-29 12:48:30 --> Helper loaded: url_helper
INFO - 2020-08-29 12:48:30 --> Helper loaded: file_helper
INFO - 2020-08-29 12:48:30 --> Helper loaded: string_helper
INFO - 2020-08-29 12:48:30 --> Database Driver Class Initialized
INFO - 2020-08-29 12:48:30 --> Email Class Initialized
DEBUG - 2020-08-29 12:48:30 --> Session: "sess_save_path" is empty; using "session.save_path" value from php.ini.
INFO - 2020-08-29 12:48:30 --> Session: Class initialized using 'files' driver.
INFO - 2020-08-29 12:48:30 --> Controller Class Initialized
INFO - 2020-08-29 12:48:30 --> Model "M_auth" initialized
INFO - 2020-08-29 12:48:30 --> Helper loaded: form_helper
INFO - 2020-08-29 12:48:30 --> Form Validation Class Initialized
DEBUG - 2020-08-29 12:48:30 --> Sc_check class already loaded. Second attempt ignored.
INFO - 2020-08-29 12:48:30 --> Helper loaded: captcha_helper
DEBUG - 2020-08-29 12:48:30 --> Form_validation class already loaded. Second attempt ignored.
INFO - 2020-08-29 12:48:30 --> Language file loaded: language/english/form_validation_lang.php
INFO - 2020-08-29 12:48:30 --> Upload Class Initialized
DEBUG - 2020-08-29 12:48:30 --> Upload class already loaded. Second attempt ignored.
DEBUG - 2020-08-29 12:48:30 --> Upload class already loaded. Second attempt ignored.
DEBUG - 2020-08-29 12:48:30 --> Config file loaded: C:\xampp\htdocs\scholarship\industry\config/email.php
DEBUG - 2020-08-29 12:48:30 --> Email class already loaded. Second attempt ignored.
INFO - 2020-08-29 12:48:30 --> File loaded: C:\xampp\htdocs\scholarship\industry\views\mail/reg-verify.php
INFO - 2020-08-29 12:48:32 --> Language file loaded: language/english/email_lang.php
INFO - 2020-08-29 12:48:35 --> File loaded: C:\xampp\htdocs\scholarship\industry\views\include/header.php
INFO - 2020-08-29 12:48:35 --> File loaded: C:\xampp\htdocs\scholarship\industry\views\include/footer.php
INFO - 2020-08-29 12:48:35 --> File loaded: C:\xampp\htdocs\scholarship\industry\views\auth/reg-thank.php
INFO - 2020-08-29 12:48:35 --> Final output sent to browser
DEBUG - 2020-08-29 12:48:35 --> Total execution time: 5.8656
INFO - 2020-08-29 12:48:36 --> Config Class Initialized
INFO - 2020-08-29 12:48:36 --> Hooks Class Initialized
INFO - 2020-08-29 12:48:36 --> Config Class Initialized
INFO - 2020-08-29 12:48:36 --> Hooks Class Initialized
DEBUG - 2020-08-29 12:48:36 --> UTF-8 Support Enabled
INFO - 2020-08-29 12:48:36 --> Utf8 Class Initialized
INFO - 2020-08-29 12:48:36 --> URI Class Initialized
INFO - 2020-08-29 12:48:36 --> Config Class Initialized
INFO - 2020-08-29 12:48:36 --> Hooks Class Initialized
INFO - 2020-08-29 12:48:36 --> Router Class Initialized
DEBUG - 2020-08-29 12:48:36 --> UTF-8 Support Enabled
INFO - 2020-08-29 12:48:36 --> Output Class Initialized
DEBUG - 2020-08-29 12:48:36 --> UTF-8 Support Enabled
INFO - 2020-08-29 12:48:36 --> Security Class Initialized
INFO - 2020-08-29 12:48:36 --> Utf8 Class Initialized
INFO - 2020-08-29 12:48:36 --> URI Class Initialized
DEBUG - 2020-08-29 12:48:36 --> Global POST, GET and COOKIE data sanitized
INFO - 2020-08-29 12:48:36 --> CSRF cookie sent
INFO - 2020-08-29 12:48:36 --> Input Class Initialized
INFO - 2020-08-29 12:48:36 --> Router Class Initialized
INFO - 2020-08-29 12:48:36 --> Language Class Initialized
ERROR - 2020-08-29 12:48:36 --> 404 Page Not Found: Assets/js
INFO - 2020-08-29 12:48:36 --> Output Class Initialized
INFO - 2020-08-29 12:48:36 --> Security Class Initialized
DEBUG - 2020-08-29 12:48:36 --> Global POST, GET and COOKIE data sanitized
INFO - 2020-08-29 12:48:36 --> CSRF cookie sent
INFO - 2020-08-29 12:48:36 --> Input Class Initialized
INFO - 2020-08-29 12:48:36 --> Language Class Initialized
ERROR - 2020-08-29 12:48:36 --> 404 Page Not Found: Assets/css
INFO - 2020-08-29 12:48:36 --> Utf8 Class Initialized
INFO - 2020-08-29 12:48:36 --> URI Class Initialized
INFO - 2020-08-29 12:48:36 --> Router Class Initialized
INFO - 2020-08-29 12:48:36 --> Output Class Initialized
INFO - 2020-08-29 12:48:36 --> Security Class Initialized
DEBUG - 2020-08-29 12:48:36 --> Global POST, GET and COOKIE data sanitized
INFO - 2020-08-29 12:48:36 --> CSRF cookie sent
INFO - 2020-08-29 12:48:36 --> Input Class Initialized
INFO - 2020-08-29 12:48:36 --> Language Class Initialized
ERROR - 2020-08-29 12:48:36 --> 404 Page Not Found: Assets/js
INFO - 2020-08-29 12:48:36 --> Config Class Initialized
INFO - 2020-08-29 12:48:36 --> Hooks Class Initialized
DEBUG - 2020-08-29 12:48:36 --> UTF-8 Support Enabled
INFO - 2020-08-29 12:48:36 --> Utf8 Class Initialized
INFO - 2020-08-29 12:48:36 --> URI Class Initialized
INFO - 2020-08-29 12:48:36 --> Router Class Initialized
INFO - 2020-08-29 12:48:36 --> Output Class Initialized
INFO - 2020-08-29 12:48:36 --> Security Class Initialized
DEBUG - 2020-08-29 12:48:36 --> Global POST, GET and COOKIE data sanitized
INFO - 2020-08-29 12:48:36 --> CSRF cookie sent
INFO - 2020-08-29 12:48:36 --> Input Class Initialized
INFO - 2020-08-29 12:48:36 --> Language Class Initialized
ERROR - 2020-08-29 12:48:36 --> 404 Page Not Found: Assets/js
