INFO - 2020-03-06 05:55:04 --> Config Class Initialized
INFO - 2020-03-06 05:55:04 --> Hooks Class Initialized
DEBUG - 2020-03-06 05:55:04 --> UTF-8 Support Enabled
INFO - 2020-03-06 05:55:04 --> Utf8 Class Initialized
INFO - 2020-03-06 05:55:04 --> URI Class Initialized
DEBUG - 2020-03-06 05:55:04 --> No URI present. Default controller set.
INFO - 2020-03-06 05:55:04 --> Router Class Initialized
INFO - 2020-03-06 05:55:04 --> Output Class Initialized
INFO - 2020-03-06 05:55:04 --> Security Class Initialized
DEBUG - 2020-03-06 05:55:04 --> Global POST, GET and COOKIE data sanitized
INFO - 2020-03-06 05:55:04 --> Input Class Initialized
INFO - 2020-03-06 05:55:04 --> Language Class Initialized
INFO - 2020-03-06 05:55:04 --> Loader Class Initialized
INFO - 2020-03-06 05:55:04 --> Helper loaded: url_helper
INFO - 2020-03-06 05:55:04 --> Helper loaded: file_helper
INFO - 2020-03-06 05:55:04 --> Helper loaded: string_helper
INFO - 2020-03-06 05:55:04 --> Database Driver Class Initialized
INFO - 2020-03-06 05:55:04 --> Email Class Initialized
DEBUG - 2020-03-06 05:55:04 --> Session: "sess_save_path" is empty; using "session.save_path" value from php.ini.
INFO - 2020-03-06 05:55:04 --> Session: Class initialized using 'files' driver.
INFO - 2020-03-06 05:55:04 --> Controller Class Initialized
INFO - 2020-03-06 05:55:04 --> Model "M_auth" initialized
INFO - 2020-03-06 05:55:04 --> Helper loaded: form_helper
INFO - 2020-03-06 05:55:04 --> Form Validation Class Initialized
INFO - 2020-03-06 05:55:04 --> File loaded: C:\xampp\htdocs\scholarship\industry\views\include/header.php
INFO - 2020-03-06 05:55:04 --> File loaded: C:\xampp\htdocs\scholarship\industry\views\include/footer.php
INFO - 2020-03-06 05:55:04 --> File loaded: C:\xampp\htdocs\scholarship\industry\views\include/msg.php
INFO - 2020-03-06 05:55:04 --> File loaded: C:\xampp\htdocs\scholarship\industry\views\auth/login.php
INFO - 2020-03-06 05:55:04 --> Final output sent to browser
DEBUG - 2020-03-06 05:55:04 --> Total execution time: 0.1440
INFO - 2020-03-06 05:55:07 --> Config Class Initialized
INFO - 2020-03-06 05:55:07 --> Hooks Class Initialized
DEBUG - 2020-03-06 05:55:07 --> UTF-8 Support Enabled
INFO - 2020-03-06 05:55:07 --> Utf8 Class Initialized
INFO - 2020-03-06 05:55:07 --> URI Class Initialized
INFO - 2020-03-06 05:55:07 --> Router Class Initialized
INFO - 2020-03-06 05:55:07 --> Output Class Initialized
INFO - 2020-03-06 05:55:07 --> Security Class Initialized
DEBUG - 2020-03-06 05:55:07 --> Global POST, GET and COOKIE data sanitized
INFO - 2020-03-06 05:55:07 --> Input Class Initialized
INFO - 2020-03-06 05:55:07 --> Language Class Initialized
INFO - 2020-03-06 05:55:07 --> Loader Class Initialized
INFO - 2020-03-06 05:55:07 --> Helper loaded: url_helper
INFO - 2020-03-06 05:55:07 --> Helper loaded: file_helper
INFO - 2020-03-06 05:55:07 --> Helper loaded: string_helper
INFO - 2020-03-06 05:55:07 --> Database Driver Class Initialized
INFO - 2020-03-06 05:55:07 --> Email Class Initialized
DEBUG - 2020-03-06 05:55:07 --> Session: "sess_save_path" is empty; using "session.save_path" value from php.ini.
INFO - 2020-03-06 05:55:07 --> Session: Class initialized using 'files' driver.
INFO - 2020-03-06 05:55:07 --> Controller Class Initialized
INFO - 2020-03-06 05:55:07 --> Model "M_auth" initialized
INFO - 2020-03-06 05:55:07 --> Helper loaded: form_helper
INFO - 2020-03-06 05:55:07 --> Form Validation Class Initialized
INFO - 2020-03-06 05:55:07 --> File loaded: C:\xampp\htdocs\scholarship\industry\views\include/header.php
INFO - 2020-03-06 05:55:07 --> File loaded: C:\xampp\htdocs\scholarship\industry\views\include/footer.php
INFO - 2020-03-06 05:55:07 --> File loaded: C:\xampp\htdocs\scholarship\industry\views\include/msg.php
INFO - 2020-03-06 05:55:07 --> File loaded: C:\xampp\htdocs\scholarship\industry\views\auth/register.php
INFO - 2020-03-06 05:55:07 --> Final output sent to browser
DEBUG - 2020-03-06 05:55:07 --> Total execution time: 0.1686
INFO - 2020-03-06 05:55:58 --> Config Class Initialized
INFO - 2020-03-06 05:55:58 --> Hooks Class Initialized
DEBUG - 2020-03-06 05:55:58 --> UTF-8 Support Enabled
INFO - 2020-03-06 05:55:58 --> Utf8 Class Initialized
INFO - 2020-03-06 05:55:58 --> URI Class Initialized
INFO - 2020-03-06 05:55:58 --> Router Class Initialized
INFO - 2020-03-06 05:55:58 --> Output Class Initialized
INFO - 2020-03-06 05:55:58 --> Security Class Initialized
DEBUG - 2020-03-06 05:55:58 --> Global POST, GET and COOKIE data sanitized
INFO - 2020-03-06 05:55:58 --> Input Class Initialized
INFO - 2020-03-06 05:55:58 --> Language Class Initialized
INFO - 2020-03-06 05:55:58 --> Loader Class Initialized
INFO - 2020-03-06 05:55:58 --> Helper loaded: url_helper
INFO - 2020-03-06 05:55:58 --> Helper loaded: file_helper
INFO - 2020-03-06 05:55:58 --> Helper loaded: string_helper
INFO - 2020-03-06 05:55:58 --> Database Driver Class Initialized
INFO - 2020-03-06 05:55:58 --> Email Class Initialized
DEBUG - 2020-03-06 05:55:58 --> Session: "sess_save_path" is empty; using "session.save_path" value from php.ini.
INFO - 2020-03-06 05:55:58 --> Session: Class initialized using 'files' driver.
INFO - 2020-03-06 05:55:58 --> Controller Class Initialized
INFO - 2020-03-06 05:55:58 --> Model "M_auth" initialized
INFO - 2020-03-06 05:55:58 --> Helper loaded: form_helper
INFO - 2020-03-06 05:55:58 --> Form Validation Class Initialized
INFO - 2020-03-06 05:55:58 --> File loaded: C:\xampp\htdocs\scholarship\industry\views\include/header.php
INFO - 2020-03-06 05:55:58 --> File loaded: C:\xampp\htdocs\scholarship\industry\views\include/footer.php
INFO - 2020-03-06 05:55:58 --> File loaded: C:\xampp\htdocs\scholarship\industry\views\include/msg.php
INFO - 2020-03-06 05:55:58 --> File loaded: C:\xampp\htdocs\scholarship\industry\views\auth/register.php
INFO - 2020-03-06 05:55:58 --> Final output sent to browser
DEBUG - 2020-03-06 05:55:58 --> Total execution time: 0.1481
INFO - 2020-03-06 05:56:02 --> Config Class Initialized
INFO - 2020-03-06 05:56:02 --> Hooks Class Initialized
DEBUG - 2020-03-06 05:56:02 --> UTF-8 Support Enabled
INFO - 2020-03-06 05:56:02 --> Utf8 Class Initialized
INFO - 2020-03-06 05:56:02 --> URI Class Initialized
INFO - 2020-03-06 05:56:02 --> Router Class Initialized
INFO - 2020-03-06 05:56:02 --> Output Class Initialized
INFO - 2020-03-06 05:56:02 --> Security Class Initialized
DEBUG - 2020-03-06 05:56:02 --> Global POST, GET and COOKIE data sanitized
INFO - 2020-03-06 05:56:02 --> Input Class Initialized
INFO - 2020-03-06 05:56:02 --> Language Class Initialized
INFO - 2020-03-06 05:56:02 --> Loader Class Initialized
INFO - 2020-03-06 05:56:02 --> Helper loaded: url_helper
INFO - 2020-03-06 05:56:02 --> Helper loaded: file_helper
INFO - 2020-03-06 05:56:02 --> Helper loaded: string_helper
INFO - 2020-03-06 05:56:02 --> Database Driver Class Initialized
INFO - 2020-03-06 05:56:02 --> Email Class Initialized
DEBUG - 2020-03-06 05:56:02 --> Session: "sess_save_path" is empty; using "session.save_path" value from php.ini.
INFO - 2020-03-06 05:56:02 --> Session: Class initialized using 'files' driver.
INFO - 2020-03-06 05:56:02 --> Controller Class Initialized
INFO - 2020-03-06 05:56:02 --> Model "M_auth" initialized
INFO - 2020-03-06 05:56:02 --> Helper loaded: form_helper
INFO - 2020-03-06 05:56:02 --> Form Validation Class Initialized
INFO - 2020-03-06 05:56:02 --> Final output sent to browser
DEBUG - 2020-03-06 05:56:02 --> Total execution time: 0.1393
INFO - 2020-03-06 05:56:03 --> Config Class Initialized
INFO - 2020-03-06 05:56:03 --> Hooks Class Initialized
DEBUG - 2020-03-06 05:56:03 --> UTF-8 Support Enabled
INFO - 2020-03-06 05:56:03 --> Utf8 Class Initialized
INFO - 2020-03-06 05:56:03 --> URI Class Initialized
INFO - 2020-03-06 05:56:03 --> Router Class Initialized
INFO - 2020-03-06 05:56:03 --> Output Class Initialized
INFO - 2020-03-06 05:56:03 --> Security Class Initialized
DEBUG - 2020-03-06 05:56:03 --> Global POST, GET and COOKIE data sanitized
INFO - 2020-03-06 05:56:03 --> Input Class Initialized
INFO - 2020-03-06 05:56:03 --> Language Class Initialized
INFO - 2020-03-06 05:56:03 --> Loader Class Initialized
INFO - 2020-03-06 05:56:03 --> Helper loaded: url_helper
INFO - 2020-03-06 05:56:03 --> Helper loaded: file_helper
INFO - 2020-03-06 05:56:03 --> Helper loaded: string_helper
INFO - 2020-03-06 05:56:03 --> Database Driver Class Initialized
INFO - 2020-03-06 05:56:03 --> Email Class Initialized
DEBUG - 2020-03-06 05:56:03 --> Session: "sess_save_path" is empty; using "session.save_path" value from php.ini.
INFO - 2020-03-06 05:56:03 --> Session: Class initialized using 'files' driver.
INFO - 2020-03-06 05:56:03 --> Controller Class Initialized
INFO - 2020-03-06 05:56:03 --> Model "M_auth" initialized
INFO - 2020-03-06 05:56:03 --> Helper loaded: form_helper
INFO - 2020-03-06 05:56:03 --> Form Validation Class Initialized
INFO - 2020-03-06 05:56:03 --> Final output sent to browser
DEBUG - 2020-03-06 05:56:03 --> Total execution time: 0.1095
INFO - 2020-03-06 05:56:04 --> Config Class Initialized
INFO - 2020-03-06 05:56:04 --> Hooks Class Initialized
DEBUG - 2020-03-06 05:56:04 --> UTF-8 Support Enabled
INFO - 2020-03-06 05:56:04 --> Utf8 Class Initialized
INFO - 2020-03-06 05:56:04 --> URI Class Initialized
INFO - 2020-03-06 05:56:04 --> Router Class Initialized
INFO - 2020-03-06 05:56:04 --> Output Class Initialized
INFO - 2020-03-06 05:56:04 --> Security Class Initialized
DEBUG - 2020-03-06 05:56:04 --> Global POST, GET and COOKIE data sanitized
INFO - 2020-03-06 05:56:04 --> Input Class Initialized
INFO - 2020-03-06 05:56:04 --> Language Class Initialized
INFO - 2020-03-06 05:56:04 --> Loader Class Initialized
INFO - 2020-03-06 05:56:04 --> Helper loaded: url_helper
INFO - 2020-03-06 05:56:04 --> Helper loaded: file_helper
INFO - 2020-03-06 05:56:04 --> Helper loaded: string_helper
INFO - 2020-03-06 05:56:04 --> Database Driver Class Initialized
INFO - 2020-03-06 05:56:04 --> Email Class Initialized
DEBUG - 2020-03-06 05:56:04 --> Session: "sess_save_path" is empty; using "session.save_path" value from php.ini.
INFO - 2020-03-06 05:56:04 --> Session: Class initialized using 'files' driver.
INFO - 2020-03-06 05:56:04 --> Controller Class Initialized
INFO - 2020-03-06 05:56:04 --> Model "M_auth" initialized
INFO - 2020-03-06 05:56:04 --> Helper loaded: form_helper
INFO - 2020-03-06 05:56:04 --> Form Validation Class Initialized
INFO - 2020-03-06 05:56:04 --> Final output sent to browser
DEBUG - 2020-03-06 05:56:04 --> Total execution time: 0.1049
INFO - 2020-03-06 05:56:08 --> Config Class Initialized
INFO - 2020-03-06 05:56:08 --> Hooks Class Initialized
DEBUG - 2020-03-06 05:56:08 --> UTF-8 Support Enabled
INFO - 2020-03-06 05:56:08 --> Utf8 Class Initialized
INFO - 2020-03-06 05:56:08 --> URI Class Initialized
INFO - 2020-03-06 05:56:08 --> Router Class Initialized
INFO - 2020-03-06 05:56:08 --> Output Class Initialized
INFO - 2020-03-06 05:56:08 --> Security Class Initialized
DEBUG - 2020-03-06 05:56:08 --> Global POST, GET and COOKIE data sanitized
INFO - 2020-03-06 05:56:08 --> Input Class Initialized
INFO - 2020-03-06 05:56:08 --> Language Class Initialized
INFO - 2020-03-06 05:56:08 --> Loader Class Initialized
INFO - 2020-03-06 05:56:08 --> Helper loaded: url_helper
INFO - 2020-03-06 05:56:08 --> Helper loaded: file_helper
INFO - 2020-03-06 05:56:08 --> Helper loaded: string_helper
INFO - 2020-03-06 05:56:08 --> Database Driver Class Initialized
INFO - 2020-03-06 05:56:08 --> Email Class Initialized
DEBUG - 2020-03-06 05:56:08 --> Session: "sess_save_path" is empty; using "session.save_path" value from php.ini.
INFO - 2020-03-06 05:56:08 --> Session: Class initialized using 'files' driver.
INFO - 2020-03-06 05:56:08 --> Controller Class Initialized
INFO - 2020-03-06 05:56:08 --> Model "M_auth" initialized
INFO - 2020-03-06 05:56:08 --> Helper loaded: form_helper
INFO - 2020-03-06 05:56:08 --> Form Validation Class Initialized
INFO - 2020-03-06 05:56:08 --> Final output sent to browser
DEBUG - 2020-03-06 05:56:08 --> Total execution time: 0.1985
INFO - 2020-03-06 05:56:12 --> Config Class Initialized
INFO - 2020-03-06 05:56:12 --> Hooks Class Initialized
DEBUG - 2020-03-06 05:56:12 --> UTF-8 Support Enabled
INFO - 2020-03-06 05:56:12 --> Utf8 Class Initialized
INFO - 2020-03-06 05:56:12 --> URI Class Initialized
INFO - 2020-03-06 05:56:12 --> Router Class Initialized
INFO - 2020-03-06 05:56:12 --> Output Class Initialized
INFO - 2020-03-06 05:56:12 --> Security Class Initialized
DEBUG - 2020-03-06 05:56:12 --> Global POST, GET and COOKIE data sanitized
INFO - 2020-03-06 05:56:12 --> Input Class Initialized
INFO - 2020-03-06 05:56:12 --> Language Class Initialized
INFO - 2020-03-06 05:56:12 --> Loader Class Initialized
INFO - 2020-03-06 05:56:12 --> Helper loaded: url_helper
INFO - 2020-03-06 05:56:12 --> Helper loaded: file_helper
INFO - 2020-03-06 05:56:12 --> Helper loaded: string_helper
INFO - 2020-03-06 05:56:12 --> Database Driver Class Initialized
INFO - 2020-03-06 05:56:12 --> Email Class Initialized
DEBUG - 2020-03-06 05:56:12 --> Session: "sess_save_path" is empty; using "session.save_path" value from php.ini.
INFO - 2020-03-06 05:56:12 --> Session: Class initialized using 'files' driver.
INFO - 2020-03-06 05:56:12 --> Controller Class Initialized
INFO - 2020-03-06 05:56:12 --> Model "M_auth" initialized
INFO - 2020-03-06 05:56:12 --> Helper loaded: form_helper
INFO - 2020-03-06 05:56:12 --> Form Validation Class Initialized
INFO - 2020-03-06 05:56:12 --> Final output sent to browser
DEBUG - 2020-03-06 05:56:12 --> Total execution time: 0.1145
INFO - 2020-03-06 05:56:16 --> Config Class Initialized
INFO - 2020-03-06 05:56:16 --> Hooks Class Initialized
DEBUG - 2020-03-06 05:56:16 --> UTF-8 Support Enabled
INFO - 2020-03-06 05:56:16 --> Utf8 Class Initialized
INFO - 2020-03-06 05:56:16 --> URI Class Initialized
INFO - 2020-03-06 05:56:16 --> Router Class Initialized
INFO - 2020-03-06 05:56:16 --> Output Class Initialized
INFO - 2020-03-06 05:56:16 --> Security Class Initialized
DEBUG - 2020-03-06 05:56:16 --> Global POST, GET and COOKIE data sanitized
INFO - 2020-03-06 05:56:16 --> Input Class Initialized
INFO - 2020-03-06 05:56:16 --> Language Class Initialized
INFO - 2020-03-06 05:56:16 --> Loader Class Initialized
INFO - 2020-03-06 05:56:16 --> Helper loaded: url_helper
INFO - 2020-03-06 05:56:16 --> Helper loaded: file_helper
INFO - 2020-03-06 05:56:16 --> Helper loaded: string_helper
INFO - 2020-03-06 05:56:16 --> Database Driver Class Initialized
INFO - 2020-03-06 05:56:16 --> Email Class Initialized
DEBUG - 2020-03-06 05:56:16 --> Session: "sess_save_path" is empty; using "session.save_path" value from php.ini.
INFO - 2020-03-06 05:56:16 --> Session: Class initialized using 'files' driver.
INFO - 2020-03-06 05:56:16 --> Controller Class Initialized
INFO - 2020-03-06 05:56:16 --> Model "M_auth" initialized
INFO - 2020-03-06 05:56:16 --> Helper loaded: form_helper
INFO - 2020-03-06 05:56:16 --> Form Validation Class Initialized
INFO - 2020-03-06 05:56:16 --> Final output sent to browser
DEBUG - 2020-03-06 05:56:16 --> Total execution time: 0.2000
INFO - 2020-03-06 05:56:20 --> Config Class Initialized
INFO - 2020-03-06 05:56:20 --> Hooks Class Initialized
DEBUG - 2020-03-06 05:56:20 --> UTF-8 Support Enabled
INFO - 2020-03-06 05:56:20 --> Utf8 Class Initialized
INFO - 2020-03-06 05:56:20 --> URI Class Initialized
INFO - 2020-03-06 05:56:20 --> Router Class Initialized
INFO - 2020-03-06 05:56:20 --> Output Class Initialized
INFO - 2020-03-06 05:56:20 --> Security Class Initialized
DEBUG - 2020-03-06 05:56:20 --> Global POST, GET and COOKIE data sanitized
INFO - 2020-03-06 05:56:20 --> Input Class Initialized
INFO - 2020-03-06 05:56:20 --> Language Class Initialized
INFO - 2020-03-06 05:56:20 --> Loader Class Initialized
INFO - 2020-03-06 05:56:20 --> Helper loaded: url_helper
INFO - 2020-03-06 05:56:20 --> Helper loaded: file_helper
INFO - 2020-03-06 05:56:20 --> Helper loaded: string_helper
INFO - 2020-03-06 05:56:20 --> Database Driver Class Initialized
INFO - 2020-03-06 05:56:20 --> Email Class Initialized
DEBUG - 2020-03-06 05:56:20 --> Session: "sess_save_path" is empty; using "session.save_path" value from php.ini.
INFO - 2020-03-06 05:56:20 --> Session: Class initialized using 'files' driver.
INFO - 2020-03-06 05:56:20 --> Controller Class Initialized
INFO - 2020-03-06 05:56:20 --> Model "M_auth" initialized
INFO - 2020-03-06 05:56:20 --> Helper loaded: form_helper
INFO - 2020-03-06 05:56:20 --> Form Validation Class Initialized
INFO - 2020-03-06 05:56:20 --> Final output sent to browser
DEBUG - 2020-03-06 05:56:20 --> Total execution time: 0.0847
INFO - 2020-03-06 05:56:25 --> Config Class Initialized
INFO - 2020-03-06 05:56:25 --> Hooks Class Initialized
DEBUG - 2020-03-06 05:56:25 --> UTF-8 Support Enabled
INFO - 2020-03-06 05:56:25 --> Utf8 Class Initialized
INFO - 2020-03-06 05:56:25 --> URI Class Initialized
INFO - 2020-03-06 05:56:25 --> Router Class Initialized
INFO - 2020-03-06 05:56:25 --> Output Class Initialized
INFO - 2020-03-06 05:56:25 --> Security Class Initialized
DEBUG - 2020-03-06 05:56:25 --> Global POST, GET and COOKIE data sanitized
INFO - 2020-03-06 05:56:25 --> Input Class Initialized
INFO - 2020-03-06 05:56:25 --> Language Class Initialized
INFO - 2020-03-06 05:56:25 --> Loader Class Initialized
INFO - 2020-03-06 05:56:25 --> Helper loaded: url_helper
INFO - 2020-03-06 05:56:25 --> Helper loaded: file_helper
INFO - 2020-03-06 05:56:25 --> Helper loaded: string_helper
INFO - 2020-03-06 05:56:25 --> Database Driver Class Initialized
INFO - 2020-03-06 05:56:25 --> Email Class Initialized
DEBUG - 2020-03-06 05:56:25 --> Session: "sess_save_path" is empty; using "session.save_path" value from php.ini.
INFO - 2020-03-06 05:56:25 --> Session: Class initialized using 'files' driver.
INFO - 2020-03-06 05:56:25 --> Controller Class Initialized
INFO - 2020-03-06 05:56:25 --> Model "M_auth" initialized
INFO - 2020-03-06 05:56:25 --> Helper loaded: form_helper
INFO - 2020-03-06 05:56:25 --> Form Validation Class Initialized
INFO - 2020-03-06 05:56:25 --> Final output sent to browser
DEBUG - 2020-03-06 05:56:25 --> Total execution time: 0.2473
INFO - 2020-03-06 05:56:29 --> Config Class Initialized
INFO - 2020-03-06 05:56:29 --> Hooks Class Initialized
DEBUG - 2020-03-06 05:56:29 --> UTF-8 Support Enabled
INFO - 2020-03-06 05:56:29 --> Utf8 Class Initialized
INFO - 2020-03-06 05:56:29 --> URI Class Initialized
INFO - 2020-03-06 05:56:29 --> Router Class Initialized
INFO - 2020-03-06 05:56:29 --> Output Class Initialized
INFO - 2020-03-06 05:56:29 --> Security Class Initialized
DEBUG - 2020-03-06 05:56:29 --> Global POST, GET and COOKIE data sanitized
INFO - 2020-03-06 05:56:29 --> Input Class Initialized
INFO - 2020-03-06 05:56:29 --> Language Class Initialized
INFO - 2020-03-06 05:56:29 --> Loader Class Initialized
INFO - 2020-03-06 05:56:29 --> Helper loaded: url_helper
INFO - 2020-03-06 05:56:29 --> Helper loaded: file_helper
INFO - 2020-03-06 05:56:29 --> Helper loaded: string_helper
INFO - 2020-03-06 05:56:29 --> Database Driver Class Initialized
INFO - 2020-03-06 05:56:29 --> Email Class Initialized
DEBUG - 2020-03-06 05:56:29 --> Session: "sess_save_path" is empty; using "session.save_path" value from php.ini.
INFO - 2020-03-06 05:56:29 --> Session: Class initialized using 'files' driver.
INFO - 2020-03-06 05:56:29 --> Controller Class Initialized
INFO - 2020-03-06 05:56:29 --> Model "M_auth" initialized
INFO - 2020-03-06 05:56:29 --> Helper loaded: form_helper
INFO - 2020-03-06 05:56:29 --> Form Validation Class Initialized
INFO - 2020-03-06 05:56:29 --> Final output sent to browser
DEBUG - 2020-03-06 05:56:29 --> Total execution time: 0.1213
INFO - 2020-03-06 05:57:01 --> Config Class Initialized
INFO - 2020-03-06 05:57:01 --> Hooks Class Initialized
DEBUG - 2020-03-06 05:57:01 --> UTF-8 Support Enabled
INFO - 2020-03-06 05:57:01 --> Utf8 Class Initialized
INFO - 2020-03-06 05:57:01 --> URI Class Initialized
INFO - 2020-03-06 05:57:01 --> Router Class Initialized
INFO - 2020-03-06 05:57:01 --> Output Class Initialized
INFO - 2020-03-06 05:57:01 --> Security Class Initialized
DEBUG - 2020-03-06 05:57:01 --> Global POST, GET and COOKIE data sanitized
INFO - 2020-03-06 05:57:01 --> Input Class Initialized
INFO - 2020-03-06 05:57:01 --> Language Class Initialized
INFO - 2020-03-06 05:57:01 --> Loader Class Initialized
INFO - 2020-03-06 05:57:01 --> Helper loaded: url_helper
INFO - 2020-03-06 05:57:01 --> Helper loaded: file_helper
INFO - 2020-03-06 05:57:01 --> Helper loaded: string_helper
INFO - 2020-03-06 05:57:01 --> Database Driver Class Initialized
INFO - 2020-03-06 05:57:01 --> Email Class Initialized
DEBUG - 2020-03-06 05:57:01 --> Session: "sess_save_path" is empty; using "session.save_path" value from php.ini.
INFO - 2020-03-06 05:57:01 --> Session: Class initialized using 'files' driver.
INFO - 2020-03-06 05:57:01 --> Controller Class Initialized
INFO - 2020-03-06 05:57:01 --> Model "M_auth" initialized
INFO - 2020-03-06 05:57:01 --> Helper loaded: form_helper
INFO - 2020-03-06 05:57:01 --> Form Validation Class Initialized
INFO - 2020-03-06 05:57:01 --> File loaded: C:\xampp\htdocs\scholarship\industry\views\include/header.php
INFO - 2020-03-06 05:57:01 --> File loaded: C:\xampp\htdocs\scholarship\industry\views\include/footer.php
INFO - 2020-03-06 05:57:01 --> File loaded: C:\xampp\htdocs\scholarship\industry\views\include/msg.php
INFO - 2020-03-06 05:57:01 --> File loaded: C:\xampp\htdocs\scholarship\industry\views\auth/register.php
INFO - 2020-03-06 05:57:01 --> Final output sent to browser
DEBUG - 2020-03-06 05:57:01 --> Total execution time: 0.1458
INFO - 2020-03-06 05:57:05 --> Config Class Initialized
INFO - 2020-03-06 05:57:05 --> Hooks Class Initialized
DEBUG - 2020-03-06 05:57:05 --> UTF-8 Support Enabled
INFO - 2020-03-06 05:57:05 --> Utf8 Class Initialized
INFO - 2020-03-06 05:57:05 --> URI Class Initialized
INFO - 2020-03-06 05:57:05 --> Router Class Initialized
INFO - 2020-03-06 05:57:05 --> Output Class Initialized
INFO - 2020-03-06 05:57:05 --> Security Class Initialized
DEBUG - 2020-03-06 05:57:05 --> Global POST, GET and COOKIE data sanitized
INFO - 2020-03-06 05:57:05 --> Input Class Initialized
INFO - 2020-03-06 05:57:05 --> Language Class Initialized
INFO - 2020-03-06 05:57:05 --> Loader Class Initialized
INFO - 2020-03-06 05:57:05 --> Helper loaded: url_helper
INFO - 2020-03-06 05:57:05 --> Helper loaded: file_helper
INFO - 2020-03-06 05:57:05 --> Helper loaded: string_helper
INFO - 2020-03-06 05:57:05 --> Database Driver Class Initialized
INFO - 2020-03-06 05:57:05 --> Email Class Initialized
DEBUG - 2020-03-06 05:57:05 --> Session: "sess_save_path" is empty; using "session.save_path" value from php.ini.
INFO - 2020-03-06 05:57:05 --> Session: Class initialized using 'files' driver.
INFO - 2020-03-06 05:57:05 --> Controller Class Initialized
INFO - 2020-03-06 05:57:05 --> Model "M_auth" initialized
INFO - 2020-03-06 05:57:05 --> Helper loaded: form_helper
INFO - 2020-03-06 05:57:05 --> Form Validation Class Initialized
INFO - 2020-03-06 05:57:05 --> Final output sent to browser
DEBUG - 2020-03-06 05:57:05 --> Total execution time: 0.0824
INFO - 2020-03-06 05:57:07 --> Config Class Initialized
INFO - 2020-03-06 05:57:07 --> Hooks Class Initialized
DEBUG - 2020-03-06 05:57:07 --> UTF-8 Support Enabled
INFO - 2020-03-06 05:57:07 --> Utf8 Class Initialized
INFO - 2020-03-06 05:57:07 --> URI Class Initialized
INFO - 2020-03-06 05:57:07 --> Router Class Initialized
INFO - 2020-03-06 05:57:07 --> Output Class Initialized
INFO - 2020-03-06 05:57:07 --> Security Class Initialized
DEBUG - 2020-03-06 05:57:07 --> Global POST, GET and COOKIE data sanitized
INFO - 2020-03-06 05:57:07 --> Input Class Initialized
INFO - 2020-03-06 05:57:07 --> Language Class Initialized
INFO - 2020-03-06 05:57:07 --> Loader Class Initialized
INFO - 2020-03-06 05:57:07 --> Helper loaded: url_helper
INFO - 2020-03-06 05:57:07 --> Helper loaded: file_helper
INFO - 2020-03-06 05:57:07 --> Helper loaded: string_helper
INFO - 2020-03-06 05:57:07 --> Database Driver Class Initialized
INFO - 2020-03-06 05:57:07 --> Email Class Initialized
DEBUG - 2020-03-06 05:57:07 --> Session: "sess_save_path" is empty; using "session.save_path" value from php.ini.
INFO - 2020-03-06 05:57:07 --> Session: Class initialized using 'files' driver.
INFO - 2020-03-06 05:57:07 --> Controller Class Initialized
INFO - 2020-03-06 05:57:07 --> Model "M_auth" initialized
INFO - 2020-03-06 05:57:07 --> Helper loaded: form_helper
INFO - 2020-03-06 05:57:07 --> Form Validation Class Initialized
INFO - 2020-03-06 05:57:07 --> Final output sent to browser
DEBUG - 2020-03-06 05:57:07 --> Total execution time: 0.2010
INFO - 2020-03-06 05:57:11 --> Config Class Initialized
INFO - 2020-03-06 05:57:11 --> Hooks Class Initialized
DEBUG - 2020-03-06 05:57:11 --> UTF-8 Support Enabled
INFO - 2020-03-06 05:57:11 --> Utf8 Class Initialized
INFO - 2020-03-06 05:57:11 --> URI Class Initialized
INFO - 2020-03-06 05:57:11 --> Router Class Initialized
INFO - 2020-03-06 05:57:11 --> Output Class Initialized
INFO - 2020-03-06 05:57:11 --> Security Class Initialized
DEBUG - 2020-03-06 05:57:11 --> Global POST, GET and COOKIE data sanitized
INFO - 2020-03-06 05:57:11 --> Input Class Initialized
INFO - 2020-03-06 05:57:11 --> Language Class Initialized
INFO - 2020-03-06 05:57:11 --> Loader Class Initialized
INFO - 2020-03-06 05:57:11 --> Helper loaded: url_helper
INFO - 2020-03-06 05:57:11 --> Helper loaded: file_helper
INFO - 2020-03-06 05:57:11 --> Helper loaded: string_helper
INFO - 2020-03-06 05:57:11 --> Database Driver Class Initialized
INFO - 2020-03-06 05:57:11 --> Email Class Initialized
DEBUG - 2020-03-06 05:57:11 --> Session: "sess_save_path" is empty; using "session.save_path" value from php.ini.
INFO - 2020-03-06 05:57:11 --> Session: Class initialized using 'files' driver.
INFO - 2020-03-06 05:57:11 --> Controller Class Initialized
INFO - 2020-03-06 05:57:11 --> Model "M_auth" initialized
INFO - 2020-03-06 05:57:11 --> Helper loaded: form_helper
INFO - 2020-03-06 05:57:11 --> Form Validation Class Initialized
INFO - 2020-03-06 05:57:11 --> Final output sent to browser
DEBUG - 2020-03-06 05:57:11 --> Total execution time: 0.0872
INFO - 2020-03-06 05:57:16 --> Config Class Initialized
INFO - 2020-03-06 05:57:16 --> Hooks Class Initialized
DEBUG - 2020-03-06 05:57:16 --> UTF-8 Support Enabled
INFO - 2020-03-06 05:57:16 --> Utf8 Class Initialized
INFO - 2020-03-06 05:57:16 --> URI Class Initialized
INFO - 2020-03-06 05:57:16 --> Router Class Initialized
INFO - 2020-03-06 05:57:16 --> Output Class Initialized
INFO - 2020-03-06 05:57:16 --> Security Class Initialized
DEBUG - 2020-03-06 05:57:16 --> Global POST, GET and COOKIE data sanitized
INFO - 2020-03-06 05:57:16 --> Input Class Initialized
INFO - 2020-03-06 05:57:16 --> Language Class Initialized
INFO - 2020-03-06 05:57:16 --> Loader Class Initialized
INFO - 2020-03-06 05:57:16 --> Helper loaded: url_helper
INFO - 2020-03-06 05:57:16 --> Helper loaded: file_helper
INFO - 2020-03-06 05:57:16 --> Helper loaded: string_helper
INFO - 2020-03-06 05:57:16 --> Database Driver Class Initialized
INFO - 2020-03-06 05:57:16 --> Email Class Initialized
DEBUG - 2020-03-06 05:57:16 --> Session: "sess_save_path" is empty; using "session.save_path" value from php.ini.
INFO - 2020-03-06 05:57:16 --> Session: Class initialized using 'files' driver.
INFO - 2020-03-06 05:57:16 --> Controller Class Initialized
INFO - 2020-03-06 05:57:16 --> Model "M_auth" initialized
INFO - 2020-03-06 05:57:16 --> Helper loaded: form_helper
INFO - 2020-03-06 05:57:16 --> Form Validation Class Initialized
INFO - 2020-03-06 05:57:16 --> Final output sent to browser
DEBUG - 2020-03-06 05:57:16 --> Total execution time: 0.2262
INFO - 2020-03-06 05:57:17 --> Config Class Initialized
INFO - 2020-03-06 05:57:17 --> Hooks Class Initialized
DEBUG - 2020-03-06 05:57:17 --> UTF-8 Support Enabled
INFO - 2020-03-06 05:57:17 --> Utf8 Class Initialized
INFO - 2020-03-06 05:57:17 --> URI Class Initialized
INFO - 2020-03-06 05:57:17 --> Router Class Initialized
INFO - 2020-03-06 05:57:17 --> Output Class Initialized
INFO - 2020-03-06 05:57:17 --> Security Class Initialized
DEBUG - 2020-03-06 05:57:17 --> Global POST, GET and COOKIE data sanitized
INFO - 2020-03-06 05:57:17 --> Input Class Initialized
INFO - 2020-03-06 05:57:17 --> Language Class Initialized
INFO - 2020-03-06 05:57:17 --> Loader Class Initialized
INFO - 2020-03-06 05:57:17 --> Helper loaded: url_helper
INFO - 2020-03-06 05:57:17 --> Helper loaded: file_helper
INFO - 2020-03-06 05:57:17 --> Helper loaded: string_helper
INFO - 2020-03-06 05:57:17 --> Database Driver Class Initialized
INFO - 2020-03-06 05:57:17 --> Email Class Initialized
DEBUG - 2020-03-06 05:57:17 --> Session: "sess_save_path" is empty; using "session.save_path" value from php.ini.
INFO - 2020-03-06 05:57:17 --> Session: Class initialized using 'files' driver.
INFO - 2020-03-06 05:57:17 --> Controller Class Initialized
INFO - 2020-03-06 05:57:17 --> Model "M_auth" initialized
INFO - 2020-03-06 05:57:17 --> Helper loaded: form_helper
INFO - 2020-03-06 05:57:17 --> Form Validation Class Initialized
INFO - 2020-03-06 05:57:17 --> Final output sent to browser
DEBUG - 2020-03-06 05:57:17 --> Total execution time: 0.1200
INFO - 2020-03-06 05:57:20 --> Config Class Initialized
INFO - 2020-03-06 05:57:20 --> Hooks Class Initialized
DEBUG - 2020-03-06 05:57:20 --> UTF-8 Support Enabled
INFO - 2020-03-06 05:57:20 --> Utf8 Class Initialized
INFO - 2020-03-06 05:57:20 --> URI Class Initialized
INFO - 2020-03-06 05:57:20 --> Router Class Initialized
INFO - 2020-03-06 05:57:20 --> Output Class Initialized
INFO - 2020-03-06 05:57:20 --> Security Class Initialized
DEBUG - 2020-03-06 05:57:20 --> Global POST, GET and COOKIE data sanitized
INFO - 2020-03-06 05:57:20 --> Input Class Initialized
INFO - 2020-03-06 05:57:20 --> Language Class Initialized
INFO - 2020-03-06 05:57:20 --> Loader Class Initialized
INFO - 2020-03-06 05:57:20 --> Helper loaded: url_helper
INFO - 2020-03-06 05:57:20 --> Helper loaded: file_helper
INFO - 2020-03-06 05:57:20 --> Helper loaded: string_helper
INFO - 2020-03-06 05:57:20 --> Database Driver Class Initialized
INFO - 2020-03-06 05:57:20 --> Email Class Initialized
DEBUG - 2020-03-06 05:57:20 --> Session: "sess_save_path" is empty; using "session.save_path" value from php.ini.
INFO - 2020-03-06 05:57:20 --> Session: Class initialized using 'files' driver.
INFO - 2020-03-06 05:57:20 --> Controller Class Initialized
INFO - 2020-03-06 05:57:20 --> Model "M_auth" initialized
INFO - 2020-03-06 05:57:20 --> Helper loaded: form_helper
INFO - 2020-03-06 05:57:20 --> Form Validation Class Initialized
INFO - 2020-03-06 05:57:20 --> Final output sent to browser
DEBUG - 2020-03-06 05:57:20 --> Total execution time: 0.0870
INFO - 2020-03-06 05:57:24 --> Config Class Initialized
INFO - 2020-03-06 05:57:24 --> Hooks Class Initialized
DEBUG - 2020-03-06 05:57:24 --> UTF-8 Support Enabled
INFO - 2020-03-06 05:57:24 --> Utf8 Class Initialized
INFO - 2020-03-06 05:57:24 --> URI Class Initialized
INFO - 2020-03-06 05:57:24 --> Router Class Initialized
INFO - 2020-03-06 05:57:24 --> Output Class Initialized
INFO - 2020-03-06 05:57:24 --> Security Class Initialized
DEBUG - 2020-03-06 05:57:24 --> Global POST, GET and COOKIE data sanitized
INFO - 2020-03-06 05:57:24 --> Input Class Initialized
INFO - 2020-03-06 05:57:24 --> Language Class Initialized
INFO - 2020-03-06 05:57:24 --> Loader Class Initialized
INFO - 2020-03-06 05:57:24 --> Helper loaded: url_helper
INFO - 2020-03-06 05:57:24 --> Helper loaded: file_helper
INFO - 2020-03-06 05:57:24 --> Helper loaded: string_helper
INFO - 2020-03-06 05:57:24 --> Database Driver Class Initialized
INFO - 2020-03-06 05:57:24 --> Email Class Initialized
DEBUG - 2020-03-06 05:57:24 --> Session: "sess_save_path" is empty; using "session.save_path" value from php.ini.
INFO - 2020-03-06 05:57:24 --> Session: Class initialized using 'files' driver.
INFO - 2020-03-06 05:57:24 --> Controller Class Initialized
INFO - 2020-03-06 05:57:24 --> Model "M_auth" initialized
INFO - 2020-03-06 05:57:24 --> Helper loaded: form_helper
INFO - 2020-03-06 05:57:24 --> Form Validation Class Initialized
INFO - 2020-03-06 05:57:24 --> Final output sent to browser
DEBUG - 2020-03-06 05:57:24 --> Total execution time: 0.1908
INFO - 2020-03-06 05:57:25 --> Config Class Initialized
INFO - 2020-03-06 05:57:25 --> Hooks Class Initialized
DEBUG - 2020-03-06 05:57:25 --> UTF-8 Support Enabled
INFO - 2020-03-06 05:57:25 --> Utf8 Class Initialized
INFO - 2020-03-06 05:57:25 --> URI Class Initialized
INFO - 2020-03-06 05:57:25 --> Router Class Initialized
INFO - 2020-03-06 05:57:25 --> Output Class Initialized
INFO - 2020-03-06 05:57:25 --> Security Class Initialized
DEBUG - 2020-03-06 05:57:25 --> Global POST, GET and COOKIE data sanitized
INFO - 2020-03-06 05:57:25 --> Input Class Initialized
INFO - 2020-03-06 05:57:25 --> Language Class Initialized
INFO - 2020-03-06 05:57:25 --> Loader Class Initialized
INFO - 2020-03-06 05:57:25 --> Helper loaded: url_helper
INFO - 2020-03-06 05:57:25 --> Helper loaded: file_helper
INFO - 2020-03-06 05:57:25 --> Helper loaded: string_helper
INFO - 2020-03-06 05:57:25 --> Database Driver Class Initialized
INFO - 2020-03-06 05:57:25 --> Email Class Initialized
DEBUG - 2020-03-06 05:57:25 --> Session: "sess_save_path" is empty; using "session.save_path" value from php.ini.
INFO - 2020-03-06 05:57:25 --> Session: Class initialized using 'files' driver.
INFO - 2020-03-06 05:57:25 --> Controller Class Initialized
INFO - 2020-03-06 05:57:25 --> Model "M_auth" initialized
INFO - 2020-03-06 05:57:25 --> Helper loaded: form_helper
INFO - 2020-03-06 05:57:25 --> Form Validation Class Initialized
INFO - 2020-03-06 05:57:25 --> Final output sent to browser
DEBUG - 2020-03-06 05:57:25 --> Total execution time: 0.0888
INFO - 2020-03-06 05:57:30 --> Config Class Initialized
INFO - 2020-03-06 05:57:30 --> Hooks Class Initialized
DEBUG - 2020-03-06 05:57:30 --> UTF-8 Support Enabled
INFO - 2020-03-06 05:57:30 --> Utf8 Class Initialized
INFO - 2020-03-06 05:57:30 --> URI Class Initialized
INFO - 2020-03-06 05:57:30 --> Router Class Initialized
INFO - 2020-03-06 05:57:30 --> Output Class Initialized
INFO - 2020-03-06 05:57:30 --> Security Class Initialized
DEBUG - 2020-03-06 05:57:30 --> Global POST, GET and COOKIE data sanitized
INFO - 2020-03-06 05:57:30 --> Input Class Initialized
INFO - 2020-03-06 05:57:30 --> Language Class Initialized
INFO - 2020-03-06 05:57:30 --> Loader Class Initialized
INFO - 2020-03-06 05:57:30 --> Helper loaded: url_helper
INFO - 2020-03-06 05:57:30 --> Helper loaded: file_helper
INFO - 2020-03-06 05:57:30 --> Helper loaded: string_helper
INFO - 2020-03-06 05:57:30 --> Database Driver Class Initialized
INFO - 2020-03-06 05:57:30 --> Email Class Initialized
DEBUG - 2020-03-06 05:57:30 --> Session: "sess_save_path" is empty; using "session.save_path" value from php.ini.
INFO - 2020-03-06 05:57:30 --> Session: Class initialized using 'files' driver.
INFO - 2020-03-06 05:57:30 --> Controller Class Initialized
INFO - 2020-03-06 05:57:30 --> Model "M_auth" initialized
INFO - 2020-03-06 05:57:30 --> Helper loaded: form_helper
INFO - 2020-03-06 05:57:30 --> Form Validation Class Initialized
INFO - 2020-03-06 05:57:30 --> Final output sent to browser
DEBUG - 2020-03-06 05:57:30 --> Total execution time: 0.0741
INFO - 2020-03-06 05:58:13 --> Config Class Initialized
INFO - 2020-03-06 05:58:13 --> Hooks Class Initialized
DEBUG - 2020-03-06 05:58:13 --> UTF-8 Support Enabled
INFO - 2020-03-06 05:58:13 --> Utf8 Class Initialized
INFO - 2020-03-06 05:58:13 --> URI Class Initialized
INFO - 2020-03-06 05:58:13 --> Router Class Initialized
INFO - 2020-03-06 05:58:13 --> Output Class Initialized
INFO - 2020-03-06 05:58:13 --> Security Class Initialized
DEBUG - 2020-03-06 05:58:13 --> Global POST, GET and COOKIE data sanitized
INFO - 2020-03-06 05:58:13 --> Input Class Initialized
INFO - 2020-03-06 05:58:13 --> Language Class Initialized
INFO - 2020-03-06 05:58:13 --> Loader Class Initialized
INFO - 2020-03-06 05:58:13 --> Helper loaded: url_helper
INFO - 2020-03-06 05:58:13 --> Helper loaded: file_helper
INFO - 2020-03-06 05:58:13 --> Helper loaded: string_helper
INFO - 2020-03-06 05:58:13 --> Database Driver Class Initialized
INFO - 2020-03-06 05:58:13 --> Email Class Initialized
DEBUG - 2020-03-06 05:58:13 --> Session: "sess_save_path" is empty; using "session.save_path" value from php.ini.
INFO - 2020-03-06 05:58:13 --> Session: Class initialized using 'files' driver.
INFO - 2020-03-06 05:58:13 --> Controller Class Initialized
INFO - 2020-03-06 05:58:13 --> Model "M_auth" initialized
INFO - 2020-03-06 05:58:13 --> Helper loaded: form_helper
INFO - 2020-03-06 05:58:13 --> Form Validation Class Initialized
INFO - 2020-03-06 05:58:13 --> File loaded: C:\xampp\htdocs\scholarship\industry\views\include/header.php
INFO - 2020-03-06 05:58:13 --> File loaded: C:\xampp\htdocs\scholarship\industry\views\include/footer.php
INFO - 2020-03-06 05:58:13 --> File loaded: C:\xampp\htdocs\scholarship\industry\views\include/msg.php
INFO - 2020-03-06 05:58:13 --> File loaded: C:\xampp\htdocs\scholarship\industry\views\auth/register.php
INFO - 2020-03-06 05:58:13 --> Final output sent to browser
DEBUG - 2020-03-06 05:58:13 --> Total execution time: 0.0914
INFO - 2020-03-06 05:58:17 --> Config Class Initialized
INFO - 2020-03-06 05:58:17 --> Hooks Class Initialized
DEBUG - 2020-03-06 05:58:17 --> UTF-8 Support Enabled
INFO - 2020-03-06 05:58:17 --> Utf8 Class Initialized
INFO - 2020-03-06 05:58:17 --> URI Class Initialized
INFO - 2020-03-06 05:58:17 --> Router Class Initialized
INFO - 2020-03-06 05:58:17 --> Output Class Initialized
INFO - 2020-03-06 05:58:17 --> Security Class Initialized
DEBUG - 2020-03-06 05:58:17 --> Global POST, GET and COOKIE data sanitized
INFO - 2020-03-06 05:58:17 --> Input Class Initialized
INFO - 2020-03-06 05:58:17 --> Language Class Initialized
INFO - 2020-03-06 05:58:17 --> Loader Class Initialized
INFO - 2020-03-06 05:58:17 --> Helper loaded: url_helper
INFO - 2020-03-06 05:58:17 --> Helper loaded: file_helper
INFO - 2020-03-06 05:58:17 --> Helper loaded: string_helper
INFO - 2020-03-06 05:58:17 --> Database Driver Class Initialized
INFO - 2020-03-06 05:58:17 --> Email Class Initialized
DEBUG - 2020-03-06 05:58:17 --> Session: "sess_save_path" is empty; using "session.save_path" value from php.ini.
INFO - 2020-03-06 05:58:17 --> Session: Class initialized using 'files' driver.
INFO - 2020-03-06 05:58:17 --> Controller Class Initialized
INFO - 2020-03-06 05:58:17 --> Model "M_auth" initialized
INFO - 2020-03-06 05:58:17 --> Helper loaded: form_helper
INFO - 2020-03-06 05:58:17 --> Form Validation Class Initialized
INFO - 2020-03-06 05:58:17 --> Final output sent to browser
DEBUG - 2020-03-06 05:58:17 --> Total execution time: 0.1004
INFO - 2020-03-06 05:58:19 --> Config Class Initialized
INFO - 2020-03-06 05:58:19 --> Hooks Class Initialized
DEBUG - 2020-03-06 05:58:19 --> UTF-8 Support Enabled
INFO - 2020-03-06 05:58:19 --> Utf8 Class Initialized
INFO - 2020-03-06 05:58:19 --> URI Class Initialized
INFO - 2020-03-06 05:58:19 --> Router Class Initialized
INFO - 2020-03-06 05:58:19 --> Output Class Initialized
INFO - 2020-03-06 05:58:19 --> Security Class Initialized
DEBUG - 2020-03-06 05:58:19 --> Global POST, GET and COOKIE data sanitized
INFO - 2020-03-06 05:58:19 --> Input Class Initialized
INFO - 2020-03-06 05:58:19 --> Language Class Initialized
INFO - 2020-03-06 05:58:19 --> Loader Class Initialized
INFO - 2020-03-06 05:58:19 --> Helper loaded: url_helper
INFO - 2020-03-06 05:58:19 --> Helper loaded: file_helper
INFO - 2020-03-06 05:58:19 --> Helper loaded: string_helper
INFO - 2020-03-06 05:58:19 --> Database Driver Class Initialized
INFO - 2020-03-06 05:58:19 --> Email Class Initialized
DEBUG - 2020-03-06 05:58:19 --> Session: "sess_save_path" is empty; using "session.save_path" value from php.ini.
INFO - 2020-03-06 05:58:19 --> Session: Class initialized using 'files' driver.
INFO - 2020-03-06 05:58:19 --> Controller Class Initialized
INFO - 2020-03-06 05:58:19 --> Model "M_auth" initialized
INFO - 2020-03-06 05:58:19 --> Helper loaded: form_helper
INFO - 2020-03-06 05:58:19 --> Form Validation Class Initialized
INFO - 2020-03-06 05:58:19 --> Final output sent to browser
DEBUG - 2020-03-06 05:58:19 --> Total execution time: 0.0849
INFO - 2020-03-06 05:58:21 --> Config Class Initialized
INFO - 2020-03-06 05:58:21 --> Hooks Class Initialized
DEBUG - 2020-03-06 05:58:21 --> UTF-8 Support Enabled
INFO - 2020-03-06 05:58:21 --> Utf8 Class Initialized
INFO - 2020-03-06 05:58:21 --> URI Class Initialized
INFO - 2020-03-06 05:58:21 --> Router Class Initialized
INFO - 2020-03-06 05:58:21 --> Output Class Initialized
INFO - 2020-03-06 05:58:21 --> Security Class Initialized
DEBUG - 2020-03-06 05:58:21 --> Global POST, GET and COOKIE data sanitized
INFO - 2020-03-06 05:58:21 --> Input Class Initialized
INFO - 2020-03-06 05:58:21 --> Language Class Initialized
INFO - 2020-03-06 05:58:21 --> Loader Class Initialized
INFO - 2020-03-06 05:58:21 --> Helper loaded: url_helper
INFO - 2020-03-06 05:58:21 --> Helper loaded: file_helper
INFO - 2020-03-06 05:58:21 --> Helper loaded: string_helper
INFO - 2020-03-06 05:58:21 --> Database Driver Class Initialized
INFO - 2020-03-06 05:58:21 --> Email Class Initialized
DEBUG - 2020-03-06 05:58:21 --> Session: "sess_save_path" is empty; using "session.save_path" value from php.ini.
INFO - 2020-03-06 05:58:21 --> Session: Class initialized using 'files' driver.
INFO - 2020-03-06 05:58:21 --> Controller Class Initialized
INFO - 2020-03-06 05:58:21 --> Model "M_auth" initialized
INFO - 2020-03-06 05:58:21 --> Helper loaded: form_helper
INFO - 2020-03-06 05:58:21 --> Form Validation Class Initialized
INFO - 2020-03-06 05:58:21 --> Final output sent to browser
DEBUG - 2020-03-06 05:58:21 --> Total execution time: 0.0763
INFO - 2020-03-06 05:58:25 --> Config Class Initialized
INFO - 2020-03-06 05:58:25 --> Hooks Class Initialized
DEBUG - 2020-03-06 05:58:25 --> UTF-8 Support Enabled
INFO - 2020-03-06 05:58:25 --> Utf8 Class Initialized
INFO - 2020-03-06 05:58:25 --> URI Class Initialized
INFO - 2020-03-06 05:58:25 --> Router Class Initialized
INFO - 2020-03-06 05:58:25 --> Output Class Initialized
INFO - 2020-03-06 05:58:25 --> Security Class Initialized
DEBUG - 2020-03-06 05:58:25 --> Global POST, GET and COOKIE data sanitized
INFO - 2020-03-06 05:58:25 --> Input Class Initialized
INFO - 2020-03-06 05:58:25 --> Language Class Initialized
INFO - 2020-03-06 05:58:25 --> Loader Class Initialized
INFO - 2020-03-06 05:58:25 --> Helper loaded: url_helper
INFO - 2020-03-06 05:58:25 --> Helper loaded: file_helper
INFO - 2020-03-06 05:58:25 --> Helper loaded: string_helper
INFO - 2020-03-06 05:58:25 --> Database Driver Class Initialized
INFO - 2020-03-06 05:58:25 --> Email Class Initialized
DEBUG - 2020-03-06 05:58:25 --> Session: "sess_save_path" is empty; using "session.save_path" value from php.ini.
INFO - 2020-03-06 05:58:25 --> Session: Class initialized using 'files' driver.
INFO - 2020-03-06 05:58:25 --> Controller Class Initialized
INFO - 2020-03-06 05:58:25 --> Model "M_auth" initialized
INFO - 2020-03-06 05:58:25 --> Helper loaded: form_helper
INFO - 2020-03-06 05:58:25 --> Form Validation Class Initialized
INFO - 2020-03-06 05:58:25 --> Final output sent to browser
DEBUG - 2020-03-06 05:58:25 --> Total execution time: 0.1977
INFO - 2020-03-06 05:58:27 --> Config Class Initialized
INFO - 2020-03-06 05:58:27 --> Hooks Class Initialized
DEBUG - 2020-03-06 05:58:27 --> UTF-8 Support Enabled
INFO - 2020-03-06 05:58:27 --> Utf8 Class Initialized
INFO - 2020-03-06 05:58:27 --> URI Class Initialized
INFO - 2020-03-06 05:58:27 --> Router Class Initialized
INFO - 2020-03-06 05:58:27 --> Output Class Initialized
INFO - 2020-03-06 05:58:27 --> Security Class Initialized
DEBUG - 2020-03-06 05:58:27 --> Global POST, GET and COOKIE data sanitized
INFO - 2020-03-06 05:58:27 --> Input Class Initialized
INFO - 2020-03-06 05:58:27 --> Language Class Initialized
INFO - 2020-03-06 05:58:27 --> Loader Class Initialized
INFO - 2020-03-06 05:58:27 --> Helper loaded: url_helper
INFO - 2020-03-06 05:58:27 --> Helper loaded: file_helper
INFO - 2020-03-06 05:58:27 --> Helper loaded: string_helper
INFO - 2020-03-06 05:58:27 --> Database Driver Class Initialized
INFO - 2020-03-06 05:58:27 --> Email Class Initialized
DEBUG - 2020-03-06 05:58:27 --> Session: "sess_save_path" is empty; using "session.save_path" value from php.ini.
INFO - 2020-03-06 05:58:27 --> Session: Class initialized using 'files' driver.
INFO - 2020-03-06 05:58:27 --> Controller Class Initialized
INFO - 2020-03-06 05:58:27 --> Model "M_auth" initialized
INFO - 2020-03-06 05:58:27 --> Helper loaded: form_helper
INFO - 2020-03-06 05:58:27 --> Form Validation Class Initialized
INFO - 2020-03-06 05:58:27 --> Final output sent to browser
DEBUG - 2020-03-06 05:58:27 --> Total execution time: 0.1186
INFO - 2020-03-06 05:58:30 --> Config Class Initialized
INFO - 2020-03-06 05:58:30 --> Hooks Class Initialized
DEBUG - 2020-03-06 05:58:30 --> UTF-8 Support Enabled
INFO - 2020-03-06 05:58:30 --> Utf8 Class Initialized
INFO - 2020-03-06 05:58:30 --> URI Class Initialized
INFO - 2020-03-06 05:58:30 --> Router Class Initialized
INFO - 2020-03-06 05:58:30 --> Output Class Initialized
INFO - 2020-03-06 05:58:30 --> Security Class Initialized
DEBUG - 2020-03-06 05:58:30 --> Global POST, GET and COOKIE data sanitized
INFO - 2020-03-06 05:58:30 --> Input Class Initialized
INFO - 2020-03-06 05:58:30 --> Language Class Initialized
INFO - 2020-03-06 05:58:30 --> Loader Class Initialized
INFO - 2020-03-06 05:58:30 --> Helper loaded: url_helper
INFO - 2020-03-06 05:58:30 --> Helper loaded: file_helper
INFO - 2020-03-06 05:58:30 --> Helper loaded: string_helper
INFO - 2020-03-06 05:58:30 --> Database Driver Class Initialized
INFO - 2020-03-06 05:58:30 --> Email Class Initialized
DEBUG - 2020-03-06 05:58:30 --> Session: "sess_save_path" is empty; using "session.save_path" value from php.ini.
INFO - 2020-03-06 05:58:30 --> Session: Class initialized using 'files' driver.
INFO - 2020-03-06 05:58:30 --> Controller Class Initialized
INFO - 2020-03-06 05:58:30 --> Model "M_auth" initialized
INFO - 2020-03-06 05:58:30 --> Helper loaded: form_helper
INFO - 2020-03-06 05:58:30 --> Form Validation Class Initialized
INFO - 2020-03-06 05:58:30 --> Final output sent to browser
DEBUG - 2020-03-06 05:58:30 --> Total execution time: 0.1021
INFO - 2020-03-06 05:59:08 --> Config Class Initialized
INFO - 2020-03-06 05:59:08 --> Hooks Class Initialized
DEBUG - 2020-03-06 05:59:08 --> UTF-8 Support Enabled
INFO - 2020-03-06 05:59:08 --> Utf8 Class Initialized
INFO - 2020-03-06 05:59:08 --> URI Class Initialized
INFO - 2020-03-06 05:59:08 --> Router Class Initialized
INFO - 2020-03-06 05:59:08 --> Output Class Initialized
INFO - 2020-03-06 05:59:08 --> Security Class Initialized
DEBUG - 2020-03-06 05:59:08 --> Global POST, GET and COOKIE data sanitized
INFO - 2020-03-06 05:59:08 --> Input Class Initialized
INFO - 2020-03-06 05:59:08 --> Language Class Initialized
INFO - 2020-03-06 05:59:08 --> Loader Class Initialized
INFO - 2020-03-06 05:59:08 --> Helper loaded: url_helper
INFO - 2020-03-06 05:59:08 --> Helper loaded: file_helper
INFO - 2020-03-06 05:59:08 --> Helper loaded: string_helper
INFO - 2020-03-06 05:59:08 --> Database Driver Class Initialized
INFO - 2020-03-06 05:59:08 --> Email Class Initialized
DEBUG - 2020-03-06 05:59:08 --> Session: "sess_save_path" is empty; using "session.save_path" value from php.ini.
INFO - 2020-03-06 05:59:08 --> Session: Class initialized using 'files' driver.
INFO - 2020-03-06 05:59:08 --> Controller Class Initialized
INFO - 2020-03-06 05:59:08 --> Model "M_auth" initialized
INFO - 2020-03-06 05:59:08 --> Helper loaded: form_helper
INFO - 2020-03-06 05:59:08 --> Form Validation Class Initialized
ERROR - 2020-03-06 05:59:08 --> Severity: Notice --> Undefined property: auth::$sc_acheck C:\xampp\htdocs\scholarship\industry\controllers\Auth.php 173
ERROR - 2020-03-06 05:59:08 --> Severity: error --> Exception: Call to a member function sus_mail() on null C:\xampp\htdocs\scholarship\industry\controllers\Auth.php 173
INFO - 2020-03-06 05:59:33 --> Config Class Initialized
INFO - 2020-03-06 05:59:33 --> Hooks Class Initialized
DEBUG - 2020-03-06 05:59:33 --> UTF-8 Support Enabled
INFO - 2020-03-06 05:59:33 --> Utf8 Class Initialized
INFO - 2020-03-06 05:59:33 --> URI Class Initialized
INFO - 2020-03-06 05:59:33 --> Router Class Initialized
INFO - 2020-03-06 05:59:33 --> Output Class Initialized
INFO - 2020-03-06 05:59:33 --> Security Class Initialized
DEBUG - 2020-03-06 05:59:33 --> Global POST, GET and COOKIE data sanitized
INFO - 2020-03-06 05:59:33 --> Input Class Initialized
INFO - 2020-03-06 05:59:33 --> Language Class Initialized
INFO - 2020-03-06 05:59:33 --> Loader Class Initialized
INFO - 2020-03-06 05:59:33 --> Helper loaded: url_helper
INFO - 2020-03-06 05:59:33 --> Helper loaded: file_helper
INFO - 2020-03-06 05:59:33 --> Helper loaded: string_helper
INFO - 2020-03-06 05:59:33 --> Database Driver Class Initialized
INFO - 2020-03-06 05:59:33 --> Email Class Initialized
DEBUG - 2020-03-06 05:59:33 --> Session: "sess_save_path" is empty; using "session.save_path" value from php.ini.
INFO - 2020-03-06 05:59:33 --> Session: Class initialized using 'files' driver.
INFO - 2020-03-06 05:59:33 --> Controller Class Initialized
INFO - 2020-03-06 05:59:33 --> Model "M_auth" initialized
INFO - 2020-03-06 05:59:33 --> Helper loaded: form_helper
INFO - 2020-03-06 05:59:33 --> Form Validation Class Initialized
ERROR - 2020-03-06 05:59:33 --> Severity: Notice --> Undefined variable: mail C:\xampp\htdocs\scholarship\industry\libraries\Sc_check.php 30
ERROR - 2020-03-06 05:59:33 --> Severity: Notice --> Undefined property: Sc_check::$input C:\xampp\htdocs\scholarship\industry\libraries\Sc_check.php 31
ERROR - 2020-03-06 05:59:33 --> Severity: error --> Exception: Call to a member function ip_address() on null C:\xampp\htdocs\scholarship\industry\libraries\Sc_check.php 31
INFO - 2020-03-06 05:59:56 --> Config Class Initialized
INFO - 2020-03-06 05:59:56 --> Hooks Class Initialized
DEBUG - 2020-03-06 05:59:56 --> UTF-8 Support Enabled
INFO - 2020-03-06 05:59:56 --> Utf8 Class Initialized
INFO - 2020-03-06 05:59:56 --> URI Class Initialized
INFO - 2020-03-06 05:59:56 --> Router Class Initialized
INFO - 2020-03-06 05:59:56 --> Output Class Initialized
INFO - 2020-03-06 05:59:56 --> Security Class Initialized
DEBUG - 2020-03-06 05:59:56 --> Global POST, GET and COOKIE data sanitized
INFO - 2020-03-06 05:59:56 --> Input Class Initialized
INFO - 2020-03-06 05:59:56 --> Language Class Initialized
INFO - 2020-03-06 05:59:56 --> Loader Class Initialized
INFO - 2020-03-06 05:59:56 --> Helper loaded: url_helper
INFO - 2020-03-06 05:59:56 --> Helper loaded: file_helper
INFO - 2020-03-06 05:59:56 --> Helper loaded: string_helper
INFO - 2020-03-06 05:59:56 --> Database Driver Class Initialized
INFO - 2020-03-06 05:59:56 --> Email Class Initialized
DEBUG - 2020-03-06 05:59:56 --> Session: "sess_save_path" is empty; using "session.save_path" value from php.ini.
INFO - 2020-03-06 05:59:56 --> Session: Class initialized using 'files' driver.
INFO - 2020-03-06 05:59:56 --> Controller Class Initialized
INFO - 2020-03-06 05:59:56 --> Model "M_auth" initialized
INFO - 2020-03-06 05:59:56 --> Helper loaded: form_helper
INFO - 2020-03-06 05:59:56 --> Form Validation Class Initialized
ERROR - 2020-03-06 05:59:56 --> Severity: Notice --> Undefined variable: mail C:\xampp\htdocs\scholarship\industry\libraries\Sc_check.php 30
ERROR - 2020-03-06 05:59:56 --> Severity: Notice --> Undefined property: Sc_check::$input C:\xampp\htdocs\scholarship\industry\libraries\Sc_check.php 31
ERROR - 2020-03-06 05:59:56 --> Severity: error --> Exception: Call to a member function ip_address() on null C:\xampp\htdocs\scholarship\industry\libraries\Sc_check.php 31
INFO - 2020-03-06 06:00:04 --> Config Class Initialized
INFO - 2020-03-06 06:00:04 --> Hooks Class Initialized
DEBUG - 2020-03-06 06:00:04 --> UTF-8 Support Enabled
INFO - 2020-03-06 06:00:04 --> Utf8 Class Initialized
INFO - 2020-03-06 06:00:04 --> URI Class Initialized
INFO - 2020-03-06 06:00:04 --> Router Class Initialized
INFO - 2020-03-06 06:00:04 --> Output Class Initialized
INFO - 2020-03-06 06:00:04 --> Security Class Initialized
DEBUG - 2020-03-06 06:00:04 --> Global POST, GET and COOKIE data sanitized
INFO - 2020-03-06 06:00:04 --> Input Class Initialized
INFO - 2020-03-06 06:00:04 --> Language Class Initialized
INFO - 2020-03-06 06:00:04 --> Loader Class Initialized
INFO - 2020-03-06 06:00:04 --> Helper loaded: url_helper
INFO - 2020-03-06 06:00:04 --> Helper loaded: file_helper
INFO - 2020-03-06 06:00:04 --> Helper loaded: string_helper
INFO - 2020-03-06 06:00:04 --> Database Driver Class Initialized
INFO - 2020-03-06 06:00:04 --> Email Class Initialized
DEBUG - 2020-03-06 06:00:04 --> Session: "sess_save_path" is empty; using "session.save_path" value from php.ini.
INFO - 2020-03-06 06:00:04 --> Session: Class initialized using 'files' driver.
INFO - 2020-03-06 06:00:04 --> Controller Class Initialized
INFO - 2020-03-06 06:00:04 --> Model "M_auth" initialized
INFO - 2020-03-06 06:00:04 --> Helper loaded: form_helper
INFO - 2020-03-06 06:00:04 --> Form Validation Class Initialized
ERROR - 2020-03-06 06:00:04 --> Severity: Notice --> Undefined property: Sc_check::$input C:\xampp\htdocs\scholarship\industry\libraries\Sc_check.php 31
ERROR - 2020-03-06 06:00:04 --> Severity: error --> Exception: Call to a member function ip_address() on null C:\xampp\htdocs\scholarship\industry\libraries\Sc_check.php 31
INFO - 2020-03-06 06:00:19 --> Config Class Initialized
INFO - 2020-03-06 06:00:19 --> Hooks Class Initialized
DEBUG - 2020-03-06 06:00:19 --> UTF-8 Support Enabled
INFO - 2020-03-06 06:00:19 --> Utf8 Class Initialized
INFO - 2020-03-06 06:00:19 --> URI Class Initialized
INFO - 2020-03-06 06:00:19 --> Router Class Initialized
INFO - 2020-03-06 06:00:19 --> Output Class Initialized
INFO - 2020-03-06 06:00:19 --> Security Class Initialized
DEBUG - 2020-03-06 06:00:19 --> Global POST, GET and COOKIE data sanitized
INFO - 2020-03-06 06:00:19 --> Input Class Initialized
INFO - 2020-03-06 06:00:19 --> Language Class Initialized
INFO - 2020-03-06 06:00:19 --> Loader Class Initialized
INFO - 2020-03-06 06:00:19 --> Helper loaded: url_helper
INFO - 2020-03-06 06:00:19 --> Helper loaded: file_helper
INFO - 2020-03-06 06:00:19 --> Helper loaded: string_helper
INFO - 2020-03-06 06:00:19 --> Database Driver Class Initialized
INFO - 2020-03-06 06:00:19 --> Email Class Initialized
DEBUG - 2020-03-06 06:00:19 --> Session: "sess_save_path" is empty; using "session.save_path" value from php.ini.
INFO - 2020-03-06 06:00:19 --> Session: Class initialized using 'files' driver.
INFO - 2020-03-06 06:00:19 --> Controller Class Initialized
INFO - 2020-03-06 06:00:19 --> Model "M_auth" initialized
INFO - 2020-03-06 06:00:19 --> Helper loaded: form_helper
INFO - 2020-03-06 06:00:19 --> Form Validation Class Initialized
DEBUG - 2020-03-06 06:00:19 --> Config file loaded: C:\xampp\htdocs\scholarship\industry\config/email.php
DEBUG - 2020-03-06 06:00:19 --> Email class already loaded. Second attempt ignored.
INFO - 2020-03-06 06:00:19 --> File loaded: C:\xampp\htdocs\scholarship\industry\views\mail/suspic.php
INFO - 2020-03-06 06:00:20 --> Language file loaded: language/english/email_lang.php
DEBUG - 2020-03-06 06:00:23 --> Email class already loaded. Second attempt ignored.
INFO - 2020-03-06 06:00:23 --> File loaded: C:\xampp\htdocs\scholarship\industry\views\mail/suspic.php
DEBUG - 2020-03-06 06:00:26 --> Email class already loaded. Second attempt ignored.
INFO - 2020-03-06 06:00:26 --> File loaded: C:\xampp\htdocs\scholarship\industry\views\mail/suspic.php
INFO - 2020-03-06 06:00:40 --> Config Class Initialized
INFO - 2020-03-06 06:00:40 --> Hooks Class Initialized
DEBUG - 2020-03-06 06:00:40 --> UTF-8 Support Enabled
INFO - 2020-03-06 06:00:40 --> Utf8 Class Initialized
INFO - 2020-03-06 06:00:40 --> URI Class Initialized
INFO - 2020-03-06 06:00:40 --> Router Class Initialized
INFO - 2020-03-06 06:00:40 --> Output Class Initialized
INFO - 2020-03-06 06:00:40 --> Security Class Initialized
DEBUG - 2020-03-06 06:00:40 --> Global POST, GET and COOKIE data sanitized
INFO - 2020-03-06 06:00:40 --> Input Class Initialized
INFO - 2020-03-06 06:00:40 --> Language Class Initialized
INFO - 2020-03-06 06:00:40 --> Loader Class Initialized
INFO - 2020-03-06 06:00:40 --> Helper loaded: url_helper
INFO - 2020-03-06 06:00:40 --> Helper loaded: file_helper
INFO - 2020-03-06 06:00:40 --> Helper loaded: string_helper
INFO - 2020-03-06 06:00:40 --> Database Driver Class Initialized
INFO - 2020-03-06 06:00:40 --> Email Class Initialized
DEBUG - 2020-03-06 06:00:40 --> Session: "sess_save_path" is empty; using "session.save_path" value from php.ini.
INFO - 2020-03-06 06:00:40 --> Session: Class initialized using 'files' driver.
INFO - 2020-03-06 06:00:40 --> Controller Class Initialized
INFO - 2020-03-06 06:00:40 --> Model "M_auth" initialized
INFO - 2020-03-06 06:00:40 --> Helper loaded: form_helper
INFO - 2020-03-06 06:00:40 --> Form Validation Class Initialized
INFO - 2020-03-06 06:00:40 --> File loaded: C:\xampp\htdocs\scholarship\industry\views\include/header.php
INFO - 2020-03-06 06:00:40 --> File loaded: C:\xampp\htdocs\scholarship\industry\views\include/footer.php
INFO - 2020-03-06 06:00:40 --> File loaded: C:\xampp\htdocs\scholarship\industry\views\include/msg.php
INFO - 2020-03-06 06:00:40 --> File loaded: C:\xampp\htdocs\scholarship\industry\views\auth/register.php
INFO - 2020-03-06 06:00:40 --> Final output sent to browser
DEBUG - 2020-03-06 06:00:40 --> Total execution time: 0.1126
INFO - 2020-03-06 06:01:11 --> Config Class Initialized
INFO - 2020-03-06 06:01:11 --> Hooks Class Initialized
DEBUG - 2020-03-06 06:01:11 --> UTF-8 Support Enabled
INFO - 2020-03-06 06:01:11 --> Utf8 Class Initialized
INFO - 2020-03-06 06:01:11 --> URI Class Initialized
INFO - 2020-03-06 06:01:11 --> Router Class Initialized
INFO - 2020-03-06 06:01:11 --> Output Class Initialized
INFO - 2020-03-06 06:01:11 --> Security Class Initialized
DEBUG - 2020-03-06 06:01:11 --> Global POST, GET and COOKIE data sanitized
INFO - 2020-03-06 06:01:11 --> Input Class Initialized
INFO - 2020-03-06 06:01:11 --> Language Class Initialized
INFO - 2020-03-06 06:01:11 --> Loader Class Initialized
INFO - 2020-03-06 06:01:11 --> Helper loaded: url_helper
INFO - 2020-03-06 06:01:11 --> Helper loaded: file_helper
INFO - 2020-03-06 06:01:11 --> Helper loaded: string_helper
INFO - 2020-03-06 06:01:11 --> Database Driver Class Initialized
INFO - 2020-03-06 06:01:11 --> Email Class Initialized
DEBUG - 2020-03-06 06:01:11 --> Session: "sess_save_path" is empty; using "session.save_path" value from php.ini.
INFO - 2020-03-06 06:01:11 --> Session: Class initialized using 'files' driver.
INFO - 2020-03-06 06:01:11 --> Controller Class Initialized
INFO - 2020-03-06 06:01:11 --> Model "M_auth" initialized
INFO - 2020-03-06 06:01:11 --> Helper loaded: form_helper
INFO - 2020-03-06 06:01:11 --> Form Validation Class Initialized
INFO - 2020-03-06 06:01:11 --> Final output sent to browser
DEBUG - 2020-03-06 06:01:11 --> Total execution time: 0.1200
INFO - 2020-03-06 06:01:13 --> Config Class Initialized
INFO - 2020-03-06 06:01:13 --> Hooks Class Initialized
DEBUG - 2020-03-06 06:01:13 --> UTF-8 Support Enabled
INFO - 2020-03-06 06:01:13 --> Utf8 Class Initialized
INFO - 2020-03-06 06:01:13 --> URI Class Initialized
INFO - 2020-03-06 06:01:13 --> Router Class Initialized
INFO - 2020-03-06 06:01:13 --> Output Class Initialized
INFO - 2020-03-06 06:01:13 --> Security Class Initialized
DEBUG - 2020-03-06 06:01:13 --> Global POST, GET and COOKIE data sanitized
INFO - 2020-03-06 06:01:13 --> Input Class Initialized
INFO - 2020-03-06 06:01:13 --> Language Class Initialized
INFO - 2020-03-06 06:01:13 --> Loader Class Initialized
INFO - 2020-03-06 06:01:13 --> Helper loaded: url_helper
INFO - 2020-03-06 06:01:13 --> Helper loaded: file_helper
INFO - 2020-03-06 06:01:13 --> Helper loaded: string_helper
INFO - 2020-03-06 06:01:13 --> Database Driver Class Initialized
INFO - 2020-03-06 06:01:13 --> Email Class Initialized
DEBUG - 2020-03-06 06:01:13 --> Session: "sess_save_path" is empty; using "session.save_path" value from php.ini.
INFO - 2020-03-06 06:01:13 --> Session: Class initialized using 'files' driver.
INFO - 2020-03-06 06:01:13 --> Controller Class Initialized
INFO - 2020-03-06 06:01:13 --> Model "M_auth" initialized
INFO - 2020-03-06 06:01:13 --> Helper loaded: form_helper
INFO - 2020-03-06 06:01:13 --> Form Validation Class Initialized
INFO - 2020-03-06 06:01:13 --> Final output sent to browser
DEBUG - 2020-03-06 06:01:13 --> Total execution time: 0.1009
INFO - 2020-03-06 06:01:14 --> Config Class Initialized
INFO - 2020-03-06 06:01:14 --> Hooks Class Initialized
DEBUG - 2020-03-06 06:01:14 --> UTF-8 Support Enabled
INFO - 2020-03-06 06:01:14 --> Utf8 Class Initialized
INFO - 2020-03-06 06:01:14 --> URI Class Initialized
INFO - 2020-03-06 06:01:14 --> Router Class Initialized
INFO - 2020-03-06 06:01:14 --> Output Class Initialized
INFO - 2020-03-06 06:01:14 --> Security Class Initialized
DEBUG - 2020-03-06 06:01:14 --> Global POST, GET and COOKIE data sanitized
INFO - 2020-03-06 06:01:14 --> Input Class Initialized
INFO - 2020-03-06 06:01:14 --> Language Class Initialized
INFO - 2020-03-06 06:01:14 --> Loader Class Initialized
INFO - 2020-03-06 06:01:14 --> Helper loaded: url_helper
INFO - 2020-03-06 06:01:14 --> Helper loaded: file_helper
INFO - 2020-03-06 06:01:14 --> Helper loaded: string_helper
INFO - 2020-03-06 06:01:14 --> Database Driver Class Initialized
INFO - 2020-03-06 06:01:14 --> Email Class Initialized
DEBUG - 2020-03-06 06:01:14 --> Session: "sess_save_path" is empty; using "session.save_path" value from php.ini.
INFO - 2020-03-06 06:01:14 --> Session: Class initialized using 'files' driver.
INFO - 2020-03-06 06:01:14 --> Controller Class Initialized
INFO - 2020-03-06 06:01:14 --> Model "M_auth" initialized
INFO - 2020-03-06 06:01:14 --> Helper loaded: form_helper
INFO - 2020-03-06 06:01:14 --> Form Validation Class Initialized
INFO - 2020-03-06 06:01:14 --> Final output sent to browser
DEBUG - 2020-03-06 06:01:14 --> Total execution time: 0.0702
INFO - 2020-03-06 06:01:18 --> Config Class Initialized
INFO - 2020-03-06 06:01:18 --> Hooks Class Initialized
DEBUG - 2020-03-06 06:01:18 --> UTF-8 Support Enabled
INFO - 2020-03-06 06:01:18 --> Utf8 Class Initialized
INFO - 2020-03-06 06:01:18 --> URI Class Initialized
INFO - 2020-03-06 06:01:18 --> Router Class Initialized
INFO - 2020-03-06 06:01:18 --> Output Class Initialized
INFO - 2020-03-06 06:01:18 --> Security Class Initialized
DEBUG - 2020-03-06 06:01:18 --> Global POST, GET and COOKIE data sanitized
INFO - 2020-03-06 06:01:18 --> Input Class Initialized
INFO - 2020-03-06 06:01:18 --> Language Class Initialized
INFO - 2020-03-06 06:01:18 --> Loader Class Initialized
INFO - 2020-03-06 06:01:18 --> Helper loaded: url_helper
INFO - 2020-03-06 06:01:18 --> Helper loaded: file_helper
INFO - 2020-03-06 06:01:18 --> Helper loaded: string_helper
INFO - 2020-03-06 06:01:18 --> Database Driver Class Initialized
INFO - 2020-03-06 06:01:18 --> Email Class Initialized
DEBUG - 2020-03-06 06:01:18 --> Session: "sess_save_path" is empty; using "session.save_path" value from php.ini.
INFO - 2020-03-06 06:01:18 --> Session: Class initialized using 'files' driver.
INFO - 2020-03-06 06:01:18 --> Controller Class Initialized
INFO - 2020-03-06 06:01:18 --> Model "M_auth" initialized
INFO - 2020-03-06 06:01:18 --> Helper loaded: form_helper
INFO - 2020-03-06 06:01:18 --> Form Validation Class Initialized
INFO - 2020-03-06 06:01:18 --> Final output sent to browser
DEBUG - 2020-03-06 06:01:18 --> Total execution time: 0.0943
INFO - 2020-03-06 06:01:22 --> Config Class Initialized
INFO - 2020-03-06 06:01:22 --> Hooks Class Initialized
DEBUG - 2020-03-06 06:01:22 --> UTF-8 Support Enabled
INFO - 2020-03-06 06:01:22 --> Utf8 Class Initialized
INFO - 2020-03-06 06:01:22 --> URI Class Initialized
INFO - 2020-03-06 06:01:22 --> Router Class Initialized
INFO - 2020-03-06 06:01:22 --> Output Class Initialized
INFO - 2020-03-06 06:01:22 --> Security Class Initialized
DEBUG - 2020-03-06 06:01:22 --> Global POST, GET and COOKIE data sanitized
INFO - 2020-03-06 06:01:22 --> Input Class Initialized
INFO - 2020-03-06 06:01:22 --> Language Class Initialized
INFO - 2020-03-06 06:01:22 --> Loader Class Initialized
INFO - 2020-03-06 06:01:22 --> Helper loaded: url_helper
INFO - 2020-03-06 06:01:22 --> Helper loaded: file_helper
INFO - 2020-03-06 06:01:22 --> Helper loaded: string_helper
INFO - 2020-03-06 06:01:22 --> Database Driver Class Initialized
INFO - 2020-03-06 06:01:22 --> Email Class Initialized
DEBUG - 2020-03-06 06:01:22 --> Session: "sess_save_path" is empty; using "session.save_path" value from php.ini.
INFO - 2020-03-06 06:01:22 --> Session: Class initialized using 'files' driver.
INFO - 2020-03-06 06:01:22 --> Controller Class Initialized
INFO - 2020-03-06 06:01:22 --> Model "M_auth" initialized
INFO - 2020-03-06 06:01:22 --> Helper loaded: form_helper
INFO - 2020-03-06 06:01:22 --> Form Validation Class Initialized
INFO - 2020-03-06 06:01:22 --> Final output sent to browser
DEBUG - 2020-03-06 06:01:22 --> Total execution time: 0.2074
INFO - 2020-03-06 06:01:23 --> Config Class Initialized
INFO - 2020-03-06 06:01:23 --> Hooks Class Initialized
DEBUG - 2020-03-06 06:01:23 --> UTF-8 Support Enabled
INFO - 2020-03-06 06:01:23 --> Utf8 Class Initialized
INFO - 2020-03-06 06:01:23 --> URI Class Initialized
INFO - 2020-03-06 06:01:23 --> Router Class Initialized
INFO - 2020-03-06 06:01:23 --> Output Class Initialized
INFO - 2020-03-06 06:01:23 --> Security Class Initialized
DEBUG - 2020-03-06 06:01:24 --> Global POST, GET and COOKIE data sanitized
INFO - 2020-03-06 06:01:24 --> Input Class Initialized
INFO - 2020-03-06 06:01:24 --> Language Class Initialized
INFO - 2020-03-06 06:01:24 --> Loader Class Initialized
INFO - 2020-03-06 06:01:24 --> Helper loaded: url_helper
INFO - 2020-03-06 06:01:24 --> Helper loaded: file_helper
INFO - 2020-03-06 06:01:24 --> Helper loaded: string_helper
INFO - 2020-03-06 06:01:24 --> Database Driver Class Initialized
INFO - 2020-03-06 06:01:24 --> Email Class Initialized
DEBUG - 2020-03-06 06:01:24 --> Session: "sess_save_path" is empty; using "session.save_path" value from php.ini.
INFO - 2020-03-06 06:01:24 --> Session: Class initialized using 'files' driver.
INFO - 2020-03-06 06:01:24 --> Controller Class Initialized
INFO - 2020-03-06 06:01:24 --> Model "M_auth" initialized
INFO - 2020-03-06 06:01:24 --> Helper loaded: form_helper
INFO - 2020-03-06 06:01:24 --> Form Validation Class Initialized
INFO - 2020-03-06 06:01:24 --> Final output sent to browser
DEBUG - 2020-03-06 06:01:24 --> Total execution time: 0.1146
INFO - 2020-03-06 06:01:26 --> Config Class Initialized
INFO - 2020-03-06 06:01:26 --> Hooks Class Initialized
DEBUG - 2020-03-06 06:01:26 --> UTF-8 Support Enabled
INFO - 2020-03-06 06:01:26 --> Utf8 Class Initialized
INFO - 2020-03-06 06:01:26 --> URI Class Initialized
INFO - 2020-03-06 06:01:26 --> Router Class Initialized
INFO - 2020-03-06 06:01:26 --> Output Class Initialized
INFO - 2020-03-06 06:01:26 --> Security Class Initialized
DEBUG - 2020-03-06 06:01:26 --> Global POST, GET and COOKIE data sanitized
INFO - 2020-03-06 06:01:26 --> Input Class Initialized
INFO - 2020-03-06 06:01:26 --> Language Class Initialized
INFO - 2020-03-06 06:01:26 --> Loader Class Initialized
INFO - 2020-03-06 06:01:26 --> Helper loaded: url_helper
INFO - 2020-03-06 06:01:26 --> Helper loaded: file_helper
INFO - 2020-03-06 06:01:26 --> Helper loaded: string_helper
INFO - 2020-03-06 06:01:26 --> Database Driver Class Initialized
INFO - 2020-03-06 06:01:26 --> Email Class Initialized
DEBUG - 2020-03-06 06:01:26 --> Session: "sess_save_path" is empty; using "session.save_path" value from php.ini.
INFO - 2020-03-06 06:01:26 --> Session: Class initialized using 'files' driver.
INFO - 2020-03-06 06:01:26 --> Controller Class Initialized
INFO - 2020-03-06 06:01:26 --> Model "M_auth" initialized
INFO - 2020-03-06 06:01:26 --> Helper loaded: form_helper
INFO - 2020-03-06 06:01:26 --> Form Validation Class Initialized
INFO - 2020-03-06 06:01:26 --> Final output sent to browser
DEBUG - 2020-03-06 06:01:26 --> Total execution time: 0.0945
INFO - 2020-03-06 06:01:28 --> Config Class Initialized
INFO - 2020-03-06 06:01:28 --> Hooks Class Initialized
DEBUG - 2020-03-06 06:01:28 --> UTF-8 Support Enabled
INFO - 2020-03-06 06:01:28 --> Utf8 Class Initialized
INFO - 2020-03-06 06:01:28 --> URI Class Initialized
INFO - 2020-03-06 06:01:28 --> Router Class Initialized
INFO - 2020-03-06 06:01:28 --> Output Class Initialized
INFO - 2020-03-06 06:01:28 --> Security Class Initialized
DEBUG - 2020-03-06 06:01:28 --> Global POST, GET and COOKIE data sanitized
INFO - 2020-03-06 06:01:28 --> Input Class Initialized
INFO - 2020-03-06 06:01:28 --> Language Class Initialized
INFO - 2020-03-06 06:01:28 --> Loader Class Initialized
INFO - 2020-03-06 06:01:28 --> Helper loaded: url_helper
INFO - 2020-03-06 06:01:28 --> Helper loaded: file_helper
INFO - 2020-03-06 06:01:28 --> Helper loaded: string_helper
INFO - 2020-03-06 06:01:28 --> Database Driver Class Initialized
INFO - 2020-03-06 06:01:28 --> Email Class Initialized
DEBUG - 2020-03-06 06:01:28 --> Session: "sess_save_path" is empty; using "session.save_path" value from php.ini.
INFO - 2020-03-06 06:01:28 --> Session: Class initialized using 'files' driver.
INFO - 2020-03-06 06:01:28 --> Controller Class Initialized
INFO - 2020-03-06 06:01:28 --> Model "M_auth" initialized
INFO - 2020-03-06 06:01:28 --> Helper loaded: form_helper
INFO - 2020-03-06 06:01:28 --> Form Validation Class Initialized
INFO - 2020-03-06 06:01:28 --> Final output sent to browser
DEBUG - 2020-03-06 06:01:28 --> Total execution time: 0.1957
INFO - 2020-03-06 06:01:29 --> Config Class Initialized
INFO - 2020-03-06 06:01:29 --> Hooks Class Initialized
INFO - 2020-03-06 06:01:29 --> Config Class Initialized
DEBUG - 2020-03-06 06:01:29 --> UTF-8 Support Enabled
INFO - 2020-03-06 06:01:29 --> Hooks Class Initialized
INFO - 2020-03-06 06:01:29 --> Utf8 Class Initialized
INFO - 2020-03-06 06:01:29 --> URI Class Initialized
DEBUG - 2020-03-06 06:01:29 --> UTF-8 Support Enabled
INFO - 2020-03-06 06:01:29 --> Utf8 Class Initialized
INFO - 2020-03-06 06:01:29 --> Router Class Initialized
INFO - 2020-03-06 06:01:29 --> URI Class Initialized
INFO - 2020-03-06 06:01:29 --> Output Class Initialized
INFO - 2020-03-06 06:01:29 --> Router Class Initialized
INFO - 2020-03-06 06:01:29 --> Security Class Initialized
INFO - 2020-03-06 06:01:29 --> Output Class Initialized
DEBUG - 2020-03-06 06:01:29 --> Global POST, GET and COOKIE data sanitized
INFO - 2020-03-06 06:01:29 --> Input Class Initialized
INFO - 2020-03-06 06:01:29 --> Language Class Initialized
INFO - 2020-03-06 06:01:29 --> Security Class Initialized
DEBUG - 2020-03-06 06:01:29 --> Global POST, GET and COOKIE data sanitized
INFO - 2020-03-06 06:01:29 --> Input Class Initialized
INFO - 2020-03-06 06:01:29 --> Loader Class Initialized
INFO - 2020-03-06 06:01:29 --> Language Class Initialized
INFO - 2020-03-06 06:01:29 --> Helper loaded: url_helper
INFO - 2020-03-06 06:01:29 --> Helper loaded: file_helper
INFO - 2020-03-06 06:01:29 --> Helper loaded: string_helper
INFO - 2020-03-06 06:01:29 --> Loader Class Initialized
INFO - 2020-03-06 06:01:29 --> Helper loaded: url_helper
INFO - 2020-03-06 06:01:29 --> Helper loaded: file_helper
INFO - 2020-03-06 06:01:29 --> Helper loaded: string_helper
INFO - 2020-03-06 06:01:29 --> Database Driver Class Initialized
INFO - 2020-03-06 06:01:29 --> Database Driver Class Initialized
INFO - 2020-03-06 06:01:29 --> Email Class Initialized
DEBUG - 2020-03-06 06:01:29 --> Session: "sess_save_path" is empty; using "session.save_path" value from php.ini.
INFO - 2020-03-06 06:01:29 --> Email Class Initialized
INFO - 2020-03-06 06:01:29 --> Session: Class initialized using 'files' driver.
INFO - 2020-03-06 06:01:29 --> Controller Class Initialized
DEBUG - 2020-03-06 06:01:29 --> Session: "sess_save_path" is empty; using "session.save_path" value from php.ini.
INFO - 2020-03-06 06:01:29 --> Model "M_auth" initialized
INFO - 2020-03-06 06:01:29 --> Helper loaded: form_helper
INFO - 2020-03-06 06:01:29 --> Form Validation Class Initialized
INFO - 2020-03-06 06:01:30 --> Final output sent to browser
DEBUG - 2020-03-06 06:01:30 --> Total execution time: 0.1278
INFO - 2020-03-06 06:01:30 --> Session: Class initialized using 'files' driver.
INFO - 2020-03-06 06:01:30 --> Controller Class Initialized
INFO - 2020-03-06 06:01:30 --> Model "M_auth" initialized
INFO - 2020-03-06 06:01:30 --> Helper loaded: form_helper
INFO - 2020-03-06 06:01:30 --> Form Validation Class Initialized
INFO - 2020-03-06 06:01:30 --> Final output sent to browser
DEBUG - 2020-03-06 06:01:30 --> Total execution time: 0.1511
INFO - 2020-03-06 06:01:31 --> Config Class Initialized
INFO - 2020-03-06 06:01:31 --> Hooks Class Initialized
DEBUG - 2020-03-06 06:01:31 --> UTF-8 Support Enabled
INFO - 2020-03-06 06:01:31 --> Utf8 Class Initialized
INFO - 2020-03-06 06:01:31 --> URI Class Initialized
INFO - 2020-03-06 06:01:31 --> Router Class Initialized
INFO - 2020-03-06 06:01:31 --> Output Class Initialized
INFO - 2020-03-06 06:01:31 --> Security Class Initialized
DEBUG - 2020-03-06 06:01:31 --> Global POST, GET and COOKIE data sanitized
INFO - 2020-03-06 06:01:31 --> Input Class Initialized
INFO - 2020-03-06 06:01:31 --> Language Class Initialized
INFO - 2020-03-06 06:01:31 --> Loader Class Initialized
INFO - 2020-03-06 06:01:31 --> Helper loaded: url_helper
INFO - 2020-03-06 06:01:31 --> Helper loaded: file_helper
INFO - 2020-03-06 06:01:31 --> Helper loaded: string_helper
INFO - 2020-03-06 06:01:31 --> Database Driver Class Initialized
INFO - 2020-03-06 06:01:31 --> Email Class Initialized
DEBUG - 2020-03-06 06:01:31 --> Session: "sess_save_path" is empty; using "session.save_path" value from php.ini.
INFO - 2020-03-06 06:01:31 --> Session: Class initialized using 'files' driver.
INFO - 2020-03-06 06:01:31 --> Controller Class Initialized
INFO - 2020-03-06 06:01:31 --> Model "M_auth" initialized
INFO - 2020-03-06 06:01:31 --> Helper loaded: form_helper
INFO - 2020-03-06 06:01:31 --> Form Validation Class Initialized
INFO - 2020-03-06 06:01:31 --> Final output sent to browser
DEBUG - 2020-03-06 06:01:31 --> Total execution time: 0.0827
INFO - 2020-03-06 06:01:46 --> Config Class Initialized
INFO - 2020-03-06 06:01:46 --> Hooks Class Initialized
DEBUG - 2020-03-06 06:01:46 --> UTF-8 Support Enabled
INFO - 2020-03-06 06:01:46 --> Utf8 Class Initialized
INFO - 2020-03-06 06:01:46 --> URI Class Initialized
INFO - 2020-03-06 06:01:46 --> Router Class Initialized
INFO - 2020-03-06 06:01:46 --> Output Class Initialized
INFO - 2020-03-06 06:01:46 --> Security Class Initialized
DEBUG - 2020-03-06 06:01:46 --> Global POST, GET and COOKIE data sanitized
INFO - 2020-03-06 06:01:46 --> Input Class Initialized
INFO - 2020-03-06 06:01:46 --> Language Class Initialized
INFO - 2020-03-06 06:01:46 --> Loader Class Initialized
INFO - 2020-03-06 06:01:46 --> Helper loaded: url_helper
INFO - 2020-03-06 06:01:46 --> Helper loaded: file_helper
INFO - 2020-03-06 06:01:46 --> Helper loaded: string_helper
INFO - 2020-03-06 06:01:46 --> Database Driver Class Initialized
INFO - 2020-03-06 06:01:46 --> Email Class Initialized
DEBUG - 2020-03-06 06:01:46 --> Session: "sess_save_path" is empty; using "session.save_path" value from php.ini.
INFO - 2020-03-06 06:01:46 --> Session: Class initialized using 'files' driver.
INFO - 2020-03-06 06:01:46 --> Controller Class Initialized
INFO - 2020-03-06 06:01:46 --> Model "M_auth" initialized
INFO - 2020-03-06 06:01:46 --> Helper loaded: form_helper
INFO - 2020-03-06 06:01:46 --> Form Validation Class Initialized
DEBUG - 2020-03-06 06:01:46 --> Config file loaded: C:\xampp\htdocs\scholarship\industry\config/email.php
DEBUG - 2020-03-06 06:01:46 --> Email class already loaded. Second attempt ignored.
INFO - 2020-03-06 06:01:46 --> File loaded: C:\xampp\htdocs\scholarship\industry\views\mail/suspic.php
INFO - 2020-03-06 06:01:47 --> Language file loaded: language/english/email_lang.php
DEBUG - 2020-03-06 06:01:49 --> Email class already loaded. Second attempt ignored.
INFO - 2020-03-06 06:01:49 --> File loaded: C:\xampp\htdocs\scholarship\industry\views\mail/suspic.php
DEBUG - 2020-03-06 06:01:53 --> Email class already loaded. Second attempt ignored.
INFO - 2020-03-06 06:01:53 --> File loaded: C:\xampp\htdocs\scholarship\industry\views\mail/suspic.php
INFO - 2020-03-06 06:01:57 --> Upload Class Initialized
INFO - 2020-03-06 06:01:57 --> Language file loaded: language/english/upload_lang.php
DEBUG - 2020-03-06 06:01:57 --> The filetype you are attempting to upload is not allowed.
INFO - 2020-03-06 06:01:57 --> Config Class Initialized
INFO - 2020-03-06 06:01:57 --> Hooks Class Initialized
DEBUG - 2020-03-06 06:01:57 --> UTF-8 Support Enabled
INFO - 2020-03-06 06:01:57 --> Utf8 Class Initialized
INFO - 2020-03-06 06:01:57 --> URI Class Initialized
INFO - 2020-03-06 06:01:57 --> Router Class Initialized
INFO - 2020-03-06 06:01:57 --> Output Class Initialized
INFO - 2020-03-06 06:01:57 --> Security Class Initialized
DEBUG - 2020-03-06 06:01:57 --> Global POST, GET and COOKIE data sanitized
INFO - 2020-03-06 06:01:57 --> Input Class Initialized
INFO - 2020-03-06 06:01:57 --> Language Class Initialized
INFO - 2020-03-06 06:01:57 --> Loader Class Initialized
INFO - 2020-03-06 06:01:57 --> Helper loaded: url_helper
INFO - 2020-03-06 06:01:57 --> Helper loaded: file_helper
INFO - 2020-03-06 06:01:57 --> Helper loaded: string_helper
INFO - 2020-03-06 06:01:57 --> Database Driver Class Initialized
INFO - 2020-03-06 06:01:57 --> Email Class Initialized
DEBUG - 2020-03-06 06:01:57 --> Session: "sess_save_path" is empty; using "session.save_path" value from php.ini.
INFO - 2020-03-06 06:01:57 --> Session: Class initialized using 'files' driver.
INFO - 2020-03-06 06:01:57 --> Controller Class Initialized
INFO - 2020-03-06 06:01:57 --> Model "M_auth" initialized
INFO - 2020-03-06 06:01:57 --> Helper loaded: form_helper
INFO - 2020-03-06 06:01:57 --> Form Validation Class Initialized
INFO - 2020-03-06 06:01:57 --> File loaded: C:\xampp\htdocs\scholarship\industry\views\include/header.php
INFO - 2020-03-06 06:01:57 --> File loaded: C:\xampp\htdocs\scholarship\industry\views\include/footer.php
INFO - 2020-03-06 06:01:57 --> File loaded: C:\xampp\htdocs\scholarship\industry\views\include/msg.php
INFO - 2020-03-06 06:01:57 --> File loaded: C:\xampp\htdocs\scholarship\industry\views\auth/register.php
INFO - 2020-03-06 06:01:57 --> Final output sent to browser
DEBUG - 2020-03-06 06:01:57 --> Total execution time: 0.0865
INFO - 2020-03-06 06:26:37 --> Config Class Initialized
INFO - 2020-03-06 06:26:37 --> Hooks Class Initialized
DEBUG - 2020-03-06 06:26:37 --> UTF-8 Support Enabled
INFO - 2020-03-06 06:26:37 --> Utf8 Class Initialized
INFO - 2020-03-06 06:26:37 --> URI Class Initialized
INFO - 2020-03-06 06:26:37 --> Router Class Initialized
INFO - 2020-03-06 06:26:37 --> Output Class Initialized
INFO - 2020-03-06 06:26:37 --> Security Class Initialized
DEBUG - 2020-03-06 06:26:37 --> Global POST, GET and COOKIE data sanitized
INFO - 2020-03-06 06:26:37 --> Input Class Initialized
INFO - 2020-03-06 06:26:37 --> Language Class Initialized
INFO - 2020-03-06 06:26:37 --> Loader Class Initialized
INFO - 2020-03-06 06:26:37 --> Helper loaded: url_helper
INFO - 2020-03-06 06:26:37 --> Helper loaded: file_helper
INFO - 2020-03-06 06:26:37 --> Helper loaded: string_helper
INFO - 2020-03-06 06:26:37 --> Database Driver Class Initialized
INFO - 2020-03-06 06:26:38 --> Email Class Initialized
DEBUG - 2020-03-06 06:26:38 --> Session: "sess_save_path" is empty; using "session.save_path" value from php.ini.
INFO - 2020-03-06 06:26:38 --> Session: Class initialized using 'files' driver.
INFO - 2020-03-06 06:26:38 --> Controller Class Initialized
INFO - 2020-03-06 06:26:38 --> Model "M_auth" initialized
INFO - 2020-03-06 06:26:38 --> Helper loaded: form_helper
INFO - 2020-03-06 06:26:38 --> Form Validation Class Initialized
INFO - 2020-03-06 06:26:38 --> File loaded: C:\xampp\htdocs\scholarship\industry\views\include/header.php
INFO - 2020-03-06 06:26:38 --> File loaded: C:\xampp\htdocs\scholarship\industry\views\include/footer.php
INFO - 2020-03-06 06:26:38 --> File loaded: C:\xampp\htdocs\scholarship\industry\views\include/msg.php
INFO - 2020-03-06 06:26:38 --> File loaded: C:\xampp\htdocs\scholarship\industry\views\auth/register.php
INFO - 2020-03-06 06:26:38 --> Final output sent to browser
DEBUG - 2020-03-06 06:26:38 --> Total execution time: 0.1062
