INFO - 2020-09-09 07:49:17 --> Config Class Initialized
INFO - 2020-09-09 07:49:17 --> Hooks Class Initialized
DEBUG - 2020-09-09 07:49:17 --> UTF-8 Support Enabled
INFO - 2020-09-09 07:49:17 --> Utf8 Class Initialized
INFO - 2020-09-09 07:49:17 --> URI Class Initialized
DEBUG - 2020-09-09 07:49:17 --> No URI present. Default controller set.
INFO - 2020-09-09 07:49:17 --> Router Class Initialized
INFO - 2020-09-09 07:49:18 --> Output Class Initialized
INFO - 2020-09-09 07:49:18 --> Security Class Initialized
DEBUG - 2020-09-09 07:49:18 --> Global POST, GET and COOKIE data sanitized
INFO - 2020-09-09 07:49:18 --> CSRF cookie sent
INFO - 2020-09-09 07:49:18 --> Input Class Initialized
INFO - 2020-09-09 07:49:18 --> Language Class Initialized
INFO - 2020-09-09 07:49:18 --> Loader Class Initialized
INFO - 2020-09-09 07:49:18 --> Helper loaded: url_helper
INFO - 2020-09-09 07:49:18 --> Helper loaded: file_helper
INFO - 2020-09-09 07:49:18 --> Helper loaded: string_helper
INFO - 2020-09-09 07:49:18 --> Database Driver Class Initialized
INFO - 2020-09-09 07:49:18 --> Email Class Initialized
DEBUG - 2020-09-09 07:49:18 --> Session: "sess_save_path" is empty; using "session.save_path" value from php.ini.
INFO - 2020-09-09 07:49:18 --> Session: Class initialized using 'files' driver.
INFO - 2020-09-09 07:49:18 --> Controller Class Initialized
INFO - 2020-09-09 07:49:18 --> Model "M_auth" initialized
INFO - 2020-09-09 07:49:18 --> Helper loaded: form_helper
INFO - 2020-09-09 07:49:18 --> Form Validation Class Initialized
DEBUG - 2020-09-09 07:49:18 --> Sc_check class already loaded. Second attempt ignored.
INFO - 2020-09-09 07:49:18 --> Helper loaded: captcha_helper
INFO - 2020-09-09 07:49:18 --> File loaded: C:\xampp\htdocs\scholarship\industry\views\include/header.php
INFO - 2020-09-09 07:49:18 --> File loaded: C:\xampp\htdocs\scholarship\industry\views\include/footer.php
INFO - 2020-09-09 07:49:18 --> File loaded: C:\xampp\htdocs\scholarship\industry\views\include/msg.php
INFO - 2020-09-09 07:49:18 --> File loaded: C:\xampp\htdocs\scholarship\industry\views\auth/login.php
INFO - 2020-09-09 07:49:18 --> Final output sent to browser
DEBUG - 2020-09-09 07:49:18 --> Total execution time: 0.5820
