INFO - 2020-09-09 11:53:38 --> Config Class Initialized
INFO - 2020-09-09 11:53:38 --> Hooks Class Initialized
DEBUG - 2020-09-09 11:53:38 --> UTF-8 Support Enabled
INFO - 2020-09-09 11:53:38 --> Utf8 Class Initialized
INFO - 2020-09-09 11:53:38 --> URI Class Initialized
DEBUG - 2020-09-09 11:53:38 --> No URI present. Default controller set.
INFO - 2020-09-09 11:53:38 --> Router Class Initialized
INFO - 2020-09-09 11:53:38 --> Output Class Initialized
INFO - 2020-09-09 11:53:38 --> Security Class Initialized
DEBUG - 2020-09-09 11:53:38 --> Global POST, GET and COOKIE data sanitized
INFO - 2020-09-09 11:53:38 --> Input Class Initialized
INFO - 2020-09-09 11:53:38 --> Language Class Initialized
INFO - 2020-09-09 11:53:38 --> Loader Class Initialized
INFO - 2020-09-09 11:53:38 --> Helper loaded: url_helper
INFO - 2020-09-09 11:53:38 --> Helper loaded: file_helper
INFO - 2020-09-09 11:53:38 --> Helper loaded: text_helper
INFO - 2020-09-09 11:53:38 --> Helper loaded: string_helper
INFO - 2020-09-09 11:53:38 --> Database Driver Class Initialized
INFO - 2020-09-09 11:53:38 --> Email Class Initialized
DEBUG - 2020-09-09 11:53:38 --> Session: "sess_save_path" is empty; using "session.save_path" value from php.ini.
INFO - 2020-09-09 11:53:38 --> Session: Class initialized using 'files' driver.
INFO - 2020-09-09 11:53:38 --> Helper loaded: form_helper
INFO - 2020-09-09 11:53:38 --> Form Validation Class Initialized
INFO - 2020-09-09 11:53:38 --> Controller Class Initialized
INFO - 2020-09-09 11:53:38 --> Model "M_auth" initialized
DEBUG - 2020-09-09 11:53:38 --> Form_validation class already loaded. Second attempt ignored.
DEBUG - 2020-09-09 11:53:38 --> Sc_check class already loaded. Second attempt ignored.
INFO - 2020-09-09 11:53:38 --> Helper loaded: captcha_helper
INFO - 2020-09-09 11:53:38 --> File loaded: C:\xampp\htdocs\scholarship\finance\views\include/header.php
INFO - 2020-09-09 11:53:38 --> File loaded: C:\xampp\htdocs\scholarship\finance\views\include/footer.php
INFO - 2020-09-09 11:53:38 --> File loaded: C:\xampp\htdocs\scholarship\finance\views\include/msg.php
INFO - 2020-09-09 11:53:38 --> File loaded: C:\xampp\htdocs\scholarship\finance\views\auth/login.php
INFO - 2020-09-09 11:53:38 --> Final output sent to browser
DEBUG - 2020-09-09 11:53:38 --> Total execution time: 0.4690
INFO - 2020-09-09 11:53:44 --> Config Class Initialized
INFO - 2020-09-09 11:53:44 --> Hooks Class Initialized
DEBUG - 2020-09-09 11:53:44 --> UTF-8 Support Enabled
INFO - 2020-09-09 11:53:44 --> Utf8 Class Initialized
INFO - 2020-09-09 11:53:44 --> URI Class Initialized
INFO - 2020-09-09 11:53:44 --> Router Class Initialized
INFO - 2020-09-09 11:53:44 --> Output Class Initialized
INFO - 2020-09-09 11:53:44 --> Security Class Initialized
DEBUG - 2020-09-09 11:53:44 --> Global POST, GET and COOKIE data sanitized
INFO - 2020-09-09 11:53:44 --> Input Class Initialized
INFO - 2020-09-09 11:53:44 --> Language Class Initialized
ERROR - 2020-09-09 11:53:44 --> 404 Page Not Found: Auth/emailcheck
INFO - 2020-09-09 11:53:50 --> Config Class Initialized
INFO - 2020-09-09 11:53:50 --> Hooks Class Initialized
DEBUG - 2020-09-09 11:53:50 --> UTF-8 Support Enabled
INFO - 2020-09-09 11:53:50 --> Utf8 Class Initialized
INFO - 2020-09-09 11:53:50 --> URI Class Initialized
INFO - 2020-09-09 11:53:50 --> Router Class Initialized
INFO - 2020-09-09 11:53:50 --> Output Class Initialized
INFO - 2020-09-09 11:53:50 --> Security Class Initialized
DEBUG - 2020-09-09 11:53:50 --> Global POST, GET and COOKIE data sanitized
INFO - 2020-09-09 11:53:50 --> Input Class Initialized
INFO - 2020-09-09 11:53:50 --> Language Class Initialized
INFO - 2020-09-09 11:53:50 --> Loader Class Initialized
INFO - 2020-09-09 11:53:50 --> Helper loaded: url_helper
INFO - 2020-09-09 11:53:50 --> Helper loaded: file_helper
INFO - 2020-09-09 11:53:50 --> Helper loaded: text_helper
INFO - 2020-09-09 11:53:50 --> Helper loaded: string_helper
INFO - 2020-09-09 11:53:50 --> Database Driver Class Initialized
INFO - 2020-09-09 11:53:50 --> Email Class Initialized
DEBUG - 2020-09-09 11:53:50 --> Session: "sess_save_path" is empty; using "session.save_path" value from php.ini.
INFO - 2020-09-09 11:53:50 --> Session: Class initialized using 'files' driver.
INFO - 2020-09-09 11:53:50 --> Helper loaded: form_helper
INFO - 2020-09-09 11:53:50 --> Form Validation Class Initialized
INFO - 2020-09-09 11:53:50 --> Controller Class Initialized
INFO - 2020-09-09 11:53:50 --> Model "M_auth" initialized
DEBUG - 2020-09-09 11:53:50 --> Form_validation class already loaded. Second attempt ignored.
DEBUG - 2020-09-09 11:53:50 --> Sc_check class already loaded. Second attempt ignored.
INFO - 2020-09-09 11:53:50 --> Helper loaded: captcha_helper
INFO - 2020-09-09 11:53:50 --> Language file loaded: language/english/form_validation_lang.php
ERROR - 2020-09-09 11:53:50 --> ---------------------Failed -- Finance officer Log in Failed and tried login with prathwi@5ine.in password and IP aaddress ::1 --------------
INFO - 2020-09-09 11:53:50 --> Config Class Initialized
INFO - 2020-09-09 11:53:50 --> Hooks Class Initialized
DEBUG - 2020-09-09 11:53:50 --> UTF-8 Support Enabled
INFO - 2020-09-09 11:53:50 --> Utf8 Class Initialized
INFO - 2020-09-09 11:53:50 --> URI Class Initialized
DEBUG - 2020-09-09 11:53:50 --> No URI present. Default controller set.
INFO - 2020-09-09 11:53:50 --> Router Class Initialized
INFO - 2020-09-09 11:53:50 --> Output Class Initialized
INFO - 2020-09-09 11:53:50 --> Security Class Initialized
DEBUG - 2020-09-09 11:53:50 --> Global POST, GET and COOKIE data sanitized
INFO - 2020-09-09 11:53:50 --> Input Class Initialized
INFO - 2020-09-09 11:53:50 --> Language Class Initialized
INFO - 2020-09-09 11:53:50 --> Loader Class Initialized
INFO - 2020-09-09 11:53:50 --> Helper loaded: url_helper
INFO - 2020-09-09 11:53:50 --> Helper loaded: file_helper
INFO - 2020-09-09 11:53:50 --> Helper loaded: text_helper
INFO - 2020-09-09 11:53:50 --> Helper loaded: string_helper
INFO - 2020-09-09 11:53:50 --> Database Driver Class Initialized
INFO - 2020-09-09 11:53:51 --> Email Class Initialized
DEBUG - 2020-09-09 11:53:51 --> Session: "sess_save_path" is empty; using "session.save_path" value from php.ini.
INFO - 2020-09-09 11:53:51 --> Session: Class initialized using 'files' driver.
INFO - 2020-09-09 11:53:51 --> Helper loaded: form_helper
INFO - 2020-09-09 11:53:51 --> Form Validation Class Initialized
INFO - 2020-09-09 11:53:51 --> Controller Class Initialized
INFO - 2020-09-09 11:53:51 --> Model "M_auth" initialized
DEBUG - 2020-09-09 11:53:51 --> Form_validation class already loaded. Second attempt ignored.
DEBUG - 2020-09-09 11:53:51 --> Sc_check class already loaded. Second attempt ignored.
INFO - 2020-09-09 11:53:51 --> Helper loaded: captcha_helper
INFO - 2020-09-09 11:53:51 --> File loaded: C:\xampp\htdocs\scholarship\finance\views\include/header.php
INFO - 2020-09-09 11:53:51 --> File loaded: C:\xampp\htdocs\scholarship\finance\views\include/footer.php
INFO - 2020-09-09 11:53:51 --> File loaded: C:\xampp\htdocs\scholarship\finance\views\include/msg.php
INFO - 2020-09-09 11:53:51 --> File loaded: C:\xampp\htdocs\scholarship\finance\views\auth/login.php
INFO - 2020-09-09 11:53:51 --> Final output sent to browser
DEBUG - 2020-09-09 11:53:51 --> Total execution time: 0.2889
INFO - 2020-09-09 11:53:58 --> Config Class Initialized
INFO - 2020-09-09 11:53:58 --> Hooks Class Initialized
DEBUG - 2020-09-09 11:53:58 --> UTF-8 Support Enabled
INFO - 2020-09-09 11:53:58 --> Utf8 Class Initialized
INFO - 2020-09-09 11:53:58 --> URI Class Initialized
INFO - 2020-09-09 11:53:58 --> Router Class Initialized
INFO - 2020-09-09 11:53:58 --> Output Class Initialized
INFO - 2020-09-09 11:53:58 --> Security Class Initialized
DEBUG - 2020-09-09 11:53:58 --> Global POST, GET and COOKIE data sanitized
INFO - 2020-09-09 11:53:58 --> Input Class Initialized
INFO - 2020-09-09 11:53:58 --> Language Class Initialized
ERROR - 2020-09-09 11:53:58 --> 404 Page Not Found: Auth/emailcheck
INFO - 2020-09-09 11:54:06 --> Config Class Initialized
INFO - 2020-09-09 11:54:06 --> Hooks Class Initialized
DEBUG - 2020-09-09 11:54:06 --> UTF-8 Support Enabled
INFO - 2020-09-09 11:54:06 --> Utf8 Class Initialized
INFO - 2020-09-09 11:54:06 --> URI Class Initialized
INFO - 2020-09-09 11:54:06 --> Router Class Initialized
INFO - 2020-09-09 11:54:06 --> Output Class Initialized
INFO - 2020-09-09 11:54:06 --> Security Class Initialized
DEBUG - 2020-09-09 11:54:06 --> Global POST, GET and COOKIE data sanitized
INFO - 2020-09-09 11:54:06 --> Input Class Initialized
INFO - 2020-09-09 11:54:06 --> Language Class Initialized
INFO - 2020-09-09 11:54:06 --> Loader Class Initialized
INFO - 2020-09-09 11:54:06 --> Helper loaded: url_helper
INFO - 2020-09-09 11:54:06 --> Helper loaded: file_helper
INFO - 2020-09-09 11:54:06 --> Helper loaded: text_helper
INFO - 2020-09-09 11:54:06 --> Helper loaded: string_helper
INFO - 2020-09-09 11:54:06 --> Database Driver Class Initialized
INFO - 2020-09-09 11:54:06 --> Email Class Initialized
DEBUG - 2020-09-09 11:54:06 --> Session: "sess_save_path" is empty; using "session.save_path" value from php.ini.
INFO - 2020-09-09 11:54:06 --> Session: Class initialized using 'files' driver.
INFO - 2020-09-09 11:54:06 --> Helper loaded: form_helper
INFO - 2020-09-09 11:54:06 --> Form Validation Class Initialized
INFO - 2020-09-09 11:54:06 --> Controller Class Initialized
INFO - 2020-09-09 11:54:06 --> Model "M_auth" initialized
DEBUG - 2020-09-09 11:54:06 --> Form_validation class already loaded. Second attempt ignored.
DEBUG - 2020-09-09 11:54:06 --> Sc_check class already loaded. Second attempt ignored.
INFO - 2020-09-09 11:54:06 --> Helper loaded: captcha_helper
INFO - 2020-09-09 11:54:06 --> Config Class Initialized
INFO - 2020-09-09 11:54:06 --> Hooks Class Initialized
DEBUG - 2020-09-09 11:54:06 --> UTF-8 Support Enabled
INFO - 2020-09-09 11:54:06 --> Utf8 Class Initialized
INFO - 2020-09-09 11:54:06 --> URI Class Initialized
DEBUG - 2020-09-09 11:54:06 --> No URI present. Default controller set.
INFO - 2020-09-09 11:54:06 --> Router Class Initialized
INFO - 2020-09-09 11:54:06 --> Output Class Initialized
INFO - 2020-09-09 11:54:06 --> Security Class Initialized
DEBUG - 2020-09-09 11:54:06 --> Global POST, GET and COOKIE data sanitized
INFO - 2020-09-09 11:54:06 --> Input Class Initialized
INFO - 2020-09-09 11:54:06 --> Language Class Initialized
INFO - 2020-09-09 11:54:06 --> Loader Class Initialized
INFO - 2020-09-09 11:54:06 --> Helper loaded: url_helper
INFO - 2020-09-09 11:54:06 --> Helper loaded: file_helper
INFO - 2020-09-09 11:54:06 --> Helper loaded: text_helper
INFO - 2020-09-09 11:54:06 --> Helper loaded: string_helper
INFO - 2020-09-09 11:54:06 --> Database Driver Class Initialized
INFO - 2020-09-09 11:54:06 --> Email Class Initialized
DEBUG - 2020-09-09 11:54:06 --> Session: "sess_save_path" is empty; using "session.save_path" value from php.ini.
INFO - 2020-09-09 11:54:06 --> Session: Class initialized using 'files' driver.
INFO - 2020-09-09 11:54:06 --> Helper loaded: form_helper
INFO - 2020-09-09 11:54:06 --> Form Validation Class Initialized
INFO - 2020-09-09 11:54:06 --> Controller Class Initialized
INFO - 2020-09-09 11:54:06 --> Model "M_auth" initialized
DEBUG - 2020-09-09 11:54:06 --> Form_validation class already loaded. Second attempt ignored.
DEBUG - 2020-09-09 11:54:06 --> Sc_check class already loaded. Second attempt ignored.
INFO - 2020-09-09 11:54:06 --> Helper loaded: captcha_helper
INFO - 2020-09-09 11:54:06 --> File loaded: C:\xampp\htdocs\scholarship\finance\views\include/header.php
INFO - 2020-09-09 11:54:06 --> File loaded: C:\xampp\htdocs\scholarship\finance\views\include/footer.php
INFO - 2020-09-09 11:54:06 --> File loaded: C:\xampp\htdocs\scholarship\finance\views\include/msg.php
INFO - 2020-09-09 11:54:06 --> File loaded: C:\xampp\htdocs\scholarship\finance\views\auth/login.php
INFO - 2020-09-09 11:54:06 --> Final output sent to browser
DEBUG - 2020-09-09 11:54:07 --> Total execution time: 0.3036
INFO - 2020-09-09 11:54:12 --> Config Class Initialized
INFO - 2020-09-09 11:54:12 --> Hooks Class Initialized
DEBUG - 2020-09-09 11:54:12 --> UTF-8 Support Enabled
INFO - 2020-09-09 11:54:12 --> Utf8 Class Initialized
INFO - 2020-09-09 11:54:12 --> URI Class Initialized
INFO - 2020-09-09 11:54:12 --> Router Class Initialized
INFO - 2020-09-09 11:54:12 --> Output Class Initialized
INFO - 2020-09-09 11:54:12 --> Security Class Initialized
DEBUG - 2020-09-09 11:54:12 --> Global POST, GET and COOKIE data sanitized
INFO - 2020-09-09 11:54:12 --> Input Class Initialized
INFO - 2020-09-09 11:54:12 --> Language Class Initialized
ERROR - 2020-09-09 11:54:12 --> 404 Page Not Found: Auth/emailcheck
INFO - 2020-09-09 11:54:18 --> Config Class Initialized
INFO - 2020-09-09 11:54:18 --> Hooks Class Initialized
DEBUG - 2020-09-09 11:54:18 --> UTF-8 Support Enabled
INFO - 2020-09-09 11:54:18 --> Utf8 Class Initialized
INFO - 2020-09-09 11:54:18 --> URI Class Initialized
INFO - 2020-09-09 11:54:18 --> Router Class Initialized
INFO - 2020-09-09 11:54:18 --> Output Class Initialized
INFO - 2020-09-09 11:54:18 --> Security Class Initialized
DEBUG - 2020-09-09 11:54:18 --> Global POST, GET and COOKIE data sanitized
INFO - 2020-09-09 11:54:18 --> Input Class Initialized
INFO - 2020-09-09 11:54:18 --> Language Class Initialized
INFO - 2020-09-09 11:54:18 --> Loader Class Initialized
INFO - 2020-09-09 11:54:18 --> Helper loaded: url_helper
INFO - 2020-09-09 11:54:18 --> Helper loaded: file_helper
INFO - 2020-09-09 11:54:18 --> Helper loaded: text_helper
INFO - 2020-09-09 11:54:18 --> Helper loaded: string_helper
INFO - 2020-09-09 11:54:18 --> Database Driver Class Initialized
INFO - 2020-09-09 11:54:18 --> Email Class Initialized
DEBUG - 2020-09-09 11:54:18 --> Session: "sess_save_path" is empty; using "session.save_path" value from php.ini.
INFO - 2020-09-09 11:54:18 --> Session: Class initialized using 'files' driver.
INFO - 2020-09-09 11:54:18 --> Helper loaded: form_helper
INFO - 2020-09-09 11:54:18 --> Form Validation Class Initialized
INFO - 2020-09-09 11:54:18 --> Controller Class Initialized
INFO - 2020-09-09 11:54:18 --> Model "M_auth" initialized
DEBUG - 2020-09-09 11:54:18 --> Form_validation class already loaded. Second attempt ignored.
DEBUG - 2020-09-09 11:54:18 --> Sc_check class already loaded. Second attempt ignored.
INFO - 2020-09-09 11:54:18 --> Helper loaded: captcha_helper
INFO - 2020-09-09 11:54:18 --> Language file loaded: language/english/form_validation_lang.php
INFO - 2020-09-09 11:54:18 --> ---------------------Success -- Finance officer Logged in with jainrohith9@gmail.com and IP aaddress ::1 --------------
INFO - 2020-09-09 11:54:18 --> Config Class Initialized
INFO - 2020-09-09 11:54:18 --> Hooks Class Initialized
DEBUG - 2020-09-09 11:54:18 --> UTF-8 Support Enabled
INFO - 2020-09-09 11:54:18 --> Utf8 Class Initialized
INFO - 2020-09-09 11:54:18 --> URI Class Initialized
INFO - 2020-09-09 11:54:18 --> Router Class Initialized
INFO - 2020-09-09 11:54:18 --> Output Class Initialized
INFO - 2020-09-09 11:54:18 --> Security Class Initialized
DEBUG - 2020-09-09 11:54:18 --> Global POST, GET and COOKIE data sanitized
INFO - 2020-09-09 11:54:18 --> Input Class Initialized
INFO - 2020-09-09 11:54:18 --> Language Class Initialized
INFO - 2020-09-09 11:54:19 --> Loader Class Initialized
INFO - 2020-09-09 11:54:19 --> Helper loaded: url_helper
INFO - 2020-09-09 11:54:19 --> Helper loaded: file_helper
INFO - 2020-09-09 11:54:19 --> Helper loaded: text_helper
INFO - 2020-09-09 11:54:19 --> Helper loaded: string_helper
INFO - 2020-09-09 11:54:19 --> Database Driver Class Initialized
INFO - 2020-09-09 11:54:19 --> Email Class Initialized
DEBUG - 2020-09-09 11:54:19 --> Session: "sess_save_path" is empty; using "session.save_path" value from php.ini.
INFO - 2020-09-09 11:54:19 --> Session: Class initialized using 'files' driver.
INFO - 2020-09-09 11:54:19 --> Helper loaded: form_helper
INFO - 2020-09-09 11:54:19 --> Form Validation Class Initialized
INFO - 2020-09-09 11:54:19 --> Controller Class Initialized
INFO - 2020-09-09 11:54:19 --> Model "M_dashboard" initialized
DEBUG - 2020-09-09 11:54:19 --> Form_validation class already loaded. Second attempt ignored.
INFO - 2020-09-09 11:54:19 --> Model "M_auth" initialized
INFO - 2020-09-09 11:54:19 --> File loaded: C:\xampp\htdocs\scholarship\finance\views\include/header.php
INFO - 2020-09-09 11:54:19 --> File loaded: C:\xampp\htdocs\scholarship\finance\views\include/menu.php
INFO - 2020-09-09 11:54:19 --> File loaded: C:\xampp\htdocs\scholarship\finance\views\include/footer.php
INFO - 2020-09-09 11:54:19 --> File loaded: C:\xampp\htdocs\scholarship\finance\views\include/msg.php
INFO - 2020-09-09 11:54:19 --> File loaded: C:\xampp\htdocs\scholarship\finance\views\dashboard/index.php
INFO - 2020-09-09 11:54:19 --> Final output sent to browser
DEBUG - 2020-09-09 11:54:19 --> Total execution time: 0.7280
INFO - 2020-09-09 11:54:19 --> Config Class Initialized
INFO - 2020-09-09 11:54:19 --> Hooks Class Initialized
DEBUG - 2020-09-09 11:54:19 --> UTF-8 Support Enabled
INFO - 2020-09-09 11:54:20 --> Utf8 Class Initialized
INFO - 2020-09-09 11:54:20 --> URI Class Initialized
INFO - 2020-09-09 11:54:20 --> Router Class Initialized
INFO - 2020-09-09 11:54:20 --> Output Class Initialized
INFO - 2020-09-09 11:54:20 --> Security Class Initialized
DEBUG - 2020-09-09 11:54:20 --> Global POST, GET and COOKIE data sanitized
INFO - 2020-09-09 11:54:20 --> Input Class Initialized
INFO - 2020-09-09 11:54:20 --> Language Class Initialized
INFO - 2020-09-09 11:54:20 --> Loader Class Initialized
INFO - 2020-09-09 11:54:20 --> Helper loaded: url_helper
INFO - 2020-09-09 11:54:20 --> Helper loaded: file_helper
INFO - 2020-09-09 11:54:20 --> Helper loaded: text_helper
INFO - 2020-09-09 11:54:20 --> Helper loaded: string_helper
INFO - 2020-09-09 11:54:20 --> Database Driver Class Initialized
INFO - 2020-09-09 11:54:20 --> Email Class Initialized
DEBUG - 2020-09-09 11:54:20 --> Session: "sess_save_path" is empty; using "session.save_path" value from php.ini.
INFO - 2020-09-09 11:54:20 --> Session: Class initialized using 'files' driver.
INFO - 2020-09-09 11:54:20 --> Helper loaded: form_helper
INFO - 2020-09-09 11:54:20 --> Form Validation Class Initialized
INFO - 2020-09-09 11:54:20 --> Controller Class Initialized
INFO - 2020-09-09 11:54:20 --> Model "M_dashboard" initialized
DEBUG - 2020-09-09 11:54:20 --> Form_validation class already loaded. Second attempt ignored.
INFO - 2020-09-09 11:54:20 --> Model "M_auth" initialized
INFO - 2020-09-09 11:54:20 --> Final output sent to browser
DEBUG - 2020-09-09 11:54:20 --> Total execution time: 0.3728
INFO - 2020-09-09 11:54:21 --> Config Class Initialized
INFO - 2020-09-09 11:54:21 --> Hooks Class Initialized
DEBUG - 2020-09-09 11:54:21 --> UTF-8 Support Enabled
INFO - 2020-09-09 11:54:21 --> Utf8 Class Initialized
INFO - 2020-09-09 11:54:21 --> URI Class Initialized
INFO - 2020-09-09 11:54:21 --> Router Class Initialized
INFO - 2020-09-09 11:54:21 --> Output Class Initialized
INFO - 2020-09-09 11:54:21 --> Security Class Initialized
DEBUG - 2020-09-09 11:54:21 --> Global POST, GET and COOKIE data sanitized
INFO - 2020-09-09 11:54:21 --> Input Class Initialized
INFO - 2020-09-09 11:54:21 --> Language Class Initialized
INFO - 2020-09-09 11:54:21 --> Loader Class Initialized
INFO - 2020-09-09 11:54:21 --> Helper loaded: url_helper
INFO - 2020-09-09 11:54:21 --> Helper loaded: file_helper
INFO - 2020-09-09 11:54:21 --> Helper loaded: text_helper
INFO - 2020-09-09 11:54:21 --> Helper loaded: string_helper
INFO - 2020-09-09 11:54:21 --> Database Driver Class Initialized
INFO - 2020-09-09 11:54:21 --> Email Class Initialized
DEBUG - 2020-09-09 11:54:21 --> Session: "sess_save_path" is empty; using "session.save_path" value from php.ini.
INFO - 2020-09-09 11:54:21 --> Session: Class initialized using 'files' driver.
INFO - 2020-09-09 11:54:21 --> Helper loaded: form_helper
INFO - 2020-09-09 11:54:21 --> Form Validation Class Initialized
INFO - 2020-09-09 11:54:21 --> Controller Class Initialized
INFO - 2020-09-09 11:54:21 --> Model "M_scholar" initialized
DEBUG - 2020-09-09 11:54:21 --> Email class already loaded. Second attempt ignored.
INFO - 2020-09-09 11:54:21 --> Upload Class Initialized
INFO - 2020-09-09 11:54:21 --> Upload Class Initialized
INFO - 2020-09-09 11:54:22 --> Model "M_auth" initialized
INFO - 2020-09-09 11:54:23 --> File loaded: C:\xampp\htdocs\scholarship\finance\views\include/header.php
INFO - 2020-09-09 11:54:23 --> File loaded: C:\xampp\htdocs\scholarship\finance\views\include/menu.php
INFO - 2020-09-09 11:54:23 --> File loaded: C:\xampp\htdocs\scholarship\finance\views\include/footer.php
INFO - 2020-09-09 11:54:23 --> File loaded: C:\xampp\htdocs\scholarship\finance\views\include/msg.php
INFO - 2020-09-09 11:54:23 --> File loaded: C:\xampp\htdocs\scholarship\finance\views\scholar/list.php
INFO - 2020-09-09 11:54:23 --> Final output sent to browser
DEBUG - 2020-09-09 11:54:23 --> Total execution time: 1.6878
INFO - 2020-09-09 11:54:24 --> Config Class Initialized
INFO - 2020-09-09 11:54:24 --> Hooks Class Initialized
DEBUG - 2020-09-09 11:54:24 --> UTF-8 Support Enabled
INFO - 2020-09-09 11:54:24 --> Utf8 Class Initialized
INFO - 2020-09-09 11:54:24 --> URI Class Initialized
INFO - 2020-09-09 11:54:24 --> Router Class Initialized
INFO - 2020-09-09 11:54:24 --> Output Class Initialized
INFO - 2020-09-09 11:54:24 --> Security Class Initialized
DEBUG - 2020-09-09 11:54:24 --> Global POST, GET and COOKIE data sanitized
INFO - 2020-09-09 11:54:24 --> Input Class Initialized
INFO - 2020-09-09 11:54:24 --> Language Class Initialized
INFO - 2020-09-09 11:54:24 --> Loader Class Initialized
INFO - 2020-09-09 11:54:24 --> Helper loaded: url_helper
INFO - 2020-09-09 11:54:24 --> Helper loaded: file_helper
INFO - 2020-09-09 11:54:24 --> Helper loaded: text_helper
INFO - 2020-09-09 11:54:24 --> Helper loaded: string_helper
INFO - 2020-09-09 11:54:24 --> Database Driver Class Initialized
INFO - 2020-09-09 11:54:24 --> Email Class Initialized
DEBUG - 2020-09-09 11:54:24 --> Session: "sess_save_path" is empty; using "session.save_path" value from php.ini.
INFO - 2020-09-09 11:54:24 --> Session: Class initialized using 'files' driver.
INFO - 2020-09-09 11:54:24 --> Helper loaded: form_helper
INFO - 2020-09-09 11:54:24 --> Form Validation Class Initialized
INFO - 2020-09-09 11:54:24 --> Controller Class Initialized
INFO - 2020-09-09 11:54:24 --> Model "M_scholar" initialized
DEBUG - 2020-09-09 11:54:24 --> Email class already loaded. Second attempt ignored.
INFO - 2020-09-09 11:54:24 --> Upload Class Initialized
INFO - 2020-09-09 11:54:24 --> Upload Class Initialized
INFO - 2020-09-09 11:54:24 --> Model "M_auth" initialized
INFO - 2020-09-09 11:54:24 --> Final output sent to browser
DEBUG - 2020-09-09 11:54:24 --> Total execution time: 0.5618
INFO - 2020-09-09 11:56:01 --> Config Class Initialized
INFO - 2020-09-09 11:56:01 --> Hooks Class Initialized
DEBUG - 2020-09-09 11:56:01 --> UTF-8 Support Enabled
INFO - 2020-09-09 11:56:01 --> Utf8 Class Initialized
INFO - 2020-09-09 11:56:01 --> URI Class Initialized
INFO - 2020-09-09 11:56:01 --> Router Class Initialized
INFO - 2020-09-09 11:56:01 --> Output Class Initialized
INFO - 2020-09-09 11:56:01 --> Security Class Initialized
DEBUG - 2020-09-09 11:56:01 --> Global POST, GET and COOKIE data sanitized
INFO - 2020-09-09 11:56:01 --> Input Class Initialized
INFO - 2020-09-09 11:56:01 --> Language Class Initialized
INFO - 2020-09-09 11:56:01 --> Loader Class Initialized
INFO - 2020-09-09 11:56:01 --> Helper loaded: url_helper
INFO - 2020-09-09 11:56:01 --> Helper loaded: file_helper
INFO - 2020-09-09 11:56:01 --> Helper loaded: text_helper
INFO - 2020-09-09 11:56:01 --> Helper loaded: string_helper
INFO - 2020-09-09 11:56:01 --> Database Driver Class Initialized
INFO - 2020-09-09 11:56:01 --> Email Class Initialized
DEBUG - 2020-09-09 11:56:01 --> Session: "sess_save_path" is empty; using "session.save_path" value from php.ini.
INFO - 2020-09-09 11:56:01 --> Session: Class initialized using 'files' driver.
INFO - 2020-09-09 11:56:01 --> Helper loaded: form_helper
INFO - 2020-09-09 11:56:01 --> Form Validation Class Initialized
INFO - 2020-09-09 11:56:01 --> Controller Class Initialized
INFO - 2020-09-09 11:56:01 --> Model "M_scholar" initialized
DEBUG - 2020-09-09 11:56:01 --> Email class already loaded. Second attempt ignored.
INFO - 2020-09-09 11:56:01 --> Upload Class Initialized
INFO - 2020-09-09 11:56:01 --> Upload Class Initialized
INFO - 2020-09-09 11:56:01 --> Model "M_auth" initialized
INFO - 2020-09-09 11:56:01 --> File loaded: C:\xampp\htdocs\scholarship\finance\views\include/header.php
INFO - 2020-09-09 11:56:01 --> File loaded: C:\xampp\htdocs\scholarship\finance\views\include/menu.php
INFO - 2020-09-09 11:56:01 --> File loaded: C:\xampp\htdocs\scholarship\finance\views\include/footer.php
INFO - 2020-09-09 11:56:01 --> File loaded: C:\xampp\htdocs\scholarship\finance\views\include/msg.php
INFO - 2020-09-09 11:56:01 --> File loaded: C:\xampp\htdocs\scholarship\finance\views\scholar/list.php
INFO - 2020-09-09 11:56:01 --> Final output sent to browser
DEBUG - 2020-09-09 11:56:01 --> Total execution time: 0.6118
INFO - 2020-09-09 11:56:02 --> Config Class Initialized
INFO - 2020-09-09 11:56:02 --> Hooks Class Initialized
DEBUG - 2020-09-09 11:56:02 --> UTF-8 Support Enabled
INFO - 2020-09-09 11:56:02 --> Utf8 Class Initialized
INFO - 2020-09-09 11:56:02 --> URI Class Initialized
INFO - 2020-09-09 11:56:02 --> Router Class Initialized
INFO - 2020-09-09 11:56:02 --> Output Class Initialized
INFO - 2020-09-09 11:56:02 --> Security Class Initialized
DEBUG - 2020-09-09 11:56:02 --> Global POST, GET and COOKIE data sanitized
INFO - 2020-09-09 11:56:02 --> Input Class Initialized
INFO - 2020-09-09 11:56:02 --> Language Class Initialized
INFO - 2020-09-09 11:56:02 --> Loader Class Initialized
INFO - 2020-09-09 11:56:02 --> Helper loaded: url_helper
INFO - 2020-09-09 11:56:02 --> Helper loaded: file_helper
INFO - 2020-09-09 11:56:02 --> Helper loaded: text_helper
INFO - 2020-09-09 11:56:02 --> Helper loaded: string_helper
INFO - 2020-09-09 11:56:02 --> Database Driver Class Initialized
INFO - 2020-09-09 11:56:02 --> Email Class Initialized
DEBUG - 2020-09-09 11:56:02 --> Session: "sess_save_path" is empty; using "session.save_path" value from php.ini.
INFO - 2020-09-09 11:56:02 --> Session: Class initialized using 'files' driver.
INFO - 2020-09-09 11:56:03 --> Helper loaded: form_helper
INFO - 2020-09-09 11:56:03 --> Form Validation Class Initialized
INFO - 2020-09-09 11:56:03 --> Controller Class Initialized
INFO - 2020-09-09 11:56:03 --> Model "M_scholar" initialized
DEBUG - 2020-09-09 11:56:03 --> Email class already loaded. Second attempt ignored.
INFO - 2020-09-09 11:56:03 --> Upload Class Initialized
INFO - 2020-09-09 11:56:03 --> Upload Class Initialized
INFO - 2020-09-09 11:56:03 --> Model "M_auth" initialized
INFO - 2020-09-09 11:56:03 --> Final output sent to browser
DEBUG - 2020-09-09 11:56:03 --> Total execution time: 0.4196
INFO - 2020-09-09 11:56:09 --> Config Class Initialized
INFO - 2020-09-09 11:56:09 --> Hooks Class Initialized
DEBUG - 2020-09-09 11:56:09 --> UTF-8 Support Enabled
INFO - 2020-09-09 11:56:09 --> Utf8 Class Initialized
INFO - 2020-09-09 11:56:09 --> URI Class Initialized
INFO - 2020-09-09 11:56:09 --> Router Class Initialized
INFO - 2020-09-09 11:56:09 --> Output Class Initialized
INFO - 2020-09-09 11:56:09 --> Security Class Initialized
DEBUG - 2020-09-09 11:56:09 --> Global POST, GET and COOKIE data sanitized
INFO - 2020-09-09 11:56:10 --> Input Class Initialized
INFO - 2020-09-09 11:56:10 --> Language Class Initialized
INFO - 2020-09-09 11:56:10 --> Loader Class Initialized
INFO - 2020-09-09 11:56:10 --> Helper loaded: url_helper
INFO - 2020-09-09 11:56:10 --> Helper loaded: file_helper
INFO - 2020-09-09 11:56:10 --> Helper loaded: text_helper
INFO - 2020-09-09 11:56:10 --> Helper loaded: string_helper
INFO - 2020-09-09 11:56:10 --> Database Driver Class Initialized
INFO - 2020-09-09 11:56:10 --> Email Class Initialized
DEBUG - 2020-09-09 11:56:10 --> Session: "sess_save_path" is empty; using "session.save_path" value from php.ini.
INFO - 2020-09-09 11:56:10 --> Session: Class initialized using 'files' driver.
INFO - 2020-09-09 11:56:10 --> Helper loaded: form_helper
INFO - 2020-09-09 11:56:10 --> Form Validation Class Initialized
INFO - 2020-09-09 11:56:10 --> Controller Class Initialized
INFO - 2020-09-09 11:56:10 --> Model "M_scholar" initialized
DEBUG - 2020-09-09 11:56:10 --> Email class already loaded. Second attempt ignored.
INFO - 2020-09-09 11:56:10 --> Upload Class Initialized
INFO - 2020-09-09 11:56:10 --> Upload Class Initialized
INFO - 2020-09-09 11:56:10 --> Model "M_auth" initialized
INFO - 2020-09-09 11:56:10 --> File loaded: C:\xampp\htdocs\scholarship\finance\views\include/header.php
INFO - 2020-09-09 11:56:10 --> File loaded: C:\xampp\htdocs\scholarship\finance\views\include/menu.php
INFO - 2020-09-09 11:56:10 --> File loaded: C:\xampp\htdocs\scholarship\finance\views\include/footer.php
INFO - 2020-09-09 11:56:10 --> File loaded: C:\xampp\htdocs\scholarship\finance\views\include/msg.php
INFO - 2020-09-09 11:56:10 --> File loaded: C:\xampp\htdocs\scholarship\finance\views\scholar/list.php
INFO - 2020-09-09 11:56:10 --> Final output sent to browser
DEBUG - 2020-09-09 11:56:10 --> Total execution time: 0.5802
INFO - 2020-09-09 11:56:11 --> Config Class Initialized
INFO - 2020-09-09 11:56:11 --> Hooks Class Initialized
DEBUG - 2020-09-09 11:56:11 --> UTF-8 Support Enabled
INFO - 2020-09-09 11:56:11 --> Utf8 Class Initialized
INFO - 2020-09-09 11:56:11 --> URI Class Initialized
INFO - 2020-09-09 11:56:11 --> Router Class Initialized
INFO - 2020-09-09 11:56:11 --> Output Class Initialized
INFO - 2020-09-09 11:56:11 --> Security Class Initialized
DEBUG - 2020-09-09 11:56:11 --> Global POST, GET and COOKIE data sanitized
INFO - 2020-09-09 11:56:11 --> Input Class Initialized
INFO - 2020-09-09 11:56:11 --> Language Class Initialized
INFO - 2020-09-09 11:56:11 --> Loader Class Initialized
INFO - 2020-09-09 11:56:11 --> Helper loaded: url_helper
INFO - 2020-09-09 11:56:11 --> Helper loaded: file_helper
INFO - 2020-09-09 11:56:11 --> Helper loaded: text_helper
INFO - 2020-09-09 11:56:11 --> Helper loaded: string_helper
INFO - 2020-09-09 11:56:11 --> Database Driver Class Initialized
INFO - 2020-09-09 11:56:11 --> Email Class Initialized
DEBUG - 2020-09-09 11:56:11 --> Session: "sess_save_path" is empty; using "session.save_path" value from php.ini.
INFO - 2020-09-09 11:56:11 --> Session: Class initialized using 'files' driver.
INFO - 2020-09-09 11:56:11 --> Helper loaded: form_helper
INFO - 2020-09-09 11:56:11 --> Form Validation Class Initialized
INFO - 2020-09-09 11:56:11 --> Controller Class Initialized
INFO - 2020-09-09 11:56:11 --> Model "M_scholar" initialized
DEBUG - 2020-09-09 11:56:11 --> Email class already loaded. Second attempt ignored.
INFO - 2020-09-09 11:56:11 --> Upload Class Initialized
INFO - 2020-09-09 11:56:11 --> Upload Class Initialized
INFO - 2020-09-09 11:56:11 --> Model "M_auth" initialized
INFO - 2020-09-09 11:56:11 --> Final output sent to browser
DEBUG - 2020-09-09 11:56:11 --> Total execution time: 0.3983
INFO - 2020-09-09 11:56:12 --> Config Class Initialized
INFO - 2020-09-09 11:56:12 --> Hooks Class Initialized
DEBUG - 2020-09-09 11:56:12 --> UTF-8 Support Enabled
INFO - 2020-09-09 11:56:12 --> Utf8 Class Initialized
INFO - 2020-09-09 11:56:12 --> URI Class Initialized
INFO - 2020-09-09 11:56:12 --> Router Class Initialized
INFO - 2020-09-09 11:56:12 --> Output Class Initialized
INFO - 2020-09-09 11:56:12 --> Security Class Initialized
DEBUG - 2020-09-09 11:56:12 --> Global POST, GET and COOKIE data sanitized
INFO - 2020-09-09 11:56:12 --> Input Class Initialized
INFO - 2020-09-09 11:56:12 --> Language Class Initialized
INFO - 2020-09-09 11:56:12 --> Loader Class Initialized
INFO - 2020-09-09 11:56:12 --> Helper loaded: url_helper
INFO - 2020-09-09 11:56:12 --> Helper loaded: file_helper
INFO - 2020-09-09 11:56:12 --> Helper loaded: text_helper
INFO - 2020-09-09 11:56:12 --> Helper loaded: string_helper
INFO - 2020-09-09 11:56:12 --> Database Driver Class Initialized
INFO - 2020-09-09 11:56:12 --> Email Class Initialized
DEBUG - 2020-09-09 11:56:12 --> Session: "sess_save_path" is empty; using "session.save_path" value from php.ini.
INFO - 2020-09-09 11:56:12 --> Session: Class initialized using 'files' driver.
INFO - 2020-09-09 11:56:12 --> Helper loaded: form_helper
INFO - 2020-09-09 11:56:12 --> Form Validation Class Initialized
INFO - 2020-09-09 11:56:12 --> Controller Class Initialized
INFO - 2020-09-09 11:56:12 --> Model "M_scholar" initialized
DEBUG - 2020-09-09 11:56:12 --> Email class already loaded. Second attempt ignored.
INFO - 2020-09-09 11:56:12 --> Upload Class Initialized
INFO - 2020-09-09 11:56:12 --> Upload Class Initialized
INFO - 2020-09-09 11:56:12 --> Model "M_auth" initialized
INFO - 2020-09-09 11:56:12 --> File loaded: C:\xampp\htdocs\scholarship\finance\views\include/header.php
INFO - 2020-09-09 11:56:12 --> File loaded: C:\xampp\htdocs\scholarship\finance\views\include/menu.php
INFO - 2020-09-09 11:56:12 --> File loaded: C:\xampp\htdocs\scholarship\finance\views\include/footer.php
INFO - 2020-09-09 11:56:12 --> File loaded: C:\xampp\htdocs\scholarship\finance\views\include/msg.php
INFO - 2020-09-09 11:56:12 --> File loaded: C:\xampp\htdocs\scholarship\finance\views\scholar/list.php
INFO - 2020-09-09 11:56:12 --> Final output sent to browser
DEBUG - 2020-09-09 11:56:12 --> Total execution time: 0.3595
INFO - 2020-09-09 11:56:13 --> Config Class Initialized
INFO - 2020-09-09 11:56:13 --> Hooks Class Initialized
DEBUG - 2020-09-09 11:56:13 --> UTF-8 Support Enabled
INFO - 2020-09-09 11:56:13 --> Utf8 Class Initialized
INFO - 2020-09-09 11:56:13 --> URI Class Initialized
INFO - 2020-09-09 11:56:13 --> Router Class Initialized
INFO - 2020-09-09 11:56:13 --> Output Class Initialized
INFO - 2020-09-09 11:56:13 --> Security Class Initialized
DEBUG - 2020-09-09 11:56:13 --> Global POST, GET and COOKIE data sanitized
INFO - 2020-09-09 11:56:13 --> Input Class Initialized
INFO - 2020-09-09 11:56:13 --> Language Class Initialized
INFO - 2020-09-09 11:56:13 --> Loader Class Initialized
INFO - 2020-09-09 11:56:13 --> Helper loaded: url_helper
INFO - 2020-09-09 11:56:13 --> Helper loaded: file_helper
INFO - 2020-09-09 11:56:13 --> Helper loaded: text_helper
INFO - 2020-09-09 11:56:13 --> Helper loaded: string_helper
INFO - 2020-09-09 11:56:13 --> Database Driver Class Initialized
INFO - 2020-09-09 11:56:13 --> Email Class Initialized
DEBUG - 2020-09-09 11:56:13 --> Session: "sess_save_path" is empty; using "session.save_path" value from php.ini.
INFO - 2020-09-09 11:56:13 --> Session: Class initialized using 'files' driver.
INFO - 2020-09-09 11:56:13 --> Helper loaded: form_helper
INFO - 2020-09-09 11:56:13 --> Form Validation Class Initialized
INFO - 2020-09-09 11:56:13 --> Controller Class Initialized
INFO - 2020-09-09 11:56:13 --> Model "M_scholar" initialized
DEBUG - 2020-09-09 11:56:13 --> Email class already loaded. Second attempt ignored.
INFO - 2020-09-09 11:56:14 --> Upload Class Initialized
INFO - 2020-09-09 11:56:14 --> Upload Class Initialized
INFO - 2020-09-09 11:56:14 --> Model "M_auth" initialized
INFO - 2020-09-09 11:56:14 --> Final output sent to browser
DEBUG - 2020-09-09 11:56:14 --> Total execution time: 0.4952
INFO - 2020-09-09 11:56:16 --> Config Class Initialized
INFO - 2020-09-09 11:56:16 --> Hooks Class Initialized
DEBUG - 2020-09-09 11:56:16 --> UTF-8 Support Enabled
INFO - 2020-09-09 11:56:16 --> Utf8 Class Initialized
INFO - 2020-09-09 11:56:16 --> URI Class Initialized
INFO - 2020-09-09 11:56:16 --> Router Class Initialized
INFO - 2020-09-09 11:56:16 --> Output Class Initialized
INFO - 2020-09-09 11:56:16 --> Security Class Initialized
DEBUG - 2020-09-09 11:56:16 --> Global POST, GET and COOKIE data sanitized
INFO - 2020-09-09 11:56:16 --> Input Class Initialized
INFO - 2020-09-09 11:56:16 --> Language Class Initialized
INFO - 2020-09-09 11:56:16 --> Loader Class Initialized
INFO - 2020-09-09 11:56:16 --> Helper loaded: url_helper
INFO - 2020-09-09 11:56:16 --> Helper loaded: file_helper
INFO - 2020-09-09 11:56:16 --> Helper loaded: text_helper
INFO - 2020-09-09 11:56:16 --> Helper loaded: string_helper
INFO - 2020-09-09 11:56:16 --> Database Driver Class Initialized
INFO - 2020-09-09 11:56:16 --> Email Class Initialized
DEBUG - 2020-09-09 11:56:16 --> Session: "sess_save_path" is empty; using "session.save_path" value from php.ini.
INFO - 2020-09-09 11:56:16 --> Session: Class initialized using 'files' driver.
INFO - 2020-09-09 11:56:16 --> Helper loaded: form_helper
INFO - 2020-09-09 11:56:16 --> Form Validation Class Initialized
INFO - 2020-09-09 11:56:16 --> Controller Class Initialized
INFO - 2020-09-09 11:56:16 --> Model "M_scholar" initialized
DEBUG - 2020-09-09 11:56:16 --> Email class already loaded. Second attempt ignored.
INFO - 2020-09-09 11:56:16 --> Upload Class Initialized
INFO - 2020-09-09 11:56:16 --> Upload Class Initialized
INFO - 2020-09-09 11:56:16 --> Model "M_auth" initialized
INFO - 2020-09-09 11:56:16 --> File loaded: C:\xampp\htdocs\scholarship\finance\views\include/header.php
INFO - 2020-09-09 11:56:16 --> File loaded: C:\xampp\htdocs\scholarship\finance\views\include/menu.php
INFO - 2020-09-09 11:56:16 --> File loaded: C:\xampp\htdocs\scholarship\finance\views\include/footer.php
INFO - 2020-09-09 11:56:16 --> File loaded: C:\xampp\htdocs\scholarship\finance\views\include/msg.php
INFO - 2020-09-09 11:56:16 --> File loaded: C:\xampp\htdocs\scholarship\finance\views\scholar/list.php
INFO - 2020-09-09 11:56:16 --> Final output sent to browser
DEBUG - 2020-09-09 11:56:16 --> Total execution time: 0.3644
INFO - 2020-09-09 11:56:17 --> Config Class Initialized
INFO - 2020-09-09 11:56:17 --> Hooks Class Initialized
DEBUG - 2020-09-09 11:56:17 --> UTF-8 Support Enabled
INFO - 2020-09-09 11:56:17 --> Utf8 Class Initialized
INFO - 2020-09-09 11:56:17 --> URI Class Initialized
INFO - 2020-09-09 11:56:17 --> Router Class Initialized
INFO - 2020-09-09 11:56:17 --> Output Class Initialized
INFO - 2020-09-09 11:56:17 --> Security Class Initialized
DEBUG - 2020-09-09 11:56:17 --> Global POST, GET and COOKIE data sanitized
INFO - 2020-09-09 11:56:17 --> Input Class Initialized
INFO - 2020-09-09 11:56:17 --> Language Class Initialized
INFO - 2020-09-09 11:56:17 --> Loader Class Initialized
INFO - 2020-09-09 11:56:17 --> Helper loaded: url_helper
INFO - 2020-09-09 11:56:18 --> Helper loaded: file_helper
INFO - 2020-09-09 11:56:18 --> Helper loaded: text_helper
INFO - 2020-09-09 11:56:18 --> Helper loaded: string_helper
INFO - 2020-09-09 11:56:18 --> Database Driver Class Initialized
INFO - 2020-09-09 11:56:18 --> Email Class Initialized
DEBUG - 2020-09-09 11:56:18 --> Session: "sess_save_path" is empty; using "session.save_path" value from php.ini.
INFO - 2020-09-09 11:56:18 --> Session: Class initialized using 'files' driver.
INFO - 2020-09-09 11:56:18 --> Helper loaded: form_helper
INFO - 2020-09-09 11:56:18 --> Form Validation Class Initialized
INFO - 2020-09-09 11:56:18 --> Controller Class Initialized
INFO - 2020-09-09 11:56:18 --> Model "M_scholar" initialized
DEBUG - 2020-09-09 11:56:18 --> Email class already loaded. Second attempt ignored.
INFO - 2020-09-09 11:56:18 --> Upload Class Initialized
INFO - 2020-09-09 11:56:18 --> Upload Class Initialized
INFO - 2020-09-09 11:56:18 --> Model "M_auth" initialized
INFO - 2020-09-09 11:56:18 --> Final output sent to browser
DEBUG - 2020-09-09 11:56:18 --> Total execution time: 0.4744
INFO - 2020-09-09 11:57:40 --> Config Class Initialized
INFO - 2020-09-09 11:57:40 --> Hooks Class Initialized
DEBUG - 2020-09-09 11:57:40 --> UTF-8 Support Enabled
INFO - 2020-09-09 11:57:40 --> Utf8 Class Initialized
INFO - 2020-09-09 11:57:40 --> URI Class Initialized
INFO - 2020-09-09 11:57:40 --> Router Class Initialized
INFO - 2020-09-09 11:57:40 --> Output Class Initialized
INFO - 2020-09-09 11:57:40 --> Security Class Initialized
DEBUG - 2020-09-09 11:57:40 --> Global POST, GET and COOKIE data sanitized
INFO - 2020-09-09 11:57:40 --> Input Class Initialized
INFO - 2020-09-09 11:57:40 --> Language Class Initialized
INFO - 2020-09-09 11:57:40 --> Loader Class Initialized
INFO - 2020-09-09 11:57:40 --> Helper loaded: url_helper
INFO - 2020-09-09 11:57:40 --> Helper loaded: file_helper
INFO - 2020-09-09 11:57:40 --> Helper loaded: text_helper
INFO - 2020-09-09 11:57:40 --> Helper loaded: string_helper
INFO - 2020-09-09 11:57:40 --> Database Driver Class Initialized
INFO - 2020-09-09 11:57:40 --> Email Class Initialized
DEBUG - 2020-09-09 11:57:40 --> Session: "sess_save_path" is empty; using "session.save_path" value from php.ini.
INFO - 2020-09-09 11:57:40 --> Session: Class initialized using 'files' driver.
INFO - 2020-09-09 11:57:40 --> Helper loaded: form_helper
INFO - 2020-09-09 11:57:40 --> Form Validation Class Initialized
INFO - 2020-09-09 11:57:40 --> Controller Class Initialized
INFO - 2020-09-09 11:57:40 --> Model "M_scholar" initialized
DEBUG - 2020-09-09 11:57:40 --> Email class already loaded. Second attempt ignored.
INFO - 2020-09-09 11:57:40 --> Upload Class Initialized
INFO - 2020-09-09 11:57:40 --> Upload Class Initialized
INFO - 2020-09-09 11:57:40 --> Model "M_auth" initialized
INFO - 2020-09-09 11:57:40 --> File loaded: C:\xampp\htdocs\scholarship\finance\views\include/header.php
INFO - 2020-09-09 11:57:40 --> File loaded: C:\xampp\htdocs\scholarship\finance\views\include/menu.php
INFO - 2020-09-09 11:57:40 --> File loaded: C:\xampp\htdocs\scholarship\finance\views\include/footer.php
INFO - 2020-09-09 11:57:40 --> File loaded: C:\xampp\htdocs\scholarship\finance\views\include/msg.php
INFO - 2020-09-09 11:57:40 --> File loaded: C:\xampp\htdocs\scholarship\finance\views\scholar/list.php
INFO - 2020-09-09 11:57:40 --> Final output sent to browser
DEBUG - 2020-09-09 11:57:40 --> Total execution time: 0.5266
INFO - 2020-09-09 11:57:42 --> Config Class Initialized
INFO - 2020-09-09 11:57:42 --> Hooks Class Initialized
DEBUG - 2020-09-09 11:57:42 --> UTF-8 Support Enabled
INFO - 2020-09-09 11:57:42 --> Utf8 Class Initialized
INFO - 2020-09-09 11:57:42 --> URI Class Initialized
INFO - 2020-09-09 11:57:42 --> Router Class Initialized
INFO - 2020-09-09 11:57:42 --> Output Class Initialized
INFO - 2020-09-09 11:57:42 --> Security Class Initialized
DEBUG - 2020-09-09 11:57:42 --> Global POST, GET and COOKIE data sanitized
INFO - 2020-09-09 11:57:42 --> Input Class Initialized
INFO - 2020-09-09 11:57:42 --> Language Class Initialized
INFO - 2020-09-09 11:57:42 --> Loader Class Initialized
INFO - 2020-09-09 11:57:42 --> Helper loaded: url_helper
INFO - 2020-09-09 11:57:42 --> Helper loaded: file_helper
INFO - 2020-09-09 11:57:42 --> Helper loaded: text_helper
INFO - 2020-09-09 11:57:42 --> Helper loaded: string_helper
INFO - 2020-09-09 11:57:42 --> Database Driver Class Initialized
INFO - 2020-09-09 11:57:42 --> Email Class Initialized
DEBUG - 2020-09-09 11:57:42 --> Session: "sess_save_path" is empty; using "session.save_path" value from php.ini.
INFO - 2020-09-09 11:57:42 --> Session: Class initialized using 'files' driver.
INFO - 2020-09-09 11:57:42 --> Helper loaded: form_helper
INFO - 2020-09-09 11:57:42 --> Form Validation Class Initialized
INFO - 2020-09-09 11:57:42 --> Controller Class Initialized
INFO - 2020-09-09 11:57:42 --> Model "M_scholar" initialized
DEBUG - 2020-09-09 11:57:42 --> Email class already loaded. Second attempt ignored.
INFO - 2020-09-09 11:57:42 --> Upload Class Initialized
INFO - 2020-09-09 11:57:42 --> Upload Class Initialized
INFO - 2020-09-09 11:57:42 --> Model "M_auth" initialized
INFO - 2020-09-09 11:57:42 --> Final output sent to browser
DEBUG - 2020-09-09 11:57:42 --> Total execution time: 0.6643
INFO - 2020-09-09 11:57:44 --> Config Class Initialized
INFO - 2020-09-09 11:57:44 --> Hooks Class Initialized
DEBUG - 2020-09-09 11:57:44 --> UTF-8 Support Enabled
INFO - 2020-09-09 11:57:44 --> Utf8 Class Initialized
INFO - 2020-09-09 11:57:44 --> URI Class Initialized
INFO - 2020-09-09 11:57:44 --> Router Class Initialized
INFO - 2020-09-09 11:57:44 --> Output Class Initialized
INFO - 2020-09-09 11:57:44 --> Security Class Initialized
DEBUG - 2020-09-09 11:57:44 --> Global POST, GET and COOKIE data sanitized
INFO - 2020-09-09 11:57:44 --> Input Class Initialized
INFO - 2020-09-09 11:57:44 --> Language Class Initialized
INFO - 2020-09-09 11:57:44 --> Loader Class Initialized
INFO - 2020-09-09 11:57:44 --> Helper loaded: url_helper
INFO - 2020-09-09 11:57:44 --> Helper loaded: file_helper
INFO - 2020-09-09 11:57:44 --> Helper loaded: text_helper
INFO - 2020-09-09 11:57:44 --> Helper loaded: string_helper
INFO - 2020-09-09 11:57:44 --> Database Driver Class Initialized
INFO - 2020-09-09 11:57:44 --> Email Class Initialized
DEBUG - 2020-09-09 11:57:44 --> Session: "sess_save_path" is empty; using "session.save_path" value from php.ini.
INFO - 2020-09-09 11:57:44 --> Session: Class initialized using 'files' driver.
INFO - 2020-09-09 11:57:44 --> Helper loaded: form_helper
INFO - 2020-09-09 11:57:44 --> Form Validation Class Initialized
INFO - 2020-09-09 11:57:44 --> Controller Class Initialized
INFO - 2020-09-09 11:57:44 --> Model "M_scholar" initialized
DEBUG - 2020-09-09 11:57:44 --> Email class already loaded. Second attempt ignored.
INFO - 2020-09-09 11:57:44 --> Upload Class Initialized
INFO - 2020-09-09 11:57:44 --> Upload Class Initialized
INFO - 2020-09-09 11:57:44 --> Model "M_auth" initialized
INFO - 2020-09-09 11:57:44 --> Final output sent to browser
DEBUG - 2020-09-09 11:57:44 --> Total execution time: 0.3404
