INFO - 2020-05-19 16:43:48 --> Config Class Initialized
INFO - 2020-05-19 16:43:48 --> Hooks Class Initialized
DEBUG - 2020-05-19 16:43:48 --> UTF-8 Support Enabled
INFO - 2020-05-19 16:43:48 --> Utf8 Class Initialized
INFO - 2020-05-19 16:43:48 --> URI Class Initialized
INFO - 2020-05-19 16:43:48 --> Router Class Initialized
INFO - 2020-05-19 16:43:48 --> Output Class Initialized
INFO - 2020-05-19 16:43:48 --> Security Class Initialized
DEBUG - 2020-05-19 16:43:48 --> Global POST, GET and COOKIE data sanitized
INFO - 2020-05-19 16:43:48 --> Input Class Initialized
INFO - 2020-05-19 16:43:48 --> Language Class Initialized
INFO - 2020-05-19 16:43:48 --> Loader Class Initialized
INFO - 2020-05-19 16:43:48 --> Helper loaded: url_helper
INFO - 2020-05-19 16:43:48 --> Helper loaded: file_helper
INFO - 2020-05-19 16:43:48 --> Helper loaded: text_helper
INFO - 2020-05-19 16:43:48 --> Helper loaded: string_helper
INFO - 2020-05-19 16:43:48 --> Database Driver Class Initialized
INFO - 2020-05-19 16:43:48 --> Email Class Initialized
DEBUG - 2020-05-19 16:43:48 --> Session: "sess_save_path" is empty; using "session.save_path" value from php.ini.
INFO - 2020-05-19 16:43:48 --> Session: Class initialized using 'files' driver.
INFO - 2020-05-19 16:43:48 --> Helper loaded: form_helper
INFO - 2020-05-19 16:43:48 --> Form Validation Class Initialized
INFO - 2020-05-19 16:43:48 --> Controller Class Initialized
INFO - 2020-05-19 16:43:48 --> Model "M_auth" initialized
DEBUG - 2020-05-19 16:43:48 --> Form_validation class already loaded. Second attempt ignored.
DEBUG - 2020-05-19 16:43:48 --> Sc_check class already loaded. Second attempt ignored.
INFO - 2020-05-19 16:43:48 --> Helper loaded: captcha_helper
INFO - 2020-05-19 16:43:48 --> Config Class Initialized
INFO - 2020-05-19 16:43:48 --> Hooks Class Initialized
DEBUG - 2020-05-19 16:43:48 --> UTF-8 Support Enabled
INFO - 2020-05-19 16:43:48 --> Utf8 Class Initialized
INFO - 2020-05-19 16:43:48 --> URI Class Initialized
INFO - 2020-05-19 16:43:48 --> Router Class Initialized
INFO - 2020-05-19 16:43:48 --> Output Class Initialized
INFO - 2020-05-19 16:43:48 --> Security Class Initialized
DEBUG - 2020-05-19 16:43:48 --> Global POST, GET and COOKIE data sanitized
INFO - 2020-05-19 16:43:48 --> Input Class Initialized
INFO - 2020-05-19 16:43:48 --> Language Class Initialized
INFO - 2020-05-19 16:43:48 --> Loader Class Initialized
INFO - 2020-05-19 16:43:48 --> Helper loaded: url_helper
INFO - 2020-05-19 16:43:48 --> Helper loaded: file_helper
INFO - 2020-05-19 16:43:48 --> Helper loaded: text_helper
INFO - 2020-05-19 16:43:48 --> Helper loaded: string_helper
INFO - 2020-05-19 16:43:48 --> Database Driver Class Initialized
INFO - 2020-05-19 16:43:48 --> Email Class Initialized
DEBUG - 2020-05-19 16:43:48 --> Session: "sess_save_path" is empty; using "session.save_path" value from php.ini.
INFO - 2020-05-19 16:43:48 --> Session: Class initialized using 'files' driver.
INFO - 2020-05-19 16:43:48 --> Helper loaded: form_helper
INFO - 2020-05-19 16:43:48 --> Form Validation Class Initialized
INFO - 2020-05-19 16:43:48 --> Controller Class Initialized
INFO - 2020-05-19 16:43:48 --> Model "M_auth" initialized
DEBUG - 2020-05-19 16:43:48 --> Form_validation class already loaded. Second attempt ignored.
DEBUG - 2020-05-19 16:43:48 --> Sc_check class already loaded. Second attempt ignored.
INFO - 2020-05-19 16:43:48 --> Helper loaded: captcha_helper
INFO - 2020-05-19 16:43:48 --> File loaded: C:\xampp\htdocs\scholarship\finance\views\include/header.php
INFO - 2020-05-19 16:43:48 --> File loaded: C:\xampp\htdocs\scholarship\finance\views\include/footer.php
INFO - 2020-05-19 16:43:48 --> File loaded: C:\xampp\htdocs\scholarship\finance\views\include/msg.php
INFO - 2020-05-19 16:43:48 --> File loaded: C:\xampp\htdocs\scholarship\finance\views\auth/login.php
INFO - 2020-05-19 16:43:48 --> Final output sent to browser
DEBUG - 2020-05-19 16:43:49 --> Total execution time: 0.3651
