INFO - 2020-05-25 17:55:24 --> Config Class Initialized
INFO - 2020-05-25 17:55:24 --> Hooks Class Initialized
DEBUG - 2020-05-25 17:55:24 --> UTF-8 Support Enabled
INFO - 2020-05-25 17:55:24 --> Utf8 Class Initialized
INFO - 2020-05-25 17:55:24 --> URI Class Initialized
DEBUG - 2020-05-25 17:55:24 --> No URI present. Default controller set.
INFO - 2020-05-25 17:55:24 --> Router Class Initialized
INFO - 2020-05-25 17:55:25 --> Output Class Initialized
INFO - 2020-05-25 17:55:25 --> Security Class Initialized
DEBUG - 2020-05-25 17:55:25 --> Global POST, GET and COOKIE data sanitized
INFO - 2020-05-25 17:55:25 --> Input Class Initialized
INFO - 2020-05-25 17:55:25 --> Language Class Initialized
INFO - 2020-05-25 17:55:25 --> Loader Class Initialized
INFO - 2020-05-25 17:55:25 --> Helper loaded: url_helper
INFO - 2020-05-25 17:55:25 --> Helper loaded: file_helper
INFO - 2020-05-25 17:55:25 --> Helper loaded: text_helper
INFO - 2020-05-25 17:55:25 --> Helper loaded: string_helper
INFO - 2020-05-25 17:55:25 --> Database Driver Class Initialized
INFO - 2020-05-25 17:55:25 --> Email Class Initialized
DEBUG - 2020-05-25 17:55:25 --> Session: "sess_save_path" is empty; using "session.save_path" value from php.ini.
INFO - 2020-05-25 17:55:25 --> Session: Class initialized using 'files' driver.
INFO - 2020-05-25 17:55:25 --> Helper loaded: form_helper
INFO - 2020-05-25 17:55:25 --> Form Validation Class Initialized
INFO - 2020-05-25 17:55:25 --> Controller Class Initialized
INFO - 2020-05-25 17:55:25 --> Model "M_auth" initialized
DEBUG - 2020-05-25 17:55:25 --> Form_validation class already loaded. Second attempt ignored.
DEBUG - 2020-05-25 17:55:25 --> Sc_check class already loaded. Second attempt ignored.
INFO - 2020-05-25 17:55:25 --> Helper loaded: captcha_helper
INFO - 2020-05-25 17:55:25 --> File loaded: C:\xampp\htdocs\scholarship\finance\views\include/header.php
INFO - 2020-05-25 17:55:25 --> File loaded: C:\xampp\htdocs\scholarship\finance\views\include/footer.php
INFO - 2020-05-25 17:55:25 --> File loaded: C:\xampp\htdocs\scholarship\finance\views\include/msg.php
INFO - 2020-05-25 17:55:25 --> File loaded: C:\xampp\htdocs\scholarship\finance\views\auth/login.php
INFO - 2020-05-25 17:55:25 --> Final output sent to browser
DEBUG - 2020-05-25 17:55:25 --> Total execution time: 0.8302
INFO - 2020-05-25 18:00:24 --> Config Class Initialized
INFO - 2020-05-25 18:00:24 --> Hooks Class Initialized
DEBUG - 2020-05-25 18:00:24 --> UTF-8 Support Enabled
INFO - 2020-05-25 18:00:24 --> Utf8 Class Initialized
INFO - 2020-05-25 18:00:24 --> URI Class Initialized
INFO - 2020-05-25 18:00:24 --> Router Class Initialized
INFO - 2020-05-25 18:00:24 --> Output Class Initialized
INFO - 2020-05-25 18:00:24 --> Security Class Initialized
DEBUG - 2020-05-25 18:00:24 --> Global POST, GET and COOKIE data sanitized
INFO - 2020-05-25 18:00:24 --> Input Class Initialized
INFO - 2020-05-25 18:00:24 --> Language Class Initialized
ERROR - 2020-05-25 18:00:24 --> 404 Page Not Found: Auth/emailcheck
INFO - 2020-05-25 18:00:34 --> Config Class Initialized
INFO - 2020-05-25 18:00:34 --> Hooks Class Initialized
DEBUG - 2020-05-25 18:00:34 --> UTF-8 Support Enabled
INFO - 2020-05-25 18:00:34 --> Utf8 Class Initialized
INFO - 2020-05-25 18:00:34 --> URI Class Initialized
INFO - 2020-05-25 18:00:34 --> Router Class Initialized
INFO - 2020-05-25 18:00:34 --> Output Class Initialized
INFO - 2020-05-25 18:00:34 --> Security Class Initialized
DEBUG - 2020-05-25 18:00:34 --> Global POST, GET and COOKIE data sanitized
INFO - 2020-05-25 18:00:34 --> Input Class Initialized
INFO - 2020-05-25 18:00:34 --> Language Class Initialized
INFO - 2020-05-25 18:00:34 --> Loader Class Initialized
INFO - 2020-05-25 18:00:34 --> Helper loaded: url_helper
INFO - 2020-05-25 18:00:34 --> Helper loaded: file_helper
INFO - 2020-05-25 18:00:34 --> Helper loaded: text_helper
INFO - 2020-05-25 18:00:34 --> Helper loaded: string_helper
INFO - 2020-05-25 18:00:34 --> Database Driver Class Initialized
INFO - 2020-05-25 18:00:34 --> Email Class Initialized
DEBUG - 2020-05-25 18:00:34 --> Session: "sess_save_path" is empty; using "session.save_path" value from php.ini.
INFO - 2020-05-25 18:00:34 --> Session: Class initialized using 'files' driver.
INFO - 2020-05-25 18:00:34 --> Helper loaded: form_helper
INFO - 2020-05-25 18:00:34 --> Form Validation Class Initialized
INFO - 2020-05-25 18:00:34 --> Controller Class Initialized
INFO - 2020-05-25 18:00:34 --> Model "M_auth" initialized
DEBUG - 2020-05-25 18:00:34 --> Form_validation class already loaded. Second attempt ignored.
DEBUG - 2020-05-25 18:00:34 --> Sc_check class already loaded. Second attempt ignored.
INFO - 2020-05-25 18:00:34 --> Helper loaded: captcha_helper
INFO - 2020-05-25 18:00:34 --> Config Class Initialized
INFO - 2020-05-25 18:00:34 --> Hooks Class Initialized
DEBUG - 2020-05-25 18:00:34 --> UTF-8 Support Enabled
INFO - 2020-05-25 18:00:34 --> Utf8 Class Initialized
INFO - 2020-05-25 18:00:34 --> URI Class Initialized
DEBUG - 2020-05-25 18:00:34 --> No URI present. Default controller set.
INFO - 2020-05-25 18:00:34 --> Router Class Initialized
INFO - 2020-05-25 18:00:34 --> Output Class Initialized
INFO - 2020-05-25 18:00:34 --> Security Class Initialized
DEBUG - 2020-05-25 18:00:34 --> Global POST, GET and COOKIE data sanitized
INFO - 2020-05-25 18:00:34 --> Input Class Initialized
INFO - 2020-05-25 18:00:34 --> Language Class Initialized
INFO - 2020-05-25 18:00:34 --> Loader Class Initialized
INFO - 2020-05-25 18:00:34 --> Helper loaded: url_helper
INFO - 2020-05-25 18:00:34 --> Helper loaded: file_helper
INFO - 2020-05-25 18:00:34 --> Helper loaded: text_helper
INFO - 2020-05-25 18:00:34 --> Helper loaded: string_helper
INFO - 2020-05-25 18:00:34 --> Database Driver Class Initialized
INFO - 2020-05-25 18:00:34 --> Email Class Initialized
DEBUG - 2020-05-25 18:00:34 --> Session: "sess_save_path" is empty; using "session.save_path" value from php.ini.
INFO - 2020-05-25 18:00:34 --> Session: Class initialized using 'files' driver.
INFO - 2020-05-25 18:00:34 --> Helper loaded: form_helper
INFO - 2020-05-25 18:00:34 --> Form Validation Class Initialized
INFO - 2020-05-25 18:00:34 --> Controller Class Initialized
INFO - 2020-05-25 18:00:34 --> Model "M_auth" initialized
DEBUG - 2020-05-25 18:00:34 --> Form_validation class already loaded. Second attempt ignored.
DEBUG - 2020-05-25 18:00:34 --> Sc_check class already loaded. Second attempt ignored.
INFO - 2020-05-25 18:00:34 --> Helper loaded: captcha_helper
INFO - 2020-05-25 18:00:34 --> File loaded: C:\xampp\htdocs\scholarship\finance\views\include/header.php
INFO - 2020-05-25 18:00:34 --> File loaded: C:\xampp\htdocs\scholarship\finance\views\include/footer.php
INFO - 2020-05-25 18:00:34 --> File loaded: C:\xampp\htdocs\scholarship\finance\views\include/msg.php
INFO - 2020-05-25 18:00:34 --> File loaded: C:\xampp\htdocs\scholarship\finance\views\auth/login.php
INFO - 2020-05-25 18:00:34 --> Final output sent to browser
DEBUG - 2020-05-25 18:00:34 --> Total execution time: 0.3659
INFO - 2020-05-25 18:00:38 --> Config Class Initialized
INFO - 2020-05-25 18:00:39 --> Hooks Class Initialized
DEBUG - 2020-05-25 18:00:39 --> UTF-8 Support Enabled
INFO - 2020-05-25 18:00:39 --> Utf8 Class Initialized
INFO - 2020-05-25 18:00:39 --> URI Class Initialized
INFO - 2020-05-25 18:00:39 --> Router Class Initialized
INFO - 2020-05-25 18:00:39 --> Output Class Initialized
INFO - 2020-05-25 18:00:39 --> Security Class Initialized
DEBUG - 2020-05-25 18:00:39 --> Global POST, GET and COOKIE data sanitized
INFO - 2020-05-25 18:00:39 --> Input Class Initialized
INFO - 2020-05-25 18:00:39 --> Language Class Initialized
ERROR - 2020-05-25 18:00:39 --> 404 Page Not Found: Auth/emailcheck
INFO - 2020-05-25 18:00:45 --> Config Class Initialized
INFO - 2020-05-25 18:00:45 --> Hooks Class Initialized
DEBUG - 2020-05-25 18:00:45 --> UTF-8 Support Enabled
INFO - 2020-05-25 18:00:45 --> Utf8 Class Initialized
INFO - 2020-05-25 18:00:45 --> URI Class Initialized
INFO - 2020-05-25 18:00:45 --> Router Class Initialized
INFO - 2020-05-25 18:00:45 --> Output Class Initialized
INFO - 2020-05-25 18:00:45 --> Security Class Initialized
DEBUG - 2020-05-25 18:00:45 --> Global POST, GET and COOKIE data sanitized
INFO - 2020-05-25 18:00:45 --> Input Class Initialized
INFO - 2020-05-25 18:00:45 --> Language Class Initialized
INFO - 2020-05-25 18:00:45 --> Loader Class Initialized
INFO - 2020-05-25 18:00:45 --> Helper loaded: url_helper
INFO - 2020-05-25 18:00:45 --> Helper loaded: file_helper
INFO - 2020-05-25 18:00:45 --> Helper loaded: text_helper
INFO - 2020-05-25 18:00:45 --> Helper loaded: string_helper
INFO - 2020-05-25 18:00:45 --> Database Driver Class Initialized
INFO - 2020-05-25 18:00:45 --> Email Class Initialized
DEBUG - 2020-05-25 18:00:45 --> Session: "sess_save_path" is empty; using "session.save_path" value from php.ini.
INFO - 2020-05-25 18:00:45 --> Session: Class initialized using 'files' driver.
INFO - 2020-05-25 18:00:45 --> Helper loaded: form_helper
INFO - 2020-05-25 18:00:45 --> Form Validation Class Initialized
INFO - 2020-05-25 18:00:45 --> Controller Class Initialized
INFO - 2020-05-25 18:00:45 --> Model "M_auth" initialized
DEBUG - 2020-05-25 18:00:45 --> Form_validation class already loaded. Second attempt ignored.
DEBUG - 2020-05-25 18:00:45 --> Sc_check class already loaded. Second attempt ignored.
INFO - 2020-05-25 18:00:45 --> Helper loaded: captcha_helper
INFO - 2020-05-25 18:00:45 --> Language file loaded: language/english/form_validation_lang.php
ERROR - 2020-05-25 18:00:45 --> ---------------------Failed -- Finance officer Log in Failed and tried login with jainrohith9@gmail.com password and IP aaddress ::1 --------------
INFO - 2020-05-25 18:00:45 --> Config Class Initialized
INFO - 2020-05-25 18:00:45 --> Hooks Class Initialized
DEBUG - 2020-05-25 18:00:45 --> UTF-8 Support Enabled
INFO - 2020-05-25 18:00:46 --> Utf8 Class Initialized
INFO - 2020-05-25 18:00:46 --> URI Class Initialized
DEBUG - 2020-05-25 18:00:46 --> No URI present. Default controller set.
INFO - 2020-05-25 18:00:46 --> Router Class Initialized
INFO - 2020-05-25 18:00:46 --> Output Class Initialized
INFO - 2020-05-25 18:00:46 --> Security Class Initialized
DEBUG - 2020-05-25 18:00:46 --> Global POST, GET and COOKIE data sanitized
INFO - 2020-05-25 18:00:46 --> Input Class Initialized
INFO - 2020-05-25 18:00:46 --> Language Class Initialized
INFO - 2020-05-25 18:00:46 --> Loader Class Initialized
INFO - 2020-05-25 18:00:46 --> Helper loaded: url_helper
INFO - 2020-05-25 18:00:46 --> Helper loaded: file_helper
INFO - 2020-05-25 18:00:46 --> Helper loaded: text_helper
INFO - 2020-05-25 18:00:46 --> Helper loaded: string_helper
INFO - 2020-05-25 18:00:46 --> Database Driver Class Initialized
INFO - 2020-05-25 18:00:46 --> Email Class Initialized
DEBUG - 2020-05-25 18:00:46 --> Session: "sess_save_path" is empty; using "session.save_path" value from php.ini.
INFO - 2020-05-25 18:00:46 --> Session: Class initialized using 'files' driver.
INFO - 2020-05-25 18:00:46 --> Helper loaded: form_helper
INFO - 2020-05-25 18:00:46 --> Form Validation Class Initialized
INFO - 2020-05-25 18:00:46 --> Controller Class Initialized
INFO - 2020-05-25 18:00:46 --> Model "M_auth" initialized
DEBUG - 2020-05-25 18:00:46 --> Form_validation class already loaded. Second attempt ignored.
DEBUG - 2020-05-25 18:00:46 --> Sc_check class already loaded. Second attempt ignored.
INFO - 2020-05-25 18:00:46 --> Helper loaded: captcha_helper
INFO - 2020-05-25 18:00:46 --> File loaded: C:\xampp\htdocs\scholarship\finance\views\include/header.php
INFO - 2020-05-25 18:00:46 --> File loaded: C:\xampp\htdocs\scholarship\finance\views\include/footer.php
INFO - 2020-05-25 18:00:46 --> File loaded: C:\xampp\htdocs\scholarship\finance\views\include/msg.php
INFO - 2020-05-25 18:00:46 --> File loaded: C:\xampp\htdocs\scholarship\finance\views\auth/login.php
INFO - 2020-05-25 18:00:46 --> Final output sent to browser
DEBUG - 2020-05-25 18:00:46 --> Total execution time: 0.3835
INFO - 2020-05-25 18:01:02 --> Config Class Initialized
INFO - 2020-05-25 18:01:02 --> Hooks Class Initialized
DEBUG - 2020-05-25 18:01:02 --> UTF-8 Support Enabled
INFO - 2020-05-25 18:01:02 --> Utf8 Class Initialized
INFO - 2020-05-25 18:01:02 --> URI Class Initialized
INFO - 2020-05-25 18:01:02 --> Router Class Initialized
INFO - 2020-05-25 18:01:02 --> Output Class Initialized
INFO - 2020-05-25 18:01:02 --> Security Class Initialized
DEBUG - 2020-05-25 18:01:02 --> Global POST, GET and COOKIE data sanitized
INFO - 2020-05-25 18:01:02 --> Input Class Initialized
INFO - 2020-05-25 18:01:02 --> Language Class Initialized
ERROR - 2020-05-25 18:01:02 --> 404 Page Not Found: Auth/emailcheck
INFO - 2020-05-25 18:01:08 --> Config Class Initialized
INFO - 2020-05-25 18:01:08 --> Hooks Class Initialized
DEBUG - 2020-05-25 18:01:08 --> UTF-8 Support Enabled
INFO - 2020-05-25 18:01:08 --> Utf8 Class Initialized
INFO - 2020-05-25 18:01:08 --> URI Class Initialized
INFO - 2020-05-25 18:01:08 --> Router Class Initialized
INFO - 2020-05-25 18:01:08 --> Output Class Initialized
INFO - 2020-05-25 18:01:08 --> Security Class Initialized
DEBUG - 2020-05-25 18:01:08 --> Global POST, GET and COOKIE data sanitized
INFO - 2020-05-25 18:01:08 --> Input Class Initialized
INFO - 2020-05-25 18:01:08 --> Language Class Initialized
INFO - 2020-05-25 18:01:08 --> Loader Class Initialized
INFO - 2020-05-25 18:01:08 --> Helper loaded: url_helper
INFO - 2020-05-25 18:01:08 --> Helper loaded: file_helper
INFO - 2020-05-25 18:01:08 --> Helper loaded: text_helper
INFO - 2020-05-25 18:01:08 --> Helper loaded: string_helper
INFO - 2020-05-25 18:01:08 --> Database Driver Class Initialized
INFO - 2020-05-25 18:01:08 --> Email Class Initialized
DEBUG - 2020-05-25 18:01:08 --> Session: "sess_save_path" is empty; using "session.save_path" value from php.ini.
INFO - 2020-05-25 18:01:08 --> Session: Class initialized using 'files' driver.
INFO - 2020-05-25 18:01:08 --> Helper loaded: form_helper
INFO - 2020-05-25 18:01:08 --> Form Validation Class Initialized
INFO - 2020-05-25 18:01:08 --> Controller Class Initialized
INFO - 2020-05-25 18:01:08 --> Model "M_auth" initialized
DEBUG - 2020-05-25 18:01:08 --> Form_validation class already loaded. Second attempt ignored.
DEBUG - 2020-05-25 18:01:08 --> Sc_check class already loaded. Second attempt ignored.
INFO - 2020-05-25 18:01:09 --> Helper loaded: captcha_helper
INFO - 2020-05-25 18:01:09 --> Language file loaded: language/english/form_validation_lang.php
INFO - 2020-05-25 18:01:09 --> ---------------------Success -- Finance officer Logged in with jainrohith9@gmail.com and IP aaddress ::1 --------------
INFO - 2020-05-25 18:01:09 --> Config Class Initialized
INFO - 2020-05-25 18:01:09 --> Hooks Class Initialized
DEBUG - 2020-05-25 18:01:09 --> UTF-8 Support Enabled
INFO - 2020-05-25 18:01:09 --> Utf8 Class Initialized
INFO - 2020-05-25 18:01:09 --> URI Class Initialized
INFO - 2020-05-25 18:01:09 --> Router Class Initialized
INFO - 2020-05-25 18:01:09 --> Output Class Initialized
INFO - 2020-05-25 18:01:09 --> Security Class Initialized
DEBUG - 2020-05-25 18:01:09 --> Global POST, GET and COOKIE data sanitized
INFO - 2020-05-25 18:01:09 --> Input Class Initialized
INFO - 2020-05-25 18:01:09 --> Language Class Initialized
INFO - 2020-05-25 18:01:09 --> Loader Class Initialized
INFO - 2020-05-25 18:01:09 --> Helper loaded: url_helper
INFO - 2020-05-25 18:01:09 --> Helper loaded: file_helper
INFO - 2020-05-25 18:01:09 --> Helper loaded: text_helper
INFO - 2020-05-25 18:01:09 --> Helper loaded: string_helper
INFO - 2020-05-25 18:01:09 --> Database Driver Class Initialized
INFO - 2020-05-25 18:01:09 --> Email Class Initialized
DEBUG - 2020-05-25 18:01:09 --> Session: "sess_save_path" is empty; using "session.save_path" value from php.ini.
INFO - 2020-05-25 18:01:09 --> Session: Class initialized using 'files' driver.
INFO - 2020-05-25 18:01:09 --> Helper loaded: form_helper
INFO - 2020-05-25 18:01:09 --> Form Validation Class Initialized
INFO - 2020-05-25 18:01:09 --> Controller Class Initialized
INFO - 2020-05-25 18:01:09 --> Model "M_dashboard" initialized
DEBUG - 2020-05-25 18:01:09 --> Form_validation class already loaded. Second attempt ignored.
INFO - 2020-05-25 18:01:09 --> Model "M_auth" initialized
INFO - 2020-05-25 18:01:09 --> File loaded: C:\xampp\htdocs\scholarship\finance\views\include/header.php
INFO - 2020-05-25 18:01:09 --> File loaded: C:\xampp\htdocs\scholarship\finance\views\include/menu.php
INFO - 2020-05-25 18:01:09 --> File loaded: C:\xampp\htdocs\scholarship\finance\views\include/footer.php
INFO - 2020-05-25 18:01:09 --> File loaded: C:\xampp\htdocs\scholarship\finance\views\include/msg.php
INFO - 2020-05-25 18:01:09 --> File loaded: C:\xampp\htdocs\scholarship\finance\views\dashboard/index.php
INFO - 2020-05-25 18:01:09 --> Final output sent to browser
DEBUG - 2020-05-25 18:01:10 --> Total execution time: 0.5807
INFO - 2020-05-25 18:01:10 --> Config Class Initialized
INFO - 2020-05-25 18:01:10 --> Hooks Class Initialized
DEBUG - 2020-05-25 18:01:10 --> UTF-8 Support Enabled
INFO - 2020-05-25 18:01:10 --> Utf8 Class Initialized
INFO - 2020-05-25 18:01:10 --> URI Class Initialized
INFO - 2020-05-25 18:01:10 --> Router Class Initialized
INFO - 2020-05-25 18:01:10 --> Output Class Initialized
INFO - 2020-05-25 18:01:10 --> Security Class Initialized
DEBUG - 2020-05-25 18:01:10 --> Global POST, GET and COOKIE data sanitized
INFO - 2020-05-25 18:01:10 --> Input Class Initialized
INFO - 2020-05-25 18:01:10 --> Language Class Initialized
INFO - 2020-05-25 18:01:10 --> Loader Class Initialized
INFO - 2020-05-25 18:01:10 --> Helper loaded: url_helper
INFO - 2020-05-25 18:01:10 --> Helper loaded: file_helper
INFO - 2020-05-25 18:01:10 --> Helper loaded: text_helper
INFO - 2020-05-25 18:01:10 --> Helper loaded: string_helper
INFO - 2020-05-25 18:01:10 --> Database Driver Class Initialized
INFO - 2020-05-25 18:01:10 --> Email Class Initialized
DEBUG - 2020-05-25 18:01:10 --> Session: "sess_save_path" is empty; using "session.save_path" value from php.ini.
INFO - 2020-05-25 18:01:10 --> Session: Class initialized using 'files' driver.
INFO - 2020-05-25 18:01:10 --> Helper loaded: form_helper
INFO - 2020-05-25 18:01:10 --> Form Validation Class Initialized
INFO - 2020-05-25 18:01:10 --> Controller Class Initialized
INFO - 2020-05-25 18:01:10 --> Model "M_dashboard" initialized
DEBUG - 2020-05-25 18:01:10 --> Form_validation class already loaded. Second attempt ignored.
INFO - 2020-05-25 18:01:10 --> Model "M_auth" initialized
INFO - 2020-05-25 18:01:10 --> Final output sent to browser
DEBUG - 2020-05-25 18:01:10 --> Total execution time: 0.3107
INFO - 2020-05-25 18:01:11 --> Config Class Initialized
INFO - 2020-05-25 18:01:11 --> Hooks Class Initialized
DEBUG - 2020-05-25 18:01:11 --> UTF-8 Support Enabled
INFO - 2020-05-25 18:01:11 --> Utf8 Class Initialized
INFO - 2020-05-25 18:01:11 --> URI Class Initialized
INFO - 2020-05-25 18:01:12 --> Router Class Initialized
INFO - 2020-05-25 18:01:12 --> Output Class Initialized
INFO - 2020-05-25 18:01:12 --> Security Class Initialized
DEBUG - 2020-05-25 18:01:12 --> Global POST, GET and COOKIE data sanitized
INFO - 2020-05-25 18:01:12 --> Input Class Initialized
INFO - 2020-05-25 18:01:12 --> Language Class Initialized
INFO - 2020-05-25 18:01:12 --> Loader Class Initialized
INFO - 2020-05-25 18:01:12 --> Helper loaded: url_helper
INFO - 2020-05-25 18:01:12 --> Helper loaded: file_helper
INFO - 2020-05-25 18:01:12 --> Helper loaded: text_helper
INFO - 2020-05-25 18:01:12 --> Helper loaded: string_helper
INFO - 2020-05-25 18:01:12 --> Database Driver Class Initialized
INFO - 2020-05-25 18:01:12 --> Email Class Initialized
DEBUG - 2020-05-25 18:01:12 --> Session: "sess_save_path" is empty; using "session.save_path" value from php.ini.
INFO - 2020-05-25 18:01:12 --> Session: Class initialized using 'files' driver.
INFO - 2020-05-25 18:01:12 --> Helper loaded: form_helper
INFO - 2020-05-25 18:01:12 --> Form Validation Class Initialized
INFO - 2020-05-25 18:01:12 --> Controller Class Initialized
INFO - 2020-05-25 18:01:12 --> Model "M_scholar" initialized
DEBUG - 2020-05-25 18:01:12 --> Email class already loaded. Second attempt ignored.
INFO - 2020-05-25 18:01:12 --> Upload Class Initialized
INFO - 2020-05-25 18:01:12 --> Upload Class Initialized
INFO - 2020-05-25 18:01:13 --> Model "M_auth" initialized
INFO - 2020-05-25 18:01:13 --> File loaded: C:\xampp\htdocs\scholarship\finance\views\include/header.php
INFO - 2020-05-25 18:01:13 --> File loaded: C:\xampp\htdocs\scholarship\finance\views\include/menu.php
INFO - 2020-05-25 18:01:13 --> File loaded: C:\xampp\htdocs\scholarship\finance\views\include/footer.php
INFO - 2020-05-25 18:01:13 --> File loaded: C:\xampp\htdocs\scholarship\finance\views\include/msg.php
INFO - 2020-05-25 18:01:13 --> File loaded: C:\xampp\htdocs\scholarship\finance\views\scholar/list.php
INFO - 2020-05-25 18:01:13 --> Final output sent to browser
DEBUG - 2020-05-25 18:01:13 --> Total execution time: 2.0370
INFO - 2020-05-25 18:01:14 --> Config Class Initialized
INFO - 2020-05-25 18:01:14 --> Hooks Class Initialized
DEBUG - 2020-05-25 18:01:15 --> UTF-8 Support Enabled
INFO - 2020-05-25 18:01:15 --> Utf8 Class Initialized
INFO - 2020-05-25 18:01:15 --> URI Class Initialized
INFO - 2020-05-25 18:01:15 --> Router Class Initialized
INFO - 2020-05-25 18:01:15 --> Output Class Initialized
INFO - 2020-05-25 18:01:15 --> Security Class Initialized
DEBUG - 2020-05-25 18:01:15 --> Global POST, GET and COOKIE data sanitized
INFO - 2020-05-25 18:01:15 --> Input Class Initialized
INFO - 2020-05-25 18:01:15 --> Language Class Initialized
INFO - 2020-05-25 18:01:15 --> Loader Class Initialized
INFO - 2020-05-25 18:01:15 --> Helper loaded: url_helper
INFO - 2020-05-25 18:01:15 --> Helper loaded: file_helper
INFO - 2020-05-25 18:01:15 --> Helper loaded: text_helper
INFO - 2020-05-25 18:01:15 --> Helper loaded: string_helper
INFO - 2020-05-25 18:01:15 --> Database Driver Class Initialized
INFO - 2020-05-25 18:01:15 --> Email Class Initialized
DEBUG - 2020-05-25 18:01:15 --> Session: "sess_save_path" is empty; using "session.save_path" value from php.ini.
INFO - 2020-05-25 18:01:15 --> Session: Class initialized using 'files' driver.
INFO - 2020-05-25 18:01:15 --> Helper loaded: form_helper
INFO - 2020-05-25 18:01:15 --> Form Validation Class Initialized
INFO - 2020-05-25 18:01:15 --> Controller Class Initialized
INFO - 2020-05-25 18:01:15 --> Model "M_scholar" initialized
DEBUG - 2020-05-25 18:01:15 --> Email class already loaded. Second attempt ignored.
INFO - 2020-05-25 18:01:15 --> Upload Class Initialized
INFO - 2020-05-25 18:01:15 --> Upload Class Initialized
INFO - 2020-05-25 18:01:15 --> Model "M_auth" initialized
INFO - 2020-05-25 18:01:15 --> Final output sent to browser
DEBUG - 2020-05-25 18:01:15 --> Total execution time: 0.7098
INFO - 2020-05-25 18:01:24 --> Config Class Initialized
INFO - 2020-05-25 18:01:24 --> Hooks Class Initialized
DEBUG - 2020-05-25 18:01:24 --> UTF-8 Support Enabled
INFO - 2020-05-25 18:01:24 --> Utf8 Class Initialized
INFO - 2020-05-25 18:01:24 --> URI Class Initialized
INFO - 2020-05-25 18:01:24 --> Router Class Initialized
INFO - 2020-05-25 18:01:24 --> Output Class Initialized
INFO - 2020-05-25 18:01:24 --> Security Class Initialized
DEBUG - 2020-05-25 18:01:24 --> Global POST, GET and COOKIE data sanitized
INFO - 2020-05-25 18:01:24 --> Input Class Initialized
INFO - 2020-05-25 18:01:24 --> Language Class Initialized
INFO - 2020-05-25 18:01:24 --> Loader Class Initialized
INFO - 2020-05-25 18:01:24 --> Helper loaded: url_helper
INFO - 2020-05-25 18:01:24 --> Helper loaded: file_helper
INFO - 2020-05-25 18:01:24 --> Helper loaded: text_helper
INFO - 2020-05-25 18:01:24 --> Helper loaded: string_helper
INFO - 2020-05-25 18:01:24 --> Database Driver Class Initialized
INFO - 2020-05-25 18:01:24 --> Email Class Initialized
DEBUG - 2020-05-25 18:01:24 --> Session: "sess_save_path" is empty; using "session.save_path" value from php.ini.
INFO - 2020-05-25 18:01:24 --> Session: Class initialized using 'files' driver.
INFO - 2020-05-25 18:01:24 --> Helper loaded: form_helper
INFO - 2020-05-25 18:01:24 --> Form Validation Class Initialized
INFO - 2020-05-25 18:01:24 --> Controller Class Initialized
INFO - 2020-05-25 18:01:24 --> Model "M_scholar" initialized
DEBUG - 2020-05-25 18:01:24 --> Email class already loaded. Second attempt ignored.
INFO - 2020-05-25 18:01:24 --> Upload Class Initialized
INFO - 2020-05-25 18:01:24 --> Upload Class Initialized
INFO - 2020-05-25 18:01:24 --> Model "M_auth" initialized
INFO - 2020-05-25 18:01:24 --> File loaded: C:\xampp\htdocs\scholarship\finance\views\include/header.php
INFO - 2020-05-25 18:01:24 --> File loaded: C:\xampp\htdocs\scholarship\finance\views\include/menu.php
INFO - 2020-05-25 18:01:24 --> File loaded: C:\xampp\htdocs\scholarship\finance\views\include/footer.php
INFO - 2020-05-25 18:01:24 --> File loaded: C:\xampp\htdocs\scholarship\finance\views\include/msg.php
INFO - 2020-05-25 18:01:24 --> File loaded: C:\xampp\htdocs\scholarship\finance\views\scholar/list.php
INFO - 2020-05-25 18:01:24 --> Final output sent to browser
DEBUG - 2020-05-25 18:01:24 --> Total execution time: 0.4622
INFO - 2020-05-25 18:01:25 --> Config Class Initialized
INFO - 2020-05-25 18:01:25 --> Hooks Class Initialized
DEBUG - 2020-05-25 18:01:26 --> UTF-8 Support Enabled
INFO - 2020-05-25 18:01:26 --> Utf8 Class Initialized
INFO - 2020-05-25 18:01:26 --> URI Class Initialized
INFO - 2020-05-25 18:01:26 --> Router Class Initialized
INFO - 2020-05-25 18:01:26 --> Output Class Initialized
INFO - 2020-05-25 18:01:26 --> Security Class Initialized
DEBUG - 2020-05-25 18:01:26 --> Global POST, GET and COOKIE data sanitized
INFO - 2020-05-25 18:01:26 --> Input Class Initialized
INFO - 2020-05-25 18:01:26 --> Language Class Initialized
INFO - 2020-05-25 18:01:26 --> Loader Class Initialized
INFO - 2020-05-25 18:01:26 --> Helper loaded: url_helper
INFO - 2020-05-25 18:01:26 --> Helper loaded: file_helper
INFO - 2020-05-25 18:01:26 --> Helper loaded: text_helper
INFO - 2020-05-25 18:01:26 --> Helper loaded: string_helper
INFO - 2020-05-25 18:01:26 --> Database Driver Class Initialized
INFO - 2020-05-25 18:01:26 --> Email Class Initialized
DEBUG - 2020-05-25 18:01:26 --> Session: "sess_save_path" is empty; using "session.save_path" value from php.ini.
INFO - 2020-05-25 18:01:26 --> Session: Class initialized using 'files' driver.
INFO - 2020-05-25 18:01:26 --> Helper loaded: form_helper
INFO - 2020-05-25 18:01:26 --> Form Validation Class Initialized
INFO - 2020-05-25 18:01:26 --> Controller Class Initialized
INFO - 2020-05-25 18:01:26 --> Model "M_scholar" initialized
DEBUG - 2020-05-25 18:01:26 --> Email class already loaded. Second attempt ignored.
INFO - 2020-05-25 18:01:26 --> Upload Class Initialized
INFO - 2020-05-25 18:01:26 --> Upload Class Initialized
INFO - 2020-05-25 18:01:26 --> Model "M_auth" initialized
INFO - 2020-05-25 18:01:26 --> Final output sent to browser
DEBUG - 2020-05-25 18:01:26 --> Total execution time: 0.7782
INFO - 2020-05-25 18:01:33 --> Config Class Initialized
INFO - 2020-05-25 18:01:33 --> Hooks Class Initialized
DEBUG - 2020-05-25 18:01:33 --> UTF-8 Support Enabled
INFO - 2020-05-25 18:01:33 --> Utf8 Class Initialized
INFO - 2020-05-25 18:01:33 --> URI Class Initialized
INFO - 2020-05-25 18:01:33 --> Router Class Initialized
INFO - 2020-05-25 18:01:33 --> Output Class Initialized
INFO - 2020-05-25 18:01:33 --> Security Class Initialized
DEBUG - 2020-05-25 18:01:33 --> Global POST, GET and COOKIE data sanitized
INFO - 2020-05-25 18:01:33 --> Input Class Initialized
INFO - 2020-05-25 18:01:33 --> Language Class Initialized
INFO - 2020-05-25 18:01:33 --> Loader Class Initialized
INFO - 2020-05-25 18:01:33 --> Helper loaded: url_helper
INFO - 2020-05-25 18:01:33 --> Helper loaded: file_helper
INFO - 2020-05-25 18:01:33 --> Helper loaded: text_helper
INFO - 2020-05-25 18:01:33 --> Helper loaded: string_helper
INFO - 2020-05-25 18:01:33 --> Database Driver Class Initialized
INFO - 2020-05-25 18:01:33 --> Email Class Initialized
DEBUG - 2020-05-25 18:01:33 --> Session: "sess_save_path" is empty; using "session.save_path" value from php.ini.
INFO - 2020-05-25 18:01:33 --> Session: Class initialized using 'files' driver.
INFO - 2020-05-25 18:01:33 --> Helper loaded: form_helper
INFO - 2020-05-25 18:01:33 --> Form Validation Class Initialized
INFO - 2020-05-25 18:01:33 --> Controller Class Initialized
INFO - 2020-05-25 18:01:33 --> Model "M_scholar" initialized
DEBUG - 2020-05-25 18:01:33 --> Email class already loaded. Second attempt ignored.
INFO - 2020-05-25 18:01:33 --> Upload Class Initialized
INFO - 2020-05-25 18:01:33 --> Upload Class Initialized
INFO - 2020-05-25 18:01:33 --> Model "M_auth" initialized
INFO - 2020-05-25 18:01:33 --> File loaded: C:\xampp\htdocs\scholarship\finance\views\include/header.php
INFO - 2020-05-25 18:01:33 --> File loaded: C:\xampp\htdocs\scholarship\finance\views\include/menu.php
INFO - 2020-05-25 18:01:33 --> File loaded: C:\xampp\htdocs\scholarship\finance\views\include/footer.php
INFO - 2020-05-25 18:01:33 --> File loaded: C:\xampp\htdocs\scholarship\finance\views\include/msg.php
INFO - 2020-05-25 18:01:33 --> File loaded: C:\xampp\htdocs\scholarship\finance\views\scholar/list.php
INFO - 2020-05-25 18:01:33 --> Final output sent to browser
DEBUG - 2020-05-25 18:01:33 --> Total execution time: 0.4532
INFO - 2020-05-25 18:01:34 --> Config Class Initialized
INFO - 2020-05-25 18:01:34 --> Hooks Class Initialized
DEBUG - 2020-05-25 18:01:34 --> UTF-8 Support Enabled
INFO - 2020-05-25 18:01:34 --> Utf8 Class Initialized
INFO - 2020-05-25 18:01:34 --> URI Class Initialized
INFO - 2020-05-25 18:01:34 --> Router Class Initialized
INFO - 2020-05-25 18:01:34 --> Output Class Initialized
INFO - 2020-05-25 18:01:34 --> Security Class Initialized
DEBUG - 2020-05-25 18:01:34 --> Global POST, GET and COOKIE data sanitized
INFO - 2020-05-25 18:01:35 --> Input Class Initialized
INFO - 2020-05-25 18:01:35 --> Language Class Initialized
INFO - 2020-05-25 18:01:35 --> Loader Class Initialized
INFO - 2020-05-25 18:01:35 --> Helper loaded: url_helper
INFO - 2020-05-25 18:01:35 --> Helper loaded: file_helper
INFO - 2020-05-25 18:01:35 --> Helper loaded: text_helper
INFO - 2020-05-25 18:01:35 --> Helper loaded: string_helper
INFO - 2020-05-25 18:01:35 --> Database Driver Class Initialized
INFO - 2020-05-25 18:01:35 --> Email Class Initialized
DEBUG - 2020-05-25 18:01:35 --> Session: "sess_save_path" is empty; using "session.save_path" value from php.ini.
INFO - 2020-05-25 18:01:35 --> Session: Class initialized using 'files' driver.
INFO - 2020-05-25 18:01:35 --> Helper loaded: form_helper
INFO - 2020-05-25 18:01:35 --> Form Validation Class Initialized
INFO - 2020-05-25 18:01:35 --> Controller Class Initialized
INFO - 2020-05-25 18:01:35 --> Model "M_scholar" initialized
DEBUG - 2020-05-25 18:01:35 --> Email class already loaded. Second attempt ignored.
INFO - 2020-05-25 18:01:35 --> Upload Class Initialized
INFO - 2020-05-25 18:01:35 --> Upload Class Initialized
INFO - 2020-05-25 18:01:35 --> Model "M_auth" initialized
INFO - 2020-05-25 18:01:35 --> Final output sent to browser
DEBUG - 2020-05-25 18:01:35 --> Total execution time: 0.8102
INFO - 2020-05-25 18:02:30 --> Config Class Initialized
INFO - 2020-05-25 18:02:30 --> Hooks Class Initialized
DEBUG - 2020-05-25 18:02:30 --> UTF-8 Support Enabled
INFO - 2020-05-25 18:02:30 --> Utf8 Class Initialized
INFO - 2020-05-25 18:02:30 --> URI Class Initialized
INFO - 2020-05-25 18:02:30 --> Router Class Initialized
INFO - 2020-05-25 18:02:30 --> Output Class Initialized
INFO - 2020-05-25 18:02:30 --> Security Class Initialized
DEBUG - 2020-05-25 18:02:30 --> Global POST, GET and COOKIE data sanitized
INFO - 2020-05-25 18:02:30 --> Input Class Initialized
INFO - 2020-05-25 18:02:30 --> Language Class Initialized
INFO - 2020-05-25 18:02:30 --> Loader Class Initialized
INFO - 2020-05-25 18:02:30 --> Helper loaded: url_helper
INFO - 2020-05-25 18:02:30 --> Helper loaded: file_helper
INFO - 2020-05-25 18:02:30 --> Helper loaded: text_helper
INFO - 2020-05-25 18:02:30 --> Helper loaded: string_helper
INFO - 2020-05-25 18:02:30 --> Database Driver Class Initialized
INFO - 2020-05-25 18:02:30 --> Email Class Initialized
DEBUG - 2020-05-25 18:02:30 --> Session: "sess_save_path" is empty; using "session.save_path" value from php.ini.
INFO - 2020-05-25 18:02:30 --> Session: Class initialized using 'files' driver.
INFO - 2020-05-25 18:02:30 --> Helper loaded: form_helper
INFO - 2020-05-25 18:02:30 --> Form Validation Class Initialized
INFO - 2020-05-25 18:02:30 --> Controller Class Initialized
INFO - 2020-05-25 18:02:30 --> Model "M_scholar" initialized
DEBUG - 2020-05-25 18:02:30 --> Email class already loaded. Second attempt ignored.
INFO - 2020-05-25 18:02:30 --> Upload Class Initialized
INFO - 2020-05-25 18:02:30 --> Upload Class Initialized
INFO - 2020-05-25 18:02:30 --> Model "M_auth" initialized
INFO - 2020-05-25 18:02:30 --> File loaded: C:\xampp\htdocs\scholarship\finance\views\include/header.php
INFO - 2020-05-25 18:02:30 --> File loaded: C:\xampp\htdocs\scholarship\finance\views\include/menu.php
INFO - 2020-05-25 18:02:30 --> File loaded: C:\xampp\htdocs\scholarship\finance\views\include/footer.php
INFO - 2020-05-25 18:02:30 --> File loaded: C:\xampp\htdocs\scholarship\finance\views\include/msg.php
INFO - 2020-05-25 18:02:30 --> File loaded: C:\xampp\htdocs\scholarship\finance\views\scholar/list.php
INFO - 2020-05-25 18:02:30 --> Final output sent to browser
DEBUG - 2020-05-25 18:02:30 --> Total execution time: 0.5324
INFO - 2020-05-25 18:02:33 --> Config Class Initialized
INFO - 2020-05-25 18:02:33 --> Hooks Class Initialized
DEBUG - 2020-05-25 18:02:33 --> UTF-8 Support Enabled
INFO - 2020-05-25 18:02:33 --> Utf8 Class Initialized
INFO - 2020-05-25 18:02:33 --> URI Class Initialized
INFO - 2020-05-25 18:02:33 --> Router Class Initialized
INFO - 2020-05-25 18:02:33 --> Output Class Initialized
INFO - 2020-05-25 18:02:33 --> Security Class Initialized
DEBUG - 2020-05-25 18:02:33 --> Global POST, GET and COOKIE data sanitized
INFO - 2020-05-25 18:02:33 --> Input Class Initialized
INFO - 2020-05-25 18:02:33 --> Language Class Initialized
INFO - 2020-05-25 18:02:33 --> Loader Class Initialized
INFO - 2020-05-25 18:02:33 --> Helper loaded: url_helper
INFO - 2020-05-25 18:02:33 --> Helper loaded: file_helper
INFO - 2020-05-25 18:02:33 --> Helper loaded: text_helper
INFO - 2020-05-25 18:02:33 --> Helper loaded: string_helper
INFO - 2020-05-25 18:02:33 --> Database Driver Class Initialized
INFO - 2020-05-25 18:02:33 --> Email Class Initialized
DEBUG - 2020-05-25 18:02:33 --> Session: "sess_save_path" is empty; using "session.save_path" value from php.ini.
INFO - 2020-05-25 18:02:33 --> Session: Class initialized using 'files' driver.
INFO - 2020-05-25 18:02:33 --> Helper loaded: form_helper
INFO - 2020-05-25 18:02:34 --> Form Validation Class Initialized
INFO - 2020-05-25 18:02:34 --> Controller Class Initialized
INFO - 2020-05-25 18:02:34 --> Model "M_scholar" initialized
DEBUG - 2020-05-25 18:02:34 --> Email class already loaded. Second attempt ignored.
INFO - 2020-05-25 18:02:34 --> Upload Class Initialized
INFO - 2020-05-25 18:02:34 --> Upload Class Initialized
INFO - 2020-05-25 18:02:34 --> Model "M_auth" initialized
INFO - 2020-05-25 18:02:34 --> Final output sent to browser
DEBUG - 2020-05-25 18:02:34 --> Total execution time: 0.6491
INFO - 2020-05-25 18:02:49 --> Config Class Initialized
INFO - 2020-05-25 18:02:49 --> Hooks Class Initialized
DEBUG - 2020-05-25 18:02:49 --> UTF-8 Support Enabled
INFO - 2020-05-25 18:02:49 --> Utf8 Class Initialized
INFO - 2020-05-25 18:02:49 --> URI Class Initialized
INFO - 2020-05-25 18:02:49 --> Router Class Initialized
INFO - 2020-05-25 18:02:49 --> Output Class Initialized
INFO - 2020-05-25 18:02:49 --> Security Class Initialized
DEBUG - 2020-05-25 18:02:49 --> Global POST, GET and COOKIE data sanitized
INFO - 2020-05-25 18:02:49 --> Input Class Initialized
INFO - 2020-05-25 18:02:49 --> Language Class Initialized
INFO - 2020-05-25 18:02:49 --> Loader Class Initialized
INFO - 2020-05-25 18:02:49 --> Helper loaded: url_helper
INFO - 2020-05-25 18:02:49 --> Helper loaded: file_helper
INFO - 2020-05-25 18:02:49 --> Helper loaded: text_helper
INFO - 2020-05-25 18:02:49 --> Helper loaded: string_helper
INFO - 2020-05-25 18:02:49 --> Database Driver Class Initialized
INFO - 2020-05-25 18:02:49 --> Email Class Initialized
DEBUG - 2020-05-25 18:02:49 --> Session: "sess_save_path" is empty; using "session.save_path" value from php.ini.
INFO - 2020-05-25 18:02:49 --> Session: Class initialized using 'files' driver.
INFO - 2020-05-25 18:02:49 --> Helper loaded: form_helper
INFO - 2020-05-25 18:02:49 --> Form Validation Class Initialized
INFO - 2020-05-25 18:02:49 --> Controller Class Initialized
INFO - 2020-05-25 18:02:49 --> Model "M_scholar" initialized
DEBUG - 2020-05-25 18:02:49 --> Email class already loaded. Second attempt ignored.
INFO - 2020-05-25 18:02:49 --> Upload Class Initialized
INFO - 2020-05-25 18:02:49 --> Upload Class Initialized
INFO - 2020-05-25 18:02:49 --> Model "M_auth" initialized
INFO - 2020-05-25 18:02:49 --> File loaded: C:\xampp\htdocs\scholarship\finance\views\include/header.php
INFO - 2020-05-25 18:02:49 --> File loaded: C:\xampp\htdocs\scholarship\finance\views\include/menu.php
INFO - 2020-05-25 18:02:49 --> File loaded: C:\xampp\htdocs\scholarship\finance\views\include/footer.php
INFO - 2020-05-25 18:02:49 --> File loaded: C:\xampp\htdocs\scholarship\finance\views\include/msg.php
INFO - 2020-05-25 18:02:49 --> File loaded: C:\xampp\htdocs\scholarship\finance\views\scholar/list.php
INFO - 2020-05-25 18:02:49 --> Final output sent to browser
DEBUG - 2020-05-25 18:02:49 --> Total execution time: 0.5461
INFO - 2020-05-25 18:02:51 --> Config Class Initialized
INFO - 2020-05-25 18:02:51 --> Hooks Class Initialized
DEBUG - 2020-05-25 18:02:51 --> UTF-8 Support Enabled
INFO - 2020-05-25 18:02:51 --> Utf8 Class Initialized
INFO - 2020-05-25 18:02:51 --> URI Class Initialized
INFO - 2020-05-25 18:02:51 --> Router Class Initialized
INFO - 2020-05-25 18:02:51 --> Output Class Initialized
INFO - 2020-05-25 18:02:51 --> Security Class Initialized
DEBUG - 2020-05-25 18:02:51 --> Global POST, GET and COOKIE data sanitized
INFO - 2020-05-25 18:02:51 --> Input Class Initialized
INFO - 2020-05-25 18:02:52 --> Language Class Initialized
INFO - 2020-05-25 18:02:52 --> Loader Class Initialized
INFO - 2020-05-25 18:02:52 --> Helper loaded: url_helper
INFO - 2020-05-25 18:02:52 --> Helper loaded: file_helper
INFO - 2020-05-25 18:02:52 --> Helper loaded: text_helper
INFO - 2020-05-25 18:02:52 --> Helper loaded: string_helper
INFO - 2020-05-25 18:02:52 --> Database Driver Class Initialized
INFO - 2020-05-25 18:02:52 --> Email Class Initialized
DEBUG - 2020-05-25 18:02:52 --> Session: "sess_save_path" is empty; using "session.save_path" value from php.ini.
INFO - 2020-05-25 18:02:52 --> Session: Class initialized using 'files' driver.
INFO - 2020-05-25 18:02:52 --> Helper loaded: form_helper
INFO - 2020-05-25 18:02:52 --> Form Validation Class Initialized
INFO - 2020-05-25 18:02:52 --> Controller Class Initialized
INFO - 2020-05-25 18:02:52 --> Model "M_scholar" initialized
DEBUG - 2020-05-25 18:02:52 --> Email class already loaded. Second attempt ignored.
INFO - 2020-05-25 18:02:52 --> Upload Class Initialized
INFO - 2020-05-25 18:02:52 --> Upload Class Initialized
INFO - 2020-05-25 18:02:52 --> Model "M_auth" initialized
INFO - 2020-05-25 18:03:08 --> Config Class Initialized
INFO - 2020-05-25 18:03:08 --> Hooks Class Initialized
DEBUG - 2020-05-25 18:03:08 --> UTF-8 Support Enabled
INFO - 2020-05-25 18:03:08 --> Utf8 Class Initialized
INFO - 2020-05-25 18:03:08 --> URI Class Initialized
INFO - 2020-05-25 18:03:08 --> Router Class Initialized
INFO - 2020-05-25 18:03:08 --> Output Class Initialized
INFO - 2020-05-25 18:03:08 --> Security Class Initialized
DEBUG - 2020-05-25 18:03:08 --> Global POST, GET and COOKIE data sanitized
INFO - 2020-05-25 18:03:08 --> Input Class Initialized
INFO - 2020-05-25 18:03:08 --> Language Class Initialized
INFO - 2020-05-25 18:03:08 --> Loader Class Initialized
INFO - 2020-05-25 18:03:08 --> Helper loaded: url_helper
INFO - 2020-05-25 18:03:08 --> Helper loaded: file_helper
INFO - 2020-05-25 18:03:08 --> Helper loaded: text_helper
INFO - 2020-05-25 18:03:08 --> Helper loaded: string_helper
INFO - 2020-05-25 18:03:08 --> Database Driver Class Initialized
INFO - 2020-05-25 18:03:08 --> Email Class Initialized
DEBUG - 2020-05-25 18:03:08 --> Session: "sess_save_path" is empty; using "session.save_path" value from php.ini.
INFO - 2020-05-25 18:03:08 --> Session: Class initialized using 'files' driver.
INFO - 2020-05-25 18:03:08 --> Helper loaded: form_helper
INFO - 2020-05-25 18:03:08 --> Form Validation Class Initialized
INFO - 2020-05-25 18:03:08 --> Controller Class Initialized
INFO - 2020-05-25 18:03:08 --> Model "M_scholar" initialized
DEBUG - 2020-05-25 18:03:08 --> Email class already loaded. Second attempt ignored.
INFO - 2020-05-25 18:03:08 --> Upload Class Initialized
INFO - 2020-05-25 18:03:08 --> Upload Class Initialized
INFO - 2020-05-25 18:03:08 --> Model "M_auth" initialized
INFO - 2020-05-25 18:03:08 --> File loaded: C:\xampp\htdocs\scholarship\finance\views\include/header.php
INFO - 2020-05-25 18:03:08 --> File loaded: C:\xampp\htdocs\scholarship\finance\views\include/menu.php
INFO - 2020-05-25 18:03:08 --> File loaded: C:\xampp\htdocs\scholarship\finance\views\include/footer.php
INFO - 2020-05-25 18:03:08 --> File loaded: C:\xampp\htdocs\scholarship\finance\views\include/msg.php
INFO - 2020-05-25 18:03:08 --> File loaded: C:\xampp\htdocs\scholarship\finance\views\scholar/list.php
INFO - 2020-05-25 18:03:08 --> Final output sent to browser
DEBUG - 2020-05-25 18:03:08 --> Total execution time: 0.4211
INFO - 2020-05-25 18:03:10 --> Config Class Initialized
INFO - 2020-05-25 18:03:10 --> Hooks Class Initialized
DEBUG - 2020-05-25 18:03:10 --> UTF-8 Support Enabled
INFO - 2020-05-25 18:03:10 --> Utf8 Class Initialized
INFO - 2020-05-25 18:03:10 --> URI Class Initialized
INFO - 2020-05-25 18:03:10 --> Router Class Initialized
INFO - 2020-05-25 18:03:10 --> Output Class Initialized
INFO - 2020-05-25 18:03:10 --> Security Class Initialized
DEBUG - 2020-05-25 18:03:10 --> Global POST, GET and COOKIE data sanitized
INFO - 2020-05-25 18:03:10 --> Input Class Initialized
INFO - 2020-05-25 18:03:10 --> Language Class Initialized
INFO - 2020-05-25 18:03:10 --> Loader Class Initialized
INFO - 2020-05-25 18:03:10 --> Helper loaded: url_helper
INFO - 2020-05-25 18:03:10 --> Helper loaded: file_helper
INFO - 2020-05-25 18:03:10 --> Helper loaded: text_helper
INFO - 2020-05-25 18:03:10 --> Helper loaded: string_helper
INFO - 2020-05-25 18:03:10 --> Database Driver Class Initialized
INFO - 2020-05-25 18:03:10 --> Email Class Initialized
DEBUG - 2020-05-25 18:03:10 --> Session: "sess_save_path" is empty; using "session.save_path" value from php.ini.
INFO - 2020-05-25 18:03:10 --> Session: Class initialized using 'files' driver.
INFO - 2020-05-25 18:03:10 --> Helper loaded: form_helper
INFO - 2020-05-25 18:03:10 --> Form Validation Class Initialized
INFO - 2020-05-25 18:03:10 --> Controller Class Initialized
INFO - 2020-05-25 18:03:10 --> Model "M_scholar" initialized
DEBUG - 2020-05-25 18:03:10 --> Email class already loaded. Second attempt ignored.
INFO - 2020-05-25 18:03:10 --> Upload Class Initialized
INFO - 2020-05-25 18:03:10 --> Upload Class Initialized
INFO - 2020-05-25 18:03:10 --> Model "M_auth" initialized
INFO - 2020-05-25 18:03:27 --> Config Class Initialized
INFO - 2020-05-25 18:03:27 --> Hooks Class Initialized
DEBUG - 2020-05-25 18:03:27 --> UTF-8 Support Enabled
INFO - 2020-05-25 18:03:27 --> Utf8 Class Initialized
INFO - 2020-05-25 18:03:27 --> URI Class Initialized
INFO - 2020-05-25 18:03:27 --> Router Class Initialized
INFO - 2020-05-25 18:03:27 --> Output Class Initialized
INFO - 2020-05-25 18:03:27 --> Security Class Initialized
DEBUG - 2020-05-25 18:03:27 --> Global POST, GET and COOKIE data sanitized
INFO - 2020-05-25 18:03:27 --> Input Class Initialized
INFO - 2020-05-25 18:03:27 --> Language Class Initialized
INFO - 2020-05-25 18:03:27 --> Loader Class Initialized
INFO - 2020-05-25 18:03:27 --> Helper loaded: url_helper
INFO - 2020-05-25 18:03:27 --> Helper loaded: file_helper
INFO - 2020-05-25 18:03:27 --> Helper loaded: text_helper
INFO - 2020-05-25 18:03:27 --> Helper loaded: string_helper
INFO - 2020-05-25 18:03:27 --> Database Driver Class Initialized
INFO - 2020-05-25 18:03:27 --> Email Class Initialized
DEBUG - 2020-05-25 18:03:27 --> Session: "sess_save_path" is empty; using "session.save_path" value from php.ini.
INFO - 2020-05-25 18:03:27 --> Session: Class initialized using 'files' driver.
INFO - 2020-05-25 18:03:27 --> Helper loaded: form_helper
INFO - 2020-05-25 18:03:27 --> Form Validation Class Initialized
INFO - 2020-05-25 18:03:27 --> Controller Class Initialized
INFO - 2020-05-25 18:03:27 --> Model "M_scholar" initialized
DEBUG - 2020-05-25 18:03:27 --> Email class already loaded. Second attempt ignored.
INFO - 2020-05-25 18:03:27 --> Upload Class Initialized
INFO - 2020-05-25 18:03:27 --> Upload Class Initialized
INFO - 2020-05-25 18:03:27 --> Model "M_auth" initialized
INFO - 2020-05-25 18:03:27 --> File loaded: C:\xampp\htdocs\scholarship\finance\views\include/header.php
INFO - 2020-05-25 18:03:27 --> File loaded: C:\xampp\htdocs\scholarship\finance\views\include/menu.php
INFO - 2020-05-25 18:03:27 --> File loaded: C:\xampp\htdocs\scholarship\finance\views\include/footer.php
INFO - 2020-05-25 18:03:27 --> File loaded: C:\xampp\htdocs\scholarship\finance\views\include/msg.php
INFO - 2020-05-25 18:03:27 --> File loaded: C:\xampp\htdocs\scholarship\finance\views\scholar/list.php
INFO - 2020-05-25 18:03:28 --> Final output sent to browser
DEBUG - 2020-05-25 18:03:28 --> Total execution time: 0.4919
INFO - 2020-05-25 18:03:30 --> Config Class Initialized
INFO - 2020-05-25 18:03:30 --> Hooks Class Initialized
DEBUG - 2020-05-25 18:03:30 --> UTF-8 Support Enabled
INFO - 2020-05-25 18:03:30 --> Utf8 Class Initialized
INFO - 2020-05-25 18:03:30 --> URI Class Initialized
INFO - 2020-05-25 18:03:30 --> Router Class Initialized
INFO - 2020-05-25 18:03:30 --> Output Class Initialized
INFO - 2020-05-25 18:03:30 --> Security Class Initialized
DEBUG - 2020-05-25 18:03:30 --> Global POST, GET and COOKIE data sanitized
INFO - 2020-05-25 18:03:30 --> Input Class Initialized
INFO - 2020-05-25 18:03:30 --> Language Class Initialized
INFO - 2020-05-25 18:03:30 --> Loader Class Initialized
INFO - 2020-05-25 18:03:30 --> Helper loaded: url_helper
INFO - 2020-05-25 18:03:30 --> Helper loaded: file_helper
INFO - 2020-05-25 18:03:30 --> Helper loaded: text_helper
INFO - 2020-05-25 18:03:30 --> Helper loaded: string_helper
INFO - 2020-05-25 18:03:30 --> Database Driver Class Initialized
INFO - 2020-05-25 18:03:30 --> Email Class Initialized
DEBUG - 2020-05-25 18:03:30 --> Session: "sess_save_path" is empty; using "session.save_path" value from php.ini.
INFO - 2020-05-25 18:03:30 --> Session: Class initialized using 'files' driver.
INFO - 2020-05-25 18:03:30 --> Helper loaded: form_helper
INFO - 2020-05-25 18:03:30 --> Form Validation Class Initialized
INFO - 2020-05-25 18:03:30 --> Controller Class Initialized
INFO - 2020-05-25 18:03:30 --> Model "M_scholar" initialized
DEBUG - 2020-05-25 18:03:30 --> Email class already loaded. Second attempt ignored.
INFO - 2020-05-25 18:03:30 --> Upload Class Initialized
INFO - 2020-05-25 18:03:30 --> Upload Class Initialized
INFO - 2020-05-25 18:03:30 --> Model "M_auth" initialized
INFO - 2020-05-25 18:03:30 --> Final output sent to browser
DEBUG - 2020-05-25 18:03:30 --> Total execution time: 0.7466
INFO - 2020-05-25 18:03:32 --> Config Class Initialized
INFO - 2020-05-25 18:03:32 --> Hooks Class Initialized
DEBUG - 2020-05-25 18:03:32 --> UTF-8 Support Enabled
INFO - 2020-05-25 18:03:32 --> Utf8 Class Initialized
INFO - 2020-05-25 18:03:32 --> URI Class Initialized
INFO - 2020-05-25 18:03:32 --> Router Class Initialized
INFO - 2020-05-25 18:03:32 --> Output Class Initialized
INFO - 2020-05-25 18:03:32 --> Security Class Initialized
DEBUG - 2020-05-25 18:03:32 --> Global POST, GET and COOKIE data sanitized
INFO - 2020-05-25 18:03:32 --> Input Class Initialized
INFO - 2020-05-25 18:03:32 --> Language Class Initialized
INFO - 2020-05-25 18:03:32 --> Loader Class Initialized
INFO - 2020-05-25 18:03:32 --> Helper loaded: url_helper
INFO - 2020-05-25 18:03:32 --> Helper loaded: file_helper
INFO - 2020-05-25 18:03:32 --> Helper loaded: text_helper
INFO - 2020-05-25 18:03:32 --> Helper loaded: string_helper
INFO - 2020-05-25 18:03:32 --> Database Driver Class Initialized
INFO - 2020-05-25 18:03:32 --> Email Class Initialized
DEBUG - 2020-05-25 18:03:32 --> Session: "sess_save_path" is empty; using "session.save_path" value from php.ini.
INFO - 2020-05-25 18:03:32 --> Session: Class initialized using 'files' driver.
INFO - 2020-05-25 18:03:32 --> Helper loaded: form_helper
INFO - 2020-05-25 18:03:32 --> Form Validation Class Initialized
INFO - 2020-05-25 18:03:32 --> Controller Class Initialized
INFO - 2020-05-25 18:03:32 --> Model "M_scholar" initialized
DEBUG - 2020-05-25 18:03:32 --> Email class already loaded. Second attempt ignored.
INFO - 2020-05-25 18:03:32 --> Upload Class Initialized
INFO - 2020-05-25 18:03:32 --> Upload Class Initialized
INFO - 2020-05-25 18:03:32 --> Model "M_auth" initialized
INFO - 2020-05-25 18:03:32 --> File loaded: C:\xampp\htdocs\scholarship\finance\views\include/header.php
INFO - 2020-05-25 18:03:32 --> File loaded: C:\xampp\htdocs\scholarship\finance\views\include/menu.php
INFO - 2020-05-25 18:03:32 --> File loaded: C:\xampp\htdocs\scholarship\finance\views\include/footer.php
INFO - 2020-05-25 18:03:32 --> File loaded: C:\xampp\htdocs\scholarship\finance\views\include/msg.php
INFO - 2020-05-25 18:03:32 --> File loaded: C:\xampp\htdocs\scholarship\finance\views\scholar/list.php
INFO - 2020-05-25 18:03:32 --> Final output sent to browser
DEBUG - 2020-05-25 18:03:32 --> Total execution time: 0.4336
INFO - 2020-05-25 18:03:33 --> Config Class Initialized
INFO - 2020-05-25 18:03:33 --> Hooks Class Initialized
DEBUG - 2020-05-25 18:03:33 --> UTF-8 Support Enabled
INFO - 2020-05-25 18:03:33 --> Utf8 Class Initialized
INFO - 2020-05-25 18:03:33 --> URI Class Initialized
INFO - 2020-05-25 18:03:33 --> Router Class Initialized
INFO - 2020-05-25 18:03:34 --> Output Class Initialized
INFO - 2020-05-25 18:03:34 --> Security Class Initialized
DEBUG - 2020-05-25 18:03:34 --> Global POST, GET and COOKIE data sanitized
INFO - 2020-05-25 18:03:34 --> Input Class Initialized
INFO - 2020-05-25 18:03:34 --> Language Class Initialized
INFO - 2020-05-25 18:03:34 --> Loader Class Initialized
INFO - 2020-05-25 18:03:34 --> Helper loaded: url_helper
INFO - 2020-05-25 18:03:34 --> Helper loaded: file_helper
INFO - 2020-05-25 18:03:34 --> Helper loaded: text_helper
INFO - 2020-05-25 18:03:34 --> Helper loaded: string_helper
INFO - 2020-05-25 18:03:34 --> Database Driver Class Initialized
INFO - 2020-05-25 18:03:34 --> Email Class Initialized
DEBUG - 2020-05-25 18:03:34 --> Session: "sess_save_path" is empty; using "session.save_path" value from php.ini.
INFO - 2020-05-25 18:03:34 --> Session: Class initialized using 'files' driver.
INFO - 2020-05-25 18:03:34 --> Helper loaded: form_helper
INFO - 2020-05-25 18:03:34 --> Form Validation Class Initialized
INFO - 2020-05-25 18:03:34 --> Controller Class Initialized
INFO - 2020-05-25 18:03:34 --> Model "M_scholar" initialized
DEBUG - 2020-05-25 18:03:34 --> Email class already loaded. Second attempt ignored.
INFO - 2020-05-25 18:03:34 --> Upload Class Initialized
INFO - 2020-05-25 18:03:34 --> Upload Class Initialized
INFO - 2020-05-25 18:03:34 --> Model "M_auth" initialized
INFO - 2020-05-25 18:03:34 --> Final output sent to browser
DEBUG - 2020-05-25 18:03:34 --> Total execution time: 0.6298
INFO - 2020-05-25 18:03:49 --> Config Class Initialized
INFO - 2020-05-25 18:03:49 --> Hooks Class Initialized
DEBUG - 2020-05-25 18:03:49 --> UTF-8 Support Enabled
INFO - 2020-05-25 18:03:49 --> Utf8 Class Initialized
INFO - 2020-05-25 18:03:49 --> URI Class Initialized
INFO - 2020-05-25 18:03:49 --> Router Class Initialized
INFO - 2020-05-25 18:03:49 --> Output Class Initialized
INFO - 2020-05-25 18:03:49 --> Security Class Initialized
DEBUG - 2020-05-25 18:03:49 --> Global POST, GET and COOKIE data sanitized
INFO - 2020-05-25 18:03:49 --> Input Class Initialized
INFO - 2020-05-25 18:03:49 --> Language Class Initialized
INFO - 2020-05-25 18:03:49 --> Loader Class Initialized
INFO - 2020-05-25 18:03:49 --> Helper loaded: url_helper
INFO - 2020-05-25 18:03:49 --> Helper loaded: file_helper
INFO - 2020-05-25 18:03:49 --> Helper loaded: text_helper
INFO - 2020-05-25 18:03:49 --> Helper loaded: string_helper
INFO - 2020-05-25 18:03:49 --> Database Driver Class Initialized
INFO - 2020-05-25 18:03:49 --> Email Class Initialized
DEBUG - 2020-05-25 18:03:49 --> Session: "sess_save_path" is empty; using "session.save_path" value from php.ini.
INFO - 2020-05-25 18:03:49 --> Session: Class initialized using 'files' driver.
INFO - 2020-05-25 18:03:49 --> Helper loaded: form_helper
INFO - 2020-05-25 18:03:49 --> Form Validation Class Initialized
INFO - 2020-05-25 18:03:49 --> Controller Class Initialized
INFO - 2020-05-25 18:03:49 --> Model "M_scholar" initialized
DEBUG - 2020-05-25 18:03:49 --> Email class already loaded. Second attempt ignored.
INFO - 2020-05-25 18:03:49 --> Upload Class Initialized
INFO - 2020-05-25 18:03:49 --> Upload Class Initialized
INFO - 2020-05-25 18:03:49 --> Model "M_auth" initialized
INFO - 2020-05-25 18:03:49 --> File loaded: C:\xampp\htdocs\scholarship\finance\views\include/header.php
INFO - 2020-05-25 18:03:50 --> File loaded: C:\xampp\htdocs\scholarship\finance\views\include/menu.php
INFO - 2020-05-25 18:03:50 --> File loaded: C:\xampp\htdocs\scholarship\finance\views\include/footer.php
INFO - 2020-05-25 18:03:50 --> File loaded: C:\xampp\htdocs\scholarship\finance\views\include/msg.php
INFO - 2020-05-25 18:03:50 --> File loaded: C:\xampp\htdocs\scholarship\finance\views\scholar/list.php
INFO - 2020-05-25 18:03:50 --> Final output sent to browser
DEBUG - 2020-05-25 18:03:50 --> Total execution time: 0.4748
INFO - 2020-05-25 18:03:52 --> Config Class Initialized
INFO - 2020-05-25 18:03:52 --> Hooks Class Initialized
DEBUG - 2020-05-25 18:03:52 --> UTF-8 Support Enabled
INFO - 2020-05-25 18:03:52 --> Utf8 Class Initialized
INFO - 2020-05-25 18:03:52 --> URI Class Initialized
INFO - 2020-05-25 18:03:52 --> Router Class Initialized
INFO - 2020-05-25 18:03:52 --> Output Class Initialized
INFO - 2020-05-25 18:03:52 --> Security Class Initialized
DEBUG - 2020-05-25 18:03:52 --> Global POST, GET and COOKIE data sanitized
INFO - 2020-05-25 18:03:52 --> Input Class Initialized
INFO - 2020-05-25 18:03:52 --> Language Class Initialized
INFO - 2020-05-25 18:03:52 --> Loader Class Initialized
INFO - 2020-05-25 18:03:52 --> Helper loaded: url_helper
INFO - 2020-05-25 18:03:52 --> Helper loaded: file_helper
INFO - 2020-05-25 18:03:52 --> Helper loaded: text_helper
INFO - 2020-05-25 18:03:52 --> Helper loaded: string_helper
INFO - 2020-05-25 18:03:52 --> Database Driver Class Initialized
INFO - 2020-05-25 18:03:52 --> Email Class Initialized
DEBUG - 2020-05-25 18:03:52 --> Session: "sess_save_path" is empty; using "session.save_path" value from php.ini.
INFO - 2020-05-25 18:03:52 --> Session: Class initialized using 'files' driver.
INFO - 2020-05-25 18:03:52 --> Helper loaded: form_helper
INFO - 2020-05-25 18:03:52 --> Form Validation Class Initialized
INFO - 2020-05-25 18:03:52 --> Controller Class Initialized
INFO - 2020-05-25 18:03:52 --> Model "M_scholar" initialized
DEBUG - 2020-05-25 18:03:52 --> Email class already loaded. Second attempt ignored.
INFO - 2020-05-25 18:03:52 --> Upload Class Initialized
INFO - 2020-05-25 18:03:52 --> Upload Class Initialized
INFO - 2020-05-25 18:03:52 --> Model "M_auth" initialized
INFO - 2020-05-25 18:03:52 --> Final output sent to browser
DEBUG - 2020-05-25 18:03:52 --> Total execution time: 0.4209
INFO - 2020-05-25 18:07:49 --> Config Class Initialized
INFO - 2020-05-25 18:07:49 --> Hooks Class Initialized
DEBUG - 2020-05-25 18:07:49 --> UTF-8 Support Enabled
INFO - 2020-05-25 18:07:49 --> Utf8 Class Initialized
INFO - 2020-05-25 18:07:49 --> URI Class Initialized
INFO - 2020-05-25 18:07:49 --> Router Class Initialized
INFO - 2020-05-25 18:07:49 --> Output Class Initialized
INFO - 2020-05-25 18:07:49 --> Security Class Initialized
DEBUG - 2020-05-25 18:07:49 --> Global POST, GET and COOKIE data sanitized
INFO - 2020-05-25 18:07:49 --> Input Class Initialized
INFO - 2020-05-25 18:07:49 --> Language Class Initialized
INFO - 2020-05-25 18:07:49 --> Loader Class Initialized
INFO - 2020-05-25 18:07:49 --> Helper loaded: url_helper
INFO - 2020-05-25 18:07:49 --> Helper loaded: file_helper
INFO - 2020-05-25 18:07:49 --> Helper loaded: text_helper
INFO - 2020-05-25 18:07:49 --> Helper loaded: string_helper
INFO - 2020-05-25 18:07:49 --> Database Driver Class Initialized
INFO - 2020-05-25 18:07:49 --> Email Class Initialized
DEBUG - 2020-05-25 18:07:49 --> Session: "sess_save_path" is empty; using "session.save_path" value from php.ini.
INFO - 2020-05-25 18:07:49 --> Session: Class initialized using 'files' driver.
INFO - 2020-05-25 18:07:49 --> Helper loaded: form_helper
INFO - 2020-05-25 18:07:49 --> Form Validation Class Initialized
INFO - 2020-05-25 18:07:49 --> Controller Class Initialized
INFO - 2020-05-25 18:07:49 --> Model "M_scholar" initialized
DEBUG - 2020-05-25 18:07:49 --> Email class already loaded. Second attempt ignored.
INFO - 2020-05-25 18:07:49 --> Upload Class Initialized
INFO - 2020-05-25 18:07:49 --> Upload Class Initialized
INFO - 2020-05-25 18:07:50 --> Model "M_auth" initialized
INFO - 2020-05-25 18:07:50 --> File loaded: C:\xampp\htdocs\scholarship\finance\views\include/header.php
INFO - 2020-05-25 18:07:50 --> File loaded: C:\xampp\htdocs\scholarship\finance\views\include/menu.php
INFO - 2020-05-25 18:07:50 --> File loaded: C:\xampp\htdocs\scholarship\finance\views\include/footer.php
INFO - 2020-05-25 18:07:50 --> File loaded: C:\xampp\htdocs\scholarship\finance\views\include/msg.php
INFO - 2020-05-25 18:07:50 --> File loaded: C:\xampp\htdocs\scholarship\finance\views\scholar/list.php
INFO - 2020-05-25 18:07:50 --> Final output sent to browser
DEBUG - 2020-05-25 18:07:50 --> Total execution time: 0.4833
INFO - 2020-05-25 18:07:52 --> Config Class Initialized
INFO - 2020-05-25 18:07:52 --> Hooks Class Initialized
DEBUG - 2020-05-25 18:07:52 --> UTF-8 Support Enabled
INFO - 2020-05-25 18:07:52 --> Utf8 Class Initialized
INFO - 2020-05-25 18:07:52 --> URI Class Initialized
INFO - 2020-05-25 18:07:52 --> Router Class Initialized
INFO - 2020-05-25 18:07:52 --> Output Class Initialized
INFO - 2020-05-25 18:07:52 --> Security Class Initialized
DEBUG - 2020-05-25 18:07:52 --> Global POST, GET and COOKIE data sanitized
INFO - 2020-05-25 18:07:52 --> Input Class Initialized
INFO - 2020-05-25 18:07:52 --> Language Class Initialized
INFO - 2020-05-25 18:07:52 --> Loader Class Initialized
INFO - 2020-05-25 18:07:52 --> Helper loaded: url_helper
INFO - 2020-05-25 18:07:52 --> Helper loaded: file_helper
INFO - 2020-05-25 18:07:52 --> Helper loaded: text_helper
INFO - 2020-05-25 18:07:52 --> Helper loaded: string_helper
INFO - 2020-05-25 18:07:52 --> Database Driver Class Initialized
INFO - 2020-05-25 18:07:52 --> Email Class Initialized
DEBUG - 2020-05-25 18:07:52 --> Session: "sess_save_path" is empty; using "session.save_path" value from php.ini.
INFO - 2020-05-25 18:07:52 --> Session: Class initialized using 'files' driver.
INFO - 2020-05-25 18:07:52 --> Helper loaded: form_helper
INFO - 2020-05-25 18:07:52 --> Form Validation Class Initialized
INFO - 2020-05-25 18:07:52 --> Controller Class Initialized
INFO - 2020-05-25 18:07:52 --> Model "M_scholar" initialized
DEBUG - 2020-05-25 18:07:52 --> Email class already loaded. Second attempt ignored.
INFO - 2020-05-25 18:07:52 --> Upload Class Initialized
INFO - 2020-05-25 18:07:52 --> Upload Class Initialized
INFO - 2020-05-25 18:07:52 --> Model "M_auth" initialized
INFO - 2020-05-25 18:07:52 --> Final output sent to browser
DEBUG - 2020-05-25 18:07:52 --> Total execution time: 0.4503
INFO - 2020-05-25 18:07:57 --> Config Class Initialized
INFO - 2020-05-25 18:07:57 --> Hooks Class Initialized
DEBUG - 2020-05-25 18:07:57 --> UTF-8 Support Enabled
INFO - 2020-05-25 18:07:57 --> Utf8 Class Initialized
INFO - 2020-05-25 18:07:57 --> URI Class Initialized
INFO - 2020-05-25 18:07:57 --> Router Class Initialized
INFO - 2020-05-25 18:07:57 --> Output Class Initialized
INFO - 2020-05-25 18:07:57 --> Security Class Initialized
DEBUG - 2020-05-25 18:07:57 --> Global POST, GET and COOKIE data sanitized
INFO - 2020-05-25 18:07:57 --> Input Class Initialized
INFO - 2020-05-25 18:07:57 --> Language Class Initialized
INFO - 2020-05-25 18:07:57 --> Loader Class Initialized
INFO - 2020-05-25 18:07:57 --> Helper loaded: url_helper
INFO - 2020-05-25 18:07:57 --> Helper loaded: file_helper
INFO - 2020-05-25 18:07:57 --> Helper loaded: text_helper
INFO - 2020-05-25 18:07:57 --> Helper loaded: string_helper
INFO - 2020-05-25 18:07:57 --> Database Driver Class Initialized
INFO - 2020-05-25 18:07:57 --> Email Class Initialized
DEBUG - 2020-05-25 18:07:57 --> Session: "sess_save_path" is empty; using "session.save_path" value from php.ini.
INFO - 2020-05-25 18:07:57 --> Session: Class initialized using 'files' driver.
INFO - 2020-05-25 18:07:57 --> Helper loaded: form_helper
INFO - 2020-05-25 18:07:57 --> Form Validation Class Initialized
INFO - 2020-05-25 18:07:57 --> Controller Class Initialized
INFO - 2020-05-25 18:07:57 --> Model "M_scholar" initialized
DEBUG - 2020-05-25 18:07:57 --> Email class already loaded. Second attempt ignored.
INFO - 2020-05-25 18:07:57 --> Upload Class Initialized
INFO - 2020-05-25 18:07:57 --> Upload Class Initialized
INFO - 2020-05-25 18:07:57 --> Model "M_auth" initialized
INFO - 2020-05-25 18:07:57 --> File loaded: C:\xampp\htdocs\scholarship\finance\views\include/header.php
INFO - 2020-05-25 18:07:57 --> File loaded: C:\xampp\htdocs\scholarship\finance\views\include/menu.php
INFO - 2020-05-25 18:07:57 --> File loaded: C:\xampp\htdocs\scholarship\finance\views\include/footer.php
INFO - 2020-05-25 18:07:57 --> File loaded: C:\xampp\htdocs\scholarship\finance\views\include/msg.php
INFO - 2020-05-25 18:07:57 --> File loaded: C:\xampp\htdocs\scholarship\finance\views\scholar/list.php
INFO - 2020-05-25 18:07:57 --> Final output sent to browser
DEBUG - 2020-05-25 18:07:57 --> Total execution time: 0.4407
INFO - 2020-05-25 18:07:59 --> Config Class Initialized
INFO - 2020-05-25 18:07:59 --> Hooks Class Initialized
DEBUG - 2020-05-25 18:07:59 --> UTF-8 Support Enabled
INFO - 2020-05-25 18:07:59 --> Utf8 Class Initialized
INFO - 2020-05-25 18:07:59 --> URI Class Initialized
INFO - 2020-05-25 18:07:59 --> Router Class Initialized
INFO - 2020-05-25 18:07:59 --> Output Class Initialized
INFO - 2020-05-25 18:07:59 --> Security Class Initialized
DEBUG - 2020-05-25 18:07:59 --> Global POST, GET and COOKIE data sanitized
INFO - 2020-05-25 18:07:59 --> Input Class Initialized
INFO - 2020-05-25 18:07:59 --> Language Class Initialized
INFO - 2020-05-25 18:07:59 --> Loader Class Initialized
INFO - 2020-05-25 18:07:59 --> Helper loaded: url_helper
INFO - 2020-05-25 18:07:59 --> Helper loaded: file_helper
INFO - 2020-05-25 18:07:59 --> Helper loaded: text_helper
INFO - 2020-05-25 18:07:59 --> Helper loaded: string_helper
INFO - 2020-05-25 18:07:59 --> Database Driver Class Initialized
INFO - 2020-05-25 18:07:59 --> Email Class Initialized
DEBUG - 2020-05-25 18:07:59 --> Session: "sess_save_path" is empty; using "session.save_path" value from php.ini.
INFO - 2020-05-25 18:07:59 --> Session: Class initialized using 'files' driver.
INFO - 2020-05-25 18:07:59 --> Helper loaded: form_helper
INFO - 2020-05-25 18:07:59 --> Form Validation Class Initialized
INFO - 2020-05-25 18:07:59 --> Controller Class Initialized
INFO - 2020-05-25 18:07:59 --> Model "M_scholar" initialized
DEBUG - 2020-05-25 18:07:59 --> Email class already loaded. Second attempt ignored.
INFO - 2020-05-25 18:07:59 --> Upload Class Initialized
INFO - 2020-05-25 18:07:59 --> Upload Class Initialized
INFO - 2020-05-25 18:07:59 --> Model "M_auth" initialized
INFO - 2020-05-25 18:07:59 --> Final output sent to browser
DEBUG - 2020-05-25 18:07:59 --> Total execution time: 0.6993
