INFO - 2020-03-10 08:10:12 --> Config Class Initialized
INFO - 2020-03-10 08:10:12 --> Hooks Class Initialized
DEBUG - 2020-03-10 08:10:12 --> UTF-8 Support Enabled
INFO - 2020-03-10 08:10:12 --> Utf8 Class Initialized
INFO - 2020-03-10 08:10:12 --> URI Class Initialized
DEBUG - 2020-03-10 08:10:12 --> No URI present. Default controller set.
INFO - 2020-03-10 08:10:12 --> Router Class Initialized
INFO - 2020-03-10 08:10:12 --> Output Class Initialized
INFO - 2020-03-10 08:10:12 --> Security Class Initialized
DEBUG - 2020-03-10 08:10:12 --> Global POST, GET and COOKIE data sanitized
INFO - 2020-03-10 08:10:12 --> Input Class Initialized
INFO - 2020-03-10 08:10:12 --> Language Class Initialized
INFO - 2020-03-10 08:10:12 --> Loader Class Initialized
INFO - 2020-03-10 08:10:12 --> Helper loaded: url_helper
INFO - 2020-03-10 08:10:12 --> Helper loaded: file_helper
INFO - 2020-03-10 08:10:12 --> Helper loaded: text_helper
INFO - 2020-03-10 08:10:12 --> Helper loaded: string_helper
INFO - 2020-03-10 08:10:12 --> Database Driver Class Initialized
INFO - 2020-03-10 08:10:12 --> Email Class Initialized
DEBUG - 2020-03-10 08:10:12 --> Session: "sess_save_path" is empty; using "session.save_path" value from php.ini.
INFO - 2020-03-10 08:10:12 --> Session: Class initialized using 'files' driver.
INFO - 2020-03-10 08:10:12 --> Helper loaded: form_helper
INFO - 2020-03-10 08:10:12 --> Form Validation Class Initialized
INFO - 2020-03-10 08:10:12 --> Controller Class Initialized
INFO - 2020-03-10 08:10:12 --> Model "M_auth" initialized
DEBUG - 2020-03-10 08:10:12 --> Form_validation class already loaded. Second attempt ignored.
INFO - 2020-03-10 08:10:13 --> File loaded: C:\xampp\htdocs\scholarship\finance\views\include/header.php
INFO - 2020-03-10 08:10:13 --> File loaded: C:\xampp\htdocs\scholarship\finance\views\include/footer.php
INFO - 2020-03-10 08:10:13 --> File loaded: C:\xampp\htdocs\scholarship\finance\views\include/msg.php
INFO - 2020-03-10 08:10:13 --> File loaded: C:\xampp\htdocs\scholarship\finance\views\auth/login.php
INFO - 2020-03-10 08:10:13 --> Final output sent to browser
DEBUG - 2020-03-10 08:10:13 --> Total execution time: 0.2300
INFO - 2020-03-10 08:15:58 --> Config Class Initialized
INFO - 2020-03-10 08:15:58 --> Hooks Class Initialized
DEBUG - 2020-03-10 08:15:58 --> UTF-8 Support Enabled
INFO - 2020-03-10 08:15:58 --> Utf8 Class Initialized
INFO - 2020-03-10 08:15:58 --> URI Class Initialized
INFO - 2020-03-10 08:15:58 --> Router Class Initialized
INFO - 2020-03-10 08:15:58 --> Output Class Initialized
INFO - 2020-03-10 08:15:58 --> Security Class Initialized
DEBUG - 2020-03-10 08:15:58 --> Global POST, GET and COOKIE data sanitized
INFO - 2020-03-10 08:15:58 --> Input Class Initialized
INFO - 2020-03-10 08:15:58 --> Language Class Initialized
ERROR - 2020-03-10 08:15:58 --> 404 Page Not Found: Auth/emailcheck
INFO - 2020-03-10 08:15:58 --> Config Class Initialized
INFO - 2020-03-10 08:15:58 --> Hooks Class Initialized
DEBUG - 2020-03-10 08:15:58 --> UTF-8 Support Enabled
INFO - 2020-03-10 08:15:58 --> Utf8 Class Initialized
INFO - 2020-03-10 08:15:58 --> URI Class Initialized
INFO - 2020-03-10 08:15:58 --> Router Class Initialized
INFO - 2020-03-10 08:15:58 --> Output Class Initialized
INFO - 2020-03-10 08:15:58 --> Security Class Initialized
DEBUG - 2020-03-10 08:15:58 --> Global POST, GET and COOKIE data sanitized
INFO - 2020-03-10 08:15:58 --> Input Class Initialized
INFO - 2020-03-10 08:15:58 --> Language Class Initialized
INFO - 2020-03-10 08:15:58 --> Loader Class Initialized
INFO - 2020-03-10 08:15:58 --> Helper loaded: url_helper
INFO - 2020-03-10 08:15:58 --> Helper loaded: file_helper
INFO - 2020-03-10 08:15:58 --> Helper loaded: text_helper
INFO - 2020-03-10 08:15:58 --> Helper loaded: string_helper
INFO - 2020-03-10 08:15:58 --> Database Driver Class Initialized
INFO - 2020-03-10 08:15:58 --> Email Class Initialized
DEBUG - 2020-03-10 08:15:58 --> Session: "sess_save_path" is empty; using "session.save_path" value from php.ini.
INFO - 2020-03-10 08:15:58 --> Session: Class initialized using 'files' driver.
INFO - 2020-03-10 08:15:58 --> Helper loaded: form_helper
INFO - 2020-03-10 08:15:58 --> Form Validation Class Initialized
INFO - 2020-03-10 08:15:58 --> Controller Class Initialized
INFO - 2020-03-10 08:15:58 --> Model "M_auth" initialized
DEBUG - 2020-03-10 08:15:58 --> Form_validation class already loaded. Second attempt ignored.
INFO - 2020-03-10 08:15:58 --> Language file loaded: language/english/form_validation_lang.php
ERROR - 2020-03-10 08:15:58 --> ---------------------Failed -- Finance officer Log in Failed and tried login with prathwi@5ine.in password and IP aaddress ::1 --------------
INFO - 2020-03-10 08:15:58 --> Config Class Initialized
INFO - 2020-03-10 08:15:58 --> Hooks Class Initialized
DEBUG - 2020-03-10 08:15:58 --> UTF-8 Support Enabled
INFO - 2020-03-10 08:15:58 --> Utf8 Class Initialized
INFO - 2020-03-10 08:15:58 --> URI Class Initialized
DEBUG - 2020-03-10 08:15:58 --> No URI present. Default controller set.
INFO - 2020-03-10 08:15:58 --> Router Class Initialized
INFO - 2020-03-10 08:15:58 --> Output Class Initialized
INFO - 2020-03-10 08:15:58 --> Security Class Initialized
DEBUG - 2020-03-10 08:15:58 --> Global POST, GET and COOKIE data sanitized
INFO - 2020-03-10 08:15:58 --> Input Class Initialized
INFO - 2020-03-10 08:15:58 --> Language Class Initialized
INFO - 2020-03-10 08:15:58 --> Loader Class Initialized
INFO - 2020-03-10 08:15:58 --> Helper loaded: url_helper
INFO - 2020-03-10 08:15:58 --> Helper loaded: file_helper
INFO - 2020-03-10 08:15:58 --> Helper loaded: text_helper
INFO - 2020-03-10 08:15:58 --> Helper loaded: string_helper
INFO - 2020-03-10 08:15:58 --> Database Driver Class Initialized
INFO - 2020-03-10 08:15:58 --> Email Class Initialized
DEBUG - 2020-03-10 08:15:58 --> Session: "sess_save_path" is empty; using "session.save_path" value from php.ini.
INFO - 2020-03-10 08:15:58 --> Session: Class initialized using 'files' driver.
INFO - 2020-03-10 08:15:58 --> Helper loaded: form_helper
INFO - 2020-03-10 08:15:58 --> Form Validation Class Initialized
INFO - 2020-03-10 08:15:58 --> Controller Class Initialized
INFO - 2020-03-10 08:15:58 --> Model "M_auth" initialized
DEBUG - 2020-03-10 08:15:58 --> Form_validation class already loaded. Second attempt ignored.
INFO - 2020-03-10 08:15:58 --> File loaded: C:\xampp\htdocs\scholarship\finance\views\include/header.php
INFO - 2020-03-10 08:15:58 --> File loaded: C:\xampp\htdocs\scholarship\finance\views\include/footer.php
INFO - 2020-03-10 08:15:58 --> File loaded: C:\xampp\htdocs\scholarship\finance\views\include/msg.php
INFO - 2020-03-10 08:15:58 --> File loaded: C:\xampp\htdocs\scholarship\finance\views\auth/login.php
INFO - 2020-03-10 08:15:58 --> Final output sent to browser
DEBUG - 2020-03-10 08:15:58 --> Total execution time: 0.1078
INFO - 2020-03-10 08:16:00 --> Config Class Initialized
INFO - 2020-03-10 08:16:00 --> Hooks Class Initialized
DEBUG - 2020-03-10 08:16:00 --> UTF-8 Support Enabled
INFO - 2020-03-10 08:16:00 --> Utf8 Class Initialized
INFO - 2020-03-10 08:16:00 --> URI Class Initialized
INFO - 2020-03-10 08:16:00 --> Router Class Initialized
INFO - 2020-03-10 08:16:00 --> Output Class Initialized
INFO - 2020-03-10 08:16:00 --> Security Class Initialized
DEBUG - 2020-03-10 08:16:00 --> Global POST, GET and COOKIE data sanitized
INFO - 2020-03-10 08:16:00 --> Input Class Initialized
INFO - 2020-03-10 08:16:00 --> Language Class Initialized
INFO - 2020-03-10 08:16:00 --> Loader Class Initialized
INFO - 2020-03-10 08:16:00 --> Helper loaded: url_helper
INFO - 2020-03-10 08:16:00 --> Helper loaded: file_helper
INFO - 2020-03-10 08:16:00 --> Helper loaded: text_helper
INFO - 2020-03-10 08:16:00 --> Helper loaded: string_helper
INFO - 2020-03-10 08:16:00 --> Database Driver Class Initialized
INFO - 2020-03-10 08:16:00 --> Email Class Initialized
DEBUG - 2020-03-10 08:16:00 --> Session: "sess_save_path" is empty; using "session.save_path" value from php.ini.
INFO - 2020-03-10 08:16:00 --> Session: Class initialized using 'files' driver.
INFO - 2020-03-10 08:16:00 --> Helper loaded: form_helper
INFO - 2020-03-10 08:16:00 --> Form Validation Class Initialized
INFO - 2020-03-10 08:16:00 --> Controller Class Initialized
INFO - 2020-03-10 08:16:00 --> Model "M_auth" initialized
DEBUG - 2020-03-10 08:16:00 --> Form_validation class already loaded. Second attempt ignored.
INFO - 2020-03-10 08:16:00 --> File loaded: C:\xampp\htdocs\scholarship\finance\views\include/header.php
INFO - 2020-03-10 08:16:00 --> File loaded: C:\xampp\htdocs\scholarship\finance\views\include/footer.php
INFO - 2020-03-10 08:16:00 --> File loaded: C:\xampp\htdocs\scholarship\finance\views\include/msg.php
INFO - 2020-03-10 08:16:00 --> File loaded: C:\xampp\htdocs\scholarship\finance\views\auth/forgot-password.php
INFO - 2020-03-10 08:16:00 --> Final output sent to browser
DEBUG - 2020-03-10 08:16:00 --> Total execution time: 0.1002
INFO - 2020-03-10 08:16:04 --> Config Class Initialized
INFO - 2020-03-10 08:16:04 --> Hooks Class Initialized
DEBUG - 2020-03-10 08:16:04 --> UTF-8 Support Enabled
INFO - 2020-03-10 08:16:04 --> Utf8 Class Initialized
INFO - 2020-03-10 08:16:04 --> URI Class Initialized
INFO - 2020-03-10 08:16:04 --> Router Class Initialized
INFO - 2020-03-10 08:16:04 --> Output Class Initialized
INFO - 2020-03-10 08:16:04 --> Security Class Initialized
DEBUG - 2020-03-10 08:16:04 --> Global POST, GET and COOKIE data sanitized
INFO - 2020-03-10 08:16:04 --> Input Class Initialized
INFO - 2020-03-10 08:16:04 --> Language Class Initialized
INFO - 2020-03-10 08:16:04 --> Loader Class Initialized
INFO - 2020-03-10 08:16:04 --> Helper loaded: url_helper
INFO - 2020-03-10 08:16:04 --> Helper loaded: file_helper
INFO - 2020-03-10 08:16:04 --> Helper loaded: text_helper
INFO - 2020-03-10 08:16:04 --> Helper loaded: string_helper
INFO - 2020-03-10 08:16:04 --> Database Driver Class Initialized
INFO - 2020-03-10 08:16:04 --> Email Class Initialized
DEBUG - 2020-03-10 08:16:04 --> Session: "sess_save_path" is empty; using "session.save_path" value from php.ini.
INFO - 2020-03-10 08:16:04 --> Session: Class initialized using 'files' driver.
INFO - 2020-03-10 08:16:04 --> Helper loaded: form_helper
INFO - 2020-03-10 08:16:04 --> Form Validation Class Initialized
INFO - 2020-03-10 08:16:04 --> Controller Class Initialized
INFO - 2020-03-10 08:16:04 --> Model "M_auth" initialized
DEBUG - 2020-03-10 08:16:04 --> Form_validation class already loaded. Second attempt ignored.
DEBUG - 2020-03-10 08:16:04 --> Form_validation class already loaded. Second attempt ignored.
INFO - 2020-03-10 08:16:04 --> Language file loaded: language/english/form_validation_lang.php
INFO - 2020-03-10 08:16:04 --> Final output sent to browser
DEBUG - 2020-03-10 08:16:04 --> Total execution time: 0.0878
INFO - 2020-03-10 08:16:09 --> Config Class Initialized
INFO - 2020-03-10 08:16:09 --> Hooks Class Initialized
DEBUG - 2020-03-10 08:16:09 --> UTF-8 Support Enabled
INFO - 2020-03-10 08:16:09 --> Utf8 Class Initialized
INFO - 2020-03-10 08:16:09 --> URI Class Initialized
INFO - 2020-03-10 08:16:09 --> Router Class Initialized
INFO - 2020-03-10 08:16:09 --> Output Class Initialized
INFO - 2020-03-10 08:16:09 --> Security Class Initialized
DEBUG - 2020-03-10 08:16:09 --> Global POST, GET and COOKIE data sanitized
INFO - 2020-03-10 08:16:09 --> Input Class Initialized
INFO - 2020-03-10 08:16:09 --> Language Class Initialized
INFO - 2020-03-10 08:16:09 --> Loader Class Initialized
INFO - 2020-03-10 08:16:09 --> Helper loaded: url_helper
INFO - 2020-03-10 08:16:09 --> Helper loaded: file_helper
INFO - 2020-03-10 08:16:09 --> Helper loaded: text_helper
INFO - 2020-03-10 08:16:09 --> Helper loaded: string_helper
INFO - 2020-03-10 08:16:09 --> Database Driver Class Initialized
INFO - 2020-03-10 08:16:09 --> Email Class Initialized
DEBUG - 2020-03-10 08:16:09 --> Session: "sess_save_path" is empty; using "session.save_path" value from php.ini.
INFO - 2020-03-10 08:16:09 --> Session: Class initialized using 'files' driver.
INFO - 2020-03-10 08:16:09 --> Helper loaded: form_helper
INFO - 2020-03-10 08:16:09 --> Form Validation Class Initialized
INFO - 2020-03-10 08:16:09 --> Controller Class Initialized
INFO - 2020-03-10 08:16:09 --> Model "M_auth" initialized
DEBUG - 2020-03-10 08:16:09 --> Form_validation class already loaded. Second attempt ignored.
INFO - 2020-03-10 08:16:09 --> File loaded: C:\xampp\htdocs\scholarship\finance\views\include/header.php
INFO - 2020-03-10 08:16:09 --> File loaded: C:\xampp\htdocs\scholarship\finance\views\include/footer.php
INFO - 2020-03-10 08:16:09 --> File loaded: C:\xampp\htdocs\scholarship\finance\views\include/msg.php
INFO - 2020-03-10 08:16:09 --> File loaded: C:\xampp\htdocs\scholarship\finance\views\auth/forgot-password.php
INFO - 2020-03-10 08:16:09 --> Final output sent to browser
DEBUG - 2020-03-10 08:16:09 --> Total execution time: 0.1236
INFO - 2020-03-10 08:16:11 --> Config Class Initialized
INFO - 2020-03-10 08:16:11 --> Hooks Class Initialized
DEBUG - 2020-03-10 08:16:11 --> UTF-8 Support Enabled
INFO - 2020-03-10 08:16:11 --> Utf8 Class Initialized
INFO - 2020-03-10 08:16:11 --> URI Class Initialized
INFO - 2020-03-10 08:16:11 --> Router Class Initialized
INFO - 2020-03-10 08:16:11 --> Output Class Initialized
INFO - 2020-03-10 08:16:11 --> Security Class Initialized
DEBUG - 2020-03-10 08:16:11 --> Global POST, GET and COOKIE data sanitized
INFO - 2020-03-10 08:16:11 --> Input Class Initialized
INFO - 2020-03-10 08:16:11 --> Language Class Initialized
INFO - 2020-03-10 08:16:11 --> Loader Class Initialized
INFO - 2020-03-10 08:16:11 --> Helper loaded: url_helper
INFO - 2020-03-10 08:16:11 --> Helper loaded: file_helper
INFO - 2020-03-10 08:16:11 --> Helper loaded: text_helper
INFO - 2020-03-10 08:16:11 --> Helper loaded: string_helper
INFO - 2020-03-10 08:16:11 --> Database Driver Class Initialized
INFO - 2020-03-10 08:16:11 --> Email Class Initialized
DEBUG - 2020-03-10 08:16:11 --> Session: "sess_save_path" is empty; using "session.save_path" value from php.ini.
INFO - 2020-03-10 08:16:11 --> Session: Class initialized using 'files' driver.
INFO - 2020-03-10 08:16:11 --> Helper loaded: form_helper
INFO - 2020-03-10 08:16:11 --> Form Validation Class Initialized
INFO - 2020-03-10 08:16:11 --> Controller Class Initialized
INFO - 2020-03-10 08:16:11 --> Model "M_auth" initialized
DEBUG - 2020-03-10 08:16:11 --> Form_validation class already loaded. Second attempt ignored.
DEBUG - 2020-03-10 08:16:11 --> Form_validation class already loaded. Second attempt ignored.
INFO - 2020-03-10 08:16:11 --> Language file loaded: language/english/form_validation_lang.php
INFO - 2020-03-10 08:16:11 --> Final output sent to browser
DEBUG - 2020-03-10 08:16:11 --> Total execution time: 0.1042
INFO - 2020-03-10 08:17:25 --> Config Class Initialized
INFO - 2020-03-10 08:17:25 --> Hooks Class Initialized
DEBUG - 2020-03-10 08:17:25 --> UTF-8 Support Enabled
INFO - 2020-03-10 08:17:25 --> Utf8 Class Initialized
INFO - 2020-03-10 08:17:25 --> URI Class Initialized
INFO - 2020-03-10 08:17:25 --> Router Class Initialized
INFO - 2020-03-10 08:17:25 --> Output Class Initialized
INFO - 2020-03-10 08:17:25 --> Security Class Initialized
DEBUG - 2020-03-10 08:17:25 --> Global POST, GET and COOKIE data sanitized
INFO - 2020-03-10 08:17:25 --> Input Class Initialized
INFO - 2020-03-10 08:17:25 --> Language Class Initialized
INFO - 2020-03-10 08:17:25 --> Loader Class Initialized
INFO - 2020-03-10 08:17:25 --> Helper loaded: url_helper
INFO - 2020-03-10 08:17:25 --> Helper loaded: file_helper
INFO - 2020-03-10 08:17:25 --> Helper loaded: text_helper
INFO - 2020-03-10 08:17:25 --> Helper loaded: string_helper
INFO - 2020-03-10 08:17:25 --> Database Driver Class Initialized
INFO - 2020-03-10 08:17:25 --> Email Class Initialized
DEBUG - 2020-03-10 08:17:25 --> Session: "sess_save_path" is empty; using "session.save_path" value from php.ini.
INFO - 2020-03-10 08:17:25 --> Session: Class initialized using 'files' driver.
INFO - 2020-03-10 08:17:25 --> Helper loaded: form_helper
INFO - 2020-03-10 08:17:25 --> Form Validation Class Initialized
INFO - 2020-03-10 08:17:25 --> Controller Class Initialized
INFO - 2020-03-10 08:17:25 --> Model "M_auth" initialized
DEBUG - 2020-03-10 08:17:25 --> Form_validation class already loaded. Second attempt ignored.
DEBUG - 2020-03-10 08:17:25 --> Form_validation class already loaded. Second attempt ignored.
INFO - 2020-03-10 08:17:25 --> Language file loaded: language/english/form_validation_lang.php
INFO - 2020-03-10 08:17:25 --> Final output sent to browser
DEBUG - 2020-03-10 08:17:25 --> Total execution time: 0.0993
INFO - 2020-03-10 08:17:25 --> Config Class Initialized
INFO - 2020-03-10 08:17:25 --> Hooks Class Initialized
DEBUG - 2020-03-10 08:17:25 --> UTF-8 Support Enabled
INFO - 2020-03-10 08:17:25 --> Utf8 Class Initialized
INFO - 2020-03-10 08:17:25 --> URI Class Initialized
INFO - 2020-03-10 08:17:25 --> Router Class Initialized
INFO - 2020-03-10 08:17:25 --> Output Class Initialized
INFO - 2020-03-10 08:17:25 --> Security Class Initialized
DEBUG - 2020-03-10 08:17:25 --> Global POST, GET and COOKIE data sanitized
INFO - 2020-03-10 08:17:25 --> Input Class Initialized
INFO - 2020-03-10 08:17:25 --> Language Class Initialized
INFO - 2020-03-10 08:17:25 --> Loader Class Initialized
INFO - 2020-03-10 08:17:25 --> Helper loaded: url_helper
INFO - 2020-03-10 08:17:25 --> Helper loaded: file_helper
INFO - 2020-03-10 08:17:25 --> Helper loaded: text_helper
INFO - 2020-03-10 08:17:25 --> Helper loaded: string_helper
INFO - 2020-03-10 08:17:25 --> Database Driver Class Initialized
INFO - 2020-03-10 08:17:25 --> Email Class Initialized
DEBUG - 2020-03-10 08:17:25 --> Session: "sess_save_path" is empty; using "session.save_path" value from php.ini.
INFO - 2020-03-10 08:17:25 --> Session: Class initialized using 'files' driver.
INFO - 2020-03-10 08:17:25 --> Helper loaded: form_helper
INFO - 2020-03-10 08:17:25 --> Form Validation Class Initialized
INFO - 2020-03-10 08:17:25 --> Controller Class Initialized
INFO - 2020-03-10 08:17:25 --> Model "M_auth" initialized
DEBUG - 2020-03-10 08:17:25 --> Form_validation class already loaded. Second attempt ignored.
DEBUG - 2020-03-10 08:17:25 --> Config file loaded: C:\xampp\htdocs\scholarship\finance\config/email.php
DEBUG - 2020-03-10 08:17:25 --> Email class already loaded. Second attempt ignored.
INFO - 2020-03-10 08:17:25 --> File loaded: C:\xampp\htdocs\scholarship\finance\views\mail/forgot.php
INFO - 2020-03-10 08:17:26 --> Language file loaded: language/english/email_lang.php
INFO - 2020-03-10 08:17:29 --> Config Class Initialized
INFO - 2020-03-10 08:17:29 --> Hooks Class Initialized
DEBUG - 2020-03-10 08:17:29 --> UTF-8 Support Enabled
INFO - 2020-03-10 08:17:29 --> Utf8 Class Initialized
INFO - 2020-03-10 08:17:29 --> URI Class Initialized
INFO - 2020-03-10 08:17:29 --> Router Class Initialized
INFO - 2020-03-10 08:17:29 --> Output Class Initialized
INFO - 2020-03-10 08:17:29 --> Security Class Initialized
DEBUG - 2020-03-10 08:17:29 --> Global POST, GET and COOKIE data sanitized
INFO - 2020-03-10 08:17:29 --> Input Class Initialized
INFO - 2020-03-10 08:17:29 --> Language Class Initialized
INFO - 2020-03-10 08:17:29 --> Loader Class Initialized
INFO - 2020-03-10 08:17:29 --> Helper loaded: url_helper
INFO - 2020-03-10 08:17:29 --> Helper loaded: file_helper
INFO - 2020-03-10 08:17:29 --> Helper loaded: text_helper
INFO - 2020-03-10 08:17:29 --> Helper loaded: string_helper
INFO - 2020-03-10 08:17:29 --> Database Driver Class Initialized
INFO - 2020-03-10 08:17:29 --> Email Class Initialized
DEBUG - 2020-03-10 08:17:29 --> Session: "sess_save_path" is empty; using "session.save_path" value from php.ini.
INFO - 2020-03-10 08:17:29 --> Session: Class initialized using 'files' driver.
INFO - 2020-03-10 08:17:29 --> Helper loaded: form_helper
INFO - 2020-03-10 08:17:29 --> Form Validation Class Initialized
INFO - 2020-03-10 08:17:29 --> Controller Class Initialized
INFO - 2020-03-10 08:17:29 --> Model "M_auth" initialized
DEBUG - 2020-03-10 08:17:29 --> Form_validation class already loaded. Second attempt ignored.
INFO - 2020-03-10 08:17:29 --> File loaded: C:\xampp\htdocs\scholarship\finance\views\include/header.php
INFO - 2020-03-10 08:17:29 --> File loaded: C:\xampp\htdocs\scholarship\finance\views\include/footer.php
INFO - 2020-03-10 08:17:29 --> File loaded: C:\xampp\htdocs\scholarship\finance\views\include/msg.php
INFO - 2020-03-10 08:17:29 --> File loaded: C:\xampp\htdocs\scholarship\finance\views\auth/forgot-password.php
INFO - 2020-03-10 08:17:29 --> Final output sent to browser
DEBUG - 2020-03-10 08:17:29 --> Total execution time: 0.1372
INFO - 2020-03-10 08:19:45 --> Config Class Initialized
INFO - 2020-03-10 08:19:45 --> Hooks Class Initialized
DEBUG - 2020-03-10 08:19:45 --> UTF-8 Support Enabled
INFO - 2020-03-10 08:19:45 --> Utf8 Class Initialized
INFO - 2020-03-10 08:19:45 --> URI Class Initialized
INFO - 2020-03-10 08:19:45 --> Router Class Initialized
INFO - 2020-03-10 08:19:45 --> Output Class Initialized
INFO - 2020-03-10 08:19:45 --> Security Class Initialized
DEBUG - 2020-03-10 08:19:45 --> Global POST, GET and COOKIE data sanitized
INFO - 2020-03-10 08:19:45 --> Input Class Initialized
INFO - 2020-03-10 08:19:45 --> Language Class Initialized
INFO - 2020-03-10 08:19:45 --> Loader Class Initialized
INFO - 2020-03-10 08:19:45 --> Helper loaded: url_helper
INFO - 2020-03-10 08:19:45 --> Helper loaded: file_helper
INFO - 2020-03-10 08:19:45 --> Helper loaded: text_helper
INFO - 2020-03-10 08:19:45 --> Helper loaded: string_helper
INFO - 2020-03-10 08:19:45 --> Database Driver Class Initialized
INFO - 2020-03-10 08:19:45 --> Email Class Initialized
DEBUG - 2020-03-10 08:19:45 --> Session: "sess_save_path" is empty; using "session.save_path" value from php.ini.
INFO - 2020-03-10 08:19:45 --> Session: Class initialized using 'files' driver.
INFO - 2020-03-10 08:19:45 --> Helper loaded: form_helper
INFO - 2020-03-10 08:19:45 --> Form Validation Class Initialized
INFO - 2020-03-10 08:19:45 --> Controller Class Initialized
INFO - 2020-03-10 08:19:45 --> Model "M_auth" initialized
DEBUG - 2020-03-10 08:19:45 --> Form_validation class already loaded. Second attempt ignored.
INFO - 2020-03-10 08:19:45 --> File loaded: C:\xampp\htdocs\scholarship\finance\views\include/header.php
INFO - 2020-03-10 08:19:45 --> File loaded: C:\xampp\htdocs\scholarship\finance\views\include/footer.php
INFO - 2020-03-10 08:19:45 --> File loaded: C:\xampp\htdocs\scholarship\finance\views\include/msg.php
INFO - 2020-03-10 08:19:45 --> File loaded: C:\xampp\htdocs\scholarship\finance\views\auth/login.php
INFO - 2020-03-10 08:19:45 --> Final output sent to browser
DEBUG - 2020-03-10 08:19:45 --> Total execution time: 0.1679
INFO - 2020-03-10 08:19:51 --> Config Class Initialized
INFO - 2020-03-10 08:19:51 --> Hooks Class Initialized
DEBUG - 2020-03-10 08:19:51 --> UTF-8 Support Enabled
INFO - 2020-03-10 08:19:51 --> Utf8 Class Initialized
INFO - 2020-03-10 08:19:51 --> URI Class Initialized
INFO - 2020-03-10 08:19:51 --> Router Class Initialized
INFO - 2020-03-10 08:19:51 --> Output Class Initialized
INFO - 2020-03-10 08:19:51 --> Security Class Initialized
DEBUG - 2020-03-10 08:19:51 --> Global POST, GET and COOKIE data sanitized
INFO - 2020-03-10 08:19:51 --> Input Class Initialized
INFO - 2020-03-10 08:19:51 --> Language Class Initialized
ERROR - 2020-03-10 08:19:51 --> 404 Page Not Found: Auth/emailcheck
INFO - 2020-03-10 08:19:51 --> Config Class Initialized
INFO - 2020-03-10 08:19:51 --> Hooks Class Initialized
DEBUG - 2020-03-10 08:19:51 --> UTF-8 Support Enabled
INFO - 2020-03-10 08:19:51 --> Utf8 Class Initialized
INFO - 2020-03-10 08:19:51 --> URI Class Initialized
INFO - 2020-03-10 08:19:51 --> Router Class Initialized
INFO - 2020-03-10 08:19:51 --> Output Class Initialized
INFO - 2020-03-10 08:19:51 --> Security Class Initialized
DEBUG - 2020-03-10 08:19:51 --> Global POST, GET and COOKIE data sanitized
INFO - 2020-03-10 08:19:51 --> Input Class Initialized
INFO - 2020-03-10 08:19:51 --> Language Class Initialized
INFO - 2020-03-10 08:19:51 --> Loader Class Initialized
INFO - 2020-03-10 08:19:51 --> Helper loaded: url_helper
INFO - 2020-03-10 08:19:51 --> Helper loaded: file_helper
INFO - 2020-03-10 08:19:51 --> Helper loaded: text_helper
INFO - 2020-03-10 08:19:51 --> Helper loaded: string_helper
INFO - 2020-03-10 08:19:51 --> Database Driver Class Initialized
INFO - 2020-03-10 08:19:51 --> Email Class Initialized
DEBUG - 2020-03-10 08:19:51 --> Session: "sess_save_path" is empty; using "session.save_path" value from php.ini.
INFO - 2020-03-10 08:19:51 --> Session: Class initialized using 'files' driver.
INFO - 2020-03-10 08:19:51 --> Helper loaded: form_helper
INFO - 2020-03-10 08:19:51 --> Form Validation Class Initialized
INFO - 2020-03-10 08:19:51 --> Controller Class Initialized
INFO - 2020-03-10 08:19:51 --> Model "M_auth" initialized
DEBUG - 2020-03-10 08:19:51 --> Form_validation class already loaded. Second attempt ignored.
INFO - 2020-03-10 08:19:51 --> Language file loaded: language/english/form_validation_lang.php
INFO - 2020-03-10 08:19:51 --> ---------------------Success -- Finance officer Logged in with jainrohith9@gmail.com and IP aaddress ::1 --------------
INFO - 2020-03-10 08:19:51 --> Config Class Initialized
INFO - 2020-03-10 08:19:51 --> Hooks Class Initialized
DEBUG - 2020-03-10 08:19:51 --> UTF-8 Support Enabled
INFO - 2020-03-10 08:19:51 --> Utf8 Class Initialized
INFO - 2020-03-10 08:19:51 --> URI Class Initialized
INFO - 2020-03-10 08:19:51 --> Router Class Initialized
INFO - 2020-03-10 08:19:51 --> Output Class Initialized
INFO - 2020-03-10 08:19:51 --> Security Class Initialized
DEBUG - 2020-03-10 08:19:51 --> Global POST, GET and COOKIE data sanitized
INFO - 2020-03-10 08:19:51 --> Input Class Initialized
INFO - 2020-03-10 08:19:51 --> Language Class Initialized
INFO - 2020-03-10 08:19:51 --> Loader Class Initialized
INFO - 2020-03-10 08:19:51 --> Helper loaded: url_helper
INFO - 2020-03-10 08:19:51 --> Helper loaded: file_helper
INFO - 2020-03-10 08:19:51 --> Helper loaded: text_helper
INFO - 2020-03-10 08:19:51 --> Helper loaded: string_helper
INFO - 2020-03-10 08:19:51 --> Database Driver Class Initialized
INFO - 2020-03-10 08:19:51 --> Email Class Initialized
DEBUG - 2020-03-10 08:19:51 --> Session: "sess_save_path" is empty; using "session.save_path" value from php.ini.
INFO - 2020-03-10 08:19:51 --> Session: Class initialized using 'files' driver.
INFO - 2020-03-10 08:19:51 --> Helper loaded: form_helper
INFO - 2020-03-10 08:19:51 --> Form Validation Class Initialized
INFO - 2020-03-10 08:19:51 --> Controller Class Initialized
INFO - 2020-03-10 08:19:51 --> Model "M_dashboard" initialized
INFO - 2020-03-10 08:19:51 --> Model "M_auth" initialized
INFO - 2020-03-10 08:19:52 --> File loaded: C:\xampp\htdocs\scholarship\finance\views\include/header.php
INFO - 2020-03-10 08:19:52 --> File loaded: C:\xampp\htdocs\scholarship\finance\views\include/menu.php
INFO - 2020-03-10 08:19:52 --> File loaded: C:\xampp\htdocs\scholarship\finance\views\include/footer.php
INFO - 2020-03-10 08:19:52 --> File loaded: C:\xampp\htdocs\scholarship\finance\views\include/msg.php
INFO - 2020-03-10 08:19:52 --> File loaded: C:\xampp\htdocs\scholarship\finance\views\dashboard/index.php
INFO - 2020-03-10 08:19:52 --> Final output sent to browser
DEBUG - 2020-03-10 08:19:52 --> Total execution time: 0.2843
INFO - 2020-03-10 08:19:52 --> Config Class Initialized
INFO - 2020-03-10 08:19:52 --> Hooks Class Initialized
DEBUG - 2020-03-10 08:19:52 --> UTF-8 Support Enabled
INFO - 2020-03-10 08:19:52 --> Utf8 Class Initialized
INFO - 2020-03-10 08:19:52 --> URI Class Initialized
INFO - 2020-03-10 08:19:52 --> Router Class Initialized
INFO - 2020-03-10 08:19:52 --> Output Class Initialized
INFO - 2020-03-10 08:19:52 --> Security Class Initialized
DEBUG - 2020-03-10 08:19:52 --> Global POST, GET and COOKIE data sanitized
INFO - 2020-03-10 08:19:52 --> Input Class Initialized
INFO - 2020-03-10 08:19:52 --> Language Class Initialized
INFO - 2020-03-10 08:19:52 --> Loader Class Initialized
INFO - 2020-03-10 08:19:52 --> Helper loaded: url_helper
INFO - 2020-03-10 08:19:52 --> Helper loaded: file_helper
INFO - 2020-03-10 08:19:52 --> Helper loaded: text_helper
INFO - 2020-03-10 08:19:52 --> Helper loaded: string_helper
INFO - 2020-03-10 08:19:52 --> Database Driver Class Initialized
INFO - 2020-03-10 08:19:52 --> Email Class Initialized
DEBUG - 2020-03-10 08:19:52 --> Session: "sess_save_path" is empty; using "session.save_path" value from php.ini.
INFO - 2020-03-10 08:19:52 --> Session: Class initialized using 'files' driver.
INFO - 2020-03-10 08:19:52 --> Helper loaded: form_helper
INFO - 2020-03-10 08:19:52 --> Form Validation Class Initialized
INFO - 2020-03-10 08:19:52 --> Controller Class Initialized
INFO - 2020-03-10 08:19:52 --> Model "M_dashboard" initialized
INFO - 2020-03-10 08:19:52 --> Model "M_auth" initialized
INFO - 2020-03-10 08:19:52 --> Final output sent to browser
DEBUG - 2020-03-10 08:19:52 --> Total execution time: 0.1393
INFO - 2020-03-10 08:19:55 --> Config Class Initialized
INFO - 2020-03-10 08:19:55 --> Hooks Class Initialized
DEBUG - 2020-03-10 08:19:55 --> UTF-8 Support Enabled
INFO - 2020-03-10 08:19:55 --> Utf8 Class Initialized
INFO - 2020-03-10 08:19:55 --> URI Class Initialized
INFO - 2020-03-10 08:19:55 --> Router Class Initialized
INFO - 2020-03-10 08:19:55 --> Output Class Initialized
INFO - 2020-03-10 08:19:55 --> Security Class Initialized
DEBUG - 2020-03-10 08:19:55 --> Global POST, GET and COOKIE data sanitized
INFO - 2020-03-10 08:19:55 --> Input Class Initialized
INFO - 2020-03-10 08:19:55 --> Language Class Initialized
INFO - 2020-03-10 08:19:55 --> Loader Class Initialized
INFO - 2020-03-10 08:19:55 --> Helper loaded: url_helper
INFO - 2020-03-10 08:19:55 --> Helper loaded: file_helper
INFO - 2020-03-10 08:19:55 --> Helper loaded: text_helper
INFO - 2020-03-10 08:19:55 --> Helper loaded: string_helper
INFO - 2020-03-10 08:19:55 --> Database Driver Class Initialized
INFO - 2020-03-10 08:19:55 --> Email Class Initialized
DEBUG - 2020-03-10 08:19:55 --> Session: "sess_save_path" is empty; using "session.save_path" value from php.ini.
INFO - 2020-03-10 08:19:55 --> Session: Class initialized using 'files' driver.
INFO - 2020-03-10 08:19:55 --> Helper loaded: form_helper
INFO - 2020-03-10 08:19:55 --> Form Validation Class Initialized
INFO - 2020-03-10 08:19:55 --> Controller Class Initialized
INFO - 2020-03-10 08:19:55 --> Model "M_dashboard" initialized
INFO - 2020-03-10 08:19:55 --> Model "M_auth" initialized
INFO - 2020-03-10 08:19:55 --> File loaded: C:\xampp\htdocs\scholarship\finance\views\include/header.php
INFO - 2020-03-10 08:19:55 --> File loaded: C:\xampp\htdocs\scholarship\finance\views\include/menu.php
INFO - 2020-03-10 08:19:55 --> File loaded: C:\xampp\htdocs\scholarship\finance\views\include/footer.php
INFO - 2020-03-10 08:19:55 --> File loaded: C:\xampp\htdocs\scholarship\finance\views\include/msg.php
INFO - 2020-03-10 08:19:55 --> File loaded: C:\xampp\htdocs\scholarship\finance\views\dashboard/change-password.php
INFO - 2020-03-10 08:19:55 --> Final output sent to browser
DEBUG - 2020-03-10 08:19:55 --> Total execution time: 0.1599
INFO - 2020-03-10 08:19:57 --> Config Class Initialized
INFO - 2020-03-10 08:19:57 --> Hooks Class Initialized
DEBUG - 2020-03-10 08:19:57 --> UTF-8 Support Enabled
INFO - 2020-03-10 08:19:57 --> Utf8 Class Initialized
INFO - 2020-03-10 08:19:57 --> URI Class Initialized
INFO - 2020-03-10 08:19:57 --> Router Class Initialized
INFO - 2020-03-10 08:19:57 --> Output Class Initialized
INFO - 2020-03-10 08:19:57 --> Security Class Initialized
DEBUG - 2020-03-10 08:19:57 --> Global POST, GET and COOKIE data sanitized
INFO - 2020-03-10 08:19:57 --> Input Class Initialized
INFO - 2020-03-10 08:19:57 --> Language Class Initialized
INFO - 2020-03-10 08:19:57 --> Loader Class Initialized
INFO - 2020-03-10 08:19:57 --> Helper loaded: url_helper
INFO - 2020-03-10 08:19:57 --> Helper loaded: file_helper
INFO - 2020-03-10 08:19:57 --> Helper loaded: text_helper
INFO - 2020-03-10 08:19:57 --> Helper loaded: string_helper
INFO - 2020-03-10 08:19:57 --> Database Driver Class Initialized
INFO - 2020-03-10 08:19:57 --> Email Class Initialized
DEBUG - 2020-03-10 08:19:57 --> Session: "sess_save_path" is empty; using "session.save_path" value from php.ini.
INFO - 2020-03-10 08:19:57 --> Session: Class initialized using 'files' driver.
INFO - 2020-03-10 08:19:57 --> Helper loaded: form_helper
INFO - 2020-03-10 08:19:57 --> Form Validation Class Initialized
INFO - 2020-03-10 08:19:57 --> Controller Class Initialized
INFO - 2020-03-10 08:19:57 --> Model "M_dashboard" initialized
INFO - 2020-03-10 08:19:57 --> Model "M_auth" initialized
INFO - 2020-03-10 08:19:57 --> Final output sent to browser
DEBUG - 2020-03-10 08:19:57 --> Total execution time: 0.1034
INFO - 2020-03-10 08:19:57 --> Config Class Initialized
INFO - 2020-03-10 08:19:57 --> Hooks Class Initialized
DEBUG - 2020-03-10 08:19:57 --> UTF-8 Support Enabled
INFO - 2020-03-10 08:19:57 --> Utf8 Class Initialized
INFO - 2020-03-10 08:19:57 --> URI Class Initialized
INFO - 2020-03-10 08:19:57 --> Router Class Initialized
INFO - 2020-03-10 08:19:57 --> Output Class Initialized
INFO - 2020-03-10 08:19:57 --> Security Class Initialized
DEBUG - 2020-03-10 08:19:57 --> Global POST, GET and COOKIE data sanitized
INFO - 2020-03-10 08:19:57 --> Input Class Initialized
INFO - 2020-03-10 08:19:57 --> Language Class Initialized
INFO - 2020-03-10 08:19:57 --> Loader Class Initialized
INFO - 2020-03-10 08:19:57 --> Helper loaded: url_helper
INFO - 2020-03-10 08:19:57 --> Helper loaded: file_helper
INFO - 2020-03-10 08:19:57 --> Helper loaded: text_helper
INFO - 2020-03-10 08:19:57 --> Helper loaded: string_helper
INFO - 2020-03-10 08:19:57 --> Database Driver Class Initialized
INFO - 2020-03-10 08:19:57 --> Email Class Initialized
DEBUG - 2020-03-10 08:19:57 --> Session: "sess_save_path" is empty; using "session.save_path" value from php.ini.
INFO - 2020-03-10 08:19:57 --> Session: Class initialized using 'files' driver.
INFO - 2020-03-10 08:19:57 --> Helper loaded: form_helper
INFO - 2020-03-10 08:19:57 --> Form Validation Class Initialized
INFO - 2020-03-10 08:19:57 --> Controller Class Initialized
INFO - 2020-03-10 08:19:57 --> Model "M_dashboard" initialized
INFO - 2020-03-10 08:19:57 --> Model "M_auth" initialized
INFO - 2020-03-10 08:19:57 --> Final output sent to browser
DEBUG - 2020-03-10 08:19:57 --> Total execution time: 0.0931
INFO - 2020-03-10 08:19:57 --> Config Class Initialized
INFO - 2020-03-10 08:19:57 --> Hooks Class Initialized
DEBUG - 2020-03-10 08:19:57 --> UTF-8 Support Enabled
INFO - 2020-03-10 08:19:57 --> Utf8 Class Initialized
INFO - 2020-03-10 08:19:57 --> URI Class Initialized
INFO - 2020-03-10 08:19:57 --> Router Class Initialized
INFO - 2020-03-10 08:19:57 --> Output Class Initialized
INFO - 2020-03-10 08:19:57 --> Security Class Initialized
DEBUG - 2020-03-10 08:19:57 --> Global POST, GET and COOKIE data sanitized
INFO - 2020-03-10 08:19:57 --> Input Class Initialized
INFO - 2020-03-10 08:19:57 --> Language Class Initialized
INFO - 2020-03-10 08:19:57 --> Loader Class Initialized
INFO - 2020-03-10 08:19:57 --> Helper loaded: url_helper
INFO - 2020-03-10 08:19:57 --> Helper loaded: file_helper
INFO - 2020-03-10 08:19:57 --> Helper loaded: text_helper
INFO - 2020-03-10 08:19:57 --> Helper loaded: string_helper
INFO - 2020-03-10 08:19:57 --> Database Driver Class Initialized
INFO - 2020-03-10 08:19:57 --> Email Class Initialized
DEBUG - 2020-03-10 08:19:57 --> Session: "sess_save_path" is empty; using "session.save_path" value from php.ini.
INFO - 2020-03-10 08:19:57 --> Session: Class initialized using 'files' driver.
INFO - 2020-03-10 08:19:57 --> Helper loaded: form_helper
INFO - 2020-03-10 08:19:57 --> Form Validation Class Initialized
INFO - 2020-03-10 08:19:57 --> Controller Class Initialized
INFO - 2020-03-10 08:19:57 --> Model "M_dashboard" initialized
INFO - 2020-03-10 08:19:57 --> Model "M_auth" initialized
INFO - 2020-03-10 08:19:57 --> Final output sent to browser
DEBUG - 2020-03-10 08:19:57 --> Total execution time: 0.0970
INFO - 2020-03-10 08:19:57 --> Config Class Initialized
INFO - 2020-03-10 08:19:57 --> Hooks Class Initialized
DEBUG - 2020-03-10 08:19:57 --> UTF-8 Support Enabled
INFO - 2020-03-10 08:19:57 --> Utf8 Class Initialized
INFO - 2020-03-10 08:19:57 --> URI Class Initialized
INFO - 2020-03-10 08:19:57 --> Router Class Initialized
INFO - 2020-03-10 08:19:57 --> Output Class Initialized
INFO - 2020-03-10 08:19:57 --> Security Class Initialized
DEBUG - 2020-03-10 08:19:57 --> Global POST, GET and COOKIE data sanitized
INFO - 2020-03-10 08:19:57 --> Input Class Initialized
INFO - 2020-03-10 08:19:57 --> Language Class Initialized
INFO - 2020-03-10 08:19:57 --> Loader Class Initialized
INFO - 2020-03-10 08:19:57 --> Helper loaded: url_helper
INFO - 2020-03-10 08:19:57 --> Helper loaded: file_helper
INFO - 2020-03-10 08:19:57 --> Helper loaded: text_helper
INFO - 2020-03-10 08:19:57 --> Helper loaded: string_helper
INFO - 2020-03-10 08:19:57 --> Database Driver Class Initialized
INFO - 2020-03-10 08:19:57 --> Email Class Initialized
DEBUG - 2020-03-10 08:19:57 --> Session: "sess_save_path" is empty; using "session.save_path" value from php.ini.
INFO - 2020-03-10 08:19:57 --> Session: Class initialized using 'files' driver.
INFO - 2020-03-10 08:19:57 --> Helper loaded: form_helper
INFO - 2020-03-10 08:19:57 --> Form Validation Class Initialized
INFO - 2020-03-10 08:19:57 --> Controller Class Initialized
INFO - 2020-03-10 08:19:57 --> Model "M_dashboard" initialized
INFO - 2020-03-10 08:19:57 --> Model "M_auth" initialized
INFO - 2020-03-10 08:19:57 --> Final output sent to browser
DEBUG - 2020-03-10 08:19:57 --> Total execution time: 0.1153
INFO - 2020-03-10 08:19:58 --> Config Class Initialized
INFO - 2020-03-10 08:19:58 --> Hooks Class Initialized
DEBUG - 2020-03-10 08:19:58 --> UTF-8 Support Enabled
INFO - 2020-03-10 08:19:58 --> Utf8 Class Initialized
INFO - 2020-03-10 08:19:58 --> URI Class Initialized
INFO - 2020-03-10 08:19:58 --> Router Class Initialized
INFO - 2020-03-10 08:19:58 --> Output Class Initialized
INFO - 2020-03-10 08:19:58 --> Security Class Initialized
DEBUG - 2020-03-10 08:19:58 --> Global POST, GET and COOKIE data sanitized
INFO - 2020-03-10 08:19:58 --> Input Class Initialized
INFO - 2020-03-10 08:19:58 --> Language Class Initialized
INFO - 2020-03-10 08:19:58 --> Loader Class Initialized
INFO - 2020-03-10 08:19:58 --> Helper loaded: url_helper
INFO - 2020-03-10 08:19:58 --> Helper loaded: file_helper
INFO - 2020-03-10 08:19:58 --> Helper loaded: text_helper
INFO - 2020-03-10 08:19:58 --> Helper loaded: string_helper
INFO - 2020-03-10 08:19:58 --> Database Driver Class Initialized
INFO - 2020-03-10 08:19:58 --> Email Class Initialized
DEBUG - 2020-03-10 08:19:58 --> Session: "sess_save_path" is empty; using "session.save_path" value from php.ini.
INFO - 2020-03-10 08:19:58 --> Session: Class initialized using 'files' driver.
INFO - 2020-03-10 08:19:58 --> Helper loaded: form_helper
INFO - 2020-03-10 08:19:58 --> Form Validation Class Initialized
INFO - 2020-03-10 08:19:58 --> Controller Class Initialized
INFO - 2020-03-10 08:19:58 --> Model "M_dashboard" initialized
INFO - 2020-03-10 08:19:58 --> Model "M_auth" initialized
INFO - 2020-03-10 08:19:58 --> Final output sent to browser
DEBUG - 2020-03-10 08:19:58 --> Total execution time: 0.0845
INFO - 2020-03-10 08:19:58 --> Config Class Initialized
INFO - 2020-03-10 08:19:58 --> Hooks Class Initialized
DEBUG - 2020-03-10 08:19:58 --> UTF-8 Support Enabled
INFO - 2020-03-10 08:19:58 --> Utf8 Class Initialized
INFO - 2020-03-10 08:19:58 --> URI Class Initialized
INFO - 2020-03-10 08:19:58 --> Router Class Initialized
INFO - 2020-03-10 08:19:58 --> Output Class Initialized
INFO - 2020-03-10 08:19:58 --> Security Class Initialized
DEBUG - 2020-03-10 08:19:58 --> Global POST, GET and COOKIE data sanitized
INFO - 2020-03-10 08:19:58 --> Input Class Initialized
INFO - 2020-03-10 08:19:58 --> Language Class Initialized
INFO - 2020-03-10 08:19:58 --> Loader Class Initialized
INFO - 2020-03-10 08:19:58 --> Helper loaded: url_helper
INFO - 2020-03-10 08:19:58 --> Helper loaded: file_helper
INFO - 2020-03-10 08:19:58 --> Helper loaded: text_helper
INFO - 2020-03-10 08:19:58 --> Helper loaded: string_helper
INFO - 2020-03-10 08:19:58 --> Database Driver Class Initialized
INFO - 2020-03-10 08:19:58 --> Email Class Initialized
DEBUG - 2020-03-10 08:19:58 --> Session: "sess_save_path" is empty; using "session.save_path" value from php.ini.
INFO - 2020-03-10 08:19:58 --> Session: Class initialized using 'files' driver.
INFO - 2020-03-10 08:19:58 --> Helper loaded: form_helper
INFO - 2020-03-10 08:19:58 --> Form Validation Class Initialized
INFO - 2020-03-10 08:19:58 --> Controller Class Initialized
INFO - 2020-03-10 08:19:58 --> Model "M_dashboard" initialized
INFO - 2020-03-10 08:19:58 --> Model "M_auth" initialized
INFO - 2020-03-10 08:19:58 --> Final output sent to browser
DEBUG - 2020-03-10 08:19:58 --> Total execution time: 0.0941
INFO - 2020-03-10 08:19:58 --> Config Class Initialized
INFO - 2020-03-10 08:19:58 --> Hooks Class Initialized
DEBUG - 2020-03-10 08:19:58 --> UTF-8 Support Enabled
INFO - 2020-03-10 08:19:58 --> Utf8 Class Initialized
INFO - 2020-03-10 08:19:58 --> URI Class Initialized
INFO - 2020-03-10 08:19:58 --> Router Class Initialized
INFO - 2020-03-10 08:19:58 --> Output Class Initialized
INFO - 2020-03-10 08:19:58 --> Security Class Initialized
DEBUG - 2020-03-10 08:19:58 --> Global POST, GET and COOKIE data sanitized
INFO - 2020-03-10 08:19:58 --> Input Class Initialized
INFO - 2020-03-10 08:19:58 --> Language Class Initialized
INFO - 2020-03-10 08:19:58 --> Loader Class Initialized
INFO - 2020-03-10 08:19:58 --> Helper loaded: url_helper
INFO - 2020-03-10 08:19:58 --> Helper loaded: file_helper
INFO - 2020-03-10 08:19:58 --> Helper loaded: text_helper
INFO - 2020-03-10 08:19:58 --> Helper loaded: string_helper
INFO - 2020-03-10 08:19:58 --> Database Driver Class Initialized
INFO - 2020-03-10 08:19:58 --> Email Class Initialized
DEBUG - 2020-03-10 08:19:58 --> Session: "sess_save_path" is empty; using "session.save_path" value from php.ini.
INFO - 2020-03-10 08:19:58 --> Session: Class initialized using 'files' driver.
INFO - 2020-03-10 08:19:58 --> Helper loaded: form_helper
INFO - 2020-03-10 08:19:58 --> Form Validation Class Initialized
INFO - 2020-03-10 08:19:58 --> Controller Class Initialized
INFO - 2020-03-10 08:19:58 --> Model "M_dashboard" initialized
INFO - 2020-03-10 08:19:58 --> Model "M_auth" initialized
INFO - 2020-03-10 08:19:58 --> Final output sent to browser
DEBUG - 2020-03-10 08:19:58 --> Total execution time: 0.0894
INFO - 2020-03-10 08:19:58 --> Config Class Initialized
INFO - 2020-03-10 08:19:58 --> Hooks Class Initialized
INFO - 2020-03-10 08:19:58 --> Config Class Initialized
INFO - 2020-03-10 08:19:58 --> Hooks Class Initialized
DEBUG - 2020-03-10 08:19:58 --> UTF-8 Support Enabled
INFO - 2020-03-10 08:19:58 --> Utf8 Class Initialized
DEBUG - 2020-03-10 08:19:58 --> UTF-8 Support Enabled
INFO - 2020-03-10 08:19:58 --> URI Class Initialized
INFO - 2020-03-10 08:19:58 --> Utf8 Class Initialized
INFO - 2020-03-10 08:19:58 --> Router Class Initialized
INFO - 2020-03-10 08:19:58 --> URI Class Initialized
INFO - 2020-03-10 08:19:58 --> Router Class Initialized
INFO - 2020-03-10 08:19:58 --> Output Class Initialized
INFO - 2020-03-10 08:19:58 --> Security Class Initialized
INFO - 2020-03-10 08:19:58 --> Output Class Initialized
DEBUG - 2020-03-10 08:19:58 --> Global POST, GET and COOKIE data sanitized
INFO - 2020-03-10 08:19:58 --> Security Class Initialized
INFO - 2020-03-10 08:19:58 --> Input Class Initialized
INFO - 2020-03-10 08:19:58 --> Language Class Initialized
DEBUG - 2020-03-10 08:19:58 --> Global POST, GET and COOKIE data sanitized
INFO - 2020-03-10 08:19:58 --> Input Class Initialized
INFO - 2020-03-10 08:19:58 --> Language Class Initialized
INFO - 2020-03-10 08:19:58 --> Loader Class Initialized
INFO - 2020-03-10 08:19:58 --> Helper loaded: url_helper
INFO - 2020-03-10 08:19:58 --> Loader Class Initialized
INFO - 2020-03-10 08:19:58 --> Helper loaded: file_helper
INFO - 2020-03-10 08:19:58 --> Helper loaded: url_helper
INFO - 2020-03-10 08:19:58 --> Helper loaded: text_helper
INFO - 2020-03-10 08:19:58 --> Helper loaded: file_helper
INFO - 2020-03-10 08:19:58 --> Helper loaded: string_helper
INFO - 2020-03-10 08:19:58 --> Helper loaded: text_helper
INFO - 2020-03-10 08:19:58 --> Helper loaded: string_helper
INFO - 2020-03-10 08:19:58 --> Database Driver Class Initialized
INFO - 2020-03-10 08:19:58 --> Database Driver Class Initialized
INFO - 2020-03-10 08:19:58 --> Email Class Initialized
INFO - 2020-03-10 08:19:58 --> Email Class Initialized
DEBUG - 2020-03-10 08:19:58 --> Session: "sess_save_path" is empty; using "session.save_path" value from php.ini.
INFO - 2020-03-10 08:19:58 --> Session: Class initialized using 'files' driver.
DEBUG - 2020-03-10 08:19:58 --> Session: "sess_save_path" is empty; using "session.save_path" value from php.ini.
INFO - 2020-03-10 08:19:58 --> Helper loaded: form_helper
INFO - 2020-03-10 08:19:58 --> Form Validation Class Initialized
INFO - 2020-03-10 08:19:58 --> Controller Class Initialized
INFO - 2020-03-10 08:19:58 --> Model "M_dashboard" initialized
INFO - 2020-03-10 08:19:58 --> Model "M_auth" initialized
INFO - 2020-03-10 08:19:58 --> Final output sent to browser
DEBUG - 2020-03-10 08:19:58 --> Total execution time: 0.1049
INFO - 2020-03-10 08:19:58 --> Session: Class initialized using 'files' driver.
INFO - 2020-03-10 08:19:58 --> Helper loaded: form_helper
INFO - 2020-03-10 08:19:58 --> Form Validation Class Initialized
INFO - 2020-03-10 08:19:58 --> Controller Class Initialized
INFO - 2020-03-10 08:19:58 --> Model "M_dashboard" initialized
INFO - 2020-03-10 08:19:58 --> Model "M_auth" initialized
INFO - 2020-03-10 08:19:59 --> Final output sent to browser
DEBUG - 2020-03-10 08:19:59 --> Total execution time: 0.1414
INFO - 2020-03-10 08:20:00 --> Config Class Initialized
INFO - 2020-03-10 08:20:00 --> Hooks Class Initialized
DEBUG - 2020-03-10 08:20:00 --> UTF-8 Support Enabled
INFO - 2020-03-10 08:20:00 --> Utf8 Class Initialized
INFO - 2020-03-10 08:20:00 --> URI Class Initialized
INFO - 2020-03-10 08:20:00 --> Router Class Initialized
INFO - 2020-03-10 08:20:00 --> Output Class Initialized
INFO - 2020-03-10 08:20:00 --> Security Class Initialized
DEBUG - 2020-03-10 08:20:00 --> Global POST, GET and COOKIE data sanitized
INFO - 2020-03-10 08:20:00 --> Input Class Initialized
INFO - 2020-03-10 08:20:00 --> Language Class Initialized
INFO - 2020-03-10 08:20:00 --> Loader Class Initialized
INFO - 2020-03-10 08:20:00 --> Helper loaded: url_helper
INFO - 2020-03-10 08:20:00 --> Helper loaded: file_helper
INFO - 2020-03-10 08:20:00 --> Helper loaded: text_helper
INFO - 2020-03-10 08:20:00 --> Helper loaded: string_helper
INFO - 2020-03-10 08:20:00 --> Database Driver Class Initialized
INFO - 2020-03-10 08:20:00 --> Email Class Initialized
DEBUG - 2020-03-10 08:20:00 --> Session: "sess_save_path" is empty; using "session.save_path" value from php.ini.
INFO - 2020-03-10 08:20:00 --> Session: Class initialized using 'files' driver.
INFO - 2020-03-10 08:20:00 --> Helper loaded: form_helper
INFO - 2020-03-10 08:20:00 --> Form Validation Class Initialized
INFO - 2020-03-10 08:20:00 --> Controller Class Initialized
INFO - 2020-03-10 08:20:00 --> Model "M_dashboard" initialized
INFO - 2020-03-10 08:20:00 --> Model "M_auth" initialized
INFO - 2020-03-10 08:20:00 --> Final output sent to browser
DEBUG - 2020-03-10 08:20:00 --> Total execution time: 0.1032
INFO - 2020-03-10 08:20:01 --> Config Class Initialized
INFO - 2020-03-10 08:20:01 --> Hooks Class Initialized
DEBUG - 2020-03-10 08:20:01 --> UTF-8 Support Enabled
INFO - 2020-03-10 08:20:01 --> Utf8 Class Initialized
INFO - 2020-03-10 08:20:01 --> URI Class Initialized
INFO - 2020-03-10 08:20:01 --> Router Class Initialized
INFO - 2020-03-10 08:20:01 --> Output Class Initialized
INFO - 2020-03-10 08:20:01 --> Security Class Initialized
DEBUG - 2020-03-10 08:20:01 --> Global POST, GET and COOKIE data sanitized
INFO - 2020-03-10 08:20:01 --> Input Class Initialized
INFO - 2020-03-10 08:20:01 --> Language Class Initialized
INFO - 2020-03-10 08:20:01 --> Loader Class Initialized
INFO - 2020-03-10 08:20:01 --> Helper loaded: url_helper
INFO - 2020-03-10 08:20:01 --> Helper loaded: file_helper
INFO - 2020-03-10 08:20:01 --> Helper loaded: text_helper
INFO - 2020-03-10 08:20:01 --> Helper loaded: string_helper
INFO - 2020-03-10 08:20:01 --> Database Driver Class Initialized
INFO - 2020-03-10 08:20:01 --> Email Class Initialized
DEBUG - 2020-03-10 08:20:01 --> Session: "sess_save_path" is empty; using "session.save_path" value from php.ini.
INFO - 2020-03-10 08:20:01 --> Session: Class initialized using 'files' driver.
INFO - 2020-03-10 08:20:01 --> Helper loaded: form_helper
INFO - 2020-03-10 08:20:01 --> Form Validation Class Initialized
INFO - 2020-03-10 08:20:01 --> Controller Class Initialized
INFO - 2020-03-10 08:20:01 --> Model "M_dashboard" initialized
INFO - 2020-03-10 08:20:01 --> Model "M_auth" initialized
INFO - 2020-03-10 08:20:01 --> Final output sent to browser
DEBUG - 2020-03-10 08:20:01 --> Total execution time: 0.0894
INFO - 2020-03-10 08:20:01 --> Config Class Initialized
INFO - 2020-03-10 08:20:01 --> Hooks Class Initialized
DEBUG - 2020-03-10 08:20:01 --> UTF-8 Support Enabled
INFO - 2020-03-10 08:20:01 --> Utf8 Class Initialized
INFO - 2020-03-10 08:20:01 --> URI Class Initialized
INFO - 2020-03-10 08:20:01 --> Router Class Initialized
INFO - 2020-03-10 08:20:01 --> Output Class Initialized
INFO - 2020-03-10 08:20:01 --> Security Class Initialized
DEBUG - 2020-03-10 08:20:01 --> Global POST, GET and COOKIE data sanitized
INFO - 2020-03-10 08:20:01 --> Input Class Initialized
INFO - 2020-03-10 08:20:01 --> Language Class Initialized
INFO - 2020-03-10 08:20:01 --> Loader Class Initialized
INFO - 2020-03-10 08:20:01 --> Helper loaded: url_helper
INFO - 2020-03-10 08:20:01 --> Helper loaded: file_helper
INFO - 2020-03-10 08:20:01 --> Helper loaded: text_helper
INFO - 2020-03-10 08:20:01 --> Helper loaded: string_helper
INFO - 2020-03-10 08:20:01 --> Database Driver Class Initialized
INFO - 2020-03-10 08:20:01 --> Email Class Initialized
DEBUG - 2020-03-10 08:20:01 --> Session: "sess_save_path" is empty; using "session.save_path" value from php.ini.
INFO - 2020-03-10 08:20:01 --> Session: Class initialized using 'files' driver.
INFO - 2020-03-10 08:20:01 --> Helper loaded: form_helper
INFO - 2020-03-10 08:20:01 --> Form Validation Class Initialized
INFO - 2020-03-10 08:20:01 --> Controller Class Initialized
INFO - 2020-03-10 08:20:01 --> Model "M_dashboard" initialized
INFO - 2020-03-10 08:20:01 --> Model "M_auth" initialized
INFO - 2020-03-10 08:20:01 --> Final output sent to browser
DEBUG - 2020-03-10 08:20:01 --> Total execution time: 0.0985
INFO - 2020-03-10 08:20:01 --> Config Class Initialized
INFO - 2020-03-10 08:20:01 --> Hooks Class Initialized
DEBUG - 2020-03-10 08:20:01 --> UTF-8 Support Enabled
INFO - 2020-03-10 08:20:01 --> Utf8 Class Initialized
INFO - 2020-03-10 08:20:01 --> URI Class Initialized
INFO - 2020-03-10 08:20:01 --> Router Class Initialized
INFO - 2020-03-10 08:20:01 --> Output Class Initialized
INFO - 2020-03-10 08:20:01 --> Security Class Initialized
DEBUG - 2020-03-10 08:20:01 --> Global POST, GET and COOKIE data sanitized
INFO - 2020-03-10 08:20:01 --> Input Class Initialized
INFO - 2020-03-10 08:20:01 --> Language Class Initialized
INFO - 2020-03-10 08:20:01 --> Loader Class Initialized
INFO - 2020-03-10 08:20:01 --> Helper loaded: url_helper
INFO - 2020-03-10 08:20:01 --> Helper loaded: file_helper
INFO - 2020-03-10 08:20:01 --> Helper loaded: text_helper
INFO - 2020-03-10 08:20:01 --> Helper loaded: string_helper
INFO - 2020-03-10 08:20:01 --> Database Driver Class Initialized
INFO - 2020-03-10 08:20:01 --> Email Class Initialized
DEBUG - 2020-03-10 08:20:01 --> Session: "sess_save_path" is empty; using "session.save_path" value from php.ini.
INFO - 2020-03-10 08:20:01 --> Session: Class initialized using 'files' driver.
INFO - 2020-03-10 08:20:01 --> Helper loaded: form_helper
INFO - 2020-03-10 08:20:01 --> Form Validation Class Initialized
INFO - 2020-03-10 08:20:01 --> Controller Class Initialized
INFO - 2020-03-10 08:20:01 --> Model "M_dashboard" initialized
INFO - 2020-03-10 08:20:01 --> Model "M_auth" initialized
INFO - 2020-03-10 08:20:01 --> Final output sent to browser
DEBUG - 2020-03-10 08:20:01 --> Total execution time: 0.0916
INFO - 2020-03-10 08:20:02 --> Config Class Initialized
INFO - 2020-03-10 08:20:02 --> Hooks Class Initialized
DEBUG - 2020-03-10 08:20:02 --> UTF-8 Support Enabled
INFO - 2020-03-10 08:20:02 --> Utf8 Class Initialized
INFO - 2020-03-10 08:20:02 --> URI Class Initialized
INFO - 2020-03-10 08:20:02 --> Router Class Initialized
INFO - 2020-03-10 08:20:02 --> Output Class Initialized
INFO - 2020-03-10 08:20:02 --> Security Class Initialized
DEBUG - 2020-03-10 08:20:02 --> Global POST, GET and COOKIE data sanitized
INFO - 2020-03-10 08:20:02 --> Input Class Initialized
INFO - 2020-03-10 08:20:02 --> Language Class Initialized
INFO - 2020-03-10 08:20:02 --> Loader Class Initialized
INFO - 2020-03-10 08:20:02 --> Helper loaded: url_helper
INFO - 2020-03-10 08:20:02 --> Helper loaded: file_helper
INFO - 2020-03-10 08:20:02 --> Helper loaded: text_helper
INFO - 2020-03-10 08:20:02 --> Helper loaded: string_helper
INFO - 2020-03-10 08:20:02 --> Database Driver Class Initialized
INFO - 2020-03-10 08:20:02 --> Email Class Initialized
DEBUG - 2020-03-10 08:20:02 --> Session: "sess_save_path" is empty; using "session.save_path" value from php.ini.
INFO - 2020-03-10 08:20:02 --> Session: Class initialized using 'files' driver.
INFO - 2020-03-10 08:20:02 --> Helper loaded: form_helper
INFO - 2020-03-10 08:20:02 --> Form Validation Class Initialized
INFO - 2020-03-10 08:20:02 --> Controller Class Initialized
INFO - 2020-03-10 08:20:02 --> Model "M_dashboard" initialized
INFO - 2020-03-10 08:20:02 --> Model "M_auth" initialized
INFO - 2020-03-10 08:20:02 --> Final output sent to browser
DEBUG - 2020-03-10 08:20:02 --> Total execution time: 0.0995
INFO - 2020-03-10 08:20:02 --> Config Class Initialized
INFO - 2020-03-10 08:20:02 --> Hooks Class Initialized
DEBUG - 2020-03-10 08:20:02 --> UTF-8 Support Enabled
INFO - 2020-03-10 08:20:02 --> Utf8 Class Initialized
INFO - 2020-03-10 08:20:02 --> URI Class Initialized
INFO - 2020-03-10 08:20:02 --> Router Class Initialized
INFO - 2020-03-10 08:20:02 --> Output Class Initialized
INFO - 2020-03-10 08:20:02 --> Security Class Initialized
DEBUG - 2020-03-10 08:20:02 --> Global POST, GET and COOKIE data sanitized
INFO - 2020-03-10 08:20:02 --> Input Class Initialized
INFO - 2020-03-10 08:20:02 --> Language Class Initialized
INFO - 2020-03-10 08:20:02 --> Loader Class Initialized
INFO - 2020-03-10 08:20:02 --> Helper loaded: url_helper
INFO - 2020-03-10 08:20:02 --> Helper loaded: file_helper
INFO - 2020-03-10 08:20:02 --> Helper loaded: text_helper
INFO - 2020-03-10 08:20:02 --> Helper loaded: string_helper
INFO - 2020-03-10 08:20:02 --> Database Driver Class Initialized
INFO - 2020-03-10 08:20:02 --> Email Class Initialized
DEBUG - 2020-03-10 08:20:02 --> Session: "sess_save_path" is empty; using "session.save_path" value from php.ini.
INFO - 2020-03-10 08:20:02 --> Session: Class initialized using 'files' driver.
INFO - 2020-03-10 08:20:02 --> Helper loaded: form_helper
INFO - 2020-03-10 08:20:02 --> Form Validation Class Initialized
INFO - 2020-03-10 08:20:02 --> Controller Class Initialized
INFO - 2020-03-10 08:20:02 --> Model "M_dashboard" initialized
INFO - 2020-03-10 08:20:02 --> Model "M_auth" initialized
INFO - 2020-03-10 08:20:02 --> Final output sent to browser
DEBUG - 2020-03-10 08:20:02 --> Total execution time: 0.1099
INFO - 2020-03-10 08:20:02 --> Config Class Initialized
INFO - 2020-03-10 08:20:02 --> Hooks Class Initialized
DEBUG - 2020-03-10 08:20:02 --> UTF-8 Support Enabled
INFO - 2020-03-10 08:20:02 --> Utf8 Class Initialized
INFO - 2020-03-10 08:20:02 --> URI Class Initialized
INFO - 2020-03-10 08:20:02 --> Router Class Initialized
INFO - 2020-03-10 08:20:02 --> Output Class Initialized
INFO - 2020-03-10 08:20:02 --> Security Class Initialized
DEBUG - 2020-03-10 08:20:02 --> Global POST, GET and COOKIE data sanitized
INFO - 2020-03-10 08:20:02 --> Input Class Initialized
INFO - 2020-03-10 08:20:02 --> Language Class Initialized
INFO - 2020-03-10 08:20:02 --> Loader Class Initialized
INFO - 2020-03-10 08:20:02 --> Helper loaded: url_helper
INFO - 2020-03-10 08:20:02 --> Helper loaded: file_helper
INFO - 2020-03-10 08:20:02 --> Helper loaded: text_helper
INFO - 2020-03-10 08:20:02 --> Helper loaded: string_helper
INFO - 2020-03-10 08:20:02 --> Database Driver Class Initialized
INFO - 2020-03-10 08:20:02 --> Email Class Initialized
DEBUG - 2020-03-10 08:20:02 --> Session: "sess_save_path" is empty; using "session.save_path" value from php.ini.
INFO - 2020-03-10 08:20:02 --> Session: Class initialized using 'files' driver.
INFO - 2020-03-10 08:20:02 --> Helper loaded: form_helper
INFO - 2020-03-10 08:20:02 --> Form Validation Class Initialized
INFO - 2020-03-10 08:20:02 --> Controller Class Initialized
INFO - 2020-03-10 08:20:02 --> Model "M_dashboard" initialized
INFO - 2020-03-10 08:20:02 --> Model "M_auth" initialized
INFO - 2020-03-10 08:20:02 --> Final output sent to browser
DEBUG - 2020-03-10 08:20:02 --> Total execution time: 0.0966
INFO - 2020-03-10 08:20:02 --> Config Class Initialized
INFO - 2020-03-10 08:20:02 --> Hooks Class Initialized
DEBUG - 2020-03-10 08:20:02 --> UTF-8 Support Enabled
INFO - 2020-03-10 08:20:02 --> Utf8 Class Initialized
INFO - 2020-03-10 08:20:02 --> URI Class Initialized
INFO - 2020-03-10 08:20:02 --> Router Class Initialized
INFO - 2020-03-10 08:20:02 --> Output Class Initialized
INFO - 2020-03-10 08:20:02 --> Security Class Initialized
DEBUG - 2020-03-10 08:20:02 --> Global POST, GET and COOKIE data sanitized
INFO - 2020-03-10 08:20:02 --> Input Class Initialized
INFO - 2020-03-10 08:20:02 --> Language Class Initialized
INFO - 2020-03-10 08:20:02 --> Loader Class Initialized
INFO - 2020-03-10 08:20:02 --> Helper loaded: url_helper
INFO - 2020-03-10 08:20:02 --> Helper loaded: file_helper
INFO - 2020-03-10 08:20:02 --> Helper loaded: text_helper
INFO - 2020-03-10 08:20:02 --> Helper loaded: string_helper
INFO - 2020-03-10 08:20:02 --> Database Driver Class Initialized
INFO - 2020-03-10 08:20:02 --> Email Class Initialized
DEBUG - 2020-03-10 08:20:02 --> Session: "sess_save_path" is empty; using "session.save_path" value from php.ini.
INFO - 2020-03-10 08:20:02 --> Session: Class initialized using 'files' driver.
INFO - 2020-03-10 08:20:02 --> Helper loaded: form_helper
INFO - 2020-03-10 08:20:02 --> Form Validation Class Initialized
INFO - 2020-03-10 08:20:02 --> Controller Class Initialized
INFO - 2020-03-10 08:20:02 --> Model "M_dashboard" initialized
INFO - 2020-03-10 08:20:02 --> Model "M_auth" initialized
INFO - 2020-03-10 08:20:02 --> Final output sent to browser
DEBUG - 2020-03-10 08:20:02 --> Total execution time: 0.0970
INFO - 2020-03-10 08:20:03 --> Config Class Initialized
INFO - 2020-03-10 08:20:03 --> Hooks Class Initialized
DEBUG - 2020-03-10 08:20:03 --> UTF-8 Support Enabled
INFO - 2020-03-10 08:20:03 --> Utf8 Class Initialized
INFO - 2020-03-10 08:20:03 --> URI Class Initialized
INFO - 2020-03-10 08:20:03 --> Router Class Initialized
INFO - 2020-03-10 08:20:03 --> Output Class Initialized
INFO - 2020-03-10 08:20:03 --> Security Class Initialized
DEBUG - 2020-03-10 08:20:03 --> Global POST, GET and COOKIE data sanitized
INFO - 2020-03-10 08:20:03 --> Input Class Initialized
INFO - 2020-03-10 08:20:03 --> Language Class Initialized
INFO - 2020-03-10 08:20:03 --> Loader Class Initialized
INFO - 2020-03-10 08:20:03 --> Helper loaded: url_helper
INFO - 2020-03-10 08:20:03 --> Helper loaded: file_helper
INFO - 2020-03-10 08:20:03 --> Helper loaded: text_helper
INFO - 2020-03-10 08:20:03 --> Helper loaded: string_helper
INFO - 2020-03-10 08:20:03 --> Database Driver Class Initialized
INFO - 2020-03-10 08:20:03 --> Email Class Initialized
DEBUG - 2020-03-10 08:20:03 --> Session: "sess_save_path" is empty; using "session.save_path" value from php.ini.
INFO - 2020-03-10 08:20:03 --> Session: Class initialized using 'files' driver.
INFO - 2020-03-10 08:20:03 --> Helper loaded: form_helper
INFO - 2020-03-10 08:20:03 --> Form Validation Class Initialized
INFO - 2020-03-10 08:20:03 --> Controller Class Initialized
INFO - 2020-03-10 08:20:03 --> Model "M_dashboard" initialized
INFO - 2020-03-10 08:20:03 --> Model "M_auth" initialized
INFO - 2020-03-10 08:20:03 --> Final output sent to browser
DEBUG - 2020-03-10 08:20:03 --> Total execution time: 0.1023
INFO - 2020-03-10 08:20:10 --> Config Class Initialized
INFO - 2020-03-10 08:20:10 --> Hooks Class Initialized
DEBUG - 2020-03-10 08:20:10 --> UTF-8 Support Enabled
INFO - 2020-03-10 08:20:10 --> Utf8 Class Initialized
INFO - 2020-03-10 08:20:10 --> URI Class Initialized
INFO - 2020-03-10 08:20:10 --> Router Class Initialized
INFO - 2020-03-10 08:20:10 --> Output Class Initialized
INFO - 2020-03-10 08:20:10 --> Security Class Initialized
DEBUG - 2020-03-10 08:20:10 --> Global POST, GET and COOKIE data sanitized
INFO - 2020-03-10 08:20:10 --> Input Class Initialized
INFO - 2020-03-10 08:20:10 --> Language Class Initialized
INFO - 2020-03-10 08:20:10 --> Loader Class Initialized
INFO - 2020-03-10 08:20:10 --> Helper loaded: url_helper
INFO - 2020-03-10 08:20:10 --> Helper loaded: file_helper
INFO - 2020-03-10 08:20:10 --> Helper loaded: text_helper
INFO - 2020-03-10 08:20:10 --> Helper loaded: string_helper
INFO - 2020-03-10 08:20:10 --> Database Driver Class Initialized
INFO - 2020-03-10 08:20:10 --> Email Class Initialized
DEBUG - 2020-03-10 08:20:10 --> Session: "sess_save_path" is empty; using "session.save_path" value from php.ini.
INFO - 2020-03-10 08:20:10 --> Session: Class initialized using 'files' driver.
INFO - 2020-03-10 08:20:10 --> Helper loaded: form_helper
INFO - 2020-03-10 08:20:10 --> Form Validation Class Initialized
INFO - 2020-03-10 08:20:10 --> Controller Class Initialized
INFO - 2020-03-10 08:20:10 --> Model "M_dashboard" initialized
INFO - 2020-03-10 08:20:10 --> Model "M_auth" initialized
INFO - 2020-03-10 08:20:10 --> Language file loaded: language/english/form_validation_lang.php
INFO - 2020-03-10 08:20:10 --> Config Class Initialized
INFO - 2020-03-10 08:20:10 --> Hooks Class Initialized
DEBUG - 2020-03-10 08:20:10 --> UTF-8 Support Enabled
INFO - 2020-03-10 08:20:10 --> Utf8 Class Initialized
INFO - 2020-03-10 08:20:10 --> URI Class Initialized
INFO - 2020-03-10 08:20:10 --> Router Class Initialized
INFO - 2020-03-10 08:20:10 --> Output Class Initialized
INFO - 2020-03-10 08:20:10 --> Security Class Initialized
DEBUG - 2020-03-10 08:20:10 --> Global POST, GET and COOKIE data sanitized
INFO - 2020-03-10 08:20:10 --> Input Class Initialized
INFO - 2020-03-10 08:20:10 --> Language Class Initialized
INFO - 2020-03-10 08:20:10 --> Loader Class Initialized
INFO - 2020-03-10 08:20:10 --> Helper loaded: url_helper
INFO - 2020-03-10 08:20:10 --> Helper loaded: file_helper
INFO - 2020-03-10 08:20:10 --> Helper loaded: text_helper
INFO - 2020-03-10 08:20:10 --> Helper loaded: string_helper
INFO - 2020-03-10 08:20:10 --> Database Driver Class Initialized
INFO - 2020-03-10 08:20:10 --> Email Class Initialized
DEBUG - 2020-03-10 08:20:10 --> Session: "sess_save_path" is empty; using "session.save_path" value from php.ini.
INFO - 2020-03-10 08:20:10 --> Session: Class initialized using 'files' driver.
INFO - 2020-03-10 08:20:10 --> Helper loaded: form_helper
INFO - 2020-03-10 08:20:10 --> Form Validation Class Initialized
INFO - 2020-03-10 08:20:10 --> Controller Class Initialized
INFO - 2020-03-10 08:20:10 --> Model "M_dashboard" initialized
INFO - 2020-03-10 08:20:10 --> Model "M_auth" initialized
INFO - 2020-03-10 08:20:10 --> File loaded: C:\xampp\htdocs\scholarship\finance\views\include/header.php
INFO - 2020-03-10 08:20:10 --> File loaded: C:\xampp\htdocs\scholarship\finance\views\include/menu.php
INFO - 2020-03-10 08:20:10 --> File loaded: C:\xampp\htdocs\scholarship\finance\views\include/footer.php
INFO - 2020-03-10 08:20:10 --> File loaded: C:\xampp\htdocs\scholarship\finance\views\include/msg.php
INFO - 2020-03-10 08:20:10 --> File loaded: C:\xampp\htdocs\scholarship\finance\views\dashboard/change-password.php
INFO - 2020-03-10 08:20:11 --> Final output sent to browser
DEBUG - 2020-03-10 08:20:11 --> Total execution time: 0.1337
INFO - 2020-03-10 08:20:12 --> Config Class Initialized
INFO - 2020-03-10 08:20:12 --> Hooks Class Initialized
DEBUG - 2020-03-10 08:20:12 --> UTF-8 Support Enabled
INFO - 2020-03-10 08:20:12 --> Utf8 Class Initialized
INFO - 2020-03-10 08:20:12 --> URI Class Initialized
INFO - 2020-03-10 08:20:12 --> Router Class Initialized
INFO - 2020-03-10 08:20:12 --> Output Class Initialized
INFO - 2020-03-10 08:20:12 --> Security Class Initialized
DEBUG - 2020-03-10 08:20:12 --> Global POST, GET and COOKIE data sanitized
INFO - 2020-03-10 08:20:12 --> Input Class Initialized
INFO - 2020-03-10 08:20:12 --> Language Class Initialized
INFO - 2020-03-10 08:20:12 --> Loader Class Initialized
INFO - 2020-03-10 08:20:12 --> Helper loaded: url_helper
INFO - 2020-03-10 08:20:12 --> Helper loaded: file_helper
INFO - 2020-03-10 08:20:12 --> Helper loaded: text_helper
INFO - 2020-03-10 08:20:12 --> Helper loaded: string_helper
INFO - 2020-03-10 08:20:12 --> Database Driver Class Initialized
INFO - 2020-03-10 08:20:12 --> Email Class Initialized
DEBUG - 2020-03-10 08:20:12 --> Session: "sess_save_path" is empty; using "session.save_path" value from php.ini.
INFO - 2020-03-10 08:20:12 --> Session: Class initialized using 'files' driver.
INFO - 2020-03-10 08:20:12 --> Helper loaded: form_helper
INFO - 2020-03-10 08:20:12 --> Form Validation Class Initialized
INFO - 2020-03-10 08:20:12 --> Controller Class Initialized
INFO - 2020-03-10 08:20:12 --> Model "M_scholar" initialized
DEBUG - 2020-03-10 08:20:12 --> Email class already loaded. Second attempt ignored.
INFO - 2020-03-10 08:20:12 --> Upload Class Initialized
INFO - 2020-03-10 08:20:12 --> Upload Class Initialized
INFO - 2020-03-10 08:20:13 --> Model "M_auth" initialized
INFO - 2020-03-10 08:20:13 --> File loaded: C:\xampp\htdocs\scholarship\finance\views\include/header.php
INFO - 2020-03-10 08:20:13 --> File loaded: C:\xampp\htdocs\scholarship\finance\views\include/menu.php
INFO - 2020-03-10 08:20:13 --> File loaded: C:\xampp\htdocs\scholarship\finance\views\include/footer.php
INFO - 2020-03-10 08:20:13 --> File loaded: C:\xampp\htdocs\scholarship\finance\views\include/msg.php
INFO - 2020-03-10 08:20:13 --> File loaded: C:\xampp\htdocs\scholarship\finance\views\scholar/list.php
INFO - 2020-03-10 08:20:13 --> Final output sent to browser
DEBUG - 2020-03-10 08:20:13 --> Total execution time: 0.9299
INFO - 2020-03-10 08:20:15 --> Config Class Initialized
INFO - 2020-03-10 08:20:15 --> Hooks Class Initialized
DEBUG - 2020-03-10 08:20:15 --> UTF-8 Support Enabled
INFO - 2020-03-10 08:20:15 --> Utf8 Class Initialized
INFO - 2020-03-10 08:20:15 --> URI Class Initialized
INFO - 2020-03-10 08:20:15 --> Router Class Initialized
INFO - 2020-03-10 08:20:15 --> Output Class Initialized
INFO - 2020-03-10 08:20:15 --> Security Class Initialized
DEBUG - 2020-03-10 08:20:16 --> Global POST, GET and COOKIE data sanitized
INFO - 2020-03-10 08:20:16 --> Input Class Initialized
INFO - 2020-03-10 08:20:16 --> Language Class Initialized
INFO - 2020-03-10 08:20:16 --> Loader Class Initialized
INFO - 2020-03-10 08:20:16 --> Helper loaded: url_helper
INFO - 2020-03-10 08:20:16 --> Helper loaded: file_helper
INFO - 2020-03-10 08:20:16 --> Helper loaded: text_helper
INFO - 2020-03-10 08:20:16 --> Helper loaded: string_helper
INFO - 2020-03-10 08:20:16 --> Database Driver Class Initialized
INFO - 2020-03-10 08:20:16 --> Email Class Initialized
DEBUG - 2020-03-10 08:20:16 --> Session: "sess_save_path" is empty; using "session.save_path" value from php.ini.
INFO - 2020-03-10 08:20:16 --> Session: Class initialized using 'files' driver.
INFO - 2020-03-10 08:20:16 --> Helper loaded: form_helper
INFO - 2020-03-10 08:20:16 --> Form Validation Class Initialized
INFO - 2020-03-10 08:20:16 --> Controller Class Initialized
INFO - 2020-03-10 08:20:16 --> Model "M_dashboard" initialized
INFO - 2020-03-10 08:20:16 --> Model "M_auth" initialized
INFO - 2020-03-10 08:20:16 --> File loaded: C:\xampp\htdocs\scholarship\finance\views\include/header.php
INFO - 2020-03-10 08:20:16 --> File loaded: C:\xampp\htdocs\scholarship\finance\views\include/menu.php
INFO - 2020-03-10 08:20:16 --> File loaded: C:\xampp\htdocs\scholarship\finance\views\include/footer.php
INFO - 2020-03-10 08:20:16 --> File loaded: C:\xampp\htdocs\scholarship\finance\views\include/msg.php
INFO - 2020-03-10 08:20:16 --> File loaded: C:\xampp\htdocs\scholarship\finance\views\dashboard/profile.php
INFO - 2020-03-10 08:20:16 --> Final output sent to browser
DEBUG - 2020-03-10 08:20:16 --> Total execution time: 0.0975
INFO - 2020-03-10 08:20:19 --> Config Class Initialized
INFO - 2020-03-10 08:20:19 --> Hooks Class Initialized
DEBUG - 2020-03-10 08:20:19 --> UTF-8 Support Enabled
INFO - 2020-03-10 08:20:19 --> Utf8 Class Initialized
INFO - 2020-03-10 08:20:19 --> URI Class Initialized
INFO - 2020-03-10 08:20:19 --> Router Class Initialized
INFO - 2020-03-10 08:20:19 --> Output Class Initialized
INFO - 2020-03-10 08:20:19 --> Security Class Initialized
DEBUG - 2020-03-10 08:20:19 --> Global POST, GET and COOKIE data sanitized
INFO - 2020-03-10 08:20:19 --> Input Class Initialized
INFO - 2020-03-10 08:20:19 --> Language Class Initialized
INFO - 2020-03-10 08:20:19 --> Loader Class Initialized
INFO - 2020-03-10 08:20:19 --> Helper loaded: url_helper
INFO - 2020-03-10 08:20:19 --> Helper loaded: file_helper
INFO - 2020-03-10 08:20:19 --> Helper loaded: text_helper
INFO - 2020-03-10 08:20:19 --> Helper loaded: string_helper
INFO - 2020-03-10 08:20:19 --> Database Driver Class Initialized
INFO - 2020-03-10 08:20:19 --> Email Class Initialized
DEBUG - 2020-03-10 08:20:19 --> Session: "sess_save_path" is empty; using "session.save_path" value from php.ini.
INFO - 2020-03-10 08:20:19 --> Session: Class initialized using 'files' driver.
INFO - 2020-03-10 08:20:19 --> Helper loaded: form_helper
INFO - 2020-03-10 08:20:19 --> Form Validation Class Initialized
INFO - 2020-03-10 08:20:19 --> Controller Class Initialized
INFO - 2020-03-10 08:20:19 --> Model "M_dashboard" initialized
INFO - 2020-03-10 08:20:19 --> Model "M_auth" initialized
INFO - 2020-03-10 08:20:19 --> Config Class Initialized
INFO - 2020-03-10 08:20:19 --> Hooks Class Initialized
DEBUG - 2020-03-10 08:20:19 --> UTF-8 Support Enabled
INFO - 2020-03-10 08:20:19 --> Utf8 Class Initialized
INFO - 2020-03-10 08:20:19 --> URI Class Initialized
INFO - 2020-03-10 08:20:19 --> Router Class Initialized
INFO - 2020-03-10 08:20:19 --> Output Class Initialized
INFO - 2020-03-10 08:20:19 --> Security Class Initialized
DEBUG - 2020-03-10 08:20:19 --> Global POST, GET and COOKIE data sanitized
INFO - 2020-03-10 08:20:19 --> Input Class Initialized
INFO - 2020-03-10 08:20:19 --> Language Class Initialized
INFO - 2020-03-10 08:20:19 --> Loader Class Initialized
INFO - 2020-03-10 08:20:19 --> Helper loaded: url_helper
INFO - 2020-03-10 08:20:19 --> Helper loaded: file_helper
INFO - 2020-03-10 08:20:19 --> Helper loaded: text_helper
INFO - 2020-03-10 08:20:19 --> Helper loaded: string_helper
INFO - 2020-03-10 08:20:19 --> Database Driver Class Initialized
INFO - 2020-03-10 08:20:19 --> Email Class Initialized
DEBUG - 2020-03-10 08:20:19 --> Session: "sess_save_path" is empty; using "session.save_path" value from php.ini.
INFO - 2020-03-10 08:20:19 --> Session: Class initialized using 'files' driver.
INFO - 2020-03-10 08:20:19 --> Helper loaded: form_helper
INFO - 2020-03-10 08:20:19 --> Form Validation Class Initialized
INFO - 2020-03-10 08:20:19 --> Controller Class Initialized
INFO - 2020-03-10 08:20:19 --> Model "M_dashboard" initialized
INFO - 2020-03-10 08:20:19 --> Model "M_auth" initialized
INFO - 2020-03-10 08:20:19 --> File loaded: C:\xampp\htdocs\scholarship\finance\views\include/header.php
INFO - 2020-03-10 08:20:19 --> File loaded: C:\xampp\htdocs\scholarship\finance\views\include/menu.php
INFO - 2020-03-10 08:20:19 --> File loaded: C:\xampp\htdocs\scholarship\finance\views\include/footer.php
INFO - 2020-03-10 08:20:19 --> File loaded: C:\xampp\htdocs\scholarship\finance\views\include/msg.php
INFO - 2020-03-10 08:20:19 --> File loaded: C:\xampp\htdocs\scholarship\finance\views\dashboard/profile.php
INFO - 2020-03-10 08:20:19 --> Final output sent to browser
DEBUG - 2020-03-10 08:20:19 --> Total execution time: 0.1039
INFO - 2020-03-10 08:20:25 --> Config Class Initialized
INFO - 2020-03-10 08:20:25 --> Hooks Class Initialized
DEBUG - 2020-03-10 08:20:25 --> UTF-8 Support Enabled
INFO - 2020-03-10 08:20:25 --> Utf8 Class Initialized
INFO - 2020-03-10 08:20:25 --> URI Class Initialized
INFO - 2020-03-10 08:20:25 --> Router Class Initialized
INFO - 2020-03-10 08:20:25 --> Output Class Initialized
INFO - 2020-03-10 08:20:25 --> Security Class Initialized
DEBUG - 2020-03-10 08:20:25 --> Global POST, GET and COOKIE data sanitized
INFO - 2020-03-10 08:20:25 --> Input Class Initialized
INFO - 2020-03-10 08:20:25 --> Language Class Initialized
INFO - 2020-03-10 08:20:25 --> Loader Class Initialized
INFO - 2020-03-10 08:20:25 --> Helper loaded: url_helper
INFO - 2020-03-10 08:20:25 --> Helper loaded: file_helper
INFO - 2020-03-10 08:20:25 --> Helper loaded: text_helper
INFO - 2020-03-10 08:20:25 --> Helper loaded: string_helper
INFO - 2020-03-10 08:20:25 --> Database Driver Class Initialized
INFO - 2020-03-10 08:20:25 --> Email Class Initialized
DEBUG - 2020-03-10 08:20:25 --> Session: "sess_save_path" is empty; using "session.save_path" value from php.ini.
INFO - 2020-03-10 08:20:25 --> Session: Class initialized using 'files' driver.
INFO - 2020-03-10 08:20:25 --> Helper loaded: form_helper
INFO - 2020-03-10 08:20:25 --> Form Validation Class Initialized
INFO - 2020-03-10 08:20:25 --> Controller Class Initialized
INFO - 2020-03-10 08:20:25 --> Model "M_dashboard" initialized
INFO - 2020-03-10 08:20:25 --> Model "M_auth" initialized
INFO - 2020-03-10 08:20:25 --> Config Class Initialized
INFO - 2020-03-10 08:20:25 --> Hooks Class Initialized
DEBUG - 2020-03-10 08:20:25 --> UTF-8 Support Enabled
INFO - 2020-03-10 08:20:25 --> Utf8 Class Initialized
INFO - 2020-03-10 08:20:25 --> URI Class Initialized
INFO - 2020-03-10 08:20:25 --> Router Class Initialized
INFO - 2020-03-10 08:20:25 --> Output Class Initialized
INFO - 2020-03-10 08:20:25 --> Security Class Initialized
DEBUG - 2020-03-10 08:20:25 --> Global POST, GET and COOKIE data sanitized
INFO - 2020-03-10 08:20:25 --> Input Class Initialized
INFO - 2020-03-10 08:20:25 --> Language Class Initialized
INFO - 2020-03-10 08:20:25 --> Loader Class Initialized
INFO - 2020-03-10 08:20:25 --> Helper loaded: url_helper
INFO - 2020-03-10 08:20:25 --> Helper loaded: file_helper
INFO - 2020-03-10 08:20:25 --> Helper loaded: text_helper
INFO - 2020-03-10 08:20:25 --> Helper loaded: string_helper
INFO - 2020-03-10 08:20:25 --> Database Driver Class Initialized
INFO - 2020-03-10 08:20:25 --> Email Class Initialized
DEBUG - 2020-03-10 08:20:25 --> Session: "sess_save_path" is empty; using "session.save_path" value from php.ini.
INFO - 2020-03-10 08:20:25 --> Session: Class initialized using 'files' driver.
INFO - 2020-03-10 08:20:25 --> Helper loaded: form_helper
INFO - 2020-03-10 08:20:25 --> Form Validation Class Initialized
INFO - 2020-03-10 08:20:25 --> Controller Class Initialized
INFO - 2020-03-10 08:20:25 --> Model "M_dashboard" initialized
INFO - 2020-03-10 08:20:25 --> Model "M_auth" initialized
INFO - 2020-03-10 08:20:25 --> File loaded: C:\xampp\htdocs\scholarship\finance\views\include/header.php
INFO - 2020-03-10 08:20:25 --> File loaded: C:\xampp\htdocs\scholarship\finance\views\include/menu.php
INFO - 2020-03-10 08:20:25 --> File loaded: C:\xampp\htdocs\scholarship\finance\views\include/footer.php
INFO - 2020-03-10 08:20:25 --> File loaded: C:\xampp\htdocs\scholarship\finance\views\include/msg.php
INFO - 2020-03-10 08:20:25 --> File loaded: C:\xampp\htdocs\scholarship\finance\views\dashboard/profile.php
INFO - 2020-03-10 08:20:25 --> Final output sent to browser
DEBUG - 2020-03-10 08:20:25 --> Total execution time: 0.1160
INFO - 2020-03-10 08:20:27 --> Config Class Initialized
INFO - 2020-03-10 08:20:27 --> Hooks Class Initialized
DEBUG - 2020-03-10 08:20:27 --> UTF-8 Support Enabled
INFO - 2020-03-10 08:20:27 --> Utf8 Class Initialized
INFO - 2020-03-10 08:20:27 --> URI Class Initialized
INFO - 2020-03-10 08:20:27 --> Router Class Initialized
INFO - 2020-03-10 08:20:27 --> Output Class Initialized
INFO - 2020-03-10 08:20:27 --> Security Class Initialized
DEBUG - 2020-03-10 08:20:27 --> Global POST, GET and COOKIE data sanitized
INFO - 2020-03-10 08:20:27 --> Input Class Initialized
INFO - 2020-03-10 08:20:27 --> Language Class Initialized
INFO - 2020-03-10 08:20:27 --> Loader Class Initialized
INFO - 2020-03-10 08:20:27 --> Helper loaded: url_helper
INFO - 2020-03-10 08:20:27 --> Helper loaded: file_helper
INFO - 2020-03-10 08:20:27 --> Helper loaded: text_helper
INFO - 2020-03-10 08:20:27 --> Helper loaded: string_helper
INFO - 2020-03-10 08:20:27 --> Database Driver Class Initialized
INFO - 2020-03-10 08:20:27 --> Email Class Initialized
DEBUG - 2020-03-10 08:20:27 --> Session: "sess_save_path" is empty; using "session.save_path" value from php.ini.
INFO - 2020-03-10 08:20:27 --> Session: Class initialized using 'files' driver.
INFO - 2020-03-10 08:20:27 --> Helper loaded: form_helper
INFO - 2020-03-10 08:20:27 --> Form Validation Class Initialized
INFO - 2020-03-10 08:20:27 --> Controller Class Initialized
INFO - 2020-03-10 08:20:27 --> Model "M_scholar" initialized
DEBUG - 2020-03-10 08:20:27 --> Email class already loaded. Second attempt ignored.
INFO - 2020-03-10 08:20:27 --> Upload Class Initialized
INFO - 2020-03-10 08:20:27 --> Upload Class Initialized
INFO - 2020-03-10 08:20:27 --> Model "M_auth" initialized
INFO - 2020-03-10 08:20:27 --> File loaded: C:\xampp\htdocs\scholarship\finance\views\include/header.php
INFO - 2020-03-10 08:20:27 --> File loaded: C:\xampp\htdocs\scholarship\finance\views\include/menu.php
INFO - 2020-03-10 08:20:27 --> File loaded: C:\xampp\htdocs\scholarship\finance\views\include/footer.php
INFO - 2020-03-10 08:20:27 --> File loaded: C:\xampp\htdocs\scholarship\finance\views\include/msg.php
INFO - 2020-03-10 08:20:27 --> File loaded: C:\xampp\htdocs\scholarship\finance\views\scholar/list.php
INFO - 2020-03-10 08:20:27 --> Final output sent to browser
DEBUG - 2020-03-10 08:20:27 --> Total execution time: 0.1517
INFO - 2020-03-10 08:20:34 --> Config Class Initialized
INFO - 2020-03-10 08:20:34 --> Hooks Class Initialized
DEBUG - 2020-03-10 08:20:34 --> UTF-8 Support Enabled
INFO - 2020-03-10 08:20:34 --> Utf8 Class Initialized
INFO - 2020-03-10 08:20:34 --> URI Class Initialized
INFO - 2020-03-10 08:20:34 --> Router Class Initialized
INFO - 2020-03-10 08:20:34 --> Output Class Initialized
INFO - 2020-03-10 08:20:34 --> Security Class Initialized
DEBUG - 2020-03-10 08:20:34 --> Global POST, GET and COOKIE data sanitized
INFO - 2020-03-10 08:20:34 --> Input Class Initialized
INFO - 2020-03-10 08:20:34 --> Language Class Initialized
INFO - 2020-03-10 08:20:34 --> Loader Class Initialized
INFO - 2020-03-10 08:20:34 --> Helper loaded: url_helper
INFO - 2020-03-10 08:20:34 --> Helper loaded: file_helper
INFO - 2020-03-10 08:20:34 --> Helper loaded: text_helper
INFO - 2020-03-10 08:20:34 --> Helper loaded: string_helper
INFO - 2020-03-10 08:20:34 --> Database Driver Class Initialized
INFO - 2020-03-10 08:20:34 --> Email Class Initialized
DEBUG - 2020-03-10 08:20:34 --> Session: "sess_save_path" is empty; using "session.save_path" value from php.ini.
INFO - 2020-03-10 08:20:34 --> Session: Class initialized using 'files' driver.
INFO - 2020-03-10 08:20:34 --> Helper loaded: form_helper
INFO - 2020-03-10 08:20:34 --> Form Validation Class Initialized
INFO - 2020-03-10 08:20:34 --> Controller Class Initialized
INFO - 2020-03-10 08:20:34 --> Model "M_scholar" initialized
DEBUG - 2020-03-10 08:20:34 --> Email class already loaded. Second attempt ignored.
INFO - 2020-03-10 08:20:34 --> Upload Class Initialized
INFO - 2020-03-10 08:20:34 --> Upload Class Initialized
INFO - 2020-03-10 08:20:34 --> Model "M_auth" initialized
DEBUG - 2020-03-10 08:20:34 --> Config file loaded: C:\xampp\htdocs\scholarship\finance\config/email.php
DEBUG - 2020-03-10 08:20:34 --> Email class already loaded. Second attempt ignored.
INFO - 2020-03-10 08:20:34 --> File loaded: C:\xampp\htdocs\scholarship\finance\views\mail/paystatus.php
INFO - 2020-03-10 08:20:35 --> Language file loaded: language/english/email_lang.php
INFO - 2020-03-10 08:20:38 --> Config Class Initialized
INFO - 2020-03-10 08:20:38 --> Hooks Class Initialized
DEBUG - 2020-03-10 08:20:38 --> UTF-8 Support Enabled
INFO - 2020-03-10 08:20:38 --> Utf8 Class Initialized
INFO - 2020-03-10 08:20:39 --> URI Class Initialized
INFO - 2020-03-10 08:20:39 --> Router Class Initialized
INFO - 2020-03-10 08:20:39 --> Output Class Initialized
INFO - 2020-03-10 08:20:39 --> Security Class Initialized
DEBUG - 2020-03-10 08:20:39 --> Global POST, GET and COOKIE data sanitized
INFO - 2020-03-10 08:20:39 --> Input Class Initialized
INFO - 2020-03-10 08:20:39 --> Language Class Initialized
INFO - 2020-03-10 08:20:39 --> Loader Class Initialized
INFO - 2020-03-10 08:20:39 --> Helper loaded: url_helper
INFO - 2020-03-10 08:20:39 --> Helper loaded: file_helper
INFO - 2020-03-10 08:20:39 --> Helper loaded: text_helper
INFO - 2020-03-10 08:20:39 --> Helper loaded: string_helper
INFO - 2020-03-10 08:20:39 --> Database Driver Class Initialized
INFO - 2020-03-10 08:20:39 --> Email Class Initialized
DEBUG - 2020-03-10 08:20:39 --> Session: "sess_save_path" is empty; using "session.save_path" value from php.ini.
INFO - 2020-03-10 08:20:39 --> Session: Class initialized using 'files' driver.
INFO - 2020-03-10 08:20:39 --> Helper loaded: form_helper
INFO - 2020-03-10 08:20:39 --> Form Validation Class Initialized
INFO - 2020-03-10 08:20:39 --> Controller Class Initialized
INFO - 2020-03-10 08:20:39 --> Model "M_scholar" initialized
DEBUG - 2020-03-10 08:20:39 --> Email class already loaded. Second attempt ignored.
INFO - 2020-03-10 08:20:39 --> Upload Class Initialized
INFO - 2020-03-10 08:20:39 --> Upload Class Initialized
INFO - 2020-03-10 08:20:39 --> Model "M_auth" initialized
INFO - 2020-03-10 08:20:39 --> File loaded: C:\xampp\htdocs\scholarship\finance\views\include/header.php
INFO - 2020-03-10 08:20:39 --> File loaded: C:\xampp\htdocs\scholarship\finance\views\include/menu.php
INFO - 2020-03-10 08:20:39 --> File loaded: C:\xampp\htdocs\scholarship\finance\views\include/footer.php
INFO - 2020-03-10 08:20:39 --> File loaded: C:\xampp\htdocs\scholarship\finance\views\include/msg.php
INFO - 2020-03-10 08:20:39 --> File loaded: C:\xampp\htdocs\scholarship\finance\views\scholar/list.php
INFO - 2020-03-10 08:20:39 --> Final output sent to browser
DEBUG - 2020-03-10 08:20:39 --> Total execution time: 0.1695
INFO - 2020-03-10 08:20:41 --> Config Class Initialized
INFO - 2020-03-10 08:20:41 --> Hooks Class Initialized
DEBUG - 2020-03-10 08:20:41 --> UTF-8 Support Enabled
INFO - 2020-03-10 08:20:41 --> Utf8 Class Initialized
INFO - 2020-03-10 08:20:41 --> URI Class Initialized
INFO - 2020-03-10 08:20:41 --> Router Class Initialized
INFO - 2020-03-10 08:20:42 --> Output Class Initialized
INFO - 2020-03-10 08:20:42 --> Security Class Initialized
DEBUG - 2020-03-10 08:20:42 --> Global POST, GET and COOKIE data sanitized
INFO - 2020-03-10 08:20:42 --> Input Class Initialized
INFO - 2020-03-10 08:20:42 --> Language Class Initialized
INFO - 2020-03-10 08:20:42 --> Loader Class Initialized
INFO - 2020-03-10 08:20:42 --> Helper loaded: url_helper
INFO - 2020-03-10 08:20:42 --> Helper loaded: file_helper
INFO - 2020-03-10 08:20:42 --> Helper loaded: text_helper
INFO - 2020-03-10 08:20:42 --> Helper loaded: string_helper
INFO - 2020-03-10 08:20:42 --> Database Driver Class Initialized
INFO - 2020-03-10 08:20:42 --> Email Class Initialized
DEBUG - 2020-03-10 08:20:42 --> Session: "sess_save_path" is empty; using "session.save_path" value from php.ini.
INFO - 2020-03-10 08:20:42 --> Session: Class initialized using 'files' driver.
INFO - 2020-03-10 08:20:42 --> Helper loaded: form_helper
INFO - 2020-03-10 08:20:42 --> Form Validation Class Initialized
INFO - 2020-03-10 08:20:42 --> Controller Class Initialized
INFO - 2020-03-10 08:20:42 --> Model "M_scholar" initialized
DEBUG - 2020-03-10 08:20:42 --> Email class already loaded. Second attempt ignored.
INFO - 2020-03-10 08:20:42 --> Upload Class Initialized
INFO - 2020-03-10 08:20:42 --> Upload Class Initialized
INFO - 2020-03-10 08:20:42 --> Model "M_auth" initialized
INFO - 2020-03-10 08:20:42 --> File loaded: C:\xampp\htdocs\scholarship\finance\views\include/header.php
INFO - 2020-03-10 08:20:42 --> File loaded: C:\xampp\htdocs\scholarship\finance\views\include/menu.php
INFO - 2020-03-10 08:20:42 --> File loaded: C:\xampp\htdocs\scholarship\finance\views\include/footer.php
INFO - 2020-03-10 08:20:42 --> File loaded: C:\xampp\htdocs\scholarship\finance\views\include/msg.php
INFO - 2020-03-10 08:20:42 --> File loaded: C:\xampp\htdocs\scholarship\finance\views\scholar/list.php
INFO - 2020-03-10 08:20:42 --> Final output sent to browser
DEBUG - 2020-03-10 08:20:42 --> Total execution time: 0.1735
INFO - 2020-03-10 08:20:44 --> Config Class Initialized
INFO - 2020-03-10 08:20:44 --> Hooks Class Initialized
DEBUG - 2020-03-10 08:20:44 --> UTF-8 Support Enabled
INFO - 2020-03-10 08:20:44 --> Utf8 Class Initialized
INFO - 2020-03-10 08:20:44 --> URI Class Initialized
INFO - 2020-03-10 08:20:44 --> Router Class Initialized
INFO - 2020-03-10 08:20:44 --> Output Class Initialized
INFO - 2020-03-10 08:20:44 --> Security Class Initialized
DEBUG - 2020-03-10 08:20:44 --> Global POST, GET and COOKIE data sanitized
INFO - 2020-03-10 08:20:44 --> Input Class Initialized
INFO - 2020-03-10 08:20:44 --> Language Class Initialized
INFO - 2020-03-10 08:20:44 --> Loader Class Initialized
INFO - 2020-03-10 08:20:44 --> Helper loaded: url_helper
INFO - 2020-03-10 08:20:44 --> Helper loaded: file_helper
INFO - 2020-03-10 08:20:44 --> Helper loaded: text_helper
INFO - 2020-03-10 08:20:44 --> Helper loaded: string_helper
INFO - 2020-03-10 08:20:44 --> Database Driver Class Initialized
INFO - 2020-03-10 08:20:44 --> Email Class Initialized
DEBUG - 2020-03-10 08:20:44 --> Session: "sess_save_path" is empty; using "session.save_path" value from php.ini.
INFO - 2020-03-10 08:20:44 --> Session: Class initialized using 'files' driver.
INFO - 2020-03-10 08:20:44 --> Helper loaded: form_helper
INFO - 2020-03-10 08:20:44 --> Form Validation Class Initialized
INFO - 2020-03-10 08:20:44 --> Controller Class Initialized
INFO - 2020-03-10 08:20:44 --> Model "M_scholar" initialized
DEBUG - 2020-03-10 08:20:44 --> Email class already loaded. Second attempt ignored.
INFO - 2020-03-10 08:20:44 --> Upload Class Initialized
INFO - 2020-03-10 08:20:44 --> Upload Class Initialized
INFO - 2020-03-10 08:20:44 --> Model "M_auth" initialized
INFO - 2020-03-10 08:20:44 --> File loaded: C:\xampp\htdocs\scholarship\finance\views\include/header.php
INFO - 2020-03-10 08:20:44 --> File loaded: C:\xampp\htdocs\scholarship\finance\views\include/menu.php
INFO - 2020-03-10 08:20:44 --> File loaded: C:\xampp\htdocs\scholarship\finance\views\include/footer.php
INFO - 2020-03-10 08:20:44 --> File loaded: C:\xampp\htdocs\scholarship\finance\views\include/msg.php
INFO - 2020-03-10 08:20:44 --> File loaded: C:\xampp\htdocs\scholarship\finance\views\scholar/list.php
INFO - 2020-03-10 08:20:44 --> Final output sent to browser
DEBUG - 2020-03-10 08:20:44 --> Total execution time: 0.1538
INFO - 2020-03-10 08:20:45 --> Config Class Initialized
INFO - 2020-03-10 08:20:45 --> Hooks Class Initialized
DEBUG - 2020-03-10 08:20:45 --> UTF-8 Support Enabled
INFO - 2020-03-10 08:20:45 --> Utf8 Class Initialized
INFO - 2020-03-10 08:20:45 --> URI Class Initialized
INFO - 2020-03-10 08:20:45 --> Router Class Initialized
INFO - 2020-03-10 08:20:45 --> Output Class Initialized
INFO - 2020-03-10 08:20:45 --> Security Class Initialized
DEBUG - 2020-03-10 08:20:45 --> Global POST, GET and COOKIE data sanitized
INFO - 2020-03-10 08:20:45 --> Input Class Initialized
INFO - 2020-03-10 08:20:45 --> Language Class Initialized
INFO - 2020-03-10 08:20:45 --> Loader Class Initialized
INFO - 2020-03-10 08:20:45 --> Helper loaded: url_helper
INFO - 2020-03-10 08:20:45 --> Helper loaded: file_helper
INFO - 2020-03-10 08:20:45 --> Helper loaded: text_helper
INFO - 2020-03-10 08:20:45 --> Helper loaded: string_helper
INFO - 2020-03-10 08:20:45 --> Database Driver Class Initialized
INFO - 2020-03-10 08:20:45 --> Email Class Initialized
DEBUG - 2020-03-10 08:20:45 --> Session: "sess_save_path" is empty; using "session.save_path" value from php.ini.
INFO - 2020-03-10 08:20:45 --> Session: Class initialized using 'files' driver.
INFO - 2020-03-10 08:20:45 --> Helper loaded: form_helper
INFO - 2020-03-10 08:20:45 --> Form Validation Class Initialized
INFO - 2020-03-10 08:20:45 --> Controller Class Initialized
INFO - 2020-03-10 08:20:45 --> Model "M_scholar" initialized
DEBUG - 2020-03-10 08:20:45 --> Email class already loaded. Second attempt ignored.
INFO - 2020-03-10 08:20:45 --> Upload Class Initialized
INFO - 2020-03-10 08:20:45 --> Upload Class Initialized
INFO - 2020-03-10 08:20:46 --> Model "M_auth" initialized
INFO - 2020-03-10 08:20:46 --> File loaded: C:\xampp\htdocs\scholarship\finance\views\include/header.php
INFO - 2020-03-10 08:20:46 --> File loaded: C:\xampp\htdocs\scholarship\finance\views\include/menu.php
INFO - 2020-03-10 08:20:46 --> File loaded: C:\xampp\htdocs\scholarship\finance\views\include/footer.php
INFO - 2020-03-10 08:20:46 --> File loaded: C:\xampp\htdocs\scholarship\finance\views\include/msg.php
INFO - 2020-03-10 08:20:46 --> File loaded: C:\xampp\htdocs\scholarship\finance\views\scholar/list.php
INFO - 2020-03-10 08:20:46 --> Final output sent to browser
DEBUG - 2020-03-10 08:20:46 --> Total execution time: 0.1408
INFO - 2020-03-10 08:20:56 --> Config Class Initialized
INFO - 2020-03-10 08:20:56 --> Hooks Class Initialized
DEBUG - 2020-03-10 08:20:56 --> UTF-8 Support Enabled
INFO - 2020-03-10 08:20:56 --> Utf8 Class Initialized
INFO - 2020-03-10 08:20:56 --> URI Class Initialized
INFO - 2020-03-10 08:20:56 --> Router Class Initialized
INFO - 2020-03-10 08:20:56 --> Output Class Initialized
INFO - 2020-03-10 08:20:56 --> Security Class Initialized
DEBUG - 2020-03-10 08:20:56 --> Global POST, GET and COOKIE data sanitized
INFO - 2020-03-10 08:20:56 --> Input Class Initialized
INFO - 2020-03-10 08:20:56 --> Language Class Initialized
INFO - 2020-03-10 08:20:56 --> Loader Class Initialized
INFO - 2020-03-10 08:20:56 --> Helper loaded: url_helper
INFO - 2020-03-10 08:20:56 --> Helper loaded: file_helper
INFO - 2020-03-10 08:20:56 --> Helper loaded: text_helper
INFO - 2020-03-10 08:20:56 --> Helper loaded: string_helper
INFO - 2020-03-10 08:20:56 --> Database Driver Class Initialized
INFO - 2020-03-10 08:20:56 --> Email Class Initialized
DEBUG - 2020-03-10 08:20:56 --> Session: "sess_save_path" is empty; using "session.save_path" value from php.ini.
INFO - 2020-03-10 08:20:56 --> Session: Class initialized using 'files' driver.
INFO - 2020-03-10 08:20:56 --> Helper loaded: form_helper
INFO - 2020-03-10 08:20:56 --> Form Validation Class Initialized
INFO - 2020-03-10 08:20:56 --> Controller Class Initialized
INFO - 2020-03-10 08:20:56 --> Model "M_scholar" initialized
DEBUG - 2020-03-10 08:20:56 --> Email class already loaded. Second attempt ignored.
INFO - 2020-03-10 08:20:56 --> Upload Class Initialized
INFO - 2020-03-10 08:20:56 --> Upload Class Initialized
INFO - 2020-03-10 08:20:56 --> Model "M_auth" initialized
INFO - 2020-03-10 08:20:56 --> File loaded: C:\xampp\htdocs\scholarship\finance\views\include/header.php
INFO - 2020-03-10 08:20:56 --> File loaded: C:\xampp\htdocs\scholarship\finance\views\include/menu.php
INFO - 2020-03-10 08:20:56 --> File loaded: C:\xampp\htdocs\scholarship\finance\views\include/footer.php
INFO - 2020-03-10 08:20:56 --> File loaded: C:\xampp\htdocs\scholarship\finance\views\include/msg.php
INFO - 2020-03-10 08:20:56 --> File loaded: C:\xampp\htdocs\scholarship\finance\views\scholar/list.php
INFO - 2020-03-10 08:20:56 --> Final output sent to browser
DEBUG - 2020-03-10 08:20:56 --> Total execution time: 0.1709
