INFO - 2020-09-02 14:26:10 --> Config Class Initialized
INFO - 2020-09-02 14:26:10 --> Hooks Class Initialized
DEBUG - 2020-09-02 14:26:10 --> UTF-8 Support Enabled
INFO - 2020-09-02 14:26:10 --> Utf8 Class Initialized
INFO - 2020-09-02 14:26:10 --> URI Class Initialized
DEBUG - 2020-09-02 14:26:10 --> No URI present. Default controller set.
INFO - 2020-09-02 14:26:10 --> Router Class Initialized
INFO - 2020-09-02 14:26:10 --> Output Class Initialized
INFO - 2020-09-02 14:26:10 --> Security Class Initialized
DEBUG - 2020-09-02 14:26:10 --> Global POST, GET and COOKIE data sanitized
INFO - 2020-09-02 14:26:10 --> Input Class Initialized
INFO - 2020-09-02 14:26:10 --> Language Class Initialized
INFO - 2020-09-02 14:26:10 --> Loader Class Initialized
INFO - 2020-09-02 14:26:10 --> Helper loaded: url_helper
INFO - 2020-09-02 14:26:10 --> Helper loaded: file_helper
INFO - 2020-09-02 14:26:10 --> Helper loaded: text_helper
INFO - 2020-09-02 14:26:10 --> Helper loaded: string_helper
INFO - 2020-09-02 14:26:10 --> Database Driver Class Initialized
INFO - 2020-09-02 14:26:10 --> Email Class Initialized
DEBUG - 2020-09-02 14:26:10 --> Session: "sess_save_path" is empty; using "session.save_path" value from php.ini.
INFO - 2020-09-02 14:26:10 --> Session: Class initialized using 'files' driver.
INFO - 2020-09-02 14:26:10 --> Helper loaded: form_helper
INFO - 2020-09-02 14:26:10 --> Form Validation Class Initialized
INFO - 2020-09-02 14:26:10 --> Controller Class Initialized
INFO - 2020-09-02 14:26:10 --> Model "M_auth" initialized
DEBUG - 2020-09-02 14:26:10 --> Form_validation class already loaded. Second attempt ignored.
DEBUG - 2020-09-02 14:26:10 --> Sc_check class already loaded. Second attempt ignored.
INFO - 2020-09-02 14:26:10 --> Helper loaded: captcha_helper
INFO - 2020-09-02 14:26:10 --> File loaded: C:\xampp\htdocs\scholarship\finance\views\include/header.php
INFO - 2020-09-02 14:26:10 --> File loaded: C:\xampp\htdocs\scholarship\finance\views\include/footer.php
INFO - 2020-09-02 14:26:10 --> File loaded: C:\xampp\htdocs\scholarship\finance\views\include/msg.php
INFO - 2020-09-02 14:26:10 --> File loaded: C:\xampp\htdocs\scholarship\finance\views\auth/login.php
INFO - 2020-09-02 14:26:10 --> Final output sent to browser
DEBUG - 2020-09-02 14:26:10 --> Total execution time: 0.3164
INFO - 2020-09-02 14:29:21 --> Config Class Initialized
INFO - 2020-09-02 14:29:22 --> Hooks Class Initialized
DEBUG - 2020-09-02 14:29:22 --> UTF-8 Support Enabled
INFO - 2020-09-02 14:29:22 --> Utf8 Class Initialized
INFO - 2020-09-02 14:29:22 --> URI Class Initialized
INFO - 2020-09-02 14:29:22 --> Router Class Initialized
INFO - 2020-09-02 14:29:22 --> Output Class Initialized
INFO - 2020-09-02 14:29:22 --> Security Class Initialized
DEBUG - 2020-09-02 14:29:22 --> Global POST, GET and COOKIE data sanitized
INFO - 2020-09-02 14:29:22 --> Input Class Initialized
INFO - 2020-09-02 14:29:22 --> Language Class Initialized
ERROR - 2020-09-02 14:29:22 --> 404 Page Not Found: Auth/emailcheck
INFO - 2020-09-02 14:29:32 --> Config Class Initialized
INFO - 2020-09-02 14:29:32 --> Hooks Class Initialized
DEBUG - 2020-09-02 14:29:32 --> UTF-8 Support Enabled
INFO - 2020-09-02 14:29:32 --> Utf8 Class Initialized
INFO - 2020-09-02 14:29:32 --> URI Class Initialized
INFO - 2020-09-02 14:29:32 --> Router Class Initialized
INFO - 2020-09-02 14:29:32 --> Output Class Initialized
INFO - 2020-09-02 14:29:32 --> Security Class Initialized
DEBUG - 2020-09-02 14:29:32 --> Global POST, GET and COOKIE data sanitized
INFO - 2020-09-02 14:29:32 --> Input Class Initialized
INFO - 2020-09-02 14:29:32 --> Language Class Initialized
INFO - 2020-09-02 14:29:32 --> Loader Class Initialized
INFO - 2020-09-02 14:29:32 --> Helper loaded: url_helper
INFO - 2020-09-02 14:29:32 --> Helper loaded: file_helper
INFO - 2020-09-02 14:29:32 --> Helper loaded: text_helper
INFO - 2020-09-02 14:29:32 --> Helper loaded: string_helper
INFO - 2020-09-02 14:29:32 --> Database Driver Class Initialized
INFO - 2020-09-02 14:29:32 --> Email Class Initialized
DEBUG - 2020-09-02 14:29:32 --> Session: "sess_save_path" is empty; using "session.save_path" value from php.ini.
INFO - 2020-09-02 14:29:32 --> Session: Class initialized using 'files' driver.
INFO - 2020-09-02 14:29:32 --> Helper loaded: form_helper
INFO - 2020-09-02 14:29:32 --> Form Validation Class Initialized
INFO - 2020-09-02 14:29:32 --> Controller Class Initialized
INFO - 2020-09-02 14:29:32 --> Model "M_auth" initialized
DEBUG - 2020-09-02 14:29:32 --> Form_validation class already loaded. Second attempt ignored.
DEBUG - 2020-09-02 14:29:32 --> Sc_check class already loaded. Second attempt ignored.
INFO - 2020-09-02 14:29:32 --> Helper loaded: captcha_helper
INFO - 2020-09-02 14:29:32 --> Language file loaded: language/english/form_validation_lang.php
INFO - 2020-09-02 14:29:32 --> ---------------------Success -- Finance officer Logged in with jainrohith9@gmail.com and IP aaddress 127.0.0.1 --------------
INFO - 2020-09-02 14:29:32 --> Config Class Initialized
INFO - 2020-09-02 14:29:32 --> Hooks Class Initialized
DEBUG - 2020-09-02 14:29:32 --> UTF-8 Support Enabled
INFO - 2020-09-02 14:29:32 --> Utf8 Class Initialized
INFO - 2020-09-02 14:29:32 --> URI Class Initialized
INFO - 2020-09-02 14:29:32 --> Router Class Initialized
INFO - 2020-09-02 14:29:32 --> Output Class Initialized
INFO - 2020-09-02 14:29:32 --> Security Class Initialized
DEBUG - 2020-09-02 14:29:32 --> Global POST, GET and COOKIE data sanitized
INFO - 2020-09-02 14:29:32 --> Input Class Initialized
INFO - 2020-09-02 14:29:32 --> Language Class Initialized
INFO - 2020-09-02 14:29:32 --> Loader Class Initialized
INFO - 2020-09-02 14:29:32 --> Helper loaded: url_helper
INFO - 2020-09-02 14:29:32 --> Helper loaded: file_helper
INFO - 2020-09-02 14:29:32 --> Helper loaded: text_helper
INFO - 2020-09-02 14:29:32 --> Helper loaded: string_helper
INFO - 2020-09-02 14:29:32 --> Database Driver Class Initialized
INFO - 2020-09-02 14:29:32 --> Email Class Initialized
DEBUG - 2020-09-02 14:29:32 --> Session: "sess_save_path" is empty; using "session.save_path" value from php.ini.
INFO - 2020-09-02 14:29:32 --> Session: Class initialized using 'files' driver.
INFO - 2020-09-02 14:29:32 --> Helper loaded: form_helper
INFO - 2020-09-02 14:29:32 --> Form Validation Class Initialized
INFO - 2020-09-02 14:29:32 --> Controller Class Initialized
INFO - 2020-09-02 14:29:32 --> Model "M_dashboard" initialized
DEBUG - 2020-09-02 14:29:32 --> Form_validation class already loaded. Second attempt ignored.
INFO - 2020-09-02 14:29:32 --> Model "M_auth" initialized
INFO - 2020-09-02 14:29:32 --> File loaded: C:\xampp\htdocs\scholarship\finance\views\include/header.php
INFO - 2020-09-02 14:29:33 --> File loaded: C:\xampp\htdocs\scholarship\finance\views\include/menu.php
INFO - 2020-09-02 14:29:33 --> File loaded: C:\xampp\htdocs\scholarship\finance\views\include/footer.php
INFO - 2020-09-02 14:29:33 --> File loaded: C:\xampp\htdocs\scholarship\finance\views\include/msg.php
INFO - 2020-09-02 14:29:33 --> File loaded: C:\xampp\htdocs\scholarship\finance\views\dashboard/index.php
INFO - 2020-09-02 14:29:33 --> Final output sent to browser
DEBUG - 2020-09-02 14:29:33 --> Total execution time: 0.4098
INFO - 2020-09-02 14:29:33 --> Config Class Initialized
INFO - 2020-09-02 14:29:33 --> Hooks Class Initialized
DEBUG - 2020-09-02 14:29:33 --> UTF-8 Support Enabled
INFO - 2020-09-02 14:29:33 --> Utf8 Class Initialized
INFO - 2020-09-02 14:29:33 --> URI Class Initialized
INFO - 2020-09-02 14:29:33 --> Router Class Initialized
INFO - 2020-09-02 14:29:33 --> Output Class Initialized
INFO - 2020-09-02 14:29:33 --> Security Class Initialized
DEBUG - 2020-09-02 14:29:33 --> Global POST, GET and COOKIE data sanitized
INFO - 2020-09-02 14:29:33 --> Input Class Initialized
INFO - 2020-09-02 14:29:33 --> Language Class Initialized
INFO - 2020-09-02 14:29:33 --> Loader Class Initialized
INFO - 2020-09-02 14:29:33 --> Helper loaded: url_helper
INFO - 2020-09-02 14:29:33 --> Helper loaded: file_helper
INFO - 2020-09-02 14:29:33 --> Helper loaded: text_helper
INFO - 2020-09-02 14:29:33 --> Helper loaded: string_helper
INFO - 2020-09-02 14:29:33 --> Database Driver Class Initialized
INFO - 2020-09-02 14:29:33 --> Email Class Initialized
DEBUG - 2020-09-02 14:29:33 --> Session: "sess_save_path" is empty; using "session.save_path" value from php.ini.
INFO - 2020-09-02 14:29:33 --> Session: Class initialized using 'files' driver.
INFO - 2020-09-02 14:29:33 --> Helper loaded: form_helper
INFO - 2020-09-02 14:29:33 --> Form Validation Class Initialized
INFO - 2020-09-02 14:29:33 --> Controller Class Initialized
INFO - 2020-09-02 14:29:34 --> Model "M_dashboard" initialized
DEBUG - 2020-09-02 14:29:34 --> Form_validation class already loaded. Second attempt ignored.
INFO - 2020-09-02 14:29:34 --> Model "M_auth" initialized
INFO - 2020-09-02 14:29:34 --> Final output sent to browser
DEBUG - 2020-09-02 14:29:34 --> Total execution time: 0.4667
INFO - 2020-09-02 14:30:05 --> Config Class Initialized
INFO - 2020-09-02 14:30:05 --> Hooks Class Initialized
DEBUG - 2020-09-02 14:30:05 --> UTF-8 Support Enabled
INFO - 2020-09-02 14:30:05 --> Utf8 Class Initialized
INFO - 2020-09-02 14:30:05 --> URI Class Initialized
INFO - 2020-09-02 14:30:05 --> Router Class Initialized
INFO - 2020-09-02 14:30:05 --> Output Class Initialized
INFO - 2020-09-02 14:30:05 --> Security Class Initialized
DEBUG - 2020-09-02 14:30:05 --> Global POST, GET and COOKIE data sanitized
INFO - 2020-09-02 14:30:05 --> Input Class Initialized
INFO - 2020-09-02 14:30:06 --> Language Class Initialized
INFO - 2020-09-02 14:30:06 --> Loader Class Initialized
INFO - 2020-09-02 14:30:06 --> Helper loaded: url_helper
INFO - 2020-09-02 14:30:06 --> Helper loaded: file_helper
INFO - 2020-09-02 14:30:06 --> Helper loaded: text_helper
INFO - 2020-09-02 14:30:06 --> Helper loaded: string_helper
INFO - 2020-09-02 14:30:06 --> Database Driver Class Initialized
INFO - 2020-09-02 14:30:06 --> Email Class Initialized
DEBUG - 2020-09-02 14:30:06 --> Session: "sess_save_path" is empty; using "session.save_path" value from php.ini.
INFO - 2020-09-02 14:30:06 --> Session: Class initialized using 'files' driver.
INFO - 2020-09-02 14:30:06 --> Helper loaded: form_helper
INFO - 2020-09-02 14:30:06 --> Form Validation Class Initialized
INFO - 2020-09-02 14:30:06 --> Controller Class Initialized
INFO - 2020-09-02 14:30:06 --> Model "M_dashboard" initialized
DEBUG - 2020-09-02 14:30:06 --> Form_validation class already loaded. Second attempt ignored.
INFO - 2020-09-02 14:30:06 --> Model "M_auth" initialized
INFO - 2020-09-02 14:30:06 --> File loaded: C:\xampp\htdocs\scholarship\finance\views\include/header.php
INFO - 2020-09-02 14:30:06 --> File loaded: C:\xampp\htdocs\scholarship\finance\views\include/menu.php
INFO - 2020-09-02 14:30:06 --> File loaded: C:\xampp\htdocs\scholarship\finance\views\include/footer.php
INFO - 2020-09-02 14:30:06 --> File loaded: C:\xampp\htdocs\scholarship\finance\views\include/msg.php
INFO - 2020-09-02 14:30:06 --> File loaded: C:\xampp\htdocs\scholarship\finance\views\dashboard/index.php
INFO - 2020-09-02 14:30:06 --> Final output sent to browser
DEBUG - 2020-09-02 14:30:06 --> Total execution time: 0.5455
INFO - 2020-09-02 14:30:06 --> Config Class Initialized
INFO - 2020-09-02 14:30:06 --> Hooks Class Initialized
DEBUG - 2020-09-02 14:30:06 --> UTF-8 Support Enabled
INFO - 2020-09-02 14:30:06 --> Utf8 Class Initialized
INFO - 2020-09-02 14:30:06 --> URI Class Initialized
INFO - 2020-09-02 14:30:06 --> Router Class Initialized
INFO - 2020-09-02 14:30:06 --> Output Class Initialized
INFO - 2020-09-02 14:30:06 --> Security Class Initialized
DEBUG - 2020-09-02 14:30:06 --> Global POST, GET and COOKIE data sanitized
INFO - 2020-09-02 14:30:06 --> Input Class Initialized
INFO - 2020-09-02 14:30:06 --> Language Class Initialized
INFO - 2020-09-02 14:30:06 --> Loader Class Initialized
INFO - 2020-09-02 14:30:06 --> Helper loaded: url_helper
INFO - 2020-09-02 14:30:06 --> Helper loaded: file_helper
INFO - 2020-09-02 14:30:06 --> Helper loaded: text_helper
INFO - 2020-09-02 14:30:06 --> Helper loaded: string_helper
INFO - 2020-09-02 14:30:06 --> Database Driver Class Initialized
INFO - 2020-09-02 14:30:06 --> Email Class Initialized
DEBUG - 2020-09-02 14:30:06 --> Session: "sess_save_path" is empty; using "session.save_path" value from php.ini.
INFO - 2020-09-02 14:30:06 --> Session: Class initialized using 'files' driver.
INFO - 2020-09-02 14:30:06 --> Helper loaded: form_helper
INFO - 2020-09-02 14:30:06 --> Form Validation Class Initialized
INFO - 2020-09-02 14:30:06 --> Controller Class Initialized
INFO - 2020-09-02 14:30:07 --> Model "M_dashboard" initialized
DEBUG - 2020-09-02 14:30:07 --> Form_validation class already loaded. Second attempt ignored.
INFO - 2020-09-02 14:30:07 --> Model "M_auth" initialized
INFO - 2020-09-02 14:30:07 --> Final output sent to browser
DEBUG - 2020-09-02 14:30:07 --> Total execution time: 0.3259
INFO - 2020-09-02 14:30:10 --> Config Class Initialized
INFO - 2020-09-02 14:30:10 --> Hooks Class Initialized
DEBUG - 2020-09-02 14:30:10 --> UTF-8 Support Enabled
INFO - 2020-09-02 14:30:10 --> Utf8 Class Initialized
INFO - 2020-09-02 14:30:10 --> URI Class Initialized
INFO - 2020-09-02 14:30:10 --> Router Class Initialized
INFO - 2020-09-02 14:30:10 --> Output Class Initialized
INFO - 2020-09-02 14:30:10 --> Security Class Initialized
DEBUG - 2020-09-02 14:30:10 --> Global POST, GET and COOKIE data sanitized
INFO - 2020-09-02 14:30:10 --> Input Class Initialized
INFO - 2020-09-02 14:30:10 --> Language Class Initialized
INFO - 2020-09-02 14:30:10 --> Loader Class Initialized
INFO - 2020-09-02 14:30:10 --> Helper loaded: url_helper
INFO - 2020-09-02 14:30:10 --> Helper loaded: file_helper
INFO - 2020-09-02 14:30:10 --> Helper loaded: text_helper
INFO - 2020-09-02 14:30:10 --> Helper loaded: string_helper
INFO - 2020-09-02 14:30:10 --> Database Driver Class Initialized
INFO - 2020-09-02 14:30:10 --> Email Class Initialized
DEBUG - 2020-09-02 14:30:10 --> Session: "sess_save_path" is empty; using "session.save_path" value from php.ini.
INFO - 2020-09-02 14:30:10 --> Session: Class initialized using 'files' driver.
INFO - 2020-09-02 14:30:10 --> Helper loaded: form_helper
INFO - 2020-09-02 14:30:10 --> Form Validation Class Initialized
INFO - 2020-09-02 14:30:10 --> Controller Class Initialized
INFO - 2020-09-02 14:30:10 --> Model "M_auth" initialized
DEBUG - 2020-09-02 14:30:10 --> Form_validation class already loaded. Second attempt ignored.
DEBUG - 2020-09-02 14:30:10 --> Sc_check class already loaded. Second attempt ignored.
INFO - 2020-09-02 14:30:10 --> Helper loaded: captcha_helper
INFO - 2020-09-02 14:30:10 --> Config Class Initialized
INFO - 2020-09-02 14:30:10 --> Hooks Class Initialized
DEBUG - 2020-09-02 14:30:10 --> UTF-8 Support Enabled
INFO - 2020-09-02 14:30:10 --> Utf8 Class Initialized
INFO - 2020-09-02 14:30:10 --> URI Class Initialized
DEBUG - 2020-09-02 14:30:10 --> No URI present. Default controller set.
INFO - 2020-09-02 14:30:10 --> Router Class Initialized
INFO - 2020-09-02 14:30:10 --> Output Class Initialized
INFO - 2020-09-02 14:30:10 --> Security Class Initialized
DEBUG - 2020-09-02 14:30:10 --> Global POST, GET and COOKIE data sanitized
INFO - 2020-09-02 14:30:10 --> Input Class Initialized
INFO - 2020-09-02 14:30:10 --> Language Class Initialized
INFO - 2020-09-02 14:30:10 --> Loader Class Initialized
INFO - 2020-09-02 14:30:10 --> Helper loaded: url_helper
INFO - 2020-09-02 14:30:10 --> Helper loaded: file_helper
INFO - 2020-09-02 14:30:10 --> Helper loaded: text_helper
INFO - 2020-09-02 14:30:10 --> Helper loaded: string_helper
INFO - 2020-09-02 14:30:10 --> Database Driver Class Initialized
INFO - 2020-09-02 14:30:10 --> Email Class Initialized
DEBUG - 2020-09-02 14:30:10 --> Session: "sess_save_path" is empty; using "session.save_path" value from php.ini.
INFO - 2020-09-02 14:30:10 --> Session: Class initialized using 'files' driver.
INFO - 2020-09-02 14:30:10 --> Helper loaded: form_helper
INFO - 2020-09-02 14:30:10 --> Form Validation Class Initialized
INFO - 2020-09-02 14:30:10 --> Controller Class Initialized
INFO - 2020-09-02 14:30:10 --> Model "M_auth" initialized
DEBUG - 2020-09-02 14:30:10 --> Form_validation class already loaded. Second attempt ignored.
DEBUG - 2020-09-02 14:30:10 --> Sc_check class already loaded. Second attempt ignored.
INFO - 2020-09-02 14:30:10 --> Helper loaded: captcha_helper
INFO - 2020-09-02 14:30:10 --> File loaded: C:\xampp\htdocs\scholarship\finance\views\include/header.php
INFO - 2020-09-02 14:30:10 --> File loaded: C:\xampp\htdocs\scholarship\finance\views\include/footer.php
INFO - 2020-09-02 14:30:10 --> File loaded: C:\xampp\htdocs\scholarship\finance\views\include/msg.php
INFO - 2020-09-02 14:30:10 --> File loaded: C:\xampp\htdocs\scholarship\finance\views\auth/login.php
INFO - 2020-09-02 14:30:11 --> Final output sent to browser
DEBUG - 2020-09-02 14:30:11 --> Total execution time: 0.3618
INFO - 2020-09-02 17:28:43 --> Config Class Initialized
INFO - 2020-09-02 17:28:43 --> Hooks Class Initialized
DEBUG - 2020-09-02 17:28:43 --> UTF-8 Support Enabled
INFO - 2020-09-02 17:28:43 --> Utf8 Class Initialized
INFO - 2020-09-02 17:28:43 --> URI Class Initialized
DEBUG - 2020-09-02 17:28:43 --> No URI present. Default controller set.
INFO - 2020-09-02 17:28:43 --> Router Class Initialized
INFO - 2020-09-02 17:28:43 --> Output Class Initialized
INFO - 2020-09-02 17:28:43 --> Security Class Initialized
DEBUG - 2020-09-02 17:28:43 --> Global POST, GET and COOKIE data sanitized
INFO - 2020-09-02 17:28:43 --> Input Class Initialized
INFO - 2020-09-02 17:28:43 --> Language Class Initialized
INFO - 2020-09-02 17:28:43 --> Loader Class Initialized
INFO - 2020-09-02 17:28:43 --> Helper loaded: url_helper
INFO - 2020-09-02 17:28:43 --> Helper loaded: file_helper
INFO - 2020-09-02 17:28:44 --> Helper loaded: text_helper
INFO - 2020-09-02 17:28:44 --> Helper loaded: string_helper
INFO - 2020-09-02 17:28:44 --> Database Driver Class Initialized
INFO - 2020-09-02 17:28:44 --> Email Class Initialized
DEBUG - 2020-09-02 17:28:44 --> Session: "sess_save_path" is empty; using "session.save_path" value from php.ini.
INFO - 2020-09-02 17:28:44 --> Session: Class initialized using 'files' driver.
INFO - 2020-09-02 17:28:44 --> Helper loaded: form_helper
INFO - 2020-09-02 17:28:44 --> Form Validation Class Initialized
INFO - 2020-09-02 17:28:44 --> Controller Class Initialized
INFO - 2020-09-02 17:28:44 --> Model "M_auth" initialized
DEBUG - 2020-09-02 17:28:44 --> Form_validation class already loaded. Second attempt ignored.
DEBUG - 2020-09-02 17:28:44 --> Sc_check class already loaded. Second attempt ignored.
INFO - 2020-09-02 17:28:44 --> Helper loaded: captcha_helper
INFO - 2020-09-02 17:28:44 --> File loaded: C:\xampp\htdocs\scholarship\finance\views\include/header.php
INFO - 2020-09-02 17:28:44 --> File loaded: C:\xampp\htdocs\scholarship\finance\views\include/footer.php
INFO - 2020-09-02 17:28:44 --> File loaded: C:\xampp\htdocs\scholarship\finance\views\include/msg.php
INFO - 2020-09-02 17:28:44 --> File loaded: C:\xampp\htdocs\scholarship\finance\views\auth/login.php
INFO - 2020-09-02 17:28:44 --> Final output sent to browser
DEBUG - 2020-09-02 17:28:44 --> Total execution time: 0.7163
INFO - 2020-09-02 17:29:02 --> Config Class Initialized
INFO - 2020-09-02 17:29:02 --> Hooks Class Initialized
DEBUG - 2020-09-02 17:29:02 --> UTF-8 Support Enabled
INFO - 2020-09-02 17:29:02 --> Utf8 Class Initialized
INFO - 2020-09-02 17:29:02 --> URI Class Initialized
INFO - 2020-09-02 17:29:02 --> Router Class Initialized
INFO - 2020-09-02 17:29:02 --> Output Class Initialized
INFO - 2020-09-02 17:29:02 --> Security Class Initialized
DEBUG - 2020-09-02 17:29:02 --> Global POST, GET and COOKIE data sanitized
INFO - 2020-09-02 17:29:02 --> Input Class Initialized
INFO - 2020-09-02 17:29:02 --> Language Class Initialized
ERROR - 2020-09-02 17:29:02 --> 404 Page Not Found: Auth/emailcheck
INFO - 2020-09-02 17:29:10 --> Config Class Initialized
INFO - 2020-09-02 17:29:10 --> Hooks Class Initialized
DEBUG - 2020-09-02 17:29:10 --> UTF-8 Support Enabled
INFO - 2020-09-02 17:29:10 --> Utf8 Class Initialized
INFO - 2020-09-02 17:29:10 --> URI Class Initialized
INFO - 2020-09-02 17:29:10 --> Router Class Initialized
INFO - 2020-09-02 17:29:10 --> Output Class Initialized
INFO - 2020-09-02 17:29:10 --> Security Class Initialized
DEBUG - 2020-09-02 17:29:10 --> Global POST, GET and COOKIE data sanitized
INFO - 2020-09-02 17:29:10 --> Input Class Initialized
INFO - 2020-09-02 17:29:10 --> Language Class Initialized
INFO - 2020-09-02 17:29:10 --> Loader Class Initialized
INFO - 2020-09-02 17:29:10 --> Helper loaded: url_helper
INFO - 2020-09-02 17:29:10 --> Helper loaded: file_helper
INFO - 2020-09-02 17:29:10 --> Helper loaded: text_helper
INFO - 2020-09-02 17:29:10 --> Helper loaded: string_helper
INFO - 2020-09-02 17:29:10 --> Database Driver Class Initialized
INFO - 2020-09-02 17:29:10 --> Email Class Initialized
DEBUG - 2020-09-02 17:29:10 --> Session: "sess_save_path" is empty; using "session.save_path" value from php.ini.
INFO - 2020-09-02 17:29:10 --> Session: Class initialized using 'files' driver.
INFO - 2020-09-02 17:29:10 --> Helper loaded: form_helper
INFO - 2020-09-02 17:29:11 --> Form Validation Class Initialized
INFO - 2020-09-02 17:29:11 --> Controller Class Initialized
INFO - 2020-09-02 17:29:11 --> Model "M_auth" initialized
DEBUG - 2020-09-02 17:29:11 --> Form_validation class already loaded. Second attempt ignored.
DEBUG - 2020-09-02 17:29:11 --> Sc_check class already loaded. Second attempt ignored.
INFO - 2020-09-02 17:29:11 --> Helper loaded: captcha_helper
INFO - 2020-09-02 17:29:11 --> Language file loaded: language/english/form_validation_lang.php
INFO - 2020-09-02 17:29:11 --> ---------------------Success -- Finance officer Logged in with jainrohith9@gmail.com and IP aaddress ::1 --------------
INFO - 2020-09-02 17:29:11 --> Config Class Initialized
INFO - 2020-09-02 17:29:11 --> Hooks Class Initialized
DEBUG - 2020-09-02 17:29:11 --> UTF-8 Support Enabled
INFO - 2020-09-02 17:29:11 --> Utf8 Class Initialized
INFO - 2020-09-02 17:29:11 --> URI Class Initialized
INFO - 2020-09-02 17:29:11 --> Router Class Initialized
INFO - 2020-09-02 17:29:11 --> Output Class Initialized
INFO - 2020-09-02 17:29:11 --> Security Class Initialized
DEBUG - 2020-09-02 17:29:11 --> Global POST, GET and COOKIE data sanitized
INFO - 2020-09-02 17:29:11 --> Input Class Initialized
INFO - 2020-09-02 17:29:11 --> Language Class Initialized
INFO - 2020-09-02 17:29:11 --> Loader Class Initialized
INFO - 2020-09-02 17:29:11 --> Helper loaded: url_helper
INFO - 2020-09-02 17:29:11 --> Helper loaded: file_helper
INFO - 2020-09-02 17:29:11 --> Helper loaded: text_helper
INFO - 2020-09-02 17:29:11 --> Helper loaded: string_helper
INFO - 2020-09-02 17:29:11 --> Database Driver Class Initialized
INFO - 2020-09-02 17:29:11 --> Email Class Initialized
DEBUG - 2020-09-02 17:29:11 --> Session: "sess_save_path" is empty; using "session.save_path" value from php.ini.
INFO - 2020-09-02 17:29:11 --> Session: Class initialized using 'files' driver.
INFO - 2020-09-02 17:29:11 --> Helper loaded: form_helper
INFO - 2020-09-02 17:29:11 --> Form Validation Class Initialized
INFO - 2020-09-02 17:29:11 --> Controller Class Initialized
INFO - 2020-09-02 17:29:11 --> Model "M_dashboard" initialized
DEBUG - 2020-09-02 17:29:11 --> Form_validation class already loaded. Second attempt ignored.
INFO - 2020-09-02 17:29:11 --> Model "M_auth" initialized
INFO - 2020-09-02 17:29:11 --> File loaded: C:\xampp\htdocs\scholarship\finance\views\include/header.php
INFO - 2020-09-02 17:29:11 --> File loaded: C:\xampp\htdocs\scholarship\finance\views\include/menu.php
INFO - 2020-09-02 17:29:11 --> File loaded: C:\xampp\htdocs\scholarship\finance\views\include/footer.php
INFO - 2020-09-02 17:29:11 --> File loaded: C:\xampp\htdocs\scholarship\finance\views\include/msg.php
INFO - 2020-09-02 17:29:11 --> File loaded: C:\xampp\htdocs\scholarship\finance\views\dashboard/index.php
INFO - 2020-09-02 17:29:11 --> Final output sent to browser
DEBUG - 2020-09-02 17:29:11 --> Total execution time: 0.7107
INFO - 2020-09-02 17:29:12 --> Config Class Initialized
INFO - 2020-09-02 17:29:12 --> Hooks Class Initialized
DEBUG - 2020-09-02 17:29:12 --> UTF-8 Support Enabled
INFO - 2020-09-02 17:29:12 --> Utf8 Class Initialized
INFO - 2020-09-02 17:29:12 --> URI Class Initialized
INFO - 2020-09-02 17:29:12 --> Router Class Initialized
INFO - 2020-09-02 17:29:12 --> Output Class Initialized
INFO - 2020-09-02 17:29:12 --> Security Class Initialized
DEBUG - 2020-09-02 17:29:12 --> Global POST, GET and COOKIE data sanitized
INFO - 2020-09-02 17:29:12 --> Input Class Initialized
INFO - 2020-09-02 17:29:12 --> Language Class Initialized
INFO - 2020-09-02 17:29:12 --> Loader Class Initialized
INFO - 2020-09-02 17:29:12 --> Helper loaded: url_helper
INFO - 2020-09-02 17:29:12 --> Helper loaded: file_helper
INFO - 2020-09-02 17:29:12 --> Helper loaded: text_helper
INFO - 2020-09-02 17:29:12 --> Helper loaded: string_helper
INFO - 2020-09-02 17:29:12 --> Database Driver Class Initialized
INFO - 2020-09-02 17:29:12 --> Email Class Initialized
DEBUG - 2020-09-02 17:29:12 --> Session: "sess_save_path" is empty; using "session.save_path" value from php.ini.
INFO - 2020-09-02 17:29:12 --> Session: Class initialized using 'files' driver.
INFO - 2020-09-02 17:29:12 --> Helper loaded: form_helper
INFO - 2020-09-02 17:29:12 --> Form Validation Class Initialized
INFO - 2020-09-02 17:29:12 --> Controller Class Initialized
INFO - 2020-09-02 17:29:12 --> Model "M_dashboard" initialized
DEBUG - 2020-09-02 17:29:12 --> Form_validation class already loaded. Second attempt ignored.
INFO - 2020-09-02 17:29:12 --> Model "M_auth" initialized
INFO - 2020-09-02 17:29:12 --> Final output sent to browser
DEBUG - 2020-09-02 17:29:12 --> Total execution time: 0.5258
INFO - 2020-09-02 17:29:14 --> Config Class Initialized
INFO - 2020-09-02 17:29:14 --> Hooks Class Initialized
DEBUG - 2020-09-02 17:29:14 --> UTF-8 Support Enabled
INFO - 2020-09-02 17:29:15 --> Utf8 Class Initialized
INFO - 2020-09-02 17:29:15 --> URI Class Initialized
INFO - 2020-09-02 17:29:15 --> Router Class Initialized
INFO - 2020-09-02 17:29:15 --> Output Class Initialized
INFO - 2020-09-02 17:29:15 --> Security Class Initialized
DEBUG - 2020-09-02 17:29:15 --> Global POST, GET and COOKIE data sanitized
INFO - 2020-09-02 17:29:15 --> Input Class Initialized
INFO - 2020-09-02 17:29:15 --> Language Class Initialized
INFO - 2020-09-02 17:29:15 --> Loader Class Initialized
INFO - 2020-09-02 17:29:15 --> Helper loaded: url_helper
INFO - 2020-09-02 17:29:15 --> Helper loaded: file_helper
INFO - 2020-09-02 17:29:15 --> Helper loaded: text_helper
INFO - 2020-09-02 17:29:15 --> Helper loaded: string_helper
INFO - 2020-09-02 17:29:15 --> Database Driver Class Initialized
INFO - 2020-09-02 17:29:15 --> Email Class Initialized
DEBUG - 2020-09-02 17:29:15 --> Session: "sess_save_path" is empty; using "session.save_path" value from php.ini.
INFO - 2020-09-02 17:29:15 --> Session: Class initialized using 'files' driver.
INFO - 2020-09-02 17:29:15 --> Helper loaded: form_helper
INFO - 2020-09-02 17:29:15 --> Form Validation Class Initialized
INFO - 2020-09-02 17:29:15 --> Controller Class Initialized
INFO - 2020-09-02 17:29:15 --> Model "M_scholar" initialized
DEBUG - 2020-09-02 17:29:15 --> Email class already loaded. Second attempt ignored.
INFO - 2020-09-02 17:29:15 --> Upload Class Initialized
INFO - 2020-09-02 17:29:15 --> Upload Class Initialized
INFO - 2020-09-02 17:29:16 --> Model "M_auth" initialized
INFO - 2020-09-02 17:29:16 --> File loaded: C:\xampp\htdocs\scholarship\finance\views\include/header.php
INFO - 2020-09-02 17:29:16 --> File loaded: C:\xampp\htdocs\scholarship\finance\views\include/menu.php
INFO - 2020-09-02 17:29:16 --> File loaded: C:\xampp\htdocs\scholarship\finance\views\include/footer.php
INFO - 2020-09-02 17:29:16 --> File loaded: C:\xampp\htdocs\scholarship\finance\views\include/msg.php
INFO - 2020-09-02 17:29:16 --> File loaded: C:\xampp\htdocs\scholarship\finance\views\scholar/list.php
INFO - 2020-09-02 17:29:16 --> Final output sent to browser
DEBUG - 2020-09-02 17:29:16 --> Total execution time: 1.2562
INFO - 2020-09-02 17:29:17 --> Config Class Initialized
INFO - 2020-09-02 17:29:17 --> Hooks Class Initialized
DEBUG - 2020-09-02 17:29:17 --> UTF-8 Support Enabled
INFO - 2020-09-02 17:29:17 --> Utf8 Class Initialized
INFO - 2020-09-02 17:29:17 --> URI Class Initialized
INFO - 2020-09-02 17:29:17 --> Router Class Initialized
INFO - 2020-09-02 17:29:17 --> Output Class Initialized
INFO - 2020-09-02 17:29:17 --> Security Class Initialized
DEBUG - 2020-09-02 17:29:17 --> Global POST, GET and COOKIE data sanitized
INFO - 2020-09-02 17:29:17 --> Input Class Initialized
INFO - 2020-09-02 17:29:17 --> Language Class Initialized
INFO - 2020-09-02 17:29:17 --> Loader Class Initialized
INFO - 2020-09-02 17:29:17 --> Helper loaded: url_helper
INFO - 2020-09-02 17:29:17 --> Helper loaded: file_helper
INFO - 2020-09-02 17:29:17 --> Helper loaded: text_helper
INFO - 2020-09-02 17:29:17 --> Helper loaded: string_helper
INFO - 2020-09-02 17:29:17 --> Database Driver Class Initialized
INFO - 2020-09-02 17:29:17 --> Email Class Initialized
DEBUG - 2020-09-02 17:29:18 --> Session: "sess_save_path" is empty; using "session.save_path" value from php.ini.
INFO - 2020-09-02 17:29:18 --> Session: Class initialized using 'files' driver.
INFO - 2020-09-02 17:29:18 --> Helper loaded: form_helper
INFO - 2020-09-02 17:29:18 --> Form Validation Class Initialized
INFO - 2020-09-02 17:29:18 --> Controller Class Initialized
INFO - 2020-09-02 17:29:18 --> Model "M_scholar" initialized
DEBUG - 2020-09-02 17:29:18 --> Email class already loaded. Second attempt ignored.
INFO - 2020-09-02 17:29:18 --> Upload Class Initialized
INFO - 2020-09-02 17:29:18 --> Upload Class Initialized
INFO - 2020-09-02 17:29:18 --> Model "M_auth" initialized
INFO - 2020-09-02 17:29:18 --> Final output sent to browser
DEBUG - 2020-09-02 17:29:18 --> Total execution time: 0.5085
INFO - 2020-09-02 17:29:19 --> Config Class Initialized
INFO - 2020-09-02 17:29:19 --> Hooks Class Initialized
DEBUG - 2020-09-02 17:29:19 --> UTF-8 Support Enabled
INFO - 2020-09-02 17:29:19 --> Utf8 Class Initialized
INFO - 2020-09-02 17:29:19 --> URI Class Initialized
INFO - 2020-09-02 17:29:19 --> Router Class Initialized
INFO - 2020-09-02 17:29:19 --> Output Class Initialized
INFO - 2020-09-02 17:29:19 --> Security Class Initialized
DEBUG - 2020-09-02 17:29:19 --> Global POST, GET and COOKIE data sanitized
INFO - 2020-09-02 17:29:19 --> Input Class Initialized
INFO - 2020-09-02 17:29:19 --> Language Class Initialized
INFO - 2020-09-02 17:29:19 --> Loader Class Initialized
INFO - 2020-09-02 17:29:19 --> Helper loaded: url_helper
INFO - 2020-09-02 17:29:19 --> Helper loaded: file_helper
INFO - 2020-09-02 17:29:19 --> Helper loaded: text_helper
INFO - 2020-09-02 17:29:19 --> Helper loaded: string_helper
INFO - 2020-09-02 17:29:19 --> Database Driver Class Initialized
INFO - 2020-09-02 17:29:19 --> Email Class Initialized
DEBUG - 2020-09-02 17:29:19 --> Session: "sess_save_path" is empty; using "session.save_path" value from php.ini.
INFO - 2020-09-02 17:29:19 --> Session: Class initialized using 'files' driver.
INFO - 2020-09-02 17:29:19 --> Helper loaded: form_helper
INFO - 2020-09-02 17:29:19 --> Form Validation Class Initialized
INFO - 2020-09-02 17:29:19 --> Controller Class Initialized
INFO - 2020-09-02 17:29:19 --> Model "M_scholar" initialized
DEBUG - 2020-09-02 17:29:19 --> Email class already loaded. Second attempt ignored.
INFO - 2020-09-02 17:29:19 --> Upload Class Initialized
INFO - 2020-09-02 17:29:19 --> Upload Class Initialized
INFO - 2020-09-02 17:29:19 --> Model "M_auth" initialized
INFO - 2020-09-02 17:29:19 --> File loaded: C:\xampp\htdocs\scholarship\finance\views\include/header.php
INFO - 2020-09-02 17:29:19 --> File loaded: C:\xampp\htdocs\scholarship\finance\views\include/menu.php
INFO - 2020-09-02 17:29:19 --> File loaded: C:\xampp\htdocs\scholarship\finance\views\include/footer.php
INFO - 2020-09-02 17:29:19 --> File loaded: C:\xampp\htdocs\scholarship\finance\views\include/msg.php
INFO - 2020-09-02 17:29:19 --> File loaded: C:\xampp\htdocs\scholarship\finance\views\scholar/list.php
INFO - 2020-09-02 17:29:19 --> Final output sent to browser
DEBUG - 2020-09-02 17:29:19 --> Total execution time: 0.5066
INFO - 2020-09-02 17:29:21 --> Config Class Initialized
INFO - 2020-09-02 17:29:21 --> Hooks Class Initialized
DEBUG - 2020-09-02 17:29:21 --> UTF-8 Support Enabled
INFO - 2020-09-02 17:29:21 --> Utf8 Class Initialized
INFO - 2020-09-02 17:29:21 --> URI Class Initialized
INFO - 2020-09-02 17:29:21 --> Router Class Initialized
INFO - 2020-09-02 17:29:21 --> Output Class Initialized
INFO - 2020-09-02 17:29:21 --> Security Class Initialized
DEBUG - 2020-09-02 17:29:21 --> Global POST, GET and COOKIE data sanitized
INFO - 2020-09-02 17:29:21 --> Input Class Initialized
INFO - 2020-09-02 17:29:21 --> Language Class Initialized
INFO - 2020-09-02 17:29:21 --> Loader Class Initialized
INFO - 2020-09-02 17:29:21 --> Helper loaded: url_helper
INFO - 2020-09-02 17:29:21 --> Helper loaded: file_helper
INFO - 2020-09-02 17:29:21 --> Helper loaded: text_helper
INFO - 2020-09-02 17:29:21 --> Helper loaded: string_helper
INFO - 2020-09-02 17:29:21 --> Database Driver Class Initialized
INFO - 2020-09-02 17:29:21 --> Email Class Initialized
DEBUG - 2020-09-02 17:29:21 --> Session: "sess_save_path" is empty; using "session.save_path" value from php.ini.
INFO - 2020-09-02 17:29:21 --> Session: Class initialized using 'files' driver.
INFO - 2020-09-02 17:29:21 --> Helper loaded: form_helper
INFO - 2020-09-02 17:29:21 --> Form Validation Class Initialized
INFO - 2020-09-02 17:29:21 --> Controller Class Initialized
INFO - 2020-09-02 17:29:21 --> Model "M_scholar" initialized
DEBUG - 2020-09-02 17:29:21 --> Email class already loaded. Second attempt ignored.
INFO - 2020-09-02 17:29:21 --> Upload Class Initialized
INFO - 2020-09-02 17:29:21 --> Upload Class Initialized
INFO - 2020-09-02 17:29:21 --> Model "M_auth" initialized
INFO - 2020-09-02 17:29:21 --> Final output sent to browser
DEBUG - 2020-09-02 17:29:21 --> Total execution time: 0.5422
INFO - 2020-09-02 17:29:32 --> Config Class Initialized
INFO - 2020-09-02 17:29:32 --> Hooks Class Initialized
DEBUG - 2020-09-02 17:29:32 --> UTF-8 Support Enabled
INFO - 2020-09-02 17:29:32 --> Utf8 Class Initialized
INFO - 2020-09-02 17:29:32 --> URI Class Initialized
INFO - 2020-09-02 17:29:32 --> Router Class Initialized
INFO - 2020-09-02 17:29:32 --> Output Class Initialized
INFO - 2020-09-02 17:29:32 --> Security Class Initialized
DEBUG - 2020-09-02 17:29:32 --> Global POST, GET and COOKIE data sanitized
INFO - 2020-09-02 17:29:32 --> Input Class Initialized
INFO - 2020-09-02 17:29:32 --> Language Class Initialized
INFO - 2020-09-02 17:29:32 --> Loader Class Initialized
INFO - 2020-09-02 17:29:32 --> Helper loaded: url_helper
INFO - 2020-09-02 17:29:32 --> Helper loaded: file_helper
INFO - 2020-09-02 17:29:32 --> Helper loaded: text_helper
INFO - 2020-09-02 17:29:32 --> Helper loaded: string_helper
INFO - 2020-09-02 17:29:32 --> Database Driver Class Initialized
INFO - 2020-09-02 17:29:32 --> Email Class Initialized
DEBUG - 2020-09-02 17:29:32 --> Session: "sess_save_path" is empty; using "session.save_path" value from php.ini.
INFO - 2020-09-02 17:29:32 --> Session: Class initialized using 'files' driver.
INFO - 2020-09-02 17:29:32 --> Helper loaded: form_helper
INFO - 2020-09-02 17:29:32 --> Form Validation Class Initialized
INFO - 2020-09-02 17:29:32 --> Controller Class Initialized
INFO - 2020-09-02 17:29:32 --> Model "M_auth" initialized
DEBUG - 2020-09-02 17:29:32 --> Form_validation class already loaded. Second attempt ignored.
DEBUG - 2020-09-02 17:29:32 --> Sc_check class already loaded. Second attempt ignored.
INFO - 2020-09-02 17:29:32 --> Helper loaded: captcha_helper
INFO - 2020-09-02 17:29:32 --> Config Class Initialized
INFO - 2020-09-02 17:29:32 --> Hooks Class Initialized
DEBUG - 2020-09-02 17:29:32 --> UTF-8 Support Enabled
INFO - 2020-09-02 17:29:32 --> Utf8 Class Initialized
INFO - 2020-09-02 17:29:32 --> URI Class Initialized
DEBUG - 2020-09-02 17:29:32 --> No URI present. Default controller set.
INFO - 2020-09-02 17:29:32 --> Router Class Initialized
INFO - 2020-09-02 17:29:32 --> Output Class Initialized
INFO - 2020-09-02 17:29:32 --> Security Class Initialized
DEBUG - 2020-09-02 17:29:32 --> Global POST, GET and COOKIE data sanitized
INFO - 2020-09-02 17:29:32 --> Input Class Initialized
INFO - 2020-09-02 17:29:32 --> Language Class Initialized
INFO - 2020-09-02 17:29:32 --> Loader Class Initialized
INFO - 2020-09-02 17:29:32 --> Helper loaded: url_helper
INFO - 2020-09-02 17:29:32 --> Helper loaded: file_helper
INFO - 2020-09-02 17:29:32 --> Helper loaded: text_helper
INFO - 2020-09-02 17:29:32 --> Helper loaded: string_helper
INFO - 2020-09-02 17:29:32 --> Database Driver Class Initialized
INFO - 2020-09-02 17:29:32 --> Email Class Initialized
DEBUG - 2020-09-02 17:29:32 --> Session: "sess_save_path" is empty; using "session.save_path" value from php.ini.
INFO - 2020-09-02 17:29:32 --> Session: Class initialized using 'files' driver.
INFO - 2020-09-02 17:29:32 --> Helper loaded: form_helper
INFO - 2020-09-02 17:29:32 --> Form Validation Class Initialized
INFO - 2020-09-02 17:29:32 --> Controller Class Initialized
INFO - 2020-09-02 17:29:32 --> Model "M_auth" initialized
DEBUG - 2020-09-02 17:29:32 --> Form_validation class already loaded. Second attempt ignored.
DEBUG - 2020-09-02 17:29:32 --> Sc_check class already loaded. Second attempt ignored.
INFO - 2020-09-02 17:29:32 --> Helper loaded: captcha_helper
INFO - 2020-09-02 17:29:32 --> File loaded: C:\xampp\htdocs\scholarship\finance\views\include/header.php
INFO - 2020-09-02 17:29:33 --> File loaded: C:\xampp\htdocs\scholarship\finance\views\include/footer.php
INFO - 2020-09-02 17:29:33 --> File loaded: C:\xampp\htdocs\scholarship\finance\views\include/msg.php
INFO - 2020-09-02 17:29:33 --> File loaded: C:\xampp\htdocs\scholarship\finance\views\auth/login.php
INFO - 2020-09-02 17:29:33 --> Final output sent to browser
DEBUG - 2020-09-02 17:29:33 --> Total execution time: 0.4600
