INFO - 2020-08-20 14:22:02 --> Config Class Initialized
INFO - 2020-08-20 14:22:02 --> Hooks Class Initialized
DEBUG - 2020-08-20 14:22:02 --> UTF-8 Support Enabled
INFO - 2020-08-20 14:22:02 --> Utf8 Class Initialized
INFO - 2020-08-20 14:22:02 --> URI Class Initialized
DEBUG - 2020-08-20 14:22:02 --> No URI present. Default controller set.
INFO - 2020-08-20 14:22:02 --> Router Class Initialized
INFO - 2020-08-20 14:22:02 --> Output Class Initialized
INFO - 2020-08-20 14:22:02 --> Security Class Initialized
DEBUG - 2020-08-20 14:22:02 --> Global POST, GET and COOKIE data sanitized
INFO - 2020-08-20 14:22:02 --> Input Class Initialized
INFO - 2020-08-20 14:22:02 --> Language Class Initialized
INFO - 2020-08-20 14:22:02 --> Loader Class Initialized
INFO - 2020-08-20 14:22:02 --> Helper loaded: url_helper
INFO - 2020-08-20 14:22:02 --> Helper loaded: file_helper
INFO - 2020-08-20 14:22:02 --> Helper loaded: text_helper
INFO - 2020-08-20 14:22:02 --> Helper loaded: string_helper
INFO - 2020-08-20 14:22:02 --> Database Driver Class Initialized
INFO - 2020-08-20 14:22:02 --> Email Class Initialized
DEBUG - 2020-08-20 14:22:02 --> Session: "sess_save_path" is empty; using "session.save_path" value from php.ini.
INFO - 2020-08-20 14:22:02 --> Session: Class initialized using 'files' driver.
INFO - 2020-08-20 14:22:02 --> Helper loaded: form_helper
INFO - 2020-08-20 14:22:02 --> Form Validation Class Initialized
INFO - 2020-08-20 14:22:02 --> Controller Class Initialized
INFO - 2020-08-20 14:22:02 --> Model "M_auth" initialized
DEBUG - 2020-08-20 14:22:02 --> Form_validation class already loaded. Second attempt ignored.
DEBUG - 2020-08-20 14:22:03 --> Sc_check class already loaded. Second attempt ignored.
INFO - 2020-08-20 14:22:03 --> Helper loaded: captcha_helper
INFO - 2020-08-20 14:22:03 --> File loaded: C:\xampp\htdocs\scholarship\finance\views\include/header.php
INFO - 2020-08-20 14:22:03 --> File loaded: C:\xampp\htdocs\scholarship\finance\views\include/footer.php
INFO - 2020-08-20 14:22:03 --> File loaded: C:\xampp\htdocs\scholarship\finance\views\include/msg.php
INFO - 2020-08-20 14:22:03 --> File loaded: C:\xampp\htdocs\scholarship\finance\views\auth/login.php
INFO - 2020-08-20 14:22:03 --> Final output sent to browser
DEBUG - 2020-08-20 14:22:03 --> Total execution time: 1.1997
INFO - 2020-08-20 14:22:24 --> Config Class Initialized
INFO - 2020-08-20 14:22:24 --> Hooks Class Initialized
DEBUG - 2020-08-20 14:22:24 --> UTF-8 Support Enabled
INFO - 2020-08-20 14:22:24 --> Utf8 Class Initialized
INFO - 2020-08-20 14:22:24 --> URI Class Initialized
INFO - 2020-08-20 14:22:24 --> Router Class Initialized
INFO - 2020-08-20 14:22:24 --> Output Class Initialized
INFO - 2020-08-20 14:22:24 --> Security Class Initialized
DEBUG - 2020-08-20 14:22:24 --> Global POST, GET and COOKIE data sanitized
INFO - 2020-08-20 14:22:24 --> Input Class Initialized
INFO - 2020-08-20 14:22:24 --> Language Class Initialized
ERROR - 2020-08-20 14:22:24 --> 404 Page Not Found: Auth/emailcheck
INFO - 2020-08-20 14:22:30 --> Config Class Initialized
INFO - 2020-08-20 14:22:30 --> Hooks Class Initialized
DEBUG - 2020-08-20 14:22:30 --> UTF-8 Support Enabled
INFO - 2020-08-20 14:22:30 --> Utf8 Class Initialized
INFO - 2020-08-20 14:22:30 --> URI Class Initialized
INFO - 2020-08-20 14:22:30 --> Router Class Initialized
INFO - 2020-08-20 14:22:30 --> Output Class Initialized
INFO - 2020-08-20 14:22:30 --> Security Class Initialized
DEBUG - 2020-08-20 14:22:30 --> Global POST, GET and COOKIE data sanitized
INFO - 2020-08-20 14:22:30 --> Input Class Initialized
INFO - 2020-08-20 14:22:30 --> Language Class Initialized
INFO - 2020-08-20 14:22:30 --> Loader Class Initialized
INFO - 2020-08-20 14:22:30 --> Helper loaded: url_helper
INFO - 2020-08-20 14:22:30 --> Helper loaded: file_helper
INFO - 2020-08-20 14:22:30 --> Helper loaded: text_helper
INFO - 2020-08-20 14:22:30 --> Helper loaded: string_helper
INFO - 2020-08-20 14:22:30 --> Database Driver Class Initialized
INFO - 2020-08-20 14:22:30 --> Email Class Initialized
DEBUG - 2020-08-20 14:22:30 --> Session: "sess_save_path" is empty; using "session.save_path" value from php.ini.
INFO - 2020-08-20 14:22:30 --> Session: Class initialized using 'files' driver.
INFO - 2020-08-20 14:22:30 --> Helper loaded: form_helper
INFO - 2020-08-20 14:22:30 --> Form Validation Class Initialized
INFO - 2020-08-20 14:22:30 --> Controller Class Initialized
INFO - 2020-08-20 14:22:30 --> Model "M_auth" initialized
DEBUG - 2020-08-20 14:22:30 --> Form_validation class already loaded. Second attempt ignored.
DEBUG - 2020-08-20 14:22:30 --> Sc_check class already loaded. Second attempt ignored.
INFO - 2020-08-20 14:22:30 --> Helper loaded: captcha_helper
INFO - 2020-08-20 14:22:30 --> Language file loaded: language/english/form_validation_lang.php
INFO - 2020-08-20 14:22:30 --> ---------------------Success -- Finance officer Logged in with jainrohith9@gmail.com and IP aaddress 127.0.0.1 --------------
INFO - 2020-08-20 14:22:30 --> Config Class Initialized
INFO - 2020-08-20 14:22:30 --> Hooks Class Initialized
DEBUG - 2020-08-20 14:22:30 --> UTF-8 Support Enabled
INFO - 2020-08-20 14:22:30 --> Utf8 Class Initialized
INFO - 2020-08-20 14:22:30 --> URI Class Initialized
INFO - 2020-08-20 14:22:30 --> Router Class Initialized
INFO - 2020-08-20 14:22:30 --> Output Class Initialized
INFO - 2020-08-20 14:22:30 --> Security Class Initialized
DEBUG - 2020-08-20 14:22:30 --> Global POST, GET and COOKIE data sanitized
INFO - 2020-08-20 14:22:30 --> Input Class Initialized
INFO - 2020-08-20 14:22:30 --> Language Class Initialized
INFO - 2020-08-20 14:22:31 --> Loader Class Initialized
INFO - 2020-08-20 14:22:31 --> Helper loaded: url_helper
INFO - 2020-08-20 14:22:31 --> Helper loaded: file_helper
INFO - 2020-08-20 14:22:31 --> Helper loaded: text_helper
INFO - 2020-08-20 14:22:31 --> Helper loaded: string_helper
INFO - 2020-08-20 14:22:31 --> Database Driver Class Initialized
INFO - 2020-08-20 14:22:31 --> Email Class Initialized
DEBUG - 2020-08-20 14:22:31 --> Session: "sess_save_path" is empty; using "session.save_path" value from php.ini.
INFO - 2020-08-20 14:22:31 --> Session: Class initialized using 'files' driver.
INFO - 2020-08-20 14:22:31 --> Helper loaded: form_helper
INFO - 2020-08-20 14:22:31 --> Form Validation Class Initialized
INFO - 2020-08-20 14:22:31 --> Controller Class Initialized
INFO - 2020-08-20 14:22:31 --> Model "M_dashboard" initialized
DEBUG - 2020-08-20 14:22:31 --> Form_validation class already loaded. Second attempt ignored.
INFO - 2020-08-20 14:22:31 --> Model "M_auth" initialized
INFO - 2020-08-20 14:22:31 --> File loaded: C:\xampp\htdocs\scholarship\finance\views\include/header.php
INFO - 2020-08-20 14:22:31 --> File loaded: C:\xampp\htdocs\scholarship\finance\views\include/menu.php
INFO - 2020-08-20 14:22:31 --> File loaded: C:\xampp\htdocs\scholarship\finance\views\include/footer.php
INFO - 2020-08-20 14:22:31 --> File loaded: C:\xampp\htdocs\scholarship\finance\views\include/msg.php
INFO - 2020-08-20 14:22:31 --> File loaded: C:\xampp\htdocs\scholarship\finance\views\dashboard/index.php
INFO - 2020-08-20 14:22:31 --> Final output sent to browser
DEBUG - 2020-08-20 14:22:31 --> Total execution time: 0.8149
INFO - 2020-08-20 14:22:31 --> Config Class Initialized
INFO - 2020-08-20 14:22:31 --> Hooks Class Initialized
DEBUG - 2020-08-20 14:22:31 --> UTF-8 Support Enabled
INFO - 2020-08-20 14:22:31 --> Utf8 Class Initialized
INFO - 2020-08-20 14:22:32 --> URI Class Initialized
INFO - 2020-08-20 14:22:32 --> Router Class Initialized
INFO - 2020-08-20 14:22:32 --> Output Class Initialized
INFO - 2020-08-20 14:22:32 --> Security Class Initialized
DEBUG - 2020-08-20 14:22:32 --> Global POST, GET and COOKIE data sanitized
INFO - 2020-08-20 14:22:32 --> Input Class Initialized
INFO - 2020-08-20 14:22:32 --> Language Class Initialized
ERROR - 2020-08-20 14:22:32 --> 404 Page Not Found: Assets/css
INFO - 2020-08-20 14:22:32 --> Config Class Initialized
INFO - 2020-08-20 14:22:32 --> Hooks Class Initialized
DEBUG - 2020-08-20 14:22:32 --> UTF-8 Support Enabled
INFO - 2020-08-20 14:22:32 --> Utf8 Class Initialized
INFO - 2020-08-20 14:22:32 --> URI Class Initialized
INFO - 2020-08-20 14:22:32 --> Router Class Initialized
INFO - 2020-08-20 14:22:32 --> Output Class Initialized
INFO - 2020-08-20 14:22:32 --> Security Class Initialized
DEBUG - 2020-08-20 14:22:32 --> Global POST, GET and COOKIE data sanitized
INFO - 2020-08-20 14:22:32 --> Input Class Initialized
INFO - 2020-08-20 14:22:32 --> Language Class Initialized
INFO - 2020-08-20 14:22:32 --> Loader Class Initialized
INFO - 2020-08-20 14:22:32 --> Helper loaded: url_helper
INFO - 2020-08-20 14:22:32 --> Helper loaded: file_helper
INFO - 2020-08-20 14:22:32 --> Helper loaded: text_helper
INFO - 2020-08-20 14:22:32 --> Helper loaded: string_helper
INFO - 2020-08-20 14:22:32 --> Database Driver Class Initialized
INFO - 2020-08-20 14:22:32 --> Email Class Initialized
DEBUG - 2020-08-20 14:22:32 --> Session: "sess_save_path" is empty; using "session.save_path" value from php.ini.
INFO - 2020-08-20 14:22:32 --> Session: Class initialized using 'files' driver.
INFO - 2020-08-20 14:22:32 --> Helper loaded: form_helper
INFO - 2020-08-20 14:22:32 --> Form Validation Class Initialized
INFO - 2020-08-20 14:22:32 --> Controller Class Initialized
INFO - 2020-08-20 14:22:32 --> Model "M_dashboard" initialized
DEBUG - 2020-08-20 14:22:33 --> Form_validation class already loaded. Second attempt ignored.
INFO - 2020-08-20 14:22:33 --> Model "M_auth" initialized
INFO - 2020-08-20 14:22:33 --> Final output sent to browser
DEBUG - 2020-08-20 14:22:33 --> Total execution time: 0.5522
INFO - 2020-08-20 14:23:30 --> Config Class Initialized
INFO - 2020-08-20 14:23:30 --> Hooks Class Initialized
DEBUG - 2020-08-20 14:23:30 --> UTF-8 Support Enabled
INFO - 2020-08-20 14:23:30 --> Utf8 Class Initialized
INFO - 2020-08-20 14:23:30 --> URI Class Initialized
INFO - 2020-08-20 14:23:30 --> Router Class Initialized
INFO - 2020-08-20 14:23:30 --> Output Class Initialized
INFO - 2020-08-20 14:23:30 --> Security Class Initialized
DEBUG - 2020-08-20 14:23:30 --> Global POST, GET and COOKIE data sanitized
INFO - 2020-08-20 14:23:30 --> Input Class Initialized
INFO - 2020-08-20 14:23:30 --> Language Class Initialized
INFO - 2020-08-20 14:23:30 --> Loader Class Initialized
INFO - 2020-08-20 14:23:30 --> Helper loaded: url_helper
INFO - 2020-08-20 14:23:30 --> Helper loaded: file_helper
INFO - 2020-08-20 14:23:30 --> Helper loaded: text_helper
INFO - 2020-08-20 14:23:30 --> Helper loaded: string_helper
INFO - 2020-08-20 14:23:30 --> Database Driver Class Initialized
INFO - 2020-08-20 14:23:30 --> Email Class Initialized
DEBUG - 2020-08-20 14:23:30 --> Session: "sess_save_path" is empty; using "session.save_path" value from php.ini.
INFO - 2020-08-20 14:23:30 --> Session: Class initialized using 'files' driver.
INFO - 2020-08-20 14:23:30 --> Helper loaded: form_helper
INFO - 2020-08-20 14:23:31 --> Form Validation Class Initialized
INFO - 2020-08-20 14:23:31 --> Controller Class Initialized
INFO - 2020-08-20 14:23:31 --> Model "M_dashboard" initialized
DEBUG - 2020-08-20 14:23:31 --> Form_validation class already loaded. Second attempt ignored.
INFO - 2020-08-20 14:23:31 --> Model "M_auth" initialized
INFO - 2020-08-20 14:23:31 --> File loaded: C:\xampp\htdocs\scholarship\finance\views\include/header.php
INFO - 2020-08-20 14:23:31 --> File loaded: C:\xampp\htdocs\scholarship\finance\views\include/menu.php
INFO - 2020-08-20 14:23:31 --> File loaded: C:\xampp\htdocs\scholarship\finance\views\include/footer.php
INFO - 2020-08-20 14:23:31 --> File loaded: C:\xampp\htdocs\scholarship\finance\views\include/msg.php
INFO - 2020-08-20 14:23:31 --> File loaded: C:\xampp\htdocs\scholarship\finance\views\dashboard/index.php
INFO - 2020-08-20 14:23:31 --> Final output sent to browser
DEBUG - 2020-08-20 14:23:31 --> Total execution time: 0.7552
INFO - 2020-08-20 14:23:31 --> Config Class Initialized
INFO - 2020-08-20 14:23:31 --> Hooks Class Initialized
DEBUG - 2020-08-20 14:23:31 --> UTF-8 Support Enabled
INFO - 2020-08-20 14:23:31 --> Utf8 Class Initialized
INFO - 2020-08-20 14:23:31 --> URI Class Initialized
INFO - 2020-08-20 14:23:31 --> Router Class Initialized
INFO - 2020-08-20 14:23:31 --> Output Class Initialized
INFO - 2020-08-20 14:23:31 --> Security Class Initialized
DEBUG - 2020-08-20 14:23:31 --> Global POST, GET and COOKIE data sanitized
INFO - 2020-08-20 14:23:31 --> Input Class Initialized
INFO - 2020-08-20 14:23:31 --> Language Class Initialized
INFO - 2020-08-20 14:23:31 --> Loader Class Initialized
INFO - 2020-08-20 14:23:31 --> Helper loaded: url_helper
INFO - 2020-08-20 14:23:32 --> Helper loaded: file_helper
INFO - 2020-08-20 14:23:32 --> Helper loaded: text_helper
INFO - 2020-08-20 14:23:32 --> Helper loaded: string_helper
INFO - 2020-08-20 14:23:32 --> Database Driver Class Initialized
INFO - 2020-08-20 14:23:32 --> Email Class Initialized
DEBUG - 2020-08-20 14:23:32 --> Session: "sess_save_path" is empty; using "session.save_path" value from php.ini.
INFO - 2020-08-20 14:23:32 --> Session: Class initialized using 'files' driver.
INFO - 2020-08-20 14:23:32 --> Helper loaded: form_helper
INFO - 2020-08-20 14:23:32 --> Form Validation Class Initialized
INFO - 2020-08-20 14:23:32 --> Controller Class Initialized
INFO - 2020-08-20 14:23:32 --> Model "M_dashboard" initialized
DEBUG - 2020-08-20 14:23:32 --> Form_validation class already loaded. Second attempt ignored.
INFO - 2020-08-20 14:23:32 --> Model "M_auth" initialized
INFO - 2020-08-20 14:23:32 --> Final output sent to browser
DEBUG - 2020-08-20 14:23:32 --> Total execution time: 0.5911
INFO - 2020-08-20 14:23:55 --> Config Class Initialized
INFO - 2020-08-20 14:23:55 --> Hooks Class Initialized
DEBUG - 2020-08-20 14:23:55 --> UTF-8 Support Enabled
INFO - 2020-08-20 14:23:55 --> Utf8 Class Initialized
INFO - 2020-08-20 14:23:55 --> URI Class Initialized
INFO - 2020-08-20 14:23:55 --> Router Class Initialized
INFO - 2020-08-20 14:23:55 --> Output Class Initialized
INFO - 2020-08-20 14:23:55 --> Security Class Initialized
DEBUG - 2020-08-20 14:23:55 --> Global POST, GET and COOKIE data sanitized
INFO - 2020-08-20 14:23:55 --> Input Class Initialized
INFO - 2020-08-20 14:23:55 --> Language Class Initialized
INFO - 2020-08-20 14:23:55 --> Loader Class Initialized
INFO - 2020-08-20 14:23:55 --> Helper loaded: url_helper
INFO - 2020-08-20 14:23:55 --> Helper loaded: file_helper
INFO - 2020-08-20 14:23:55 --> Helper loaded: text_helper
INFO - 2020-08-20 14:23:55 --> Helper loaded: string_helper
INFO - 2020-08-20 14:23:55 --> Database Driver Class Initialized
INFO - 2020-08-20 14:23:55 --> Email Class Initialized
DEBUG - 2020-08-20 14:23:55 --> Session: "sess_save_path" is empty; using "session.save_path" value from php.ini.
INFO - 2020-08-20 14:23:55 --> Session: Class initialized using 'files' driver.
INFO - 2020-08-20 14:23:56 --> Helper loaded: form_helper
INFO - 2020-08-20 14:23:56 --> Form Validation Class Initialized
INFO - 2020-08-20 14:23:56 --> Controller Class Initialized
INFO - 2020-08-20 14:23:56 --> Model "M_scholar" initialized
DEBUG - 2020-08-20 14:23:56 --> Email class already loaded. Second attempt ignored.
INFO - 2020-08-20 14:23:56 --> Upload Class Initialized
INFO - 2020-08-20 14:23:56 --> Upload Class Initialized
INFO - 2020-08-20 14:23:57 --> Model "M_auth" initialized
INFO - 2020-08-20 14:23:57 --> File loaded: C:\xampp\htdocs\scholarship\finance\views\include/header.php
INFO - 2020-08-20 14:23:57 --> File loaded: C:\xampp\htdocs\scholarship\finance\views\include/menu.php
INFO - 2020-08-20 14:23:57 --> File loaded: C:\xampp\htdocs\scholarship\finance\views\include/footer.php
INFO - 2020-08-20 14:23:57 --> File loaded: C:\xampp\htdocs\scholarship\finance\views\include/msg.php
INFO - 2020-08-20 14:23:57 --> File loaded: C:\xampp\htdocs\scholarship\finance\views\scholar/list.php
INFO - 2020-08-20 14:23:57 --> Final output sent to browser
DEBUG - 2020-08-20 14:23:57 --> Total execution time: 2.1201
INFO - 2020-08-20 14:23:59 --> Config Class Initialized
INFO - 2020-08-20 14:23:59 --> Hooks Class Initialized
DEBUG - 2020-08-20 14:23:59 --> UTF-8 Support Enabled
INFO - 2020-08-20 14:23:59 --> Utf8 Class Initialized
INFO - 2020-08-20 14:23:59 --> URI Class Initialized
INFO - 2020-08-20 14:23:59 --> Router Class Initialized
INFO - 2020-08-20 14:23:59 --> Output Class Initialized
INFO - 2020-08-20 14:23:59 --> Security Class Initialized
DEBUG - 2020-08-20 14:23:59 --> Global POST, GET and COOKIE data sanitized
INFO - 2020-08-20 14:23:59 --> Input Class Initialized
INFO - 2020-08-20 14:23:59 --> Language Class Initialized
INFO - 2020-08-20 14:23:59 --> Loader Class Initialized
INFO - 2020-08-20 14:23:59 --> Helper loaded: url_helper
INFO - 2020-08-20 14:23:59 --> Helper loaded: file_helper
INFO - 2020-08-20 14:23:59 --> Helper loaded: text_helper
INFO - 2020-08-20 14:23:59 --> Helper loaded: string_helper
INFO - 2020-08-20 14:23:59 --> Database Driver Class Initialized
INFO - 2020-08-20 14:23:59 --> Email Class Initialized
DEBUG - 2020-08-20 14:23:59 --> Session: "sess_save_path" is empty; using "session.save_path" value from php.ini.
INFO - 2020-08-20 14:24:00 --> Session: Class initialized using 'files' driver.
INFO - 2020-08-20 14:24:00 --> Helper loaded: form_helper
INFO - 2020-08-20 14:24:00 --> Form Validation Class Initialized
INFO - 2020-08-20 14:24:00 --> Controller Class Initialized
INFO - 2020-08-20 14:24:00 --> Model "M_scholar" initialized
DEBUG - 2020-08-20 14:24:00 --> Email class already loaded. Second attempt ignored.
INFO - 2020-08-20 14:24:00 --> Upload Class Initialized
INFO - 2020-08-20 14:24:00 --> Upload Class Initialized
INFO - 2020-08-20 14:24:00 --> Model "M_auth" initialized
INFO - 2020-08-20 14:24:00 --> Final output sent to browser
DEBUG - 2020-08-20 14:24:00 --> Total execution time: 0.8614
INFO - 2020-08-20 14:24:04 --> Config Class Initialized
INFO - 2020-08-20 14:24:04 --> Hooks Class Initialized
DEBUG - 2020-08-20 14:24:04 --> UTF-8 Support Enabled
INFO - 2020-08-20 14:24:04 --> Utf8 Class Initialized
INFO - 2020-08-20 14:24:04 --> URI Class Initialized
INFO - 2020-08-20 14:24:04 --> Router Class Initialized
INFO - 2020-08-20 14:24:04 --> Output Class Initialized
INFO - 2020-08-20 14:24:04 --> Security Class Initialized
DEBUG - 2020-08-20 14:24:04 --> Global POST, GET and COOKIE data sanitized
INFO - 2020-08-20 14:24:04 --> Input Class Initialized
INFO - 2020-08-20 14:24:04 --> Language Class Initialized
INFO - 2020-08-20 14:24:04 --> Loader Class Initialized
INFO - 2020-08-20 14:24:04 --> Helper loaded: url_helper
INFO - 2020-08-20 14:24:04 --> Helper loaded: file_helper
INFO - 2020-08-20 14:24:04 --> Helper loaded: text_helper
INFO - 2020-08-20 14:24:04 --> Helper loaded: string_helper
INFO - 2020-08-20 14:24:05 --> Database Driver Class Initialized
INFO - 2020-08-20 14:24:05 --> Email Class Initialized
DEBUG - 2020-08-20 14:24:05 --> Session: "sess_save_path" is empty; using "session.save_path" value from php.ini.
INFO - 2020-08-20 14:24:05 --> Session: Class initialized using 'files' driver.
INFO - 2020-08-20 14:24:05 --> Helper loaded: form_helper
INFO - 2020-08-20 14:24:05 --> Form Validation Class Initialized
INFO - 2020-08-20 14:24:05 --> Controller Class Initialized
INFO - 2020-08-20 14:24:05 --> Model "M_scholar" initialized
DEBUG - 2020-08-20 14:24:05 --> Email class already loaded. Second attempt ignored.
INFO - 2020-08-20 14:24:05 --> Upload Class Initialized
INFO - 2020-08-20 14:24:05 --> Upload Class Initialized
INFO - 2020-08-20 14:24:05 --> Model "M_auth" initialized
INFO - 2020-08-20 14:24:05 --> File loaded: C:\xampp\htdocs\scholarship\finance\views\include/header.php
INFO - 2020-08-20 14:24:05 --> File loaded: C:\xampp\htdocs\scholarship\finance\views\include/menu.php
INFO - 2020-08-20 14:24:05 --> File loaded: C:\xampp\htdocs\scholarship\finance\views\include/footer.php
INFO - 2020-08-20 14:24:05 --> File loaded: C:\xampp\htdocs\scholarship\finance\views\include/msg.php
INFO - 2020-08-20 14:24:05 --> File loaded: C:\xampp\htdocs\scholarship\finance\views\scholar/list.php
INFO - 2020-08-20 14:24:05 --> Final output sent to browser
DEBUG - 2020-08-20 14:24:05 --> Total execution time: 0.4318
INFO - 2020-08-20 14:24:07 --> Config Class Initialized
INFO - 2020-08-20 14:24:07 --> Hooks Class Initialized
DEBUG - 2020-08-20 14:24:07 --> UTF-8 Support Enabled
INFO - 2020-08-20 14:24:07 --> Utf8 Class Initialized
INFO - 2020-08-20 14:24:07 --> URI Class Initialized
INFO - 2020-08-20 14:24:07 --> Router Class Initialized
INFO - 2020-08-20 14:24:07 --> Output Class Initialized
INFO - 2020-08-20 14:24:07 --> Security Class Initialized
DEBUG - 2020-08-20 14:24:07 --> Global POST, GET and COOKIE data sanitized
INFO - 2020-08-20 14:24:07 --> Input Class Initialized
INFO - 2020-08-20 14:24:07 --> Language Class Initialized
INFO - 2020-08-20 14:24:07 --> Loader Class Initialized
INFO - 2020-08-20 14:24:07 --> Helper loaded: url_helper
INFO - 2020-08-20 14:24:07 --> Helper loaded: file_helper
INFO - 2020-08-20 14:24:07 --> Helper loaded: text_helper
INFO - 2020-08-20 14:24:07 --> Helper loaded: string_helper
INFO - 2020-08-20 14:24:07 --> Database Driver Class Initialized
INFO - 2020-08-20 14:24:07 --> Email Class Initialized
DEBUG - 2020-08-20 14:24:07 --> Session: "sess_save_path" is empty; using "session.save_path" value from php.ini.
INFO - 2020-08-20 14:24:07 --> Session: Class initialized using 'files' driver.
INFO - 2020-08-20 14:24:07 --> Helper loaded: form_helper
INFO - 2020-08-20 14:24:07 --> Form Validation Class Initialized
INFO - 2020-08-20 14:24:07 --> Controller Class Initialized
INFO - 2020-08-20 14:24:07 --> Model "M_scholar" initialized
DEBUG - 2020-08-20 14:24:07 --> Email class already loaded. Second attempt ignored.
INFO - 2020-08-20 14:24:07 --> Upload Class Initialized
INFO - 2020-08-20 14:24:07 --> Upload Class Initialized
INFO - 2020-08-20 14:24:08 --> Model "M_auth" initialized
INFO - 2020-08-20 14:24:08 --> Final output sent to browser
DEBUG - 2020-08-20 14:24:08 --> Total execution time: 1.0058
INFO - 2020-08-20 14:24:15 --> Config Class Initialized
INFO - 2020-08-20 14:24:15 --> Hooks Class Initialized
DEBUG - 2020-08-20 14:24:15 --> UTF-8 Support Enabled
INFO - 2020-08-20 14:24:15 --> Utf8 Class Initialized
INFO - 2020-08-20 14:24:15 --> URI Class Initialized
INFO - 2020-08-20 14:24:15 --> Router Class Initialized
INFO - 2020-08-20 14:24:15 --> Output Class Initialized
INFO - 2020-08-20 14:24:15 --> Security Class Initialized
DEBUG - 2020-08-20 14:24:15 --> Global POST, GET and COOKIE data sanitized
INFO - 2020-08-20 14:24:15 --> Input Class Initialized
INFO - 2020-08-20 14:24:15 --> Language Class Initialized
INFO - 2020-08-20 14:24:15 --> Loader Class Initialized
INFO - 2020-08-20 14:24:15 --> Helper loaded: url_helper
INFO - 2020-08-20 14:24:15 --> Helper loaded: file_helper
INFO - 2020-08-20 14:24:15 --> Helper loaded: text_helper
INFO - 2020-08-20 14:24:15 --> Helper loaded: string_helper
INFO - 2020-08-20 14:24:15 --> Database Driver Class Initialized
INFO - 2020-08-20 14:24:15 --> Email Class Initialized
DEBUG - 2020-08-20 14:24:15 --> Session: "sess_save_path" is empty; using "session.save_path" value from php.ini.
INFO - 2020-08-20 14:24:15 --> Session: Class initialized using 'files' driver.
INFO - 2020-08-20 14:24:15 --> Helper loaded: form_helper
INFO - 2020-08-20 14:24:15 --> Form Validation Class Initialized
INFO - 2020-08-20 14:24:15 --> Controller Class Initialized
INFO - 2020-08-20 14:24:15 --> Model "M_scholar" initialized
DEBUG - 2020-08-20 14:24:15 --> Email class already loaded. Second attempt ignored.
INFO - 2020-08-20 14:24:15 --> Upload Class Initialized
INFO - 2020-08-20 14:24:16 --> Upload Class Initialized
INFO - 2020-08-20 14:24:16 --> Model "M_auth" initialized
INFO - 2020-08-20 14:24:16 --> File loaded: C:\xampp\htdocs\scholarship\finance\views\include/header.php
INFO - 2020-08-20 14:24:16 --> File loaded: C:\xampp\htdocs\scholarship\finance\views\include/menu.php
INFO - 2020-08-20 14:24:16 --> File loaded: C:\xampp\htdocs\scholarship\finance\views\include/footer.php
INFO - 2020-08-20 14:24:16 --> File loaded: C:\xampp\htdocs\scholarship\finance\views\include/msg.php
INFO - 2020-08-20 14:24:16 --> File loaded: C:\xampp\htdocs\scholarship\finance\views\scholar/application.php
INFO - 2020-08-20 14:24:16 --> Final output sent to browser
DEBUG - 2020-08-20 14:24:16 --> Total execution time: 0.5586
INFO - 2020-08-20 14:24:59 --> Config Class Initialized
INFO - 2020-08-20 14:24:59 --> Hooks Class Initialized
DEBUG - 2020-08-20 14:24:59 --> UTF-8 Support Enabled
INFO - 2020-08-20 14:24:59 --> Utf8 Class Initialized
INFO - 2020-08-20 14:24:59 --> URI Class Initialized
INFO - 2020-08-20 14:24:59 --> Router Class Initialized
INFO - 2020-08-20 14:24:59 --> Output Class Initialized
INFO - 2020-08-20 14:24:59 --> Security Class Initialized
DEBUG - 2020-08-20 14:24:59 --> Global POST, GET and COOKIE data sanitized
INFO - 2020-08-20 14:24:59 --> Input Class Initialized
INFO - 2020-08-20 14:24:59 --> Language Class Initialized
INFO - 2020-08-20 14:24:59 --> Loader Class Initialized
INFO - 2020-08-20 14:24:59 --> Helper loaded: url_helper
INFO - 2020-08-20 14:25:00 --> Helper loaded: file_helper
INFO - 2020-08-20 14:25:00 --> Helper loaded: text_helper
INFO - 2020-08-20 14:25:00 --> Helper loaded: string_helper
INFO - 2020-08-20 14:25:00 --> Database Driver Class Initialized
INFO - 2020-08-20 14:25:00 --> Email Class Initialized
DEBUG - 2020-08-20 14:25:00 --> Session: "sess_save_path" is empty; using "session.save_path" value from php.ini.
INFO - 2020-08-20 14:25:00 --> Session: Class initialized using 'files' driver.
INFO - 2020-08-20 14:25:00 --> Helper loaded: form_helper
INFO - 2020-08-20 14:25:00 --> Form Validation Class Initialized
INFO - 2020-08-20 14:25:00 --> Controller Class Initialized
INFO - 2020-08-20 14:25:00 --> Model "M_scholar" initialized
DEBUG - 2020-08-20 14:25:00 --> Email class already loaded. Second attempt ignored.
INFO - 2020-08-20 14:25:00 --> Upload Class Initialized
INFO - 2020-08-20 14:25:00 --> Upload Class Initialized
INFO - 2020-08-20 14:25:00 --> Model "M_auth" initialized
DEBUG - 2020-08-20 14:25:00 --> Config file loaded: C:\xampp\htdocs\scholarship\finance\config/email.php
DEBUG - 2020-08-20 14:25:00 --> Email class already loaded. Second attempt ignored.
INFO - 2020-08-20 14:25:00 --> File loaded: C:\xampp\htdocs\scholarship\finance\views\mail/paystatus.php
INFO - 2020-08-20 14:25:03 --> Language file loaded: language/english/email_lang.php
INFO - 2020-08-20 14:25:07 --> Config Class Initialized
INFO - 2020-08-20 14:25:07 --> Hooks Class Initialized
DEBUG - 2020-08-20 14:25:08 --> UTF-8 Support Enabled
INFO - 2020-08-20 14:25:08 --> Utf8 Class Initialized
INFO - 2020-08-20 14:25:08 --> URI Class Initialized
INFO - 2020-08-20 14:25:08 --> Router Class Initialized
INFO - 2020-08-20 14:25:08 --> Output Class Initialized
INFO - 2020-08-20 14:25:08 --> Security Class Initialized
DEBUG - 2020-08-20 14:25:08 --> Global POST, GET and COOKIE data sanitized
INFO - 2020-08-20 14:25:08 --> Input Class Initialized
INFO - 2020-08-20 14:25:08 --> Language Class Initialized
INFO - 2020-08-20 14:25:08 --> Loader Class Initialized
INFO - 2020-08-20 14:25:08 --> Helper loaded: url_helper
INFO - 2020-08-20 14:25:08 --> Helper loaded: file_helper
INFO - 2020-08-20 14:25:08 --> Helper loaded: text_helper
INFO - 2020-08-20 14:25:08 --> Helper loaded: string_helper
INFO - 2020-08-20 14:25:08 --> Database Driver Class Initialized
INFO - 2020-08-20 14:25:08 --> Email Class Initialized
DEBUG - 2020-08-20 14:25:08 --> Session: "sess_save_path" is empty; using "session.save_path" value from php.ini.
INFO - 2020-08-20 14:25:08 --> Session: Class initialized using 'files' driver.
INFO - 2020-08-20 14:25:08 --> Helper loaded: form_helper
INFO - 2020-08-20 14:25:08 --> Form Validation Class Initialized
INFO - 2020-08-20 14:25:08 --> Controller Class Initialized
INFO - 2020-08-20 14:25:08 --> Model "M_scholar" initialized
DEBUG - 2020-08-20 14:25:08 --> Email class already loaded. Second attempt ignored.
INFO - 2020-08-20 14:25:08 --> Upload Class Initialized
INFO - 2020-08-20 14:25:08 --> Upload Class Initialized
INFO - 2020-08-20 14:25:08 --> Model "M_auth" initialized
INFO - 2020-08-20 14:25:08 --> File loaded: C:\xampp\htdocs\scholarship\finance\views\include/header.php
INFO - 2020-08-20 14:25:08 --> File loaded: C:\xampp\htdocs\scholarship\finance\views\include/menu.php
INFO - 2020-08-20 14:25:08 --> File loaded: C:\xampp\htdocs\scholarship\finance\views\include/footer.php
INFO - 2020-08-20 14:25:08 --> File loaded: C:\xampp\htdocs\scholarship\finance\views\include/msg.php
INFO - 2020-08-20 14:25:08 --> File loaded: C:\xampp\htdocs\scholarship\finance\views\scholar/application.php
INFO - 2020-08-20 14:25:09 --> Final output sent to browser
DEBUG - 2020-08-20 14:25:09 --> Total execution time: 1.1809
INFO - 2020-08-20 14:25:15 --> Config Class Initialized
INFO - 2020-08-20 14:25:15 --> Hooks Class Initialized
DEBUG - 2020-08-20 14:25:15 --> UTF-8 Support Enabled
INFO - 2020-08-20 14:25:15 --> Utf8 Class Initialized
INFO - 2020-08-20 14:25:15 --> URI Class Initialized
INFO - 2020-08-20 14:25:15 --> Router Class Initialized
INFO - 2020-08-20 14:25:15 --> Output Class Initialized
INFO - 2020-08-20 14:25:16 --> Security Class Initialized
DEBUG - 2020-08-20 14:25:16 --> Global POST, GET and COOKIE data sanitized
INFO - 2020-08-20 14:25:16 --> Input Class Initialized
INFO - 2020-08-20 14:25:16 --> Language Class Initialized
INFO - 2020-08-20 14:25:16 --> Loader Class Initialized
INFO - 2020-08-20 14:25:16 --> Helper loaded: url_helper
INFO - 2020-08-20 14:25:16 --> Helper loaded: file_helper
INFO - 2020-08-20 14:25:16 --> Helper loaded: text_helper
INFO - 2020-08-20 14:25:16 --> Helper loaded: string_helper
INFO - 2020-08-20 14:25:16 --> Database Driver Class Initialized
INFO - 2020-08-20 14:25:16 --> Email Class Initialized
DEBUG - 2020-08-20 14:25:16 --> Session: "sess_save_path" is empty; using "session.save_path" value from php.ini.
INFO - 2020-08-20 14:25:16 --> Session: Class initialized using 'files' driver.
INFO - 2020-08-20 14:25:16 --> Helper loaded: form_helper
INFO - 2020-08-20 14:25:16 --> Form Validation Class Initialized
INFO - 2020-08-20 14:25:16 --> Controller Class Initialized
INFO - 2020-08-20 14:25:16 --> Model "M_auth" initialized
DEBUG - 2020-08-20 14:25:16 --> Form_validation class already loaded. Second attempt ignored.
DEBUG - 2020-08-20 14:25:16 --> Sc_check class already loaded. Second attempt ignored.
INFO - 2020-08-20 14:25:16 --> Helper loaded: captcha_helper
INFO - 2020-08-20 14:25:16 --> Config Class Initialized
INFO - 2020-08-20 14:25:16 --> Hooks Class Initialized
DEBUG - 2020-08-20 14:25:16 --> UTF-8 Support Enabled
INFO - 2020-08-20 14:25:16 --> Utf8 Class Initialized
INFO - 2020-08-20 14:25:16 --> URI Class Initialized
DEBUG - 2020-08-20 14:25:16 --> No URI present. Default controller set.
INFO - 2020-08-20 14:25:16 --> Router Class Initialized
INFO - 2020-08-20 14:25:16 --> Output Class Initialized
INFO - 2020-08-20 14:25:16 --> Security Class Initialized
DEBUG - 2020-08-20 14:25:16 --> Global POST, GET and COOKIE data sanitized
INFO - 2020-08-20 14:25:16 --> Input Class Initialized
INFO - 2020-08-20 14:25:16 --> Language Class Initialized
INFO - 2020-08-20 14:25:16 --> Loader Class Initialized
INFO - 2020-08-20 14:25:16 --> Helper loaded: url_helper
INFO - 2020-08-20 14:25:16 --> Helper loaded: file_helper
INFO - 2020-08-20 14:25:16 --> Helper loaded: text_helper
INFO - 2020-08-20 14:25:16 --> Helper loaded: string_helper
INFO - 2020-08-20 14:25:16 --> Database Driver Class Initialized
INFO - 2020-08-20 14:25:17 --> Email Class Initialized
DEBUG - 2020-08-20 14:25:17 --> Session: "sess_save_path" is empty; using "session.save_path" value from php.ini.
INFO - 2020-08-20 14:25:17 --> Session: Class initialized using 'files' driver.
INFO - 2020-08-20 14:25:17 --> Helper loaded: form_helper
INFO - 2020-08-20 14:25:17 --> Form Validation Class Initialized
INFO - 2020-08-20 14:25:17 --> Controller Class Initialized
INFO - 2020-08-20 14:25:17 --> Model "M_auth" initialized
DEBUG - 2020-08-20 14:25:17 --> Form_validation class already loaded. Second attempt ignored.
DEBUG - 2020-08-20 14:25:17 --> Sc_check class already loaded. Second attempt ignored.
INFO - 2020-08-20 14:25:17 --> Helper loaded: captcha_helper
INFO - 2020-08-20 14:25:17 --> File loaded: C:\xampp\htdocs\scholarship\finance\views\include/header.php
INFO - 2020-08-20 14:25:17 --> File loaded: C:\xampp\htdocs\scholarship\finance\views\include/footer.php
INFO - 2020-08-20 14:25:17 --> File loaded: C:\xampp\htdocs\scholarship\finance\views\include/msg.php
INFO - 2020-08-20 14:25:17 --> File loaded: C:\xampp\htdocs\scholarship\finance\views\auth/login.php
INFO - 2020-08-20 14:25:17 --> Final output sent to browser
DEBUG - 2020-08-20 14:25:17 --> Total execution time: 0.6876
