INFO - 2020-08-12 06:25:54 --> Config Class Initialized
INFO - 2020-08-12 06:25:54 --> Hooks Class Initialized
DEBUG - 2020-08-12 06:25:54 --> UTF-8 Support Enabled
INFO - 2020-08-12 06:25:54 --> Utf8 Class Initialized
INFO - 2020-08-12 06:25:54 --> URI Class Initialized
DEBUG - 2020-08-12 06:25:54 --> No URI present. Default controller set.
INFO - 2020-08-12 06:25:54 --> Router Class Initialized
INFO - 2020-08-12 06:25:54 --> Output Class Initialized
INFO - 2020-08-12 06:25:54 --> Security Class Initialized
DEBUG - 2020-08-12 06:25:54 --> Global POST, GET and COOKIE data sanitized
INFO - 2020-08-12 06:25:54 --> Input Class Initialized
INFO - 2020-08-12 06:25:54 --> Language Class Initialized
INFO - 2020-08-12 06:25:54 --> Loader Class Initialized
INFO - 2020-08-12 06:25:54 --> Helper loaded: url_helper
INFO - 2020-08-12 06:25:54 --> Helper loaded: file_helper
INFO - 2020-08-12 06:25:54 --> Helper loaded: text_helper
INFO - 2020-08-12 06:25:54 --> Helper loaded: string_helper
INFO - 2020-08-12 06:25:54 --> Database Driver Class Initialized
INFO - 2020-08-12 06:25:54 --> Email Class Initialized
DEBUG - 2020-08-12 06:25:54 --> Session: "sess_save_path" is empty; using "session.save_path" value from php.ini.
INFO - 2020-08-12 06:25:54 --> Session: Class initialized using 'files' driver.
INFO - 2020-08-12 06:25:54 --> Helper loaded: form_helper
INFO - 2020-08-12 06:25:54 --> Form Validation Class Initialized
INFO - 2020-08-12 06:25:54 --> Controller Class Initialized
INFO - 2020-08-12 06:25:54 --> Model "M_auth" initialized
DEBUG - 2020-08-12 06:25:54 --> Form_validation class already loaded. Second attempt ignored.
DEBUG - 2020-08-12 06:25:54 --> Sc_check class already loaded. Second attempt ignored.
INFO - 2020-08-12 06:25:54 --> Helper loaded: captcha_helper
INFO - 2020-08-12 06:25:54 --> File loaded: C:\xampp\htdocs\scholarship\finance\views\include/header.php
INFO - 2020-08-12 06:25:54 --> File loaded: C:\xampp\htdocs\scholarship\finance\views\include/footer.php
INFO - 2020-08-12 06:25:54 --> File loaded: C:\xampp\htdocs\scholarship\finance\views\include/msg.php
INFO - 2020-08-12 06:25:54 --> File loaded: C:\xampp\htdocs\scholarship\finance\views\auth/login.php
INFO - 2020-08-12 06:25:54 --> Final output sent to browser
DEBUG - 2020-08-12 06:25:54 --> Total execution time: 0.4132
INFO - 2020-08-12 06:42:03 --> Config Class Initialized
INFO - 2020-08-12 06:42:03 --> Hooks Class Initialized
DEBUG - 2020-08-12 06:42:03 --> UTF-8 Support Enabled
INFO - 2020-08-12 06:42:03 --> Utf8 Class Initialized
INFO - 2020-08-12 06:42:03 --> URI Class Initialized
DEBUG - 2020-08-12 06:42:03 --> No URI present. Default controller set.
INFO - 2020-08-12 06:42:03 --> Router Class Initialized
INFO - 2020-08-12 06:42:03 --> Output Class Initialized
INFO - 2020-08-12 06:42:03 --> Security Class Initialized
DEBUG - 2020-08-12 06:42:03 --> Global POST, GET and COOKIE data sanitized
INFO - 2020-08-12 06:42:03 --> Input Class Initialized
INFO - 2020-08-12 06:42:03 --> Language Class Initialized
INFO - 2020-08-12 06:42:03 --> Loader Class Initialized
INFO - 2020-08-12 06:42:03 --> Helper loaded: url_helper
INFO - 2020-08-12 06:42:03 --> Helper loaded: file_helper
INFO - 2020-08-12 06:42:03 --> Helper loaded: text_helper
INFO - 2020-08-12 06:42:03 --> Helper loaded: string_helper
INFO - 2020-08-12 06:42:03 --> Database Driver Class Initialized
INFO - 2020-08-12 06:42:03 --> Email Class Initialized
DEBUG - 2020-08-12 06:42:03 --> Session: "sess_save_path" is empty; using "session.save_path" value from php.ini.
INFO - 2020-08-12 06:42:03 --> Session: Class initialized using 'files' driver.
INFO - 2020-08-12 06:42:03 --> Helper loaded: form_helper
INFO - 2020-08-12 06:42:03 --> Form Validation Class Initialized
INFO - 2020-08-12 06:42:03 --> Controller Class Initialized
INFO - 2020-08-12 06:42:03 --> Model "M_auth" initialized
DEBUG - 2020-08-12 06:42:03 --> Form_validation class already loaded. Second attempt ignored.
DEBUG - 2020-08-12 06:42:03 --> Sc_check class already loaded. Second attempt ignored.
INFO - 2020-08-12 06:42:03 --> Helper loaded: captcha_helper
INFO - 2020-08-12 06:42:03 --> File loaded: C:\xampp\htdocs\scholarship\finance\views\include/header.php
INFO - 2020-08-12 06:42:03 --> File loaded: C:\xampp\htdocs\scholarship\finance\views\include/footer.php
INFO - 2020-08-12 06:42:03 --> File loaded: C:\xampp\htdocs\scholarship\finance\views\include/msg.php
INFO - 2020-08-12 06:42:03 --> File loaded: C:\xampp\htdocs\scholarship\finance\views\auth/login.php
INFO - 2020-08-12 06:42:03 --> Final output sent to browser
DEBUG - 2020-08-12 06:42:03 --> Total execution time: 0.5214
INFO - 2020-08-12 16:35:55 --> Config Class Initialized
INFO - 2020-08-12 16:35:55 --> Hooks Class Initialized
DEBUG - 2020-08-12 16:35:55 --> UTF-8 Support Enabled
INFO - 2020-08-12 16:35:55 --> Utf8 Class Initialized
INFO - 2020-08-12 16:35:55 --> URI Class Initialized
DEBUG - 2020-08-12 16:35:55 --> No URI present. Default controller set.
INFO - 2020-08-12 16:35:55 --> Router Class Initialized
INFO - 2020-08-12 16:35:55 --> Output Class Initialized
INFO - 2020-08-12 16:35:55 --> Security Class Initialized
DEBUG - 2020-08-12 16:35:55 --> Global POST, GET and COOKIE data sanitized
INFO - 2020-08-12 16:35:55 --> Input Class Initialized
INFO - 2020-08-12 16:35:55 --> Language Class Initialized
INFO - 2020-08-12 16:35:55 --> Loader Class Initialized
INFO - 2020-08-12 16:35:55 --> Helper loaded: url_helper
INFO - 2020-08-12 16:35:55 --> Helper loaded: file_helper
INFO - 2020-08-12 16:35:55 --> Helper loaded: text_helper
INFO - 2020-08-12 16:35:55 --> Helper loaded: string_helper
INFO - 2020-08-12 16:35:55 --> Database Driver Class Initialized
INFO - 2020-08-12 16:35:55 --> Email Class Initialized
DEBUG - 2020-08-12 16:35:55 --> Session: "sess_save_path" is empty; using "session.save_path" value from php.ini.
INFO - 2020-08-12 16:35:55 --> Session: Class initialized using 'files' driver.
INFO - 2020-08-12 16:35:55 --> Helper loaded: form_helper
INFO - 2020-08-12 16:35:56 --> Form Validation Class Initialized
INFO - 2020-08-12 16:35:56 --> Controller Class Initialized
INFO - 2020-08-12 16:35:56 --> Model "M_auth" initialized
DEBUG - 2020-08-12 16:35:56 --> Form_validation class already loaded. Second attempt ignored.
DEBUG - 2020-08-12 16:35:56 --> Sc_check class already loaded. Second attempt ignored.
INFO - 2020-08-12 16:35:56 --> Helper loaded: captcha_helper
INFO - 2020-08-12 16:35:56 --> File loaded: C:\xampp\htdocs\scholarship\finance\views\include/header.php
INFO - 2020-08-12 16:35:56 --> File loaded: C:\xampp\htdocs\scholarship\finance\views\include/footer.php
INFO - 2020-08-12 16:35:56 --> File loaded: C:\xampp\htdocs\scholarship\finance\views\include/msg.php
INFO - 2020-08-12 16:35:56 --> File loaded: C:\xampp\htdocs\scholarship\finance\views\auth/login.php
INFO - 2020-08-12 16:35:56 --> Final output sent to browser
DEBUG - 2020-08-12 16:35:56 --> Total execution time: 0.5179
INFO - 2020-08-12 16:56:00 --> Config Class Initialized
INFO - 2020-08-12 16:56:00 --> Hooks Class Initialized
DEBUG - 2020-08-12 16:56:00 --> UTF-8 Support Enabled
INFO - 2020-08-12 16:56:00 --> Utf8 Class Initialized
INFO - 2020-08-12 16:56:00 --> URI Class Initialized
INFO - 2020-08-12 16:56:00 --> Router Class Initialized
INFO - 2020-08-12 16:56:00 --> Output Class Initialized
INFO - 2020-08-12 16:56:00 --> Security Class Initialized
DEBUG - 2020-08-12 16:56:00 --> Global POST, GET and COOKIE data sanitized
INFO - 2020-08-12 16:56:00 --> Input Class Initialized
INFO - 2020-08-12 16:56:00 --> Language Class Initialized
ERROR - 2020-08-12 16:56:00 --> 404 Page Not Found: Auth/emailcheck
INFO - 2020-08-12 16:56:20 --> Config Class Initialized
INFO - 2020-08-12 16:56:20 --> Hooks Class Initialized
DEBUG - 2020-08-12 16:56:20 --> UTF-8 Support Enabled
INFO - 2020-08-12 16:56:20 --> Utf8 Class Initialized
INFO - 2020-08-12 16:56:20 --> URI Class Initialized
INFO - 2020-08-12 16:56:20 --> Router Class Initialized
INFO - 2020-08-12 16:56:20 --> Output Class Initialized
INFO - 2020-08-12 16:56:20 --> Security Class Initialized
DEBUG - 2020-08-12 16:56:20 --> Global POST, GET and COOKIE data sanitized
INFO - 2020-08-12 16:56:20 --> Config Class Initialized
INFO - 2020-08-12 16:56:20 --> Hooks Class Initialized
DEBUG - 2020-08-12 16:56:20 --> UTF-8 Support Enabled
INFO - 2020-08-12 16:56:20 --> Utf8 Class Initialized
INFO - 2020-08-12 16:56:20 --> URI Class Initialized
INFO - 2020-08-12 16:56:20 --> Input Class Initialized
INFO - 2020-08-12 16:56:20 --> Language Class Initialized
ERROR - 2020-08-12 16:56:20 --> 404 Page Not Found: Auth/emailcheck
INFO - 2020-08-12 16:56:20 --> Router Class Initialized
INFO - 2020-08-12 16:56:20 --> Output Class Initialized
INFO - 2020-08-12 16:56:20 --> Security Class Initialized
DEBUG - 2020-08-12 16:56:20 --> Global POST, GET and COOKIE data sanitized
INFO - 2020-08-12 16:56:20 --> Input Class Initialized
INFO - 2020-08-12 16:56:20 --> Language Class Initialized
INFO - 2020-08-12 16:56:20 --> Loader Class Initialized
INFO - 2020-08-12 16:56:20 --> Helper loaded: url_helper
INFO - 2020-08-12 16:56:20 --> Helper loaded: file_helper
INFO - 2020-08-12 16:56:20 --> Helper loaded: text_helper
INFO - 2020-08-12 16:56:20 --> Helper loaded: string_helper
INFO - 2020-08-12 16:56:20 --> Database Driver Class Initialized
INFO - 2020-08-12 16:56:20 --> Email Class Initialized
DEBUG - 2020-08-12 16:56:20 --> Session: "sess_save_path" is empty; using "session.save_path" value from php.ini.
INFO - 2020-08-12 16:56:20 --> Session: Class initialized using 'files' driver.
INFO - 2020-08-12 16:56:20 --> Helper loaded: form_helper
INFO - 2020-08-12 16:56:20 --> Form Validation Class Initialized
INFO - 2020-08-12 16:56:20 --> Controller Class Initialized
INFO - 2020-08-12 16:56:20 --> Model "M_auth" initialized
DEBUG - 2020-08-12 16:56:20 --> Form_validation class already loaded. Second attempt ignored.
DEBUG - 2020-08-12 16:56:20 --> Sc_check class already loaded. Second attempt ignored.
INFO - 2020-08-12 16:56:20 --> Helper loaded: captcha_helper
INFO - 2020-08-12 16:56:20 --> Config Class Initialized
INFO - 2020-08-12 16:56:20 --> Hooks Class Initialized
DEBUG - 2020-08-12 16:56:20 --> UTF-8 Support Enabled
INFO - 2020-08-12 16:56:20 --> Utf8 Class Initialized
INFO - 2020-08-12 16:56:20 --> URI Class Initialized
DEBUG - 2020-08-12 16:56:20 --> No URI present. Default controller set.
INFO - 2020-08-12 16:56:20 --> Router Class Initialized
INFO - 2020-08-12 16:56:20 --> Output Class Initialized
INFO - 2020-08-12 16:56:20 --> Security Class Initialized
DEBUG - 2020-08-12 16:56:20 --> Global POST, GET and COOKIE data sanitized
INFO - 2020-08-12 16:56:20 --> Input Class Initialized
INFO - 2020-08-12 16:56:20 --> Language Class Initialized
INFO - 2020-08-12 16:56:20 --> Loader Class Initialized
INFO - 2020-08-12 16:56:20 --> Helper loaded: url_helper
INFO - 2020-08-12 16:56:20 --> Helper loaded: file_helper
INFO - 2020-08-12 16:56:20 --> Helper loaded: text_helper
INFO - 2020-08-12 16:56:20 --> Helper loaded: string_helper
INFO - 2020-08-12 16:56:21 --> Database Driver Class Initialized
INFO - 2020-08-12 16:56:21 --> Email Class Initialized
DEBUG - 2020-08-12 16:56:21 --> Session: "sess_save_path" is empty; using "session.save_path" value from php.ini.
INFO - 2020-08-12 16:56:21 --> Session: Class initialized using 'files' driver.
INFO - 2020-08-12 16:56:21 --> Helper loaded: form_helper
INFO - 2020-08-12 16:56:21 --> Form Validation Class Initialized
INFO - 2020-08-12 16:56:21 --> Controller Class Initialized
INFO - 2020-08-12 16:56:21 --> Model "M_auth" initialized
DEBUG - 2020-08-12 16:56:21 --> Form_validation class already loaded. Second attempt ignored.
DEBUG - 2020-08-12 16:56:21 --> Sc_check class already loaded. Second attempt ignored.
INFO - 2020-08-12 16:56:21 --> Helper loaded: captcha_helper
INFO - 2020-08-12 16:56:21 --> File loaded: C:\xampp\htdocs\scholarship\finance\views\include/header.php
INFO - 2020-08-12 16:56:21 --> File loaded: C:\xampp\htdocs\scholarship\finance\views\include/footer.php
INFO - 2020-08-12 16:56:21 --> File loaded: C:\xampp\htdocs\scholarship\finance\views\include/msg.php
INFO - 2020-08-12 16:56:21 --> File loaded: C:\xampp\htdocs\scholarship\finance\views\auth/login.php
INFO - 2020-08-12 16:56:21 --> Final output sent to browser
DEBUG - 2020-08-12 16:56:21 --> Total execution time: 0.4156
INFO - 2020-08-12 17:05:48 --> Config Class Initialized
INFO - 2020-08-12 17:05:48 --> Hooks Class Initialized
DEBUG - 2020-08-12 17:05:48 --> UTF-8 Support Enabled
INFO - 2020-08-12 17:05:48 --> Utf8 Class Initialized
INFO - 2020-08-12 17:05:48 --> URI Class Initialized
DEBUG - 2020-08-12 17:05:48 --> No URI present. Default controller set.
INFO - 2020-08-12 17:05:49 --> Router Class Initialized
INFO - 2020-08-12 17:05:49 --> Output Class Initialized
INFO - 2020-08-12 17:05:49 --> Security Class Initialized
DEBUG - 2020-08-12 17:05:49 --> Global POST, GET and COOKIE data sanitized
INFO - 2020-08-12 17:05:49 --> Input Class Initialized
INFO - 2020-08-12 17:05:49 --> Language Class Initialized
INFO - 2020-08-12 17:05:49 --> Loader Class Initialized
INFO - 2020-08-12 17:05:49 --> Helper loaded: url_helper
INFO - 2020-08-12 17:05:49 --> Helper loaded: file_helper
INFO - 2020-08-12 17:05:49 --> Helper loaded: text_helper
INFO - 2020-08-12 17:05:49 --> Helper loaded: string_helper
INFO - 2020-08-12 17:05:49 --> Database Driver Class Initialized
INFO - 2020-08-12 17:05:49 --> Email Class Initialized
DEBUG - 2020-08-12 17:05:49 --> Session: "sess_save_path" is empty; using "session.save_path" value from php.ini.
INFO - 2020-08-12 17:05:49 --> Session: Class initialized using 'files' driver.
INFO - 2020-08-12 17:05:49 --> Helper loaded: form_helper
INFO - 2020-08-12 17:05:49 --> Form Validation Class Initialized
INFO - 2020-08-12 17:05:49 --> Controller Class Initialized
INFO - 2020-08-12 17:05:49 --> Model "M_auth" initialized
DEBUG - 2020-08-12 17:05:49 --> Form_validation class already loaded. Second attempt ignored.
DEBUG - 2020-08-12 17:05:49 --> Sc_check class already loaded. Second attempt ignored.
INFO - 2020-08-12 17:05:49 --> Helper loaded: captcha_helper
INFO - 2020-08-12 17:05:49 --> File loaded: C:\xampp\htdocs\scholarship\finance\views\include/header.php
INFO - 2020-08-12 17:05:49 --> File loaded: C:\xampp\htdocs\scholarship\finance\views\include/footer.php
INFO - 2020-08-12 17:05:49 --> File loaded: C:\xampp\htdocs\scholarship\finance\views\include/msg.php
INFO - 2020-08-12 17:05:49 --> File loaded: C:\xampp\htdocs\scholarship\finance\views\auth/login.php
INFO - 2020-08-12 17:05:49 --> Final output sent to browser
DEBUG - 2020-08-12 17:05:49 --> Total execution time: 0.6513
