INFO - 2020-08-30 18:46:16 --> Config Class Initialized
INFO - 2020-08-30 18:46:16 --> Hooks Class Initialized
DEBUG - 2020-08-30 18:46:16 --> UTF-8 Support Enabled
INFO - 2020-08-30 18:46:16 --> Utf8 Class Initialized
INFO - 2020-08-30 18:46:16 --> URI Class Initialized
DEBUG - 2020-08-30 18:46:16 --> No URI present. Default controller set.
INFO - 2020-08-30 18:46:16 --> Router Class Initialized
INFO - 2020-08-30 18:46:16 --> Output Class Initialized
INFO - 2020-08-30 18:46:16 --> Security Class Initialized
DEBUG - 2020-08-30 18:46:16 --> Global POST, GET and COOKIE data sanitized
INFO - 2020-08-30 18:46:16 --> Input Class Initialized
INFO - 2020-08-30 18:46:16 --> Language Class Initialized
INFO - 2020-08-30 18:46:16 --> Loader Class Initialized
INFO - 2020-08-30 18:46:16 --> Helper loaded: url_helper
INFO - 2020-08-30 18:46:16 --> Helper loaded: file_helper
INFO - 2020-08-30 18:46:16 --> Helper loaded: text_helper
INFO - 2020-08-30 18:46:16 --> Helper loaded: string_helper
INFO - 2020-08-30 18:46:16 --> Database Driver Class Initialized
INFO - 2020-08-30 18:46:16 --> Email Class Initialized
DEBUG - 2020-08-30 18:46:16 --> Session: "sess_save_path" is empty; using "session.save_path" value from php.ini.
INFO - 2020-08-30 18:46:16 --> Session: Class initialized using 'files' driver.
INFO - 2020-08-30 18:46:16 --> Helper loaded: form_helper
INFO - 2020-08-30 18:46:16 --> Form Validation Class Initialized
INFO - 2020-08-30 18:46:16 --> Controller Class Initialized
INFO - 2020-08-30 18:46:16 --> Model "M_auth" initialized
DEBUG - 2020-08-30 18:46:16 --> Form_validation class already loaded. Second attempt ignored.
DEBUG - 2020-08-30 18:46:16 --> Sc_check class already loaded. Second attempt ignored.
INFO - 2020-08-30 18:46:16 --> Helper loaded: captcha_helper
INFO - 2020-08-30 18:46:17 --> File loaded: C:\xampp\htdocs\scholarship\govt\views\include/header.php
INFO - 2020-08-30 18:46:17 --> File loaded: C:\xampp\htdocs\scholarship\govt\views\include/footer.php
INFO - 2020-08-30 18:46:17 --> File loaded: C:\xampp\htdocs\scholarship\govt\views\include/msg.php
INFO - 2020-08-30 18:46:17 --> File loaded: C:\xampp\htdocs\scholarship\govt\views\auth/login.php
INFO - 2020-08-30 18:46:17 --> Final output sent to browser
DEBUG - 2020-08-30 18:46:17 --> Total execution time: 0.3267
INFO - 2020-08-30 18:47:00 --> Config Class Initialized
INFO - 2020-08-30 18:47:00 --> Hooks Class Initialized
DEBUG - 2020-08-30 18:47:00 --> UTF-8 Support Enabled
INFO - 2020-08-30 18:47:00 --> Utf8 Class Initialized
INFO - 2020-08-30 18:47:00 --> URI Class Initialized
INFO - 2020-08-30 18:47:00 --> Router Class Initialized
INFO - 2020-08-30 18:47:00 --> Output Class Initialized
INFO - 2020-08-30 18:47:00 --> Security Class Initialized
DEBUG - 2020-08-30 18:47:00 --> Global POST, GET and COOKIE data sanitized
INFO - 2020-08-30 18:47:00 --> Input Class Initialized
INFO - 2020-08-30 18:47:00 --> Language Class Initialized
ERROR - 2020-08-30 18:47:00 --> 404 Page Not Found: Auth/emailcheck
INFO - 2020-08-30 18:47:06 --> Config Class Initialized
INFO - 2020-08-30 18:47:06 --> Hooks Class Initialized
DEBUG - 2020-08-30 18:47:06 --> UTF-8 Support Enabled
INFO - 2020-08-30 18:47:06 --> Utf8 Class Initialized
INFO - 2020-08-30 18:47:06 --> URI Class Initialized
INFO - 2020-08-30 18:47:06 --> Router Class Initialized
INFO - 2020-08-30 18:47:06 --> Output Class Initialized
INFO - 2020-08-30 18:47:06 --> Security Class Initialized
DEBUG - 2020-08-30 18:47:06 --> Global POST, GET and COOKIE data sanitized
INFO - 2020-08-30 18:47:06 --> Input Class Initialized
INFO - 2020-08-30 18:47:06 --> Language Class Initialized
INFO - 2020-08-30 18:47:06 --> Loader Class Initialized
INFO - 2020-08-30 18:47:06 --> Helper loaded: url_helper
INFO - 2020-08-30 18:47:06 --> Helper loaded: file_helper
INFO - 2020-08-30 18:47:06 --> Helper loaded: text_helper
INFO - 2020-08-30 18:47:06 --> Helper loaded: string_helper
INFO - 2020-08-30 18:47:06 --> Database Driver Class Initialized
INFO - 2020-08-30 18:47:06 --> Email Class Initialized
DEBUG - 2020-08-30 18:47:06 --> Session: "sess_save_path" is empty; using "session.save_path" value from php.ini.
INFO - 2020-08-30 18:47:06 --> Session: Class initialized using 'files' driver.
INFO - 2020-08-30 18:47:06 --> Helper loaded: form_helper
INFO - 2020-08-30 18:47:06 --> Form Validation Class Initialized
INFO - 2020-08-30 18:47:06 --> Controller Class Initialized
INFO - 2020-08-30 18:47:06 --> Model "M_auth" initialized
DEBUG - 2020-08-30 18:47:06 --> Form_validation class already loaded. Second attempt ignored.
DEBUG - 2020-08-30 18:47:06 --> Sc_check class already loaded. Second attempt ignored.
INFO - 2020-08-30 18:47:06 --> Helper loaded: captcha_helper
INFO - 2020-08-30 18:47:06 --> Language file loaded: language/english/form_validation_lang.php
INFO - 2020-08-30 18:47:06 --> ---------------------Success -- Govt  Verification Officer Logged in with prathwiek.5ine@gmail.com and IP aaddress ::1 --------------
INFO - 2020-08-30 18:47:06 --> Config Class Initialized
INFO - 2020-08-30 18:47:06 --> Hooks Class Initialized
DEBUG - 2020-08-30 18:47:06 --> UTF-8 Support Enabled
INFO - 2020-08-30 18:47:06 --> Utf8 Class Initialized
INFO - 2020-08-30 18:47:06 --> URI Class Initialized
INFO - 2020-08-30 18:47:06 --> Router Class Initialized
INFO - 2020-08-30 18:47:06 --> Output Class Initialized
INFO - 2020-08-30 18:47:06 --> Security Class Initialized
DEBUG - 2020-08-30 18:47:06 --> Global POST, GET and COOKIE data sanitized
INFO - 2020-08-30 18:47:06 --> Input Class Initialized
INFO - 2020-08-30 18:47:06 --> Language Class Initialized
INFO - 2020-08-30 18:47:06 --> Loader Class Initialized
INFO - 2020-08-30 18:47:06 --> Helper loaded: url_helper
INFO - 2020-08-30 18:47:06 --> Helper loaded: file_helper
INFO - 2020-08-30 18:47:06 --> Helper loaded: text_helper
INFO - 2020-08-30 18:47:06 --> Helper loaded: string_helper
INFO - 2020-08-30 18:47:06 --> Database Driver Class Initialized
INFO - 2020-08-30 18:47:07 --> Email Class Initialized
DEBUG - 2020-08-30 18:47:07 --> Session: "sess_save_path" is empty; using "session.save_path" value from php.ini.
INFO - 2020-08-30 18:47:07 --> Session: Class initialized using 'files' driver.
INFO - 2020-08-30 18:47:07 --> Helper loaded: form_helper
INFO - 2020-08-30 18:47:07 --> Form Validation Class Initialized
INFO - 2020-08-30 18:47:07 --> Controller Class Initialized
INFO - 2020-08-30 18:47:07 --> Model "M_dashboard" initialized
INFO - 2020-08-30 18:47:07 --> Model "M_auth" initialized
INFO - 2020-08-30 18:47:07 --> File loaded: C:\xampp\htdocs\scholarship\govt\views\include/header.php
INFO - 2020-08-30 18:47:07 --> File loaded: C:\xampp\htdocs\scholarship\govt\views\include/menu.php
INFO - 2020-08-30 18:47:07 --> File loaded: C:\xampp\htdocs\scholarship\govt\views\include/footer.php
INFO - 2020-08-30 18:47:07 --> File loaded: C:\xampp\htdocs\scholarship\govt\views\include/msg.php
INFO - 2020-08-30 18:47:07 --> File loaded: C:\xampp\htdocs\scholarship\govt\views\dashboard/index.php
INFO - 2020-08-30 18:47:07 --> Final output sent to browser
DEBUG - 2020-08-30 18:47:07 --> Total execution time: 0.4180
INFO - 2020-08-30 18:47:07 --> Config Class Initialized
INFO - 2020-08-30 18:47:07 --> Hooks Class Initialized
DEBUG - 2020-08-30 18:47:07 --> UTF-8 Support Enabled
INFO - 2020-08-30 18:47:07 --> Utf8 Class Initialized
INFO - 2020-08-30 18:47:07 --> URI Class Initialized
INFO - 2020-08-30 18:47:07 --> Router Class Initialized
INFO - 2020-08-30 18:47:07 --> Output Class Initialized
INFO - 2020-08-30 18:47:07 --> Security Class Initialized
DEBUG - 2020-08-30 18:47:07 --> Global POST, GET and COOKIE data sanitized
INFO - 2020-08-30 18:47:07 --> Input Class Initialized
INFO - 2020-08-30 18:47:07 --> Language Class Initialized
INFO - 2020-08-30 18:47:07 --> Loader Class Initialized
INFO - 2020-08-30 18:47:07 --> Helper loaded: url_helper
INFO - 2020-08-30 18:47:07 --> Helper loaded: file_helper
INFO - 2020-08-30 18:47:07 --> Helper loaded: text_helper
INFO - 2020-08-30 18:47:07 --> Helper loaded: string_helper
INFO - 2020-08-30 18:47:07 --> Database Driver Class Initialized
INFO - 2020-08-30 18:47:07 --> Email Class Initialized
DEBUG - 2020-08-30 18:47:07 --> Session: "sess_save_path" is empty; using "session.save_path" value from php.ini.
INFO - 2020-08-30 18:47:07 --> Session: Class initialized using 'files' driver.
INFO - 2020-08-30 18:47:08 --> Helper loaded: form_helper
INFO - 2020-08-30 18:47:08 --> Form Validation Class Initialized
INFO - 2020-08-30 18:47:08 --> Controller Class Initialized
INFO - 2020-08-30 18:47:08 --> Model "M_dashboard" initialized
INFO - 2020-08-30 18:47:08 --> Model "M_auth" initialized
INFO - 2020-08-30 18:47:08 --> Final output sent to browser
DEBUG - 2020-08-30 18:47:08 --> Total execution time: 0.4122
INFO - 2020-08-30 18:47:09 --> Config Class Initialized
INFO - 2020-08-30 18:47:09 --> Hooks Class Initialized
DEBUG - 2020-08-30 18:47:09 --> UTF-8 Support Enabled
INFO - 2020-08-30 18:47:09 --> Utf8 Class Initialized
INFO - 2020-08-30 18:47:09 --> URI Class Initialized
INFO - 2020-08-30 18:47:09 --> Router Class Initialized
INFO - 2020-08-30 18:47:09 --> Output Class Initialized
INFO - 2020-08-30 18:47:09 --> Security Class Initialized
DEBUG - 2020-08-30 18:47:09 --> Global POST, GET and COOKIE data sanitized
INFO - 2020-08-30 18:47:09 --> Input Class Initialized
INFO - 2020-08-30 18:47:09 --> Language Class Initialized
INFO - 2020-08-30 18:47:09 --> Loader Class Initialized
INFO - 2020-08-30 18:47:09 --> Helper loaded: url_helper
INFO - 2020-08-30 18:47:09 --> Helper loaded: file_helper
INFO - 2020-08-30 18:47:09 --> Helper loaded: text_helper
INFO - 2020-08-30 18:47:09 --> Helper loaded: string_helper
INFO - 2020-08-30 18:47:09 --> Database Driver Class Initialized
INFO - 2020-08-30 18:47:09 --> Email Class Initialized
DEBUG - 2020-08-30 18:47:09 --> Session: "sess_save_path" is empty; using "session.save_path" value from php.ini.
INFO - 2020-08-30 18:47:09 --> Session: Class initialized using 'files' driver.
INFO - 2020-08-30 18:47:09 --> Helper loaded: form_helper
INFO - 2020-08-30 18:47:09 --> Form Validation Class Initialized
INFO - 2020-08-30 18:47:09 --> Controller Class Initialized
INFO - 2020-08-30 18:47:09 --> Model "M_scholar" initialized
INFO - 2020-08-30 18:47:09 --> Model "M_auth" initialized
INFO - 2020-08-30 18:47:09 --> File loaded: C:\xampp\htdocs\scholarship\govt\views\include/header.php
INFO - 2020-08-30 18:47:09 --> File loaded: C:\xampp\htdocs\scholarship\govt\views\include/menu.php
INFO - 2020-08-30 18:47:09 --> File loaded: C:\xampp\htdocs\scholarship\govt\views\include/footer.php
INFO - 2020-08-30 18:47:09 --> File loaded: C:\xampp\htdocs\scholarship\govt\views\scholar/list.php
INFO - 2020-08-30 18:47:09 --> Final output sent to browser
DEBUG - 2020-08-30 18:47:10 --> Total execution time: 0.4245
INFO - 2020-08-30 18:47:11 --> Config Class Initialized
INFO - 2020-08-30 18:47:11 --> Hooks Class Initialized
DEBUG - 2020-08-30 18:47:11 --> UTF-8 Support Enabled
INFO - 2020-08-30 18:47:11 --> Utf8 Class Initialized
INFO - 2020-08-30 18:47:11 --> URI Class Initialized
INFO - 2020-08-30 18:47:11 --> Router Class Initialized
INFO - 2020-08-30 18:47:11 --> Output Class Initialized
INFO - 2020-08-30 18:47:11 --> Security Class Initialized
DEBUG - 2020-08-30 18:47:11 --> Global POST, GET and COOKIE data sanitized
INFO - 2020-08-30 18:47:11 --> Input Class Initialized
INFO - 2020-08-30 18:47:11 --> Language Class Initialized
INFO - 2020-08-30 18:47:11 --> Loader Class Initialized
INFO - 2020-08-30 18:47:11 --> Helper loaded: url_helper
INFO - 2020-08-30 18:47:11 --> Helper loaded: file_helper
INFO - 2020-08-30 18:47:11 --> Helper loaded: text_helper
INFO - 2020-08-30 18:47:11 --> Helper loaded: string_helper
INFO - 2020-08-30 18:47:11 --> Database Driver Class Initialized
INFO - 2020-08-30 18:47:11 --> Email Class Initialized
DEBUG - 2020-08-30 18:47:11 --> Session: "sess_save_path" is empty; using "session.save_path" value from php.ini.
INFO - 2020-08-30 18:47:11 --> Session: Class initialized using 'files' driver.
INFO - 2020-08-30 18:47:11 --> Helper loaded: form_helper
INFO - 2020-08-30 18:47:11 --> Form Validation Class Initialized
INFO - 2020-08-30 18:47:11 --> Controller Class Initialized
INFO - 2020-08-30 18:47:11 --> Model "M_scholar" initialized
INFO - 2020-08-30 18:47:11 --> Model "M_auth" initialized
INFO - 2020-08-30 18:47:11 --> Final output sent to browser
DEBUG - 2020-08-30 18:47:11 --> Total execution time: 0.4837
INFO - 2020-08-30 18:47:16 --> Config Class Initialized
INFO - 2020-08-30 18:47:16 --> Hooks Class Initialized
DEBUG - 2020-08-30 18:47:16 --> UTF-8 Support Enabled
INFO - 2020-08-30 18:47:16 --> Utf8 Class Initialized
INFO - 2020-08-30 18:47:16 --> URI Class Initialized
INFO - 2020-08-30 18:47:16 --> Router Class Initialized
INFO - 2020-08-30 18:47:16 --> Output Class Initialized
INFO - 2020-08-30 18:47:16 --> Security Class Initialized
DEBUG - 2020-08-30 18:47:16 --> Global POST, GET and COOKIE data sanitized
INFO - 2020-08-30 18:47:16 --> Input Class Initialized
INFO - 2020-08-30 18:47:16 --> Language Class Initialized
INFO - 2020-08-30 18:47:16 --> Loader Class Initialized
INFO - 2020-08-30 18:47:16 --> Helper loaded: url_helper
INFO - 2020-08-30 18:47:16 --> Helper loaded: file_helper
INFO - 2020-08-30 18:47:17 --> Helper loaded: text_helper
INFO - 2020-08-30 18:47:17 --> Helper loaded: string_helper
INFO - 2020-08-30 18:47:17 --> Database Driver Class Initialized
INFO - 2020-08-30 18:47:17 --> Email Class Initialized
DEBUG - 2020-08-30 18:47:17 --> Session: "sess_save_path" is empty; using "session.save_path" value from php.ini.
INFO - 2020-08-30 18:47:17 --> Session: Class initialized using 'files' driver.
INFO - 2020-08-30 18:47:17 --> Helper loaded: form_helper
INFO - 2020-08-30 18:47:17 --> Form Validation Class Initialized
INFO - 2020-08-30 18:47:17 --> Controller Class Initialized
INFO - 2020-08-30 18:47:17 --> Model "M_scholar" initialized
INFO - 2020-08-30 18:47:17 --> Model "M_auth" initialized
INFO - 2020-08-30 18:47:17 --> File loaded: C:\xampp\htdocs\scholarship\govt\views\include/header.php
INFO - 2020-08-30 18:47:17 --> File loaded: C:\xampp\htdocs\scholarship\govt\views\include/menu.php
INFO - 2020-08-30 18:47:17 --> File loaded: C:\xampp\htdocs\scholarship\govt\views\include/footer.php
INFO - 2020-08-30 18:47:17 --> File loaded: C:\xampp\htdocs\scholarship\govt\views\include/msg.php
INFO - 2020-08-30 18:47:17 --> File loaded: C:\xampp\htdocs\scholarship\govt\views\scholar/application.php
INFO - 2020-08-30 18:47:17 --> Final output sent to browser
DEBUG - 2020-08-30 18:47:17 --> Total execution time: 0.4491
INFO - 2020-08-30 18:48:42 --> Config Class Initialized
INFO - 2020-08-30 18:48:42 --> Hooks Class Initialized
DEBUG - 2020-08-30 18:48:42 --> UTF-8 Support Enabled
INFO - 2020-08-30 18:48:42 --> Utf8 Class Initialized
INFO - 2020-08-30 18:48:42 --> URI Class Initialized
INFO - 2020-08-30 18:48:42 --> Router Class Initialized
INFO - 2020-08-30 18:48:42 --> Output Class Initialized
INFO - 2020-08-30 18:48:42 --> Security Class Initialized
DEBUG - 2020-08-30 18:48:42 --> Global POST, GET and COOKIE data sanitized
INFO - 2020-08-30 18:48:42 --> Input Class Initialized
INFO - 2020-08-30 18:48:42 --> Language Class Initialized
INFO - 2020-08-30 18:48:42 --> Loader Class Initialized
INFO - 2020-08-30 18:48:42 --> Helper loaded: url_helper
INFO - 2020-08-30 18:48:42 --> Helper loaded: file_helper
INFO - 2020-08-30 18:48:42 --> Helper loaded: text_helper
INFO - 2020-08-30 18:48:42 --> Helper loaded: string_helper
INFO - 2020-08-30 18:48:42 --> Database Driver Class Initialized
INFO - 2020-08-30 18:48:42 --> Email Class Initialized
DEBUG - 2020-08-30 18:48:42 --> Session: "sess_save_path" is empty; using "session.save_path" value from php.ini.
INFO - 2020-08-30 18:48:42 --> Session: Class initialized using 'files' driver.
INFO - 2020-08-30 18:48:43 --> Helper loaded: form_helper
INFO - 2020-08-30 18:48:43 --> Form Validation Class Initialized
INFO - 2020-08-30 18:48:43 --> Controller Class Initialized
INFO - 2020-08-30 18:48:43 --> Model "M_scholar" initialized
INFO - 2020-08-30 18:48:43 --> Model "M_auth" initialized
INFO - 2020-08-30 18:48:43 --> File loaded: C:\xampp\htdocs\scholarship\govt\views\include/header.php
INFO - 2020-08-30 18:48:43 --> File loaded: C:\xampp\htdocs\scholarship\govt\views\include/menu.php
INFO - 2020-08-30 18:48:43 --> File loaded: C:\xampp\htdocs\scholarship\govt\views\include/footer.php
INFO - 2020-08-30 18:48:43 --> File loaded: C:\xampp\htdocs\scholarship\govt\views\include/msg.php
INFO - 2020-08-30 18:48:43 --> File loaded: C:\xampp\htdocs\scholarship\govt\views\scholar/application.php
INFO - 2020-08-30 18:48:43 --> Final output sent to browser
DEBUG - 2020-08-30 18:48:43 --> Total execution time: 0.5664
INFO - 2020-08-30 18:48:49 --> Config Class Initialized
INFO - 2020-08-30 18:48:49 --> Hooks Class Initialized
DEBUG - 2020-08-30 18:48:49 --> UTF-8 Support Enabled
INFO - 2020-08-30 18:48:49 --> Utf8 Class Initialized
INFO - 2020-08-30 18:48:49 --> URI Class Initialized
INFO - 2020-08-30 18:48:49 --> Router Class Initialized
INFO - 2020-08-30 18:48:49 --> Output Class Initialized
INFO - 2020-08-30 18:48:49 --> Security Class Initialized
DEBUG - 2020-08-30 18:48:49 --> Global POST, GET and COOKIE data sanitized
INFO - 2020-08-30 18:48:49 --> Input Class Initialized
INFO - 2020-08-30 18:48:49 --> Language Class Initialized
INFO - 2020-08-30 18:48:49 --> Loader Class Initialized
INFO - 2020-08-30 18:48:49 --> Helper loaded: url_helper
INFO - 2020-08-30 18:48:49 --> Helper loaded: file_helper
INFO - 2020-08-30 18:48:49 --> Helper loaded: text_helper
INFO - 2020-08-30 18:48:49 --> Helper loaded: string_helper
INFO - 2020-08-30 18:48:49 --> Database Driver Class Initialized
INFO - 2020-08-30 18:48:49 --> Email Class Initialized
DEBUG - 2020-08-30 18:48:49 --> Session: "sess_save_path" is empty; using "session.save_path" value from php.ini.
INFO - 2020-08-30 18:48:49 --> Session: Class initialized using 'files' driver.
INFO - 2020-08-30 18:48:49 --> Helper loaded: form_helper
INFO - 2020-08-30 18:48:50 --> Form Validation Class Initialized
INFO - 2020-08-30 18:48:50 --> Controller Class Initialized
INFO - 2020-08-30 18:48:50 --> Model "M_scholar" initialized
INFO - 2020-08-30 18:48:50 --> Model "M_auth" initialized
INFO - 2020-08-30 18:48:50 --> File loaded: C:\xampp\htdocs\scholarship\govt\views\scholar/application-download.php
INFO - 2020-08-30 18:51:26 --> Config Class Initialized
INFO - 2020-08-30 18:51:26 --> Hooks Class Initialized
DEBUG - 2020-08-30 18:51:26 --> UTF-8 Support Enabled
INFO - 2020-08-30 18:51:26 --> Utf8 Class Initialized
INFO - 2020-08-30 18:51:26 --> URI Class Initialized
INFO - 2020-08-30 18:51:26 --> Router Class Initialized
INFO - 2020-08-30 18:51:26 --> Output Class Initialized
INFO - 2020-08-30 18:51:26 --> Security Class Initialized
DEBUG - 2020-08-30 18:51:26 --> Global POST, GET and COOKIE data sanitized
INFO - 2020-08-30 18:51:26 --> Input Class Initialized
INFO - 2020-08-30 18:51:26 --> Language Class Initialized
INFO - 2020-08-30 18:51:26 --> Loader Class Initialized
INFO - 2020-08-30 18:51:26 --> Helper loaded: url_helper
INFO - 2020-08-30 18:51:27 --> Helper loaded: file_helper
INFO - 2020-08-30 18:51:27 --> Helper loaded: text_helper
INFO - 2020-08-30 18:51:27 --> Helper loaded: string_helper
INFO - 2020-08-30 18:51:27 --> Database Driver Class Initialized
INFO - 2020-08-30 18:51:27 --> Email Class Initialized
DEBUG - 2020-08-30 18:51:27 --> Session: "sess_save_path" is empty; using "session.save_path" value from php.ini.
INFO - 2020-08-30 18:51:27 --> Session: Class initialized using 'files' driver.
INFO - 2020-08-30 18:51:27 --> Helper loaded: form_helper
INFO - 2020-08-30 18:51:27 --> Form Validation Class Initialized
INFO - 2020-08-30 18:51:27 --> Controller Class Initialized
INFO - 2020-08-30 18:51:27 --> Model "M_scholar" initialized
INFO - 2020-08-30 18:51:27 --> Model "M_auth" initialized
INFO - 2020-08-30 18:51:27 --> Final output sent to browser
DEBUG - 2020-08-30 18:51:27 --> Total execution time: 0.3946
INFO - 2020-08-30 18:51:27 --> Config Class Initialized
INFO - 2020-08-30 18:51:27 --> Hooks Class Initialized
DEBUG - 2020-08-30 18:51:27 --> UTF-8 Support Enabled
INFO - 2020-08-30 18:51:27 --> Utf8 Class Initialized
INFO - 2020-08-30 18:51:27 --> URI Class Initialized
INFO - 2020-08-30 18:51:27 --> Router Class Initialized
INFO - 2020-08-30 18:51:27 --> Output Class Initialized
INFO - 2020-08-30 18:51:27 --> Security Class Initialized
DEBUG - 2020-08-30 18:51:27 --> Global POST, GET and COOKIE data sanitized
INFO - 2020-08-30 18:51:27 --> Input Class Initialized
INFO - 2020-08-30 18:51:27 --> Language Class Initialized
INFO - 2020-08-30 18:51:27 --> Loader Class Initialized
INFO - 2020-08-30 18:51:27 --> Helper loaded: url_helper
INFO - 2020-08-30 18:51:27 --> Helper loaded: file_helper
INFO - 2020-08-30 18:51:27 --> Helper loaded: text_helper
INFO - 2020-08-30 18:51:27 --> Helper loaded: string_helper
INFO - 2020-08-30 18:51:27 --> Database Driver Class Initialized
INFO - 2020-08-30 18:51:27 --> Email Class Initialized
DEBUG - 2020-08-30 18:51:27 --> Session: "sess_save_path" is empty; using "session.save_path" value from php.ini.
INFO - 2020-08-30 18:51:27 --> Session: Class initialized using 'files' driver.
INFO - 2020-08-30 18:51:27 --> Helper loaded: form_helper
INFO - 2020-08-30 18:51:27 --> Form Validation Class Initialized
INFO - 2020-08-30 18:51:27 --> Controller Class Initialized
INFO - 2020-08-30 18:51:27 --> Model "M_scholar" initialized
INFO - 2020-08-30 18:51:27 --> Model "M_auth" initialized
INFO - 2020-08-30 18:51:27 --> File loaded: C:\xampp\htdocs\scholarship\govt\views\include/header.php
INFO - 2020-08-30 18:51:27 --> File loaded: C:\xampp\htdocs\scholarship\govt\views\include/menu.php
INFO - 2020-08-30 18:51:27 --> File loaded: C:\xampp\htdocs\scholarship\govt\views\include/footer.php
INFO - 2020-08-30 18:51:27 --> File loaded: C:\xampp\htdocs\scholarship\govt\views\scholar/list.php
INFO - 2020-08-30 18:51:27 --> Final output sent to browser
DEBUG - 2020-08-30 18:51:27 --> Total execution time: 0.4892
INFO - 2020-08-30 18:51:29 --> Config Class Initialized
INFO - 2020-08-30 18:51:29 --> Hooks Class Initialized
DEBUG - 2020-08-30 18:51:29 --> UTF-8 Support Enabled
INFO - 2020-08-30 18:51:29 --> Utf8 Class Initialized
INFO - 2020-08-30 18:51:29 --> URI Class Initialized
INFO - 2020-08-30 18:51:29 --> Router Class Initialized
INFO - 2020-08-30 18:51:29 --> Output Class Initialized
INFO - 2020-08-30 18:51:29 --> Security Class Initialized
DEBUG - 2020-08-30 18:51:29 --> Global POST, GET and COOKIE data sanitized
INFO - 2020-08-30 18:51:29 --> Input Class Initialized
INFO - 2020-08-30 18:51:29 --> Language Class Initialized
INFO - 2020-08-30 18:51:29 --> Loader Class Initialized
INFO - 2020-08-30 18:51:29 --> Helper loaded: url_helper
INFO - 2020-08-30 18:51:29 --> Helper loaded: file_helper
INFO - 2020-08-30 18:51:29 --> Helper loaded: text_helper
INFO - 2020-08-30 18:51:29 --> Helper loaded: string_helper
INFO - 2020-08-30 18:51:29 --> Database Driver Class Initialized
INFO - 2020-08-30 18:51:29 --> Email Class Initialized
DEBUG - 2020-08-30 18:51:29 --> Session: "sess_save_path" is empty; using "session.save_path" value from php.ini.
INFO - 2020-08-30 18:51:29 --> Session: Class initialized using 'files' driver.
INFO - 2020-08-30 18:51:29 --> Helper loaded: form_helper
INFO - 2020-08-30 18:51:29 --> Form Validation Class Initialized
INFO - 2020-08-30 18:51:29 --> Controller Class Initialized
INFO - 2020-08-30 18:51:29 --> Model "M_scholar" initialized
INFO - 2020-08-30 18:51:29 --> Model "M_auth" initialized
INFO - 2020-08-30 18:51:29 --> Final output sent to browser
DEBUG - 2020-08-30 18:51:29 --> Total execution time: 0.5101
INFO - 2020-08-30 18:51:37 --> Config Class Initialized
INFO - 2020-08-30 18:51:37 --> Hooks Class Initialized
DEBUG - 2020-08-30 18:51:37 --> UTF-8 Support Enabled
INFO - 2020-08-30 18:51:37 --> Utf8 Class Initialized
INFO - 2020-08-30 18:51:37 --> URI Class Initialized
INFO - 2020-08-30 18:51:37 --> Router Class Initialized
INFO - 2020-08-30 18:51:37 --> Output Class Initialized
INFO - 2020-08-30 18:51:37 --> Security Class Initialized
DEBUG - 2020-08-30 18:51:37 --> Global POST, GET and COOKIE data sanitized
INFO - 2020-08-30 18:51:37 --> Input Class Initialized
INFO - 2020-08-30 18:51:37 --> Language Class Initialized
INFO - 2020-08-30 18:51:37 --> Loader Class Initialized
INFO - 2020-08-30 18:51:37 --> Helper loaded: url_helper
INFO - 2020-08-30 18:51:37 --> Helper loaded: file_helper
INFO - 2020-08-30 18:51:37 --> Helper loaded: text_helper
INFO - 2020-08-30 18:51:37 --> Helper loaded: string_helper
INFO - 2020-08-30 18:51:37 --> Database Driver Class Initialized
INFO - 2020-08-30 18:51:37 --> Email Class Initialized
DEBUG - 2020-08-30 18:51:37 --> Session: "sess_save_path" is empty; using "session.save_path" value from php.ini.
INFO - 2020-08-30 18:51:37 --> Session: Class initialized using 'files' driver.
INFO - 2020-08-30 18:51:37 --> Helper loaded: form_helper
INFO - 2020-08-30 18:51:37 --> Form Validation Class Initialized
INFO - 2020-08-30 18:51:37 --> Controller Class Initialized
INFO - 2020-08-30 18:51:37 --> Model "M_auth" initialized
DEBUG - 2020-08-30 18:51:37 --> Form_validation class already loaded. Second attempt ignored.
DEBUG - 2020-08-30 18:51:37 --> Sc_check class already loaded. Second attempt ignored.
INFO - 2020-08-30 18:51:37 --> Helper loaded: captcha_helper
INFO - 2020-08-30 18:51:37 --> Config Class Initialized
INFO - 2020-08-30 18:51:37 --> Hooks Class Initialized
DEBUG - 2020-08-30 18:51:37 --> UTF-8 Support Enabled
INFO - 2020-08-30 18:51:37 --> Utf8 Class Initialized
INFO - 2020-08-30 18:51:37 --> URI Class Initialized
DEBUG - 2020-08-30 18:51:37 --> No URI present. Default controller set.
INFO - 2020-08-30 18:51:37 --> Router Class Initialized
INFO - 2020-08-30 18:51:37 --> Output Class Initialized
INFO - 2020-08-30 18:51:37 --> Security Class Initialized
DEBUG - 2020-08-30 18:51:37 --> Global POST, GET and COOKIE data sanitized
INFO - 2020-08-30 18:51:37 --> Input Class Initialized
INFO - 2020-08-30 18:51:37 --> Language Class Initialized
INFO - 2020-08-30 18:51:37 --> Loader Class Initialized
INFO - 2020-08-30 18:51:37 --> Helper loaded: url_helper
INFO - 2020-08-30 18:51:37 --> Helper loaded: file_helper
INFO - 2020-08-30 18:51:37 --> Helper loaded: text_helper
INFO - 2020-08-30 18:51:37 --> Helper loaded: string_helper
INFO - 2020-08-30 18:51:37 --> Database Driver Class Initialized
INFO - 2020-08-30 18:51:37 --> Email Class Initialized
DEBUG - 2020-08-30 18:51:37 --> Session: "sess_save_path" is empty; using "session.save_path" value from php.ini.
INFO - 2020-08-30 18:51:37 --> Session: Class initialized using 'files' driver.
INFO - 2020-08-30 18:51:37 --> Helper loaded: form_helper
INFO - 2020-08-30 18:51:38 --> Form Validation Class Initialized
INFO - 2020-08-30 18:51:38 --> Controller Class Initialized
INFO - 2020-08-30 18:51:38 --> Model "M_auth" initialized
DEBUG - 2020-08-30 18:51:38 --> Form_validation class already loaded. Second attempt ignored.
DEBUG - 2020-08-30 18:51:38 --> Sc_check class already loaded. Second attempt ignored.
INFO - 2020-08-30 18:51:38 --> Helper loaded: captcha_helper
INFO - 2020-08-30 18:51:38 --> File loaded: C:\xampp\htdocs\scholarship\govt\views\include/header.php
INFO - 2020-08-30 18:51:38 --> File loaded: C:\xampp\htdocs\scholarship\govt\views\include/footer.php
INFO - 2020-08-30 18:51:38 --> File loaded: C:\xampp\htdocs\scholarship\govt\views\include/msg.php
INFO - 2020-08-30 18:51:38 --> File loaded: C:\xampp\htdocs\scholarship\govt\views\auth/login.php
INFO - 2020-08-30 18:51:38 --> Final output sent to browser
DEBUG - 2020-08-30 18:51:38 --> Total execution time: 0.4525
INFO - 2020-08-30 18:53:12 --> Config Class Initialized
INFO - 2020-08-30 18:53:12 --> Hooks Class Initialized
DEBUG - 2020-08-30 18:53:12 --> UTF-8 Support Enabled
INFO - 2020-08-30 18:53:12 --> Utf8 Class Initialized
INFO - 2020-08-30 18:53:12 --> URI Class Initialized
INFO - 2020-08-30 18:53:12 --> Router Class Initialized
INFO - 2020-08-30 18:53:12 --> Output Class Initialized
INFO - 2020-08-30 18:53:12 --> Security Class Initialized
DEBUG - 2020-08-30 18:53:12 --> Global POST, GET and COOKIE data sanitized
INFO - 2020-08-30 18:53:12 --> Input Class Initialized
INFO - 2020-08-30 18:53:12 --> Language Class Initialized
ERROR - 2020-08-30 18:53:12 --> 404 Page Not Found: Auth/emailcheck
INFO - 2020-08-30 18:53:22 --> Config Class Initialized
INFO - 2020-08-30 18:53:22 --> Hooks Class Initialized
DEBUG - 2020-08-30 18:53:22 --> UTF-8 Support Enabled
INFO - 2020-08-30 18:53:22 --> Utf8 Class Initialized
INFO - 2020-08-30 18:53:22 --> URI Class Initialized
INFO - 2020-08-30 18:53:22 --> Router Class Initialized
INFO - 2020-08-30 18:53:22 --> Output Class Initialized
INFO - 2020-08-30 18:53:22 --> Security Class Initialized
DEBUG - 2020-08-30 18:53:22 --> Global POST, GET and COOKIE data sanitized
INFO - 2020-08-30 18:53:22 --> Input Class Initialized
INFO - 2020-08-30 18:53:22 --> Language Class Initialized
INFO - 2020-08-30 18:53:22 --> Loader Class Initialized
INFO - 2020-08-30 18:53:22 --> Helper loaded: url_helper
INFO - 2020-08-30 18:53:22 --> Helper loaded: file_helper
INFO - 2020-08-30 18:53:22 --> Helper loaded: text_helper
INFO - 2020-08-30 18:53:22 --> Helper loaded: string_helper
INFO - 2020-08-30 18:53:22 --> Database Driver Class Initialized
INFO - 2020-08-30 18:53:22 --> Email Class Initialized
DEBUG - 2020-08-30 18:53:22 --> Session: "sess_save_path" is empty; using "session.save_path" value from php.ini.
INFO - 2020-08-30 18:53:22 --> Session: Class initialized using 'files' driver.
INFO - 2020-08-30 18:53:22 --> Helper loaded: form_helper
INFO - 2020-08-30 18:53:22 --> Form Validation Class Initialized
INFO - 2020-08-30 18:53:22 --> Controller Class Initialized
INFO - 2020-08-30 18:53:22 --> Model "M_auth" initialized
DEBUG - 2020-08-30 18:53:22 --> Form_validation class already loaded. Second attempt ignored.
DEBUG - 2020-08-30 18:53:22 --> Sc_check class already loaded. Second attempt ignored.
INFO - 2020-08-30 18:53:22 --> Helper loaded: captcha_helper
INFO - 2020-08-30 18:53:22 --> Config Class Initialized
INFO - 2020-08-30 18:53:22 --> Hooks Class Initialized
DEBUG - 2020-08-30 18:53:22 --> UTF-8 Support Enabled
INFO - 2020-08-30 18:53:22 --> Utf8 Class Initialized
INFO - 2020-08-30 18:53:22 --> URI Class Initialized
DEBUG - 2020-08-30 18:53:22 --> No URI present. Default controller set.
INFO - 2020-08-30 18:53:22 --> Router Class Initialized
INFO - 2020-08-30 18:53:22 --> Output Class Initialized
INFO - 2020-08-30 18:53:22 --> Security Class Initialized
DEBUG - 2020-08-30 18:53:22 --> Global POST, GET and COOKIE data sanitized
INFO - 2020-08-30 18:53:22 --> Input Class Initialized
INFO - 2020-08-30 18:53:22 --> Language Class Initialized
INFO - 2020-08-30 18:53:22 --> Loader Class Initialized
INFO - 2020-08-30 18:53:23 --> Helper loaded: url_helper
INFO - 2020-08-30 18:53:23 --> Helper loaded: file_helper
INFO - 2020-08-30 18:53:23 --> Helper loaded: text_helper
INFO - 2020-08-30 18:53:23 --> Helper loaded: string_helper
INFO - 2020-08-30 18:53:23 --> Database Driver Class Initialized
INFO - 2020-08-30 18:53:23 --> Email Class Initialized
DEBUG - 2020-08-30 18:53:23 --> Session: "sess_save_path" is empty; using "session.save_path" value from php.ini.
INFO - 2020-08-30 18:53:23 --> Session: Class initialized using 'files' driver.
INFO - 2020-08-30 18:53:23 --> Helper loaded: form_helper
INFO - 2020-08-30 18:53:23 --> Form Validation Class Initialized
INFO - 2020-08-30 18:53:23 --> Controller Class Initialized
INFO - 2020-08-30 18:53:23 --> Model "M_auth" initialized
DEBUG - 2020-08-30 18:53:23 --> Form_validation class already loaded. Second attempt ignored.
DEBUG - 2020-08-30 18:53:23 --> Sc_check class already loaded. Second attempt ignored.
INFO - 2020-08-30 18:53:23 --> Helper loaded: captcha_helper
INFO - 2020-08-30 18:53:23 --> File loaded: C:\xampp\htdocs\scholarship\govt\views\include/header.php
INFO - 2020-08-30 18:53:23 --> File loaded: C:\xampp\htdocs\scholarship\govt\views\include/footer.php
INFO - 2020-08-30 18:53:23 --> File loaded: C:\xampp\htdocs\scholarship\govt\views\include/msg.php
INFO - 2020-08-30 18:53:23 --> File loaded: C:\xampp\htdocs\scholarship\govt\views\auth/login.php
INFO - 2020-08-30 18:53:23 --> Final output sent to browser
DEBUG - 2020-08-30 18:53:23 --> Total execution time: 0.3469
INFO - 2020-08-30 18:53:32 --> Config Class Initialized
INFO - 2020-08-30 18:53:32 --> Hooks Class Initialized
DEBUG - 2020-08-30 18:53:32 --> UTF-8 Support Enabled
INFO - 2020-08-30 18:53:32 --> Utf8 Class Initialized
INFO - 2020-08-30 18:53:32 --> URI Class Initialized
INFO - 2020-08-30 18:53:32 --> Router Class Initialized
INFO - 2020-08-30 18:53:32 --> Output Class Initialized
INFO - 2020-08-30 18:53:32 --> Security Class Initialized
DEBUG - 2020-08-30 18:53:32 --> Global POST, GET and COOKIE data sanitized
INFO - 2020-08-30 18:53:32 --> Input Class Initialized
INFO - 2020-08-30 18:53:32 --> Language Class Initialized
ERROR - 2020-08-30 18:53:32 --> 404 Page Not Found: Auth/emailcheck
INFO - 2020-08-30 18:53:39 --> Config Class Initialized
INFO - 2020-08-30 18:53:39 --> Hooks Class Initialized
DEBUG - 2020-08-30 18:53:39 --> UTF-8 Support Enabled
INFO - 2020-08-30 18:53:39 --> Utf8 Class Initialized
INFO - 2020-08-30 18:53:39 --> URI Class Initialized
INFO - 2020-08-30 18:53:39 --> Router Class Initialized
INFO - 2020-08-30 18:53:40 --> Output Class Initialized
INFO - 2020-08-30 18:53:40 --> Security Class Initialized
DEBUG - 2020-08-30 18:53:40 --> Global POST, GET and COOKIE data sanitized
INFO - 2020-08-30 18:53:40 --> Input Class Initialized
INFO - 2020-08-30 18:53:40 --> Language Class Initialized
INFO - 2020-08-30 18:53:40 --> Loader Class Initialized
INFO - 2020-08-30 18:53:40 --> Helper loaded: url_helper
INFO - 2020-08-30 18:53:40 --> Helper loaded: file_helper
INFO - 2020-08-30 18:53:40 --> Helper loaded: text_helper
INFO - 2020-08-30 18:53:40 --> Helper loaded: string_helper
INFO - 2020-08-30 18:53:40 --> Database Driver Class Initialized
INFO - 2020-08-30 18:53:40 --> Email Class Initialized
DEBUG - 2020-08-30 18:53:40 --> Session: "sess_save_path" is empty; using "session.save_path" value from php.ini.
INFO - 2020-08-30 18:53:40 --> Session: Class initialized using 'files' driver.
INFO - 2020-08-30 18:53:40 --> Helper loaded: form_helper
INFO - 2020-08-30 18:53:40 --> Form Validation Class Initialized
INFO - 2020-08-30 18:53:40 --> Controller Class Initialized
INFO - 2020-08-30 18:53:40 --> Model "M_auth" initialized
DEBUG - 2020-08-30 18:53:40 --> Form_validation class already loaded. Second attempt ignored.
DEBUG - 2020-08-30 18:53:40 --> Sc_check class already loaded. Second attempt ignored.
INFO - 2020-08-30 18:53:40 --> Helper loaded: captcha_helper
INFO - 2020-08-30 18:53:40 --> Language file loaded: language/english/form_validation_lang.php
ERROR - 2020-08-30 18:53:40 --> ---------------------Failed -- Govt  Verification Officer Logged Failed and tried login with prathwi@5ine.in password and IP aaddress ::1 --------------
INFO - 2020-08-30 18:53:40 --> Config Class Initialized
INFO - 2020-08-30 18:53:40 --> Hooks Class Initialized
DEBUG - 2020-08-30 18:53:40 --> UTF-8 Support Enabled
INFO - 2020-08-30 18:53:40 --> Utf8 Class Initialized
INFO - 2020-08-30 18:53:40 --> URI Class Initialized
DEBUG - 2020-08-30 18:53:40 --> No URI present. Default controller set.
INFO - 2020-08-30 18:53:40 --> Router Class Initialized
INFO - 2020-08-30 18:53:40 --> Output Class Initialized
INFO - 2020-08-30 18:53:40 --> Security Class Initialized
DEBUG - 2020-08-30 18:53:40 --> Global POST, GET and COOKIE data sanitized
INFO - 2020-08-30 18:53:40 --> Input Class Initialized
INFO - 2020-08-30 18:53:40 --> Language Class Initialized
INFO - 2020-08-30 18:53:40 --> Loader Class Initialized
INFO - 2020-08-30 18:53:40 --> Helper loaded: url_helper
INFO - 2020-08-30 18:53:40 --> Helper loaded: file_helper
INFO - 2020-08-30 18:53:40 --> Helper loaded: text_helper
INFO - 2020-08-30 18:53:40 --> Helper loaded: string_helper
INFO - 2020-08-30 18:53:40 --> Database Driver Class Initialized
INFO - 2020-08-30 18:53:40 --> Email Class Initialized
DEBUG - 2020-08-30 18:53:40 --> Session: "sess_save_path" is empty; using "session.save_path" value from php.ini.
INFO - 2020-08-30 18:53:40 --> Session: Class initialized using 'files' driver.
INFO - 2020-08-30 18:53:40 --> Helper loaded: form_helper
INFO - 2020-08-30 18:53:40 --> Form Validation Class Initialized
INFO - 2020-08-30 18:53:40 --> Controller Class Initialized
INFO - 2020-08-30 18:53:40 --> Model "M_auth" initialized
DEBUG - 2020-08-30 18:53:40 --> Form_validation class already loaded. Second attempt ignored.
DEBUG - 2020-08-30 18:53:40 --> Sc_check class already loaded. Second attempt ignored.
INFO - 2020-08-30 18:53:40 --> Helper loaded: captcha_helper
INFO - 2020-08-30 18:53:40 --> File loaded: C:\xampp\htdocs\scholarship\govt\views\include/header.php
INFO - 2020-08-30 18:53:40 --> File loaded: C:\xampp\htdocs\scholarship\govt\views\include/footer.php
INFO - 2020-08-30 18:53:40 --> File loaded: C:\xampp\htdocs\scholarship\govt\views\include/msg.php
INFO - 2020-08-30 18:53:40 --> File loaded: C:\xampp\htdocs\scholarship\govt\views\auth/login.php
INFO - 2020-08-30 18:53:40 --> Final output sent to browser
DEBUG - 2020-08-30 18:53:40 --> Total execution time: 0.3689
