INFO - 2020-08-12 06:25:47 --> Config Class Initialized
INFO - 2020-08-12 06:25:47 --> Hooks Class Initialized
DEBUG - 2020-08-12 06:25:47 --> UTF-8 Support Enabled
INFO - 2020-08-12 06:25:47 --> Utf8 Class Initialized
INFO - 2020-08-12 06:25:47 --> URI Class Initialized
INFO - 2020-08-12 06:25:47 --> Router Class Initialized
INFO - 2020-08-12 06:25:47 --> Output Class Initialized
INFO - 2020-08-12 06:25:47 --> Security Class Initialized
DEBUG - 2020-08-12 06:25:47 --> Global POST, GET and COOKIE data sanitized
INFO - 2020-08-12 06:25:47 --> Input Class Initialized
INFO - 2020-08-12 06:25:47 --> Language Class Initialized
INFO - 2020-08-12 06:25:47 --> Loader Class Initialized
INFO - 2020-08-12 06:25:47 --> Helper loaded: url_helper
INFO - 2020-08-12 06:25:47 --> Helper loaded: file_helper
INFO - 2020-08-12 06:25:47 --> Helper loaded: text_helper
INFO - 2020-08-12 06:25:47 --> Helper loaded: string_helper
INFO - 2020-08-12 06:25:48 --> Database Driver Class Initialized
INFO - 2020-08-12 06:25:48 --> Email Class Initialized
DEBUG - 2020-08-12 06:25:48 --> Session: "sess_save_path" is empty; using "session.save_path" value from php.ini.
INFO - 2020-08-12 06:25:48 --> Session: Class initialized using 'files' driver.
INFO - 2020-08-12 06:25:48 --> Helper loaded: form_helper
INFO - 2020-08-12 06:25:48 --> Form Validation Class Initialized
INFO - 2020-08-12 06:25:48 --> Controller Class Initialized
INFO - 2020-08-12 06:25:48 --> Model "M_auth" initialized
DEBUG - 2020-08-12 06:25:48 --> Form_validation class already loaded. Second attempt ignored.
DEBUG - 2020-08-12 06:25:48 --> Sc_check class already loaded. Second attempt ignored.
INFO - 2020-08-12 06:25:48 --> Helper loaded: captcha_helper
INFO - 2020-08-12 06:25:48 --> File loaded: C:\xampp\htdocs\scholarship\govt\views\include/header.php
INFO - 2020-08-12 06:25:48 --> File loaded: C:\xampp\htdocs\scholarship\govt\views\include/footer.php
INFO - 2020-08-12 06:25:48 --> File loaded: C:\xampp\htdocs\scholarship\govt\views\include/msg.php
INFO - 2020-08-12 06:25:48 --> File loaded: C:\xampp\htdocs\scholarship\govt\views\auth/login.php
INFO - 2020-08-12 06:25:48 --> Final output sent to browser
DEBUG - 2020-08-12 06:25:48 --> Total execution time: 0.6680
