INFO - 2020-08-17 07:49:19 --> Config Class Initialized
INFO - 2020-08-17 07:49:19 --> Hooks Class Initialized
DEBUG - 2020-08-17 07:49:19 --> UTF-8 Support Enabled
INFO - 2020-08-17 07:49:19 --> Utf8 Class Initialized
INFO - 2020-08-17 07:49:19 --> URI Class Initialized
INFO - 2020-08-17 07:49:19 --> Router Class Initialized
INFO - 2020-08-17 07:49:19 --> Output Class Initialized
INFO - 2020-08-17 07:49:19 --> Security Class Initialized
DEBUG - 2020-08-17 07:49:19 --> Global POST, GET and COOKIE data sanitized
INFO - 2020-08-17 07:49:19 --> Input Class Initialized
INFO - 2020-08-17 07:49:19 --> Language Class Initialized
INFO - 2020-08-17 07:49:19 --> Loader Class Initialized
INFO - 2020-08-17 07:49:19 --> Helper loaded: url_helper
INFO - 2020-08-17 07:49:19 --> Helper loaded: file_helper
INFO - 2020-08-17 07:49:19 --> Helper loaded: text_helper
INFO - 2020-08-17 07:49:19 --> Helper loaded: string_helper
INFO - 2020-08-17 07:49:19 --> Database Driver Class Initialized
INFO - 2020-08-17 07:49:19 --> Email Class Initialized
DEBUG - 2020-08-17 07:49:19 --> Session: "sess_save_path" is empty; using "session.save_path" value from php.ini.
INFO - 2020-08-17 07:49:19 --> Session: Class initialized using 'files' driver.
INFO - 2020-08-17 07:49:19 --> Helper loaded: form_helper
INFO - 2020-08-17 07:49:19 --> Form Validation Class Initialized
INFO - 2020-08-17 07:49:19 --> Controller Class Initialized
INFO - 2020-08-17 07:49:20 --> Model "M_auth" initialized
DEBUG - 2020-08-17 07:49:20 --> Form_validation class already loaded. Second attempt ignored.
DEBUG - 2020-08-17 07:49:20 --> Sc_check class already loaded. Second attempt ignored.
INFO - 2020-08-17 07:49:20 --> Helper loaded: captcha_helper
INFO - 2020-08-17 07:49:20 --> File loaded: C:\xampp\htdocs\scholarship\govt\views\include/header.php
INFO - 2020-08-17 07:49:20 --> File loaded: C:\xampp\htdocs\scholarship\govt\views\include/footer.php
INFO - 2020-08-17 07:49:20 --> File loaded: C:\xampp\htdocs\scholarship\govt\views\include/msg.php
INFO - 2020-08-17 07:49:20 --> File loaded: C:\xampp\htdocs\scholarship\govt\views\auth/login.php
INFO - 2020-08-17 07:49:20 --> Final output sent to browser
DEBUG - 2020-08-17 07:49:20 --> Total execution time: 0.9981
INFO - 2020-08-17 07:49:51 --> Config Class Initialized
INFO - 2020-08-17 07:49:51 --> Hooks Class Initialized
DEBUG - 2020-08-17 07:49:51 --> UTF-8 Support Enabled
INFO - 2020-08-17 07:49:51 --> Utf8 Class Initialized
INFO - 2020-08-17 07:49:51 --> URI Class Initialized
INFO - 2020-08-17 07:49:51 --> Router Class Initialized
INFO - 2020-08-17 07:49:51 --> Output Class Initialized
INFO - 2020-08-17 07:49:51 --> Security Class Initialized
DEBUG - 2020-08-17 07:49:51 --> Global POST, GET and COOKIE data sanitized
INFO - 2020-08-17 07:49:51 --> Input Class Initialized
INFO - 2020-08-17 07:49:51 --> Language Class Initialized
ERROR - 2020-08-17 07:49:51 --> 404 Page Not Found: Auth/emailcheck
