INFO - 2020-08-20 14:03:16 --> Config Class Initialized
INFO - 2020-08-20 14:03:16 --> Hooks Class Initialized
DEBUG - 2020-08-20 14:03:16 --> UTF-8 Support Enabled
INFO - 2020-08-20 14:03:16 --> Utf8 Class Initialized
INFO - 2020-08-20 14:03:16 --> URI Class Initialized
DEBUG - 2020-08-20 14:03:16 --> No URI present. Default controller set.
INFO - 2020-08-20 14:03:16 --> Router Class Initialized
INFO - 2020-08-20 14:03:16 --> Output Class Initialized
INFO - 2020-08-20 14:03:16 --> Security Class Initialized
DEBUG - 2020-08-20 14:03:16 --> Global POST, GET and COOKIE data sanitized
INFO - 2020-08-20 14:03:16 --> Input Class Initialized
INFO - 2020-08-20 14:03:16 --> Language Class Initialized
INFO - 2020-08-20 14:03:16 --> Loader Class Initialized
INFO - 2020-08-20 14:03:16 --> Helper loaded: url_helper
INFO - 2020-08-20 14:03:16 --> Helper loaded: file_helper
INFO - 2020-08-20 14:03:16 --> Helper loaded: text_helper
INFO - 2020-08-20 14:03:16 --> Helper loaded: string_helper
INFO - 2020-08-20 14:03:16 --> Database Driver Class Initialized
INFO - 2020-08-20 14:03:16 --> Email Class Initialized
DEBUG - 2020-08-20 14:03:16 --> Session: "sess_save_path" is empty; using "session.save_path" value from php.ini.
INFO - 2020-08-20 14:03:16 --> Session: Class initialized using 'files' driver.
INFO - 2020-08-20 14:03:16 --> Helper loaded: form_helper
INFO - 2020-08-20 14:03:16 --> Form Validation Class Initialized
INFO - 2020-08-20 14:03:16 --> Controller Class Initialized
INFO - 2020-08-20 14:03:16 --> Model "M_auth" initialized
DEBUG - 2020-08-20 14:03:16 --> Form_validation class already loaded. Second attempt ignored.
DEBUG - 2020-08-20 14:03:16 --> Sc_check class already loaded. Second attempt ignored.
INFO - 2020-08-20 14:03:16 --> Helper loaded: captcha_helper
INFO - 2020-08-20 14:03:17 --> File loaded: C:\xampp\htdocs\scholarship\govt\views\include/header.php
INFO - 2020-08-20 14:03:17 --> File loaded: C:\xampp\htdocs\scholarship\govt\views\include/footer.php
INFO - 2020-08-20 14:03:17 --> File loaded: C:\xampp\htdocs\scholarship\govt\views\include/msg.php
INFO - 2020-08-20 14:03:17 --> File loaded: C:\xampp\htdocs\scholarship\govt\views\auth/login.php
INFO - 2020-08-20 14:03:17 --> Final output sent to browser
DEBUG - 2020-08-20 14:03:17 --> Total execution time: 0.8594
INFO - 2020-08-20 14:03:37 --> Config Class Initialized
INFO - 2020-08-20 14:03:37 --> Hooks Class Initialized
DEBUG - 2020-08-20 14:03:37 --> UTF-8 Support Enabled
INFO - 2020-08-20 14:03:37 --> Utf8 Class Initialized
INFO - 2020-08-20 14:03:37 --> URI Class Initialized
INFO - 2020-08-20 14:03:37 --> Router Class Initialized
INFO - 2020-08-20 14:03:37 --> Output Class Initialized
INFO - 2020-08-20 14:03:37 --> Security Class Initialized
DEBUG - 2020-08-20 14:03:37 --> Global POST, GET and COOKIE data sanitized
INFO - 2020-08-20 14:03:37 --> Input Class Initialized
INFO - 2020-08-20 14:03:37 --> Language Class Initialized
ERROR - 2020-08-20 14:03:37 --> 404 Page Not Found: Auth/emailcheck
INFO - 2020-08-20 14:03:46 --> Config Class Initialized
INFO - 2020-08-20 14:03:46 --> Hooks Class Initialized
DEBUG - 2020-08-20 14:03:46 --> UTF-8 Support Enabled
INFO - 2020-08-20 14:03:46 --> Utf8 Class Initialized
INFO - 2020-08-20 14:03:46 --> URI Class Initialized
INFO - 2020-08-20 14:03:46 --> Router Class Initialized
INFO - 2020-08-20 14:03:46 --> Output Class Initialized
INFO - 2020-08-20 14:03:46 --> Security Class Initialized
DEBUG - 2020-08-20 14:03:46 --> Global POST, GET and COOKIE data sanitized
INFO - 2020-08-20 14:03:46 --> Input Class Initialized
INFO - 2020-08-20 14:03:46 --> Language Class Initialized
INFO - 2020-08-20 14:03:46 --> Loader Class Initialized
INFO - 2020-08-20 14:03:46 --> Helper loaded: url_helper
INFO - 2020-08-20 14:03:46 --> Helper loaded: file_helper
INFO - 2020-08-20 14:03:46 --> Helper loaded: text_helper
INFO - 2020-08-20 14:03:46 --> Helper loaded: string_helper
INFO - 2020-08-20 14:03:46 --> Database Driver Class Initialized
INFO - 2020-08-20 14:03:46 --> Email Class Initialized
DEBUG - 2020-08-20 14:03:46 --> Session: "sess_save_path" is empty; using "session.save_path" value from php.ini.
INFO - 2020-08-20 14:03:46 --> Session: Class initialized using 'files' driver.
INFO - 2020-08-20 14:03:46 --> Helper loaded: form_helper
INFO - 2020-08-20 14:03:46 --> Form Validation Class Initialized
INFO - 2020-08-20 14:03:46 --> Controller Class Initialized
INFO - 2020-08-20 14:03:47 --> Model "M_auth" initialized
DEBUG - 2020-08-20 14:03:47 --> Form_validation class already loaded. Second attempt ignored.
DEBUG - 2020-08-20 14:03:47 --> Sc_check class already loaded. Second attempt ignored.
INFO - 2020-08-20 14:03:47 --> Helper loaded: captcha_helper
INFO - 2020-08-20 14:03:47 --> Language file loaded: language/english/form_validation_lang.php
INFO - 2020-08-20 14:03:47 --> ---------------------Success -- Govt  Verification Officer Logged in with prathwiek.5ine@gmail.com and IP aaddress ::1 --------------
INFO - 2020-08-20 14:03:47 --> Config Class Initialized
INFO - 2020-08-20 14:03:47 --> Hooks Class Initialized
DEBUG - 2020-08-20 14:03:47 --> UTF-8 Support Enabled
INFO - 2020-08-20 14:03:47 --> Utf8 Class Initialized
INFO - 2020-08-20 14:03:47 --> URI Class Initialized
INFO - 2020-08-20 14:03:47 --> Router Class Initialized
INFO - 2020-08-20 14:03:47 --> Output Class Initialized
INFO - 2020-08-20 14:03:47 --> Security Class Initialized
DEBUG - 2020-08-20 14:03:47 --> Global POST, GET and COOKIE data sanitized
INFO - 2020-08-20 14:03:47 --> Input Class Initialized
INFO - 2020-08-20 14:03:47 --> Language Class Initialized
INFO - 2020-08-20 14:03:47 --> Loader Class Initialized
INFO - 2020-08-20 14:03:47 --> Helper loaded: url_helper
INFO - 2020-08-20 14:03:47 --> Helper loaded: file_helper
INFO - 2020-08-20 14:03:47 --> Helper loaded: text_helper
INFO - 2020-08-20 14:03:47 --> Helper loaded: string_helper
INFO - 2020-08-20 14:03:47 --> Database Driver Class Initialized
INFO - 2020-08-20 14:03:47 --> Email Class Initialized
DEBUG - 2020-08-20 14:03:47 --> Session: "sess_save_path" is empty; using "session.save_path" value from php.ini.
INFO - 2020-08-20 14:03:47 --> Session: Class initialized using 'files' driver.
INFO - 2020-08-20 14:03:47 --> Helper loaded: form_helper
INFO - 2020-08-20 14:03:47 --> Form Validation Class Initialized
INFO - 2020-08-20 14:03:47 --> Controller Class Initialized
INFO - 2020-08-20 14:03:47 --> Model "M_dashboard" initialized
INFO - 2020-08-20 14:03:47 --> Model "M_auth" initialized
INFO - 2020-08-20 14:03:47 --> File loaded: C:\xampp\htdocs\scholarship\govt\views\include/header.php
INFO - 2020-08-20 14:03:47 --> File loaded: C:\xampp\htdocs\scholarship\govt\views\include/menu.php
INFO - 2020-08-20 14:03:47 --> File loaded: C:\xampp\htdocs\scholarship\govt\views\include/footer.php
INFO - 2020-08-20 14:03:47 --> File loaded: C:\xampp\htdocs\scholarship\govt\views\include/msg.php
INFO - 2020-08-20 14:03:47 --> File loaded: C:\xampp\htdocs\scholarship\govt\views\dashboard/index.php
INFO - 2020-08-20 14:03:47 --> Final output sent to browser
DEBUG - 2020-08-20 14:03:47 --> Total execution time: 0.6309
INFO - 2020-08-20 14:03:48 --> Config Class Initialized
INFO - 2020-08-20 14:03:48 --> Hooks Class Initialized
DEBUG - 2020-08-20 14:03:48 --> UTF-8 Support Enabled
INFO - 2020-08-20 14:03:48 --> Utf8 Class Initialized
INFO - 2020-08-20 14:03:48 --> URI Class Initialized
INFO - 2020-08-20 14:03:48 --> Router Class Initialized
INFO - 2020-08-20 14:03:48 --> Output Class Initialized
INFO - 2020-08-20 14:03:48 --> Security Class Initialized
DEBUG - 2020-08-20 14:03:48 --> Global POST, GET and COOKIE data sanitized
INFO - 2020-08-20 14:03:48 --> Input Class Initialized
INFO - 2020-08-20 14:03:48 --> Language Class Initialized
INFO - 2020-08-20 14:03:48 --> Loader Class Initialized
INFO - 2020-08-20 14:03:48 --> Helper loaded: url_helper
INFO - 2020-08-20 14:03:48 --> Helper loaded: file_helper
INFO - 2020-08-20 14:03:48 --> Helper loaded: text_helper
INFO - 2020-08-20 14:03:48 --> Helper loaded: string_helper
INFO - 2020-08-20 14:03:48 --> Database Driver Class Initialized
INFO - 2020-08-20 14:03:48 --> Email Class Initialized
DEBUG - 2020-08-20 14:03:48 --> Session: "sess_save_path" is empty; using "session.save_path" value from php.ini.
INFO - 2020-08-20 14:03:48 --> Session: Class initialized using 'files' driver.
INFO - 2020-08-20 14:03:48 --> Helper loaded: form_helper
INFO - 2020-08-20 14:03:48 --> Form Validation Class Initialized
INFO - 2020-08-20 14:03:48 --> Controller Class Initialized
INFO - 2020-08-20 14:03:48 --> Model "M_dashboard" initialized
INFO - 2020-08-20 14:03:48 --> Model "M_auth" initialized
INFO - 2020-08-20 14:03:48 --> Final output sent to browser
DEBUG - 2020-08-20 14:03:48 --> Total execution time: 0.4884
INFO - 2020-08-20 14:04:10 --> Config Class Initialized
INFO - 2020-08-20 14:04:10 --> Hooks Class Initialized
DEBUG - 2020-08-20 14:04:10 --> UTF-8 Support Enabled
INFO - 2020-08-20 14:04:10 --> Utf8 Class Initialized
INFO - 2020-08-20 14:04:10 --> URI Class Initialized
INFO - 2020-08-20 14:04:10 --> Router Class Initialized
INFO - 2020-08-20 14:04:10 --> Output Class Initialized
INFO - 2020-08-20 14:04:10 --> Security Class Initialized
DEBUG - 2020-08-20 14:04:10 --> Global POST, GET and COOKIE data sanitized
INFO - 2020-08-20 14:04:10 --> Input Class Initialized
INFO - 2020-08-20 14:04:10 --> Language Class Initialized
INFO - 2020-08-20 14:04:10 --> Loader Class Initialized
INFO - 2020-08-20 14:04:10 --> Helper loaded: url_helper
INFO - 2020-08-20 14:04:10 --> Helper loaded: file_helper
INFO - 2020-08-20 14:04:10 --> Helper loaded: text_helper
INFO - 2020-08-20 14:04:10 --> Helper loaded: string_helper
INFO - 2020-08-20 14:04:10 --> Database Driver Class Initialized
INFO - 2020-08-20 14:04:10 --> Email Class Initialized
DEBUG - 2020-08-20 14:04:10 --> Session: "sess_save_path" is empty; using "session.save_path" value from php.ini.
INFO - 2020-08-20 14:04:10 --> Session: Class initialized using 'files' driver.
INFO - 2020-08-20 14:04:10 --> Helper loaded: form_helper
INFO - 2020-08-20 14:04:10 --> Form Validation Class Initialized
INFO - 2020-08-20 14:04:10 --> Controller Class Initialized
INFO - 2020-08-20 14:04:10 --> Model "M_scholar" initialized
INFO - 2020-08-20 14:04:10 --> Model "M_auth" initialized
INFO - 2020-08-20 14:04:10 --> File loaded: C:\xampp\htdocs\scholarship\govt\views\include/header.php
INFO - 2020-08-20 14:04:10 --> File loaded: C:\xampp\htdocs\scholarship\govt\views\include/menu.php
INFO - 2020-08-20 14:04:10 --> File loaded: C:\xampp\htdocs\scholarship\govt\views\include/footer.php
INFO - 2020-08-20 14:04:10 --> File loaded: C:\xampp\htdocs\scholarship\govt\views\scholar/list.php
INFO - 2020-08-20 14:04:10 --> Final output sent to browser
DEBUG - 2020-08-20 14:04:10 --> Total execution time: 0.7468
INFO - 2020-08-20 14:04:13 --> Config Class Initialized
INFO - 2020-08-20 14:04:13 --> Hooks Class Initialized
DEBUG - 2020-08-20 14:04:13 --> UTF-8 Support Enabled
INFO - 2020-08-20 14:04:13 --> Utf8 Class Initialized
INFO - 2020-08-20 14:04:13 --> URI Class Initialized
INFO - 2020-08-20 14:04:13 --> Router Class Initialized
INFO - 2020-08-20 14:04:13 --> Output Class Initialized
INFO - 2020-08-20 14:04:13 --> Security Class Initialized
DEBUG - 2020-08-20 14:04:13 --> Global POST, GET and COOKIE data sanitized
INFO - 2020-08-20 14:04:13 --> Input Class Initialized
INFO - 2020-08-20 14:04:13 --> Language Class Initialized
INFO - 2020-08-20 14:04:13 --> Loader Class Initialized
INFO - 2020-08-20 14:04:13 --> Helper loaded: url_helper
INFO - 2020-08-20 14:04:13 --> Helper loaded: file_helper
INFO - 2020-08-20 14:04:13 --> Helper loaded: text_helper
INFO - 2020-08-20 14:04:13 --> Helper loaded: string_helper
INFO - 2020-08-20 14:04:13 --> Database Driver Class Initialized
INFO - 2020-08-20 14:04:13 --> Email Class Initialized
DEBUG - 2020-08-20 14:04:13 --> Session: "sess_save_path" is empty; using "session.save_path" value from php.ini.
INFO - 2020-08-20 14:04:13 --> Session: Class initialized using 'files' driver.
INFO - 2020-08-20 14:04:13 --> Helper loaded: form_helper
INFO - 2020-08-20 14:04:14 --> Form Validation Class Initialized
INFO - 2020-08-20 14:04:14 --> Controller Class Initialized
INFO - 2020-08-20 14:04:14 --> Model "M_scholar" initialized
INFO - 2020-08-20 14:04:14 --> Model "M_auth" initialized
INFO - 2020-08-20 14:04:14 --> Final output sent to browser
DEBUG - 2020-08-20 14:04:14 --> Total execution time: 0.5852
INFO - 2020-08-20 14:04:20 --> Config Class Initialized
INFO - 2020-08-20 14:04:20 --> Hooks Class Initialized
DEBUG - 2020-08-20 14:04:20 --> UTF-8 Support Enabled
INFO - 2020-08-20 14:04:20 --> Utf8 Class Initialized
INFO - 2020-08-20 14:04:20 --> URI Class Initialized
INFO - 2020-08-20 14:04:20 --> Router Class Initialized
INFO - 2020-08-20 14:04:20 --> Output Class Initialized
INFO - 2020-08-20 14:04:20 --> Security Class Initialized
DEBUG - 2020-08-20 14:04:20 --> Global POST, GET and COOKIE data sanitized
INFO - 2020-08-20 14:04:20 --> Input Class Initialized
INFO - 2020-08-20 14:04:20 --> Language Class Initialized
INFO - 2020-08-20 14:04:20 --> Loader Class Initialized
INFO - 2020-08-20 14:04:20 --> Helper loaded: url_helper
INFO - 2020-08-20 14:04:20 --> Helper loaded: file_helper
INFO - 2020-08-20 14:04:20 --> Helper loaded: text_helper
INFO - 2020-08-20 14:04:20 --> Helper loaded: string_helper
INFO - 2020-08-20 14:04:20 --> Database Driver Class Initialized
INFO - 2020-08-20 14:04:20 --> Email Class Initialized
DEBUG - 2020-08-20 14:04:20 --> Session: "sess_save_path" is empty; using "session.save_path" value from php.ini.
INFO - 2020-08-20 14:04:20 --> Session: Class initialized using 'files' driver.
INFO - 2020-08-20 14:04:20 --> Helper loaded: form_helper
INFO - 2020-08-20 14:04:20 --> Form Validation Class Initialized
INFO - 2020-08-20 14:04:20 --> Controller Class Initialized
INFO - 2020-08-20 14:04:20 --> Model "M_scholar" initialized
INFO - 2020-08-20 14:04:20 --> Model "M_auth" initialized
INFO - 2020-08-20 14:04:21 --> File loaded: C:\xampp\htdocs\scholarship\govt\views\include/header.php
INFO - 2020-08-20 14:04:21 --> File loaded: C:\xampp\htdocs\scholarship\govt\views\include/menu.php
INFO - 2020-08-20 14:04:21 --> File loaded: C:\xampp\htdocs\scholarship\govt\views\include/footer.php
INFO - 2020-08-20 14:04:21 --> File loaded: C:\xampp\htdocs\scholarship\govt\views\include/msg.php
INFO - 2020-08-20 14:04:21 --> File loaded: C:\xampp\htdocs\scholarship\govt\views\scholar/application.php
INFO - 2020-08-20 14:04:21 --> Final output sent to browser
DEBUG - 2020-08-20 14:04:21 --> Total execution time: 0.7441
INFO - 2020-08-20 14:04:29 --> Config Class Initialized
INFO - 2020-08-20 14:04:29 --> Hooks Class Initialized
DEBUG - 2020-08-20 14:04:29 --> UTF-8 Support Enabled
INFO - 2020-08-20 14:04:29 --> Utf8 Class Initialized
INFO - 2020-08-20 14:04:29 --> URI Class Initialized
INFO - 2020-08-20 14:04:29 --> Router Class Initialized
INFO - 2020-08-20 14:04:29 --> Output Class Initialized
INFO - 2020-08-20 14:04:29 --> Security Class Initialized
DEBUG - 2020-08-20 14:04:29 --> Global POST, GET and COOKIE data sanitized
INFO - 2020-08-20 14:04:29 --> Input Class Initialized
INFO - 2020-08-20 14:04:29 --> Language Class Initialized
INFO - 2020-08-20 14:04:29 --> Loader Class Initialized
INFO - 2020-08-20 14:04:29 --> Helper loaded: url_helper
INFO - 2020-08-20 14:04:29 --> Helper loaded: file_helper
INFO - 2020-08-20 14:04:29 --> Helper loaded: text_helper
INFO - 2020-08-20 14:04:29 --> Helper loaded: string_helper
INFO - 2020-08-20 14:04:29 --> Database Driver Class Initialized
INFO - 2020-08-20 14:04:29 --> Email Class Initialized
DEBUG - 2020-08-20 14:04:29 --> Session: "sess_save_path" is empty; using "session.save_path" value from php.ini.
INFO - 2020-08-20 14:04:29 --> Session: Class initialized using 'files' driver.
INFO - 2020-08-20 14:04:29 --> Helper loaded: form_helper
INFO - 2020-08-20 14:04:29 --> Form Validation Class Initialized
INFO - 2020-08-20 14:04:29 --> Controller Class Initialized
INFO - 2020-08-20 14:04:29 --> Model "M_scholar" initialized
INFO - 2020-08-20 14:04:29 --> Model "M_auth" initialized
INFO - 2020-08-20 14:04:29 --> Final output sent to browser
DEBUG - 2020-08-20 14:04:30 --> Total execution time: 0.5032
INFO - 2020-08-20 14:04:30 --> Config Class Initialized
INFO - 2020-08-20 14:04:30 --> Hooks Class Initialized
DEBUG - 2020-08-20 14:04:30 --> UTF-8 Support Enabled
INFO - 2020-08-20 14:04:30 --> Utf8 Class Initialized
INFO - 2020-08-20 14:04:30 --> URI Class Initialized
INFO - 2020-08-20 14:04:30 --> Router Class Initialized
INFO - 2020-08-20 14:04:30 --> Output Class Initialized
INFO - 2020-08-20 14:04:30 --> Security Class Initialized
DEBUG - 2020-08-20 14:04:30 --> Global POST, GET and COOKIE data sanitized
INFO - 2020-08-20 14:04:30 --> Input Class Initialized
INFO - 2020-08-20 14:04:30 --> Language Class Initialized
INFO - 2020-08-20 14:04:30 --> Loader Class Initialized
INFO - 2020-08-20 14:04:30 --> Helper loaded: url_helper
INFO - 2020-08-20 14:04:30 --> Helper loaded: file_helper
INFO - 2020-08-20 14:04:30 --> Helper loaded: text_helper
INFO - 2020-08-20 14:04:30 --> Helper loaded: string_helper
INFO - 2020-08-20 14:04:30 --> Database Driver Class Initialized
INFO - 2020-08-20 14:04:30 --> Email Class Initialized
DEBUG - 2020-08-20 14:04:30 --> Session: "sess_save_path" is empty; using "session.save_path" value from php.ini.
INFO - 2020-08-20 14:04:30 --> Session: Class initialized using 'files' driver.
INFO - 2020-08-20 14:04:30 --> Helper loaded: form_helper
INFO - 2020-08-20 14:04:30 --> Form Validation Class Initialized
INFO - 2020-08-20 14:04:30 --> Controller Class Initialized
INFO - 2020-08-20 14:04:30 --> Model "M_scholar" initialized
INFO - 2020-08-20 14:04:30 --> Model "M_auth" initialized
INFO - 2020-08-20 14:04:30 --> File loaded: C:\xampp\htdocs\scholarship\govt\views\include/header.php
INFO - 2020-08-20 14:04:30 --> File loaded: C:\xampp\htdocs\scholarship\govt\views\include/menu.php
INFO - 2020-08-20 14:04:30 --> File loaded: C:\xampp\htdocs\scholarship\govt\views\include/footer.php
INFO - 2020-08-20 14:04:30 --> File loaded: C:\xampp\htdocs\scholarship\govt\views\scholar/list.php
INFO - 2020-08-20 14:04:30 --> Final output sent to browser
DEBUG - 2020-08-20 14:04:30 --> Total execution time: 0.5891
INFO - 2020-08-20 14:04:32 --> Config Class Initialized
INFO - 2020-08-20 14:04:32 --> Hooks Class Initialized
DEBUG - 2020-08-20 14:04:32 --> UTF-8 Support Enabled
INFO - 2020-08-20 14:04:32 --> Utf8 Class Initialized
INFO - 2020-08-20 14:04:33 --> URI Class Initialized
INFO - 2020-08-20 14:04:33 --> Router Class Initialized
INFO - 2020-08-20 14:04:33 --> Output Class Initialized
INFO - 2020-08-20 14:04:33 --> Security Class Initialized
DEBUG - 2020-08-20 14:04:33 --> Global POST, GET and COOKIE data sanitized
INFO - 2020-08-20 14:04:33 --> Input Class Initialized
INFO - 2020-08-20 14:04:33 --> Language Class Initialized
INFO - 2020-08-20 14:04:33 --> Loader Class Initialized
INFO - 2020-08-20 14:04:33 --> Helper loaded: url_helper
INFO - 2020-08-20 14:04:33 --> Helper loaded: file_helper
INFO - 2020-08-20 14:04:33 --> Helper loaded: text_helper
INFO - 2020-08-20 14:04:33 --> Helper loaded: string_helper
INFO - 2020-08-20 14:04:33 --> Database Driver Class Initialized
INFO - 2020-08-20 14:04:33 --> Email Class Initialized
DEBUG - 2020-08-20 14:04:33 --> Session: "sess_save_path" is empty; using "session.save_path" value from php.ini.
INFO - 2020-08-20 14:04:33 --> Session: Class initialized using 'files' driver.
INFO - 2020-08-20 14:04:33 --> Helper loaded: form_helper
INFO - 2020-08-20 14:04:33 --> Form Validation Class Initialized
INFO - 2020-08-20 14:04:33 --> Controller Class Initialized
INFO - 2020-08-20 14:04:33 --> Model "M_scholar" initialized
INFO - 2020-08-20 14:04:33 --> Model "M_auth" initialized
INFO - 2020-08-20 14:04:33 --> Final output sent to browser
DEBUG - 2020-08-20 14:04:33 --> Total execution time: 0.5058
INFO - 2020-08-20 14:04:40 --> Config Class Initialized
INFO - 2020-08-20 14:04:40 --> Hooks Class Initialized
DEBUG - 2020-08-20 14:04:40 --> UTF-8 Support Enabled
INFO - 2020-08-20 14:04:40 --> Utf8 Class Initialized
INFO - 2020-08-20 14:04:41 --> URI Class Initialized
INFO - 2020-08-20 14:04:41 --> Router Class Initialized
INFO - 2020-08-20 14:04:41 --> Output Class Initialized
INFO - 2020-08-20 14:04:41 --> Security Class Initialized
DEBUG - 2020-08-20 14:04:41 --> Global POST, GET and COOKIE data sanitized
INFO - 2020-08-20 14:04:41 --> Input Class Initialized
INFO - 2020-08-20 14:04:41 --> Language Class Initialized
INFO - 2020-08-20 14:04:41 --> Loader Class Initialized
INFO - 2020-08-20 14:04:41 --> Helper loaded: url_helper
INFO - 2020-08-20 14:04:41 --> Helper loaded: file_helper
INFO - 2020-08-20 14:04:41 --> Helper loaded: text_helper
INFO - 2020-08-20 14:04:41 --> Helper loaded: string_helper
INFO - 2020-08-20 14:04:41 --> Database Driver Class Initialized
INFO - 2020-08-20 14:04:41 --> Email Class Initialized
DEBUG - 2020-08-20 14:04:41 --> Session: "sess_save_path" is empty; using "session.save_path" value from php.ini.
INFO - 2020-08-20 14:04:41 --> Session: Class initialized using 'files' driver.
INFO - 2020-08-20 14:04:41 --> Helper loaded: form_helper
INFO - 2020-08-20 14:04:41 --> Form Validation Class Initialized
INFO - 2020-08-20 14:04:41 --> Controller Class Initialized
INFO - 2020-08-20 14:04:41 --> Model "M_auth" initialized
DEBUG - 2020-08-20 14:04:41 --> Form_validation class already loaded. Second attempt ignored.
DEBUG - 2020-08-20 14:04:41 --> Sc_check class already loaded. Second attempt ignored.
INFO - 2020-08-20 14:04:41 --> Helper loaded: captcha_helper
INFO - 2020-08-20 14:04:41 --> Config Class Initialized
INFO - 2020-08-20 14:04:41 --> Hooks Class Initialized
DEBUG - 2020-08-20 14:04:41 --> UTF-8 Support Enabled
INFO - 2020-08-20 14:04:41 --> Utf8 Class Initialized
INFO - 2020-08-20 14:04:41 --> URI Class Initialized
DEBUG - 2020-08-20 14:04:41 --> No URI present. Default controller set.
INFO - 2020-08-20 14:04:41 --> Router Class Initialized
INFO - 2020-08-20 14:04:41 --> Output Class Initialized
INFO - 2020-08-20 14:04:41 --> Security Class Initialized
DEBUG - 2020-08-20 14:04:41 --> Global POST, GET and COOKIE data sanitized
INFO - 2020-08-20 14:04:41 --> Input Class Initialized
INFO - 2020-08-20 14:04:41 --> Language Class Initialized
INFO - 2020-08-20 14:04:41 --> Loader Class Initialized
INFO - 2020-08-20 14:04:41 --> Helper loaded: url_helper
INFO - 2020-08-20 14:04:41 --> Helper loaded: file_helper
INFO - 2020-08-20 14:04:41 --> Helper loaded: text_helper
INFO - 2020-08-20 14:04:41 --> Helper loaded: string_helper
INFO - 2020-08-20 14:04:41 --> Database Driver Class Initialized
INFO - 2020-08-20 14:04:41 --> Email Class Initialized
DEBUG - 2020-08-20 14:04:41 --> Session: "sess_save_path" is empty; using "session.save_path" value from php.ini.
INFO - 2020-08-20 14:04:41 --> Session: Class initialized using 'files' driver.
INFO - 2020-08-20 14:04:41 --> Helper loaded: form_helper
INFO - 2020-08-20 14:04:41 --> Form Validation Class Initialized
INFO - 2020-08-20 14:04:41 --> Controller Class Initialized
INFO - 2020-08-20 14:04:41 --> Model "M_auth" initialized
DEBUG - 2020-08-20 14:04:42 --> Form_validation class already loaded. Second attempt ignored.
DEBUG - 2020-08-20 14:04:42 --> Sc_check class already loaded. Second attempt ignored.
INFO - 2020-08-20 14:04:42 --> Helper loaded: captcha_helper
INFO - 2020-08-20 14:04:42 --> File loaded: C:\xampp\htdocs\scholarship\govt\views\include/header.php
INFO - 2020-08-20 14:04:42 --> File loaded: C:\xampp\htdocs\scholarship\govt\views\include/footer.php
INFO - 2020-08-20 14:04:42 --> File loaded: C:\xampp\htdocs\scholarship\govt\views\include/msg.php
INFO - 2020-08-20 14:04:42 --> File loaded: C:\xampp\htdocs\scholarship\govt\views\auth/login.php
INFO - 2020-08-20 14:04:42 --> Final output sent to browser
DEBUG - 2020-08-20 14:04:42 --> Total execution time: 0.5690
