INFO - 2020-09-01 12:04:20 --> Config Class Initialized
INFO - 2020-09-01 12:04:20 --> Hooks Class Initialized
DEBUG - 2020-09-01 12:04:20 --> UTF-8 Support Enabled
INFO - 2020-09-01 12:04:20 --> Utf8 Class Initialized
INFO - 2020-09-01 12:04:20 --> URI Class Initialized
DEBUG - 2020-09-01 12:04:20 --> No URI present. Default controller set.
INFO - 2020-09-01 12:04:20 --> Router Class Initialized
INFO - 2020-09-01 12:04:20 --> Output Class Initialized
INFO - 2020-09-01 12:04:20 --> Security Class Initialized
DEBUG - 2020-09-01 12:04:20 --> Global POST, GET and COOKIE data sanitized
INFO - 2020-09-01 12:04:20 --> Input Class Initialized
INFO - 2020-09-01 12:04:20 --> Language Class Initialized
INFO - 2020-09-01 12:04:20 --> Loader Class Initialized
INFO - 2020-09-01 12:04:20 --> Helper loaded: url_helper
INFO - 2020-09-01 12:04:20 --> Helper loaded: file_helper
INFO - 2020-09-01 12:04:20 --> Helper loaded: text_helper
INFO - 2020-09-01 12:04:20 --> Helper loaded: string_helper
INFO - 2020-09-01 12:04:20 --> Database Driver Class Initialized
INFO - 2020-09-01 12:04:21 --> Email Class Initialized
DEBUG - 2020-09-01 12:04:21 --> Session: "sess_save_path" is empty; using "session.save_path" value from php.ini.
INFO - 2020-09-01 12:04:21 --> Session: Class initialized using 'files' driver.
INFO - 2020-09-01 12:04:21 --> Helper loaded: form_helper
INFO - 2020-09-01 12:04:21 --> Form Validation Class Initialized
INFO - 2020-09-01 12:04:21 --> Controller Class Initialized
INFO - 2020-09-01 12:04:21 --> Model "M_auth" initialized
DEBUG - 2020-09-01 12:04:21 --> Form_validation class already loaded. Second attempt ignored.
DEBUG - 2020-09-01 12:04:21 --> Sc_check class already loaded. Second attempt ignored.
INFO - 2020-09-01 12:04:21 --> Helper loaded: captcha_helper
INFO - 2020-09-01 12:04:21 --> File loaded: C:\xampp\htdocs\scholarship\govt\views\include/header.php
INFO - 2020-09-01 12:04:21 --> File loaded: C:\xampp\htdocs\scholarship\govt\views\include/footer.php
INFO - 2020-09-01 12:04:21 --> File loaded: C:\xampp\htdocs\scholarship\govt\views\include/msg.php
INFO - 2020-09-01 12:04:21 --> File loaded: C:\xampp\htdocs\scholarship\govt\views\auth/login.php
INFO - 2020-09-01 12:04:21 --> Final output sent to browser
DEBUG - 2020-09-01 12:04:21 --> Total execution time: 0.5143
INFO - 2020-09-01 12:04:26 --> Config Class Initialized
INFO - 2020-09-01 12:04:26 --> Hooks Class Initialized
DEBUG - 2020-09-01 12:04:26 --> UTF-8 Support Enabled
INFO - 2020-09-01 12:04:26 --> Utf8 Class Initialized
INFO - 2020-09-01 12:04:26 --> URI Class Initialized
INFO - 2020-09-01 12:04:26 --> Router Class Initialized
INFO - 2020-09-01 12:04:26 --> Output Class Initialized
INFO - 2020-09-01 12:04:26 --> Security Class Initialized
DEBUG - 2020-09-01 12:04:26 --> Global POST, GET and COOKIE data sanitized
INFO - 2020-09-01 12:04:26 --> Input Class Initialized
INFO - 2020-09-01 12:04:26 --> Language Class Initialized
ERROR - 2020-09-01 12:04:26 --> 404 Page Not Found: Auth/emailcheck
INFO - 2020-09-01 12:04:32 --> Config Class Initialized
INFO - 2020-09-01 12:04:32 --> Hooks Class Initialized
DEBUG - 2020-09-01 12:04:32 --> UTF-8 Support Enabled
INFO - 2020-09-01 12:04:32 --> Utf8 Class Initialized
INFO - 2020-09-01 12:04:32 --> URI Class Initialized
INFO - 2020-09-01 12:04:32 --> Router Class Initialized
INFO - 2020-09-01 12:04:32 --> Output Class Initialized
INFO - 2020-09-01 12:04:32 --> Security Class Initialized
DEBUG - 2020-09-01 12:04:32 --> Global POST, GET and COOKIE data sanitized
INFO - 2020-09-01 12:04:32 --> Input Class Initialized
INFO - 2020-09-01 12:04:32 --> Language Class Initialized
INFO - 2020-09-01 12:04:33 --> Loader Class Initialized
INFO - 2020-09-01 12:04:33 --> Helper loaded: url_helper
INFO - 2020-09-01 12:04:33 --> Helper loaded: file_helper
INFO - 2020-09-01 12:04:33 --> Helper loaded: text_helper
INFO - 2020-09-01 12:04:33 --> Helper loaded: string_helper
INFO - 2020-09-01 12:04:33 --> Database Driver Class Initialized
INFO - 2020-09-01 12:04:33 --> Email Class Initialized
DEBUG - 2020-09-01 12:04:33 --> Session: "sess_save_path" is empty; using "session.save_path" value from php.ini.
INFO - 2020-09-01 12:04:33 --> Session: Class initialized using 'files' driver.
INFO - 2020-09-01 12:04:33 --> Helper loaded: form_helper
INFO - 2020-09-01 12:04:33 --> Form Validation Class Initialized
INFO - 2020-09-01 12:04:33 --> Controller Class Initialized
INFO - 2020-09-01 12:04:33 --> Model "M_auth" initialized
DEBUG - 2020-09-01 12:04:33 --> Form_validation class already loaded. Second attempt ignored.
DEBUG - 2020-09-01 12:04:33 --> Sc_check class already loaded. Second attempt ignored.
INFO - 2020-09-01 12:04:33 --> Helper loaded: captcha_helper
INFO - 2020-09-01 12:04:33 --> Language file loaded: language/english/form_validation_lang.php
ERROR - 2020-09-01 12:04:33 --> ---------------------Failed -- Govt  Verification Officer Logged Failed and tried login with prathwi@5ine.in password and IP aaddress ::1 --------------
INFO - 2020-09-01 12:04:33 --> Config Class Initialized
INFO - 2020-09-01 12:04:33 --> Hooks Class Initialized
DEBUG - 2020-09-01 12:04:33 --> UTF-8 Support Enabled
INFO - 2020-09-01 12:04:33 --> Utf8 Class Initialized
INFO - 2020-09-01 12:04:33 --> URI Class Initialized
DEBUG - 2020-09-01 12:04:33 --> No URI present. Default controller set.
INFO - 2020-09-01 12:04:33 --> Router Class Initialized
INFO - 2020-09-01 12:04:33 --> Output Class Initialized
INFO - 2020-09-01 12:04:33 --> Security Class Initialized
DEBUG - 2020-09-01 12:04:33 --> Global POST, GET and COOKIE data sanitized
INFO - 2020-09-01 12:04:33 --> Input Class Initialized
INFO - 2020-09-01 12:04:33 --> Language Class Initialized
INFO - 2020-09-01 12:04:33 --> Loader Class Initialized
INFO - 2020-09-01 12:04:33 --> Helper loaded: url_helper
INFO - 2020-09-01 12:04:33 --> Helper loaded: file_helper
INFO - 2020-09-01 12:04:33 --> Helper loaded: text_helper
INFO - 2020-09-01 12:04:33 --> Helper loaded: string_helper
INFO - 2020-09-01 12:04:33 --> Database Driver Class Initialized
INFO - 2020-09-01 12:04:33 --> Email Class Initialized
DEBUG - 2020-09-01 12:04:33 --> Session: "sess_save_path" is empty; using "session.save_path" value from php.ini.
INFO - 2020-09-01 12:04:33 --> Session: Class initialized using 'files' driver.
INFO - 2020-09-01 12:04:33 --> Helper loaded: form_helper
INFO - 2020-09-01 12:04:33 --> Form Validation Class Initialized
INFO - 2020-09-01 12:04:33 --> Controller Class Initialized
INFO - 2020-09-01 12:04:33 --> Model "M_auth" initialized
DEBUG - 2020-09-01 12:04:33 --> Form_validation class already loaded. Second attempt ignored.
DEBUG - 2020-09-01 12:04:33 --> Sc_check class already loaded. Second attempt ignored.
INFO - 2020-09-01 12:04:33 --> Helper loaded: captcha_helper
INFO - 2020-09-01 12:04:33 --> File loaded: C:\xampp\htdocs\scholarship\govt\views\include/header.php
INFO - 2020-09-01 12:04:33 --> File loaded: C:\xampp\htdocs\scholarship\govt\views\include/footer.php
INFO - 2020-09-01 12:04:33 --> File loaded: C:\xampp\htdocs\scholarship\govt\views\include/msg.php
INFO - 2020-09-01 12:04:33 --> File loaded: C:\xampp\htdocs\scholarship\govt\views\auth/login.php
INFO - 2020-09-01 12:04:33 --> Final output sent to browser
DEBUG - 2020-09-01 12:04:33 --> Total execution time: 0.3080
INFO - 2020-09-01 12:04:40 --> Config Class Initialized
INFO - 2020-09-01 12:04:40 --> Hooks Class Initialized
DEBUG - 2020-09-01 12:04:40 --> UTF-8 Support Enabled
INFO - 2020-09-01 12:04:40 --> Utf8 Class Initialized
INFO - 2020-09-01 12:04:40 --> URI Class Initialized
INFO - 2020-09-01 12:04:41 --> Router Class Initialized
INFO - 2020-09-01 12:04:41 --> Output Class Initialized
INFO - 2020-09-01 12:04:41 --> Security Class Initialized
DEBUG - 2020-09-01 12:04:41 --> Global POST, GET and COOKIE data sanitized
INFO - 2020-09-01 12:04:41 --> Input Class Initialized
INFO - 2020-09-01 12:04:41 --> Language Class Initialized
ERROR - 2020-09-01 12:04:41 --> 404 Page Not Found: Auth/emailcheck
INFO - 2020-09-01 12:04:47 --> Config Class Initialized
INFO - 2020-09-01 12:04:47 --> Hooks Class Initialized
DEBUG - 2020-09-01 12:04:47 --> UTF-8 Support Enabled
INFO - 2020-09-01 12:04:47 --> Utf8 Class Initialized
INFO - 2020-09-01 12:04:47 --> URI Class Initialized
INFO - 2020-09-01 12:04:47 --> Router Class Initialized
INFO - 2020-09-01 12:04:47 --> Output Class Initialized
INFO - 2020-09-01 12:04:47 --> Security Class Initialized
DEBUG - 2020-09-01 12:04:47 --> Global POST, GET and COOKIE data sanitized
INFO - 2020-09-01 12:04:47 --> Input Class Initialized
INFO - 2020-09-01 12:04:47 --> Language Class Initialized
INFO - 2020-09-01 12:04:47 --> Loader Class Initialized
INFO - 2020-09-01 12:04:47 --> Helper loaded: url_helper
INFO - 2020-09-01 12:04:47 --> Helper loaded: file_helper
INFO - 2020-09-01 12:04:47 --> Helper loaded: text_helper
INFO - 2020-09-01 12:04:47 --> Helper loaded: string_helper
INFO - 2020-09-01 12:04:47 --> Database Driver Class Initialized
INFO - 2020-09-01 12:04:47 --> Email Class Initialized
DEBUG - 2020-09-01 12:04:47 --> Session: "sess_save_path" is empty; using "session.save_path" value from php.ini.
INFO - 2020-09-01 12:04:47 --> Session: Class initialized using 'files' driver.
INFO - 2020-09-01 12:04:47 --> Helper loaded: form_helper
INFO - 2020-09-01 12:04:47 --> Form Validation Class Initialized
INFO - 2020-09-01 12:04:47 --> Controller Class Initialized
INFO - 2020-09-01 12:04:47 --> Model "M_auth" initialized
DEBUG - 2020-09-01 12:04:47 --> Form_validation class already loaded. Second attempt ignored.
DEBUG - 2020-09-01 12:04:47 --> Sc_check class already loaded. Second attempt ignored.
INFO - 2020-09-01 12:04:47 --> Helper loaded: captcha_helper
INFO - 2020-09-01 12:04:47 --> Language file loaded: language/english/form_validation_lang.php
INFO - 2020-09-01 12:04:47 --> ---------------------Success -- Govt  Verification Officer Logged in with prathwiek.5ine@gmail.com and IP aaddress ::1 --------------
INFO - 2020-09-01 12:04:47 --> Config Class Initialized
INFO - 2020-09-01 12:04:47 --> Hooks Class Initialized
DEBUG - 2020-09-01 12:04:47 --> UTF-8 Support Enabled
INFO - 2020-09-01 12:04:47 --> Utf8 Class Initialized
INFO - 2020-09-01 12:04:47 --> URI Class Initialized
INFO - 2020-09-01 12:04:47 --> Router Class Initialized
INFO - 2020-09-01 12:04:47 --> Output Class Initialized
INFO - 2020-09-01 12:04:47 --> Security Class Initialized
DEBUG - 2020-09-01 12:04:48 --> Global POST, GET and COOKIE data sanitized
INFO - 2020-09-01 12:04:48 --> Input Class Initialized
INFO - 2020-09-01 12:04:48 --> Language Class Initialized
INFO - 2020-09-01 12:04:48 --> Loader Class Initialized
INFO - 2020-09-01 12:04:48 --> Helper loaded: url_helper
INFO - 2020-09-01 12:04:48 --> Helper loaded: file_helper
INFO - 2020-09-01 12:04:48 --> Helper loaded: text_helper
INFO - 2020-09-01 12:04:48 --> Helper loaded: string_helper
INFO - 2020-09-01 12:04:48 --> Database Driver Class Initialized
INFO - 2020-09-01 12:04:48 --> Email Class Initialized
DEBUG - 2020-09-01 12:04:48 --> Session: "sess_save_path" is empty; using "session.save_path" value from php.ini.
INFO - 2020-09-01 12:04:48 --> Session: Class initialized using 'files' driver.
INFO - 2020-09-01 12:04:48 --> Helper loaded: form_helper
INFO - 2020-09-01 12:04:48 --> Form Validation Class Initialized
INFO - 2020-09-01 12:04:48 --> Controller Class Initialized
INFO - 2020-09-01 12:04:48 --> Model "M_dashboard" initialized
INFO - 2020-09-01 12:04:48 --> Model "M_auth" initialized
INFO - 2020-09-01 12:04:48 --> File loaded: C:\xampp\htdocs\scholarship\govt\views\include/header.php
INFO - 2020-09-01 12:04:48 --> File loaded: C:\xampp\htdocs\scholarship\govt\views\include/menu.php
INFO - 2020-09-01 12:04:48 --> File loaded: C:\xampp\htdocs\scholarship\govt\views\include/footer.php
INFO - 2020-09-01 12:04:48 --> File loaded: C:\xampp\htdocs\scholarship\govt\views\include/msg.php
INFO - 2020-09-01 12:04:48 --> File loaded: C:\xampp\htdocs\scholarship\govt\views\dashboard/index.php
INFO - 2020-09-01 12:04:48 --> Final output sent to browser
DEBUG - 2020-09-01 12:04:48 --> Total execution time: 0.5662
INFO - 2020-09-01 12:04:48 --> Config Class Initialized
INFO - 2020-09-01 12:04:48 --> Hooks Class Initialized
DEBUG - 2020-09-01 12:04:48 --> UTF-8 Support Enabled
INFO - 2020-09-01 12:04:48 --> Utf8 Class Initialized
INFO - 2020-09-01 12:04:48 --> URI Class Initialized
INFO - 2020-09-01 12:04:48 --> Router Class Initialized
INFO - 2020-09-01 12:04:48 --> Output Class Initialized
INFO - 2020-09-01 12:04:48 --> Security Class Initialized
DEBUG - 2020-09-01 12:04:48 --> Global POST, GET and COOKIE data sanitized
INFO - 2020-09-01 12:04:49 --> Input Class Initialized
INFO - 2020-09-01 12:04:49 --> Language Class Initialized
INFO - 2020-09-01 12:04:49 --> Loader Class Initialized
INFO - 2020-09-01 12:04:49 --> Helper loaded: url_helper
INFO - 2020-09-01 12:04:49 --> Helper loaded: file_helper
INFO - 2020-09-01 12:04:49 --> Helper loaded: text_helper
INFO - 2020-09-01 12:04:49 --> Helper loaded: string_helper
INFO - 2020-09-01 12:04:49 --> Database Driver Class Initialized
INFO - 2020-09-01 12:04:49 --> Email Class Initialized
DEBUG - 2020-09-01 12:04:49 --> Session: "sess_save_path" is empty; using "session.save_path" value from php.ini.
INFO - 2020-09-01 12:04:49 --> Session: Class initialized using 'files' driver.
INFO - 2020-09-01 12:04:49 --> Helper loaded: form_helper
INFO - 2020-09-01 12:04:49 --> Form Validation Class Initialized
INFO - 2020-09-01 12:04:49 --> Controller Class Initialized
INFO - 2020-09-01 12:04:49 --> Model "M_dashboard" initialized
INFO - 2020-09-01 12:04:49 --> Model "M_auth" initialized
INFO - 2020-09-01 12:04:49 --> Final output sent to browser
DEBUG - 2020-09-01 12:04:49 --> Total execution time: 0.4262
INFO - 2020-09-01 12:05:13 --> Config Class Initialized
INFO - 2020-09-01 12:05:13 --> Hooks Class Initialized
DEBUG - 2020-09-01 12:05:13 --> UTF-8 Support Enabled
INFO - 2020-09-01 12:05:13 --> Utf8 Class Initialized
INFO - 2020-09-01 12:05:13 --> URI Class Initialized
INFO - 2020-09-01 12:05:13 --> Router Class Initialized
INFO - 2020-09-01 12:05:13 --> Output Class Initialized
INFO - 2020-09-01 12:05:13 --> Security Class Initialized
DEBUG - 2020-09-01 12:05:13 --> Global POST, GET and COOKIE data sanitized
INFO - 2020-09-01 12:05:13 --> Input Class Initialized
INFO - 2020-09-01 12:05:13 --> Language Class Initialized
INFO - 2020-09-01 12:05:13 --> Loader Class Initialized
INFO - 2020-09-01 12:05:13 --> Helper loaded: url_helper
INFO - 2020-09-01 12:05:13 --> Helper loaded: file_helper
INFO - 2020-09-01 12:05:13 --> Helper loaded: text_helper
INFO - 2020-09-01 12:05:13 --> Helper loaded: string_helper
INFO - 2020-09-01 12:05:14 --> Database Driver Class Initialized
INFO - 2020-09-01 12:05:14 --> Email Class Initialized
DEBUG - 2020-09-01 12:05:14 --> Session: "sess_save_path" is empty; using "session.save_path" value from php.ini.
INFO - 2020-09-01 12:05:14 --> Session: Class initialized using 'files' driver.
INFO - 2020-09-01 12:05:14 --> Helper loaded: form_helper
INFO - 2020-09-01 12:05:14 --> Form Validation Class Initialized
INFO - 2020-09-01 12:05:14 --> Controller Class Initialized
INFO - 2020-09-01 12:05:14 --> Model "M_scholar" initialized
INFO - 2020-09-01 12:05:14 --> Model "M_auth" initialized
INFO - 2020-09-01 12:05:14 --> File loaded: C:\xampp\htdocs\scholarship\govt\views\include/header.php
INFO - 2020-09-01 12:05:14 --> File loaded: C:\xampp\htdocs\scholarship\govt\views\include/menu.php
INFO - 2020-09-01 12:05:14 --> File loaded: C:\xampp\htdocs\scholarship\govt\views\include/footer.php
INFO - 2020-09-01 12:05:14 --> File loaded: C:\xampp\htdocs\scholarship\govt\views\scholar/list.php
INFO - 2020-09-01 12:05:14 --> Final output sent to browser
DEBUG - 2020-09-01 12:05:14 --> Total execution time: 0.4718
INFO - 2020-09-01 12:05:15 --> Config Class Initialized
INFO - 2020-09-01 12:05:15 --> Hooks Class Initialized
DEBUG - 2020-09-01 12:05:15 --> UTF-8 Support Enabled
INFO - 2020-09-01 12:05:15 --> Utf8 Class Initialized
INFO - 2020-09-01 12:05:15 --> URI Class Initialized
INFO - 2020-09-01 12:05:15 --> Router Class Initialized
INFO - 2020-09-01 12:05:15 --> Output Class Initialized
INFO - 2020-09-01 12:05:15 --> Security Class Initialized
DEBUG - 2020-09-01 12:05:15 --> Global POST, GET and COOKIE data sanitized
INFO - 2020-09-01 12:05:15 --> Input Class Initialized
INFO - 2020-09-01 12:05:15 --> Language Class Initialized
INFO - 2020-09-01 12:05:15 --> Loader Class Initialized
INFO - 2020-09-01 12:05:15 --> Helper loaded: url_helper
INFO - 2020-09-01 12:05:15 --> Helper loaded: file_helper
INFO - 2020-09-01 12:05:15 --> Helper loaded: text_helper
INFO - 2020-09-01 12:05:15 --> Helper loaded: string_helper
INFO - 2020-09-01 12:05:15 --> Database Driver Class Initialized
INFO - 2020-09-01 12:05:15 --> Email Class Initialized
DEBUG - 2020-09-01 12:05:15 --> Session: "sess_save_path" is empty; using "session.save_path" value from php.ini.
INFO - 2020-09-01 12:05:15 --> Session: Class initialized using 'files' driver.
INFO - 2020-09-01 12:05:15 --> Helper loaded: form_helper
INFO - 2020-09-01 12:05:15 --> Form Validation Class Initialized
INFO - 2020-09-01 12:05:15 --> Controller Class Initialized
INFO - 2020-09-01 12:05:15 --> Model "M_scholar" initialized
INFO - 2020-09-01 12:05:15 --> Model "M_auth" initialized
INFO - 2020-09-01 12:05:15 --> Final output sent to browser
DEBUG - 2020-09-01 12:05:15 --> Total execution time: 0.3487
INFO - 2020-09-01 12:05:38 --> Config Class Initialized
INFO - 2020-09-01 12:05:38 --> Hooks Class Initialized
DEBUG - 2020-09-01 12:05:38 --> UTF-8 Support Enabled
INFO - 2020-09-01 12:05:38 --> Utf8 Class Initialized
INFO - 2020-09-01 12:05:38 --> URI Class Initialized
INFO - 2020-09-01 12:05:38 --> Router Class Initialized
INFO - 2020-09-01 12:05:38 --> Output Class Initialized
INFO - 2020-09-01 12:05:38 --> Security Class Initialized
DEBUG - 2020-09-01 12:05:38 --> Global POST, GET and COOKIE data sanitized
INFO - 2020-09-01 12:05:38 --> Input Class Initialized
INFO - 2020-09-01 12:05:38 --> Language Class Initialized
INFO - 2020-09-01 12:05:38 --> Loader Class Initialized
INFO - 2020-09-01 12:05:38 --> Helper loaded: url_helper
INFO - 2020-09-01 12:05:38 --> Helper loaded: file_helper
INFO - 2020-09-01 12:05:38 --> Helper loaded: text_helper
INFO - 2020-09-01 12:05:38 --> Helper loaded: string_helper
INFO - 2020-09-01 12:05:38 --> Database Driver Class Initialized
INFO - 2020-09-01 12:05:38 --> Email Class Initialized
DEBUG - 2020-09-01 12:05:38 --> Session: "sess_save_path" is empty; using "session.save_path" value from php.ini.
INFO - 2020-09-01 12:05:38 --> Session: Class initialized using 'files' driver.
INFO - 2020-09-01 12:05:38 --> Helper loaded: form_helper
INFO - 2020-09-01 12:05:38 --> Form Validation Class Initialized
INFO - 2020-09-01 12:05:38 --> Controller Class Initialized
INFO - 2020-09-01 12:05:38 --> Model "M_scholar" initialized
INFO - 2020-09-01 12:05:38 --> Model "M_auth" initialized
INFO - 2020-09-01 12:05:38 --> File loaded: C:\xampp\htdocs\scholarship\govt\views\include/header.php
INFO - 2020-09-01 12:05:38 --> File loaded: C:\xampp\htdocs\scholarship\govt\views\include/menu.php
INFO - 2020-09-01 12:05:38 --> File loaded: C:\xampp\htdocs\scholarship\govt\views\include/footer.php
INFO - 2020-09-01 12:05:38 --> File loaded: C:\xampp\htdocs\scholarship\govt\views\scholar/list.php
INFO - 2020-09-01 12:05:38 --> Final output sent to browser
DEBUG - 2020-09-01 12:05:38 --> Total execution time: 0.3721
INFO - 2020-09-01 12:05:40 --> Config Class Initialized
INFO - 2020-09-01 12:05:40 --> Hooks Class Initialized
DEBUG - 2020-09-01 12:05:40 --> UTF-8 Support Enabled
INFO - 2020-09-01 12:05:40 --> Utf8 Class Initialized
INFO - 2020-09-01 12:05:40 --> URI Class Initialized
INFO - 2020-09-01 12:05:40 --> Router Class Initialized
INFO - 2020-09-01 12:05:40 --> Output Class Initialized
INFO - 2020-09-01 12:05:40 --> Security Class Initialized
DEBUG - 2020-09-01 12:05:40 --> Global POST, GET and COOKIE data sanitized
INFO - 2020-09-01 12:05:40 --> Input Class Initialized
INFO - 2020-09-01 12:05:40 --> Language Class Initialized
INFO - 2020-09-01 12:05:40 --> Loader Class Initialized
INFO - 2020-09-01 12:05:40 --> Helper loaded: url_helper
INFO - 2020-09-01 12:05:40 --> Helper loaded: file_helper
INFO - 2020-09-01 12:05:40 --> Helper loaded: text_helper
INFO - 2020-09-01 12:05:40 --> Helper loaded: string_helper
INFO - 2020-09-01 12:05:40 --> Database Driver Class Initialized
INFO - 2020-09-01 12:05:40 --> Email Class Initialized
DEBUG - 2020-09-01 12:05:40 --> Session: "sess_save_path" is empty; using "session.save_path" value from php.ini.
INFO - 2020-09-01 12:05:40 --> Session: Class initialized using 'files' driver.
INFO - 2020-09-01 12:05:40 --> Helper loaded: form_helper
INFO - 2020-09-01 12:05:40 --> Form Validation Class Initialized
INFO - 2020-09-01 12:05:40 --> Controller Class Initialized
INFO - 2020-09-01 12:05:40 --> Model "M_scholar" initialized
INFO - 2020-09-01 12:05:40 --> Model "M_auth" initialized
INFO - 2020-09-01 12:05:40 --> Final output sent to browser
DEBUG - 2020-09-01 12:05:40 --> Total execution time: 0.3958
INFO - 2020-09-01 12:06:00 --> Config Class Initialized
INFO - 2020-09-01 12:06:00 --> Hooks Class Initialized
DEBUG - 2020-09-01 12:06:00 --> UTF-8 Support Enabled
INFO - 2020-09-01 12:06:00 --> Utf8 Class Initialized
INFO - 2020-09-01 12:06:00 --> URI Class Initialized
INFO - 2020-09-01 12:06:00 --> Router Class Initialized
INFO - 2020-09-01 12:06:00 --> Output Class Initialized
INFO - 2020-09-01 12:06:00 --> Security Class Initialized
DEBUG - 2020-09-01 12:06:00 --> Global POST, GET and COOKIE data sanitized
INFO - 2020-09-01 12:06:00 --> Input Class Initialized
INFO - 2020-09-01 12:06:00 --> Language Class Initialized
INFO - 2020-09-01 12:06:00 --> Loader Class Initialized
INFO - 2020-09-01 12:06:00 --> Helper loaded: url_helper
INFO - 2020-09-01 12:06:00 --> Helper loaded: file_helper
INFO - 2020-09-01 12:06:00 --> Helper loaded: text_helper
INFO - 2020-09-01 12:06:00 --> Helper loaded: string_helper
INFO - 2020-09-01 12:06:00 --> Database Driver Class Initialized
INFO - 2020-09-01 12:06:00 --> Email Class Initialized
DEBUG - 2020-09-01 12:06:00 --> Session: "sess_save_path" is empty; using "session.save_path" value from php.ini.
INFO - 2020-09-01 12:06:00 --> Session: Class initialized using 'files' driver.
INFO - 2020-09-01 12:06:00 --> Helper loaded: form_helper
INFO - 2020-09-01 12:06:00 --> Form Validation Class Initialized
INFO - 2020-09-01 12:06:00 --> Controller Class Initialized
INFO - 2020-09-01 12:06:00 --> Model "M_scholar" initialized
INFO - 2020-09-01 12:06:00 --> Model "M_auth" initialized
INFO - 2020-09-01 12:06:01 --> File loaded: C:\xampp\htdocs\scholarship\govt\views\include/header.php
INFO - 2020-09-01 12:06:01 --> File loaded: C:\xampp\htdocs\scholarship\govt\views\include/menu.php
INFO - 2020-09-01 12:06:01 --> File loaded: C:\xampp\htdocs\scholarship\govt\views\include/footer.php
INFO - 2020-09-01 12:06:01 --> File loaded: C:\xampp\htdocs\scholarship\govt\views\include/msg.php
INFO - 2020-09-01 12:06:01 --> File loaded: C:\xampp\htdocs\scholarship\govt\views\scholar/application.php
INFO - 2020-09-01 12:06:01 --> Final output sent to browser
DEBUG - 2020-09-01 12:06:01 --> Total execution time: 0.6572
INFO - 2020-09-01 12:11:35 --> Config Class Initialized
INFO - 2020-09-01 12:11:35 --> Hooks Class Initialized
DEBUG - 2020-09-01 12:11:35 --> UTF-8 Support Enabled
INFO - 2020-09-01 12:11:35 --> Utf8 Class Initialized
INFO - 2020-09-01 12:11:35 --> URI Class Initialized
INFO - 2020-09-01 12:11:35 --> Router Class Initialized
INFO - 2020-09-01 12:11:35 --> Output Class Initialized
INFO - 2020-09-01 12:11:35 --> Security Class Initialized
DEBUG - 2020-09-01 12:11:35 --> Global POST, GET and COOKIE data sanitized
INFO - 2020-09-01 12:11:35 --> Input Class Initialized
INFO - 2020-09-01 12:11:35 --> Language Class Initialized
INFO - 2020-09-01 12:11:35 --> Loader Class Initialized
INFO - 2020-09-01 12:11:35 --> Helper loaded: url_helper
INFO - 2020-09-01 12:11:35 --> Helper loaded: file_helper
INFO - 2020-09-01 12:11:35 --> Helper loaded: text_helper
INFO - 2020-09-01 12:11:35 --> Helper loaded: string_helper
INFO - 2020-09-01 12:11:35 --> Database Driver Class Initialized
INFO - 2020-09-01 12:11:35 --> Email Class Initialized
DEBUG - 2020-09-01 12:11:35 --> Session: "sess_save_path" is empty; using "session.save_path" value from php.ini.
INFO - 2020-09-01 12:11:35 --> Session: Class initialized using 'files' driver.
INFO - 2020-09-01 12:11:35 --> Helper loaded: form_helper
INFO - 2020-09-01 12:11:35 --> Form Validation Class Initialized
INFO - 2020-09-01 12:11:35 --> Controller Class Initialized
INFO - 2020-09-01 12:11:35 --> Model "M_auth" initialized
DEBUG - 2020-09-01 12:11:35 --> Form_validation class already loaded. Second attempt ignored.
DEBUG - 2020-09-01 12:11:35 --> Sc_check class already loaded. Second attempt ignored.
INFO - 2020-09-01 12:11:35 --> Helper loaded: captcha_helper
INFO - 2020-09-01 12:11:35 --> Config Class Initialized
INFO - 2020-09-01 12:11:35 --> Hooks Class Initialized
DEBUG - 2020-09-01 12:11:35 --> UTF-8 Support Enabled
INFO - 2020-09-01 12:11:35 --> Utf8 Class Initialized
INFO - 2020-09-01 12:11:35 --> URI Class Initialized
DEBUG - 2020-09-01 12:11:35 --> No URI present. Default controller set.
INFO - 2020-09-01 12:11:35 --> Router Class Initialized
INFO - 2020-09-01 12:11:35 --> Output Class Initialized
INFO - 2020-09-01 12:11:35 --> Security Class Initialized
DEBUG - 2020-09-01 12:11:35 --> Global POST, GET and COOKIE data sanitized
INFO - 2020-09-01 12:11:35 --> Input Class Initialized
INFO - 2020-09-01 12:11:35 --> Language Class Initialized
INFO - 2020-09-01 12:11:35 --> Loader Class Initialized
INFO - 2020-09-01 12:11:35 --> Helper loaded: url_helper
INFO - 2020-09-01 12:11:35 --> Helper loaded: file_helper
INFO - 2020-09-01 12:11:35 --> Helper loaded: text_helper
INFO - 2020-09-01 12:11:36 --> Helper loaded: string_helper
INFO - 2020-09-01 12:11:36 --> Database Driver Class Initialized
INFO - 2020-09-01 12:11:36 --> Email Class Initialized
DEBUG - 2020-09-01 12:11:36 --> Session: "sess_save_path" is empty; using "session.save_path" value from php.ini.
INFO - 2020-09-01 12:11:36 --> Session: Class initialized using 'files' driver.
INFO - 2020-09-01 12:11:36 --> Helper loaded: form_helper
INFO - 2020-09-01 12:11:36 --> Form Validation Class Initialized
INFO - 2020-09-01 12:11:36 --> Controller Class Initialized
INFO - 2020-09-01 12:11:36 --> Model "M_auth" initialized
DEBUG - 2020-09-01 12:11:36 --> Form_validation class already loaded. Second attempt ignored.
DEBUG - 2020-09-01 12:11:36 --> Sc_check class already loaded. Second attempt ignored.
INFO - 2020-09-01 12:11:36 --> Helper loaded: captcha_helper
INFO - 2020-09-01 12:11:36 --> File loaded: C:\xampp\htdocs\scholarship\govt\views\include/header.php
INFO - 2020-09-01 12:11:36 --> File loaded: C:\xampp\htdocs\scholarship\govt\views\include/footer.php
INFO - 2020-09-01 12:11:36 --> File loaded: C:\xampp\htdocs\scholarship\govt\views\include/msg.php
INFO - 2020-09-01 12:11:36 --> File loaded: C:\xampp\htdocs\scholarship\govt\views\auth/login.php
INFO - 2020-09-01 12:11:36 --> Final output sent to browser
DEBUG - 2020-09-01 12:11:36 --> Total execution time: 0.3055
