INFO - 2020-04-22 11:58:54 --> Config Class Initialized
INFO - 2020-04-22 11:58:54 --> Hooks Class Initialized
DEBUG - 2020-04-22 11:58:54 --> UTF-8 Support Enabled
INFO - 2020-04-22 11:58:54 --> Utf8 Class Initialized
INFO - 2020-04-22 11:58:54 --> URI Class Initialized
INFO - 2020-04-22 11:58:54 --> Router Class Initialized
INFO - 2020-04-22 11:58:54 --> Output Class Initialized
INFO - 2020-04-22 11:58:54 --> Security Class Initialized
DEBUG - 2020-04-22 11:58:54 --> Global POST, GET and COOKIE data sanitized
INFO - 2020-04-22 11:58:54 --> Input Class Initialized
INFO - 2020-04-22 11:58:54 --> Language Class Initialized
INFO - 2020-04-22 11:58:54 --> Loader Class Initialized
INFO - 2020-04-22 11:58:54 --> Helper loaded: url_helper
INFO - 2020-04-22 11:58:54 --> Helper loaded: file_helper
INFO - 2020-04-22 11:58:54 --> Helper loaded: text_helper
INFO - 2020-04-22 11:58:54 --> Helper loaded: string_helper
INFO - 2020-04-22 11:58:55 --> Database Driver Class Initialized
INFO - 2020-04-22 11:58:55 --> Email Class Initialized
DEBUG - 2020-04-22 11:58:55 --> Session: "sess_save_path" is empty; using "session.save_path" value from php.ini.
INFO - 2020-04-22 11:58:55 --> Session: Class initialized using 'files' driver.
INFO - 2020-04-22 11:58:55 --> Helper loaded: form_helper
INFO - 2020-04-22 11:58:55 --> Form Validation Class Initialized
INFO - 2020-04-22 11:58:55 --> Controller Class Initialized
INFO - 2020-04-22 11:58:55 --> Model "M_auth" initialized
DEBUG - 2020-04-22 11:58:55 --> Form_validation class already loaded. Second attempt ignored.
DEBUG - 2020-04-22 11:58:55 --> Sc_check class already loaded. Second attempt ignored.
INFO - 2020-04-22 11:58:55 --> Helper loaded: captcha_helper
INFO - 2020-04-22 11:58:55 --> File loaded: C:\xampp\htdocs\scholarship\govt\views\include/header.php
INFO - 2020-04-22 11:58:55 --> File loaded: C:\xampp\htdocs\scholarship\govt\views\include/footer.php
INFO - 2020-04-22 11:58:55 --> File loaded: C:\xampp\htdocs\scholarship\govt\views\include/msg.php
INFO - 2020-04-22 11:58:55 --> File loaded: C:\xampp\htdocs\scholarship\govt\views\auth/login.php
INFO - 2020-04-22 11:58:55 --> Final output sent to browser
DEBUG - 2020-04-22 11:58:55 --> Total execution time: 0.5718
INFO - 2020-04-22 11:59:01 --> Config Class Initialized
INFO - 2020-04-22 11:59:01 --> Hooks Class Initialized
DEBUG - 2020-04-22 11:59:01 --> UTF-8 Support Enabled
INFO - 2020-04-22 11:59:01 --> Utf8 Class Initialized
INFO - 2020-04-22 11:59:01 --> URI Class Initialized
INFO - 2020-04-22 11:59:01 --> Router Class Initialized
INFO - 2020-04-22 11:59:01 --> Output Class Initialized
INFO - 2020-04-22 11:59:01 --> Security Class Initialized
DEBUG - 2020-04-22 11:59:01 --> Global POST, GET and COOKIE data sanitized
INFO - 2020-04-22 11:59:01 --> Input Class Initialized
INFO - 2020-04-22 11:59:01 --> Language Class Initialized
ERROR - 2020-04-22 11:59:01 --> 404 Page Not Found: Auth/emailcheck
INFO - 2020-04-22 11:59:09 --> Config Class Initialized
INFO - 2020-04-22 11:59:09 --> Hooks Class Initialized
DEBUG - 2020-04-22 11:59:09 --> UTF-8 Support Enabled
INFO - 2020-04-22 11:59:09 --> Utf8 Class Initialized
INFO - 2020-04-22 11:59:09 --> URI Class Initialized
INFO - 2020-04-22 11:59:09 --> Router Class Initialized
INFO - 2020-04-22 11:59:09 --> Output Class Initialized
INFO - 2020-04-22 11:59:09 --> Security Class Initialized
DEBUG - 2020-04-22 11:59:09 --> Global POST, GET and COOKIE data sanitized
INFO - 2020-04-22 11:59:09 --> Input Class Initialized
INFO - 2020-04-22 11:59:09 --> Language Class Initialized
INFO - 2020-04-22 11:59:09 --> Loader Class Initialized
INFO - 2020-04-22 11:59:09 --> Helper loaded: url_helper
INFO - 2020-04-22 11:59:09 --> Helper loaded: file_helper
INFO - 2020-04-22 11:59:09 --> Helper loaded: text_helper
INFO - 2020-04-22 11:59:09 --> Helper loaded: string_helper
INFO - 2020-04-22 11:59:09 --> Database Driver Class Initialized
INFO - 2020-04-22 11:59:09 --> Email Class Initialized
DEBUG - 2020-04-22 11:59:09 --> Session: "sess_save_path" is empty; using "session.save_path" value from php.ini.
INFO - 2020-04-22 11:59:09 --> Session: Class initialized using 'files' driver.
INFO - 2020-04-22 11:59:09 --> Helper loaded: form_helper
INFO - 2020-04-22 11:59:09 --> Form Validation Class Initialized
INFO - 2020-04-22 11:59:09 --> Controller Class Initialized
INFO - 2020-04-22 11:59:09 --> Model "M_auth" initialized
DEBUG - 2020-04-22 11:59:09 --> Form_validation class already loaded. Second attempt ignored.
DEBUG - 2020-04-22 11:59:09 --> Sc_check class already loaded. Second attempt ignored.
INFO - 2020-04-22 11:59:09 --> Helper loaded: captcha_helper
INFO - 2020-04-22 11:59:09 --> Language file loaded: language/english/form_validation_lang.php
ERROR - 2020-04-22 11:59:09 --> ---------------------Failed -- Govt  Verification Officer Logged Failed and tried login with prathwi@5ine.in password and IP aaddress ::1 --------------
INFO - 2020-04-22 11:59:09 --> Config Class Initialized
INFO - 2020-04-22 11:59:09 --> Hooks Class Initialized
DEBUG - 2020-04-22 11:59:09 --> UTF-8 Support Enabled
INFO - 2020-04-22 11:59:09 --> Utf8 Class Initialized
INFO - 2020-04-22 11:59:09 --> URI Class Initialized
DEBUG - 2020-04-22 11:59:09 --> No URI present. Default controller set.
INFO - 2020-04-22 11:59:09 --> Router Class Initialized
INFO - 2020-04-22 11:59:09 --> Output Class Initialized
INFO - 2020-04-22 11:59:09 --> Security Class Initialized
DEBUG - 2020-04-22 11:59:09 --> Global POST, GET and COOKIE data sanitized
INFO - 2020-04-22 11:59:09 --> Input Class Initialized
INFO - 2020-04-22 11:59:09 --> Language Class Initialized
INFO - 2020-04-22 11:59:09 --> Loader Class Initialized
INFO - 2020-04-22 11:59:09 --> Helper loaded: url_helper
INFO - 2020-04-22 11:59:09 --> Helper loaded: file_helper
INFO - 2020-04-22 11:59:10 --> Helper loaded: text_helper
INFO - 2020-04-22 11:59:10 --> Helper loaded: string_helper
INFO - 2020-04-22 11:59:10 --> Database Driver Class Initialized
INFO - 2020-04-22 11:59:10 --> Email Class Initialized
DEBUG - 2020-04-22 11:59:10 --> Session: "sess_save_path" is empty; using "session.save_path" value from php.ini.
INFO - 2020-04-22 11:59:10 --> Session: Class initialized using 'files' driver.
INFO - 2020-04-22 11:59:10 --> Helper loaded: form_helper
INFO - 2020-04-22 11:59:10 --> Form Validation Class Initialized
INFO - 2020-04-22 11:59:10 --> Controller Class Initialized
INFO - 2020-04-22 11:59:10 --> Model "M_auth" initialized
DEBUG - 2020-04-22 11:59:10 --> Form_validation class already loaded. Second attempt ignored.
DEBUG - 2020-04-22 11:59:10 --> Sc_check class already loaded. Second attempt ignored.
INFO - 2020-04-22 11:59:10 --> Helper loaded: captcha_helper
INFO - 2020-04-22 11:59:10 --> File loaded: C:\xampp\htdocs\scholarship\govt\views\include/header.php
INFO - 2020-04-22 11:59:10 --> File loaded: C:\xampp\htdocs\scholarship\govt\views\include/footer.php
INFO - 2020-04-22 11:59:10 --> File loaded: C:\xampp\htdocs\scholarship\govt\views\include/msg.php
INFO - 2020-04-22 11:59:10 --> File loaded: C:\xampp\htdocs\scholarship\govt\views\auth/login.php
INFO - 2020-04-22 11:59:10 --> Final output sent to browser
DEBUG - 2020-04-22 11:59:10 --> Total execution time: 0.2992
INFO - 2020-04-22 11:59:20 --> Config Class Initialized
INFO - 2020-04-22 11:59:20 --> Hooks Class Initialized
DEBUG - 2020-04-22 11:59:20 --> UTF-8 Support Enabled
INFO - 2020-04-22 11:59:20 --> Utf8 Class Initialized
INFO - 2020-04-22 11:59:20 --> URI Class Initialized
INFO - 2020-04-22 11:59:20 --> Router Class Initialized
INFO - 2020-04-22 11:59:20 --> Output Class Initialized
INFO - 2020-04-22 11:59:20 --> Security Class Initialized
DEBUG - 2020-04-22 11:59:20 --> Global POST, GET and COOKIE data sanitized
INFO - 2020-04-22 11:59:20 --> Input Class Initialized
INFO - 2020-04-22 11:59:20 --> Language Class Initialized
ERROR - 2020-04-22 11:59:20 --> 404 Page Not Found: Auth/emailcheck
INFO - 2020-04-22 11:59:27 --> Config Class Initialized
INFO - 2020-04-22 11:59:27 --> Hooks Class Initialized
DEBUG - 2020-04-22 11:59:27 --> UTF-8 Support Enabled
INFO - 2020-04-22 11:59:27 --> Utf8 Class Initialized
INFO - 2020-04-22 11:59:27 --> URI Class Initialized
INFO - 2020-04-22 11:59:27 --> Router Class Initialized
INFO - 2020-04-22 11:59:27 --> Output Class Initialized
INFO - 2020-04-22 11:59:27 --> Security Class Initialized
DEBUG - 2020-04-22 11:59:27 --> Global POST, GET and COOKIE data sanitized
INFO - 2020-04-22 11:59:27 --> Input Class Initialized
INFO - 2020-04-22 11:59:27 --> Language Class Initialized
INFO - 2020-04-22 11:59:27 --> Loader Class Initialized
INFO - 2020-04-22 11:59:27 --> Helper loaded: url_helper
INFO - 2020-04-22 11:59:27 --> Helper loaded: file_helper
INFO - 2020-04-22 11:59:27 --> Helper loaded: text_helper
INFO - 2020-04-22 11:59:27 --> Helper loaded: string_helper
INFO - 2020-04-22 11:59:27 --> Database Driver Class Initialized
INFO - 2020-04-22 11:59:27 --> Email Class Initialized
DEBUG - 2020-04-22 11:59:27 --> Session: "sess_save_path" is empty; using "session.save_path" value from php.ini.
INFO - 2020-04-22 11:59:27 --> Session: Class initialized using 'files' driver.
INFO - 2020-04-22 11:59:27 --> Helper loaded: form_helper
INFO - 2020-04-22 11:59:27 --> Form Validation Class Initialized
INFO - 2020-04-22 11:59:27 --> Controller Class Initialized
INFO - 2020-04-22 11:59:27 --> Model "M_auth" initialized
DEBUG - 2020-04-22 11:59:27 --> Form_validation class already loaded. Second attempt ignored.
DEBUG - 2020-04-22 11:59:27 --> Sc_check class already loaded. Second attempt ignored.
INFO - 2020-04-22 11:59:27 --> Helper loaded: captcha_helper
INFO - 2020-04-22 11:59:27 --> Language file loaded: language/english/form_validation_lang.php
ERROR - 2020-04-22 11:59:27 --> ---------------------Failed -- Govt  Verification Officer Logged Failed and tried login with jainrohith9@gmail.com password and IP aaddress ::1 --------------
INFO - 2020-04-22 11:59:27 --> Config Class Initialized
INFO - 2020-04-22 11:59:27 --> Hooks Class Initialized
DEBUG - 2020-04-22 11:59:27 --> UTF-8 Support Enabled
INFO - 2020-04-22 11:59:27 --> Utf8 Class Initialized
INFO - 2020-04-22 11:59:27 --> URI Class Initialized
DEBUG - 2020-04-22 11:59:27 --> No URI present. Default controller set.
INFO - 2020-04-22 11:59:27 --> Router Class Initialized
INFO - 2020-04-22 11:59:27 --> Output Class Initialized
INFO - 2020-04-22 11:59:27 --> Security Class Initialized
DEBUG - 2020-04-22 11:59:27 --> Global POST, GET and COOKIE data sanitized
INFO - 2020-04-22 11:59:27 --> Input Class Initialized
INFO - 2020-04-22 11:59:27 --> Language Class Initialized
INFO - 2020-04-22 11:59:27 --> Loader Class Initialized
INFO - 2020-04-22 11:59:27 --> Helper loaded: url_helper
INFO - 2020-04-22 11:59:27 --> Helper loaded: file_helper
INFO - 2020-04-22 11:59:27 --> Helper loaded: text_helper
INFO - 2020-04-22 11:59:27 --> Helper loaded: string_helper
INFO - 2020-04-22 11:59:27 --> Database Driver Class Initialized
INFO - 2020-04-22 11:59:27 --> Email Class Initialized
DEBUG - 2020-04-22 11:59:27 --> Session: "sess_save_path" is empty; using "session.save_path" value from php.ini.
INFO - 2020-04-22 11:59:27 --> Session: Class initialized using 'files' driver.
INFO - 2020-04-22 11:59:27 --> Helper loaded: form_helper
INFO - 2020-04-22 11:59:27 --> Form Validation Class Initialized
INFO - 2020-04-22 11:59:27 --> Controller Class Initialized
INFO - 2020-04-22 11:59:27 --> Model "M_auth" initialized
DEBUG - 2020-04-22 11:59:27 --> Form_validation class already loaded. Second attempt ignored.
DEBUG - 2020-04-22 11:59:27 --> Sc_check class already loaded. Second attempt ignored.
INFO - 2020-04-22 11:59:27 --> Helper loaded: captcha_helper
INFO - 2020-04-22 11:59:27 --> File loaded: C:\xampp\htdocs\scholarship\govt\views\include/header.php
INFO - 2020-04-22 11:59:27 --> File loaded: C:\xampp\htdocs\scholarship\govt\views\include/footer.php
INFO - 2020-04-22 11:59:27 --> File loaded: C:\xampp\htdocs\scholarship\govt\views\include/msg.php
INFO - 2020-04-22 11:59:27 --> File loaded: C:\xampp\htdocs\scholarship\govt\views\auth/login.php
INFO - 2020-04-22 11:59:27 --> Final output sent to browser
DEBUG - 2020-04-22 11:59:27 --> Total execution time: 0.3377
INFO - 2020-04-22 11:59:35 --> Config Class Initialized
INFO - 2020-04-22 11:59:35 --> Hooks Class Initialized
DEBUG - 2020-04-22 11:59:35 --> UTF-8 Support Enabled
INFO - 2020-04-22 11:59:35 --> Utf8 Class Initialized
INFO - 2020-04-22 11:59:35 --> URI Class Initialized
INFO - 2020-04-22 11:59:35 --> Router Class Initialized
INFO - 2020-04-22 11:59:35 --> Output Class Initialized
INFO - 2020-04-22 11:59:35 --> Security Class Initialized
DEBUG - 2020-04-22 11:59:35 --> Global POST, GET and COOKIE data sanitized
INFO - 2020-04-22 11:59:35 --> Input Class Initialized
INFO - 2020-04-22 11:59:36 --> Language Class Initialized
ERROR - 2020-04-22 11:59:36 --> 404 Page Not Found: Auth/emailcheck
INFO - 2020-04-22 11:59:46 --> Config Class Initialized
INFO - 2020-04-22 11:59:46 --> Hooks Class Initialized
DEBUG - 2020-04-22 11:59:46 --> UTF-8 Support Enabled
INFO - 2020-04-22 11:59:46 --> Utf8 Class Initialized
INFO - 2020-04-22 11:59:46 --> URI Class Initialized
INFO - 2020-04-22 11:59:46 --> Router Class Initialized
INFO - 2020-04-22 11:59:46 --> Output Class Initialized
INFO - 2020-04-22 11:59:46 --> Security Class Initialized
DEBUG - 2020-04-22 11:59:46 --> Global POST, GET and COOKIE data sanitized
INFO - 2020-04-22 11:59:46 --> Input Class Initialized
INFO - 2020-04-22 11:59:46 --> Language Class Initialized
INFO - 2020-04-22 11:59:46 --> Loader Class Initialized
INFO - 2020-04-22 11:59:46 --> Helper loaded: url_helper
INFO - 2020-04-22 11:59:46 --> Helper loaded: file_helper
INFO - 2020-04-22 11:59:46 --> Helper loaded: text_helper
INFO - 2020-04-22 11:59:46 --> Helper loaded: string_helper
INFO - 2020-04-22 11:59:46 --> Database Driver Class Initialized
INFO - 2020-04-22 11:59:46 --> Email Class Initialized
DEBUG - 2020-04-22 11:59:46 --> Session: "sess_save_path" is empty; using "session.save_path" value from php.ini.
INFO - 2020-04-22 11:59:46 --> Session: Class initialized using 'files' driver.
INFO - 2020-04-22 11:59:46 --> Helper loaded: form_helper
INFO - 2020-04-22 11:59:46 --> Form Validation Class Initialized
INFO - 2020-04-22 11:59:46 --> Controller Class Initialized
INFO - 2020-04-22 11:59:46 --> Model "M_auth" initialized
DEBUG - 2020-04-22 11:59:46 --> Form_validation class already loaded. Second attempt ignored.
DEBUG - 2020-04-22 11:59:46 --> Sc_check class already loaded. Second attempt ignored.
INFO - 2020-04-22 11:59:46 --> Helper loaded: captcha_helper
INFO - 2020-04-22 11:59:46 --> Config Class Initialized
INFO - 2020-04-22 11:59:46 --> Hooks Class Initialized
DEBUG - 2020-04-22 11:59:46 --> UTF-8 Support Enabled
INFO - 2020-04-22 11:59:46 --> Utf8 Class Initialized
INFO - 2020-04-22 11:59:46 --> URI Class Initialized
DEBUG - 2020-04-22 11:59:46 --> No URI present. Default controller set.
INFO - 2020-04-22 11:59:46 --> Router Class Initialized
INFO - 2020-04-22 11:59:46 --> Output Class Initialized
INFO - 2020-04-22 11:59:46 --> Security Class Initialized
DEBUG - 2020-04-22 11:59:46 --> Global POST, GET and COOKIE data sanitized
INFO - 2020-04-22 11:59:46 --> Input Class Initialized
INFO - 2020-04-22 11:59:46 --> Language Class Initialized
INFO - 2020-04-22 11:59:46 --> Loader Class Initialized
INFO - 2020-04-22 11:59:46 --> Helper loaded: url_helper
INFO - 2020-04-22 11:59:46 --> Helper loaded: file_helper
INFO - 2020-04-22 11:59:46 --> Helper loaded: text_helper
INFO - 2020-04-22 11:59:46 --> Helper loaded: string_helper
INFO - 2020-04-22 11:59:46 --> Database Driver Class Initialized
INFO - 2020-04-22 11:59:46 --> Email Class Initialized
DEBUG - 2020-04-22 11:59:46 --> Session: "sess_save_path" is empty; using "session.save_path" value from php.ini.
INFO - 2020-04-22 11:59:46 --> Session: Class initialized using 'files' driver.
INFO - 2020-04-22 11:59:46 --> Helper loaded: form_helper
INFO - 2020-04-22 11:59:46 --> Form Validation Class Initialized
INFO - 2020-04-22 11:59:46 --> Controller Class Initialized
INFO - 2020-04-22 11:59:46 --> Model "M_auth" initialized
DEBUG - 2020-04-22 11:59:46 --> Form_validation class already loaded. Second attempt ignored.
DEBUG - 2020-04-22 11:59:46 --> Sc_check class already loaded. Second attempt ignored.
INFO - 2020-04-22 11:59:46 --> Helper loaded: captcha_helper
INFO - 2020-04-22 11:59:46 --> File loaded: C:\xampp\htdocs\scholarship\govt\views\include/header.php
INFO - 2020-04-22 11:59:46 --> File loaded: C:\xampp\htdocs\scholarship\govt\views\include/footer.php
INFO - 2020-04-22 11:59:46 --> File loaded: C:\xampp\htdocs\scholarship\govt\views\include/msg.php
INFO - 2020-04-22 11:59:46 --> File loaded: C:\xampp\htdocs\scholarship\govt\views\auth/login.php
INFO - 2020-04-22 11:59:46 --> Final output sent to browser
DEBUG - 2020-04-22 11:59:46 --> Total execution time: 0.3247
INFO - 2020-04-22 11:59:59 --> Config Class Initialized
INFO - 2020-04-22 11:59:59 --> Hooks Class Initialized
DEBUG - 2020-04-22 11:59:59 --> UTF-8 Support Enabled
INFO - 2020-04-22 11:59:59 --> Utf8 Class Initialized
INFO - 2020-04-22 11:59:59 --> URI Class Initialized
INFO - 2020-04-22 11:59:59 --> Router Class Initialized
INFO - 2020-04-22 11:59:59 --> Output Class Initialized
INFO - 2020-04-22 11:59:59 --> Security Class Initialized
DEBUG - 2020-04-22 11:59:59 --> Global POST, GET and COOKIE data sanitized
INFO - 2020-04-22 11:59:59 --> Input Class Initialized
INFO - 2020-04-22 11:59:59 --> Language Class Initialized
ERROR - 2020-04-22 11:59:59 --> 404 Page Not Found: Auth/emailcheck
INFO - 2020-04-22 12:00:10 --> Config Class Initialized
INFO - 2020-04-22 12:00:10 --> Hooks Class Initialized
DEBUG - 2020-04-22 12:00:10 --> UTF-8 Support Enabled
INFO - 2020-04-22 12:00:10 --> Utf8 Class Initialized
INFO - 2020-04-22 12:00:10 --> URI Class Initialized
INFO - 2020-04-22 12:00:10 --> Router Class Initialized
INFO - 2020-04-22 12:00:10 --> Output Class Initialized
INFO - 2020-04-22 12:00:10 --> Security Class Initialized
DEBUG - 2020-04-22 12:00:10 --> Global POST, GET and COOKIE data sanitized
INFO - 2020-04-22 12:00:10 --> Input Class Initialized
INFO - 2020-04-22 12:00:10 --> Language Class Initialized
INFO - 2020-04-22 12:00:10 --> Loader Class Initialized
INFO - 2020-04-22 12:00:10 --> Helper loaded: url_helper
INFO - 2020-04-22 12:00:10 --> Helper loaded: file_helper
INFO - 2020-04-22 12:00:10 --> Helper loaded: text_helper
INFO - 2020-04-22 12:00:10 --> Helper loaded: string_helper
INFO - 2020-04-22 12:00:10 --> Database Driver Class Initialized
INFO - 2020-04-22 12:00:10 --> Email Class Initialized
DEBUG - 2020-04-22 12:00:10 --> Session: "sess_save_path" is empty; using "session.save_path" value from php.ini.
INFO - 2020-04-22 12:00:10 --> Session: Class initialized using 'files' driver.
INFO - 2020-04-22 12:00:10 --> Helper loaded: form_helper
INFO - 2020-04-22 12:00:10 --> Form Validation Class Initialized
INFO - 2020-04-22 12:00:10 --> Controller Class Initialized
INFO - 2020-04-22 12:00:10 --> Model "M_auth" initialized
DEBUG - 2020-04-22 12:00:10 --> Form_validation class already loaded. Second attempt ignored.
DEBUG - 2020-04-22 12:00:10 --> Sc_check class already loaded. Second attempt ignored.
INFO - 2020-04-22 12:00:10 --> Helper loaded: captcha_helper
INFO - 2020-04-22 12:00:10 --> Language file loaded: language/english/form_validation_lang.php
INFO - 2020-04-22 12:00:10 --> ---------------------Success -- Govt  Verification Officer Logged in with prathwiek.5ine@gmail.com and IP aaddress ::1 --------------
INFO - 2020-04-22 12:00:10 --> Config Class Initialized
INFO - 2020-04-22 12:00:10 --> Hooks Class Initialized
DEBUG - 2020-04-22 12:00:10 --> UTF-8 Support Enabled
INFO - 2020-04-22 12:00:10 --> Utf8 Class Initialized
INFO - 2020-04-22 12:00:10 --> URI Class Initialized
INFO - 2020-04-22 12:00:11 --> Router Class Initialized
INFO - 2020-04-22 12:00:11 --> Output Class Initialized
INFO - 2020-04-22 12:00:11 --> Security Class Initialized
DEBUG - 2020-04-22 12:00:11 --> Global POST, GET and COOKIE data sanitized
INFO - 2020-04-22 12:00:11 --> Input Class Initialized
INFO - 2020-04-22 12:00:11 --> Language Class Initialized
INFO - 2020-04-22 12:00:11 --> Loader Class Initialized
INFO - 2020-04-22 12:00:11 --> Helper loaded: url_helper
INFO - 2020-04-22 12:00:11 --> Helper loaded: file_helper
INFO - 2020-04-22 12:00:11 --> Helper loaded: text_helper
INFO - 2020-04-22 12:00:11 --> Helper loaded: string_helper
INFO - 2020-04-22 12:00:11 --> Database Driver Class Initialized
INFO - 2020-04-22 12:00:11 --> Email Class Initialized
DEBUG - 2020-04-22 12:00:11 --> Session: "sess_save_path" is empty; using "session.save_path" value from php.ini.
INFO - 2020-04-22 12:00:11 --> Session: Class initialized using 'files' driver.
INFO - 2020-04-22 12:00:11 --> Helper loaded: form_helper
INFO - 2020-04-22 12:00:11 --> Form Validation Class Initialized
INFO - 2020-04-22 12:00:11 --> Controller Class Initialized
INFO - 2020-04-22 12:00:11 --> Model "M_dashboard" initialized
INFO - 2020-04-22 12:00:11 --> Model "M_auth" initialized
INFO - 2020-04-22 12:00:11 --> File loaded: C:\xampp\htdocs\scholarship\govt\views\include/header.php
INFO - 2020-04-22 12:00:11 --> File loaded: C:\xampp\htdocs\scholarship\govt\views\include/menu.php
INFO - 2020-04-22 12:00:11 --> File loaded: C:\xampp\htdocs\scholarship\govt\views\include/footer.php
INFO - 2020-04-22 12:00:11 --> File loaded: C:\xampp\htdocs\scholarship\govt\views\include/msg.php
INFO - 2020-04-22 12:00:11 --> File loaded: C:\xampp\htdocs\scholarship\govt\views\dashboard/index.php
INFO - 2020-04-22 12:00:11 --> Final output sent to browser
DEBUG - 2020-04-22 12:00:11 --> Total execution time: 0.6542
INFO - 2020-04-22 12:00:12 --> Config Class Initialized
INFO - 2020-04-22 12:00:12 --> Hooks Class Initialized
DEBUG - 2020-04-22 12:00:12 --> UTF-8 Support Enabled
INFO - 2020-04-22 12:00:12 --> Utf8 Class Initialized
INFO - 2020-04-22 12:00:12 --> URI Class Initialized
INFO - 2020-04-22 12:00:12 --> Router Class Initialized
INFO - 2020-04-22 12:00:12 --> Output Class Initialized
INFO - 2020-04-22 12:00:12 --> Security Class Initialized
DEBUG - 2020-04-22 12:00:12 --> Global POST, GET and COOKIE data sanitized
INFO - 2020-04-22 12:00:12 --> Input Class Initialized
INFO - 2020-04-22 12:00:12 --> Language Class Initialized
INFO - 2020-04-22 12:00:12 --> Loader Class Initialized
INFO - 2020-04-22 12:00:12 --> Helper loaded: url_helper
INFO - 2020-04-22 12:00:12 --> Helper loaded: file_helper
INFO - 2020-04-22 12:00:12 --> Helper loaded: text_helper
INFO - 2020-04-22 12:00:12 --> Helper loaded: string_helper
INFO - 2020-04-22 12:00:12 --> Database Driver Class Initialized
INFO - 2020-04-22 12:00:12 --> Email Class Initialized
DEBUG - 2020-04-22 12:00:12 --> Session: "sess_save_path" is empty; using "session.save_path" value from php.ini.
INFO - 2020-04-22 12:00:12 --> Session: Class initialized using 'files' driver.
INFO - 2020-04-22 12:00:12 --> Helper loaded: form_helper
INFO - 2020-04-22 12:00:12 --> Form Validation Class Initialized
INFO - 2020-04-22 12:00:12 --> Controller Class Initialized
INFO - 2020-04-22 12:00:12 --> Model "M_dashboard" initialized
INFO - 2020-04-22 12:00:12 --> Model "M_auth" initialized
INFO - 2020-04-22 12:00:12 --> Final output sent to browser
DEBUG - 2020-04-22 12:00:12 --> Total execution time: 0.3092
INFO - 2020-04-22 12:00:16 --> Config Class Initialized
INFO - 2020-04-22 12:00:16 --> Hooks Class Initialized
DEBUG - 2020-04-22 12:00:16 --> UTF-8 Support Enabled
INFO - 2020-04-22 12:00:16 --> Utf8 Class Initialized
INFO - 2020-04-22 12:00:16 --> URI Class Initialized
INFO - 2020-04-22 12:00:16 --> Router Class Initialized
INFO - 2020-04-22 12:00:16 --> Output Class Initialized
INFO - 2020-04-22 12:00:16 --> Security Class Initialized
DEBUG - 2020-04-22 12:00:16 --> Global POST, GET and COOKIE data sanitized
INFO - 2020-04-22 12:00:16 --> Input Class Initialized
INFO - 2020-04-22 12:00:16 --> Language Class Initialized
INFO - 2020-04-22 12:00:16 --> Loader Class Initialized
INFO - 2020-04-22 12:00:16 --> Helper loaded: url_helper
INFO - 2020-04-22 12:00:16 --> Helper loaded: file_helper
INFO - 2020-04-22 12:00:16 --> Helper loaded: text_helper
INFO - 2020-04-22 12:00:16 --> Helper loaded: string_helper
INFO - 2020-04-22 12:00:16 --> Database Driver Class Initialized
INFO - 2020-04-22 12:00:16 --> Email Class Initialized
DEBUG - 2020-04-22 12:00:16 --> Session: "sess_save_path" is empty; using "session.save_path" value from php.ini.
INFO - 2020-04-22 12:00:16 --> Session: Class initialized using 'files' driver.
INFO - 2020-04-22 12:00:16 --> Helper loaded: form_helper
INFO - 2020-04-22 12:00:16 --> Form Validation Class Initialized
INFO - 2020-04-22 12:00:16 --> Controller Class Initialized
INFO - 2020-04-22 12:00:16 --> Model "M_dashboard" initialized
INFO - 2020-04-22 12:00:16 --> Model "M_auth" initialized
INFO - 2020-04-22 12:00:16 --> File loaded: C:\xampp\htdocs\scholarship\govt\views\include/header.php
INFO - 2020-04-22 12:00:16 --> File loaded: C:\xampp\htdocs\scholarship\govt\views\include/menu.php
INFO - 2020-04-22 12:00:16 --> File loaded: C:\xampp\htdocs\scholarship\govt\views\include/footer.php
INFO - 2020-04-22 12:00:16 --> File loaded: C:\xampp\htdocs\scholarship\govt\views\include/msg.php
INFO - 2020-04-22 12:00:16 --> File loaded: C:\xampp\htdocs\scholarship\govt\views\dashboard/profile.php
INFO - 2020-04-22 12:00:16 --> Final output sent to browser
DEBUG - 2020-04-22 12:00:16 --> Total execution time: 0.3588
