INFO - 2020-04-21 11:19:17 --> Config Class Initialized
INFO - 2020-04-21 11:19:17 --> Hooks Class Initialized
DEBUG - 2020-04-21 11:19:17 --> UTF-8 Support Enabled
INFO - 2020-04-21 11:19:17 --> Utf8 Class Initialized
INFO - 2020-04-21 11:19:17 --> URI Class Initialized
INFO - 2020-04-21 11:19:17 --> Router Class Initialized
INFO - 2020-04-21 11:19:17 --> Output Class Initialized
INFO - 2020-04-21 11:19:17 --> Security Class Initialized
DEBUG - 2020-04-21 11:19:17 --> Global POST, GET and COOKIE data sanitized
INFO - 2020-04-21 11:19:17 --> Input Class Initialized
INFO - 2020-04-21 11:19:17 --> Language Class Initialized
INFO - 2020-04-21 11:19:17 --> Loader Class Initialized
INFO - 2020-04-21 11:19:17 --> Helper loaded: url_helper
INFO - 2020-04-21 11:19:17 --> Helper loaded: file_helper
INFO - 2020-04-21 11:19:17 --> Helper loaded: text_helper
INFO - 2020-04-21 11:19:17 --> Helper loaded: string_helper
INFO - 2020-04-21 11:19:17 --> Database Driver Class Initialized
INFO - 2020-04-21 11:19:17 --> Email Class Initialized
DEBUG - 2020-04-21 11:19:17 --> Session: "sess_save_path" is empty; using "session.save_path" value from php.ini.
INFO - 2020-04-21 11:19:17 --> Session: Class initialized using 'files' driver.
INFO - 2020-04-21 11:19:17 --> Helper loaded: form_helper
INFO - 2020-04-21 11:19:17 --> Form Validation Class Initialized
INFO - 2020-04-21 11:19:17 --> Controller Class Initialized
INFO - 2020-04-21 11:19:17 --> Model "M_auth" initialized
DEBUG - 2020-04-21 11:19:17 --> Form_validation class already loaded. Second attempt ignored.
DEBUG - 2020-04-21 11:19:17 --> Sc_check class already loaded. Second attempt ignored.
INFO - 2020-04-21 11:19:17 --> Helper loaded: captcha_helper
INFO - 2020-04-21 11:19:17 --> File loaded: C:\xampp\htdocs\scholarship\govt\views\include/header.php
INFO - 2020-04-21 11:19:17 --> File loaded: C:\xampp\htdocs\scholarship\govt\views\include/footer.php
INFO - 2020-04-21 11:19:17 --> File loaded: C:\xampp\htdocs\scholarship\govt\views\include/msg.php
INFO - 2020-04-21 11:19:17 --> File loaded: C:\xampp\htdocs\scholarship\govt\views\auth/login.php
INFO - 2020-04-21 11:19:17 --> Final output sent to browser
DEBUG - 2020-04-21 11:19:17 --> Total execution time: 0.5474
INFO - 2020-04-21 11:21:41 --> Config Class Initialized
INFO - 2020-04-21 11:21:41 --> Hooks Class Initialized
DEBUG - 2020-04-21 11:21:41 --> UTF-8 Support Enabled
INFO - 2020-04-21 11:21:41 --> Utf8 Class Initialized
INFO - 2020-04-21 11:21:41 --> URI Class Initialized
INFO - 2020-04-21 11:21:41 --> Router Class Initialized
INFO - 2020-04-21 11:21:41 --> Output Class Initialized
INFO - 2020-04-21 11:21:41 --> Security Class Initialized
DEBUG - 2020-04-21 11:21:41 --> Global POST, GET and COOKIE data sanitized
INFO - 2020-04-21 11:21:41 --> Input Class Initialized
INFO - 2020-04-21 11:21:41 --> Language Class Initialized
INFO - 2020-04-21 11:21:41 --> Loader Class Initialized
INFO - 2020-04-21 11:21:41 --> Helper loaded: url_helper
INFO - 2020-04-21 11:21:41 --> Helper loaded: file_helper
INFO - 2020-04-21 11:21:41 --> Helper loaded: text_helper
INFO - 2020-04-21 11:21:41 --> Helper loaded: string_helper
INFO - 2020-04-21 11:21:41 --> Database Driver Class Initialized
INFO - 2020-04-21 11:21:41 --> Email Class Initialized
DEBUG - 2020-04-21 11:21:41 --> Session: "sess_save_path" is empty; using "session.save_path" value from php.ini.
INFO - 2020-04-21 11:21:41 --> Session: Class initialized using 'files' driver.
INFO - 2020-04-21 11:21:41 --> Helper loaded: form_helper
INFO - 2020-04-21 11:21:41 --> Form Validation Class Initialized
INFO - 2020-04-21 11:21:41 --> Controller Class Initialized
INFO - 2020-04-21 11:21:41 --> Model "M_auth" initialized
DEBUG - 2020-04-21 11:21:41 --> Form_validation class already loaded. Second attempt ignored.
DEBUG - 2020-04-21 11:21:41 --> Sc_check class already loaded. Second attempt ignored.
INFO - 2020-04-21 11:21:41 --> Helper loaded: captcha_helper
INFO - 2020-04-21 11:21:42 --> File loaded: C:\xampp\htdocs\scholarship\govt\views\include/header.php
INFO - 2020-04-21 11:21:42 --> File loaded: C:\xampp\htdocs\scholarship\govt\views\include/footer.php
INFO - 2020-04-21 11:21:42 --> File loaded: C:\xampp\htdocs\scholarship\govt\views\include/msg.php
INFO - 2020-04-21 11:21:42 --> File loaded: C:\xampp\htdocs\scholarship\govt\views\auth/forgot-password.php
INFO - 2020-04-21 11:21:42 --> Final output sent to browser
DEBUG - 2020-04-21 11:21:42 --> Total execution time: 0.3406
