INFO - 2020-03-16 11:31:19 --> Config Class Initialized
INFO - 2020-03-16 11:31:19 --> Hooks Class Initialized
DEBUG - 2020-03-16 11:31:19 --> UTF-8 Support Enabled
INFO - 2020-03-16 11:31:19 --> Utf8 Class Initialized
INFO - 2020-03-16 11:31:19 --> URI Class Initialized
DEBUG - 2020-03-16 11:31:19 --> No URI present. Default controller set.
INFO - 2020-03-16 11:31:19 --> Router Class Initialized
INFO - 2020-03-16 11:31:19 --> Output Class Initialized
INFO - 2020-03-16 11:31:19 --> Security Class Initialized
DEBUG - 2020-03-16 11:31:19 --> Global POST, GET and COOKIE data sanitized
INFO - 2020-03-16 11:31:19 --> Input Class Initialized
INFO - 2020-03-16 11:31:19 --> Language Class Initialized
INFO - 2020-03-16 11:31:19 --> Loader Class Initialized
INFO - 2020-03-16 11:31:19 --> Helper loaded: url_helper
INFO - 2020-03-16 11:31:19 --> Helper loaded: file_helper
INFO - 2020-03-16 11:31:19 --> Helper loaded: text_helper
INFO - 2020-03-16 11:31:19 --> Helper loaded: string_helper
INFO - 2020-03-16 11:31:19 --> Database Driver Class Initialized
INFO - 2020-03-16 11:31:19 --> Email Class Initialized
DEBUG - 2020-03-16 11:31:19 --> Session: "sess_save_path" is empty; using "session.save_path" value from php.ini.
INFO - 2020-03-16 11:31:19 --> Session: Class initialized using 'files' driver.
INFO - 2020-03-16 11:31:19 --> Helper loaded: form_helper
INFO - 2020-03-16 11:31:19 --> Form Validation Class Initialized
INFO - 2020-03-16 11:31:19 --> Controller Class Initialized
INFO - 2020-03-16 11:31:19 --> Model "M_auth" initialized
DEBUG - 2020-03-16 11:31:19 --> Form_validation class already loaded. Second attempt ignored.
DEBUG - 2020-03-16 11:31:19 --> Sc_check class already loaded. Second attempt ignored.
INFO - 2020-03-16 11:31:19 --> Helper loaded: captcha_helper
INFO - 2020-03-16 11:31:19 --> File loaded: C:\xampp\htdocs\scholarship\govt\views\include/header.php
INFO - 2020-03-16 11:31:19 --> File loaded: C:\xampp\htdocs\scholarship\govt\views\include/footer.php
INFO - 2020-03-16 11:31:19 --> File loaded: C:\xampp\htdocs\scholarship\govt\views\include/msg.php
INFO - 2020-03-16 11:31:19 --> File loaded: C:\xampp\htdocs\scholarship\govt\views\auth/login.php
INFO - 2020-03-16 11:31:19 --> Final output sent to browser
DEBUG - 2020-03-16 11:31:19 --> Total execution time: 0.3156
INFO - 2020-03-16 11:31:23 --> Config Class Initialized
INFO - 2020-03-16 11:31:23 --> Hooks Class Initialized
DEBUG - 2020-03-16 11:31:23 --> UTF-8 Support Enabled
INFO - 2020-03-16 11:31:23 --> Utf8 Class Initialized
INFO - 2020-03-16 11:31:23 --> URI Class Initialized
INFO - 2020-03-16 11:31:23 --> Router Class Initialized
INFO - 2020-03-16 11:31:23 --> Output Class Initialized
INFO - 2020-03-16 11:31:23 --> Security Class Initialized
DEBUG - 2020-03-16 11:31:23 --> Global POST, GET and COOKIE data sanitized
INFO - 2020-03-16 11:31:23 --> Input Class Initialized
INFO - 2020-03-16 11:31:23 --> Language Class Initialized
ERROR - 2020-03-16 11:31:23 --> 404 Page Not Found: Auth/emailcheck
INFO - 2020-03-16 11:31:32 --> Config Class Initialized
INFO - 2020-03-16 11:31:32 --> Hooks Class Initialized
DEBUG - 2020-03-16 11:31:32 --> UTF-8 Support Enabled
INFO - 2020-03-16 11:31:32 --> Utf8 Class Initialized
INFO - 2020-03-16 11:31:32 --> URI Class Initialized
INFO - 2020-03-16 11:31:32 --> Router Class Initialized
INFO - 2020-03-16 11:31:32 --> Output Class Initialized
INFO - 2020-03-16 11:31:32 --> Security Class Initialized
DEBUG - 2020-03-16 11:31:32 --> Global POST, GET and COOKIE data sanitized
INFO - 2020-03-16 11:31:32 --> Input Class Initialized
INFO - 2020-03-16 11:31:32 --> Language Class Initialized
INFO - 2020-03-16 11:31:32 --> Loader Class Initialized
INFO - 2020-03-16 11:31:32 --> Helper loaded: url_helper
INFO - 2020-03-16 11:31:32 --> Helper loaded: file_helper
INFO - 2020-03-16 11:31:32 --> Helper loaded: text_helper
INFO - 2020-03-16 11:31:32 --> Helper loaded: string_helper
INFO - 2020-03-16 11:31:32 --> Database Driver Class Initialized
INFO - 2020-03-16 11:31:32 --> Email Class Initialized
DEBUG - 2020-03-16 11:31:32 --> Session: "sess_save_path" is empty; using "session.save_path" value from php.ini.
INFO - 2020-03-16 11:31:32 --> Session: Class initialized using 'files' driver.
INFO - 2020-03-16 11:31:32 --> Helper loaded: form_helper
INFO - 2020-03-16 11:31:32 --> Form Validation Class Initialized
INFO - 2020-03-16 11:31:32 --> Controller Class Initialized
INFO - 2020-03-16 11:31:32 --> Model "M_auth" initialized
DEBUG - 2020-03-16 11:31:32 --> Form_validation class already loaded. Second attempt ignored.
DEBUG - 2020-03-16 11:31:32 --> Sc_check class already loaded. Second attempt ignored.
INFO - 2020-03-16 11:31:32 --> Helper loaded: captcha_helper
INFO - 2020-03-16 11:31:32 --> Language file loaded: language/english/form_validation_lang.php
INFO - 2020-03-16 11:31:32 --> ---------------------Success -- Govt  Verification Officer Logged in with prathwiek.5ine@gmail.com and IP aaddress ::1 --------------
INFO - 2020-03-16 11:31:32 --> Config Class Initialized
INFO - 2020-03-16 11:31:32 --> Hooks Class Initialized
DEBUG - 2020-03-16 11:31:32 --> UTF-8 Support Enabled
INFO - 2020-03-16 11:31:32 --> Utf8 Class Initialized
INFO - 2020-03-16 11:31:32 --> URI Class Initialized
INFO - 2020-03-16 11:31:32 --> Router Class Initialized
INFO - 2020-03-16 11:31:32 --> Output Class Initialized
INFO - 2020-03-16 11:31:32 --> Security Class Initialized
DEBUG - 2020-03-16 11:31:32 --> Global POST, GET and COOKIE data sanitized
INFO - 2020-03-16 11:31:32 --> Input Class Initialized
INFO - 2020-03-16 11:31:32 --> Language Class Initialized
INFO - 2020-03-16 11:31:32 --> Loader Class Initialized
INFO - 2020-03-16 11:31:32 --> Helper loaded: url_helper
INFO - 2020-03-16 11:31:32 --> Helper loaded: file_helper
INFO - 2020-03-16 11:31:32 --> Helper loaded: text_helper
INFO - 2020-03-16 11:31:32 --> Helper loaded: string_helper
INFO - 2020-03-16 11:31:32 --> Database Driver Class Initialized
INFO - 2020-03-16 11:31:32 --> Email Class Initialized
DEBUG - 2020-03-16 11:31:32 --> Session: "sess_save_path" is empty; using "session.save_path" value from php.ini.
INFO - 2020-03-16 11:31:32 --> Session: Class initialized using 'files' driver.
INFO - 2020-03-16 11:31:32 --> Helper loaded: form_helper
INFO - 2020-03-16 11:31:32 --> Form Validation Class Initialized
INFO - 2020-03-16 11:31:32 --> Controller Class Initialized
INFO - 2020-03-16 11:31:32 --> Model "M_dashboard" initialized
INFO - 2020-03-16 11:31:32 --> Model "M_auth" initialized
INFO - 2020-03-16 11:31:32 --> File loaded: C:\xampp\htdocs\scholarship\govt\views\include/header.php
INFO - 2020-03-16 11:31:32 --> File loaded: C:\xampp\htdocs\scholarship\govt\views\include/menu.php
INFO - 2020-03-16 11:31:32 --> File loaded: C:\xampp\htdocs\scholarship\govt\views\include/footer.php
INFO - 2020-03-16 11:31:32 --> File loaded: C:\xampp\htdocs\scholarship\govt\views\include/msg.php
INFO - 2020-03-16 11:31:32 --> File loaded: C:\xampp\htdocs\scholarship\govt\views\dashboard/index.php
INFO - 2020-03-16 11:31:32 --> Final output sent to browser
DEBUG - 2020-03-16 11:31:32 --> Total execution time: 0.3150
INFO - 2020-03-16 11:31:33 --> Config Class Initialized
INFO - 2020-03-16 11:31:33 --> Hooks Class Initialized
DEBUG - 2020-03-16 11:31:33 --> UTF-8 Support Enabled
INFO - 2020-03-16 11:31:33 --> Utf8 Class Initialized
INFO - 2020-03-16 11:31:33 --> URI Class Initialized
INFO - 2020-03-16 11:31:33 --> Router Class Initialized
INFO - 2020-03-16 11:31:33 --> Output Class Initialized
INFO - 2020-03-16 11:31:33 --> Security Class Initialized
DEBUG - 2020-03-16 11:31:33 --> Global POST, GET and COOKIE data sanitized
INFO - 2020-03-16 11:31:33 --> Input Class Initialized
INFO - 2020-03-16 11:31:33 --> Language Class Initialized
INFO - 2020-03-16 11:31:33 --> Loader Class Initialized
INFO - 2020-03-16 11:31:33 --> Helper loaded: url_helper
INFO - 2020-03-16 11:31:33 --> Helper loaded: file_helper
INFO - 2020-03-16 11:31:33 --> Helper loaded: text_helper
INFO - 2020-03-16 11:31:33 --> Helper loaded: string_helper
INFO - 2020-03-16 11:31:33 --> Database Driver Class Initialized
INFO - 2020-03-16 11:31:33 --> Email Class Initialized
DEBUG - 2020-03-16 11:31:33 --> Session: "sess_save_path" is empty; using "session.save_path" value from php.ini.
INFO - 2020-03-16 11:31:33 --> Session: Class initialized using 'files' driver.
INFO - 2020-03-16 11:31:33 --> Helper loaded: form_helper
INFO - 2020-03-16 11:31:33 --> Form Validation Class Initialized
INFO - 2020-03-16 11:31:33 --> Controller Class Initialized
INFO - 2020-03-16 11:31:33 --> Model "M_dashboard" initialized
INFO - 2020-03-16 11:31:33 --> Model "M_auth" initialized
ERROR - 2020-03-16 11:31:33 --> Severity: Notice --> Undefined variable: newData C:\xampp\htdocs\scholarship\govt\models\M_dashboard.php 66
ERROR - 2020-03-16 11:31:33 --> Severity: Warning --> array_count_values() expects parameter 1 to be array, null given C:\xampp\htdocs\scholarship\govt\models\M_dashboard.php 66
INFO - 2020-03-16 11:31:33 --> Final output sent to browser
DEBUG - 2020-03-16 11:31:33 --> Total execution time: 0.1101
INFO - 2020-03-16 11:31:34 --> Config Class Initialized
INFO - 2020-03-16 11:31:34 --> Hooks Class Initialized
DEBUG - 2020-03-16 11:31:34 --> UTF-8 Support Enabled
INFO - 2020-03-16 11:31:34 --> Utf8 Class Initialized
INFO - 2020-03-16 11:31:34 --> URI Class Initialized
INFO - 2020-03-16 11:31:34 --> Router Class Initialized
INFO - 2020-03-16 11:31:34 --> Output Class Initialized
INFO - 2020-03-16 11:31:34 --> Security Class Initialized
DEBUG - 2020-03-16 11:31:34 --> Global POST, GET and COOKIE data sanitized
INFO - 2020-03-16 11:31:34 --> Input Class Initialized
INFO - 2020-03-16 11:31:34 --> Language Class Initialized
INFO - 2020-03-16 11:31:34 --> Loader Class Initialized
INFO - 2020-03-16 11:31:34 --> Helper loaded: url_helper
INFO - 2020-03-16 11:31:34 --> Helper loaded: file_helper
INFO - 2020-03-16 11:31:34 --> Helper loaded: text_helper
INFO - 2020-03-16 11:31:34 --> Helper loaded: string_helper
INFO - 2020-03-16 11:31:34 --> Database Driver Class Initialized
INFO - 2020-03-16 11:31:35 --> Email Class Initialized
DEBUG - 2020-03-16 11:31:35 --> Session: "sess_save_path" is empty; using "session.save_path" value from php.ini.
INFO - 2020-03-16 11:31:35 --> Session: Class initialized using 'files' driver.
INFO - 2020-03-16 11:31:35 --> Helper loaded: form_helper
INFO - 2020-03-16 11:31:35 --> Form Validation Class Initialized
INFO - 2020-03-16 11:31:35 --> Controller Class Initialized
INFO - 2020-03-16 11:31:35 --> Model "M_scholar" initialized
INFO - 2020-03-16 11:31:35 --> Model "M_auth" initialized
INFO - 2020-03-16 11:31:35 --> File loaded: C:\xampp\htdocs\scholarship\govt\views\include/header.php
INFO - 2020-03-16 11:31:35 --> File loaded: C:\xampp\htdocs\scholarship\govt\views\include/menu.php
INFO - 2020-03-16 11:31:35 --> File loaded: C:\xampp\htdocs\scholarship\govt\views\include/footer.php
INFO - 2020-03-16 11:31:35 --> File loaded: C:\xampp\htdocs\scholarship\govt\views\scholar/list.php
INFO - 2020-03-16 11:31:35 --> Final output sent to browser
DEBUG - 2020-03-16 11:31:35 --> Total execution time: 0.2421
INFO - 2020-03-16 11:31:36 --> Config Class Initialized
INFO - 2020-03-16 11:31:36 --> Hooks Class Initialized
DEBUG - 2020-03-16 11:31:36 --> UTF-8 Support Enabled
INFO - 2020-03-16 11:31:36 --> Utf8 Class Initialized
INFO - 2020-03-16 11:31:36 --> URI Class Initialized
INFO - 2020-03-16 11:31:36 --> Router Class Initialized
INFO - 2020-03-16 11:31:36 --> Output Class Initialized
INFO - 2020-03-16 11:31:36 --> Security Class Initialized
DEBUG - 2020-03-16 11:31:36 --> Global POST, GET and COOKIE data sanitized
INFO - 2020-03-16 11:31:36 --> Input Class Initialized
INFO - 2020-03-16 11:31:36 --> Language Class Initialized
INFO - 2020-03-16 11:31:36 --> Loader Class Initialized
INFO - 2020-03-16 11:31:36 --> Helper loaded: url_helper
INFO - 2020-03-16 11:31:36 --> Helper loaded: file_helper
INFO - 2020-03-16 11:31:36 --> Helper loaded: text_helper
INFO - 2020-03-16 11:31:36 --> Helper loaded: string_helper
INFO - 2020-03-16 11:31:36 --> Database Driver Class Initialized
INFO - 2020-03-16 11:31:36 --> Email Class Initialized
DEBUG - 2020-03-16 11:31:36 --> Session: "sess_save_path" is empty; using "session.save_path" value from php.ini.
INFO - 2020-03-16 11:31:36 --> Session: Class initialized using 'files' driver.
INFO - 2020-03-16 11:31:36 --> Helper loaded: form_helper
INFO - 2020-03-16 11:31:36 --> Form Validation Class Initialized
INFO - 2020-03-16 11:31:36 --> Controller Class Initialized
INFO - 2020-03-16 11:31:36 --> Model "M_scholar" initialized
INFO - 2020-03-16 11:31:36 --> Model "M_auth" initialized
INFO - 2020-03-16 11:31:36 --> Final output sent to browser
DEBUG - 2020-03-16 11:31:36 --> Total execution time: 0.1396
INFO - 2020-03-16 11:31:36 --> Config Class Initialized
INFO - 2020-03-16 11:31:36 --> Hooks Class Initialized
DEBUG - 2020-03-16 11:31:36 --> UTF-8 Support Enabled
INFO - 2020-03-16 11:31:36 --> Utf8 Class Initialized
INFO - 2020-03-16 11:31:36 --> URI Class Initialized
INFO - 2020-03-16 11:31:36 --> Router Class Initialized
INFO - 2020-03-16 11:31:36 --> Output Class Initialized
INFO - 2020-03-16 11:31:36 --> Security Class Initialized
DEBUG - 2020-03-16 11:31:36 --> Global POST, GET and COOKIE data sanitized
INFO - 2020-03-16 11:31:36 --> Input Class Initialized
INFO - 2020-03-16 11:31:36 --> Language Class Initialized
INFO - 2020-03-16 11:31:36 --> Loader Class Initialized
INFO - 2020-03-16 11:31:36 --> Helper loaded: url_helper
INFO - 2020-03-16 11:31:36 --> Helper loaded: file_helper
INFO - 2020-03-16 11:31:36 --> Helper loaded: text_helper
INFO - 2020-03-16 11:31:36 --> Helper loaded: string_helper
INFO - 2020-03-16 11:31:36 --> Database Driver Class Initialized
INFO - 2020-03-16 11:31:36 --> Email Class Initialized
DEBUG - 2020-03-16 11:31:36 --> Session: "sess_save_path" is empty; using "session.save_path" value from php.ini.
INFO - 2020-03-16 11:31:36 --> Session: Class initialized using 'files' driver.
INFO - 2020-03-16 11:31:36 --> Helper loaded: form_helper
INFO - 2020-03-16 11:31:36 --> Form Validation Class Initialized
INFO - 2020-03-16 11:31:36 --> Controller Class Initialized
INFO - 2020-03-16 11:31:36 --> Model "M_dashboard" initialized
INFO - 2020-03-16 11:31:36 --> Model "M_auth" initialized
INFO - 2020-03-16 11:31:36 --> File loaded: C:\xampp\htdocs\scholarship\govt\views\include/header.php
INFO - 2020-03-16 11:31:36 --> File loaded: C:\xampp\htdocs\scholarship\govt\views\include/menu.php
INFO - 2020-03-16 11:31:36 --> File loaded: C:\xampp\htdocs\scholarship\govt\views\include/footer.php
INFO - 2020-03-16 11:31:36 --> File loaded: C:\xampp\htdocs\scholarship\govt\views\include/msg.php
INFO - 2020-03-16 11:31:36 --> File loaded: C:\xampp\htdocs\scholarship\govt\views\dashboard/index.php
INFO - 2020-03-16 11:31:36 --> Final output sent to browser
DEBUG - 2020-03-16 11:31:36 --> Total execution time: 0.1475
INFO - 2020-03-16 11:31:37 --> Config Class Initialized
INFO - 2020-03-16 11:31:37 --> Hooks Class Initialized
DEBUG - 2020-03-16 11:31:37 --> UTF-8 Support Enabled
INFO - 2020-03-16 11:31:37 --> Utf8 Class Initialized
INFO - 2020-03-16 11:31:37 --> URI Class Initialized
INFO - 2020-03-16 11:31:37 --> Router Class Initialized
INFO - 2020-03-16 11:31:37 --> Output Class Initialized
INFO - 2020-03-16 11:31:37 --> Security Class Initialized
DEBUG - 2020-03-16 11:31:37 --> Global POST, GET and COOKIE data sanitized
INFO - 2020-03-16 11:31:37 --> Input Class Initialized
INFO - 2020-03-16 11:31:37 --> Language Class Initialized
INFO - 2020-03-16 11:31:37 --> Loader Class Initialized
INFO - 2020-03-16 11:31:37 --> Helper loaded: url_helper
INFO - 2020-03-16 11:31:37 --> Helper loaded: file_helper
INFO - 2020-03-16 11:31:37 --> Helper loaded: text_helper
INFO - 2020-03-16 11:31:37 --> Helper loaded: string_helper
INFO - 2020-03-16 11:31:37 --> Database Driver Class Initialized
INFO - 2020-03-16 11:31:37 --> Email Class Initialized
DEBUG - 2020-03-16 11:31:37 --> Session: "sess_save_path" is empty; using "session.save_path" value from php.ini.
INFO - 2020-03-16 11:31:37 --> Session: Class initialized using 'files' driver.
INFO - 2020-03-16 11:31:37 --> Helper loaded: form_helper
INFO - 2020-03-16 11:31:37 --> Form Validation Class Initialized
INFO - 2020-03-16 11:31:37 --> Controller Class Initialized
INFO - 2020-03-16 11:31:37 --> Model "M_dashboard" initialized
INFO - 2020-03-16 11:31:37 --> Model "M_auth" initialized
ERROR - 2020-03-16 11:31:37 --> Severity: Notice --> Undefined variable: newData C:\xampp\htdocs\scholarship\govt\models\M_dashboard.php 66
ERROR - 2020-03-16 11:31:37 --> Severity: Warning --> array_count_values() expects parameter 1 to be array, null given C:\xampp\htdocs\scholarship\govt\models\M_dashboard.php 66
INFO - 2020-03-16 11:31:37 --> Final output sent to browser
DEBUG - 2020-03-16 11:31:37 --> Total execution time: 0.1032
INFO - 2020-03-16 11:31:44 --> Config Class Initialized
INFO - 2020-03-16 11:31:44 --> Hooks Class Initialized
DEBUG - 2020-03-16 11:31:44 --> UTF-8 Support Enabled
INFO - 2020-03-16 11:31:44 --> Utf8 Class Initialized
INFO - 2020-03-16 11:31:44 --> URI Class Initialized
INFO - 2020-03-16 11:31:44 --> Router Class Initialized
INFO - 2020-03-16 11:31:44 --> Output Class Initialized
INFO - 2020-03-16 11:31:44 --> Security Class Initialized
DEBUG - 2020-03-16 11:31:44 --> Global POST, GET and COOKIE data sanitized
INFO - 2020-03-16 11:31:44 --> Input Class Initialized
INFO - 2020-03-16 11:31:44 --> Language Class Initialized
INFO - 2020-03-16 11:31:44 --> Loader Class Initialized
INFO - 2020-03-16 11:31:44 --> Helper loaded: url_helper
INFO - 2020-03-16 11:31:44 --> Helper loaded: file_helper
INFO - 2020-03-16 11:31:44 --> Helper loaded: text_helper
INFO - 2020-03-16 11:31:44 --> Helper loaded: string_helper
INFO - 2020-03-16 11:31:44 --> Database Driver Class Initialized
INFO - 2020-03-16 11:31:44 --> Email Class Initialized
DEBUG - 2020-03-16 11:31:44 --> Session: "sess_save_path" is empty; using "session.save_path" value from php.ini.
INFO - 2020-03-16 11:31:44 --> Session: Class initialized using 'files' driver.
INFO - 2020-03-16 11:31:44 --> Helper loaded: form_helper
INFO - 2020-03-16 11:31:44 --> Form Validation Class Initialized
INFO - 2020-03-16 11:31:44 --> Controller Class Initialized
INFO - 2020-03-16 11:31:44 --> Model "M_dashboard" initialized
INFO - 2020-03-16 11:31:44 --> Model "M_auth" initialized
INFO - 2020-03-16 11:31:44 --> File loaded: C:\xampp\htdocs\scholarship\govt\views\include/header.php
INFO - 2020-03-16 11:31:44 --> File loaded: C:\xampp\htdocs\scholarship\govt\views\include/menu.php
INFO - 2020-03-16 11:31:44 --> File loaded: C:\xampp\htdocs\scholarship\govt\views\include/footer.php
INFO - 2020-03-16 11:31:44 --> File loaded: C:\xampp\htdocs\scholarship\govt\views\include/msg.php
INFO - 2020-03-16 11:31:44 --> File loaded: C:\xampp\htdocs\scholarship\govt\views\dashboard/index.php
INFO - 2020-03-16 11:31:44 --> Final output sent to browser
DEBUG - 2020-03-16 11:31:44 --> Total execution time: 0.2204
INFO - 2020-03-16 11:31:45 --> Config Class Initialized
INFO - 2020-03-16 11:31:45 --> Hooks Class Initialized
DEBUG - 2020-03-16 11:31:45 --> UTF-8 Support Enabled
INFO - 2020-03-16 11:31:45 --> Utf8 Class Initialized
INFO - 2020-03-16 11:31:45 --> URI Class Initialized
INFO - 2020-03-16 11:31:45 --> Router Class Initialized
INFO - 2020-03-16 11:31:45 --> Output Class Initialized
INFO - 2020-03-16 11:31:45 --> Security Class Initialized
DEBUG - 2020-03-16 11:31:45 --> Global POST, GET and COOKIE data sanitized
INFO - 2020-03-16 11:31:45 --> Input Class Initialized
INFO - 2020-03-16 11:31:45 --> Language Class Initialized
INFO - 2020-03-16 11:31:45 --> Loader Class Initialized
INFO - 2020-03-16 11:31:45 --> Helper loaded: url_helper
INFO - 2020-03-16 11:31:45 --> Helper loaded: file_helper
INFO - 2020-03-16 11:31:45 --> Helper loaded: text_helper
INFO - 2020-03-16 11:31:45 --> Helper loaded: string_helper
INFO - 2020-03-16 11:31:45 --> Database Driver Class Initialized
INFO - 2020-03-16 11:31:45 --> Email Class Initialized
DEBUG - 2020-03-16 11:31:45 --> Session: "sess_save_path" is empty; using "session.save_path" value from php.ini.
INFO - 2020-03-16 11:31:45 --> Session: Class initialized using 'files' driver.
INFO - 2020-03-16 11:31:45 --> Helper loaded: form_helper
INFO - 2020-03-16 11:31:45 --> Form Validation Class Initialized
INFO - 2020-03-16 11:31:45 --> Controller Class Initialized
INFO - 2020-03-16 11:31:45 --> Model "M_dashboard" initialized
INFO - 2020-03-16 11:31:45 --> Model "M_auth" initialized
ERROR - 2020-03-16 11:31:45 --> Severity: Notice --> Undefined variable: newData C:\xampp\htdocs\scholarship\govt\models\M_dashboard.php 66
ERROR - 2020-03-16 11:31:45 --> Severity: Warning --> array_count_values() expects parameter 1 to be array, null given C:\xampp\htdocs\scholarship\govt\models\M_dashboard.php 66
INFO - 2020-03-16 11:31:45 --> Final output sent to browser
DEBUG - 2020-03-16 11:31:45 --> Total execution time: 0.1361
INFO - 2020-03-16 11:32:52 --> Config Class Initialized
INFO - 2020-03-16 11:32:52 --> Hooks Class Initialized
DEBUG - 2020-03-16 11:32:52 --> UTF-8 Support Enabled
INFO - 2020-03-16 11:32:52 --> Utf8 Class Initialized
INFO - 2020-03-16 11:32:52 --> URI Class Initialized
INFO - 2020-03-16 11:32:52 --> Router Class Initialized
INFO - 2020-03-16 11:32:52 --> Output Class Initialized
INFO - 2020-03-16 11:32:52 --> Security Class Initialized
DEBUG - 2020-03-16 11:32:52 --> Global POST, GET and COOKIE data sanitized
INFO - 2020-03-16 11:32:52 --> Input Class Initialized
INFO - 2020-03-16 11:32:52 --> Language Class Initialized
INFO - 2020-03-16 11:32:52 --> Loader Class Initialized
INFO - 2020-03-16 11:32:52 --> Helper loaded: url_helper
INFO - 2020-03-16 11:32:52 --> Helper loaded: file_helper
INFO - 2020-03-16 11:32:52 --> Helper loaded: text_helper
INFO - 2020-03-16 11:32:52 --> Helper loaded: string_helper
INFO - 2020-03-16 11:32:52 --> Database Driver Class Initialized
INFO - 2020-03-16 11:32:52 --> Email Class Initialized
DEBUG - 2020-03-16 11:32:52 --> Session: "sess_save_path" is empty; using "session.save_path" value from php.ini.
INFO - 2020-03-16 11:32:52 --> Session: Class initialized using 'files' driver.
INFO - 2020-03-16 11:32:52 --> Helper loaded: form_helper
INFO - 2020-03-16 11:32:52 --> Form Validation Class Initialized
INFO - 2020-03-16 11:32:52 --> Controller Class Initialized
INFO - 2020-03-16 11:32:52 --> Model "M_dashboard" initialized
INFO - 2020-03-16 11:32:52 --> Model "M_auth" initialized
INFO - 2020-03-16 11:32:52 --> File loaded: C:\xampp\htdocs\scholarship\govt\views\include/header.php
INFO - 2020-03-16 11:32:52 --> File loaded: C:\xampp\htdocs\scholarship\govt\views\include/menu.php
INFO - 2020-03-16 11:32:52 --> File loaded: C:\xampp\htdocs\scholarship\govt\views\include/footer.php
INFO - 2020-03-16 11:32:52 --> File loaded: C:\xampp\htdocs\scholarship\govt\views\include/msg.php
INFO - 2020-03-16 11:32:52 --> File loaded: C:\xampp\htdocs\scholarship\govt\views\dashboard/index.php
INFO - 2020-03-16 11:32:52 --> Final output sent to browser
DEBUG - 2020-03-16 11:32:52 --> Total execution time: 0.2182
INFO - 2020-03-16 11:32:53 --> Config Class Initialized
INFO - 2020-03-16 11:32:53 --> Hooks Class Initialized
DEBUG - 2020-03-16 11:32:53 --> UTF-8 Support Enabled
INFO - 2020-03-16 11:32:53 --> Utf8 Class Initialized
INFO - 2020-03-16 11:32:53 --> URI Class Initialized
INFO - 2020-03-16 11:32:53 --> Router Class Initialized
INFO - 2020-03-16 11:32:53 --> Output Class Initialized
INFO - 2020-03-16 11:32:53 --> Security Class Initialized
DEBUG - 2020-03-16 11:32:53 --> Global POST, GET and COOKIE data sanitized
INFO - 2020-03-16 11:32:53 --> Input Class Initialized
INFO - 2020-03-16 11:32:53 --> Language Class Initialized
INFO - 2020-03-16 11:32:53 --> Loader Class Initialized
INFO - 2020-03-16 11:32:53 --> Helper loaded: url_helper
INFO - 2020-03-16 11:32:53 --> Helper loaded: file_helper
INFO - 2020-03-16 11:32:53 --> Helper loaded: text_helper
INFO - 2020-03-16 11:32:53 --> Helper loaded: string_helper
INFO - 2020-03-16 11:32:53 --> Database Driver Class Initialized
INFO - 2020-03-16 11:32:53 --> Email Class Initialized
DEBUG - 2020-03-16 11:32:53 --> Session: "sess_save_path" is empty; using "session.save_path" value from php.ini.
INFO - 2020-03-16 11:32:53 --> Session: Class initialized using 'files' driver.
INFO - 2020-03-16 11:32:53 --> Helper loaded: form_helper
INFO - 2020-03-16 11:32:53 --> Form Validation Class Initialized
INFO - 2020-03-16 11:32:53 --> Controller Class Initialized
INFO - 2020-03-16 11:32:53 --> Model "M_dashboard" initialized
INFO - 2020-03-16 11:32:53 --> Model "M_auth" initialized
INFO - 2020-03-16 11:32:53 --> Final output sent to browser
DEBUG - 2020-03-16 11:32:53 --> Total execution time: 0.1226
INFO - 2020-03-16 11:32:55 --> Config Class Initialized
INFO - 2020-03-16 11:32:55 --> Hooks Class Initialized
DEBUG - 2020-03-16 11:32:55 --> UTF-8 Support Enabled
INFO - 2020-03-16 11:32:55 --> Utf8 Class Initialized
INFO - 2020-03-16 11:32:55 --> URI Class Initialized
INFO - 2020-03-16 11:32:55 --> Router Class Initialized
INFO - 2020-03-16 11:32:55 --> Output Class Initialized
INFO - 2020-03-16 11:32:55 --> Security Class Initialized
DEBUG - 2020-03-16 11:32:55 --> Global POST, GET and COOKIE data sanitized
INFO - 2020-03-16 11:32:55 --> Input Class Initialized
INFO - 2020-03-16 11:32:55 --> Language Class Initialized
INFO - 2020-03-16 11:32:55 --> Loader Class Initialized
INFO - 2020-03-16 11:32:55 --> Helper loaded: url_helper
INFO - 2020-03-16 11:32:55 --> Helper loaded: file_helper
INFO - 2020-03-16 11:32:55 --> Helper loaded: text_helper
INFO - 2020-03-16 11:32:55 --> Helper loaded: string_helper
INFO - 2020-03-16 11:32:55 --> Database Driver Class Initialized
INFO - 2020-03-16 11:32:55 --> Email Class Initialized
DEBUG - 2020-03-16 11:32:55 --> Session: "sess_save_path" is empty; using "session.save_path" value from php.ini.
INFO - 2020-03-16 11:32:55 --> Session: Class initialized using 'files' driver.
INFO - 2020-03-16 11:32:55 --> Helper loaded: form_helper
INFO - 2020-03-16 11:32:55 --> Form Validation Class Initialized
INFO - 2020-03-16 11:32:55 --> Controller Class Initialized
INFO - 2020-03-16 11:32:55 --> Model "M_scholar" initialized
INFO - 2020-03-16 11:32:55 --> Model "M_auth" initialized
INFO - 2020-03-16 11:32:55 --> File loaded: C:\xampp\htdocs\scholarship\govt\views\include/header.php
INFO - 2020-03-16 11:32:55 --> File loaded: C:\xampp\htdocs\scholarship\govt\views\include/menu.php
INFO - 2020-03-16 11:32:55 --> File loaded: C:\xampp\htdocs\scholarship\govt\views\include/footer.php
INFO - 2020-03-16 11:32:55 --> File loaded: C:\xampp\htdocs\scholarship\govt\views\scholar/list.php
INFO - 2020-03-16 11:32:55 --> Final output sent to browser
DEBUG - 2020-03-16 11:32:55 --> Total execution time: 0.1033
INFO - 2020-03-16 11:32:56 --> Config Class Initialized
INFO - 2020-03-16 11:32:57 --> Hooks Class Initialized
DEBUG - 2020-03-16 11:32:57 --> UTF-8 Support Enabled
INFO - 2020-03-16 11:32:57 --> Utf8 Class Initialized
INFO - 2020-03-16 11:32:57 --> URI Class Initialized
INFO - 2020-03-16 11:32:57 --> Router Class Initialized
INFO - 2020-03-16 11:32:57 --> Output Class Initialized
INFO - 2020-03-16 11:32:57 --> Security Class Initialized
DEBUG - 2020-03-16 11:32:57 --> Global POST, GET and COOKIE data sanitized
INFO - 2020-03-16 11:32:57 --> Input Class Initialized
INFO - 2020-03-16 11:32:57 --> Language Class Initialized
INFO - 2020-03-16 11:32:57 --> Loader Class Initialized
INFO - 2020-03-16 11:32:57 --> Helper loaded: url_helper
INFO - 2020-03-16 11:32:57 --> Helper loaded: file_helper
INFO - 2020-03-16 11:32:57 --> Helper loaded: text_helper
INFO - 2020-03-16 11:32:57 --> Helper loaded: string_helper
INFO - 2020-03-16 11:32:57 --> Database Driver Class Initialized
INFO - 2020-03-16 11:32:57 --> Email Class Initialized
DEBUG - 2020-03-16 11:32:57 --> Session: "sess_save_path" is empty; using "session.save_path" value from php.ini.
INFO - 2020-03-16 11:32:57 --> Session: Class initialized using 'files' driver.
INFO - 2020-03-16 11:32:57 --> Helper loaded: form_helper
INFO - 2020-03-16 11:32:57 --> Form Validation Class Initialized
INFO - 2020-03-16 11:32:57 --> Controller Class Initialized
INFO - 2020-03-16 11:32:57 --> Model "M_scholar" initialized
INFO - 2020-03-16 11:32:57 --> Model "M_auth" initialized
INFO - 2020-03-16 11:32:57 --> Final output sent to browser
DEBUG - 2020-03-16 11:32:57 --> Total execution time: 0.1894
INFO - 2020-03-16 11:36:54 --> Config Class Initialized
INFO - 2020-03-16 11:36:54 --> Hooks Class Initialized
DEBUG - 2020-03-16 11:36:54 --> UTF-8 Support Enabled
INFO - 2020-03-16 11:36:54 --> Utf8 Class Initialized
INFO - 2020-03-16 11:36:54 --> URI Class Initialized
INFO - 2020-03-16 11:36:54 --> Router Class Initialized
INFO - 2020-03-16 11:36:54 --> Output Class Initialized
INFO - 2020-03-16 11:36:54 --> Security Class Initialized
DEBUG - 2020-03-16 11:36:54 --> Global POST, GET and COOKIE data sanitized
INFO - 2020-03-16 11:36:54 --> Input Class Initialized
INFO - 2020-03-16 11:36:54 --> Language Class Initialized
INFO - 2020-03-16 11:36:54 --> Loader Class Initialized
INFO - 2020-03-16 11:36:54 --> Helper loaded: url_helper
INFO - 2020-03-16 11:36:54 --> Helper loaded: file_helper
INFO - 2020-03-16 11:36:54 --> Helper loaded: text_helper
INFO - 2020-03-16 11:36:54 --> Helper loaded: string_helper
INFO - 2020-03-16 11:36:54 --> Database Driver Class Initialized
INFO - 2020-03-16 11:36:54 --> Email Class Initialized
DEBUG - 2020-03-16 11:36:54 --> Session: "sess_save_path" is empty; using "session.save_path" value from php.ini.
INFO - 2020-03-16 11:36:54 --> Session: Class initialized using 'files' driver.
INFO - 2020-03-16 11:36:54 --> Helper loaded: form_helper
INFO - 2020-03-16 11:36:54 --> Form Validation Class Initialized
INFO - 2020-03-16 11:36:54 --> Controller Class Initialized
INFO - 2020-03-16 11:36:54 --> Model "M_scholar" initialized
INFO - 2020-03-16 11:36:54 --> Model "M_auth" initialized
INFO - 2020-03-16 11:36:54 --> File loaded: C:\xampp\htdocs\scholarship\govt\views\include/header.php
INFO - 2020-03-16 11:36:54 --> File loaded: C:\xampp\htdocs\scholarship\govt\views\include/menu.php
INFO - 2020-03-16 11:36:54 --> File loaded: C:\xampp\htdocs\scholarship\govt\views\include/footer.php
INFO - 2020-03-16 11:36:54 --> File loaded: C:\xampp\htdocs\scholarship\govt\views\scholar/list.php
INFO - 2020-03-16 11:36:54 --> Final output sent to browser
DEBUG - 2020-03-16 11:36:54 --> Total execution time: 0.1057
INFO - 2020-03-16 11:36:55 --> Config Class Initialized
INFO - 2020-03-16 11:36:55 --> Hooks Class Initialized
DEBUG - 2020-03-16 11:36:55 --> UTF-8 Support Enabled
INFO - 2020-03-16 11:36:55 --> Utf8 Class Initialized
INFO - 2020-03-16 11:36:55 --> URI Class Initialized
INFO - 2020-03-16 11:36:55 --> Router Class Initialized
INFO - 2020-03-16 11:36:55 --> Output Class Initialized
INFO - 2020-03-16 11:36:55 --> Security Class Initialized
DEBUG - 2020-03-16 11:36:55 --> Global POST, GET and COOKIE data sanitized
INFO - 2020-03-16 11:36:55 --> Input Class Initialized
INFO - 2020-03-16 11:36:55 --> Language Class Initialized
INFO - 2020-03-16 11:36:55 --> Loader Class Initialized
INFO - 2020-03-16 11:36:55 --> Helper loaded: url_helper
INFO - 2020-03-16 11:36:55 --> Helper loaded: file_helper
INFO - 2020-03-16 11:36:55 --> Helper loaded: text_helper
INFO - 2020-03-16 11:36:55 --> Helper loaded: string_helper
INFO - 2020-03-16 11:36:56 --> Database Driver Class Initialized
INFO - 2020-03-16 11:36:56 --> Email Class Initialized
DEBUG - 2020-03-16 11:36:56 --> Session: "sess_save_path" is empty; using "session.save_path" value from php.ini.
INFO - 2020-03-16 11:36:56 --> Session: Class initialized using 'files' driver.
INFO - 2020-03-16 11:36:56 --> Helper loaded: form_helper
INFO - 2020-03-16 11:36:56 --> Form Validation Class Initialized
INFO - 2020-03-16 11:36:56 --> Controller Class Initialized
INFO - 2020-03-16 11:36:56 --> Model "M_scholar" initialized
INFO - 2020-03-16 11:36:56 --> Model "M_auth" initialized
INFO - 2020-03-16 11:36:56 --> Final output sent to browser
DEBUG - 2020-03-16 11:36:56 --> Total execution time: 0.2027
INFO - 2020-03-16 11:36:58 --> Config Class Initialized
INFO - 2020-03-16 11:36:58 --> Hooks Class Initialized
DEBUG - 2020-03-16 11:36:58 --> UTF-8 Support Enabled
INFO - 2020-03-16 11:36:58 --> Utf8 Class Initialized
INFO - 2020-03-16 11:36:58 --> URI Class Initialized
INFO - 2020-03-16 11:36:58 --> Router Class Initialized
INFO - 2020-03-16 11:36:58 --> Output Class Initialized
INFO - 2020-03-16 11:36:58 --> Security Class Initialized
DEBUG - 2020-03-16 11:36:58 --> Global POST, GET and COOKIE data sanitized
INFO - 2020-03-16 11:36:58 --> Input Class Initialized
INFO - 2020-03-16 11:36:58 --> Language Class Initialized
INFO - 2020-03-16 11:36:58 --> Loader Class Initialized
INFO - 2020-03-16 11:36:58 --> Helper loaded: url_helper
INFO - 2020-03-16 11:36:58 --> Helper loaded: file_helper
INFO - 2020-03-16 11:36:58 --> Helper loaded: text_helper
INFO - 2020-03-16 11:36:58 --> Helper loaded: string_helper
INFO - 2020-03-16 11:36:58 --> Database Driver Class Initialized
INFO - 2020-03-16 11:36:58 --> Email Class Initialized
DEBUG - 2020-03-16 11:36:58 --> Session: "sess_save_path" is empty; using "session.save_path" value from php.ini.
INFO - 2020-03-16 11:36:58 --> Session: Class initialized using 'files' driver.
INFO - 2020-03-16 11:36:58 --> Helper loaded: form_helper
INFO - 2020-03-16 11:36:58 --> Form Validation Class Initialized
INFO - 2020-03-16 11:36:58 --> Controller Class Initialized
INFO - 2020-03-16 11:36:58 --> Model "M_scholar" initialized
INFO - 2020-03-16 11:36:58 --> Model "M_auth" initialized
INFO - 2020-03-16 11:36:58 --> File loaded: C:\xampp\htdocs\scholarship\govt\views\include/header.php
INFO - 2020-03-16 11:36:58 --> File loaded: C:\xampp\htdocs\scholarship\govt\views\include/menu.php
INFO - 2020-03-16 11:36:58 --> File loaded: C:\xampp\htdocs\scholarship\govt\views\include/footer.php
INFO - 2020-03-16 11:36:58 --> File loaded: C:\xampp\htdocs\scholarship\govt\views\scholar/list.php
INFO - 2020-03-16 11:36:58 --> Final output sent to browser
DEBUG - 2020-03-16 11:36:58 --> Total execution time: 0.0938
INFO - 2020-03-16 11:37:00 --> Config Class Initialized
INFO - 2020-03-16 11:37:00 --> Hooks Class Initialized
DEBUG - 2020-03-16 11:37:00 --> UTF-8 Support Enabled
INFO - 2020-03-16 11:37:00 --> Utf8 Class Initialized
INFO - 2020-03-16 11:37:00 --> URI Class Initialized
INFO - 2020-03-16 11:37:00 --> Router Class Initialized
INFO - 2020-03-16 11:37:00 --> Output Class Initialized
INFO - 2020-03-16 11:37:00 --> Security Class Initialized
DEBUG - 2020-03-16 11:37:00 --> Global POST, GET and COOKIE data sanitized
INFO - 2020-03-16 11:37:00 --> Input Class Initialized
INFO - 2020-03-16 11:37:00 --> Language Class Initialized
INFO - 2020-03-16 11:37:00 --> Loader Class Initialized
INFO - 2020-03-16 11:37:00 --> Helper loaded: url_helper
INFO - 2020-03-16 11:37:00 --> Helper loaded: file_helper
INFO - 2020-03-16 11:37:00 --> Helper loaded: text_helper
INFO - 2020-03-16 11:37:00 --> Helper loaded: string_helper
INFO - 2020-03-16 11:37:00 --> Database Driver Class Initialized
INFO - 2020-03-16 11:37:00 --> Email Class Initialized
DEBUG - 2020-03-16 11:37:00 --> Session: "sess_save_path" is empty; using "session.save_path" value from php.ini.
INFO - 2020-03-16 11:37:00 --> Session: Class initialized using 'files' driver.
INFO - 2020-03-16 11:37:00 --> Helper loaded: form_helper
INFO - 2020-03-16 11:37:00 --> Form Validation Class Initialized
INFO - 2020-03-16 11:37:00 --> Controller Class Initialized
INFO - 2020-03-16 11:37:00 --> Model "M_scholar" initialized
INFO - 2020-03-16 11:37:00 --> Model "M_auth" initialized
INFO - 2020-03-16 11:37:00 --> Final output sent to browser
DEBUG - 2020-03-16 11:37:00 --> Total execution time: 0.1664
INFO - 2020-03-16 11:37:01 --> Config Class Initialized
INFO - 2020-03-16 11:37:01 --> Hooks Class Initialized
DEBUG - 2020-03-16 11:37:01 --> UTF-8 Support Enabled
INFO - 2020-03-16 11:37:01 --> Utf8 Class Initialized
INFO - 2020-03-16 11:37:01 --> URI Class Initialized
INFO - 2020-03-16 11:37:01 --> Router Class Initialized
INFO - 2020-03-16 11:37:01 --> Output Class Initialized
INFO - 2020-03-16 11:37:01 --> Security Class Initialized
DEBUG - 2020-03-16 11:37:01 --> Global POST, GET and COOKIE data sanitized
INFO - 2020-03-16 11:37:01 --> Input Class Initialized
INFO - 2020-03-16 11:37:01 --> Language Class Initialized
INFO - 2020-03-16 11:37:01 --> Loader Class Initialized
INFO - 2020-03-16 11:37:01 --> Helper loaded: url_helper
INFO - 2020-03-16 11:37:01 --> Helper loaded: file_helper
INFO - 2020-03-16 11:37:01 --> Helper loaded: text_helper
INFO - 2020-03-16 11:37:01 --> Helper loaded: string_helper
INFO - 2020-03-16 11:37:01 --> Database Driver Class Initialized
INFO - 2020-03-16 11:37:01 --> Email Class Initialized
DEBUG - 2020-03-16 11:37:01 --> Session: "sess_save_path" is empty; using "session.save_path" value from php.ini.
INFO - 2020-03-16 11:37:01 --> Session: Class initialized using 'files' driver.
INFO - 2020-03-16 11:37:01 --> Helper loaded: form_helper
INFO - 2020-03-16 11:37:01 --> Form Validation Class Initialized
INFO - 2020-03-16 11:37:01 --> Controller Class Initialized
INFO - 2020-03-16 11:37:01 --> Model "M_scholar" initialized
INFO - 2020-03-16 11:37:01 --> Model "M_auth" initialized
INFO - 2020-03-16 11:37:01 --> File loaded: C:\xampp\htdocs\scholarship\govt\views\include/header.php
INFO - 2020-03-16 11:37:01 --> File loaded: C:\xampp\htdocs\scholarship\govt\views\include/menu.php
INFO - 2020-03-16 11:37:01 --> File loaded: C:\xampp\htdocs\scholarship\govt\views\include/footer.php
INFO - 2020-03-16 11:37:01 --> File loaded: C:\xampp\htdocs\scholarship\govt\views\scholar/list.php
INFO - 2020-03-16 11:37:01 --> Final output sent to browser
DEBUG - 2020-03-16 11:37:01 --> Total execution time: 0.0889
INFO - 2020-03-16 11:37:03 --> Config Class Initialized
INFO - 2020-03-16 11:37:03 --> Hooks Class Initialized
DEBUG - 2020-03-16 11:37:03 --> UTF-8 Support Enabled
INFO - 2020-03-16 11:37:03 --> Utf8 Class Initialized
INFO - 2020-03-16 11:37:03 --> URI Class Initialized
INFO - 2020-03-16 11:37:03 --> Router Class Initialized
INFO - 2020-03-16 11:37:03 --> Output Class Initialized
INFO - 2020-03-16 11:37:03 --> Security Class Initialized
DEBUG - 2020-03-16 11:37:03 --> Global POST, GET and COOKIE data sanitized
INFO - 2020-03-16 11:37:03 --> Input Class Initialized
INFO - 2020-03-16 11:37:03 --> Language Class Initialized
INFO - 2020-03-16 11:37:03 --> Loader Class Initialized
INFO - 2020-03-16 11:37:03 --> Helper loaded: url_helper
INFO - 2020-03-16 11:37:03 --> Helper loaded: file_helper
INFO - 2020-03-16 11:37:03 --> Helper loaded: text_helper
INFO - 2020-03-16 11:37:03 --> Helper loaded: string_helper
INFO - 2020-03-16 11:37:03 --> Database Driver Class Initialized
INFO - 2020-03-16 11:37:03 --> Email Class Initialized
DEBUG - 2020-03-16 11:37:03 --> Session: "sess_save_path" is empty; using "session.save_path" value from php.ini.
INFO - 2020-03-16 11:37:03 --> Session: Class initialized using 'files' driver.
INFO - 2020-03-16 11:37:03 --> Helper loaded: form_helper
INFO - 2020-03-16 11:37:03 --> Form Validation Class Initialized
INFO - 2020-03-16 11:37:03 --> Controller Class Initialized
INFO - 2020-03-16 11:37:03 --> Model "M_scholar" initialized
INFO - 2020-03-16 11:37:03 --> Model "M_auth" initialized
INFO - 2020-03-16 11:37:03 --> Final output sent to browser
DEBUG - 2020-03-16 11:37:03 --> Total execution time: 0.2347
INFO - 2020-03-16 11:37:06 --> Config Class Initialized
INFO - 2020-03-16 11:37:06 --> Hooks Class Initialized
DEBUG - 2020-03-16 11:37:06 --> UTF-8 Support Enabled
INFO - 2020-03-16 11:37:06 --> Utf8 Class Initialized
INFO - 2020-03-16 11:37:06 --> URI Class Initialized
INFO - 2020-03-16 11:37:06 --> Router Class Initialized
INFO - 2020-03-16 11:37:06 --> Output Class Initialized
INFO - 2020-03-16 11:37:06 --> Security Class Initialized
DEBUG - 2020-03-16 11:37:06 --> Global POST, GET and COOKIE data sanitized
INFO - 2020-03-16 11:37:06 --> Input Class Initialized
INFO - 2020-03-16 11:37:06 --> Language Class Initialized
INFO - 2020-03-16 11:37:06 --> Loader Class Initialized
INFO - 2020-03-16 11:37:06 --> Helper loaded: url_helper
INFO - 2020-03-16 11:37:06 --> Helper loaded: file_helper
INFO - 2020-03-16 11:37:06 --> Helper loaded: text_helper
INFO - 2020-03-16 11:37:06 --> Helper loaded: string_helper
INFO - 2020-03-16 11:37:06 --> Database Driver Class Initialized
INFO - 2020-03-16 11:37:06 --> Email Class Initialized
DEBUG - 2020-03-16 11:37:06 --> Session: "sess_save_path" is empty; using "session.save_path" value from php.ini.
INFO - 2020-03-16 11:37:06 --> Session: Class initialized using 'files' driver.
INFO - 2020-03-16 11:37:06 --> Helper loaded: form_helper
INFO - 2020-03-16 11:37:06 --> Form Validation Class Initialized
INFO - 2020-03-16 11:37:06 --> Controller Class Initialized
INFO - 2020-03-16 11:37:06 --> Model "M_scholar" initialized
INFO - 2020-03-16 11:37:06 --> Model "M_auth" initialized
INFO - 2020-03-16 11:37:06 --> File loaded: C:\xampp\htdocs\scholarship\govt\views\include/header.php
INFO - 2020-03-16 11:37:06 --> File loaded: C:\xampp\htdocs\scholarship\govt\views\include/menu.php
INFO - 2020-03-16 11:37:06 --> File loaded: C:\xampp\htdocs\scholarship\govt\views\include/footer.php
INFO - 2020-03-16 11:37:06 --> File loaded: C:\xampp\htdocs\scholarship\govt\views\scholar/list.php
INFO - 2020-03-16 11:37:06 --> Final output sent to browser
DEBUG - 2020-03-16 11:37:06 --> Total execution time: 0.0938
INFO - 2020-03-16 11:37:07 --> Config Class Initialized
INFO - 2020-03-16 11:37:07 --> Hooks Class Initialized
DEBUG - 2020-03-16 11:37:07 --> UTF-8 Support Enabled
INFO - 2020-03-16 11:37:07 --> Utf8 Class Initialized
INFO - 2020-03-16 11:37:07 --> URI Class Initialized
INFO - 2020-03-16 11:37:07 --> Router Class Initialized
INFO - 2020-03-16 11:37:07 --> Output Class Initialized
INFO - 2020-03-16 11:37:07 --> Security Class Initialized
DEBUG - 2020-03-16 11:37:07 --> Global POST, GET and COOKIE data sanitized
INFO - 2020-03-16 11:37:07 --> Input Class Initialized
INFO - 2020-03-16 11:37:07 --> Language Class Initialized
INFO - 2020-03-16 11:37:07 --> Loader Class Initialized
INFO - 2020-03-16 11:37:07 --> Helper loaded: url_helper
INFO - 2020-03-16 11:37:07 --> Helper loaded: file_helper
INFO - 2020-03-16 11:37:07 --> Helper loaded: text_helper
INFO - 2020-03-16 11:37:07 --> Helper loaded: string_helper
INFO - 2020-03-16 11:37:07 --> Database Driver Class Initialized
INFO - 2020-03-16 11:37:07 --> Email Class Initialized
DEBUG - 2020-03-16 11:37:07 --> Session: "sess_save_path" is empty; using "session.save_path" value from php.ini.
INFO - 2020-03-16 11:37:07 --> Session: Class initialized using 'files' driver.
INFO - 2020-03-16 11:37:07 --> Helper loaded: form_helper
INFO - 2020-03-16 11:37:07 --> Form Validation Class Initialized
INFO - 2020-03-16 11:37:07 --> Controller Class Initialized
INFO - 2020-03-16 11:37:07 --> Model "M_scholar" initialized
INFO - 2020-03-16 11:37:07 --> Model "M_auth" initialized
INFO - 2020-03-16 11:37:07 --> Final output sent to browser
DEBUG - 2020-03-16 11:37:07 --> Total execution time: 0.2082
INFO - 2020-03-16 11:37:17 --> Config Class Initialized
INFO - 2020-03-16 11:37:17 --> Hooks Class Initialized
DEBUG - 2020-03-16 11:37:17 --> UTF-8 Support Enabled
INFO - 2020-03-16 11:37:17 --> Utf8 Class Initialized
INFO - 2020-03-16 11:37:17 --> URI Class Initialized
INFO - 2020-03-16 11:37:17 --> Router Class Initialized
INFO - 2020-03-16 11:37:17 --> Output Class Initialized
INFO - 2020-03-16 11:37:17 --> Security Class Initialized
DEBUG - 2020-03-16 11:37:17 --> Global POST, GET and COOKIE data sanitized
INFO - 2020-03-16 11:37:17 --> Input Class Initialized
INFO - 2020-03-16 11:37:17 --> Language Class Initialized
INFO - 2020-03-16 11:37:17 --> Loader Class Initialized
INFO - 2020-03-16 11:37:17 --> Helper loaded: url_helper
INFO - 2020-03-16 11:37:17 --> Helper loaded: file_helper
INFO - 2020-03-16 11:37:17 --> Helper loaded: text_helper
INFO - 2020-03-16 11:37:17 --> Helper loaded: string_helper
INFO - 2020-03-16 11:37:17 --> Database Driver Class Initialized
INFO - 2020-03-16 11:37:17 --> Email Class Initialized
DEBUG - 2020-03-16 11:37:17 --> Session: "sess_save_path" is empty; using "session.save_path" value from php.ini.
INFO - 2020-03-16 11:37:17 --> Session: Class initialized using 'files' driver.
INFO - 2020-03-16 11:37:17 --> Helper loaded: form_helper
INFO - 2020-03-16 11:37:17 --> Form Validation Class Initialized
INFO - 2020-03-16 11:37:17 --> Controller Class Initialized
INFO - 2020-03-16 11:37:17 --> Model "M_scholar" initialized
INFO - 2020-03-16 11:37:17 --> Model "M_auth" initialized
INFO - 2020-03-16 11:37:17 --> File loaded: C:\xampp\htdocs\scholarship\govt\views\include/header.php
INFO - 2020-03-16 11:37:17 --> File loaded: C:\xampp\htdocs\scholarship\govt\views\include/menu.php
INFO - 2020-03-16 11:37:17 --> File loaded: C:\xampp\htdocs\scholarship\govt\views\include/footer.php
INFO - 2020-03-16 11:37:17 --> File loaded: C:\xampp\htdocs\scholarship\govt\views\scholar/list.php
INFO - 2020-03-16 11:37:17 --> Final output sent to browser
DEBUG - 2020-03-16 11:37:17 --> Total execution time: 0.0970
INFO - 2020-03-16 11:37:19 --> Config Class Initialized
INFO - 2020-03-16 11:37:19 --> Hooks Class Initialized
DEBUG - 2020-03-16 11:37:19 --> UTF-8 Support Enabled
INFO - 2020-03-16 11:37:19 --> Utf8 Class Initialized
INFO - 2020-03-16 11:37:19 --> URI Class Initialized
INFO - 2020-03-16 11:37:19 --> Router Class Initialized
INFO - 2020-03-16 11:37:19 --> Output Class Initialized
INFO - 2020-03-16 11:37:19 --> Security Class Initialized
DEBUG - 2020-03-16 11:37:19 --> Global POST, GET and COOKIE data sanitized
INFO - 2020-03-16 11:37:19 --> Input Class Initialized
INFO - 2020-03-16 11:37:19 --> Language Class Initialized
INFO - 2020-03-16 11:37:19 --> Loader Class Initialized
INFO - 2020-03-16 11:37:19 --> Helper loaded: url_helper
INFO - 2020-03-16 11:37:19 --> Helper loaded: file_helper
INFO - 2020-03-16 11:37:19 --> Helper loaded: text_helper
INFO - 2020-03-16 11:37:19 --> Helper loaded: string_helper
INFO - 2020-03-16 11:37:19 --> Database Driver Class Initialized
INFO - 2020-03-16 11:37:19 --> Email Class Initialized
DEBUG - 2020-03-16 11:37:19 --> Session: "sess_save_path" is empty; using "session.save_path" value from php.ini.
INFO - 2020-03-16 11:37:19 --> Session: Class initialized using 'files' driver.
INFO - 2020-03-16 11:37:19 --> Helper loaded: form_helper
INFO - 2020-03-16 11:37:19 --> Form Validation Class Initialized
INFO - 2020-03-16 11:37:19 --> Controller Class Initialized
INFO - 2020-03-16 11:37:19 --> Model "M_scholar" initialized
INFO - 2020-03-16 11:37:19 --> Model "M_auth" initialized
INFO - 2020-03-16 11:37:19 --> Final output sent to browser
DEBUG - 2020-03-16 11:37:19 --> Total execution time: 0.1620
INFO - 2020-03-16 11:38:56 --> Config Class Initialized
INFO - 2020-03-16 11:38:56 --> Hooks Class Initialized
DEBUG - 2020-03-16 11:38:56 --> UTF-8 Support Enabled
INFO - 2020-03-16 11:38:56 --> Utf8 Class Initialized
INFO - 2020-03-16 11:38:56 --> URI Class Initialized
INFO - 2020-03-16 11:38:56 --> Router Class Initialized
INFO - 2020-03-16 11:38:56 --> Output Class Initialized
INFO - 2020-03-16 11:38:56 --> Security Class Initialized
DEBUG - 2020-03-16 11:38:56 --> Global POST, GET and COOKIE data sanitized
INFO - 2020-03-16 11:38:56 --> Input Class Initialized
INFO - 2020-03-16 11:38:56 --> Language Class Initialized
INFO - 2020-03-16 11:38:56 --> Loader Class Initialized
INFO - 2020-03-16 11:38:56 --> Helper loaded: url_helper
INFO - 2020-03-16 11:38:56 --> Helper loaded: file_helper
INFO - 2020-03-16 11:38:56 --> Helper loaded: text_helper
INFO - 2020-03-16 11:38:56 --> Helper loaded: string_helper
INFO - 2020-03-16 11:38:56 --> Database Driver Class Initialized
INFO - 2020-03-16 11:38:56 --> Email Class Initialized
DEBUG - 2020-03-16 11:38:56 --> Session: "sess_save_path" is empty; using "session.save_path" value from php.ini.
INFO - 2020-03-16 11:38:56 --> Session: Class initialized using 'files' driver.
INFO - 2020-03-16 11:38:56 --> Helper loaded: form_helper
INFO - 2020-03-16 11:38:56 --> Form Validation Class Initialized
INFO - 2020-03-16 11:38:56 --> Controller Class Initialized
INFO - 2020-03-16 11:38:56 --> Model "M_scholar" initialized
INFO - 2020-03-16 11:38:56 --> Model "M_auth" initialized
INFO - 2020-03-16 11:38:57 --> File loaded: C:\xampp\htdocs\scholarship\govt\views\include/header.php
INFO - 2020-03-16 11:38:57 --> File loaded: C:\xampp\htdocs\scholarship\govt\views\include/menu.php
INFO - 2020-03-16 11:38:57 --> File loaded: C:\xampp\htdocs\scholarship\govt\views\include/footer.php
INFO - 2020-03-16 11:38:57 --> File loaded: C:\xampp\htdocs\scholarship\govt\views\scholar/list.php
INFO - 2020-03-16 11:38:57 --> Final output sent to browser
DEBUG - 2020-03-16 11:38:57 --> Total execution time: 0.1155
INFO - 2020-03-16 11:38:58 --> Config Class Initialized
INFO - 2020-03-16 11:38:58 --> Hooks Class Initialized
DEBUG - 2020-03-16 11:38:58 --> UTF-8 Support Enabled
INFO - 2020-03-16 11:38:58 --> Utf8 Class Initialized
INFO - 2020-03-16 11:38:58 --> URI Class Initialized
INFO - 2020-03-16 11:38:58 --> Router Class Initialized
INFO - 2020-03-16 11:38:58 --> Output Class Initialized
INFO - 2020-03-16 11:38:58 --> Security Class Initialized
DEBUG - 2020-03-16 11:38:58 --> Global POST, GET and COOKIE data sanitized
INFO - 2020-03-16 11:38:58 --> Input Class Initialized
INFO - 2020-03-16 11:38:58 --> Language Class Initialized
INFO - 2020-03-16 11:38:58 --> Loader Class Initialized
INFO - 2020-03-16 11:38:58 --> Helper loaded: url_helper
INFO - 2020-03-16 11:38:58 --> Helper loaded: file_helper
INFO - 2020-03-16 11:38:58 --> Helper loaded: text_helper
INFO - 2020-03-16 11:38:58 --> Helper loaded: string_helper
INFO - 2020-03-16 11:38:58 --> Database Driver Class Initialized
INFO - 2020-03-16 11:38:58 --> Email Class Initialized
DEBUG - 2020-03-16 11:38:58 --> Session: "sess_save_path" is empty; using "session.save_path" value from php.ini.
INFO - 2020-03-16 11:38:58 --> Session: Class initialized using 'files' driver.
INFO - 2020-03-16 11:38:58 --> Helper loaded: form_helper
INFO - 2020-03-16 11:38:58 --> Form Validation Class Initialized
INFO - 2020-03-16 11:38:58 --> Controller Class Initialized
INFO - 2020-03-16 11:38:58 --> Model "M_scholar" initialized
INFO - 2020-03-16 11:38:58 --> Model "M_auth" initialized
ERROR - 2020-03-16 11:38:58 --> Severity: Notice --> Undefined variable: filter C:\xampp\htdocs\scholarship\govt\models\M_scholar.php 166
ERROR - 2020-03-16 11:38:58 --> Query error: Column 'Student_id' in group statement is ambiguous - Invalid query: SELECT COUNT(*) AS `numrows`
FROM (
SELECT `ab`.`name`, `rs`.`school_address` as `school`, `ind`.`name` as `industry`, `a`.`id`, `crs`.`course`, `a`.`application_year`, `ab`.`adharcard_no`, `a`.`application_state`, `a`.`status`, `cls`.`clss`, `a`.`date`, `tq`.`title` as `taluk`, `cty`.`title` as `district`, `fs`.`amount`, `m`.`graduation`
FROM (`application` `a`, `application`)
LEFT JOIN `applicant_marks` `m` ON `m`.`application_id` = `a`.`id`
LEFT JOIN `applicant_basic_detail` `ab` ON `ab`.`application_id` = `a`.`id`
LEFT JOIN `applicant_comapny` `ac` ON `ac`.`application_id` = `a`.`id`
LEFT JOIN `applicant_marks` `am` ON `am`.`application_id` = `a`.`id`
LEFT JOIN `student` `s` ON `s`.`id` = `a`.`Student_id`
LEFT JOIN `school` `schl` ON `schl`.`id` = `a`.`school_id`
LEFT JOIN `school_address` `scad` ON `scad`.`school_id` = `a`.`school_id`
LEFT JOIN `reg_schools` `rs` ON `rs`.`id` = `a`.`school_id`
LEFT JOIN `industry` `ind` ON `ind`.`id` = `a`.`company_id`
LEFT JOIN `state` `st` ON `st`.`id` = `ind`.`state`
LEFT JOIN `city` `cty` ON `cty`.`id` = `am`.`ins_district`
LEFT JOIN `taluq` `tq` ON `tq`.`id` = `am`.`ins_talluk`
LEFT JOIN `courses` `crs` ON `crs`.`id` = `m`.`course`
LEFT JOIN `class` `cls` ON `cls`.`id` = `m`.`class`
LEFT JOIN `gradution` `grd` ON `grd`.`id` = `am`.`graduation`
LEFT JOIN `fees` `fs` ON `fs`.`class` = `grd`.`id`
WHERE   (
`ab`.`name` LIKE '%%' ESCAPE '!'
OR  `rs`.`school_address` LIKE '%%' ESCAPE '!'
OR  `ind`.`name` LIKE '%%' ESCAPE '!'
OR  `cls`.`clss` LIKE '%%' ESCAPE '!'
OR  `crs`.`course` LIKE '%%' ESCAPE '!'
OR  `cls`.`clss` LIKE '%%' ESCAPE '!'
OR  `tq`.`title` LIKE '%%' ESCAPE '!'
OR  `cty`.`title` LIKE '%%' ESCAPE '!'
OR  `a`.`application_year` LIKE '%%' ESCAPE '!'
OR  `a`.`date` LIKE '%%' ESCAPE '!'
OR  `ab`.`adharcard_no` LIKE '%%' ESCAPE '!'
 )
GROUP BY `a`.`application_year`, `Student_id`
) CI_count_all_results
INFO - 2020-03-16 11:38:58 --> Language file loaded: language/english/db_lang.php
INFO - 2020-03-16 11:39:21 --> Config Class Initialized
INFO - 2020-03-16 11:39:21 --> Hooks Class Initialized
DEBUG - 2020-03-16 11:39:21 --> UTF-8 Support Enabled
INFO - 2020-03-16 11:39:21 --> Utf8 Class Initialized
INFO - 2020-03-16 11:39:21 --> URI Class Initialized
INFO - 2020-03-16 11:39:21 --> Router Class Initialized
INFO - 2020-03-16 11:39:21 --> Output Class Initialized
INFO - 2020-03-16 11:39:21 --> Security Class Initialized
DEBUG - 2020-03-16 11:39:21 --> Global POST, GET and COOKIE data sanitized
INFO - 2020-03-16 11:39:21 --> Input Class Initialized
INFO - 2020-03-16 11:39:21 --> Language Class Initialized
INFO - 2020-03-16 11:39:21 --> Loader Class Initialized
INFO - 2020-03-16 11:39:21 --> Helper loaded: url_helper
INFO - 2020-03-16 11:39:21 --> Helper loaded: file_helper
INFO - 2020-03-16 11:39:21 --> Helper loaded: text_helper
INFO - 2020-03-16 11:39:21 --> Helper loaded: string_helper
INFO - 2020-03-16 11:39:21 --> Database Driver Class Initialized
INFO - 2020-03-16 11:39:21 --> Email Class Initialized
DEBUG - 2020-03-16 11:39:21 --> Session: "sess_save_path" is empty; using "session.save_path" value from php.ini.
INFO - 2020-03-16 11:39:21 --> Session: Class initialized using 'files' driver.
INFO - 2020-03-16 11:39:21 --> Helper loaded: form_helper
INFO - 2020-03-16 11:39:21 --> Form Validation Class Initialized
INFO - 2020-03-16 11:39:21 --> Controller Class Initialized
INFO - 2020-03-16 11:39:21 --> Model "M_scholar" initialized
INFO - 2020-03-16 11:39:21 --> Model "M_auth" initialized
INFO - 2020-03-16 11:39:21 --> File loaded: C:\xampp\htdocs\scholarship\govt\views\include/header.php
INFO - 2020-03-16 11:39:21 --> File loaded: C:\xampp\htdocs\scholarship\govt\views\include/menu.php
INFO - 2020-03-16 11:39:21 --> File loaded: C:\xampp\htdocs\scholarship\govt\views\include/footer.php
INFO - 2020-03-16 11:39:21 --> File loaded: C:\xampp\htdocs\scholarship\govt\views\scholar/list.php
INFO - 2020-03-16 11:39:21 --> Final output sent to browser
DEBUG - 2020-03-16 11:39:21 --> Total execution time: 0.1046
INFO - 2020-03-16 11:39:22 --> Config Class Initialized
INFO - 2020-03-16 11:39:22 --> Hooks Class Initialized
DEBUG - 2020-03-16 11:39:22 --> UTF-8 Support Enabled
INFO - 2020-03-16 11:39:22 --> Utf8 Class Initialized
INFO - 2020-03-16 11:39:22 --> URI Class Initialized
INFO - 2020-03-16 11:39:22 --> Router Class Initialized
INFO - 2020-03-16 11:39:22 --> Output Class Initialized
INFO - 2020-03-16 11:39:22 --> Security Class Initialized
DEBUG - 2020-03-16 11:39:22 --> Global POST, GET and COOKIE data sanitized
INFO - 2020-03-16 11:39:22 --> Input Class Initialized
INFO - 2020-03-16 11:39:22 --> Language Class Initialized
INFO - 2020-03-16 11:39:22 --> Loader Class Initialized
INFO - 2020-03-16 11:39:22 --> Helper loaded: url_helper
INFO - 2020-03-16 11:39:22 --> Helper loaded: file_helper
INFO - 2020-03-16 11:39:22 --> Helper loaded: text_helper
INFO - 2020-03-16 11:39:22 --> Helper loaded: string_helper
INFO - 2020-03-16 11:39:22 --> Database Driver Class Initialized
INFO - 2020-03-16 11:39:22 --> Email Class Initialized
DEBUG - 2020-03-16 11:39:22 --> Session: "sess_save_path" is empty; using "session.save_path" value from php.ini.
INFO - 2020-03-16 11:39:22 --> Session: Class initialized using 'files' driver.
INFO - 2020-03-16 11:39:22 --> Helper loaded: form_helper
INFO - 2020-03-16 11:39:22 --> Form Validation Class Initialized
INFO - 2020-03-16 11:39:22 --> Controller Class Initialized
INFO - 2020-03-16 11:39:22 --> Model "M_scholar" initialized
INFO - 2020-03-16 11:39:22 --> Model "M_auth" initialized
ERROR - 2020-03-16 11:39:22 --> Query error: Column 'Student_id' in group statement is ambiguous - Invalid query: SELECT COUNT(*) AS `numrows`
FROM (
SELECT `ab`.`name`, `rs`.`school_address` as `school`, `ind`.`name` as `industry`, `a`.`id`, `crs`.`course`, `a`.`application_year`, `ab`.`adharcard_no`, `a`.`application_state`, `a`.`status`, `cls`.`clss`, `a`.`date`, `tq`.`title` as `taluk`, `cty`.`title` as `district`, `fs`.`amount`, `m`.`graduation`
FROM (`application` `a`, `application`)
LEFT JOIN `applicant_marks` `m` ON `m`.`application_id` = `a`.`id`
LEFT JOIN `applicant_basic_detail` `ab` ON `ab`.`application_id` = `a`.`id`
LEFT JOIN `applicant_comapny` `ac` ON `ac`.`application_id` = `a`.`id`
LEFT JOIN `applicant_marks` `am` ON `am`.`application_id` = `a`.`id`
LEFT JOIN `student` `s` ON `s`.`id` = `a`.`Student_id`
LEFT JOIN `school` `schl` ON `schl`.`id` = `a`.`school_id`
LEFT JOIN `school_address` `scad` ON `scad`.`school_id` = `a`.`school_id`
LEFT JOIN `reg_schools` `rs` ON `rs`.`id` = `a`.`school_id`
LEFT JOIN `industry` `ind` ON `ind`.`id` = `a`.`company_id`
LEFT JOIN `state` `st` ON `st`.`id` = `ind`.`state`
LEFT JOIN `city` `cty` ON `cty`.`id` = `am`.`ins_district`
LEFT JOIN `taluq` `tq` ON `tq`.`id` = `am`.`ins_talluk`
LEFT JOIN `courses` `crs` ON `crs`.`id` = `m`.`course`
LEFT JOIN `class` `cls` ON `cls`.`id` = `m`.`class`
LEFT JOIN `gradution` `grd` ON `grd`.`id` = `am`.`graduation`
LEFT JOIN `fees` `fs` ON `fs`.`class` = `grd`.`id`
WHERE   (
`a`.`application_state` = 4
 )
AND   (
`ab`.`name` LIKE '%%' ESCAPE '!'
OR  `rs`.`school_address` LIKE '%%' ESCAPE '!'
OR  `ind`.`name` LIKE '%%' ESCAPE '!'
OR  `cls`.`clss` LIKE '%%' ESCAPE '!'
OR  `crs`.`course` LIKE '%%' ESCAPE '!'
OR  `cls`.`clss` LIKE '%%' ESCAPE '!'
OR  `tq`.`title` LIKE '%%' ESCAPE '!'
OR  `cty`.`title` LIKE '%%' ESCAPE '!'
OR  `a`.`application_year` LIKE '%%' ESCAPE '!'
OR  `a`.`date` LIKE '%%' ESCAPE '!'
OR  `ab`.`adharcard_no` LIKE '%%' ESCAPE '!'
 )
GROUP BY `a`.`application_year`, `Student_id`
) CI_count_all_results
INFO - 2020-03-16 11:39:22 --> Language file loaded: language/english/db_lang.php
INFO - 2020-03-16 11:40:06 --> Config Class Initialized
INFO - 2020-03-16 11:40:06 --> Hooks Class Initialized
DEBUG - 2020-03-16 11:40:06 --> UTF-8 Support Enabled
INFO - 2020-03-16 11:40:06 --> Utf8 Class Initialized
INFO - 2020-03-16 11:40:06 --> URI Class Initialized
INFO - 2020-03-16 11:40:06 --> Router Class Initialized
INFO - 2020-03-16 11:40:06 --> Output Class Initialized
INFO - 2020-03-16 11:40:06 --> Security Class Initialized
DEBUG - 2020-03-16 11:40:06 --> Global POST, GET and COOKIE data sanitized
INFO - 2020-03-16 11:40:06 --> Input Class Initialized
INFO - 2020-03-16 11:40:06 --> Language Class Initialized
INFO - 2020-03-16 11:40:06 --> Loader Class Initialized
INFO - 2020-03-16 11:40:06 --> Helper loaded: url_helper
INFO - 2020-03-16 11:40:06 --> Helper loaded: file_helper
INFO - 2020-03-16 11:40:06 --> Helper loaded: text_helper
INFO - 2020-03-16 11:40:06 --> Helper loaded: string_helper
INFO - 2020-03-16 11:40:06 --> Database Driver Class Initialized
INFO - 2020-03-16 11:40:06 --> Email Class Initialized
DEBUG - 2020-03-16 11:40:06 --> Session: "sess_save_path" is empty; using "session.save_path" value from php.ini.
INFO - 2020-03-16 11:40:06 --> Session: Class initialized using 'files' driver.
INFO - 2020-03-16 11:40:06 --> Helper loaded: form_helper
INFO - 2020-03-16 11:40:06 --> Form Validation Class Initialized
INFO - 2020-03-16 11:40:06 --> Controller Class Initialized
INFO - 2020-03-16 11:40:06 --> Model "M_scholar" initialized
INFO - 2020-03-16 11:40:06 --> Model "M_auth" initialized
INFO - 2020-03-16 11:40:06 --> File loaded: C:\xampp\htdocs\scholarship\govt\views\include/header.php
INFO - 2020-03-16 11:40:06 --> File loaded: C:\xampp\htdocs\scholarship\govt\views\include/menu.php
INFO - 2020-03-16 11:40:06 --> File loaded: C:\xampp\htdocs\scholarship\govt\views\include/footer.php
INFO - 2020-03-16 11:40:06 --> File loaded: C:\xampp\htdocs\scholarship\govt\views\scholar/list.php
INFO - 2020-03-16 11:40:06 --> Final output sent to browser
DEBUG - 2020-03-16 11:40:06 --> Total execution time: 0.1029
INFO - 2020-03-16 11:40:08 --> Config Class Initialized
INFO - 2020-03-16 11:40:08 --> Hooks Class Initialized
DEBUG - 2020-03-16 11:40:08 --> UTF-8 Support Enabled
INFO - 2020-03-16 11:40:08 --> Utf8 Class Initialized
INFO - 2020-03-16 11:40:08 --> URI Class Initialized
INFO - 2020-03-16 11:40:08 --> Router Class Initialized
INFO - 2020-03-16 11:40:08 --> Output Class Initialized
INFO - 2020-03-16 11:40:08 --> Security Class Initialized
DEBUG - 2020-03-16 11:40:08 --> Global POST, GET and COOKIE data sanitized
INFO - 2020-03-16 11:40:08 --> Input Class Initialized
INFO - 2020-03-16 11:40:08 --> Language Class Initialized
INFO - 2020-03-16 11:40:08 --> Loader Class Initialized
INFO - 2020-03-16 11:40:08 --> Helper loaded: url_helper
INFO - 2020-03-16 11:40:08 --> Helper loaded: file_helper
INFO - 2020-03-16 11:40:08 --> Helper loaded: text_helper
INFO - 2020-03-16 11:40:08 --> Helper loaded: string_helper
INFO - 2020-03-16 11:40:08 --> Database Driver Class Initialized
INFO - 2020-03-16 11:40:08 --> Email Class Initialized
DEBUG - 2020-03-16 11:40:08 --> Session: "sess_save_path" is empty; using "session.save_path" value from php.ini.
INFO - 2020-03-16 11:40:08 --> Session: Class initialized using 'files' driver.
INFO - 2020-03-16 11:40:08 --> Helper loaded: form_helper
INFO - 2020-03-16 11:40:08 --> Form Validation Class Initialized
INFO - 2020-03-16 11:40:08 --> Controller Class Initialized
INFO - 2020-03-16 11:40:08 --> Model "M_scholar" initialized
INFO - 2020-03-16 11:40:08 --> Model "M_auth" initialized
ERROR - 2020-03-16 11:40:08 --> Query error: Column 'Student_id' in group statement is ambiguous - Invalid query: SELECT COUNT(*) AS `numrows`
FROM (
SELECT `ab`.`name`, `rs`.`school_address` as `school`, `ind`.`name` as `industry`, `a`.`id`, `crs`.`course`, `a`.`application_year`, `ab`.`adharcard_no`, `a`.`application_state`, `a`.`status`, `cls`.`clss`, `a`.`date`, `tq`.`title` as `taluk`, `cty`.`title` as `district`, `fs`.`amount`, `m`.`graduation`
FROM (`application` `a`, `application`)
LEFT JOIN `applicant_marks` `m` ON `m`.`application_id` = `a`.`id`
LEFT JOIN `applicant_basic_detail` `ab` ON `ab`.`application_id` = `a`.`id`
LEFT JOIN `applicant_comapny` `ac` ON `ac`.`application_id` = `a`.`id`
LEFT JOIN `applicant_marks` `am` ON `am`.`application_id` = `a`.`id`
LEFT JOIN `student` `s` ON `s`.`id` = `a`.`Student_id`
LEFT JOIN `school` `schl` ON `schl`.`id` = `a`.`school_id`
LEFT JOIN `school_address` `scad` ON `scad`.`school_id` = `a`.`school_id`
LEFT JOIN `reg_schools` `rs` ON `rs`.`id` = `a`.`school_id`
LEFT JOIN `industry` `ind` ON `ind`.`id` = `a`.`company_id`
LEFT JOIN `state` `st` ON `st`.`id` = `ind`.`state`
LEFT JOIN `city` `cty` ON `cty`.`id` = `am`.`ins_district`
LEFT JOIN `taluq` `tq` ON `tq`.`id` = `am`.`ins_talluk`
LEFT JOIN `courses` `crs` ON `crs`.`id` = `m`.`course`
LEFT JOIN `class` `cls` ON `cls`.`id` = `m`.`class`
LEFT JOIN `gradution` `grd` ON `grd`.`id` = `am`.`graduation`
LEFT JOIN `fees` `fs` ON `fs`.`class` = `grd`.`id`
WHERE   (
`a`.`application_state` = 4
 )
AND   (
`ab`.`name` LIKE '%%' ESCAPE '!'
OR  `rs`.`school_address` LIKE '%%' ESCAPE '!'
OR  `ind`.`name` LIKE '%%' ESCAPE '!'
OR  `cls`.`clss` LIKE '%%' ESCAPE '!'
OR  `crs`.`course` LIKE '%%' ESCAPE '!'
OR  `cls`.`clss` LIKE '%%' ESCAPE '!'
OR  `tq`.`title` LIKE '%%' ESCAPE '!'
OR  `cty`.`title` LIKE '%%' ESCAPE '!'
OR  `a`.`application_year` LIKE '%%' ESCAPE '!'
OR  `a`.`date` LIKE '%%' ESCAPE '!'
OR  `ab`.`adharcard_no` LIKE '%%' ESCAPE '!'
 )
GROUP BY `a`.`application_year`, `Student_id`
) CI_count_all_results
INFO - 2020-03-16 11:40:08 --> Language file loaded: language/english/db_lang.php
INFO - 2020-03-16 11:40:23 --> Config Class Initialized
INFO - 2020-03-16 11:40:23 --> Hooks Class Initialized
DEBUG - 2020-03-16 11:40:23 --> UTF-8 Support Enabled
INFO - 2020-03-16 11:40:23 --> Utf8 Class Initialized
INFO - 2020-03-16 11:40:23 --> URI Class Initialized
INFO - 2020-03-16 11:40:23 --> Router Class Initialized
INFO - 2020-03-16 11:40:23 --> Output Class Initialized
INFO - 2020-03-16 11:40:23 --> Security Class Initialized
DEBUG - 2020-03-16 11:40:23 --> Global POST, GET and COOKIE data sanitized
INFO - 2020-03-16 11:40:23 --> Input Class Initialized
INFO - 2020-03-16 11:40:23 --> Language Class Initialized
INFO - 2020-03-16 11:40:23 --> Loader Class Initialized
INFO - 2020-03-16 11:40:23 --> Helper loaded: url_helper
INFO - 2020-03-16 11:40:23 --> Helper loaded: file_helper
INFO - 2020-03-16 11:40:23 --> Helper loaded: text_helper
INFO - 2020-03-16 11:40:23 --> Helper loaded: string_helper
INFO - 2020-03-16 11:40:23 --> Database Driver Class Initialized
INFO - 2020-03-16 11:40:24 --> Email Class Initialized
DEBUG - 2020-03-16 11:40:24 --> Session: "sess_save_path" is empty; using "session.save_path" value from php.ini.
INFO - 2020-03-16 11:40:24 --> Session: Class initialized using 'files' driver.
INFO - 2020-03-16 11:40:24 --> Helper loaded: form_helper
INFO - 2020-03-16 11:40:24 --> Form Validation Class Initialized
INFO - 2020-03-16 11:40:24 --> Controller Class Initialized
INFO - 2020-03-16 11:40:24 --> Model "M_scholar" initialized
INFO - 2020-03-16 11:40:24 --> Model "M_auth" initialized
INFO - 2020-03-16 11:40:24 --> File loaded: C:\xampp\htdocs\scholarship\govt\views\include/header.php
INFO - 2020-03-16 11:40:24 --> File loaded: C:\xampp\htdocs\scholarship\govt\views\include/menu.php
INFO - 2020-03-16 11:40:24 --> File loaded: C:\xampp\htdocs\scholarship\govt\views\include/footer.php
INFO - 2020-03-16 11:40:24 --> File loaded: C:\xampp\htdocs\scholarship\govt\views\scholar/list.php
INFO - 2020-03-16 11:40:24 --> Final output sent to browser
DEBUG - 2020-03-16 11:40:24 --> Total execution time: 0.1328
INFO - 2020-03-16 11:40:25 --> Config Class Initialized
INFO - 2020-03-16 11:40:25 --> Hooks Class Initialized
DEBUG - 2020-03-16 11:40:25 --> UTF-8 Support Enabled
INFO - 2020-03-16 11:40:25 --> Utf8 Class Initialized
INFO - 2020-03-16 11:40:25 --> URI Class Initialized
INFO - 2020-03-16 11:40:25 --> Router Class Initialized
INFO - 2020-03-16 11:40:25 --> Output Class Initialized
INFO - 2020-03-16 11:40:25 --> Security Class Initialized
DEBUG - 2020-03-16 11:40:25 --> Global POST, GET and COOKIE data sanitized
INFO - 2020-03-16 11:40:25 --> Input Class Initialized
INFO - 2020-03-16 11:40:25 --> Language Class Initialized
INFO - 2020-03-16 11:40:25 --> Loader Class Initialized
INFO - 2020-03-16 11:40:25 --> Helper loaded: url_helper
INFO - 2020-03-16 11:40:25 --> Helper loaded: file_helper
INFO - 2020-03-16 11:40:25 --> Helper loaded: text_helper
INFO - 2020-03-16 11:40:25 --> Helper loaded: string_helper
INFO - 2020-03-16 11:40:25 --> Database Driver Class Initialized
INFO - 2020-03-16 11:40:25 --> Email Class Initialized
DEBUG - 2020-03-16 11:40:25 --> Session: "sess_save_path" is empty; using "session.save_path" value from php.ini.
INFO - 2020-03-16 11:40:25 --> Session: Class initialized using 'files' driver.
INFO - 2020-03-16 11:40:25 --> Helper loaded: form_helper
INFO - 2020-03-16 11:40:25 --> Form Validation Class Initialized
INFO - 2020-03-16 11:40:25 --> Controller Class Initialized
INFO - 2020-03-16 11:40:25 --> Model "M_scholar" initialized
INFO - 2020-03-16 11:40:25 --> Model "M_auth" initialized
INFO - 2020-03-16 11:40:25 --> Final output sent to browser
DEBUG - 2020-03-16 11:40:25 --> Total execution time: 0.1741
INFO - 2020-03-16 11:40:32 --> Config Class Initialized
INFO - 2020-03-16 11:40:32 --> Hooks Class Initialized
DEBUG - 2020-03-16 11:40:32 --> UTF-8 Support Enabled
INFO - 2020-03-16 11:40:32 --> Utf8 Class Initialized
INFO - 2020-03-16 11:40:32 --> URI Class Initialized
INFO - 2020-03-16 11:40:32 --> Router Class Initialized
INFO - 2020-03-16 11:40:32 --> Output Class Initialized
INFO - 2020-03-16 11:40:32 --> Security Class Initialized
DEBUG - 2020-03-16 11:40:32 --> Global POST, GET and COOKIE data sanitized
INFO - 2020-03-16 11:40:32 --> Input Class Initialized
INFO - 2020-03-16 11:40:32 --> Language Class Initialized
INFO - 2020-03-16 11:40:32 --> Loader Class Initialized
INFO - 2020-03-16 11:40:32 --> Helper loaded: url_helper
INFO - 2020-03-16 11:40:32 --> Helper loaded: file_helper
INFO - 2020-03-16 11:40:32 --> Helper loaded: text_helper
INFO - 2020-03-16 11:40:32 --> Helper loaded: string_helper
INFO - 2020-03-16 11:40:32 --> Database Driver Class Initialized
INFO - 2020-03-16 11:40:32 --> Email Class Initialized
DEBUG - 2020-03-16 11:40:32 --> Session: "sess_save_path" is empty; using "session.save_path" value from php.ini.
INFO - 2020-03-16 11:40:32 --> Session: Class initialized using 'files' driver.
INFO - 2020-03-16 11:40:32 --> Helper loaded: form_helper
INFO - 2020-03-16 11:40:32 --> Form Validation Class Initialized
INFO - 2020-03-16 11:40:32 --> Controller Class Initialized
INFO - 2020-03-16 11:40:32 --> Model "M_scholar" initialized
INFO - 2020-03-16 11:40:32 --> Model "M_auth" initialized
INFO - 2020-03-16 11:40:32 --> File loaded: C:\xampp\htdocs\scholarship\govt\views\include/header.php
INFO - 2020-03-16 11:40:32 --> File loaded: C:\xampp\htdocs\scholarship\govt\views\include/menu.php
INFO - 2020-03-16 11:40:32 --> File loaded: C:\xampp\htdocs\scholarship\govt\views\include/footer.php
INFO - 2020-03-16 11:40:32 --> File loaded: C:\xampp\htdocs\scholarship\govt\views\scholar/list.php
INFO - 2020-03-16 11:40:32 --> Final output sent to browser
DEBUG - 2020-03-16 11:40:32 --> Total execution time: 0.1189
INFO - 2020-03-16 11:40:34 --> Config Class Initialized
INFO - 2020-03-16 11:40:34 --> Hooks Class Initialized
DEBUG - 2020-03-16 11:40:34 --> UTF-8 Support Enabled
INFO - 2020-03-16 11:40:34 --> Utf8 Class Initialized
INFO - 2020-03-16 11:40:34 --> URI Class Initialized
INFO - 2020-03-16 11:40:34 --> Router Class Initialized
INFO - 2020-03-16 11:40:34 --> Output Class Initialized
INFO - 2020-03-16 11:40:34 --> Security Class Initialized
DEBUG - 2020-03-16 11:40:34 --> Global POST, GET and COOKIE data sanitized
INFO - 2020-03-16 11:40:34 --> Input Class Initialized
INFO - 2020-03-16 11:40:34 --> Language Class Initialized
INFO - 2020-03-16 11:40:34 --> Loader Class Initialized
INFO - 2020-03-16 11:40:34 --> Helper loaded: url_helper
INFO - 2020-03-16 11:40:34 --> Helper loaded: file_helper
INFO - 2020-03-16 11:40:34 --> Helper loaded: text_helper
INFO - 2020-03-16 11:40:34 --> Helper loaded: string_helper
INFO - 2020-03-16 11:40:34 --> Database Driver Class Initialized
INFO - 2020-03-16 11:40:34 --> Email Class Initialized
DEBUG - 2020-03-16 11:40:34 --> Session: "sess_save_path" is empty; using "session.save_path" value from php.ini.
INFO - 2020-03-16 11:40:34 --> Session: Class initialized using 'files' driver.
INFO - 2020-03-16 11:40:34 --> Helper loaded: form_helper
INFO - 2020-03-16 11:40:34 --> Form Validation Class Initialized
INFO - 2020-03-16 11:40:34 --> Controller Class Initialized
INFO - 2020-03-16 11:40:34 --> Model "M_scholar" initialized
INFO - 2020-03-16 11:40:34 --> Model "M_auth" initialized
INFO - 2020-03-16 11:40:34 --> Final output sent to browser
DEBUG - 2020-03-16 11:40:34 --> Total execution time: 0.1677
INFO - 2020-03-16 11:40:36 --> Config Class Initialized
INFO - 2020-03-16 11:40:36 --> Hooks Class Initialized
DEBUG - 2020-03-16 11:40:36 --> UTF-8 Support Enabled
INFO - 2020-03-16 11:40:36 --> Utf8 Class Initialized
INFO - 2020-03-16 11:40:36 --> URI Class Initialized
INFO - 2020-03-16 11:40:36 --> Router Class Initialized
INFO - 2020-03-16 11:40:36 --> Output Class Initialized
INFO - 2020-03-16 11:40:36 --> Security Class Initialized
DEBUG - 2020-03-16 11:40:36 --> Global POST, GET and COOKIE data sanitized
INFO - 2020-03-16 11:40:36 --> Input Class Initialized
INFO - 2020-03-16 11:40:36 --> Language Class Initialized
INFO - 2020-03-16 11:40:36 --> Loader Class Initialized
INFO - 2020-03-16 11:40:36 --> Helper loaded: url_helper
INFO - 2020-03-16 11:40:36 --> Helper loaded: file_helper
INFO - 2020-03-16 11:40:36 --> Helper loaded: text_helper
INFO - 2020-03-16 11:40:36 --> Helper loaded: string_helper
INFO - 2020-03-16 11:40:36 --> Database Driver Class Initialized
INFO - 2020-03-16 11:40:36 --> Email Class Initialized
DEBUG - 2020-03-16 11:40:36 --> Session: "sess_save_path" is empty; using "session.save_path" value from php.ini.
INFO - 2020-03-16 11:40:36 --> Session: Class initialized using 'files' driver.
INFO - 2020-03-16 11:40:36 --> Helper loaded: form_helper
INFO - 2020-03-16 11:40:36 --> Form Validation Class Initialized
INFO - 2020-03-16 11:40:36 --> Controller Class Initialized
INFO - 2020-03-16 11:40:36 --> Model "M_scholar" initialized
INFO - 2020-03-16 11:40:36 --> Model "M_auth" initialized
INFO - 2020-03-16 11:40:36 --> File loaded: C:\xampp\htdocs\scholarship\govt\views\include/header.php
INFO - 2020-03-16 11:40:36 --> File loaded: C:\xampp\htdocs\scholarship\govt\views\include/menu.php
INFO - 2020-03-16 11:40:36 --> File loaded: C:\xampp\htdocs\scholarship\govt\views\include/footer.php
INFO - 2020-03-16 11:40:36 --> File loaded: C:\xampp\htdocs\scholarship\govt\views\scholar/list.php
INFO - 2020-03-16 11:40:36 --> Final output sent to browser
DEBUG - 2020-03-16 11:40:36 --> Total execution time: 0.1308
INFO - 2020-03-16 11:40:38 --> Config Class Initialized
INFO - 2020-03-16 11:40:38 --> Hooks Class Initialized
DEBUG - 2020-03-16 11:40:38 --> UTF-8 Support Enabled
INFO - 2020-03-16 11:40:38 --> Utf8 Class Initialized
INFO - 2020-03-16 11:40:38 --> URI Class Initialized
INFO - 2020-03-16 11:40:38 --> Router Class Initialized
INFO - 2020-03-16 11:40:38 --> Output Class Initialized
INFO - 2020-03-16 11:40:38 --> Security Class Initialized
DEBUG - 2020-03-16 11:40:38 --> Global POST, GET and COOKIE data sanitized
INFO - 2020-03-16 11:40:38 --> Input Class Initialized
INFO - 2020-03-16 11:40:38 --> Language Class Initialized
INFO - 2020-03-16 11:40:38 --> Loader Class Initialized
INFO - 2020-03-16 11:40:38 --> Helper loaded: url_helper
INFO - 2020-03-16 11:40:38 --> Helper loaded: file_helper
INFO - 2020-03-16 11:40:38 --> Helper loaded: text_helper
INFO - 2020-03-16 11:40:38 --> Helper loaded: string_helper
INFO - 2020-03-16 11:40:38 --> Database Driver Class Initialized
INFO - 2020-03-16 11:40:38 --> Email Class Initialized
DEBUG - 2020-03-16 11:40:38 --> Session: "sess_save_path" is empty; using "session.save_path" value from php.ini.
INFO - 2020-03-16 11:40:38 --> Session: Class initialized using 'files' driver.
INFO - 2020-03-16 11:40:38 --> Helper loaded: form_helper
INFO - 2020-03-16 11:40:38 --> Form Validation Class Initialized
INFO - 2020-03-16 11:40:38 --> Controller Class Initialized
INFO - 2020-03-16 11:40:38 --> Model "M_scholar" initialized
INFO - 2020-03-16 11:40:38 --> Model "M_auth" initialized
INFO - 2020-03-16 11:40:38 --> Final output sent to browser
DEBUG - 2020-03-16 11:40:38 --> Total execution time: 0.2124
INFO - 2020-03-16 11:40:42 --> Config Class Initialized
INFO - 2020-03-16 11:40:42 --> Hooks Class Initialized
DEBUG - 2020-03-16 11:40:42 --> UTF-8 Support Enabled
INFO - 2020-03-16 11:40:42 --> Utf8 Class Initialized
INFO - 2020-03-16 11:40:42 --> URI Class Initialized
INFO - 2020-03-16 11:40:42 --> Router Class Initialized
INFO - 2020-03-16 11:40:42 --> Output Class Initialized
INFO - 2020-03-16 11:40:42 --> Security Class Initialized
DEBUG - 2020-03-16 11:40:42 --> Global POST, GET and COOKIE data sanitized
INFO - 2020-03-16 11:40:42 --> Input Class Initialized
INFO - 2020-03-16 11:40:42 --> Language Class Initialized
INFO - 2020-03-16 11:40:42 --> Loader Class Initialized
INFO - 2020-03-16 11:40:42 --> Helper loaded: url_helper
INFO - 2020-03-16 11:40:42 --> Helper loaded: file_helper
INFO - 2020-03-16 11:40:42 --> Helper loaded: text_helper
INFO - 2020-03-16 11:40:42 --> Helper loaded: string_helper
INFO - 2020-03-16 11:40:42 --> Database Driver Class Initialized
INFO - 2020-03-16 11:40:42 --> Email Class Initialized
DEBUG - 2020-03-16 11:40:42 --> Session: "sess_save_path" is empty; using "session.save_path" value from php.ini.
INFO - 2020-03-16 11:40:42 --> Session: Class initialized using 'files' driver.
INFO - 2020-03-16 11:40:42 --> Helper loaded: form_helper
INFO - 2020-03-16 11:40:42 --> Form Validation Class Initialized
INFO - 2020-03-16 11:40:43 --> Controller Class Initialized
INFO - 2020-03-16 11:40:43 --> Model "M_auth" initialized
DEBUG - 2020-03-16 11:40:43 --> Form_validation class already loaded. Second attempt ignored.
DEBUG - 2020-03-16 11:40:43 --> Sc_check class already loaded. Second attempt ignored.
INFO - 2020-03-16 11:40:43 --> Helper loaded: captcha_helper
INFO - 2020-03-16 11:40:43 --> Config Class Initialized
INFO - 2020-03-16 11:40:43 --> Hooks Class Initialized
DEBUG - 2020-03-16 11:40:43 --> UTF-8 Support Enabled
INFO - 2020-03-16 11:40:43 --> Utf8 Class Initialized
INFO - 2020-03-16 11:40:43 --> URI Class Initialized
DEBUG - 2020-03-16 11:40:43 --> No URI present. Default controller set.
INFO - 2020-03-16 11:40:43 --> Router Class Initialized
INFO - 2020-03-16 11:40:43 --> Output Class Initialized
INFO - 2020-03-16 11:40:43 --> Security Class Initialized
DEBUG - 2020-03-16 11:40:43 --> Global POST, GET and COOKIE data sanitized
INFO - 2020-03-16 11:40:43 --> Input Class Initialized
INFO - 2020-03-16 11:40:43 --> Language Class Initialized
INFO - 2020-03-16 11:40:43 --> Loader Class Initialized
INFO - 2020-03-16 11:40:43 --> Helper loaded: url_helper
INFO - 2020-03-16 11:40:43 --> Helper loaded: file_helper
INFO - 2020-03-16 11:40:43 --> Helper loaded: text_helper
INFO - 2020-03-16 11:40:43 --> Helper loaded: string_helper
INFO - 2020-03-16 11:40:43 --> Database Driver Class Initialized
INFO - 2020-03-16 11:40:43 --> Email Class Initialized
DEBUG - 2020-03-16 11:40:43 --> Session: "sess_save_path" is empty; using "session.save_path" value from php.ini.
INFO - 2020-03-16 11:40:43 --> Session: Class initialized using 'files' driver.
INFO - 2020-03-16 11:40:43 --> Helper loaded: form_helper
INFO - 2020-03-16 11:40:43 --> Form Validation Class Initialized
INFO - 2020-03-16 11:40:43 --> Controller Class Initialized
INFO - 2020-03-16 11:40:43 --> Model "M_auth" initialized
DEBUG - 2020-03-16 11:40:43 --> Form_validation class already loaded. Second attempt ignored.
DEBUG - 2020-03-16 11:40:43 --> Sc_check class already loaded. Second attempt ignored.
INFO - 2020-03-16 11:40:43 --> Helper loaded: captcha_helper
INFO - 2020-03-16 11:40:43 --> File loaded: C:\xampp\htdocs\scholarship\govt\views\include/header.php
INFO - 2020-03-16 11:40:43 --> File loaded: C:\xampp\htdocs\scholarship\govt\views\include/footer.php
INFO - 2020-03-16 11:40:43 --> File loaded: C:\xampp\htdocs\scholarship\govt\views\include/msg.php
INFO - 2020-03-16 11:40:43 --> File loaded: C:\xampp\htdocs\scholarship\govt\views\auth/login.php
INFO - 2020-03-16 11:40:43 --> Final output sent to browser
DEBUG - 2020-03-16 11:40:43 --> Total execution time: 0.1221
