INFO - 2020-09-09 11:43:19 --> Config Class Initialized
INFO - 2020-09-09 11:43:19 --> Hooks Class Initialized
DEBUG - 2020-09-09 11:43:19 --> UTF-8 Support Enabled
INFO - 2020-09-09 11:43:19 --> Utf8 Class Initialized
INFO - 2020-09-09 11:43:19 --> URI Class Initialized
DEBUG - 2020-09-09 11:43:19 --> No URI present. Default controller set.
INFO - 2020-09-09 11:43:19 --> Router Class Initialized
INFO - 2020-09-09 11:43:19 --> Output Class Initialized
INFO - 2020-09-09 11:43:19 --> Security Class Initialized
DEBUG - 2020-09-09 11:43:19 --> Global POST, GET and COOKIE data sanitized
INFO - 2020-09-09 11:43:19 --> Input Class Initialized
INFO - 2020-09-09 11:43:19 --> Language Class Initialized
INFO - 2020-09-09 11:43:19 --> Loader Class Initialized
INFO - 2020-09-09 11:43:19 --> Helper loaded: url_helper
INFO - 2020-09-09 11:43:19 --> Helper loaded: file_helper
INFO - 2020-09-09 11:43:19 --> Helper loaded: text_helper
INFO - 2020-09-09 11:43:19 --> Helper loaded: string_helper
INFO - 2020-09-09 11:43:19 --> Database Driver Class Initialized
INFO - 2020-09-09 11:43:19 --> Email Class Initialized
DEBUG - 2020-09-09 11:43:19 --> Session: "sess_save_path" is empty; using "session.save_path" value from php.ini.
INFO - 2020-09-09 11:43:19 --> Session: Class initialized using 'files' driver.
INFO - 2020-09-09 11:43:19 --> Helper loaded: form_helper
INFO - 2020-09-09 11:43:19 --> Form Validation Class Initialized
INFO - 2020-09-09 11:43:19 --> Controller Class Initialized
INFO - 2020-09-09 11:43:19 --> Model "M_auth" initialized
DEBUG - 2020-09-09 11:43:19 --> Form_validation class already loaded. Second attempt ignored.
DEBUG - 2020-09-09 11:43:19 --> Sc_check class already loaded. Second attempt ignored.
INFO - 2020-09-09 11:43:19 --> Helper loaded: captcha_helper
INFO - 2020-09-09 11:43:19 --> File loaded: C:\xampp\htdocs\scholarship\govt\views\include/header.php
INFO - 2020-09-09 11:43:19 --> File loaded: C:\xampp\htdocs\scholarship\govt\views\include/footer.php
INFO - 2020-09-09 11:43:19 --> File loaded: C:\xampp\htdocs\scholarship\govt\views\include/msg.php
INFO - 2020-09-09 11:43:19 --> File loaded: C:\xampp\htdocs\scholarship\govt\views\auth/login.php
INFO - 2020-09-09 11:43:19 --> Final output sent to browser
DEBUG - 2020-09-09 11:43:19 --> Total execution time: 0.5561
INFO - 2020-09-09 11:44:24 --> Config Class Initialized
INFO - 2020-09-09 11:44:24 --> Hooks Class Initialized
DEBUG - 2020-09-09 11:44:24 --> UTF-8 Support Enabled
INFO - 2020-09-09 11:44:24 --> Utf8 Class Initialized
INFO - 2020-09-09 11:44:24 --> URI Class Initialized
INFO - 2020-09-09 11:44:24 --> Router Class Initialized
INFO - 2020-09-09 11:44:24 --> Output Class Initialized
INFO - 2020-09-09 11:44:24 --> Security Class Initialized
DEBUG - 2020-09-09 11:44:24 --> Global POST, GET and COOKIE data sanitized
INFO - 2020-09-09 11:44:24 --> Input Class Initialized
INFO - 2020-09-09 11:44:24 --> Language Class Initialized
ERROR - 2020-09-09 11:44:24 --> 404 Page Not Found: Auth/emailcheck
INFO - 2020-09-09 11:44:30 --> Config Class Initialized
INFO - 2020-09-09 11:44:30 --> Hooks Class Initialized
DEBUG - 2020-09-09 11:44:30 --> UTF-8 Support Enabled
INFO - 2020-09-09 11:44:30 --> Utf8 Class Initialized
INFO - 2020-09-09 11:44:30 --> URI Class Initialized
INFO - 2020-09-09 11:44:30 --> Router Class Initialized
INFO - 2020-09-09 11:44:30 --> Output Class Initialized
INFO - 2020-09-09 11:44:30 --> Security Class Initialized
DEBUG - 2020-09-09 11:44:30 --> Global POST, GET and COOKIE data sanitized
INFO - 2020-09-09 11:44:30 --> Input Class Initialized
INFO - 2020-09-09 11:44:30 --> Language Class Initialized
INFO - 2020-09-09 11:44:30 --> Loader Class Initialized
INFO - 2020-09-09 11:44:30 --> Helper loaded: url_helper
INFO - 2020-09-09 11:44:30 --> Helper loaded: file_helper
INFO - 2020-09-09 11:44:30 --> Helper loaded: text_helper
INFO - 2020-09-09 11:44:30 --> Helper loaded: string_helper
INFO - 2020-09-09 11:44:30 --> Database Driver Class Initialized
INFO - 2020-09-09 11:44:30 --> Email Class Initialized
DEBUG - 2020-09-09 11:44:30 --> Session: "sess_save_path" is empty; using "session.save_path" value from php.ini.
INFO - 2020-09-09 11:44:30 --> Session: Class initialized using 'files' driver.
INFO - 2020-09-09 11:44:30 --> Helper loaded: form_helper
INFO - 2020-09-09 11:44:30 --> Form Validation Class Initialized
INFO - 2020-09-09 11:44:30 --> Controller Class Initialized
INFO - 2020-09-09 11:44:30 --> Model "M_auth" initialized
DEBUG - 2020-09-09 11:44:30 --> Form_validation class already loaded. Second attempt ignored.
DEBUG - 2020-09-09 11:44:30 --> Sc_check class already loaded. Second attempt ignored.
INFO - 2020-09-09 11:44:30 --> Helper loaded: captcha_helper
INFO - 2020-09-09 11:44:30 --> Language file loaded: language/english/form_validation_lang.php
INFO - 2020-09-09 11:44:30 --> ---------------------Success -- Govt  Verification Officer Logged in with prathwiek.5ine@gmail.com and IP aaddress ::1 --------------
INFO - 2020-09-09 11:44:30 --> Config Class Initialized
INFO - 2020-09-09 11:44:30 --> Hooks Class Initialized
DEBUG - 2020-09-09 11:44:30 --> UTF-8 Support Enabled
INFO - 2020-09-09 11:44:30 --> Utf8 Class Initialized
INFO - 2020-09-09 11:44:30 --> URI Class Initialized
INFO - 2020-09-09 11:44:30 --> Router Class Initialized
INFO - 2020-09-09 11:44:30 --> Output Class Initialized
INFO - 2020-09-09 11:44:30 --> Security Class Initialized
DEBUG - 2020-09-09 11:44:30 --> Global POST, GET and COOKIE data sanitized
INFO - 2020-09-09 11:44:30 --> Input Class Initialized
INFO - 2020-09-09 11:44:30 --> Language Class Initialized
INFO - 2020-09-09 11:44:30 --> Loader Class Initialized
INFO - 2020-09-09 11:44:30 --> Helper loaded: url_helper
INFO - 2020-09-09 11:44:30 --> Helper loaded: file_helper
INFO - 2020-09-09 11:44:30 --> Helper loaded: text_helper
INFO - 2020-09-09 11:44:30 --> Helper loaded: string_helper
INFO - 2020-09-09 11:44:30 --> Database Driver Class Initialized
INFO - 2020-09-09 11:44:30 --> Email Class Initialized
DEBUG - 2020-09-09 11:44:30 --> Session: "sess_save_path" is empty; using "session.save_path" value from php.ini.
INFO - 2020-09-09 11:44:30 --> Session: Class initialized using 'files' driver.
INFO - 2020-09-09 11:44:30 --> Helper loaded: form_helper
INFO - 2020-09-09 11:44:30 --> Form Validation Class Initialized
INFO - 2020-09-09 11:44:30 --> Controller Class Initialized
INFO - 2020-09-09 11:44:30 --> Model "M_dashboard" initialized
INFO - 2020-09-09 11:44:30 --> Model "M_auth" initialized
INFO - 2020-09-09 11:44:31 --> File loaded: C:\xampp\htdocs\scholarship\govt\views\include/header.php
INFO - 2020-09-09 11:44:31 --> File loaded: C:\xampp\htdocs\scholarship\govt\views\include/menu.php
INFO - 2020-09-09 11:44:31 --> File loaded: C:\xampp\htdocs\scholarship\govt\views\include/footer.php
INFO - 2020-09-09 11:44:31 --> File loaded: C:\xampp\htdocs\scholarship\govt\views\include/msg.php
INFO - 2020-09-09 11:44:31 --> File loaded: C:\xampp\htdocs\scholarship\govt\views\dashboard/index.php
INFO - 2020-09-09 11:44:31 --> Final output sent to browser
DEBUG - 2020-09-09 11:44:31 --> Total execution time: 0.5435
INFO - 2020-09-09 11:44:31 --> Config Class Initialized
INFO - 2020-09-09 11:44:31 --> Hooks Class Initialized
DEBUG - 2020-09-09 11:44:31 --> UTF-8 Support Enabled
INFO - 2020-09-09 11:44:31 --> Utf8 Class Initialized
INFO - 2020-09-09 11:44:31 --> URI Class Initialized
INFO - 2020-09-09 11:44:31 --> Router Class Initialized
INFO - 2020-09-09 11:44:31 --> Output Class Initialized
INFO - 2020-09-09 11:44:31 --> Security Class Initialized
DEBUG - 2020-09-09 11:44:31 --> Global POST, GET and COOKIE data sanitized
INFO - 2020-09-09 11:44:31 --> Input Class Initialized
INFO - 2020-09-09 11:44:31 --> Language Class Initialized
INFO - 2020-09-09 11:44:31 --> Loader Class Initialized
INFO - 2020-09-09 11:44:31 --> Helper loaded: url_helper
INFO - 2020-09-09 11:44:31 --> Helper loaded: file_helper
INFO - 2020-09-09 11:44:31 --> Helper loaded: text_helper
INFO - 2020-09-09 11:44:31 --> Helper loaded: string_helper
INFO - 2020-09-09 11:44:31 --> Database Driver Class Initialized
INFO - 2020-09-09 11:44:31 --> Email Class Initialized
DEBUG - 2020-09-09 11:44:31 --> Session: "sess_save_path" is empty; using "session.save_path" value from php.ini.
INFO - 2020-09-09 11:44:31 --> Session: Class initialized using 'files' driver.
INFO - 2020-09-09 11:44:31 --> Helper loaded: form_helper
INFO - 2020-09-09 11:44:31 --> Form Validation Class Initialized
INFO - 2020-09-09 11:44:31 --> Controller Class Initialized
INFO - 2020-09-09 11:44:31 --> Model "M_dashboard" initialized
INFO - 2020-09-09 11:44:31 --> Model "M_auth" initialized
INFO - 2020-09-09 11:44:31 --> Final output sent to browser
DEBUG - 2020-09-09 11:44:31 --> Total execution time: 0.3469
INFO - 2020-09-09 11:44:33 --> Config Class Initialized
INFO - 2020-09-09 11:44:33 --> Hooks Class Initialized
DEBUG - 2020-09-09 11:44:33 --> UTF-8 Support Enabled
INFO - 2020-09-09 11:44:33 --> Utf8 Class Initialized
INFO - 2020-09-09 11:44:33 --> URI Class Initialized
INFO - 2020-09-09 11:44:33 --> Router Class Initialized
INFO - 2020-09-09 11:44:33 --> Output Class Initialized
INFO - 2020-09-09 11:44:33 --> Security Class Initialized
DEBUG - 2020-09-09 11:44:33 --> Global POST, GET and COOKIE data sanitized
INFO - 2020-09-09 11:44:33 --> Input Class Initialized
INFO - 2020-09-09 11:44:33 --> Language Class Initialized
INFO - 2020-09-09 11:44:33 --> Loader Class Initialized
INFO - 2020-09-09 11:44:33 --> Helper loaded: url_helper
INFO - 2020-09-09 11:44:33 --> Helper loaded: file_helper
INFO - 2020-09-09 11:44:33 --> Helper loaded: text_helper
INFO - 2020-09-09 11:44:33 --> Helper loaded: string_helper
INFO - 2020-09-09 11:44:33 --> Database Driver Class Initialized
INFO - 2020-09-09 11:44:33 --> Email Class Initialized
DEBUG - 2020-09-09 11:44:33 --> Session: "sess_save_path" is empty; using "session.save_path" value from php.ini.
INFO - 2020-09-09 11:44:33 --> Session: Class initialized using 'files' driver.
INFO - 2020-09-09 11:44:34 --> Helper loaded: form_helper
INFO - 2020-09-09 11:44:34 --> Form Validation Class Initialized
INFO - 2020-09-09 11:44:34 --> Controller Class Initialized
INFO - 2020-09-09 11:44:34 --> Model "M_scholar" initialized
INFO - 2020-09-09 11:44:34 --> Model "M_auth" initialized
INFO - 2020-09-09 11:44:34 --> File loaded: C:\xampp\htdocs\scholarship\govt\views\include/header.php
INFO - 2020-09-09 11:44:34 --> File loaded: C:\xampp\htdocs\scholarship\govt\views\include/menu.php
INFO - 2020-09-09 11:44:34 --> File loaded: C:\xampp\htdocs\scholarship\govt\views\include/footer.php
INFO - 2020-09-09 11:44:34 --> File loaded: C:\xampp\htdocs\scholarship\govt\views\scholar/list.php
INFO - 2020-09-09 11:44:34 --> Final output sent to browser
DEBUG - 2020-09-09 11:44:34 --> Total execution time: 0.3869
INFO - 2020-09-09 11:44:35 --> Config Class Initialized
INFO - 2020-09-09 11:44:35 --> Hooks Class Initialized
DEBUG - 2020-09-09 11:44:35 --> UTF-8 Support Enabled
INFO - 2020-09-09 11:44:35 --> Utf8 Class Initialized
INFO - 2020-09-09 11:44:35 --> URI Class Initialized
INFO - 2020-09-09 11:44:35 --> Router Class Initialized
INFO - 2020-09-09 11:44:35 --> Output Class Initialized
INFO - 2020-09-09 11:44:35 --> Security Class Initialized
DEBUG - 2020-09-09 11:44:35 --> Global POST, GET and COOKIE data sanitized
INFO - 2020-09-09 11:44:35 --> Input Class Initialized
INFO - 2020-09-09 11:44:35 --> Language Class Initialized
INFO - 2020-09-09 11:44:35 --> Loader Class Initialized
INFO - 2020-09-09 11:44:35 --> Helper loaded: url_helper
INFO - 2020-09-09 11:44:35 --> Helper loaded: file_helper
INFO - 2020-09-09 11:44:35 --> Helper loaded: text_helper
INFO - 2020-09-09 11:44:35 --> Helper loaded: string_helper
INFO - 2020-09-09 11:44:35 --> Database Driver Class Initialized
INFO - 2020-09-09 11:44:35 --> Email Class Initialized
DEBUG - 2020-09-09 11:44:35 --> Session: "sess_save_path" is empty; using "session.save_path" value from php.ini.
INFO - 2020-09-09 11:44:35 --> Session: Class initialized using 'files' driver.
INFO - 2020-09-09 11:44:35 --> Helper loaded: form_helper
INFO - 2020-09-09 11:44:35 --> Form Validation Class Initialized
INFO - 2020-09-09 11:44:35 --> Controller Class Initialized
INFO - 2020-09-09 11:44:35 --> Model "M_scholar" initialized
INFO - 2020-09-09 11:44:35 --> Model "M_auth" initialized
INFO - 2020-09-09 11:44:35 --> Final output sent to browser
DEBUG - 2020-09-09 11:44:35 --> Total execution time: 0.5099
INFO - 2020-09-09 11:46:29 --> Config Class Initialized
INFO - 2020-09-09 11:46:29 --> Hooks Class Initialized
DEBUG - 2020-09-09 11:46:29 --> UTF-8 Support Enabled
INFO - 2020-09-09 11:46:29 --> Utf8 Class Initialized
INFO - 2020-09-09 11:46:29 --> URI Class Initialized
INFO - 2020-09-09 11:46:29 --> Router Class Initialized
INFO - 2020-09-09 11:46:29 --> Output Class Initialized
INFO - 2020-09-09 11:46:29 --> Security Class Initialized
DEBUG - 2020-09-09 11:46:29 --> Global POST, GET and COOKIE data sanitized
INFO - 2020-09-09 11:46:29 --> Input Class Initialized
INFO - 2020-09-09 11:46:29 --> Language Class Initialized
INFO - 2020-09-09 11:46:29 --> Loader Class Initialized
INFO - 2020-09-09 11:46:29 --> Helper loaded: url_helper
INFO - 2020-09-09 11:46:29 --> Helper loaded: file_helper
INFO - 2020-09-09 11:46:29 --> Helper loaded: text_helper
INFO - 2020-09-09 11:46:29 --> Helper loaded: string_helper
INFO - 2020-09-09 11:46:29 --> Database Driver Class Initialized
INFO - 2020-09-09 11:46:29 --> Email Class Initialized
DEBUG - 2020-09-09 11:46:29 --> Session: "sess_save_path" is empty; using "session.save_path" value from php.ini.
INFO - 2020-09-09 11:46:29 --> Session: Class initialized using 'files' driver.
INFO - 2020-09-09 11:46:29 --> Helper loaded: form_helper
INFO - 2020-09-09 11:46:29 --> Form Validation Class Initialized
INFO - 2020-09-09 11:46:29 --> Controller Class Initialized
INFO - 2020-09-09 11:46:29 --> Model "M_scholar" initialized
INFO - 2020-09-09 11:46:29 --> Model "M_auth" initialized
INFO - 2020-09-09 11:46:29 --> File loaded: C:\xampp\htdocs\scholarship\govt\views\include/header.php
INFO - 2020-09-09 11:46:29 --> File loaded: C:\xampp\htdocs\scholarship\govt\views\include/menu.php
INFO - 2020-09-09 11:46:29 --> File loaded: C:\xampp\htdocs\scholarship\govt\views\include/footer.php
INFO - 2020-09-09 11:46:29 --> File loaded: C:\xampp\htdocs\scholarship\govt\views\scholar/list.php
INFO - 2020-09-09 11:46:29 --> Final output sent to browser
DEBUG - 2020-09-09 11:46:29 --> Total execution time: 0.4161
INFO - 2020-09-09 11:46:30 --> Config Class Initialized
INFO - 2020-09-09 11:46:30 --> Hooks Class Initialized
DEBUG - 2020-09-09 11:46:30 --> UTF-8 Support Enabled
INFO - 2020-09-09 11:46:30 --> Utf8 Class Initialized
INFO - 2020-09-09 11:46:30 --> URI Class Initialized
INFO - 2020-09-09 11:46:30 --> Router Class Initialized
INFO - 2020-09-09 11:46:30 --> Output Class Initialized
INFO - 2020-09-09 11:46:30 --> Security Class Initialized
DEBUG - 2020-09-09 11:46:30 --> Global POST, GET and COOKIE data sanitized
INFO - 2020-09-09 11:46:30 --> Input Class Initialized
INFO - 2020-09-09 11:46:30 --> Language Class Initialized
INFO - 2020-09-09 11:46:30 --> Loader Class Initialized
INFO - 2020-09-09 11:46:30 --> Helper loaded: url_helper
INFO - 2020-09-09 11:46:30 --> Helper loaded: file_helper
INFO - 2020-09-09 11:46:30 --> Helper loaded: text_helper
INFO - 2020-09-09 11:46:30 --> Helper loaded: string_helper
INFO - 2020-09-09 11:46:30 --> Database Driver Class Initialized
INFO - 2020-09-09 11:46:30 --> Email Class Initialized
DEBUG - 2020-09-09 11:46:30 --> Session: "sess_save_path" is empty; using "session.save_path" value from php.ini.
INFO - 2020-09-09 11:46:30 --> Session: Class initialized using 'files' driver.
INFO - 2020-09-09 11:46:30 --> Helper loaded: form_helper
INFO - 2020-09-09 11:46:30 --> Form Validation Class Initialized
INFO - 2020-09-09 11:46:30 --> Controller Class Initialized
INFO - 2020-09-09 11:46:30 --> Model "M_scholar" initialized
INFO - 2020-09-09 11:46:30 --> Model "M_auth" initialized
INFO - 2020-09-09 11:46:30 --> Final output sent to browser
DEBUG - 2020-09-09 11:46:30 --> Total execution time: 0.3929
INFO - 2020-09-09 11:46:33 --> Config Class Initialized
INFO - 2020-09-09 11:46:33 --> Hooks Class Initialized
DEBUG - 2020-09-09 11:46:33 --> UTF-8 Support Enabled
INFO - 2020-09-09 11:46:33 --> Utf8 Class Initialized
INFO - 2020-09-09 11:46:33 --> URI Class Initialized
INFO - 2020-09-09 11:46:33 --> Router Class Initialized
INFO - 2020-09-09 11:46:33 --> Output Class Initialized
INFO - 2020-09-09 11:46:33 --> Security Class Initialized
DEBUG - 2020-09-09 11:46:33 --> Global POST, GET and COOKIE data sanitized
INFO - 2020-09-09 11:46:33 --> Input Class Initialized
INFO - 2020-09-09 11:46:33 --> Language Class Initialized
INFO - 2020-09-09 11:46:33 --> Loader Class Initialized
INFO - 2020-09-09 11:46:33 --> Helper loaded: url_helper
INFO - 2020-09-09 11:46:33 --> Helper loaded: file_helper
INFO - 2020-09-09 11:46:33 --> Helper loaded: text_helper
INFO - 2020-09-09 11:46:33 --> Helper loaded: string_helper
INFO - 2020-09-09 11:46:33 --> Database Driver Class Initialized
INFO - 2020-09-09 11:46:33 --> Email Class Initialized
DEBUG - 2020-09-09 11:46:34 --> Session: "sess_save_path" is empty; using "session.save_path" value from php.ini.
INFO - 2020-09-09 11:46:34 --> Session: Class initialized using 'files' driver.
INFO - 2020-09-09 11:46:34 --> Helper loaded: form_helper
INFO - 2020-09-09 11:46:34 --> Form Validation Class Initialized
INFO - 2020-09-09 11:46:34 --> Controller Class Initialized
INFO - 2020-09-09 11:46:34 --> Model "M_scholar" initialized
INFO - 2020-09-09 11:46:34 --> Model "M_auth" initialized
INFO - 2020-09-09 11:46:34 --> Final output sent to browser
DEBUG - 2020-09-09 11:46:34 --> Total execution time: 0.3397
INFO - 2020-09-09 11:46:36 --> Config Class Initialized
INFO - 2020-09-09 11:46:36 --> Hooks Class Initialized
DEBUG - 2020-09-09 11:46:36 --> UTF-8 Support Enabled
INFO - 2020-09-09 11:46:36 --> Utf8 Class Initialized
INFO - 2020-09-09 11:46:36 --> URI Class Initialized
INFO - 2020-09-09 11:46:36 --> Router Class Initialized
INFO - 2020-09-09 11:46:36 --> Output Class Initialized
INFO - 2020-09-09 11:46:36 --> Security Class Initialized
DEBUG - 2020-09-09 11:46:36 --> Global POST, GET and COOKIE data sanitized
INFO - 2020-09-09 11:46:36 --> Input Class Initialized
INFO - 2020-09-09 11:46:36 --> Language Class Initialized
INFO - 2020-09-09 11:46:36 --> Loader Class Initialized
INFO - 2020-09-09 11:46:36 --> Helper loaded: url_helper
INFO - 2020-09-09 11:46:36 --> Helper loaded: file_helper
INFO - 2020-09-09 11:46:36 --> Helper loaded: text_helper
INFO - 2020-09-09 11:46:36 --> Helper loaded: string_helper
INFO - 2020-09-09 11:46:36 --> Database Driver Class Initialized
INFO - 2020-09-09 11:46:36 --> Email Class Initialized
DEBUG - 2020-09-09 11:46:36 --> Session: "sess_save_path" is empty; using "session.save_path" value from php.ini.
INFO - 2020-09-09 11:46:36 --> Session: Class initialized using 'files' driver.
INFO - 2020-09-09 11:46:36 --> Helper loaded: form_helper
INFO - 2020-09-09 11:46:36 --> Form Validation Class Initialized
INFO - 2020-09-09 11:46:36 --> Controller Class Initialized
INFO - 2020-09-09 11:46:36 --> Model "M_scholar" initialized
INFO - 2020-09-09 11:46:36 --> Model "M_auth" initialized
INFO - 2020-09-09 11:46:36 --> File loaded: C:\xampp\htdocs\scholarship\govt\views\include/header.php
INFO - 2020-09-09 11:46:36 --> File loaded: C:\xampp\htdocs\scholarship\govt\views\include/menu.php
INFO - 2020-09-09 11:46:36 --> File loaded: C:\xampp\htdocs\scholarship\govt\views\include/footer.php
INFO - 2020-09-09 11:46:36 --> File loaded: C:\xampp\htdocs\scholarship\govt\views\scholar/list.php
INFO - 2020-09-09 11:46:36 --> Final output sent to browser
DEBUG - 2020-09-09 11:46:36 --> Total execution time: 0.5131
INFO - 2020-09-09 11:46:38 --> Config Class Initialized
INFO - 2020-09-09 11:46:38 --> Hooks Class Initialized
DEBUG - 2020-09-09 11:46:38 --> UTF-8 Support Enabled
INFO - 2020-09-09 11:46:38 --> Utf8 Class Initialized
INFO - 2020-09-09 11:46:38 --> URI Class Initialized
INFO - 2020-09-09 11:46:38 --> Router Class Initialized
INFO - 2020-09-09 11:46:38 --> Output Class Initialized
INFO - 2020-09-09 11:46:38 --> Security Class Initialized
DEBUG - 2020-09-09 11:46:38 --> Global POST, GET and COOKIE data sanitized
INFO - 2020-09-09 11:46:38 --> Input Class Initialized
INFO - 2020-09-09 11:46:38 --> Language Class Initialized
INFO - 2020-09-09 11:46:38 --> Loader Class Initialized
INFO - 2020-09-09 11:46:38 --> Helper loaded: url_helper
INFO - 2020-09-09 11:46:38 --> Helper loaded: file_helper
INFO - 2020-09-09 11:46:38 --> Helper loaded: text_helper
INFO - 2020-09-09 11:46:38 --> Helper loaded: string_helper
INFO - 2020-09-09 11:46:38 --> Database Driver Class Initialized
INFO - 2020-09-09 11:46:38 --> Email Class Initialized
DEBUG - 2020-09-09 11:46:38 --> Session: "sess_save_path" is empty; using "session.save_path" value from php.ini.
INFO - 2020-09-09 11:46:38 --> Session: Class initialized using 'files' driver.
INFO - 2020-09-09 11:46:38 --> Helper loaded: form_helper
INFO - 2020-09-09 11:46:38 --> Form Validation Class Initialized
INFO - 2020-09-09 11:46:38 --> Controller Class Initialized
INFO - 2020-09-09 11:46:38 --> Model "M_scholar" initialized
INFO - 2020-09-09 11:46:38 --> Model "M_auth" initialized
INFO - 2020-09-09 11:46:38 --> Final output sent to browser
DEBUG - 2020-09-09 11:46:38 --> Total execution time: 0.5055
INFO - 2020-09-09 11:46:39 --> Config Class Initialized
INFO - 2020-09-09 11:46:39 --> Hooks Class Initialized
DEBUG - 2020-09-09 11:46:39 --> UTF-8 Support Enabled
INFO - 2020-09-09 11:46:39 --> Utf8 Class Initialized
INFO - 2020-09-09 11:46:39 --> URI Class Initialized
INFO - 2020-09-09 11:46:39 --> Router Class Initialized
INFO - 2020-09-09 11:46:39 --> Output Class Initialized
INFO - 2020-09-09 11:46:39 --> Security Class Initialized
DEBUG - 2020-09-09 11:46:39 --> Global POST, GET and COOKIE data sanitized
INFO - 2020-09-09 11:46:39 --> Input Class Initialized
INFO - 2020-09-09 11:46:39 --> Language Class Initialized
INFO - 2020-09-09 11:46:39 --> Loader Class Initialized
INFO - 2020-09-09 11:46:39 --> Helper loaded: url_helper
INFO - 2020-09-09 11:46:39 --> Helper loaded: file_helper
INFO - 2020-09-09 11:46:39 --> Helper loaded: text_helper
INFO - 2020-09-09 11:46:39 --> Helper loaded: string_helper
INFO - 2020-09-09 11:46:39 --> Database Driver Class Initialized
INFO - 2020-09-09 11:46:39 --> Email Class Initialized
DEBUG - 2020-09-09 11:46:39 --> Session: "sess_save_path" is empty; using "session.save_path" value from php.ini.
INFO - 2020-09-09 11:46:39 --> Session: Class initialized using 'files' driver.
INFO - 2020-09-09 11:46:39 --> Helper loaded: form_helper
INFO - 2020-09-09 11:46:39 --> Form Validation Class Initialized
INFO - 2020-09-09 11:46:39 --> Controller Class Initialized
INFO - 2020-09-09 11:46:39 --> Model "M_scholar" initialized
INFO - 2020-09-09 11:46:40 --> Model "M_auth" initialized
INFO - 2020-09-09 11:46:40 --> Final output sent to browser
DEBUG - 2020-09-09 11:46:40 --> Total execution time: 0.3795
INFO - 2020-09-09 11:46:42 --> Config Class Initialized
INFO - 2020-09-09 11:46:42 --> Hooks Class Initialized
DEBUG - 2020-09-09 11:46:42 --> UTF-8 Support Enabled
INFO - 2020-09-09 11:46:42 --> Utf8 Class Initialized
INFO - 2020-09-09 11:46:42 --> URI Class Initialized
INFO - 2020-09-09 11:46:42 --> Router Class Initialized
INFO - 2020-09-09 11:46:42 --> Output Class Initialized
INFO - 2020-09-09 11:46:42 --> Security Class Initialized
DEBUG - 2020-09-09 11:46:42 --> Global POST, GET and COOKIE data sanitized
INFO - 2020-09-09 11:46:42 --> Input Class Initialized
INFO - 2020-09-09 11:46:42 --> Language Class Initialized
INFO - 2020-09-09 11:46:42 --> Loader Class Initialized
INFO - 2020-09-09 11:46:42 --> Helper loaded: url_helper
INFO - 2020-09-09 11:46:42 --> Helper loaded: file_helper
INFO - 2020-09-09 11:46:42 --> Helper loaded: text_helper
INFO - 2020-09-09 11:46:42 --> Helper loaded: string_helper
INFO - 2020-09-09 11:46:42 --> Database Driver Class Initialized
INFO - 2020-09-09 11:46:42 --> Email Class Initialized
DEBUG - 2020-09-09 11:46:42 --> Session: "sess_save_path" is empty; using "session.save_path" value from php.ini.
INFO - 2020-09-09 11:46:42 --> Session: Class initialized using 'files' driver.
INFO - 2020-09-09 11:46:42 --> Helper loaded: form_helper
INFO - 2020-09-09 11:46:42 --> Form Validation Class Initialized
INFO - 2020-09-09 11:46:42 --> Controller Class Initialized
INFO - 2020-09-09 11:46:42 --> Model "M_scholar" initialized
INFO - 2020-09-09 11:46:42 --> Model "M_auth" initialized
INFO - 2020-09-09 11:46:42 --> File loaded: C:\xampp\htdocs\scholarship\govt\views\include/header.php
INFO - 2020-09-09 11:46:42 --> File loaded: C:\xampp\htdocs\scholarship\govt\views\include/menu.php
INFO - 2020-09-09 11:46:42 --> File loaded: C:\xampp\htdocs\scholarship\govt\views\include/footer.php
INFO - 2020-09-09 11:46:42 --> File loaded: C:\xampp\htdocs\scholarship\govt\views\scholar/list.php
INFO - 2020-09-09 11:46:42 --> Final output sent to browser
DEBUG - 2020-09-09 11:46:42 --> Total execution time: 0.5099
INFO - 2020-09-09 11:46:43 --> Config Class Initialized
INFO - 2020-09-09 11:46:44 --> Hooks Class Initialized
DEBUG - 2020-09-09 11:46:44 --> UTF-8 Support Enabled
INFO - 2020-09-09 11:46:44 --> Utf8 Class Initialized
INFO - 2020-09-09 11:46:44 --> URI Class Initialized
INFO - 2020-09-09 11:46:44 --> Router Class Initialized
INFO - 2020-09-09 11:46:44 --> Output Class Initialized
INFO - 2020-09-09 11:46:44 --> Security Class Initialized
DEBUG - 2020-09-09 11:46:44 --> Global POST, GET and COOKIE data sanitized
INFO - 2020-09-09 11:46:44 --> Input Class Initialized
INFO - 2020-09-09 11:46:44 --> Language Class Initialized
INFO - 2020-09-09 11:46:44 --> Loader Class Initialized
INFO - 2020-09-09 11:46:44 --> Helper loaded: url_helper
INFO - 2020-09-09 11:46:44 --> Helper loaded: file_helper
INFO - 2020-09-09 11:46:44 --> Helper loaded: text_helper
INFO - 2020-09-09 11:46:44 --> Helper loaded: string_helper
INFO - 2020-09-09 11:46:44 --> Database Driver Class Initialized
INFO - 2020-09-09 11:46:44 --> Email Class Initialized
DEBUG - 2020-09-09 11:46:44 --> Session: "sess_save_path" is empty; using "session.save_path" value from php.ini.
INFO - 2020-09-09 11:46:44 --> Session: Class initialized using 'files' driver.
INFO - 2020-09-09 11:46:44 --> Helper loaded: form_helper
INFO - 2020-09-09 11:46:44 --> Form Validation Class Initialized
INFO - 2020-09-09 11:46:44 --> Controller Class Initialized
INFO - 2020-09-09 11:46:44 --> Model "M_scholar" initialized
INFO - 2020-09-09 11:46:44 --> Model "M_auth" initialized
INFO - 2020-09-09 11:46:44 --> Final output sent to browser
DEBUG - 2020-09-09 11:46:44 --> Total execution time: 0.6847
INFO - 2020-09-09 11:46:45 --> Config Class Initialized
INFO - 2020-09-09 11:46:45 --> Hooks Class Initialized
DEBUG - 2020-09-09 11:46:45 --> UTF-8 Support Enabled
INFO - 2020-09-09 11:46:45 --> Utf8 Class Initialized
INFO - 2020-09-09 11:46:45 --> URI Class Initialized
INFO - 2020-09-09 11:46:45 --> Router Class Initialized
INFO - 2020-09-09 11:46:45 --> Output Class Initialized
INFO - 2020-09-09 11:46:45 --> Security Class Initialized
DEBUG - 2020-09-09 11:46:45 --> Global POST, GET and COOKIE data sanitized
INFO - 2020-09-09 11:46:45 --> Input Class Initialized
INFO - 2020-09-09 11:46:45 --> Language Class Initialized
INFO - 2020-09-09 11:46:45 --> Loader Class Initialized
INFO - 2020-09-09 11:46:45 --> Helper loaded: url_helper
INFO - 2020-09-09 11:46:45 --> Helper loaded: file_helper
INFO - 2020-09-09 11:46:45 --> Helper loaded: text_helper
INFO - 2020-09-09 11:46:45 --> Helper loaded: string_helper
INFO - 2020-09-09 11:46:45 --> Database Driver Class Initialized
INFO - 2020-09-09 11:46:45 --> Email Class Initialized
DEBUG - 2020-09-09 11:46:45 --> Session: "sess_save_path" is empty; using "session.save_path" value from php.ini.
INFO - 2020-09-09 11:46:45 --> Session: Class initialized using 'files' driver.
INFO - 2020-09-09 11:46:45 --> Helper loaded: form_helper
INFO - 2020-09-09 11:46:45 --> Form Validation Class Initialized
INFO - 2020-09-09 11:46:45 --> Controller Class Initialized
INFO - 2020-09-09 11:46:45 --> Model "M_scholar" initialized
INFO - 2020-09-09 11:46:45 --> Model "M_auth" initialized
INFO - 2020-09-09 11:46:45 --> Final output sent to browser
DEBUG - 2020-09-09 11:46:45 --> Total execution time: 0.3634
INFO - 2020-09-09 11:48:52 --> Config Class Initialized
INFO - 2020-09-09 11:48:52 --> Hooks Class Initialized
DEBUG - 2020-09-09 11:48:52 --> UTF-8 Support Enabled
INFO - 2020-09-09 11:48:52 --> Utf8 Class Initialized
INFO - 2020-09-09 11:48:52 --> URI Class Initialized
INFO - 2020-09-09 11:48:52 --> Router Class Initialized
INFO - 2020-09-09 11:48:52 --> Output Class Initialized
INFO - 2020-09-09 11:48:52 --> Security Class Initialized
DEBUG - 2020-09-09 11:48:52 --> Global POST, GET and COOKIE data sanitized
INFO - 2020-09-09 11:48:52 --> Input Class Initialized
INFO - 2020-09-09 11:48:52 --> Language Class Initialized
INFO - 2020-09-09 11:48:52 --> Loader Class Initialized
INFO - 2020-09-09 11:48:52 --> Helper loaded: url_helper
INFO - 2020-09-09 11:48:52 --> Helper loaded: file_helper
INFO - 2020-09-09 11:48:52 --> Helper loaded: text_helper
INFO - 2020-09-09 11:48:52 --> Helper loaded: string_helper
INFO - 2020-09-09 11:48:52 --> Database Driver Class Initialized
INFO - 2020-09-09 11:48:52 --> Email Class Initialized
DEBUG - 2020-09-09 11:48:52 --> Session: "sess_save_path" is empty; using "session.save_path" value from php.ini.
INFO - 2020-09-09 11:48:52 --> Session: Class initialized using 'files' driver.
INFO - 2020-09-09 11:48:52 --> Helper loaded: form_helper
INFO - 2020-09-09 11:48:53 --> Form Validation Class Initialized
INFO - 2020-09-09 11:48:53 --> Controller Class Initialized
INFO - 2020-09-09 11:48:53 --> Model "M_scholar" initialized
INFO - 2020-09-09 11:48:53 --> Model "M_auth" initialized
INFO - 2020-09-09 11:48:53 --> File loaded: C:\xampp\htdocs\scholarship\govt\views\include/header.php
INFO - 2020-09-09 11:48:53 --> File loaded: C:\xampp\htdocs\scholarship\govt\views\include/menu.php
INFO - 2020-09-09 11:48:53 --> File loaded: C:\xampp\htdocs\scholarship\govt\views\include/footer.php
INFO - 2020-09-09 11:48:53 --> File loaded: C:\xampp\htdocs\scholarship\govt\views\scholar/list.php
INFO - 2020-09-09 11:48:53 --> Final output sent to browser
DEBUG - 2020-09-09 11:48:53 --> Total execution time: 0.4051
INFO - 2020-09-09 11:48:54 --> Config Class Initialized
INFO - 2020-09-09 11:48:54 --> Hooks Class Initialized
DEBUG - 2020-09-09 11:48:54 --> UTF-8 Support Enabled
INFO - 2020-09-09 11:48:54 --> Utf8 Class Initialized
INFO - 2020-09-09 11:48:54 --> URI Class Initialized
INFO - 2020-09-09 11:48:54 --> Router Class Initialized
INFO - 2020-09-09 11:48:54 --> Output Class Initialized
INFO - 2020-09-09 11:48:54 --> Security Class Initialized
DEBUG - 2020-09-09 11:48:54 --> Global POST, GET and COOKIE data sanitized
INFO - 2020-09-09 11:48:54 --> Input Class Initialized
INFO - 2020-09-09 11:48:54 --> Language Class Initialized
INFO - 2020-09-09 11:48:54 --> Loader Class Initialized
INFO - 2020-09-09 11:48:54 --> Helper loaded: url_helper
INFO - 2020-09-09 11:48:54 --> Helper loaded: file_helper
INFO - 2020-09-09 11:48:54 --> Helper loaded: text_helper
INFO - 2020-09-09 11:48:54 --> Helper loaded: string_helper
INFO - 2020-09-09 11:48:54 --> Database Driver Class Initialized
INFO - 2020-09-09 11:48:54 --> Email Class Initialized
DEBUG - 2020-09-09 11:48:54 --> Session: "sess_save_path" is empty; using "session.save_path" value from php.ini.
INFO - 2020-09-09 11:48:54 --> Session: Class initialized using 'files' driver.
INFO - 2020-09-09 11:48:54 --> Helper loaded: form_helper
INFO - 2020-09-09 11:48:54 --> Form Validation Class Initialized
INFO - 2020-09-09 11:48:54 --> Controller Class Initialized
INFO - 2020-09-09 11:48:54 --> Model "M_scholar" initialized
INFO - 2020-09-09 11:48:54 --> Model "M_auth" initialized
INFO - 2020-09-09 11:48:54 --> Final output sent to browser
DEBUG - 2020-09-09 11:48:54 --> Total execution time: 0.4575
