INFO - 2020-05-27 15:11:09 --> Config Class Initialized
INFO - 2020-05-27 15:11:09 --> Hooks Class Initialized
DEBUG - 2020-05-27 15:11:09 --> UTF-8 Support Enabled
INFO - 2020-05-27 15:11:09 --> Utf8 Class Initialized
INFO - 2020-05-27 15:11:09 --> URI Class Initialized
DEBUG - 2020-05-27 15:11:09 --> No URI present. Default controller set.
INFO - 2020-05-27 15:11:09 --> Router Class Initialized
INFO - 2020-05-27 15:11:09 --> Output Class Initialized
INFO - 2020-05-27 15:11:09 --> Security Class Initialized
DEBUG - 2020-05-27 15:11:09 --> Global POST, GET and COOKIE data sanitized
INFO - 2020-05-27 15:11:09 --> Input Class Initialized
INFO - 2020-05-27 15:11:09 --> Language Class Initialized
INFO - 2020-05-27 15:11:09 --> Loader Class Initialized
INFO - 2020-05-27 15:11:09 --> Helper loaded: url_helper
INFO - 2020-05-27 15:11:09 --> Helper loaded: file_helper
INFO - 2020-05-27 15:11:09 --> Helper loaded: text_helper
INFO - 2020-05-27 15:11:09 --> Helper loaded: string_helper
INFO - 2020-05-27 15:11:09 --> Database Driver Class Initialized
INFO - 2020-05-27 15:11:09 --> Email Class Initialized
DEBUG - 2020-05-27 15:11:09 --> Session: "sess_save_path" is empty; using "session.save_path" value from php.ini.
INFO - 2020-05-27 15:11:09 --> Session: Class initialized using 'files' driver.
INFO - 2020-05-27 15:11:09 --> Helper loaded: form_helper
INFO - 2020-05-27 15:11:09 --> Form Validation Class Initialized
INFO - 2020-05-27 15:11:09 --> Controller Class Initialized
INFO - 2020-05-27 15:11:09 --> Model "M_auth" initialized
DEBUG - 2020-05-27 15:11:09 --> Form_validation class already loaded. Second attempt ignored.
DEBUG - 2020-05-27 15:11:09 --> Sc_check class already loaded. Second attempt ignored.
INFO - 2020-05-27 15:11:09 --> Helper loaded: captcha_helper
INFO - 2020-05-27 15:11:10 --> File loaded: C:\xampp\htdocs\scholarship\govt\views\include/header.php
INFO - 2020-05-27 15:11:10 --> File loaded: C:\xampp\htdocs\scholarship\govt\views\include/footer.php
INFO - 2020-05-27 15:11:10 --> File loaded: C:\xampp\htdocs\scholarship\govt\views\include/msg.php
INFO - 2020-05-27 15:11:10 --> File loaded: C:\xampp\htdocs\scholarship\govt\views\auth/login.php
INFO - 2020-05-27 15:11:10 --> Final output sent to browser
DEBUG - 2020-05-27 15:11:10 --> Total execution time: 0.4807
INFO - 2020-05-27 15:11:20 --> Config Class Initialized
INFO - 2020-05-27 15:11:20 --> Hooks Class Initialized
DEBUG - 2020-05-27 15:11:20 --> UTF-8 Support Enabled
INFO - 2020-05-27 15:11:20 --> Utf8 Class Initialized
INFO - 2020-05-27 15:11:20 --> URI Class Initialized
INFO - 2020-05-27 15:11:20 --> Router Class Initialized
INFO - 2020-05-27 15:11:20 --> Output Class Initialized
INFO - 2020-05-27 15:11:20 --> Security Class Initialized
DEBUG - 2020-05-27 15:11:20 --> Global POST, GET and COOKIE data sanitized
INFO - 2020-05-27 15:11:20 --> Input Class Initialized
INFO - 2020-05-27 15:11:20 --> Language Class Initialized
ERROR - 2020-05-27 15:11:20 --> 404 Page Not Found: Auth/emailcheck
INFO - 2020-05-27 15:11:25 --> Config Class Initialized
INFO - 2020-05-27 15:11:25 --> Hooks Class Initialized
DEBUG - 2020-05-27 15:11:25 --> UTF-8 Support Enabled
INFO - 2020-05-27 15:11:25 --> Utf8 Class Initialized
INFO - 2020-05-27 15:11:25 --> URI Class Initialized
INFO - 2020-05-27 15:11:25 --> Router Class Initialized
INFO - 2020-05-27 15:11:25 --> Output Class Initialized
INFO - 2020-05-27 15:11:25 --> Security Class Initialized
DEBUG - 2020-05-27 15:11:26 --> Global POST, GET and COOKIE data sanitized
INFO - 2020-05-27 15:11:26 --> Input Class Initialized
INFO - 2020-05-27 15:11:26 --> Language Class Initialized
INFO - 2020-05-27 15:11:26 --> Loader Class Initialized
INFO - 2020-05-27 15:11:26 --> Helper loaded: url_helper
INFO - 2020-05-27 15:11:26 --> Helper loaded: file_helper
INFO - 2020-05-27 15:11:26 --> Helper loaded: text_helper
INFO - 2020-05-27 15:11:26 --> Helper loaded: string_helper
INFO - 2020-05-27 15:11:26 --> Database Driver Class Initialized
INFO - 2020-05-27 15:11:26 --> Email Class Initialized
DEBUG - 2020-05-27 15:11:26 --> Session: "sess_save_path" is empty; using "session.save_path" value from php.ini.
INFO - 2020-05-27 15:11:26 --> Session: Class initialized using 'files' driver.
INFO - 2020-05-27 15:11:26 --> Helper loaded: form_helper
INFO - 2020-05-27 15:11:26 --> Form Validation Class Initialized
INFO - 2020-05-27 15:11:26 --> Controller Class Initialized
INFO - 2020-05-27 15:11:26 --> Model "M_auth" initialized
DEBUG - 2020-05-27 15:11:26 --> Form_validation class already loaded. Second attempt ignored.
DEBUG - 2020-05-27 15:11:26 --> Sc_check class already loaded. Second attempt ignored.
INFO - 2020-05-27 15:11:26 --> Helper loaded: captcha_helper
INFO - 2020-05-27 15:11:26 --> Language file loaded: language/english/form_validation_lang.php
INFO - 2020-05-27 15:11:26 --> ---------------------Success -- Govt  Verification Officer Logged in with prathwiek.5ine@gmail.com and IP aaddress ::1 --------------
INFO - 2020-05-27 15:11:26 --> Config Class Initialized
INFO - 2020-05-27 15:11:26 --> Hooks Class Initialized
DEBUG - 2020-05-27 15:11:26 --> UTF-8 Support Enabled
INFO - 2020-05-27 15:11:26 --> Utf8 Class Initialized
INFO - 2020-05-27 15:11:26 --> URI Class Initialized
INFO - 2020-05-27 15:11:26 --> Router Class Initialized
INFO - 2020-05-27 15:11:26 --> Output Class Initialized
INFO - 2020-05-27 15:11:26 --> Security Class Initialized
DEBUG - 2020-05-27 15:11:26 --> Global POST, GET and COOKIE data sanitized
INFO - 2020-05-27 15:11:26 --> Input Class Initialized
INFO - 2020-05-27 15:11:26 --> Language Class Initialized
INFO - 2020-05-27 15:11:26 --> Loader Class Initialized
INFO - 2020-05-27 15:11:26 --> Helper loaded: url_helper
INFO - 2020-05-27 15:11:26 --> Helper loaded: file_helper
INFO - 2020-05-27 15:11:26 --> Helper loaded: text_helper
INFO - 2020-05-27 15:11:26 --> Helper loaded: string_helper
INFO - 2020-05-27 15:11:26 --> Database Driver Class Initialized
INFO - 2020-05-27 15:11:26 --> Email Class Initialized
DEBUG - 2020-05-27 15:11:26 --> Session: "sess_save_path" is empty; using "session.save_path" value from php.ini.
INFO - 2020-05-27 15:11:26 --> Session: Class initialized using 'files' driver.
INFO - 2020-05-27 15:11:26 --> Helper loaded: form_helper
INFO - 2020-05-27 15:11:26 --> Form Validation Class Initialized
INFO - 2020-05-27 15:11:26 --> Controller Class Initialized
INFO - 2020-05-27 15:11:26 --> Model "M_dashboard" initialized
INFO - 2020-05-27 15:11:26 --> Model "M_auth" initialized
INFO - 2020-05-27 15:11:27 --> File loaded: C:\xampp\htdocs\scholarship\govt\views\include/header.php
INFO - 2020-05-27 15:11:27 --> File loaded: C:\xampp\htdocs\scholarship\govt\views\include/menu.php
INFO - 2020-05-27 15:11:27 --> File loaded: C:\xampp\htdocs\scholarship\govt\views\include/footer.php
INFO - 2020-05-27 15:11:27 --> File loaded: C:\xampp\htdocs\scholarship\govt\views\include/msg.php
INFO - 2020-05-27 15:11:27 --> File loaded: C:\xampp\htdocs\scholarship\govt\views\dashboard/index.php
INFO - 2020-05-27 15:11:27 --> Final output sent to browser
DEBUG - 2020-05-27 15:11:27 --> Total execution time: 0.7906
INFO - 2020-05-27 15:11:27 --> Config Class Initialized
INFO - 2020-05-27 15:11:27 --> Hooks Class Initialized
DEBUG - 2020-05-27 15:11:27 --> UTF-8 Support Enabled
INFO - 2020-05-27 15:11:27 --> Utf8 Class Initialized
INFO - 2020-05-27 15:11:27 --> URI Class Initialized
INFO - 2020-05-27 15:11:27 --> Router Class Initialized
INFO - 2020-05-27 15:11:27 --> Output Class Initialized
INFO - 2020-05-27 15:11:27 --> Security Class Initialized
DEBUG - 2020-05-27 15:11:27 --> Global POST, GET and COOKIE data sanitized
INFO - 2020-05-27 15:11:27 --> Input Class Initialized
INFO - 2020-05-27 15:11:27 --> Language Class Initialized
INFO - 2020-05-27 15:11:27 --> Loader Class Initialized
INFO - 2020-05-27 15:11:27 --> Helper loaded: url_helper
INFO - 2020-05-27 15:11:27 --> Helper loaded: file_helper
INFO - 2020-05-27 15:11:27 --> Helper loaded: text_helper
INFO - 2020-05-27 15:11:27 --> Helper loaded: string_helper
INFO - 2020-05-27 15:11:27 --> Database Driver Class Initialized
INFO - 2020-05-27 15:11:27 --> Email Class Initialized
DEBUG - 2020-05-27 15:11:27 --> Session: "sess_save_path" is empty; using "session.save_path" value from php.ini.
INFO - 2020-05-27 15:11:27 --> Session: Class initialized using 'files' driver.
INFO - 2020-05-27 15:11:27 --> Helper loaded: form_helper
INFO - 2020-05-27 15:11:27 --> Form Validation Class Initialized
INFO - 2020-05-27 15:11:27 --> Controller Class Initialized
INFO - 2020-05-27 15:11:27 --> Model "M_dashboard" initialized
INFO - 2020-05-27 15:11:27 --> Model "M_auth" initialized
INFO - 2020-05-27 15:11:27 --> Final output sent to browser
DEBUG - 2020-05-27 15:11:27 --> Total execution time: 0.3201
INFO - 2020-05-27 15:11:30 --> Config Class Initialized
INFO - 2020-05-27 15:11:30 --> Hooks Class Initialized
DEBUG - 2020-05-27 15:11:30 --> UTF-8 Support Enabled
INFO - 2020-05-27 15:11:30 --> Utf8 Class Initialized
INFO - 2020-05-27 15:11:30 --> URI Class Initialized
INFO - 2020-05-27 15:11:30 --> Router Class Initialized
INFO - 2020-05-27 15:11:30 --> Output Class Initialized
INFO - 2020-05-27 15:11:30 --> Security Class Initialized
DEBUG - 2020-05-27 15:11:30 --> Global POST, GET and COOKIE data sanitized
INFO - 2020-05-27 15:11:30 --> Input Class Initialized
INFO - 2020-05-27 15:11:30 --> Language Class Initialized
INFO - 2020-05-27 15:11:30 --> Loader Class Initialized
INFO - 2020-05-27 15:11:30 --> Helper loaded: url_helper
INFO - 2020-05-27 15:11:30 --> Helper loaded: file_helper
INFO - 2020-05-27 15:11:30 --> Helper loaded: text_helper
INFO - 2020-05-27 15:11:30 --> Helper loaded: string_helper
INFO - 2020-05-27 15:11:30 --> Database Driver Class Initialized
INFO - 2020-05-27 15:11:30 --> Email Class Initialized
DEBUG - 2020-05-27 15:11:30 --> Session: "sess_save_path" is empty; using "session.save_path" value from php.ini.
INFO - 2020-05-27 15:11:30 --> Session: Class initialized using 'files' driver.
INFO - 2020-05-27 15:11:30 --> Helper loaded: form_helper
INFO - 2020-05-27 15:11:30 --> Form Validation Class Initialized
INFO - 2020-05-27 15:11:30 --> Controller Class Initialized
INFO - 2020-05-27 15:11:30 --> Model "M_scholar" initialized
INFO - 2020-05-27 15:11:30 --> Model "M_auth" initialized
INFO - 2020-05-27 15:11:31 --> File loaded: C:\xampp\htdocs\scholarship\govt\views\include/header.php
INFO - 2020-05-27 15:11:31 --> File loaded: C:\xampp\htdocs\scholarship\govt\views\include/menu.php
INFO - 2020-05-27 15:11:31 --> File loaded: C:\xampp\htdocs\scholarship\govt\views\include/footer.php
INFO - 2020-05-27 15:11:31 --> File loaded: C:\xampp\htdocs\scholarship\govt\views\scholar/list.php
INFO - 2020-05-27 15:11:31 --> Final output sent to browser
DEBUG - 2020-05-27 15:11:31 --> Total execution time: 0.5323
INFO - 2020-05-27 15:11:32 --> Config Class Initialized
INFO - 2020-05-27 15:11:32 --> Hooks Class Initialized
DEBUG - 2020-05-27 15:11:32 --> UTF-8 Support Enabled
INFO - 2020-05-27 15:11:32 --> Utf8 Class Initialized
INFO - 2020-05-27 15:11:32 --> URI Class Initialized
INFO - 2020-05-27 15:11:32 --> Router Class Initialized
INFO - 2020-05-27 15:11:32 --> Output Class Initialized
INFO - 2020-05-27 15:11:32 --> Security Class Initialized
DEBUG - 2020-05-27 15:11:32 --> Global POST, GET and COOKIE data sanitized
INFO - 2020-05-27 15:11:32 --> Input Class Initialized
INFO - 2020-05-27 15:11:32 --> Language Class Initialized
INFO - 2020-05-27 15:11:32 --> Loader Class Initialized
INFO - 2020-05-27 15:11:32 --> Helper loaded: url_helper
INFO - 2020-05-27 15:11:32 --> Helper loaded: file_helper
INFO - 2020-05-27 15:11:32 --> Helper loaded: text_helper
INFO - 2020-05-27 15:11:32 --> Helper loaded: string_helper
INFO - 2020-05-27 15:11:32 --> Database Driver Class Initialized
INFO - 2020-05-27 15:11:32 --> Email Class Initialized
DEBUG - 2020-05-27 15:11:32 --> Session: "sess_save_path" is empty; using "session.save_path" value from php.ini.
INFO - 2020-05-27 15:11:32 --> Session: Class initialized using 'files' driver.
INFO - 2020-05-27 15:11:32 --> Helper loaded: form_helper
INFO - 2020-05-27 15:11:32 --> Form Validation Class Initialized
INFO - 2020-05-27 15:11:32 --> Controller Class Initialized
INFO - 2020-05-27 15:11:32 --> Model "M_scholar" initialized
INFO - 2020-05-27 15:11:32 --> Model "M_auth" initialized
INFO - 2020-05-27 15:11:32 --> Final output sent to browser
DEBUG - 2020-05-27 15:11:32 --> Total execution time: 0.3440
INFO - 2020-05-27 15:11:34 --> Config Class Initialized
INFO - 2020-05-27 15:11:34 --> Hooks Class Initialized
DEBUG - 2020-05-27 15:11:34 --> UTF-8 Support Enabled
INFO - 2020-05-27 15:11:34 --> Utf8 Class Initialized
INFO - 2020-05-27 15:11:34 --> URI Class Initialized
INFO - 2020-05-27 15:11:34 --> Router Class Initialized
INFO - 2020-05-27 15:11:34 --> Output Class Initialized
INFO - 2020-05-27 15:11:35 --> Security Class Initialized
DEBUG - 2020-05-27 15:11:35 --> Global POST, GET and COOKIE data sanitized
INFO - 2020-05-27 15:11:35 --> Input Class Initialized
INFO - 2020-05-27 15:11:35 --> Language Class Initialized
INFO - 2020-05-27 15:11:35 --> Loader Class Initialized
INFO - 2020-05-27 15:11:35 --> Helper loaded: url_helper
INFO - 2020-05-27 15:11:35 --> Helper loaded: file_helper
INFO - 2020-05-27 15:11:35 --> Helper loaded: text_helper
INFO - 2020-05-27 15:11:35 --> Helper loaded: string_helper
INFO - 2020-05-27 15:11:35 --> Database Driver Class Initialized
INFO - 2020-05-27 15:11:35 --> Email Class Initialized
DEBUG - 2020-05-27 15:11:35 --> Session: "sess_save_path" is empty; using "session.save_path" value from php.ini.
INFO - 2020-05-27 15:11:35 --> Session: Class initialized using 'files' driver.
INFO - 2020-05-27 15:11:35 --> Helper loaded: form_helper
INFO - 2020-05-27 15:11:35 --> Form Validation Class Initialized
INFO - 2020-05-27 15:11:35 --> Controller Class Initialized
INFO - 2020-05-27 15:11:35 --> Model "M_scholar" initialized
INFO - 2020-05-27 15:11:35 --> Model "M_auth" initialized
INFO - 2020-05-27 15:11:35 --> File loaded: C:\xampp\htdocs\scholarship\govt\views\include/header.php
INFO - 2020-05-27 15:11:35 --> File loaded: C:\xampp\htdocs\scholarship\govt\views\include/menu.php
INFO - 2020-05-27 15:11:35 --> File loaded: C:\xampp\htdocs\scholarship\govt\views\include/footer.php
INFO - 2020-05-27 15:11:35 --> File loaded: C:\xampp\htdocs\scholarship\govt\views\include/msg.php
INFO - 2020-05-27 15:11:35 --> File loaded: C:\xampp\htdocs\scholarship\govt\views\scholar/application.php
INFO - 2020-05-27 15:11:35 --> Final output sent to browser
DEBUG - 2020-05-27 15:11:35 --> Total execution time: 0.3198
INFO - 2020-05-27 15:11:37 --> Config Class Initialized
INFO - 2020-05-27 15:11:37 --> Hooks Class Initialized
DEBUG - 2020-05-27 15:11:37 --> UTF-8 Support Enabled
INFO - 2020-05-27 15:11:37 --> Utf8 Class Initialized
INFO - 2020-05-27 15:11:37 --> URI Class Initialized
INFO - 2020-05-27 15:11:37 --> Router Class Initialized
INFO - 2020-05-27 15:11:37 --> Output Class Initialized
INFO - 2020-05-27 15:11:37 --> Security Class Initialized
DEBUG - 2020-05-27 15:11:37 --> Global POST, GET and COOKIE data sanitized
INFO - 2020-05-27 15:11:37 --> Input Class Initialized
INFO - 2020-05-27 15:11:37 --> Language Class Initialized
INFO - 2020-05-27 15:11:37 --> Loader Class Initialized
INFO - 2020-05-27 15:11:37 --> Helper loaded: url_helper
INFO - 2020-05-27 15:11:37 --> Helper loaded: file_helper
INFO - 2020-05-27 15:11:37 --> Helper loaded: text_helper
INFO - 2020-05-27 15:11:37 --> Helper loaded: string_helper
INFO - 2020-05-27 15:11:37 --> Database Driver Class Initialized
INFO - 2020-05-27 15:11:37 --> Email Class Initialized
DEBUG - 2020-05-27 15:11:37 --> Session: "sess_save_path" is empty; using "session.save_path" value from php.ini.
INFO - 2020-05-27 15:11:37 --> Session: Class initialized using 'files' driver.
INFO - 2020-05-27 15:11:37 --> Helper loaded: form_helper
INFO - 2020-05-27 15:11:37 --> Form Validation Class Initialized
INFO - 2020-05-27 15:11:37 --> Controller Class Initialized
INFO - 2020-05-27 15:11:37 --> Model "M_scholar" initialized
INFO - 2020-05-27 15:11:37 --> Model "M_auth" initialized
INFO - 2020-05-27 15:11:37 --> File loaded: C:\xampp\htdocs\scholarship\govt\views\scholar/application-download.php
