INFO - 2020-09-05 07:35:24 --> Config Class Initialized
INFO - 2020-09-05 07:35:24 --> Hooks Class Initialized
DEBUG - 2020-09-05 07:35:24 --> UTF-8 Support Enabled
INFO - 2020-09-05 07:35:24 --> Utf8 Class Initialized
INFO - 2020-09-05 07:35:24 --> URI Class Initialized
DEBUG - 2020-09-05 07:35:24 --> No URI present. Default controller set.
INFO - 2020-09-05 07:35:24 --> Router Class Initialized
INFO - 2020-09-05 07:35:24 --> Output Class Initialized
INFO - 2020-09-05 07:35:24 --> Security Class Initialized
DEBUG - 2020-09-05 07:35:24 --> Global POST, GET and COOKIE data sanitized
INFO - 2020-09-05 07:35:24 --> Input Class Initialized
INFO - 2020-09-05 07:35:24 --> Language Class Initialized
INFO - 2020-09-05 07:35:24 --> Loader Class Initialized
INFO - 2020-09-05 07:35:24 --> Helper loaded: url_helper
INFO - 2020-09-05 07:35:24 --> Helper loaded: file_helper
INFO - 2020-09-05 07:35:24 --> Helper loaded: text_helper
INFO - 2020-09-05 07:35:24 --> Helper loaded: string_helper
INFO - 2020-09-05 07:35:24 --> Database Driver Class Initialized
INFO - 2020-09-05 07:35:24 --> Email Class Initialized
DEBUG - 2020-09-05 07:35:24 --> Session: "sess_save_path" is empty; using "session.save_path" value from php.ini.
INFO - 2020-09-05 07:35:24 --> Session: Class initialized using 'files' driver.
INFO - 2020-09-05 07:35:24 --> Helper loaded: form_helper
INFO - 2020-09-05 07:35:24 --> Form Validation Class Initialized
INFO - 2020-09-05 07:35:24 --> Controller Class Initialized
INFO - 2020-09-05 07:35:24 --> Model "M_auth" initialized
DEBUG - 2020-09-05 07:35:24 --> Form_validation class already loaded. Second attempt ignored.
DEBUG - 2020-09-05 07:35:24 --> Sc_check class already loaded. Second attempt ignored.
INFO - 2020-09-05 07:35:24 --> Helper loaded: captcha_helper
INFO - 2020-09-05 07:35:24 --> File loaded: C:\xampp\htdocs\scholarship\govt\views\include/header.php
INFO - 2020-09-05 07:35:24 --> File loaded: C:\xampp\htdocs\scholarship\govt\views\include/footer.php
INFO - 2020-09-05 07:35:24 --> File loaded: C:\xampp\htdocs\scholarship\govt\views\include/msg.php
INFO - 2020-09-05 07:35:24 --> File loaded: C:\xampp\htdocs\scholarship\govt\views\auth/login.php
INFO - 2020-09-05 07:35:24 --> Final output sent to browser
DEBUG - 2020-09-05 07:35:24 --> Total execution time: 0.5450
INFO - 2020-09-05 07:35:29 --> Config Class Initialized
INFO - 2020-09-05 07:35:29 --> Hooks Class Initialized
DEBUG - 2020-09-05 07:35:29 --> UTF-8 Support Enabled
INFO - 2020-09-05 07:35:29 --> Utf8 Class Initialized
INFO - 2020-09-05 07:35:29 --> URI Class Initialized
INFO - 2020-09-05 07:35:29 --> Router Class Initialized
INFO - 2020-09-05 07:35:29 --> Output Class Initialized
INFO - 2020-09-05 07:35:29 --> Security Class Initialized
DEBUG - 2020-09-05 07:35:29 --> Global POST, GET and COOKIE data sanitized
INFO - 2020-09-05 07:35:29 --> Input Class Initialized
INFO - 2020-09-05 07:35:29 --> Language Class Initialized
ERROR - 2020-09-05 07:35:29 --> 404 Page Not Found: Auth/emailcheck
INFO - 2020-09-05 07:35:35 --> Config Class Initialized
INFO - 2020-09-05 07:35:35 --> Hooks Class Initialized
DEBUG - 2020-09-05 07:35:35 --> UTF-8 Support Enabled
INFO - 2020-09-05 07:35:35 --> Utf8 Class Initialized
INFO - 2020-09-05 07:35:35 --> URI Class Initialized
INFO - 2020-09-05 07:35:35 --> Router Class Initialized
INFO - 2020-09-05 07:35:35 --> Output Class Initialized
INFO - 2020-09-05 07:35:35 --> Security Class Initialized
DEBUG - 2020-09-05 07:35:35 --> Global POST, GET and COOKIE data sanitized
INFO - 2020-09-05 07:35:35 --> Input Class Initialized
INFO - 2020-09-05 07:35:35 --> Language Class Initialized
INFO - 2020-09-05 07:35:35 --> Loader Class Initialized
INFO - 2020-09-05 07:35:35 --> Helper loaded: url_helper
INFO - 2020-09-05 07:35:35 --> Helper loaded: file_helper
INFO - 2020-09-05 07:35:35 --> Helper loaded: text_helper
INFO - 2020-09-05 07:35:35 --> Helper loaded: string_helper
INFO - 2020-09-05 07:35:35 --> Database Driver Class Initialized
INFO - 2020-09-05 07:35:35 --> Email Class Initialized
DEBUG - 2020-09-05 07:35:35 --> Session: "sess_save_path" is empty; using "session.save_path" value from php.ini.
INFO - 2020-09-05 07:35:35 --> Session: Class initialized using 'files' driver.
INFO - 2020-09-05 07:35:35 --> Helper loaded: form_helper
INFO - 2020-09-05 07:35:35 --> Form Validation Class Initialized
INFO - 2020-09-05 07:35:35 --> Controller Class Initialized
INFO - 2020-09-05 07:35:35 --> Model "M_auth" initialized
DEBUG - 2020-09-05 07:35:35 --> Form_validation class already loaded. Second attempt ignored.
DEBUG - 2020-09-05 07:35:35 --> Sc_check class already loaded. Second attempt ignored.
INFO - 2020-09-05 07:35:35 --> Helper loaded: captcha_helper
INFO - 2020-09-05 07:35:35 --> Language file loaded: language/english/form_validation_lang.php
INFO - 2020-09-05 07:35:36 --> ---------------------Success -- Govt  Verification Officer Logged in with prathwiek.5ine@gmail.com and IP aaddress ::1 --------------
INFO - 2020-09-05 07:35:36 --> Config Class Initialized
INFO - 2020-09-05 07:35:36 --> Hooks Class Initialized
DEBUG - 2020-09-05 07:35:36 --> UTF-8 Support Enabled
INFO - 2020-09-05 07:35:36 --> Utf8 Class Initialized
INFO - 2020-09-05 07:35:36 --> URI Class Initialized
INFO - 2020-09-05 07:35:36 --> Router Class Initialized
INFO - 2020-09-05 07:35:36 --> Output Class Initialized
INFO - 2020-09-05 07:35:36 --> Security Class Initialized
DEBUG - 2020-09-05 07:35:36 --> Global POST, GET and COOKIE data sanitized
INFO - 2020-09-05 07:35:36 --> Input Class Initialized
INFO - 2020-09-05 07:35:36 --> Language Class Initialized
INFO - 2020-09-05 07:35:36 --> Loader Class Initialized
INFO - 2020-09-05 07:35:36 --> Helper loaded: url_helper
INFO - 2020-09-05 07:35:36 --> Helper loaded: file_helper
INFO - 2020-09-05 07:35:36 --> Helper loaded: text_helper
INFO - 2020-09-05 07:35:36 --> Helper loaded: string_helper
INFO - 2020-09-05 07:35:36 --> Database Driver Class Initialized
INFO - 2020-09-05 07:35:36 --> Email Class Initialized
DEBUG - 2020-09-05 07:35:36 --> Session: "sess_save_path" is empty; using "session.save_path" value from php.ini.
INFO - 2020-09-05 07:35:36 --> Session: Class initialized using 'files' driver.
INFO - 2020-09-05 07:35:36 --> Helper loaded: form_helper
INFO - 2020-09-05 07:35:36 --> Form Validation Class Initialized
INFO - 2020-09-05 07:35:36 --> Controller Class Initialized
INFO - 2020-09-05 07:35:36 --> Model "M_dashboard" initialized
INFO - 2020-09-05 07:35:36 --> Model "M_auth" initialized
INFO - 2020-09-05 07:35:36 --> File loaded: C:\xampp\htdocs\scholarship\govt\views\include/header.php
INFO - 2020-09-05 07:35:36 --> File loaded: C:\xampp\htdocs\scholarship\govt\views\include/menu.php
INFO - 2020-09-05 07:35:36 --> File loaded: C:\xampp\htdocs\scholarship\govt\views\include/footer.php
INFO - 2020-09-05 07:35:36 --> File loaded: C:\xampp\htdocs\scholarship\govt\views\include/msg.php
INFO - 2020-09-05 07:35:36 --> File loaded: C:\xampp\htdocs\scholarship\govt\views\dashboard/index.php
INFO - 2020-09-05 07:35:36 --> Final output sent to browser
DEBUG - 2020-09-05 07:35:36 --> Total execution time: 0.5456
INFO - 2020-09-05 07:35:36 --> Config Class Initialized
INFO - 2020-09-05 07:35:36 --> Hooks Class Initialized
DEBUG - 2020-09-05 07:35:36 --> UTF-8 Support Enabled
INFO - 2020-09-05 07:35:36 --> Utf8 Class Initialized
INFO - 2020-09-05 07:35:36 --> URI Class Initialized
INFO - 2020-09-05 07:35:36 --> Router Class Initialized
INFO - 2020-09-05 07:35:36 --> Output Class Initialized
INFO - 2020-09-05 07:35:36 --> Security Class Initialized
DEBUG - 2020-09-05 07:35:36 --> Global POST, GET and COOKIE data sanitized
INFO - 2020-09-05 07:35:36 --> Input Class Initialized
INFO - 2020-09-05 07:35:36 --> Language Class Initialized
INFO - 2020-09-05 07:35:36 --> Loader Class Initialized
INFO - 2020-09-05 07:35:36 --> Helper loaded: url_helper
INFO - 2020-09-05 07:35:36 --> Helper loaded: file_helper
INFO - 2020-09-05 07:35:36 --> Helper loaded: text_helper
INFO - 2020-09-05 07:35:36 --> Helper loaded: string_helper
INFO - 2020-09-05 07:35:37 --> Database Driver Class Initialized
INFO - 2020-09-05 07:35:37 --> Email Class Initialized
DEBUG - 2020-09-05 07:35:37 --> Session: "sess_save_path" is empty; using "session.save_path" value from php.ini.
INFO - 2020-09-05 07:35:37 --> Session: Class initialized using 'files' driver.
INFO - 2020-09-05 07:35:37 --> Helper loaded: form_helper
INFO - 2020-09-05 07:35:37 --> Form Validation Class Initialized
INFO - 2020-09-05 07:35:37 --> Controller Class Initialized
INFO - 2020-09-05 07:35:37 --> Model "M_dashboard" initialized
INFO - 2020-09-05 07:35:37 --> Model "M_auth" initialized
INFO - 2020-09-05 07:35:37 --> Final output sent to browser
DEBUG - 2020-09-05 07:35:37 --> Total execution time: 0.2843
INFO - 2020-09-05 07:35:39 --> Config Class Initialized
INFO - 2020-09-05 07:35:39 --> Hooks Class Initialized
DEBUG - 2020-09-05 07:35:39 --> UTF-8 Support Enabled
INFO - 2020-09-05 07:35:39 --> Utf8 Class Initialized
INFO - 2020-09-05 07:35:39 --> URI Class Initialized
INFO - 2020-09-05 07:35:39 --> Router Class Initialized
INFO - 2020-09-05 07:35:39 --> Output Class Initialized
INFO - 2020-09-05 07:35:39 --> Security Class Initialized
DEBUG - 2020-09-05 07:35:39 --> Global POST, GET and COOKIE data sanitized
INFO - 2020-09-05 07:35:39 --> Input Class Initialized
INFO - 2020-09-05 07:35:39 --> Language Class Initialized
INFO - 2020-09-05 07:35:39 --> Loader Class Initialized
INFO - 2020-09-05 07:35:39 --> Helper loaded: url_helper
INFO - 2020-09-05 07:35:39 --> Helper loaded: file_helper
INFO - 2020-09-05 07:35:39 --> Helper loaded: text_helper
INFO - 2020-09-05 07:35:39 --> Helper loaded: string_helper
INFO - 2020-09-05 07:35:39 --> Database Driver Class Initialized
INFO - 2020-09-05 07:35:39 --> Email Class Initialized
DEBUG - 2020-09-05 07:35:39 --> Session: "sess_save_path" is empty; using "session.save_path" value from php.ini.
INFO - 2020-09-05 07:35:39 --> Session: Class initialized using 'files' driver.
INFO - 2020-09-05 07:35:39 --> Helper loaded: form_helper
INFO - 2020-09-05 07:35:39 --> Form Validation Class Initialized
INFO - 2020-09-05 07:35:39 --> Controller Class Initialized
INFO - 2020-09-05 07:35:39 --> Model "M_scholar" initialized
INFO - 2020-09-05 07:35:39 --> Model "M_auth" initialized
INFO - 2020-09-05 07:35:39 --> File loaded: C:\xampp\htdocs\scholarship\govt\views\include/header.php
INFO - 2020-09-05 07:35:39 --> File loaded: C:\xampp\htdocs\scholarship\govt\views\include/menu.php
INFO - 2020-09-05 07:35:39 --> File loaded: C:\xampp\htdocs\scholarship\govt\views\include/footer.php
INFO - 2020-09-05 07:35:39 --> File loaded: C:\xampp\htdocs\scholarship\govt\views\scholar/list.php
INFO - 2020-09-05 07:35:39 --> Final output sent to browser
DEBUG - 2020-09-05 07:35:39 --> Total execution time: 0.3864
INFO - 2020-09-05 07:35:40 --> Config Class Initialized
INFO - 2020-09-05 07:35:40 --> Hooks Class Initialized
DEBUG - 2020-09-05 07:35:40 --> UTF-8 Support Enabled
INFO - 2020-09-05 07:35:40 --> Utf8 Class Initialized
INFO - 2020-09-05 07:35:40 --> URI Class Initialized
INFO - 2020-09-05 07:35:40 --> Router Class Initialized
INFO - 2020-09-05 07:35:40 --> Output Class Initialized
INFO - 2020-09-05 07:35:40 --> Security Class Initialized
DEBUG - 2020-09-05 07:35:40 --> Global POST, GET and COOKIE data sanitized
INFO - 2020-09-05 07:35:40 --> Input Class Initialized
INFO - 2020-09-05 07:35:40 --> Language Class Initialized
INFO - 2020-09-05 07:35:40 --> Loader Class Initialized
INFO - 2020-09-05 07:35:40 --> Helper loaded: url_helper
INFO - 2020-09-05 07:35:40 --> Helper loaded: file_helper
INFO - 2020-09-05 07:35:40 --> Helper loaded: text_helper
INFO - 2020-09-05 07:35:40 --> Helper loaded: string_helper
INFO - 2020-09-05 07:35:40 --> Database Driver Class Initialized
INFO - 2020-09-05 07:35:40 --> Email Class Initialized
DEBUG - 2020-09-05 07:35:40 --> Session: "sess_save_path" is empty; using "session.save_path" value from php.ini.
INFO - 2020-09-05 07:35:40 --> Session: Class initialized using 'files' driver.
INFO - 2020-09-05 07:35:40 --> Helper loaded: form_helper
INFO - 2020-09-05 07:35:40 --> Form Validation Class Initialized
INFO - 2020-09-05 07:35:40 --> Controller Class Initialized
INFO - 2020-09-05 07:35:40 --> Model "M_scholar" initialized
INFO - 2020-09-05 07:35:40 --> Model "M_auth" initialized
INFO - 2020-09-05 07:35:40 --> Final output sent to browser
DEBUG - 2020-09-05 07:35:40 --> Total execution time: 0.3543
INFO - 2020-09-05 07:35:42 --> Config Class Initialized
INFO - 2020-09-05 07:35:42 --> Hooks Class Initialized
DEBUG - 2020-09-05 07:35:42 --> UTF-8 Support Enabled
INFO - 2020-09-05 07:35:42 --> Utf8 Class Initialized
INFO - 2020-09-05 07:35:42 --> URI Class Initialized
INFO - 2020-09-05 07:35:42 --> Router Class Initialized
INFO - 2020-09-05 07:35:42 --> Output Class Initialized
INFO - 2020-09-05 07:35:42 --> Security Class Initialized
DEBUG - 2020-09-05 07:35:42 --> Global POST, GET and COOKIE data sanitized
INFO - 2020-09-05 07:35:42 --> Input Class Initialized
INFO - 2020-09-05 07:35:42 --> Language Class Initialized
INFO - 2020-09-05 07:35:42 --> Loader Class Initialized
INFO - 2020-09-05 07:35:42 --> Helper loaded: url_helper
INFO - 2020-09-05 07:35:42 --> Helper loaded: file_helper
INFO - 2020-09-05 07:35:42 --> Helper loaded: text_helper
INFO - 2020-09-05 07:35:42 --> Helper loaded: string_helper
INFO - 2020-09-05 07:35:42 --> Database Driver Class Initialized
INFO - 2020-09-05 07:35:42 --> Email Class Initialized
DEBUG - 2020-09-05 07:35:42 --> Session: "sess_save_path" is empty; using "session.save_path" value from php.ini.
INFO - 2020-09-05 07:35:42 --> Session: Class initialized using 'files' driver.
INFO - 2020-09-05 07:35:43 --> Helper loaded: form_helper
INFO - 2020-09-05 07:35:43 --> Form Validation Class Initialized
INFO - 2020-09-05 07:35:43 --> Controller Class Initialized
INFO - 2020-09-05 07:35:43 --> Model "M_scholar" initialized
INFO - 2020-09-05 07:35:43 --> Model "M_auth" initialized
INFO - 2020-09-05 07:35:43 --> File loaded: C:\xampp\htdocs\scholarship\govt\views\include/header.php
INFO - 2020-09-05 07:35:43 --> File loaded: C:\xampp\htdocs\scholarship\govt\views\include/menu.php
INFO - 2020-09-05 07:35:43 --> File loaded: C:\xampp\htdocs\scholarship\govt\views\include/footer.php
INFO - 2020-09-05 07:35:43 --> File loaded: C:\xampp\htdocs\scholarship\govt\views\include/msg.php
INFO - 2020-09-05 07:35:43 --> File loaded: C:\xampp\htdocs\scholarship\govt\views\scholar/application.php
INFO - 2020-09-05 07:35:43 --> Final output sent to browser
DEBUG - 2020-09-05 07:35:43 --> Total execution time: 0.5904
INFO - 2020-09-05 07:35:44 --> Config Class Initialized
INFO - 2020-09-05 07:35:44 --> Hooks Class Initialized
DEBUG - 2020-09-05 07:35:44 --> UTF-8 Support Enabled
INFO - 2020-09-05 07:35:44 --> Utf8 Class Initialized
INFO - 2020-09-05 07:35:44 --> URI Class Initialized
INFO - 2020-09-05 07:35:44 --> Router Class Initialized
INFO - 2020-09-05 07:35:44 --> Output Class Initialized
INFO - 2020-09-05 07:35:44 --> Security Class Initialized
DEBUG - 2020-09-05 07:35:44 --> Global POST, GET and COOKIE data sanitized
INFO - 2020-09-05 07:35:44 --> Input Class Initialized
INFO - 2020-09-05 07:35:44 --> Language Class Initialized
INFO - 2020-09-05 07:35:45 --> Loader Class Initialized
INFO - 2020-09-05 07:35:45 --> Helper loaded: url_helper
INFO - 2020-09-05 07:35:45 --> Helper loaded: file_helper
INFO - 2020-09-05 07:35:45 --> Helper loaded: text_helper
INFO - 2020-09-05 07:35:45 --> Helper loaded: string_helper
INFO - 2020-09-05 07:35:45 --> Database Driver Class Initialized
INFO - 2020-09-05 07:35:45 --> Email Class Initialized
DEBUG - 2020-09-05 07:35:45 --> Session: "sess_save_path" is empty; using "session.save_path" value from php.ini.
INFO - 2020-09-05 07:35:45 --> Session: Class initialized using 'files' driver.
INFO - 2020-09-05 07:35:45 --> Helper loaded: form_helper
INFO - 2020-09-05 07:35:45 --> Form Validation Class Initialized
INFO - 2020-09-05 07:35:45 --> Controller Class Initialized
INFO - 2020-09-05 07:35:45 --> Model "M_scholar" initialized
INFO - 2020-09-05 07:35:45 --> Model "M_auth" initialized
ERROR - 2020-09-05 07:35:45 --> Severity: Warning --> require_once(C:/xampp/htdocs/vendor/autoload.php): failed to open stream: No such file or directory C:\xampp\htdocs\scholarship\govt\controllers\Scholar.php 192
ERROR - 2020-09-05 07:35:45 --> Severity: Compile Error --> require_once(): Failed opening required 'C:/xampp/htdocs/vendor/autoload.php' (include_path='C:\xampp\php\PEAR') C:\xampp\htdocs\scholarship\govt\controllers\Scholar.php 192
INFO - 2020-09-05 07:38:25 --> Config Class Initialized
INFO - 2020-09-05 07:38:25 --> Hooks Class Initialized
DEBUG - 2020-09-05 07:38:25 --> UTF-8 Support Enabled
INFO - 2020-09-05 07:38:25 --> Utf8 Class Initialized
INFO - 2020-09-05 07:38:25 --> URI Class Initialized
INFO - 2020-09-05 07:38:25 --> Router Class Initialized
INFO - 2020-09-05 07:38:25 --> Output Class Initialized
INFO - 2020-09-05 07:38:25 --> Security Class Initialized
DEBUG - 2020-09-05 07:38:25 --> Global POST, GET and COOKIE data sanitized
INFO - 2020-09-05 07:38:25 --> Input Class Initialized
INFO - 2020-09-05 07:38:25 --> Language Class Initialized
INFO - 2020-09-05 07:38:25 --> Loader Class Initialized
INFO - 2020-09-05 07:38:25 --> Helper loaded: url_helper
INFO - 2020-09-05 07:38:25 --> Helper loaded: file_helper
INFO - 2020-09-05 07:38:25 --> Helper loaded: text_helper
INFO - 2020-09-05 07:38:25 --> Helper loaded: string_helper
INFO - 2020-09-05 07:38:25 --> Database Driver Class Initialized
INFO - 2020-09-05 07:38:25 --> Email Class Initialized
DEBUG - 2020-09-05 07:38:25 --> Session: "sess_save_path" is empty; using "session.save_path" value from php.ini.
INFO - 2020-09-05 07:38:25 --> Session: Class initialized using 'files' driver.
INFO - 2020-09-05 07:38:25 --> Helper loaded: form_helper
INFO - 2020-09-05 07:38:25 --> Form Validation Class Initialized
INFO - 2020-09-05 07:38:25 --> Controller Class Initialized
INFO - 2020-09-05 07:38:25 --> Model "M_scholar" initialized
INFO - 2020-09-05 07:38:25 --> Model "M_auth" initialized
ERROR - 2020-09-05 07:38:25 --> Severity: Warning --> require_once(C:/xampp/htdocs/vendor/autoload.php): failed to open stream: No such file or directory C:\xampp\htdocs\scholarship\govt\controllers\Scholar.php 192
ERROR - 2020-09-05 07:38:25 --> Severity: Compile Error --> require_once(): Failed opening required 'C:/xampp/htdocs/vendor/autoload.php' (include_path='C:\xampp\php\PEAR') C:\xampp\htdocs\scholarship\govt\controllers\Scholar.php 192
INFO - 2020-09-05 07:38:46 --> Config Class Initialized
INFO - 2020-09-05 07:38:46 --> Hooks Class Initialized
DEBUG - 2020-09-05 07:38:46 --> UTF-8 Support Enabled
INFO - 2020-09-05 07:38:46 --> Utf8 Class Initialized
INFO - 2020-09-05 07:38:46 --> URI Class Initialized
INFO - 2020-09-05 07:38:46 --> Router Class Initialized
INFO - 2020-09-05 07:38:46 --> Output Class Initialized
INFO - 2020-09-05 07:38:46 --> Security Class Initialized
DEBUG - 2020-09-05 07:38:46 --> Global POST, GET and COOKIE data sanitized
INFO - 2020-09-05 07:38:46 --> Input Class Initialized
INFO - 2020-09-05 07:38:46 --> Language Class Initialized
INFO - 2020-09-05 07:38:46 --> Loader Class Initialized
INFO - 2020-09-05 07:38:46 --> Helper loaded: url_helper
INFO - 2020-09-05 07:38:46 --> Helper loaded: file_helper
INFO - 2020-09-05 07:38:46 --> Helper loaded: text_helper
INFO - 2020-09-05 07:38:46 --> Helper loaded: string_helper
INFO - 2020-09-05 07:38:46 --> Database Driver Class Initialized
INFO - 2020-09-05 07:38:46 --> Email Class Initialized
DEBUG - 2020-09-05 07:38:46 --> Session: "sess_save_path" is empty; using "session.save_path" value from php.ini.
INFO - 2020-09-05 07:38:46 --> Session: Class initialized using 'files' driver.
INFO - 2020-09-05 07:38:46 --> Helper loaded: form_helper
INFO - 2020-09-05 07:38:46 --> Form Validation Class Initialized
INFO - 2020-09-05 07:38:46 --> Controller Class Initialized
INFO - 2020-09-05 07:38:46 --> Model "M_scholar" initialized
INFO - 2020-09-05 07:38:46 --> Model "M_auth" initialized
INFO - 2020-09-05 07:38:46 --> File loaded: C:\xampp\htdocs\scholarship\govt\views\scholar/application-download.php
INFO - 2020-09-05 09:00:37 --> Config Class Initialized
INFO - 2020-09-05 09:00:37 --> Hooks Class Initialized
DEBUG - 2020-09-05 09:00:37 --> UTF-8 Support Enabled
INFO - 2020-09-05 09:00:37 --> Utf8 Class Initialized
INFO - 2020-09-05 09:00:37 --> URI Class Initialized
DEBUG - 2020-09-05 09:00:37 --> No URI present. Default controller set.
INFO - 2020-09-05 09:00:37 --> Router Class Initialized
INFO - 2020-09-05 09:00:37 --> Output Class Initialized
INFO - 2020-09-05 09:00:37 --> Security Class Initialized
DEBUG - 2020-09-05 09:00:37 --> Global POST, GET and COOKIE data sanitized
INFO - 2020-09-05 09:00:37 --> Input Class Initialized
INFO - 2020-09-05 09:00:37 --> Language Class Initialized
INFO - 2020-09-05 09:00:37 --> Loader Class Initialized
INFO - 2020-09-05 09:00:37 --> Helper loaded: url_helper
INFO - 2020-09-05 09:00:37 --> Helper loaded: file_helper
INFO - 2020-09-05 09:00:37 --> Helper loaded: text_helper
INFO - 2020-09-05 09:00:37 --> Helper loaded: string_helper
INFO - 2020-09-05 09:00:37 --> Database Driver Class Initialized
INFO - 2020-09-05 09:00:37 --> Email Class Initialized
DEBUG - 2020-09-05 09:00:37 --> Session: "sess_save_path" is empty; using "session.save_path" value from php.ini.
INFO - 2020-09-05 09:00:37 --> Session: Class initialized using 'files' driver.
INFO - 2020-09-05 09:00:37 --> Helper loaded: form_helper
INFO - 2020-09-05 09:00:37 --> Form Validation Class Initialized
INFO - 2020-09-05 09:00:37 --> Controller Class Initialized
INFO - 2020-09-05 09:00:37 --> Model "M_auth" initialized
DEBUG - 2020-09-05 09:00:37 --> Form_validation class already loaded. Second attempt ignored.
DEBUG - 2020-09-05 09:00:37 --> Sc_check class already loaded. Second attempt ignored.
INFO - 2020-09-05 09:00:37 --> Helper loaded: captcha_helper
INFO - 2020-09-05 09:00:37 --> File loaded: C:\xampp\htdocs\scholarship\govt\views\include/header.php
INFO - 2020-09-05 09:00:37 --> File loaded: C:\xampp\htdocs\scholarship\govt\views\include/footer.php
INFO - 2020-09-05 09:00:37 --> File loaded: C:\xampp\htdocs\scholarship\govt\views\include/msg.php
INFO - 2020-09-05 09:00:37 --> File loaded: C:\xampp\htdocs\scholarship\govt\views\auth/login.php
INFO - 2020-09-05 09:00:37 --> Final output sent to browser
DEBUG - 2020-09-05 09:00:37 --> Total execution time: 0.3381
INFO - 2020-09-05 09:00:42 --> Config Class Initialized
INFO - 2020-09-05 09:00:42 --> Hooks Class Initialized
DEBUG - 2020-09-05 09:00:42 --> UTF-8 Support Enabled
INFO - 2020-09-05 09:00:42 --> Utf8 Class Initialized
INFO - 2020-09-05 09:00:42 --> URI Class Initialized
INFO - 2020-09-05 09:00:42 --> Router Class Initialized
INFO - 2020-09-05 09:00:42 --> Output Class Initialized
INFO - 2020-09-05 09:00:42 --> Security Class Initialized
DEBUG - 2020-09-05 09:00:42 --> Global POST, GET and COOKIE data sanitized
INFO - 2020-09-05 09:00:42 --> Input Class Initialized
INFO - 2020-09-05 09:00:42 --> Language Class Initialized
ERROR - 2020-09-05 09:00:42 --> 404 Page Not Found: Auth/emailcheck
INFO - 2020-09-05 09:00:48 --> Config Class Initialized
INFO - 2020-09-05 09:00:48 --> Hooks Class Initialized
DEBUG - 2020-09-05 09:00:48 --> UTF-8 Support Enabled
INFO - 2020-09-05 09:00:48 --> Utf8 Class Initialized
INFO - 2020-09-05 09:00:48 --> URI Class Initialized
INFO - 2020-09-05 09:00:48 --> Router Class Initialized
INFO - 2020-09-05 09:00:48 --> Output Class Initialized
INFO - 2020-09-05 09:00:48 --> Security Class Initialized
DEBUG - 2020-09-05 09:00:48 --> Global POST, GET and COOKIE data sanitized
INFO - 2020-09-05 09:00:48 --> Input Class Initialized
INFO - 2020-09-05 09:00:48 --> Language Class Initialized
INFO - 2020-09-05 09:00:48 --> Loader Class Initialized
INFO - 2020-09-05 09:00:48 --> Helper loaded: url_helper
INFO - 2020-09-05 09:00:48 --> Helper loaded: file_helper
INFO - 2020-09-05 09:00:48 --> Helper loaded: text_helper
INFO - 2020-09-05 09:00:48 --> Helper loaded: string_helper
INFO - 2020-09-05 09:00:48 --> Database Driver Class Initialized
INFO - 2020-09-05 09:00:48 --> Email Class Initialized
DEBUG - 2020-09-05 09:00:48 --> Session: "sess_save_path" is empty; using "session.save_path" value from php.ini.
INFO - 2020-09-05 09:00:48 --> Session: Class initialized using 'files' driver.
INFO - 2020-09-05 09:00:48 --> Helper loaded: form_helper
INFO - 2020-09-05 09:00:48 --> Form Validation Class Initialized
INFO - 2020-09-05 09:00:48 --> Controller Class Initialized
INFO - 2020-09-05 09:00:48 --> Model "M_auth" initialized
DEBUG - 2020-09-05 09:00:48 --> Form_validation class already loaded. Second attempt ignored.
DEBUG - 2020-09-05 09:00:48 --> Sc_check class already loaded. Second attempt ignored.
INFO - 2020-09-05 09:00:48 --> Helper loaded: captcha_helper
INFO - 2020-09-05 09:00:48 --> Language file loaded: language/english/form_validation_lang.php
INFO - 2020-09-05 09:00:48 --> ---------------------Success -- Govt  Verification Officer Logged in with prathwiek.5ine@gmail.com and IP aaddress ::1 --------------
INFO - 2020-09-05 09:00:48 --> Config Class Initialized
INFO - 2020-09-05 09:00:48 --> Hooks Class Initialized
DEBUG - 2020-09-05 09:00:48 --> UTF-8 Support Enabled
INFO - 2020-09-05 09:00:49 --> Utf8 Class Initialized
INFO - 2020-09-05 09:00:49 --> URI Class Initialized
INFO - 2020-09-05 09:00:49 --> Router Class Initialized
INFO - 2020-09-05 09:00:49 --> Output Class Initialized
INFO - 2020-09-05 09:00:49 --> Security Class Initialized
DEBUG - 2020-09-05 09:00:49 --> Global POST, GET and COOKIE data sanitized
INFO - 2020-09-05 09:00:49 --> Input Class Initialized
INFO - 2020-09-05 09:00:49 --> Language Class Initialized
INFO - 2020-09-05 09:00:49 --> Loader Class Initialized
INFO - 2020-09-05 09:00:49 --> Helper loaded: url_helper
INFO - 2020-09-05 09:00:49 --> Helper loaded: file_helper
INFO - 2020-09-05 09:00:49 --> Helper loaded: text_helper
INFO - 2020-09-05 09:00:49 --> Helper loaded: string_helper
INFO - 2020-09-05 09:00:49 --> Database Driver Class Initialized
INFO - 2020-09-05 09:00:49 --> Email Class Initialized
DEBUG - 2020-09-05 09:00:49 --> Session: "sess_save_path" is empty; using "session.save_path" value from php.ini.
INFO - 2020-09-05 09:00:49 --> Session: Class initialized using 'files' driver.
INFO - 2020-09-05 09:00:49 --> Helper loaded: form_helper
INFO - 2020-09-05 09:00:49 --> Form Validation Class Initialized
INFO - 2020-09-05 09:00:49 --> Controller Class Initialized
INFO - 2020-09-05 09:00:49 --> Model "M_dashboard" initialized
INFO - 2020-09-05 09:00:49 --> Model "M_auth" initialized
INFO - 2020-09-05 09:00:49 --> File loaded: C:\xampp\htdocs\scholarship\govt\views\include/header.php
INFO - 2020-09-05 09:00:49 --> File loaded: C:\xampp\htdocs\scholarship\govt\views\include/menu.php
INFO - 2020-09-05 09:00:49 --> File loaded: C:\xampp\htdocs\scholarship\govt\views\include/footer.php
INFO - 2020-09-05 09:00:49 --> File loaded: C:\xampp\htdocs\scholarship\govt\views\include/msg.php
INFO - 2020-09-05 09:00:49 --> File loaded: C:\xampp\htdocs\scholarship\govt\views\dashboard/index.php
INFO - 2020-09-05 09:00:49 --> Final output sent to browser
DEBUG - 2020-09-05 09:00:49 --> Total execution time: 0.4319
INFO - 2020-09-05 09:00:49 --> Config Class Initialized
INFO - 2020-09-05 09:00:49 --> Hooks Class Initialized
DEBUG - 2020-09-05 09:00:49 --> UTF-8 Support Enabled
INFO - 2020-09-05 09:00:49 --> Utf8 Class Initialized
INFO - 2020-09-05 09:00:49 --> URI Class Initialized
INFO - 2020-09-05 09:00:49 --> Router Class Initialized
INFO - 2020-09-05 09:00:49 --> Output Class Initialized
INFO - 2020-09-05 09:00:49 --> Security Class Initialized
DEBUG - 2020-09-05 09:00:49 --> Global POST, GET and COOKIE data sanitized
INFO - 2020-09-05 09:00:49 --> Input Class Initialized
INFO - 2020-09-05 09:00:49 --> Language Class Initialized
INFO - 2020-09-05 09:00:49 --> Loader Class Initialized
INFO - 2020-09-05 09:00:49 --> Helper loaded: url_helper
INFO - 2020-09-05 09:00:49 --> Helper loaded: file_helper
INFO - 2020-09-05 09:00:49 --> Helper loaded: text_helper
INFO - 2020-09-05 09:00:49 --> Helper loaded: string_helper
INFO - 2020-09-05 09:00:49 --> Database Driver Class Initialized
INFO - 2020-09-05 09:00:49 --> Email Class Initialized
DEBUG - 2020-09-05 09:00:49 --> Session: "sess_save_path" is empty; using "session.save_path" value from php.ini.
INFO - 2020-09-05 09:00:49 --> Session: Class initialized using 'files' driver.
INFO - 2020-09-05 09:00:49 --> Helper loaded: form_helper
INFO - 2020-09-05 09:00:49 --> Form Validation Class Initialized
INFO - 2020-09-05 09:00:49 --> Controller Class Initialized
INFO - 2020-09-05 09:00:49 --> Model "M_dashboard" initialized
INFO - 2020-09-05 09:00:49 --> Model "M_auth" initialized
INFO - 2020-09-05 09:00:49 --> Final output sent to browser
DEBUG - 2020-09-05 09:00:49 --> Total execution time: 0.3020
INFO - 2020-09-05 09:00:50 --> Config Class Initialized
INFO - 2020-09-05 09:00:50 --> Hooks Class Initialized
DEBUG - 2020-09-05 09:00:50 --> UTF-8 Support Enabled
INFO - 2020-09-05 09:00:50 --> Utf8 Class Initialized
INFO - 2020-09-05 09:00:50 --> URI Class Initialized
INFO - 2020-09-05 09:00:50 --> Router Class Initialized
INFO - 2020-09-05 09:00:50 --> Output Class Initialized
INFO - 2020-09-05 09:00:50 --> Security Class Initialized
DEBUG - 2020-09-05 09:00:50 --> Global POST, GET and COOKIE data sanitized
INFO - 2020-09-05 09:00:50 --> Input Class Initialized
INFO - 2020-09-05 09:00:50 --> Language Class Initialized
INFO - 2020-09-05 09:00:50 --> Loader Class Initialized
INFO - 2020-09-05 09:00:50 --> Helper loaded: url_helper
INFO - 2020-09-05 09:00:50 --> Helper loaded: file_helper
INFO - 2020-09-05 09:00:50 --> Helper loaded: text_helper
INFO - 2020-09-05 09:00:50 --> Helper loaded: string_helper
INFO - 2020-09-05 09:00:50 --> Database Driver Class Initialized
INFO - 2020-09-05 09:00:50 --> Email Class Initialized
DEBUG - 2020-09-05 09:00:50 --> Session: "sess_save_path" is empty; using "session.save_path" value from php.ini.
INFO - 2020-09-05 09:00:50 --> Session: Class initialized using 'files' driver.
INFO - 2020-09-05 09:00:51 --> Helper loaded: form_helper
INFO - 2020-09-05 09:00:51 --> Form Validation Class Initialized
INFO - 2020-09-05 09:00:51 --> Controller Class Initialized
INFO - 2020-09-05 09:00:51 --> Model "M_scholar" initialized
INFO - 2020-09-05 09:00:51 --> Model "M_auth" initialized
INFO - 2020-09-05 09:00:51 --> File loaded: C:\xampp\htdocs\scholarship\govt\views\include/header.php
INFO - 2020-09-05 09:00:51 --> File loaded: C:\xampp\htdocs\scholarship\govt\views\include/menu.php
INFO - 2020-09-05 09:00:51 --> File loaded: C:\xampp\htdocs\scholarship\govt\views\include/footer.php
INFO - 2020-09-05 09:00:51 --> File loaded: C:\xampp\htdocs\scholarship\govt\views\scholar/list.php
INFO - 2020-09-05 09:00:51 --> Final output sent to browser
DEBUG - 2020-09-05 09:00:51 --> Total execution time: 0.3161
INFO - 2020-09-05 09:00:51 --> Config Class Initialized
INFO - 2020-09-05 09:00:51 --> Hooks Class Initialized
DEBUG - 2020-09-05 09:00:51 --> UTF-8 Support Enabled
INFO - 2020-09-05 09:00:51 --> Utf8 Class Initialized
INFO - 2020-09-05 09:00:52 --> URI Class Initialized
INFO - 2020-09-05 09:00:52 --> Router Class Initialized
INFO - 2020-09-05 09:00:52 --> Output Class Initialized
INFO - 2020-09-05 09:00:52 --> Security Class Initialized
DEBUG - 2020-09-05 09:00:52 --> Global POST, GET and COOKIE data sanitized
INFO - 2020-09-05 09:00:52 --> Input Class Initialized
INFO - 2020-09-05 09:00:52 --> Language Class Initialized
INFO - 2020-09-05 09:00:52 --> Loader Class Initialized
INFO - 2020-09-05 09:00:52 --> Helper loaded: url_helper
INFO - 2020-09-05 09:00:52 --> Helper loaded: file_helper
INFO - 2020-09-05 09:00:52 --> Helper loaded: text_helper
INFO - 2020-09-05 09:00:52 --> Helper loaded: string_helper
INFO - 2020-09-05 09:00:52 --> Database Driver Class Initialized
INFO - 2020-09-05 09:00:52 --> Email Class Initialized
DEBUG - 2020-09-05 09:00:52 --> Session: "sess_save_path" is empty; using "session.save_path" value from php.ini.
INFO - 2020-09-05 09:00:52 --> Session: Class initialized using 'files' driver.
INFO - 2020-09-05 09:00:52 --> Helper loaded: form_helper
INFO - 2020-09-05 09:00:52 --> Form Validation Class Initialized
INFO - 2020-09-05 09:00:52 --> Controller Class Initialized
INFO - 2020-09-05 09:00:52 --> Model "M_scholar" initialized
INFO - 2020-09-05 09:00:52 --> Model "M_auth" initialized
INFO - 2020-09-05 09:00:52 --> Final output sent to browser
DEBUG - 2020-09-05 09:00:52 --> Total execution time: 0.4002
INFO - 2020-09-05 09:00:58 --> Config Class Initialized
INFO - 2020-09-05 09:00:58 --> Hooks Class Initialized
DEBUG - 2020-09-05 09:00:58 --> UTF-8 Support Enabled
INFO - 2020-09-05 09:00:58 --> Utf8 Class Initialized
INFO - 2020-09-05 09:00:58 --> URI Class Initialized
INFO - 2020-09-05 09:00:58 --> Router Class Initialized
INFO - 2020-09-05 09:00:58 --> Output Class Initialized
INFO - 2020-09-05 09:00:58 --> Security Class Initialized
DEBUG - 2020-09-05 09:00:58 --> Global POST, GET and COOKIE data sanitized
INFO - 2020-09-05 09:00:58 --> Input Class Initialized
INFO - 2020-09-05 09:00:58 --> Language Class Initialized
INFO - 2020-09-05 09:00:58 --> Loader Class Initialized
INFO - 2020-09-05 09:00:58 --> Helper loaded: url_helper
INFO - 2020-09-05 09:00:58 --> Helper loaded: file_helper
INFO - 2020-09-05 09:00:58 --> Helper loaded: text_helper
INFO - 2020-09-05 09:00:58 --> Helper loaded: string_helper
INFO - 2020-09-05 09:00:58 --> Database Driver Class Initialized
INFO - 2020-09-05 09:00:58 --> Email Class Initialized
DEBUG - 2020-09-05 09:00:58 --> Session: "sess_save_path" is empty; using "session.save_path" value from php.ini.
INFO - 2020-09-05 09:00:58 --> Session: Class initialized using 'files' driver.
INFO - 2020-09-05 09:00:58 --> Helper loaded: form_helper
INFO - 2020-09-05 09:00:58 --> Form Validation Class Initialized
INFO - 2020-09-05 09:00:58 --> Controller Class Initialized
INFO - 2020-09-05 09:00:58 --> Model "M_scholar" initialized
INFO - 2020-09-05 09:00:58 --> Model "M_auth" initialized
INFO - 2020-09-05 09:00:59 --> File loaded: C:\xampp\htdocs\scholarship\govt\views\include/header.php
INFO - 2020-09-05 09:00:59 --> File loaded: C:\xampp\htdocs\scholarship\govt\views\include/menu.php
INFO - 2020-09-05 09:00:59 --> File loaded: C:\xampp\htdocs\scholarship\govt\views\include/footer.php
INFO - 2020-09-05 09:00:59 --> File loaded: C:\xampp\htdocs\scholarship\govt\views\include/msg.php
INFO - 2020-09-05 09:00:59 --> File loaded: C:\xampp\htdocs\scholarship\govt\views\scholar/application.php
INFO - 2020-09-05 09:00:59 --> Final output sent to browser
DEBUG - 2020-09-05 09:00:59 --> Total execution time: 0.3236
INFO - 2020-09-05 09:01:34 --> Config Class Initialized
INFO - 2020-09-05 09:01:34 --> Hooks Class Initialized
DEBUG - 2020-09-05 09:01:34 --> UTF-8 Support Enabled
INFO - 2020-09-05 09:01:34 --> Utf8 Class Initialized
INFO - 2020-09-05 09:01:34 --> URI Class Initialized
INFO - 2020-09-05 09:01:34 --> Router Class Initialized
INFO - 2020-09-05 09:01:34 --> Output Class Initialized
INFO - 2020-09-05 09:01:34 --> Security Class Initialized
DEBUG - 2020-09-05 09:01:34 --> Global POST, GET and COOKIE data sanitized
INFO - 2020-09-05 09:01:34 --> Input Class Initialized
INFO - 2020-09-05 09:01:34 --> Language Class Initialized
INFO - 2020-09-05 09:01:34 --> Loader Class Initialized
INFO - 2020-09-05 09:01:34 --> Helper loaded: url_helper
INFO - 2020-09-05 09:01:34 --> Helper loaded: file_helper
INFO - 2020-09-05 09:01:34 --> Helper loaded: text_helper
INFO - 2020-09-05 09:01:34 --> Helper loaded: string_helper
INFO - 2020-09-05 09:01:34 --> Database Driver Class Initialized
INFO - 2020-09-05 09:01:34 --> Email Class Initialized
DEBUG - 2020-09-05 09:01:34 --> Session: "sess_save_path" is empty; using "session.save_path" value from php.ini.
INFO - 2020-09-05 09:01:34 --> Session: Class initialized using 'files' driver.
INFO - 2020-09-05 09:01:34 --> Helper loaded: form_helper
INFO - 2020-09-05 09:01:34 --> Form Validation Class Initialized
INFO - 2020-09-05 09:01:34 --> Controller Class Initialized
INFO - 2020-09-05 09:01:34 --> Model "M_scholar" initialized
INFO - 2020-09-05 09:01:34 --> Model "M_auth" initialized
INFO - 2020-09-05 09:01:34 --> File loaded: C:\xampp\htdocs\scholarship\govt\views\include/header.php
INFO - 2020-09-05 09:01:34 --> File loaded: C:\xampp\htdocs\scholarship\govt\views\include/menu.php
INFO - 2020-09-05 09:01:34 --> File loaded: C:\xampp\htdocs\scholarship\govt\views\include/footer.php
INFO - 2020-09-05 09:01:34 --> File loaded: C:\xampp\htdocs\scholarship\govt\views\include/msg.php
INFO - 2020-09-05 09:01:34 --> File loaded: C:\xampp\htdocs\scholarship\govt\views\scholar/application.php
INFO - 2020-09-05 09:01:34 --> Final output sent to browser
DEBUG - 2020-09-05 09:01:34 --> Total execution time: 0.3422
INFO - 2020-09-05 09:01:48 --> Config Class Initialized
INFO - 2020-09-05 09:01:48 --> Hooks Class Initialized
DEBUG - 2020-09-05 09:01:48 --> UTF-8 Support Enabled
INFO - 2020-09-05 09:01:48 --> Utf8 Class Initialized
INFO - 2020-09-05 09:01:48 --> URI Class Initialized
INFO - 2020-09-05 09:01:48 --> Router Class Initialized
INFO - 2020-09-05 09:01:48 --> Output Class Initialized
INFO - 2020-09-05 09:01:48 --> Security Class Initialized
DEBUG - 2020-09-05 09:01:48 --> Global POST, GET and COOKIE data sanitized
INFO - 2020-09-05 09:01:48 --> Input Class Initialized
INFO - 2020-09-05 09:01:48 --> Language Class Initialized
INFO - 2020-09-05 09:01:48 --> Loader Class Initialized
INFO - 2020-09-05 09:01:48 --> Helper loaded: url_helper
INFO - 2020-09-05 09:01:48 --> Helper loaded: file_helper
INFO - 2020-09-05 09:01:48 --> Helper loaded: text_helper
INFO - 2020-09-05 09:01:48 --> Helper loaded: string_helper
INFO - 2020-09-05 09:01:48 --> Database Driver Class Initialized
INFO - 2020-09-05 09:01:48 --> Email Class Initialized
DEBUG - 2020-09-05 09:01:48 --> Session: "sess_save_path" is empty; using "session.save_path" value from php.ini.
INFO - 2020-09-05 09:01:48 --> Session: Class initialized using 'files' driver.
INFO - 2020-09-05 09:01:48 --> Helper loaded: form_helper
INFO - 2020-09-05 09:01:48 --> Form Validation Class Initialized
INFO - 2020-09-05 09:01:48 --> Controller Class Initialized
INFO - 2020-09-05 09:01:48 --> Model "M_auth" initialized
DEBUG - 2020-09-05 09:01:48 --> Form_validation class already loaded. Second attempt ignored.
DEBUG - 2020-09-05 09:01:48 --> Sc_check class already loaded. Second attempt ignored.
INFO - 2020-09-05 09:01:48 --> Helper loaded: captcha_helper
INFO - 2020-09-05 09:01:48 --> Config Class Initialized
INFO - 2020-09-05 09:01:48 --> Hooks Class Initialized
DEBUG - 2020-09-05 09:01:48 --> UTF-8 Support Enabled
INFO - 2020-09-05 09:01:48 --> Utf8 Class Initialized
INFO - 2020-09-05 09:01:48 --> URI Class Initialized
DEBUG - 2020-09-05 09:01:48 --> No URI present. Default controller set.
INFO - 2020-09-05 09:01:48 --> Router Class Initialized
INFO - 2020-09-05 09:01:48 --> Output Class Initialized
INFO - 2020-09-05 09:01:48 --> Security Class Initialized
DEBUG - 2020-09-05 09:01:48 --> Global POST, GET and COOKIE data sanitized
INFO - 2020-09-05 09:01:48 --> Input Class Initialized
INFO - 2020-09-05 09:01:49 --> Language Class Initialized
INFO - 2020-09-05 09:01:49 --> Loader Class Initialized
INFO - 2020-09-05 09:01:49 --> Helper loaded: url_helper
INFO - 2020-09-05 09:01:49 --> Helper loaded: file_helper
INFO - 2020-09-05 09:01:49 --> Helper loaded: text_helper
INFO - 2020-09-05 09:01:49 --> Helper loaded: string_helper
INFO - 2020-09-05 09:01:49 --> Database Driver Class Initialized
INFO - 2020-09-05 09:01:49 --> Email Class Initialized
DEBUG - 2020-09-05 09:01:49 --> Session: "sess_save_path" is empty; using "session.save_path" value from php.ini.
INFO - 2020-09-05 09:01:49 --> Session: Class initialized using 'files' driver.
INFO - 2020-09-05 09:01:49 --> Helper loaded: form_helper
INFO - 2020-09-05 09:01:49 --> Form Validation Class Initialized
INFO - 2020-09-05 09:01:49 --> Controller Class Initialized
INFO - 2020-09-05 09:01:49 --> Model "M_auth" initialized
DEBUG - 2020-09-05 09:01:49 --> Form_validation class already loaded. Second attempt ignored.
DEBUG - 2020-09-05 09:01:49 --> Sc_check class already loaded. Second attempt ignored.
INFO - 2020-09-05 09:01:49 --> Helper loaded: captcha_helper
INFO - 2020-09-05 09:01:49 --> File loaded: C:\xampp\htdocs\scholarship\govt\views\include/header.php
INFO - 2020-09-05 09:01:49 --> File loaded: C:\xampp\htdocs\scholarship\govt\views\include/footer.php
INFO - 2020-09-05 09:01:49 --> File loaded: C:\xampp\htdocs\scholarship\govt\views\include/msg.php
INFO - 2020-09-05 09:01:49 --> File loaded: C:\xampp\htdocs\scholarship\govt\views\auth/login.php
INFO - 2020-09-05 09:01:49 --> Final output sent to browser
DEBUG - 2020-09-05 09:01:49 --> Total execution time: 0.3353
