INFO - 2020-08-28 09:53:43 --> Config Class Initialized
INFO - 2020-08-28 09:53:43 --> Hooks Class Initialized
DEBUG - 2020-08-28 09:53:43 --> UTF-8 Support Enabled
INFO - 2020-08-28 09:53:43 --> Utf8 Class Initialized
INFO - 2020-08-28 09:53:43 --> URI Class Initialized
INFO - 2020-08-28 09:53:43 --> Router Class Initialized
INFO - 2020-08-28 09:53:43 --> Output Class Initialized
INFO - 2020-08-28 09:53:43 --> Security Class Initialized
DEBUG - 2020-08-28 09:53:43 --> Global POST, GET and COOKIE data sanitized
INFO - 2020-08-28 09:53:43 --> Input Class Initialized
INFO - 2020-08-28 09:53:43 --> Language Class Initialized
INFO - 2020-08-28 09:53:43 --> Loader Class Initialized
INFO - 2020-08-28 09:53:43 --> Helper loaded: url_helper
INFO - 2020-08-28 09:53:43 --> Helper loaded: file_helper
INFO - 2020-08-28 09:53:43 --> Helper loaded: text_helper
INFO - 2020-08-28 09:53:43 --> Helper loaded: string_helper
INFO - 2020-08-28 09:53:43 --> Database Driver Class Initialized
INFO - 2020-08-28 09:53:44 --> Email Class Initialized
DEBUG - 2020-08-28 09:53:44 --> Session: "sess_save_path" is empty; using "session.save_path" value from php.ini.
INFO - 2020-08-28 09:53:44 --> Session: Class initialized using 'files' driver.
INFO - 2020-08-28 09:53:44 --> Helper loaded: form_helper
INFO - 2020-08-28 09:53:44 --> Form Validation Class Initialized
INFO - 2020-08-28 09:53:44 --> Controller Class Initialized
INFO - 2020-08-28 09:53:44 --> Model "M_auth" initialized
DEBUG - 2020-08-28 09:53:44 --> Form_validation class already loaded. Second attempt ignored.
DEBUG - 2020-08-28 09:53:44 --> Sc_check class already loaded. Second attempt ignored.
INFO - 2020-08-28 09:53:44 --> Helper loaded: captcha_helper
INFO - 2020-08-28 09:53:44 --> File loaded: C:\xampp\htdocs\scholarship\govt\views\include/header.php
INFO - 2020-08-28 09:53:44 --> File loaded: C:\xampp\htdocs\scholarship\govt\views\include/footer.php
INFO - 2020-08-28 09:53:44 --> File loaded: C:\xampp\htdocs\scholarship\govt\views\include/msg.php
INFO - 2020-08-28 09:53:44 --> File loaded: C:\xampp\htdocs\scholarship\govt\views\auth/login.php
INFO - 2020-08-28 09:53:44 --> Final output sent to browser
DEBUG - 2020-08-28 09:53:44 --> Total execution time: 0.9319
