INFO - 2020-04-18 09:34:03 --> Config Class Initialized
INFO - 2020-04-18 09:34:03 --> Hooks Class Initialized
DEBUG - 2020-04-18 09:34:03 --> UTF-8 Support Enabled
INFO - 2020-04-18 09:34:03 --> Utf8 Class Initialized
INFO - 2020-04-18 09:34:03 --> URI Class Initialized
INFO - 2020-04-18 09:34:03 --> Router Class Initialized
INFO - 2020-04-18 09:34:03 --> Output Class Initialized
INFO - 2020-04-18 09:34:03 --> Security Class Initialized
DEBUG - 2020-04-18 09:34:03 --> Global POST, GET and COOKIE data sanitized
INFO - 2020-04-18 09:34:03 --> Input Class Initialized
INFO - 2020-04-18 09:34:03 --> Language Class Initialized
INFO - 2020-04-18 09:34:03 --> Loader Class Initialized
INFO - 2020-04-18 09:34:03 --> Helper loaded: url_helper
INFO - 2020-04-18 09:34:03 --> Helper loaded: file_helper
INFO - 2020-04-18 09:34:03 --> Helper loaded: text_helper
INFO - 2020-04-18 09:34:03 --> Helper loaded: string_helper
INFO - 2020-04-18 09:34:03 --> Database Driver Class Initialized
INFO - 2020-04-18 09:34:03 --> Email Class Initialized
DEBUG - 2020-04-18 09:34:03 --> Session: "sess_save_path" is empty; using "session.save_path" value from php.ini.
INFO - 2020-04-18 09:34:03 --> Session: Class initialized using 'files' driver.
INFO - 2020-04-18 09:34:03 --> Helper loaded: form_helper
INFO - 2020-04-18 09:34:03 --> Form Validation Class Initialized
INFO - 2020-04-18 09:34:03 --> Controller Class Initialized
INFO - 2020-04-18 09:34:03 --> Model "M_auth" initialized
DEBUG - 2020-04-18 09:34:03 --> Form_validation class already loaded. Second attempt ignored.
DEBUG - 2020-04-18 09:34:03 --> Sc_check class already loaded. Second attempt ignored.
INFO - 2020-04-18 09:34:03 --> Helper loaded: captcha_helper
INFO - 2020-04-18 09:34:03 --> File loaded: C:\xampp\htdocs\scholarship\govt\views\include/header.php
INFO - 2020-04-18 09:34:03 --> File loaded: C:\xampp\htdocs\scholarship\govt\views\include/footer.php
INFO - 2020-04-18 09:34:03 --> File loaded: C:\xampp\htdocs\scholarship\govt\views\include/msg.php
INFO - 2020-04-18 09:34:03 --> File loaded: C:\xampp\htdocs\scholarship\govt\views\auth/login.php
INFO - 2020-04-18 09:34:03 --> Final output sent to browser
DEBUG - 2020-04-18 09:34:03 --> Total execution time: 0.5566
INFO - 2020-04-18 09:56:26 --> Config Class Initialized
INFO - 2020-04-18 09:56:26 --> Hooks Class Initialized
DEBUG - 2020-04-18 09:56:26 --> UTF-8 Support Enabled
INFO - 2020-04-18 09:56:26 --> Utf8 Class Initialized
INFO - 2020-04-18 09:56:26 --> URI Class Initialized
INFO - 2020-04-18 09:56:26 --> Router Class Initialized
INFO - 2020-04-18 09:56:26 --> Output Class Initialized
INFO - 2020-04-18 09:56:26 --> Security Class Initialized
DEBUG - 2020-04-18 09:56:26 --> Global POST, GET and COOKIE data sanitized
INFO - 2020-04-18 09:56:26 --> Input Class Initialized
INFO - 2020-04-18 09:56:26 --> Language Class Initialized
INFO - 2020-04-18 09:56:26 --> Loader Class Initialized
INFO - 2020-04-18 09:56:26 --> Helper loaded: url_helper
INFO - 2020-04-18 09:56:26 --> Helper loaded: file_helper
INFO - 2020-04-18 09:56:26 --> Helper loaded: text_helper
INFO - 2020-04-18 09:56:26 --> Helper loaded: string_helper
INFO - 2020-04-18 09:56:26 --> Database Driver Class Initialized
INFO - 2020-04-18 09:56:26 --> Email Class Initialized
DEBUG - 2020-04-18 09:56:26 --> Session: "sess_save_path" is empty; using "session.save_path" value from php.ini.
INFO - 2020-04-18 09:56:26 --> Session: Class initialized using 'files' driver.
INFO - 2020-04-18 09:56:26 --> Helper loaded: form_helper
INFO - 2020-04-18 09:56:26 --> Form Validation Class Initialized
INFO - 2020-04-18 09:56:26 --> Controller Class Initialized
INFO - 2020-04-18 09:56:26 --> Model "M_auth" initialized
DEBUG - 2020-04-18 09:56:26 --> Form_validation class already loaded. Second attempt ignored.
DEBUG - 2020-04-18 09:56:26 --> Sc_check class already loaded. Second attempt ignored.
INFO - 2020-04-18 09:56:26 --> Helper loaded: captcha_helper
INFO - 2020-04-18 09:56:26 --> File loaded: C:\xampp\htdocs\scholarship\govt\views\include/header.php
INFO - 2020-04-18 09:56:26 --> File loaded: C:\xampp\htdocs\scholarship\govt\views\include/footer.php
INFO - 2020-04-18 09:56:26 --> File loaded: C:\xampp\htdocs\scholarship\govt\views\include/msg.php
INFO - 2020-04-18 09:56:26 --> File loaded: C:\xampp\htdocs\scholarship\govt\views\auth/login.php
INFO - 2020-04-18 09:56:26 --> Final output sent to browser
DEBUG - 2020-04-18 09:56:26 --> Total execution time: 0.3413
INFO - 2020-04-18 12:15:48 --> Config Class Initialized
INFO - 2020-04-18 12:15:48 --> Hooks Class Initialized
DEBUG - 2020-04-18 12:15:48 --> UTF-8 Support Enabled
INFO - 2020-04-18 12:15:48 --> Utf8 Class Initialized
INFO - 2020-04-18 12:15:48 --> URI Class Initialized
INFO - 2020-04-18 12:15:48 --> Router Class Initialized
INFO - 2020-04-18 12:15:48 --> Output Class Initialized
INFO - 2020-04-18 12:15:48 --> Security Class Initialized
DEBUG - 2020-04-18 12:15:48 --> Global POST, GET and COOKIE data sanitized
INFO - 2020-04-18 12:15:48 --> Input Class Initialized
INFO - 2020-04-18 12:15:48 --> Language Class Initialized
INFO - 2020-04-18 12:15:48 --> Loader Class Initialized
INFO - 2020-04-18 12:15:48 --> Helper loaded: url_helper
INFO - 2020-04-18 12:15:48 --> Helper loaded: file_helper
INFO - 2020-04-18 12:15:48 --> Helper loaded: text_helper
INFO - 2020-04-18 12:15:48 --> Helper loaded: string_helper
INFO - 2020-04-18 12:15:48 --> Database Driver Class Initialized
INFO - 2020-04-18 12:15:48 --> Email Class Initialized
DEBUG - 2020-04-18 12:15:48 --> Session: "sess_save_path" is empty; using "session.save_path" value from php.ini.
INFO - 2020-04-18 12:15:48 --> Session: Class initialized using 'files' driver.
INFO - 2020-04-18 12:15:48 --> Helper loaded: form_helper
INFO - 2020-04-18 12:15:48 --> Form Validation Class Initialized
INFO - 2020-04-18 12:15:48 --> Controller Class Initialized
INFO - 2020-04-18 12:15:48 --> Model "M_auth" initialized
DEBUG - 2020-04-18 12:15:49 --> Form_validation class already loaded. Second attempt ignored.
DEBUG - 2020-04-18 12:15:49 --> Sc_check class already loaded. Second attempt ignored.
INFO - 2020-04-18 12:15:49 --> Helper loaded: captcha_helper
INFO - 2020-04-18 12:15:49 --> File loaded: C:\xampp\htdocs\scholarship\govt\views\include/header.php
INFO - 2020-04-18 12:15:49 --> File loaded: C:\xampp\htdocs\scholarship\govt\views\include/footer.php
INFO - 2020-04-18 12:15:49 --> File loaded: C:\xampp\htdocs\scholarship\govt\views\include/msg.php
INFO - 2020-04-18 12:15:49 --> File loaded: C:\xampp\htdocs\scholarship\govt\views\auth/login.php
INFO - 2020-04-18 12:15:49 --> Final output sent to browser
DEBUG - 2020-04-18 12:15:49 --> Total execution time: 0.7548
